000 (15159743.049.000) 10/09 07:56:33 Job submitted from host: <188.184.90.241:9618?addrs=188.184.90.241-9618+[2001-1458-201-e4--100-2eb]-9618&alias=bigbird15.cern.ch&noUDP&sock=schedd_2763_c443>
...
040 (15159743.049.000) 10/09 08:09:51 Started transferring input files
	Transferring to host: <128.142.130.58:9618?addrs=128.142.130.58-9618+[2001-1458-301-58--100-2e]-9618&alias=b7g20p8535.cern.ch&noUDP&sock=slot1_25_3430_7ec5_198445>
...
040 (15159743.049.000) 10/09 08:09:51 Finished transferring input files
...
001 (15159743.049.000) 10/09 08:09:52 Job executing on host: <128.142.130.58:9618?addrs=128.142.130.58-9618+[2001-1458-301-58--100-2e]-9618&alias=b7g20p8535.cern.ch&noUDP&sock=startd_2897_adf4>
...
006 (15159743.049.000) 10/09 08:10:01 Image size of job updated: 55924
	51  -  MemoryUsage of job (MB)
	51596  -  ResidentSetSize of job (KB)
...
006 (15159743.049.000) 10/09 08:15:01 Image size of job updated: 1079860
	1051  -  MemoryUsage of job (MB)
	1075388  -  ResidentSetSize of job (KB)
...
006 (15159743.049.000) 10/09 08:16:26 Image size of job updated: 2859424
	1056  -  MemoryUsage of job (MB)
	1081284  -  ResidentSetSize of job (KB)
...
040 (15159743.049.000) 10/09 08:16:26 Started transferring output files
...
040 (15159743.049.000) 10/09 08:16:26 Finished transferring output files
...
005 (15159743.049.000) 10/09 08:16:26 Job terminated.
	(1) Normal termination (return value 0)
		Usr 0 00:05:02, Sys 0 00:00:10  -  Run Remote Usage
		Usr 0 00:00:00, Sys 0 00:00:00  -  Run Local Usage
		Usr 0 00:05:02, Sys 0 00:00:10  -  Total Remote Usage
		Usr 0 00:00:00, Sys 0 00:00:00  -  Total Local Usage
	117259  -  Run Bytes Sent By Job
	269  -  Run Bytes Received By Job
	117259  -  Total Bytes Sent By Job
	269  -  Total Bytes Received By Job
	Partitionable Resources :    Usage  Request Allocated 
	   Cpus                 :                 1         1 
	   Disk (KB)            :      128        1   1734749 
	   Memory (MB)          :     1056     2000      2000 

	Job terminated of its own accord at 2023-10-09T06:16:26Z.
...
