000 (15150654.146.000) 09/28 14:27:13 Job submitted from host: <188.184.90.241:9618?addrs=188.184.90.241-9618+[2001-1458-201-e4--100-2eb]-9618&alias=bigbird15.cern.ch&noUDP&sock=schedd_2763_c443>
...
040 (15150654.146.000) 09/28 14:46:44 Started transferring input files
	Transferring to host: <188.184.163.8:9618?addrs=188.184.163.8-9618+[2001-1458-301-4d--100-2]-9618&alias=b7s12p6507.cern.ch&noUDP&sock=slot1_33_3730_df51_207256>
...
040 (15150654.146.000) 09/28 14:46:44 Finished transferring input files
...
001 (15150654.146.000) 09/28 14:46:45 Job executing on host: <188.184.163.8:9618?addrs=188.184.163.8-9618+[2001-1458-301-4d--100-2]-9618&alias=b7s12p6507.cern.ch&noUDP&sock=startd_2978_3d20>
...
006 (15150654.146.000) 09/28 14:46:54 Image size of job updated: 122476
	120  -  MemoryUsage of job (MB)
	122476  -  ResidentSetSize of job (KB)
...
006 (15150654.146.000) 09/28 14:50:41 Image size of job updated: 921232
	120  -  MemoryUsage of job (MB)
	122476  -  ResidentSetSize of job (KB)
...
040 (15150654.146.000) 09/28 14:50:41 Started transferring output files
...
040 (15150654.146.000) 09/28 14:50:41 Finished transferring output files
...
005 (15150654.146.000) 09/28 14:50:41 Job terminated.
	(1) Normal termination (return value 0)
		Usr 0 00:00:11, Sys 0 00:00:00  -  Run Remote Usage
		Usr 0 00:00:00, Sys 0 00:00:00  -  Run Local Usage
		Usr 0 00:00:11, Sys 0 00:00:00  -  Total Remote Usage
		Usr 0 00:00:00, Sys 0 00:00:00  -  Total Local Usage
	7890  -  Run Bytes Sent By Job
	374  -  Run Bytes Received By Job
	7890  -  Total Bytes Sent By Job
	374  -  Total Bytes Received By Job
	Partitionable Resources :    Usage  Request Allocated 
	   Cpus                 :                 1         1 
	   Disk (KB)            :       22        1   3077240 
	   Memory (MB)          :      120     2000      2000 

	Job terminated of its own accord at 2023-09-28T12:50:41Z.
...
