000 (15155243.029.000) 10/07 13:26:29 Job submitted from host: <188.184.90.241:9618?addrs=188.184.90.241-9618+[2001-1458-201-e4--100-2eb]-9618&alias=bigbird15.cern.ch&noUDP&sock=schedd_2763_c443>
...
040 (15155243.029.000) 10/07 13:31:55 Started transferring input files
	Transferring to host: <128.142.137.107:9618?addrs=128.142.137.107-9618+[2001-1458-301-5e--100-5f]-9618&alias=b7g19p9853.cern.ch&noUDP&sock=slot1_29_3670_98ce_92629>
...
040 (15155243.029.000) 10/07 13:31:55 Finished transferring input files
...
001 (15155243.029.000) 10/07 13:31:56 Job executing on host: <128.142.137.107:9618?addrs=128.142.137.107-9618+[2001-1458-301-5e--100-5f]-9618&alias=b7g19p9853.cern.ch&noUDP&sock=startd_2995_e63c>
...
006 (15155243.029.000) 10/07 13:32:05 Image size of job updated: 53180
	52  -  MemoryUsage of job (MB)
	52784  -  ResidentSetSize of job (KB)
...
006 (15155243.029.000) 10/07 13:37:06 Image size of job updated: 881928
	338  -  MemoryUsage of job (MB)
	345364  -  ResidentSetSize of job (KB)
...
006 (15155243.029.000) 10/07 13:42:06 Image size of job updated: 1178252
	628  -  MemoryUsage of job (MB)
	642052  -  ResidentSetSize of job (KB)
...
006 (15155243.029.000) 10/07 13:47:07 Image size of job updated: 1550556
	966  -  MemoryUsage of job (MB)
	988272  -  ResidentSetSize of job (KB)
...
006 (15155243.029.000) 10/07 13:52:08 Image size of job updated: 1575620
	966  -  MemoryUsage of job (MB)
	988272  -  ResidentSetSize of job (KB)
...
006 (15155243.029.000) 10/07 13:57:08 Image size of job updated: 4118372
	966  -  MemoryUsage of job (MB)
	988272  -  ResidentSetSize of job (KB)
...
006 (15155243.029.000) 10/07 14:02:08 Image size of job updated: 4401584
	966  -  MemoryUsage of job (MB)
	988272  -  ResidentSetSize of job (KB)
...
006 (15155243.029.000) 10/07 14:07:09 Image size of job updated: 4467144
	966  -  MemoryUsage of job (MB)
	988272  -  ResidentSetSize of job (KB)
...
006 (15155243.029.000) 10/07 14:10:41 Image size of job updated: 4492316
	966  -  MemoryUsage of job (MB)
	988272  -  ResidentSetSize of job (KB)
...
040 (15155243.029.000) 10/07 14:10:41 Started transferring output files
...
040 (15155243.029.000) 10/07 14:10:41 Finished transferring output files
...
005 (15155243.029.000) 10/07 14:10:41 Job terminated.
	(1) Normal termination (return value 0)
		Usr 0 00:22:59, Sys 0 00:00:53  -  Run Remote Usage
		Usr 0 00:00:00, Sys 0 00:00:00  -  Run Local Usage
		Usr 0 00:22:59, Sys 0 00:00:53  -  Total Remote Usage
		Usr 0 00:00:00, Sys 0 00:00:00  -  Total Local Usage
	111912  -  Run Bytes Sent By Job
	323  -  Run Bytes Received By Job
	111912  -  Total Bytes Sent By Job
	323  -  Total Bytes Received By Job
	Partitionable Resources :    Usage  Request Allocated 
	   Cpus                 :     0.16        1         1 
	   Disk (KB)            :   131           1   1587721 
	   Memory (MB)          :   966        2000      2000 

	Job terminated of its own accord at 2023-10-07T12:10:41Z.
...
