000 (14810514.001.000) 05/31 15:37:52 Job submitted from host: <188.184.90.241:9618?addrs=188.184.90.241-9618+[2001-1458-201-e4--100-2eb]-9618&alias=bigbird15.cern.ch&noUDP&sock=schedd_3273_9590>
...
040 (14810514.001.000) 05/31 16:02:58 Started transferring input files
	Transferring to host: <128.142.131.41:9618?addrs=128.142.131.41-9618+[2001-1458-301-59--100-1d]-9618&alias=b7g11p8625.cern.ch&noUDP&sock=slot1_25_4656_52b6_46282>
...
040 (14810514.001.000) 05/31 16:02:58 Finished transferring input files
...
001 (14810514.001.000) 05/31 16:02:59 Job executing on host: <128.142.131.41:9618?addrs=128.142.131.41-9618+[2001-1458-301-59--100-1d]-9618&alias=b7g11p8625.cern.ch&noUDP&sock=startd_3258_4ba5>
...
006 (14810514.001.000) 05/31 16:03:08 Image size of job updated: 554132
	47  -  MemoryUsage of job (MB)
	47684  -  ResidentSetSize of job (KB)
...
006 (14810514.001.000) 05/31 16:08:09 Image size of job updated: 1570300
	983  -  MemoryUsage of job (MB)
	1005788  -  ResidentSetSize of job (KB)
...
006 (14810514.001.000) 05/31 16:18:09 Image size of job updated: 4313736
	983  -  MemoryUsage of job (MB)
	1005788  -  ResidentSetSize of job (KB)
...
006 (14810514.001.000) 05/31 16:23:10 Image size of job updated: 4381932
	983  -  MemoryUsage of job (MB)
	1005788  -  ResidentSetSize of job (KB)
...
006 (14810514.001.000) 05/31 16:26:10 Image size of job updated: 4407356
	983  -  MemoryUsage of job (MB)
	1005788  -  ResidentSetSize of job (KB)
...
040 (14810514.001.000) 05/31 16:26:10 Started transferring output files
...
040 (14810514.001.000) 05/31 16:26:10 Finished transferring output files
...
005 (14810514.001.000) 05/31 16:26:10 Job terminated.
	(1) Normal termination (return value 0)
		Usr 0 00:08:43, Sys 0 00:00:37  -  Run Remote Usage
		Usr 0 00:00:00, Sys 0 00:00:00  -  Run Local Usage
		Usr 0 00:08:43, Sys 0 00:00:37  -  Total Remote Usage
		Usr 0 00:00:00, Sys 0 00:00:00  -  Total Local Usage
	106205  -  Run Bytes Sent By Job
	323  -  Run Bytes Received By Job
	106205  -  Total Bytes Sent By Job
	323  -  Total Bytes Received By Job
	Partitionable Resources :    Usage  Request Allocated 
	   Cpus                 :     0.14        1         1 
	   Disk (KB)            :   125           1   1654353 
	   Memory (MB)          :   983        2000      2000 

	Job terminated of its own accord at 2023-05-31T14:26:10Z.
...
