000 (15150654.073.000) 09/28 14:27:13 Job submitted from host: <188.184.90.241:9618?addrs=188.184.90.241-9618+[2001-1458-201-e4--100-2eb]-9618&alias=bigbird15.cern.ch&noUDP&sock=schedd_2763_c443>
...
040 (15150654.073.000) 09/28 14:46:18 Started transferring input files
	Transferring to host: <128.142.60.115:9618?addrs=128.142.60.115-9618+[2001-1458-301-22--100-72]-9618&alias=b7s05p0547.cern.ch&noUDP&sock=slot1_5_5182_f00c_191345>
...
040 (15150654.073.000) 09/28 14:46:18 Finished transferring input files
...
001 (15150654.073.000) 09/28 14:46:19 Job executing on host: <128.142.60.115:9618?addrs=128.142.60.115-9618+[2001-1458-301-22--100-72]-9618&alias=b7s05p0547.cern.ch&noUDP&sock=startd_4486_99f1>
...
006 (15150654.073.000) 09/28 14:46:27 Image size of job updated: 909888
	121  -  MemoryUsage of job (MB)
	123200  -  ResidentSetSize of job (KB)
...
006 (15150654.073.000) 09/28 14:48:02 Image size of job updated: 921852
	121  -  MemoryUsage of job (MB)
	123200  -  ResidentSetSize of job (KB)
...
040 (15150654.073.000) 09/28 14:48:02 Started transferring output files
...
040 (15150654.073.000) 09/28 14:48:02 Finished transferring output files
...
005 (15150654.073.000) 09/28 14:48:02 Job terminated.
	(1) Normal termination (return value 0)
		Usr 0 00:00:10, Sys 0 00:00:00  -  Run Remote Usage
		Usr 0 00:00:00, Sys 0 00:00:00  -  Run Local Usage
		Usr 0 00:00:10, Sys 0 00:00:00  -  Total Remote Usage
		Usr 0 00:00:00, Sys 0 00:00:00  -  Total Local Usage
	7005  -  Run Bytes Sent By Job
	374  -  Run Bytes Received By Job
	7005  -  Total Bytes Sent By Job
	374  -  Total Bytes Received By Job
	Partitionable Resources :    Usage  Request Allocated 
	   Cpus                 :                 1         1 
	   Disk (KB)            :       21        1   1189953 
	   Memory (MB)          :      121     2000      2000 

	Job terminated of its own accord at 2023-09-28T12:48:02Z.
...
