000 (14807272.002.000) 05/14 22:53:25 Job submitted from host: <188.184.90.241:9618?addrs=188.184.90.241-9618+[2001-1458-201-e4--100-2eb]-9618&alias=bigbird15.cern.ch&noUDP&sock=schedd_3273_9590>
...
040 (14807272.002.000) 05/14 23:06:12 Started transferring input files
	Transferring to host: <128.142.194.234:9618?addrs=128.142.194.234-9618+[2001-1458-301-13--100-6a]-9618&alias=b7g30p8342.cern.ch&noUDP&sock=slot1_3_4300_7d28_40119>
...
040 (14807272.002.000) 05/14 23:06:12 Finished transferring input files
...
001 (14807272.002.000) 05/14 23:06:13 Job executing on host: <128.142.194.234:9618?addrs=128.142.194.234-9618+[2001-1458-301-13--100-6a]-9618&alias=b7g30p8342.cern.ch&noUDP&sock=startd_3040_c3ff>
...
006 (14807272.002.000) 05/14 23:06:22 Image size of job updated: 554124
	47  -  MemoryUsage of job (MB)
	47676  -  ResidentSetSize of job (KB)
...
006 (14807272.002.000) 05/14 23:11:23 Image size of job updated: 1703824
	1139  -  MemoryUsage of job (MB)
	1165596  -  ResidentSetSize of job (KB)
...
006 (14807272.002.000) 05/14 23:21:24 Image size of job updated: 4392036
	1139  -  MemoryUsage of job (MB)
	1165596  -  ResidentSetSize of job (KB)
...
006 (14807272.002.000) 05/14 23:26:24 Image size of job updated: 4463260
	1139  -  MemoryUsage of job (MB)
	1165596  -  ResidentSetSize of job (KB)
...
006 (14807272.002.000) 05/14 23:27:18 Image size of job updated: 4480292
	1139  -  MemoryUsage of job (MB)
	1165596  -  ResidentSetSize of job (KB)
...
040 (14807272.002.000) 05/14 23:27:18 Started transferring output files
...
040 (14807272.002.000) 05/14 23:27:18 Finished transferring output files
...
005 (14807272.002.000) 05/14 23:27:18 Job terminated.
	(1) Normal termination (return value 0)
		Usr 0 00:05:57, Sys 0 00:00:28  -  Run Remote Usage
		Usr 0 00:00:00, Sys 0 00:00:00  -  Run Local Usage
		Usr 0 00:05:57, Sys 0 00:00:28  -  Total Remote Usage
		Usr 0 00:00:00, Sys 0 00:00:00  -  Total Local Usage
	98619  -  Run Bytes Sent By Job
	323  -  Run Bytes Received By Job
	98619  -  Total Bytes Sent By Job
	323  -  Total Bytes Received By Job
	Partitionable Resources :    Usage  Request Allocated 
	   Cpus                 :        0        1         1 
	   Disk (KB)            :      118        1   1287224 
	   Memory (MB)          :     1139     2000      2000 

	Job terminated of its own accord at 2023-05-14T21:27:18Z.
...
