000 (15155263.028.000) 10/07 15:36:06 Job submitted from host: <188.184.90.241:9618?addrs=188.184.90.241-9618+[2001-1458-201-e4--100-2eb]-9618&alias=bigbird15.cern.ch&noUDP&sock=schedd_2763_c443>
...
040 (15155263.028.000) 10/07 15:38:44 Started transferring input files
	Transferring to host: <128.142.61.151:9618?addrs=128.142.61.151-9618+[2001-1458-301-23--100-96]-9618&alias=b7s06p7731.cern.ch&noUDP&sock=slot1_13_38505_0177_73556>
...
040 (15155263.028.000) 10/07 15:38:44 Finished transferring input files
...
001 (15155263.028.000) 10/07 15:38:45 Job executing on host: <128.142.61.151:9618?addrs=128.142.61.151-9618+[2001-1458-301-23--100-96]-9618&alias=b7s06p7731.cern.ch&noUDP&sock=startd_38466_0e15>
...
006 (15155263.028.000) 10/07 15:38:54 Image size of job updated: 693520
	52  -  MemoryUsage of job (MB)
	52852  -  ResidentSetSize of job (KB)
...
006 (15155263.028.000) 10/07 15:43:55 Image size of job updated: 1199152
	648  -  MemoryUsage of job (MB)
	663196  -  ResidentSetSize of job (KB)
...
006 (15155263.028.000) 10/07 15:53:55 Image size of job updated: 3686408
	648  -  MemoryUsage of job (MB)
	663196  -  ResidentSetSize of job (KB)
...
006 (15155263.028.000) 10/07 15:58:56 Image size of job updated: 3936008
	648  -  MemoryUsage of job (MB)
	663196  -  ResidentSetSize of job (KB)
...
006 (15155263.028.000) 10/07 16:03:56 Image size of job updated: 3992856
	648  -  MemoryUsage of job (MB)
	663196  -  ResidentSetSize of job (KB)
...
006 (15155263.028.000) 10/07 16:06:40 Image size of job updated: 4013232
	648  -  MemoryUsage of job (MB)
	663196  -  ResidentSetSize of job (KB)
...
040 (15155263.028.000) 10/07 16:06:40 Started transferring output files
...
040 (15155263.028.000) 10/07 16:06:40 Finished transferring output files
...
005 (15155263.028.000) 10/07 16:06:40 Job terminated.
	(1) Normal termination (return value 0)
		Usr 0 00:08:10, Sys 0 00:00:13  -  Run Remote Usage
		Usr 0 00:00:00, Sys 0 00:00:00  -  Run Local Usage
		Usr 0 00:08:10, Sys 0 00:00:13  -  Total Remote Usage
		Usr 0 00:00:00, Sys 0 00:00:00  -  Total Local Usage
	81405  -  Run Bytes Sent By Job
	323  -  Run Bytes Received By Job
	81405  -  Total Bytes Sent By Job
	323  -  Total Bytes Received By Job
	Partitionable Resources :    Usage  Request Allocated 
	   Cpus                 :     0.34        1         1 
	   Disk (KB)            :   101           1   1242766 
	   Memory (MB)          :   648        2000      2000 

	Job terminated of its own accord at 2023-10-07T14:06:40Z.
...
