000 (15271413.136.000) 12/18 14:02:23 Job submitted from host: <188.184.90.241:9618?addrs=188.184.90.241-9618+[2001-1458-201-e4--100-2eb]-9618&alias=bigbird15.cern.ch&noUDP&sock=schedd_2763_c443>
...
040 (15271413.136.000) 12/18 14:06:35 Started transferring input files
	Transferring to host: <128.142.61.18:9618?addrs=128.142.61.18-9618+[2001-1458-301-23--100-11]-9618&alias=b9s06p1109.cern.ch&noUDP&sock=slot1_12_126126_ed42_6197>
...
040 (15271413.136.000) 12/18 14:06:35 Finished transferring input files
...
001 (15271413.136.000) 12/18 14:06:36 Job executing on host: <128.142.61.18:9618?addrs=128.142.61.18-9618+[2001-1458-301-23--100-11]-9618&alias=b9s06p1109.cern.ch&noUDP&sock=startd_112891_6a23>
...
006 (15271413.136.000) 12/18 14:06:45 Image size of job updated: 295188
	288  -  MemoryUsage of job (MB)
	294896  -  ResidentSetSize of job (KB)
...
006 (15271413.136.000) 12/18 14:11:45 Image size of job updated: 658272
	643  -  MemoryUsage of job (MB)
	658188  -  ResidentSetSize of job (KB)
...
006 (15271413.136.000) 12/18 14:16:45 Image size of job updated: 3028792
	2952  -  MemoryUsage of job (MB)
	3022676  -  ResidentSetSize of job (KB)
...
006 (15271413.136.000) 12/18 14:17:53 Image size of job updated: 3036588
	2952  -  MemoryUsage of job (MB)
	3022676  -  ResidentSetSize of job (KB)
...
040 (15271413.136.000) 12/18 14:17:53 Started transferring output files
...
040 (15271413.136.000) 12/18 14:17:53 Finished transferring output files
...
005 (15271413.136.000) 12/18 14:17:53 Job terminated.
	(1) Normal termination (return value 0)
		Usr 0 00:09:23, Sys 0 00:00:08  -  Run Remote Usage
		Usr 0 00:00:00, Sys 0 00:00:00  -  Run Local Usage
		Usr 0 00:09:23, Sys 0 00:00:08  -  Total Remote Usage
		Usr 0 00:00:00, Sys 0 00:00:00  -  Total Local Usage
	170469  -  Run Bytes Sent By Job
	269  -  Run Bytes Received By Job
	170469  -  Total Bytes Sent By Job
	269  -  Total Bytes Received By Job
	Partitionable Resources :    Usage  Request Allocated 
	   Cpus                 :     0.98        1         1 
	   Disk (KB)            :   210           1   2998071 
	   Memory (MB)          :  2952        2000      2000 

	Job terminated of its own accord at 2023-12-18T13:17:53Z.
...
