000 (15150654.128.000) 09/28 14:27:13 Job submitted from host: <188.184.90.241:9618?addrs=188.184.90.241-9618+[2001-1458-201-e4--100-2eb]-9618&alias=bigbird15.cern.ch&noUDP&sock=schedd_2763_c443>
...
040 (15150654.128.000) 09/28 14:46:38 Started transferring input files
	Transferring to host: <128.142.58.35:9618?addrs=128.142.58.35-9618+[2001-1458-301-16--100-22]-9618&alias=b7s03p8339.cern.ch&noUDP&sock=slot1_21_3257_99de_201155>
...
040 (15150654.128.000) 09/28 14:46:38 Finished transferring input files
...
001 (15150654.128.000) 09/28 14:46:39 Job executing on host: <128.142.58.35:9618?addrs=128.142.58.35-9618+[2001-1458-301-16--100-22]-9618&alias=b7s03p8339.cern.ch&noUDP&sock=startd_2850_7101>
...
006 (15150654.128.000) 09/28 14:46:47 Image size of job updated: 123444
	121  -  MemoryUsage of job (MB)
	123444  -  ResidentSetSize of job (KB)
...
006 (15150654.128.000) 09/28 14:48:18 Image size of job updated: 922168
	121  -  MemoryUsage of job (MB)
	123444  -  ResidentSetSize of job (KB)
...
040 (15150654.128.000) 09/28 14:48:18 Started transferring output files
...
040 (15150654.128.000) 09/28 14:48:18 Finished transferring output files
...
005 (15150654.128.000) 09/28 14:48:18 Job terminated.
	(1) Normal termination (return value 0)
		Usr 0 00:00:09, Sys 0 00:00:00  -  Run Remote Usage
		Usr 0 00:00:00, Sys 0 00:00:00  -  Run Local Usage
		Usr 0 00:00:09, Sys 0 00:00:00  -  Total Remote Usage
		Usr 0 00:00:00, Sys 0 00:00:00  -  Total Local Usage
	6967  -  Run Bytes Sent By Job
	374  -  Run Bytes Received By Job
	6967  -  Total Bytes Sent By Job
	374  -  Total Bytes Received By Job
	Partitionable Resources :    Usage  Request Allocated 
	   Cpus                 :                 1         1 
	   Disk (KB)            :       21        1   1151611 
	   Memory (MB)          :      121     2000      2000 

	Job terminated of its own accord at 2023-09-28T12:48:18Z.
...
