000 (15159766.065.000) 10/09 11:47:56 Job submitted from host: <188.184.90.241:9618?addrs=188.184.90.241-9618+[2001-1458-201-e4--100-2eb]-9618&alias=bigbird15.cern.ch&noUDP&sock=schedd_2763_c443>
...
040 (15159766.065.000) 10/09 14:24:38 Started transferring input files
	Transferring to host: <128.142.132.152:9618?addrs=128.142.132.152-9618+[2001-1458-301-5a--100-8c]-9618&alias=b7g12p9557.cern.ch&noUDP&sock=slot1_35_3500_d107_192327>
...
040 (15159766.065.000) 10/09 14:24:38 Finished transferring input files
...
001 (15159766.065.000) 10/09 14:24:39 Job executing on host: <128.142.132.152:9618?addrs=128.142.132.152-9618+[2001-1458-301-5a--100-8c]-9618&alias=b7g12p9557.cern.ch&noUDP&sock=startd_2883_13a1>
...
006 (15159766.065.000) 10/09 14:24:47 Image size of job updated: 121976
	120  -  MemoryUsage of job (MB)
	121976  -  ResidentSetSize of job (KB)
...
006 (15159766.065.000) 10/09 14:27:09 Image size of job updated: 921968
	120  -  MemoryUsage of job (MB)
	121976  -  ResidentSetSize of job (KB)
...
040 (15159766.065.000) 10/09 14:27:09 Started transferring output files
...
040 (15159766.065.000) 10/09 14:27:09 Finished transferring output files
...
005 (15159766.065.000) 10/09 14:27:09 Job terminated.
	(1) Normal termination (return value 0)
		Usr 0 00:00:16, Sys 0 00:00:01  -  Run Remote Usage
		Usr 0 00:00:00, Sys 0 00:00:00  -  Run Local Usage
		Usr 0 00:00:16, Sys 0 00:00:01  -  Total Remote Usage
		Usr 0 00:00:00, Sys 0 00:00:00  -  Total Local Usage
	11533  -  Run Bytes Sent By Job
	374  -  Run Bytes Received By Job
	11533  -  Total Bytes Sent By Job
	374  -  Total Bytes Received By Job
	Partitionable Resources :    Usage  Request Allocated 
	   Cpus                 :                 1         1 
	   Disk (KB)            :       25        1   1724570 
	   Memory (MB)          :      120     2000      2000 

	Job terminated of its own accord at 2023-10-09T12:27:09Z.
...
