000 (15149098.045.000) 09/27 08:23:39 Job submitted from host: <188.184.90.241:9618?addrs=188.184.90.241-9618+[2001-1458-201-e4--100-2eb]-9618&alias=bigbird15.cern.ch&noUDP&sock=schedd_2763_c443>
...
040 (15149098.045.000) 09/27 08:40:26 Started transferring input files
	Transferring to host: <128.142.61.135:9618?addrs=128.142.61.135-9618+[2001-1458-301-23--100-86]-9618&alias=b7s06p7796.cern.ch&noUDP&sock=slot1_15_24018_9a8a_172552>
...
040 (15149098.045.000) 09/27 08:40:26 Finished transferring input files
...
001 (15149098.045.000) 09/27 08:40:27 Job executing on host: <128.142.61.135:9618?addrs=128.142.61.135-9618+[2001-1458-301-23--100-86]-9618&alias=b7s06p7796.cern.ch&noUDP&sock=startd_3986_a497>
...
006 (15149098.045.000) 09/27 08:40:36 Image size of job updated: 624408
	55  -  MemoryUsage of job (MB)
	55528  -  ResidentSetSize of job (KB)
...
006 (15149098.045.000) 09/27 08:45:37 Image size of job updated: 1123220
	598  -  MemoryUsage of job (MB)
	612196  -  ResidentSetSize of job (KB)
...
006 (15149098.045.000) 09/27 08:50:38 Image size of job updated: 1148220
	598  -  MemoryUsage of job (MB)
	612196  -  ResidentSetSize of job (KB)
...
006 (15149098.045.000) 09/27 08:55:38 Image size of job updated: 3344520
	598  -  MemoryUsage of job (MB)
	612196  -  ResidentSetSize of job (KB)
...
006 (15149098.045.000) 09/27 08:58:44 Image size of job updated: 3404960
	598  -  MemoryUsage of job (MB)
	612196  -  ResidentSetSize of job (KB)
...
040 (15149098.045.000) 09/27 08:58:44 Started transferring output files
...
040 (15149098.045.000) 09/27 08:58:44 Finished transferring output files
...
005 (15149098.045.000) 09/27 08:58:44 Job terminated.
	(1) Normal termination (return value 0)
		Usr 0 00:07:13, Sys 0 00:00:15  -  Run Remote Usage
		Usr 0 00:00:00, Sys 0 00:00:00  -  Run Local Usage
		Usr 0 00:07:13, Sys 0 00:00:15  -  Total Remote Usage
		Usr 0 00:00:00, Sys 0 00:00:00  -  Total Local Usage
	76530  -  Run Bytes Sent By Job
	323  -  Run Bytes Received By Job
	76530  -  Total Bytes Sent By Job
	323  -  Total Bytes Received By Job
	Partitionable Resources :    Usage  Request Allocated 
	   Cpus                 :        0        1         1 
	   Disk (KB)            :       96        1   1155589 
	   Memory (MB)          :      598     2000      2000 

	Job terminated of its own accord at 2023-09-27T06:58:44Z.
...
