000 (15151321.147.000) 10/02 14:58:31 Job submitted from host: <188.184.90.241:9618?addrs=188.184.90.241-9618+[2001-1458-201-e4--100-2eb]-9618&alias=bigbird15.cern.ch&noUDP&sock=schedd_2763_c443>
...
040 (15151321.147.000) 10/02 15:18:17 Started transferring input files
	Transferring to host: <188.184.163.222:9618?addrs=188.184.163.222-9618+[2001-1458-301-4d--100-d8]-9618&alias=b7s12p2049.cern.ch&noUDP&sock=slot1_4_4736_b0ba_14373>
...
040 (15151321.147.000) 10/02 15:18:17 Finished transferring input files
...
001 (15151321.147.000) 10/02 15:18:18 Job executing on host: <188.184.163.222:9618?addrs=188.184.163.222-9618+[2001-1458-301-4d--100-d8]-9618&alias=b7s12p2049.cern.ch&noUDP&sock=startd_3211_0eb1>
...
006 (15151321.147.000) 10/02 15:18:27 Image size of job updated: 911192
	121  -  MemoryUsage of job (MB)
	123264  -  ResidentSetSize of job (KB)
...
006 (15151321.147.000) 10/02 15:21:09 Image size of job updated: 921512
	121  -  MemoryUsage of job (MB)
	123264  -  ResidentSetSize of job (KB)
...
040 (15151321.147.000) 10/02 15:21:10 Started transferring output files
...
040 (15151321.147.000) 10/02 15:21:10 Finished transferring output files
...
005 (15151321.147.000) 10/02 15:21:10 Job terminated.
	(1) Normal termination (return value 0)
		Usr 0 00:00:11, Sys 0 00:00:00  -  Run Remote Usage
		Usr 0 00:00:00, Sys 0 00:00:00  -  Run Local Usage
		Usr 0 00:00:11, Sys 0 00:00:00  -  Total Remote Usage
		Usr 0 00:00:00, Sys 0 00:00:00  -  Total Local Usage
	7885  -  Run Bytes Sent By Job
	374  -  Run Bytes Received By Job
	7885  -  Total Bytes Sent By Job
	374  -  Total Bytes Received By Job
	Partitionable Resources :    Usage  Request Allocated 
	   Cpus                 :        0        1         1 
	   Disk (KB)            :       30        1   3069412 
	   Memory (MB)          :      121     2000      2000 

	Job terminated of its own accord at 2023-10-02T13:21:09Z.
...
