000 (15153696.032.000) 10/03 22:27:19 Job submitted from host: <188.184.90.241:9618?addrs=188.184.90.241-9618+[2001-1458-201-e4--100-2eb]-9618&alias=bigbird15.cern.ch&noUDP&sock=schedd_2763_c443>
...
040 (15153696.032.000) 10/03 22:30:33 Started transferring input files
	Transferring to host: <128.142.61.142:9618?addrs=128.142.61.142-9618+[2001-1458-301-23--100-8d]-9618&alias=b7s06p2037.cern.ch&noUDP&sock=slot1_10_29192_279c_133435>
...
040 (15153696.032.000) 10/03 22:30:33 Finished transferring input files
...
001 (15153696.032.000) 10/03 22:30:34 Job executing on host: <128.142.61.142:9618?addrs=128.142.61.142-9618+[2001-1458-301-23--100-8d]-9618&alias=b7s06p2037.cern.ch&noUDP&sock=startd_29154_cc2c>
...
006 (15153696.032.000) 10/03 22:30:42 Image size of job updated: 912476
	122  -  MemoryUsage of job (MB)
	124580  -  ResidentSetSize of job (KB)
...
006 (15153696.032.000) 10/03 22:34:27 Image size of job updated: 921792
	122  -  MemoryUsage of job (MB)
	124580  -  ResidentSetSize of job (KB)
...
040 (15153696.032.000) 10/03 22:34:27 Started transferring output files
...
040 (15153696.032.000) 10/03 22:34:27 Finished transferring output files
...
005 (15153696.032.000) 10/03 22:34:27 Job terminated.
	(1) Normal termination (return value 0)
		Usr 0 00:00:08, Sys 0 00:00:01  -  Run Remote Usage
		Usr 0 00:00:00, Sys 0 00:00:00  -  Run Local Usage
		Usr 0 00:00:08, Sys 0 00:00:01  -  Total Remote Usage
		Usr 0 00:00:00, Sys 0 00:00:00  -  Total Local Usage
	8358  -  Run Bytes Sent By Job
	374  -  Run Bytes Received By Job
	8358  -  Total Bytes Sent By Job
	374  -  Total Bytes Received By Job
	Partitionable Resources :    Usage  Request Allocated 
	   Cpus                 :        0        1         1 
	   Disk (KB)            :       29        1   1289534 
	   Memory (MB)          :      122     2000      2000 

	Job terminated of its own accord at 2023-10-03T20:34:27Z.
...
