000 (14807404.004.000) 05/15 22:32:17 Job submitted from host: <188.184.90.241:9618?addrs=188.184.90.241-9618+[2001-1458-201-e4--100-2eb]-9618&alias=bigbird15.cern.ch&noUDP&sock=schedd_3273_9590>
...
040 (14807404.004.000) 05/15 22:47:26 Started transferring input files
	Transferring to host: <188.184.162.55:9618?addrs=188.184.162.55-9618+[2001-1458-301-4a--100-31]-9618&alias=b7s11p4237.cern.ch&noUDP&sock=slot1_12_252309_43ed_52000>
...
040 (14807404.004.000) 05/15 22:47:26 Finished transferring input files
...
001 (14807404.004.000) 05/15 22:47:27 Job executing on host: <188.184.162.55:9618?addrs=188.184.162.55-9618+[2001-1458-301-4a--100-31]-9618&alias=b7s11p4237.cern.ch&noUDP&sock=startd_252269_2130>
...
006 (14807404.004.000) 05/15 22:47:36 Image size of job updated: 554132
	47  -  MemoryUsage of job (MB)
	47696  -  ResidentSetSize of job (KB)
...
006 (14807404.004.000) 05/15 22:52:36 Image size of job updated: 1865920
	1278  -  MemoryUsage of job (MB)
	1308468  -  ResidentSetSize of job (KB)
...
006 (14807404.004.000) 05/15 23:02:37 Image size of job updated: 4044156
	1278  -  MemoryUsage of job (MB)
	1308468  -  ResidentSetSize of job (KB)
...
006 (14807404.004.000) 05/15 23:07:38 Image size of job updated: 4335948
	1278  -  MemoryUsage of job (MB)
	1308468  -  ResidentSetSize of job (KB)
...
006 (14807404.004.000) 05/15 23:12:38 Image size of job updated: 4415428
	1278  -  MemoryUsage of job (MB)
	1308468  -  ResidentSetSize of job (KB)
...
006 (14807404.004.000) 05/15 23:14:52 Image size of job updated: 4421524
	1278  -  MemoryUsage of job (MB)
	1308468  -  ResidentSetSize of job (KB)
...
040 (14807404.004.000) 05/15 23:14:52 Started transferring output files
...
040 (14807404.004.000) 05/15 23:14:52 Finished transferring output files
...
005 (14807404.004.000) 05/15 23:14:52 Job terminated.
	(1) Normal termination (return value 0)
		Usr 0 00:09:14, Sys 0 00:00:41  -  Run Remote Usage
		Usr 0 00:00:00, Sys 0 00:00:00  -  Run Local Usage
		Usr 0 00:09:14, Sys 0 00:00:41  -  Total Remote Usage
		Usr 0 00:00:00, Sys 0 00:00:00  -  Total Local Usage
	119562  -  Run Bytes Sent By Job
	323  -  Run Bytes Received By Job
	119562  -  Total Bytes Sent By Job
	323  -  Total Bytes Received By Job
	Partitionable Resources :    Usage  Request Allocated 
	   Cpus                 :     0.12        1         1 
	   Disk (KB)            :   138           1   3105563 
	   Memory (MB)          :  1278        2000      2000 

	Job terminated of its own accord at 2023-05-15T21:14:52Z.
...
