000 (15148591.041.000) 09/26 23:15:32 Job submitted from host: <188.184.90.241:9618?addrs=188.184.90.241-9618+[2001-1458-201-e4--100-2eb]-9618&alias=bigbird15.cern.ch&noUDP&sock=schedd_2763_c443>
...
040 (15148591.041.000) 09/26 23:30:33 Started transferring input files
	Transferring to host: <188.184.162.201:9618?addrs=188.184.162.201-9618+[2001-1458-301-4a--100-c3]-9618&alias=b7s11p5705.cern.ch&noUDP&sock=slot1_42_123163_39a9_202807>
...
040 (15148591.041.000) 09/26 23:30:33 Finished transferring input files
...
001 (15148591.041.000) 09/26 23:30:34 Job executing on host: <188.184.162.201:9618?addrs=188.184.162.201-9618+[2001-1458-301-4a--100-c3]-9618&alias=b7s11p5705.cern.ch&noUDP&sock=startd_28730_f804>
...
006 (15148591.041.000) 09/26 23:30:43 Image size of job updated: 624112
	54  -  MemoryUsage of job (MB)
	55064  -  ResidentSetSize of job (KB)
...
006 (15148591.041.000) 09/26 23:35:44 Image size of job updated: 960324
	457  -  MemoryUsage of job (MB)
	467376  -  ResidentSetSize of job (KB)
...
006 (15148591.041.000) 09/26 23:40:44 Image size of job updated: 1296856
	757  -  MemoryUsage of job (MB)
	774684  -  ResidentSetSize of job (KB)
...
006 (15148591.041.000) 09/26 23:45:44 Image size of job updated: 1339172
	759  -  MemoryUsage of job (MB)
	777000  -  ResidentSetSize of job (KB)
...
006 (15148591.041.000) 09/26 23:55:46 Image size of job updated: 4105400
	759  -  MemoryUsage of job (MB)
	777000  -  ResidentSetSize of job (KB)
...
006 (15148591.041.000) 09/27 00:00:46 Image size of job updated: 4381312
	759  -  MemoryUsage of job (MB)
	777000  -  ResidentSetSize of job (KB)
...
006 (15148591.041.000) 09/27 00:05:47 Image size of job updated: 4419128
	759  -  MemoryUsage of job (MB)
	777000  -  ResidentSetSize of job (KB)
...
006 (15148591.041.000) 09/27 00:10:48 Image size of job updated: 4472496
	759  -  MemoryUsage of job (MB)
	777000  -  ResidentSetSize of job (KB)
...
006 (15148591.041.000) 09/27 00:11:47 Image size of job updated: 4476872
	759  -  MemoryUsage of job (MB)
	777000  -  ResidentSetSize of job (KB)
...
040 (15148591.041.000) 09/27 00:11:47 Started transferring output files
...
040 (15148591.041.000) 09/27 00:11:47 Finished transferring output files
...
005 (15148591.041.000) 09/27 00:11:47 Job terminated.
	(1) Normal termination (return value 0)
		Usr 0 00:19:24, Sys 0 00:00:33  -  Run Remote Usage
		Usr 0 00:00:00, Sys 0 00:00:00  -  Run Local Usage
		Usr 0 00:19:24, Sys 0 00:00:33  -  Total Remote Usage
		Usr 0 00:00:00, Sys 0 00:00:00  -  Total Local Usage
	96264  -  Run Bytes Sent By Job
	323  -  Run Bytes Received By Job
	96264  -  Total Bytes Sent By Job
	323  -  Total Bytes Received By Job
	Partitionable Resources :    Usage  Request Allocated 
	   Cpus                 :     0.18        1         1 
	   Disk (KB)            :   116           1   2941634 
	   Memory (MB)          :   759        2000      2000 

	Job terminated of its own accord at 2023-09-26T22:11:47Z.
...
