000 (15271413.043.000) 12/18 14:02:22 Job submitted from host: <188.184.90.241:9618?addrs=188.184.90.241-9618+[2001-1458-201-e4--100-2eb]-9618&alias=bigbird15.cern.ch&noUDP&sock=schedd_2763_c443>
...
040 (15271413.043.000) 12/18 14:06:03 Started transferring input files
	Transferring to host: <128.142.61.112:9618?addrs=128.142.61.112-9618+[2001-1458-301-23--100-6f]-9618&alias=b9s06p3366.cern.ch&noUDP&sock=slot1_23_127734_e883_6219>
...
040 (15271413.043.000) 12/18 14:06:03 Finished transferring input files
...
001 (15271413.043.000) 12/18 14:06:04 Job executing on host: <128.142.61.112:9618?addrs=128.142.61.112-9618+[2001-1458-301-23--100-6f]-9618&alias=b9s06p3366.cern.ch&noUDP&sock=startd_112990_5203>
...
006 (15271413.043.000) 12/18 14:06:13 Image size of job updated: 512248
	500  -  MemoryUsage of job (MB)
	511736  -  ResidentSetSize of job (KB)
...
006 (15271413.043.000) 12/18 14:11:14 Image size of job updated: 2707476
	2643  -  MemoryUsage of job (MB)
	2705600  -  ResidentSetSize of job (KB)
...
006 (15271413.043.000) 12/18 14:11:37 Image size of job updated: 2712212
	2643  -  MemoryUsage of job (MB)
	2705608  -  ResidentSetSize of job (KB)
...
040 (15271413.043.000) 12/18 14:11:37 Started transferring output files
...
040 (15271413.043.000) 12/18 14:11:37 Finished transferring output files
...
005 (15271413.043.000) 12/18 14:11:37 Job terminated.
	(1) Normal termination (return value 0)
		Usr 0 00:04:09, Sys 0 00:00:04  -  Run Remote Usage
		Usr 0 00:00:00, Sys 0 00:00:00  -  Run Local Usage
		Usr 0 00:04:09, Sys 0 00:00:04  -  Total Remote Usage
		Usr 0 00:00:00, Sys 0 00:00:00  -  Total Local Usage
	114069  -  Run Bytes Sent By Job
	269  -  Run Bytes Received By Job
	114069  -  Total Bytes Sent By Job
	269  -  Total Bytes Received By Job
	Partitionable Resources :    Usage  Request Allocated 
	   Cpus                 :     0.61        1         1 
	   Disk (KB)            :   155           1   3028631 
	   Memory (MB)          :  2643        2000      2000 

	Job terminated of its own accord at 2023-12-18T13:11:37Z.
...
