000 (15149098.023.000) 09/27 08:23:39 Job submitted from host: <188.184.90.241:9618?addrs=188.184.90.241-9618+[2001-1458-201-e4--100-2eb]-9618&alias=bigbird15.cern.ch&noUDP&sock=schedd_2763_c443>
...
040 (15149098.023.000) 09/27 08:37:01 Started transferring input files
	Transferring to host: <128.142.61.67:9618?addrs=128.142.61.67-9618+[2001-1458-301-23--100-42]-9618&alias=b7s06p7999.cern.ch&noUDP&sock=slot1_5_4164_aa22_13484>
...
040 (15149098.023.000) 09/27 08:37:01 Finished transferring input files
...
001 (15149098.023.000) 09/27 08:37:02 Job executing on host: <128.142.61.67:9618?addrs=128.142.61.67-9618+[2001-1458-301-23--100-42]-9618&alias=b7s06p7999.cern.ch&noUDP&sock=startd_2874_e747>
...
006 (15149098.023.000) 09/27 08:37:11 Image size of job updated: 667060
	54  -  MemoryUsage of job (MB)
	54756  -  ResidentSetSize of job (KB)
...
006 (15149098.023.000) 09/27 08:42:11 Image size of job updated: 1284372
	755  -  MemoryUsage of job (MB)
	772300  -  ResidentSetSize of job (KB)
...
006 (15149098.023.000) 09/27 08:47:11 Image size of job updated: 3621272
	755  -  MemoryUsage of job (MB)
	772300  -  ResidentSetSize of job (KB)
...
006 (15149098.023.000) 09/27 08:52:12 Image size of job updated: 3889464
	755  -  MemoryUsage of job (MB)
	772300  -  ResidentSetSize of job (KB)
...
006 (15149098.023.000) 09/27 08:52:58 Image size of job updated: 3895160
	755  -  MemoryUsage of job (MB)
	772300  -  ResidentSetSize of job (KB)
...
040 (15149098.023.000) 09/27 08:52:58 Started transferring output files
...
040 (15149098.023.000) 09/27 08:52:58 Finished transferring output files
...
005 (15149098.023.000) 09/27 08:52:58 Job terminated.
	(1) Normal termination (return value 0)
		Usr 0 00:07:51, Sys 0 00:00:17  -  Run Remote Usage
		Usr 0 00:00:00, Sys 0 00:00:00  -  Run Local Usage
		Usr 0 00:07:51, Sys 0 00:00:17  -  Total Remote Usage
		Usr 0 00:00:00, Sys 0 00:00:00  -  Total Local Usage
	79219  -  Run Bytes Sent By Job
	323  -  Run Bytes Received By Job
	79219  -  Total Bytes Sent By Job
	323  -  Total Bytes Received By Job
	Partitionable Resources :    Usage  Request Allocated 
	   Cpus                 :     0.92        1         1 
	   Disk (KB)            :    99           1   1183147 
	   Memory (MB)          :   755        2000      2000 

	Job terminated of its own accord at 2023-09-27T06:52:58Z.
...
