000 (15159743.050.000) 10/09 07:56:33 Job submitted from host: <188.184.90.241:9618?addrs=188.184.90.241-9618+[2001-1458-201-e4--100-2eb]-9618&alias=bigbird15.cern.ch&noUDP&sock=schedd_2763_c443>
...
040 (15159743.050.000) 10/09 08:09:55 Started transferring input files
	Transferring to host: <128.142.137.33:9618?addrs=128.142.137.33-9618+[2001-1458-301-5e--100-15]-9618&alias=b7g19p8199.cern.ch&noUDP&sock=slot1_36_3445_1065_154257>
...
040 (15159743.050.000) 10/09 08:09:55 Finished transferring input files
...
001 (15159743.050.000) 10/09 08:09:56 Job executing on host: <128.142.137.33:9618?addrs=128.142.137.33-9618+[2001-1458-301-5e--100-15]-9618&alias=b7g19p8199.cern.ch&noUDP&sock=startd_2983_ab19>
...
006 (15159743.050.000) 10/09 08:10:04 Image size of job updated: 194908
	187  -  MemoryUsage of job (MB)
	191372  -  ResidentSetSize of job (KB)
...
040 (15159743.050.000) 10/09 08:10:04 Started transferring output files
...
040 (15159743.050.000) 10/09 08:10:04 Finished transferring output files
...
005 (15159743.050.000) 10/09 08:10:04 Job terminated.
	(1) Normal termination (return value 0)
		Usr 0 00:00:02, Sys 0 00:00:00  -  Run Remote Usage
		Usr 0 00:00:00, Sys 0 00:00:00  -  Run Local Usage
		Usr 0 00:00:02, Sys 0 00:00:00  -  Total Remote Usage
		Usr 0 00:00:00, Sys 0 00:00:00  -  Total Local Usage
	16165  -  Run Bytes Sent By Job
	269  -  Run Bytes Received By Job
	16165  -  Total Bytes Sent By Job
	269  -  Total Bytes Received By Job
	Partitionable Resources :    Usage  Request Allocated 
	   Cpus                 :                 1         1 
	   Disk (KB)            :       30        1   1688590 
	   Memory (MB)          :      187     2000      2000 

	Job terminated of its own accord at 2023-10-09T06:10:04Z.
...
