000 (15155263.003.000) 10/07 15:36:06 Job submitted from host: <188.184.90.241:9618?addrs=188.184.90.241-9618+[2001-1458-201-e4--100-2eb]-9618&alias=bigbird15.cern.ch&noUDP&sock=schedd_2763_c443>
...
040 (15155263.003.000) 10/07 15:38:37 Started transferring input files
	Transferring to host: <128.142.61.52:9618?addrs=128.142.61.52-9618+[2001-1458-301-23--100-33]-9618&alias=b7s06p8124.cern.ch&noUDP&sock=slot1_4_4563_cbd3_316903>
...
040 (15155263.003.000) 10/07 15:38:37 Finished transferring input files
...
001 (15155263.003.000) 10/07 15:38:38 Job executing on host: <128.142.61.52:9618?addrs=128.142.61.52-9618+[2001-1458-301-23--100-33]-9618&alias=b7s06p8124.cern.ch&noUDP&sock=startd_3097_dce5>
...
006 (15155263.003.000) 10/07 15:38:46 Image size of job updated: 608660
	51  -  MemoryUsage of job (MB)
	52168  -  ResidentSetSize of job (KB)
...
006 (15155263.003.000) 10/07 15:43:46 Image size of job updated: 1152408
	626  -  MemoryUsage of job (MB)
	640920  -  ResidentSetSize of job (KB)
...
006 (15155263.003.000) 10/07 15:48:47 Image size of job updated: 1177072
	626  -  MemoryUsage of job (MB)
	640920  -  ResidentSetSize of job (KB)
...
006 (15155263.003.000) 10/07 15:53:47 Image size of job updated: 3663128
	626  -  MemoryUsage of job (MB)
	640920  -  ResidentSetSize of job (KB)
...
006 (15155263.003.000) 10/07 15:58:47 Image size of job updated: 3970552
	626  -  MemoryUsage of job (MB)
	640920  -  ResidentSetSize of job (KB)
...
006 (15155263.003.000) 10/07 16:00:20 Image size of job updated: 3992172
	626  -  MemoryUsage of job (MB)
	640920  -  ResidentSetSize of job (KB)
...
040 (15155263.003.000) 10/07 16:00:20 Started transferring output files
...
040 (15155263.003.000) 10/07 16:00:20 Finished transferring output files
...
005 (15155263.003.000) 10/07 16:00:20 Job terminated.
	(1) Normal termination (return value 0)
		Usr 0 00:07:24, Sys 0 00:00:14  -  Run Remote Usage
		Usr 0 00:00:00, Sys 0 00:00:00  -  Run Local Usage
		Usr 0 00:07:24, Sys 0 00:00:14  -  Total Remote Usage
		Usr 0 00:00:00, Sys 0 00:00:00  -  Total Local Usage
	81237  -  Run Bytes Sent By Job
	323  -  Run Bytes Received By Job
	81237  -  Total Bytes Sent By Job
	323  -  Total Bytes Received By Job
	Partitionable Resources :    Usage  Request Allocated 
	   Cpus                 :     0.10        1         1 
	   Disk (KB)            :   101           1   1172694 
	   Memory (MB)          :   626        2000      2000 

	Job terminated of its own accord at 2023-10-07T14:00:20Z.
...
