000 (15150654.055.000) 09/28 14:27:13 Job submitted from host: <188.184.90.241:9618?addrs=188.184.90.241-9618+[2001-1458-201-e4--100-2eb]-9618&alias=bigbird15.cern.ch&noUDP&sock=schedd_2763_c443>
...
040 (15150654.055.000) 09/28 14:46:12 Started transferring input files
	Transferring to host: <128.142.59.126:9618?addrs=128.142.59.126-9618+[2001-1458-301-21--100-7d]-9618&alias=b7s04p9662.cern.ch&noUDP&sock=slot1_8_4076_a91f_199262>
...
040 (15150654.055.000) 09/28 14:46:12 Finished transferring input files
...
001 (15150654.055.000) 09/28 14:46:13 Job executing on host: <128.142.59.126:9618?addrs=128.142.59.126-9618+[2001-1458-301-21--100-7d]-9618&alias=b7s04p9662.cern.ch&noUDP&sock=startd_2859_9d5b>
...
006 (15150654.055.000) 09/28 14:46:21 Image size of job updated: 910136
	120  -  MemoryUsage of job (MB)
	122352  -  ResidentSetSize of job (KB)
...
006 (15150654.055.000) 09/28 14:47:12 Image size of job updated: 918524
	120  -  MemoryUsage of job (MB)
	122352  -  ResidentSetSize of job (KB)
...
040 (15150654.055.000) 09/28 14:47:12 Started transferring output files
...
040 (15150654.055.000) 09/28 14:47:12 Finished transferring output files
...
005 (15150654.055.000) 09/28 14:47:12 Job terminated.
	(1) Normal termination (return value 0)
		Usr 0 00:00:07, Sys 0 00:00:00  -  Run Remote Usage
		Usr 0 00:00:00, Sys 0 00:00:00  -  Run Local Usage
		Usr 0 00:00:07, Sys 0 00:00:00  -  Total Remote Usage
		Usr 0 00:00:00, Sys 0 00:00:00  -  Total Local Usage
	6917  -  Run Bytes Sent By Job
	374  -  Run Bytes Received By Job
	6917  -  Total Bytes Sent By Job
	374  -  Total Bytes Received By Job
	Partitionable Resources :    Usage  Request Allocated 
	   Cpus                 :                 1         1 
	   Disk (KB)            :       21        1   1273844 
	   Memory (MB)          :      120     2000      2000 

	Job terminated of its own accord at 2023-09-28T12:47:12Z.
...
