000 (14808124.055.000) 05/19 04:24:07 Job submitted from host: <188.184.90.241:9618?addrs=188.184.90.241-9618+[2001-1458-201-e4--100-2eb]-9618&alias=bigbird15.cern.ch&noUDP&sock=schedd_3273_9590>
...
040 (14808124.055.000) 05/19 04:35:59 Started transferring input files
	Transferring to host: <128.142.195.81:9618?addrs=128.142.195.81-9618+[2001-1458-301-26--100-51]-9618&alias=b7g31p7739.cern.ch&noUDP&sock=slot1_26_4361_780a_34647>
...
040 (14808124.055.000) 05/19 04:35:59 Finished transferring input files
...
001 (14808124.055.000) 05/19 04:36:00 Job executing on host: <128.142.195.81:9618?addrs=128.142.195.81-9618+[2001-1458-301-26--100-51]-9618&alias=b7g31p7739.cern.ch&noUDP&sock=startd_3159_63c4>
...
006 (14808124.055.000) 05/19 04:36:09 Image size of job updated: 538904
	47  -  MemoryUsage of job (MB)
	47748  -  ResidentSetSize of job (KB)
...
006 (14808124.055.000) 05/19 04:41:10 Image size of job updated: 4882688
	4248  -  MemoryUsage of job (MB)
	4349052  -  ResidentSetSize of job (KB)
...
006 (14808124.055.000) 05/19 04:42:35 Image size of job updated: 4932004
	4248  -  MemoryUsage of job (MB)
	4349052  -  ResidentSetSize of job (KB)
...
040 (14808124.055.000) 05/19 04:42:35 Started transferring output files
...
040 (14808124.055.000) 05/19 04:42:35 Finished transferring output files
...
005 (14808124.055.000) 05/19 04:42:35 Job terminated.
	(1) Normal termination (return value 0)
		Usr 0 00:04:12, Sys 0 00:00:08  -  Run Remote Usage
		Usr 0 00:00:00, Sys 0 00:00:00  -  Run Local Usage
		Usr 0 00:04:12, Sys 0 00:00:08  -  Total Remote Usage
		Usr 0 00:00:00, Sys 0 00:00:00  -  Total Local Usage
	431123  -  Run Bytes Sent By Job
	269  -  Run Bytes Received By Job
	431123  -  Total Bytes Sent By Job
	269  -  Total Bytes Received By Job
	Partitionable Resources :    Usage  Request Allocated 
	   Cpus                 :     0.19        1         1 
	   Disk (KB)            :   442           1   1285646 
	   Memory (MB)          :  4248        2000      2000 

	Job terminated of its own accord at 2023-05-19T02:42:35Z.
...
