000 (15155263.027.000) 10/07 15:36:06 Job submitted from host: <188.184.90.241:9618?addrs=188.184.90.241-9618+[2001-1458-201-e4--100-2eb]-9618&alias=bigbird15.cern.ch&noUDP&sock=schedd_2763_c443>
...
040 (15155263.027.000) 10/07 15:38:46 Started transferring input files
	Transferring to host: <128.142.61.65:9618?addrs=128.142.61.65-9618+[2001-1458-301-23--100-40]-9618&alias=b7s06p7861.cern.ch&noUDP&sock=slot1_15_3159_8d1a_35378>
...
040 (15155263.027.000) 10/07 15:38:46 Finished transferring input files
...
001 (15155263.027.000) 10/07 15:38:47 Job executing on host: <128.142.61.65:9618?addrs=128.142.61.65-9618+[2001-1458-301-23--100-40]-9618&alias=b7s06p7861.cern.ch&noUDP&sock=startd_2809_519f>
...
006 (15155263.027.000) 10/07 15:38:55 Image size of job updated: 630552
	114  -  MemoryUsage of job (MB)
	116356  -  ResidentSetSize of job (KB)
...
006 (15155263.027.000) 10/07 15:43:55 Image size of job updated: 1195552
	619  -  MemoryUsage of job (MB)
	633248  -  ResidentSetSize of job (KB)
...
006 (15155263.027.000) 10/07 15:53:56 Image size of job updated: 3716800
	619  -  MemoryUsage of job (MB)
	633248  -  ResidentSetSize of job (KB)
...
006 (15155263.027.000) 10/07 15:58:56 Image size of job updated: 3947676
	619  -  MemoryUsage of job (MB)
	633248  -  ResidentSetSize of job (KB)
...
006 (15155263.027.000) 10/07 16:03:56 Image size of job updated: 4001968
	619  -  MemoryUsage of job (MB)
	633248  -  ResidentSetSize of job (KB)
...
040 (15155263.027.000) 10/07 16:03:57 Started transferring output files
...
040 (15155263.027.000) 10/07 16:03:57 Finished transferring output files
...
005 (15155263.027.000) 10/07 16:03:57 Job terminated.
	(1) Normal termination (return value 0)
		Usr 0 00:07:40, Sys 0 00:00:14  -  Run Remote Usage
		Usr 0 00:00:00, Sys 0 00:00:00  -  Run Local Usage
		Usr 0 00:07:40, Sys 0 00:00:14  -  Total Remote Usage
		Usr 0 00:00:00, Sys 0 00:00:00  -  Total Local Usage
	78843  -  Run Bytes Sent By Job
	323  -  Run Bytes Received By Job
	78843  -  Total Bytes Sent By Job
	323  -  Total Bytes Received By Job
	Partitionable Resources :    Usage  Request Allocated 
	   Cpus                 :     0.99        1         1 
	   Disk (KB)            :    98           1   1223356 
	   Memory (MB)          :   619        2000      2000 

	Job terminated of its own accord at 2023-10-07T14:03:57Z.
...
