000 (15159743.053.000) 10/09 07:56:33 Job submitted from host: <188.184.90.241:9618?addrs=188.184.90.241-9618+[2001-1458-201-e4--100-2eb]-9618&alias=bigbird15.cern.ch&noUDP&sock=schedd_2763_c443>
...
040 (15159743.053.000) 10/09 08:09:57 Started transferring input files
	Transferring to host: <128.142.130.44:9618?addrs=128.142.130.44-9618+[2001-1458-301-58--100-20]-9618&alias=b7g20p8958.cern.ch&noUDP&sock=slot1_14_3193_81db_56402>
...
040 (15159743.053.000) 10/09 08:09:57 Finished transferring input files
...
001 (15159743.053.000) 10/09 08:09:58 Job executing on host: <128.142.130.44:9618?addrs=128.142.130.44-9618+[2001-1458-301-58--100-20]-9618&alias=b7g20p8958.cern.ch&noUDP&sock=startd_2816_1ec8>
...
006 (15159743.053.000) 10/09 08:10:05 Image size of job updated: 1323644
	0  -  MemoryUsage of job (MB)
	0  -  ResidentSetSize of job (KB)
...
040 (15159743.053.000) 10/09 08:10:05 Started transferring output files
...
040 (15159743.053.000) 10/09 08:10:05 Finished transferring output files
...
005 (15159743.053.000) 10/09 08:10:05 Job terminated.
	(1) Normal termination (return value 0)
		Usr 0 00:00:02, Sys 0 00:00:00  -  Run Remote Usage
		Usr 0 00:00:00, Sys 0 00:00:00  -  Run Local Usage
		Usr 0 00:00:02, Sys 0 00:00:00  -  Total Remote Usage
		Usr 0 00:00:00, Sys 0 00:00:00  -  Total Local Usage
	12972  -  Run Bytes Sent By Job
	269  -  Run Bytes Received By Job
	12972  -  Total Bytes Sent By Job
	269  -  Total Bytes Received By Job
	Partitionable Resources :    Usage  Request Allocated 
	   Cpus                 :                 1         1 
	   Disk (KB)            :       26        1   1678057 
	   Memory (MB)          :        0     2000      2000 

	Job terminated of its own accord at 2023-10-09T06:10:05Z.
...
