000 (15149098.107.000) 09/27 08:23:39 Job submitted from host: <188.184.90.241:9618?addrs=188.184.90.241-9618+[2001-1458-201-e4--100-2eb]-9618&alias=bigbird15.cern.ch&noUDP&sock=schedd_2763_c443>
...
040 (15149098.107.000) 09/27 08:40:43 Started transferring input files
	Transferring to host: <128.142.248.233:9618?addrs=128.142.248.233-9618+[2001-1458-301-73--100-e8]-9618&alias=b7g23p1714.cern.ch&noUDP&sock=slot1_16_4194_cd64_281396>
...
040 (15149098.107.000) 09/27 08:40:43 Finished transferring input files
...
001 (15149098.107.000) 09/27 08:40:44 Job executing on host: <128.142.248.233:9618?addrs=128.142.248.233-9618+[2001-1458-301-73--100-e8]-9618&alias=b7g23p1714.cern.ch&noUDP&sock=startd_3466_f758>
...
006 (15149098.107.000) 09/27 08:40:52 Image size of job updated: 621252
	69  -  MemoryUsage of job (MB)
	70464  -  ResidentSetSize of job (KB)
...
006 (15149098.107.000) 09/27 08:45:53 Image size of job updated: 3616120
	146  -  MemoryUsage of job (MB)
	149136  -  ResidentSetSize of job (KB)
...
006 (15149098.107.000) 09/27 08:50:54 Image size of job updated: 3874284
	398  -  MemoryUsage of job (MB)
	407448  -  ResidentSetSize of job (KB)
...
006 (15149098.107.000) 09/27 08:54:04 Image size of job updated: 3942692
	398  -  MemoryUsage of job (MB)
	407448  -  ResidentSetSize of job (KB)
...
040 (15149098.107.000) 09/27 08:54:04 Started transferring output files
...
040 (15149098.107.000) 09/27 08:54:04 Finished transferring output files
...
005 (15149098.107.000) 09/27 08:54:04 Job terminated.
	(1) Normal termination (return value 0)
		Usr 0 00:04:08, Sys 0 00:00:11  -  Run Remote Usage
		Usr 0 00:00:00, Sys 0 00:00:00  -  Run Local Usage
		Usr 0 00:04:08, Sys 0 00:00:11  -  Total Remote Usage
		Usr 0 00:00:00, Sys 0 00:00:00  -  Total Local Usage
	70345  -  Run Bytes Sent By Job
	323  -  Run Bytes Received By Job
	70345  -  Total Bytes Sent By Job
	323  -  Total Bytes Received By Job
	Partitionable Resources :    Usage  Request Allocated 
	   Cpus                 :     0.83        1         1 
	   Disk (KB)            :    90           1   3047756 
	   Memory (MB)          :   398        2000      2000 

	Job terminated of its own accord at 2023-09-27T06:54:04Z.
...
