000 (15159743.021.000) 10/09 07:56:33 Job submitted from host: <188.184.90.241:9618?addrs=188.184.90.241-9618+[2001-1458-201-e4--100-2eb]-9618&alias=bigbird15.cern.ch&noUDP&sock=schedd_2763_c443>
...
040 (15159743.021.000) 10/09 08:09:47 Started transferring input files
	Transferring to host: <188.184.160.183:9618?addrs=188.184.160.183-9618+[2001-1458-301-48--100-b1]-9618&alias=b7s09p7805.cern.ch&noUDP&sock=slot1_9_123243_97ad_214023>
...
040 (15159743.021.000) 10/09 08:09:47 Finished transferring input files
...
001 (15159743.021.000) 10/09 08:09:48 Job executing on host: <188.184.160.183:9618?addrs=188.184.160.183-9618+[2001-1458-301-48--100-b1]-9618&alias=b7s09p7805.cern.ch&noUDP&sock=startd_28839_bbd7>
...
006 (15159743.021.000) 10/09 08:09:56 Image size of job updated: 58032
	54  -  MemoryUsage of job (MB)
	54656  -  ResidentSetSize of job (KB)
...
006 (15159743.021.000) 10/09 08:14:56 Image size of job updated: 864556
	396  -  MemoryUsage of job (MB)
	405120  -  ResidentSetSize of job (KB)
...
006 (15159743.021.000) 10/09 08:19:57 Image size of job updated: 1129408
	605  -  MemoryUsage of job (MB)
	618724  -  ResidentSetSize of job (KB)
...
006 (15159743.021.000) 10/09 08:24:58 Image size of job updated: 1372060
	866  -  MemoryUsage of job (MB)
	886376  -  ResidentSetSize of job (KB)
...
006 (15159743.021.000) 10/09 08:29:58 Image size of job updated: 3961684
	3353  -  MemoryUsage of job (MB)
	3433236  -  ResidentSetSize of job (KB)
...
006 (15159743.021.000) 10/09 08:31:04 Image size of job updated: 4062908
	3353  -  MemoryUsage of job (MB)
	3433236  -  ResidentSetSize of job (KB)
...
040 (15159743.021.000) 10/09 08:31:04 Started transferring output files
...
040 (15159743.021.000) 10/09 08:31:04 Finished transferring output files
...
005 (15159743.021.000) 10/09 08:31:04 Job terminated.
	(1) Normal termination (return value 0)
		Usr 0 00:18:58, Sys 0 00:00:15  -  Run Remote Usage
		Usr 0 00:00:00, Sys 0 00:00:00  -  Run Local Usage
		Usr 0 00:18:58, Sys 0 00:00:15  -  Total Remote Usage
		Usr 0 00:00:00, Sys 0 00:00:00  -  Total Local Usage
	248735  -  Run Bytes Sent By Job
	269  -  Run Bytes Received By Job
	248735  -  Total Bytes Sent By Job
	269  -  Total Bytes Received By Job
	Partitionable Resources :    Usage  Request Allocated 
	   Cpus                 :     0.99        1         1 
	   Disk (KB)            :   264           1   3112380 
	   Memory (MB)          :  3353        2000      2000 

	Job terminated of its own accord at 2023-10-09T06:31:04Z.
...
