000 (15150655.040.000) 09/28 15:00:14 Job submitted from host: <188.184.90.241:9618?addrs=188.184.90.241-9618+[2001-1458-201-e4--100-2eb]-9618&alias=bigbird15.cern.ch&noUDP&sock=schedd_2763_c443>
...
040 (15150655.040.000) 09/28 15:02:54 Started transferring input files
	Transferring to host: <188.184.163.143:9618?addrs=188.184.163.143-9618+[2001-1458-301-4d--100-89]-9618&alias=b7s12p5563.cern.ch&noUDP&sock=slot1_22_238228_ed51_4848>
...
040 (15150655.040.000) 09/28 15:02:54 Finished transferring input files
...
001 (15150655.040.000) 09/28 15:02:55 Job executing on host: <188.184.163.143:9618?addrs=188.184.163.143-9618+[2001-1458-301-4d--100-89]-9618&alias=b7s12p5563.cern.ch&noUDP&sock=startd_2917_65d9>
...
006 (15150655.040.000) 09/28 15:03:03 Image size of job updated: 911208
	121  -  MemoryUsage of job (MB)
	123388  -  ResidentSetSize of job (KB)
...
006 (15150655.040.000) 09/28 15:04:26 Image size of job updated: 919092
	121  -  MemoryUsage of job (MB)
	123388  -  ResidentSetSize of job (KB)
...
040 (15150655.040.000) 09/28 15:04:26 Started transferring output files
...
040 (15150655.040.000) 09/28 15:04:26 Finished transferring output files
...
005 (15150655.040.000) 09/28 15:04:26 Job terminated.
	(1) Normal termination (return value 0)
		Usr 0 00:00:07, Sys 0 00:00:00  -  Run Remote Usage
		Usr 0 00:00:00, Sys 0 00:00:00  -  Run Local Usage
		Usr 0 00:00:07, Sys 0 00:00:00  -  Total Remote Usage
		Usr 0 00:00:00, Sys 0 00:00:00  -  Total Local Usage
	7927  -  Run Bytes Sent By Job
	374  -  Run Bytes Received By Job
	7927  -  Total Bytes Sent By Job
	374  -  Total Bytes Received By Job
	Partitionable Resources :    Usage  Request Allocated 
	   Cpus                 :                 1         1 
	   Disk (KB)            :       22        1   2842485 
	   Memory (MB)          :      121     2000      2000 

	Job terminated of its own accord at 2023-09-28T13:04:26Z.
...
