000 (14807135.006.000) 05/13 19:23:40 Job submitted from host: <188.184.90.241:9618?addrs=188.184.90.241-9618+[2001-1458-201-e4--100-2eb]-9618&alias=bigbird15.cern.ch&noUDP&sock=schedd_3273_9590>
...
040 (14807135.006.000) 05/13 19:35:08 Started transferring input files
	Transferring to host: <188.184.163.79:9618?addrs=188.184.163.79-9618+[2001-1458-301-4d--100-49]-9618&alias=b7s12p2939.cern.ch&noUDP&sock=slot1_6_121422_8883_89909>
...
040 (14807135.006.000) 05/13 19:35:08 Finished transferring input files
...
001 (14807135.006.000) 05/13 19:35:09 Job executing on host: <188.184.163.79:9618?addrs=188.184.163.79-9618+[2001-1458-301-4d--100-49]-9618&alias=b7s12p2939.cern.ch&noUDP&sock=startd_88873_1078>
...
006 (14807135.006.000) 05/13 19:35:18 Image size of job updated: 554452
	47  -  MemoryUsage of job (MB)
	48036  -  ResidentSetSize of job (KB)
...
006 (14807135.006.000) 05/13 19:40:19 Image size of job updated: 2272520
	1799  -  MemoryUsage of job (MB)
	1841784  -  ResidentSetSize of job (KB)
...
006 (14807135.006.000) 05/13 19:45:20 Image size of job updated: 3676152
	3145  -  MemoryUsage of job (MB)
	3220228  -  ResidentSetSize of job (KB)
...
006 (14807135.006.000) 05/13 19:50:20 Image size of job updated: 5207572
	4599  -  MemoryUsage of job (MB)
	4708796  -  ResidentSetSize of job (KB)
...
006 (14807135.006.000) 05/13 19:55:12 Image size of job updated: 6553176
	4599  -  MemoryUsage of job (MB)
	4708820  -  ResidentSetSize of job (KB)
...
040 (14807135.006.000) 05/13 19:55:12 Started transferring output files
...
040 (14807135.006.000) 05/13 19:55:12 Finished transferring output files
...
009 (14807135.006.000) 05/13 19:55:12 Job was aborted.
	Job removed by SYSTEM_PERIODIC_REMOVE due to wall time exceeded allowed max.
...
