Error in <TSystem::ExpandFileName>: input: $HOME/.root.mimes, output: $HOME/.root.mimes
Error in <TSystem::ExpandFileName>: input: $HOME/.root.mimes, output: $HOME/.root.mimes
Error in <TCanvas::Range>: illegal world coordinates range: x1=1.343750, y1=0.000000, x2=1.351562, y2=0.000000
Error in <TCanvas::RangeAxis>: illegal axis coordinates range: xmin=1.345000, ymin=0.000000, xmax=1.350000, ymax=0.000000
Error in <TCanvas::Range>: illegal world coordinates range: x1=1.343750, y1=0.000000, x2=1.351562, y2=0.000000
Error in <TCanvas::RangeAxis>: illegal axis coordinates range: xmin=1.345000, ymin=0.000000, xmax=1.350000, ymax=0.000000
Error in <TCanvas::Range>: illegal world coordinates range: x1=0.879375, y1=0.000000, x2=0.883281, y2=0.000000
Error in <TCanvas::RangeAxis>: illegal axis coordinates range: xmin=0.880000, ymin=0.000000, xmax=0.882500, ymax=0.000000
Error in <TCanvas::Range>: illegal world coordinates range: x1=0.879375, y1=0.000000, x2=0.883281, y2=0.000000
Error in <TCanvas::RangeAxis>: illegal axis coordinates range: xmin=0.880000, ymin=0.000000, xmax=0.882500, ymax=0.000000
Error in <TCanvas::Range>: illegal world coordinates range: x1=0.888750, y1=0.000000, x2=0.896562, y2=0.000000
Error in <TCanvas::RangeAxis>: illegal axis coordinates range: xmin=0.890000, ymin=0.000000, xmax=0.895000, ymax=0.000000
Error in <TCanvas::Range>: illegal world coordinates range: x1=0.888750, y1=0.000000, x2=0.896562, y2=0.000000
Error in <TCanvas::RangeAxis>: illegal axis coordinates range: xmin=0.890000, ymin=0.000000, xmax=0.895000, ymax=0.000000
Error in <TCanvas::Range>: illegal world coordinates range: x1=1.041875, y1=0.000000, x2=1.045781, y2=0.000000
Error in <TCanvas::RangeAxis>: illegal axis coordinates range: xmin=1.042500, ymin=0.000000, xmax=1.045000, ymax=0.000000
Error in <TCanvas::Range>: illegal world coordinates range: x1=1.041875, y1=0.000000, x2=1.045781, y2=0.000000
Error in <TCanvas::RangeAxis>: illegal axis coordinates range: xmin=1.042500, ymin=0.000000, xmax=1.045000, ymax=0.000000
Error in <TCanvas::Range>: illegal world coordinates range: x1=0.478750, y1=0.000000, x2=0.486562, y2=0.000000
Error in <TCanvas::RangeAxis>: illegal axis coordinates range: xmin=0.480000, ymin=0.000000, xmax=0.485000, ymax=0.000000
Error in <TCanvas::Range>: illegal world coordinates range: x1=0.478750, y1=0.000000, x2=0.486562, y2=0.000000
Error in <TCanvas::RangeAxis>: illegal axis coordinates range: xmin=0.480000, ymin=0.000000, xmax=0.485000, ymax=0.000000
Error in <TCanvas::Range>: illegal world coordinates range: x1=0.106875, y1=0.000000, x2=0.110781, y2=0.000000
Error in <TCanvas::RangeAxis>: illegal axis coordinates range: xmin=0.107500, ymin=0.000000, xmax=0.110000, ymax=0.000000
Error in <TCanvas::Range>: illegal world coordinates range: x1=0.106875, y1=0.000000, x2=0.110781, y2=0.000000
Error in <TCanvas::RangeAxis>: illegal axis coordinates range: xmin=0.107500, ymin=0.000000, xmax=0.110000, ymax=0.000000
Error in <TCanvas::Range>: illegal world coordinates range: x1=2.073750, y1=0.000000, x2=2.081562, y2=0.000000
Error in <TCanvas::RangeAxis>: illegal axis coordinates range: xmin=2.075000, ymin=0.000000, xmax=2.080000, ymax=0.000000
Error in <TCanvas::Range>: illegal world coordinates range: x1=2.073750, y1=0.000000, x2=2.081562, y2=0.000000
Error in <TCanvas::RangeAxis>: illegal axis coordinates range: xmin=2.075000, ymin=0.000000, xmax=2.080000, ymax=0.000000
Error in <TCanvas::Range>: illegal world coordinates range: x1=1.226875, y1=0.000000, x2=1.230781, y2=0.000000
Error in <TCanvas::RangeAxis>: illegal axis coordinates range: xmin=1.227500, ymin=0.000000, xmax=1.230000, ymax=0.000000
Error in <TCanvas::Range>: illegal world coordinates range: x1=1.226875, y1=0.000000, x2=1.230781, y2=0.000000
Error in <TCanvas::RangeAxis>: illegal axis coordinates range: xmin=1.227500, ymin=0.000000, xmax=1.230000, ymax=0.000000
Error in <TCanvas::Range>: illegal world coordinates range: x1=1.613750, y1=0.000000, x2=1.621562, y2=0.000000
Error in <TCanvas::RangeAxis>: illegal axis coordinates range: xmin=1.615000, ymin=0.000000, xmax=1.620000, ymax=0.000000
Error in <TCanvas::Range>: illegal world coordinates range: x1=1.613750, y1=0.000000, x2=1.621562, y2=0.000000
Error in <TCanvas::RangeAxis>: illegal axis coordinates range: xmin=1.615000, ymin=0.000000, xmax=1.620000, ymax=0.000000
Error in <TCanvas::Range>: illegal world coordinates range: x1=1.069375, y1=0.000000, x2=1.073281, y2=0.000000
Error in <TCanvas::RangeAxis>: illegal axis coordinates range: xmin=1.070000, ymin=0.000000, xmax=1.072500, ymax=0.000000
Error in <TCanvas::Range>: illegal world coordinates range: x1=1.069375, y1=0.000000, x2=1.073281, y2=0.000000
Error in <TCanvas::RangeAxis>: illegal axis coordinates range: xmin=1.070000, ymin=0.000000, xmax=1.072500, ymax=0.000000
Error in <TCanvas::Range>: illegal world coordinates range: x1=1.347500, y1=-0.160494, x2=1.347500, y2=1.074074
Error in <TCanvas::RangeAxis>: illegal axis coordinates range: xmin=1.347500, ymin=0.000000, xmax=1.347500, ymax=1.000000
Error in <TCanvas::Range>: illegal world coordinates range: x1=1.347500, y1=-0.160494, x2=1.347500, y2=1.074074
Error in <TCanvas::RangeAxis>: illegal axis coordinates range: xmin=1.347500, ymin=0.000000, xmax=1.347500, ymax=1.000000
Error in <TDecompChol::Decompose()>: matrix not positive definite
Error in <TDecompChol::Solve()>: Decomposition failed
Error in <TLinearFitter::Eval>: Matrix inversion failed
Error in <TDecompChol::Decompose()>: matrix not positive definite
Error in <TDecompChol::Solve()>: Decomposition failed
Error in <TLinearFitter::Eval>: Matrix inversion failed
Error in <TCanvas::Range>: illegal world coordinates range: x1=0.892500, y1=-0.160494, x2=0.892500, y2=1.074074
Error in <TCanvas::RangeAxis>: illegal axis coordinates range: xmin=0.892500, ymin=0.000000, xmax=0.892500, ymax=1.000000
Error in <TCanvas::Range>: illegal world coordinates range: x1=0.892500, y1=-0.160494, x2=0.892500, y2=1.074074
Error in <TCanvas::RangeAxis>: illegal axis coordinates range: xmin=0.892500, ymin=0.000000, xmax=0.892500, ymax=1.000000
Error in <TCanvas::Range>: illegal world coordinates range: x1=0.482500, y1=-0.160494, x2=0.482500, y2=1.074074
Error in <TCanvas::RangeAxis>: illegal axis coordinates range: xmin=0.482500, ymin=0.000000, xmax=0.482500, ymax=1.000000
Error in <TCanvas::Range>: illegal world coordinates range: x1=0.482500, y1=-0.160494, x2=0.482500, y2=1.074074
Error in <TCanvas::RangeAxis>: illegal axis coordinates range: xmin=0.482500, ymin=0.000000, xmax=0.482500, ymax=1.000000
Error in <TCanvas::Range>: illegal world coordinates range: x1=0.837500, y1=-0.160494, x2=0.837500, y2=1.074074
Error in <TCanvas::RangeAxis>: illegal axis coordinates range: xmin=0.837500, ymin=0.000000, xmax=0.837500, ymax=1.000000
Error in <TCanvas::Range>: illegal world coordinates range: x1=0.837500, y1=-0.160494, x2=0.837500, y2=1.074074
Error in <TCanvas::RangeAxis>: illegal axis coordinates range: xmin=0.837500, ymin=0.000000, xmax=0.837500, ymax=1.000000
Error in <TCanvas::Range>: illegal world coordinates range: x1=2.077500, y1=-0.160494, x2=2.077500, y2=1.074074
Error in <TCanvas::RangeAxis>: illegal axis coordinates range: xmin=2.077500, ymin=0.000000, xmax=2.077500, ymax=1.000000
Error in <TCanvas::Range>: illegal world coordinates range: x1=2.077500, y1=-0.160494, x2=2.077500, y2=1.074074
Error in <TCanvas::RangeAxis>: illegal axis coordinates range: xmin=2.077500, ymin=0.000000, xmax=2.077500, ymax=1.000000
Error in <TDecompChol::Decompose()>: matrix not positive definite
Error in <TDecompChol::Solve()>: Decomposition failed
Error in <TLinearFitter::Eval>: Matrix inversion failed
Error in <TDecompChol::Decompose()>: matrix not positive definite
Error in <TDecompChol::Solve()>: Decomposition failed
Error in <TLinearFitter::Eval>: Matrix inversion failed
Error in <TDecompChol::Decompose()>: matrix not positive definite
Error in <TDecompChol::Solve()>: Decomposition failed
Error in <TLinearFitter::Eval>: Matrix inversion failed
Error in <TDecompChol::Decompose()>: matrix not positive definite
Error in <TDecompChol::Solve()>: Decomposition failed
Error in <TLinearFitter::Eval>: Matrix inversion failed
Error in <TDecompChol::Decompose()>: matrix not positive definite
Error in <TDecompChol::Solve()>: Decomposition failed
Error in <TLinearFitter::Eval>: Matrix inversion failed
Error in <TDecompChol::Decompose()>: matrix not positive definite
Error in <TDecompChol::Solve()>: Decomposition failed
Error in <TLinearFitter::Eval>: Matrix inversion failed
Error in <TDecompChol::Decompose()>: matrix not positive definite
Error in <TDecompChol::Solve()>: Decomposition failed
Error in <TLinearFitter::Eval>: Matrix inversion failed
Error in <TCanvas::Range>: illegal world coordinates range: x1=1.617500, y1=-0.160494, x2=1.617500, y2=1.074074
Error in <TCanvas::RangeAxis>: illegal axis coordinates range: xmin=1.617500, ymin=0.000000, xmax=1.617500, ymax=1.000000
Error in <TCanvas::Range>: illegal world coordinates range: x1=1.617500, y1=-0.160494, x2=1.617500, y2=1.074074
Error in <TCanvas::RangeAxis>: illegal axis coordinates range: xmin=1.617500, ymin=0.000000, xmax=1.617500, ymax=1.000000
Error in <TDecompChol::Decompose()>: matrix not positive definite
Error in <TDecompChol::Solve()>: Decomposition failed
Error in <TLinearFitter::Eval>: Matrix inversion failed
Error in <TDecompChol::Decompose()>: matrix not positive definite
Error in <TDecompChol::Solve()>: Decomposition failed
Error in <TLinearFitter::Eval>: Matrix inversion failed
Error in <TDecompChol::Decompose()>: matrix not positive definite
Error in <TDecompChol::Solve()>: Decomposition failed
Error in <TLinearFitter::Eval>: Matrix inversion failed
Error in <TDecompChol::Decompose()>: matrix not positive definite
Error in <TDecompChol::Solve()>: Decomposition failed
Error in <TLinearFitter::Eval>: Matrix inversion failed
Error in <TDecompChol::Decompose()>: matrix not positive definite
Error in <TDecompChol::Solve()>: Decomposition failed
Error in <TLinearFitter::Eval>: Matrix inversion failed
Error in <TDecompChol::Decompose()>: matrix not positive definite
Error in <TDecompChol::Solve()>: Decomposition failed
Error in <TLinearFitter::Eval>: Matrix inversion failed
Error in <TDecompChol::Decompose()>: matrix not positive definite
Error in <TDecompChol::Solve()>: Decomposition failed
Error in <TLinearFitter::Eval>: Matrix inversion failed
Error in <TDecompChol::Decompose()>: matrix not positive definite
Error in <TDecompChol::Solve()>: Decomposition failed
Error in <TLinearFitter::Eval>: Matrix inversion failed
