000 (15150662.158.000) 09/28 15:49:40 Job submitted from host: <188.184.90.241:9618?addrs=188.184.90.241-9618+[2001-1458-201-e4--100-2eb]-9618&alias=bigbird15.cern.ch&noUDP&sock=schedd_2763_c443>
...
040 (15150662.158.000) 09/28 16:01:40 Started transferring input files
	Transferring to host: <188.184.163.14:9618?addrs=188.184.163.14-9618+[2001-1458-301-4d--100-8]-9618&alias=b7s12p2242.cern.ch&noUDP&sock=slot1_39_123067_95a6_213751>
...
040 (15150662.158.000) 09/28 16:01:40 Finished transferring input files
...
001 (15150662.158.000) 09/28 16:01:41 Job executing on host: <188.184.163.14:9618?addrs=188.184.163.14-9618+[2001-1458-301-4d--100-8]-9618&alias=b7s12p2242.cern.ch&noUDP&sock=startd_28826_d11b>
...
006 (15150662.158.000) 09/28 16:01:49 Image size of job updated: 744192
	120  -  MemoryUsage of job (MB)
	122504  -  ResidentSetSize of job (KB)
...
006 (15150662.158.000) 09/28 16:03:40 Image size of job updated: 921704
	120  -  MemoryUsage of job (MB)
	122504  -  ResidentSetSize of job (KB)
...
040 (15150662.158.000) 09/28 16:03:40 Started transferring output files
...
040 (15150662.158.000) 09/28 16:03:40 Finished transferring output files
...
005 (15150662.158.000) 09/28 16:03:40 Job terminated.
	(1) Normal termination (return value 0)
		Usr 0 00:00:18, Sys 0 00:00:01  -  Run Remote Usage
		Usr 0 00:00:00, Sys 0 00:00:00  -  Run Local Usage
		Usr 0 00:00:18, Sys 0 00:00:01  -  Total Remote Usage
		Usr 0 00:00:00, Sys 0 00:00:00  -  Total Local Usage
	7879  -  Run Bytes Sent By Job
	374  -  Run Bytes Received By Job
	7879  -  Total Bytes Sent By Job
	374  -  Total Bytes Received By Job
	Partitionable Resources :    Usage  Request Allocated 
	   Cpus                 :                 1         1 
	   Disk (KB)            :       22        1   3132858 
	   Memory (MB)          :      120     2000      2000 

	Job terminated of its own accord at 2023-09-28T14:03:40Z.
...
