000 (15159766.061.000) 10/09 11:47:56 Job submitted from host: <188.184.90.241:9618?addrs=188.184.90.241-9618+[2001-1458-201-e4--100-2eb]-9618&alias=bigbird15.cern.ch&noUDP&sock=schedd_2763_c443>
...
040 (15159766.061.000) 10/09 14:24:36 Started transferring input files
	Transferring to host: <188.184.160.28:9618?addrs=188.184.160.28-9618+[2001-1458-301-48--100-16]-9618&alias=b7s09p7464.cern.ch&noUDP&sock=slot1_19_256186_f66b_96959>
...
040 (15159766.061.000) 10/09 14:24:36 Finished transferring input files
...
001 (15159766.061.000) 10/09 14:24:37 Job executing on host: <188.184.160.28:9618?addrs=188.184.160.28-9618+[2001-1458-301-48--100-16]-9618&alias=b7s09p7464.cern.ch&noUDP&sock=startd_3122_02c3>
...
006 (15159766.061.000) 10/09 14:24:46 Image size of job updated: 123604
	121  -  MemoryUsage of job (MB)
	123604  -  ResidentSetSize of job (KB)
...
006 (15159766.061.000) 10/09 14:27:26 Image size of job updated: 923160
	121  -  MemoryUsage of job (MB)
	123604  -  ResidentSetSize of job (KB)
...
040 (15159766.061.000) 10/09 14:27:26 Started transferring output files
...
040 (15159766.061.000) 10/09 14:27:26 Finished transferring output files
...
005 (15159766.061.000) 10/09 14:27:26 Job terminated.
	(1) Normal termination (return value 0)
		Usr 0 00:00:15, Sys 0 00:00:01  -  Run Remote Usage
		Usr 0 00:00:00, Sys 0 00:00:00  -  Run Local Usage
		Usr 0 00:00:15, Sys 0 00:00:01  -  Total Remote Usage
		Usr 0 00:00:00, Sys 0 00:00:00  -  Total Local Usage
	10653  -  Run Bytes Sent By Job
	374  -  Run Bytes Received By Job
	10653  -  Total Bytes Sent By Job
	374  -  Total Bytes Received By Job
	Partitionable Resources :    Usage  Request Allocated 
	   Cpus                 :                 1         1 
	   Disk (KB)            :       24        1   2977555 
	   Memory (MB)          :      121     2000      2000 

	Job terminated of its own accord at 2023-10-09T12:27:26Z.
...
