000 (15155243.012.000) 10/07 13:26:28 Job submitted from host: <188.184.90.241:9618?addrs=188.184.90.241-9618+[2001-1458-201-e4--100-2eb]-9618&alias=bigbird15.cern.ch&noUDP&sock=schedd_2763_c443>
...
040 (15155243.012.000) 10/07 13:31:47 Started transferring input files
	Transferring to host: <128.142.132.42:9618?addrs=128.142.132.42-9618+[2001-1458-301-5a--100-1e]-9618&alias=b7g12p2658.cern.ch&noUDP&sock=slot1_13_4880_26c0_189166>
...
040 (15155243.012.000) 10/07 13:31:47 Finished transferring input files
...
001 (15155243.012.000) 10/07 13:31:48 Job executing on host: <128.142.132.42:9618?addrs=128.142.132.42-9618+[2001-1458-301-5a--100-1e]-9618&alias=b7g12p2658.cern.ch&noUDP&sock=startd_4223_3489>
...
006 (15155243.012.000) 10/07 13:31:57 Image size of job updated: 623884
	80  -  MemoryUsage of job (MB)
	81320  -  ResidentSetSize of job (KB)
...
006 (15155243.012.000) 10/07 13:36:58 Image size of job updated: 1053536
	530  -  MemoryUsage of job (MB)
	542140  -  ResidentSetSize of job (KB)
...
006 (15155243.012.000) 10/07 13:41:59 Image size of job updated: 1407944
	852  -  MemoryUsage of job (MB)
	871692  -  ResidentSetSize of job (KB)
...
006 (15155243.012.000) 10/07 13:51:59 Image size of job updated: 4162888
	852  -  MemoryUsage of job (MB)
	871692  -  ResidentSetSize of job (KB)
...
006 (15155243.012.000) 10/07 13:57:00 Image size of job updated: 4452800
	852  -  MemoryUsage of job (MB)
	871692  -  ResidentSetSize of job (KB)
...
006 (15155243.012.000) 10/07 14:02:00 Image size of job updated: 4515504
	852  -  MemoryUsage of job (MB)
	871692  -  ResidentSetSize of job (KB)
...
006 (15155243.012.000) 10/07 14:06:32 Image size of job updated: 4537412
	852  -  MemoryUsage of job (MB)
	871692  -  ResidentSetSize of job (KB)
...
040 (15155243.012.000) 10/07 14:06:32 Started transferring output files
...
040 (15155243.012.000) 10/07 14:06:32 Finished transferring output files
...
005 (15155243.012.000) 10/07 14:06:32 Job terminated.
	(1) Normal termination (return value 0)
		Usr 0 00:17:21, Sys 0 00:00:32  -  Run Remote Usage
		Usr 0 00:00:00, Sys 0 00:00:00  -  Run Local Usage
		Usr 0 00:17:21, Sys 0 00:00:32  -  Total Remote Usage
		Usr 0 00:00:00, Sys 0 00:00:00  -  Total Local Usage
	95097  -  Run Bytes Sent By Job
	323  -  Run Bytes Received By Job
	95097  -  Total Bytes Sent By Job
	323  -  Total Bytes Received By Job
	Partitionable Resources :    Usage  Request Allocated 
	   Cpus                 :     0.12        1         1 
	   Disk (KB)            :   114           1   1581017 
	   Memory (MB)          :   852        2000      2000 

	Job terminated of its own accord at 2023-10-07T12:06:32Z.
...
