000 (14807383.007.000) 05/15 18:20:36 Job submitted from host: <188.184.90.241:9618?addrs=188.184.90.241-9618+[2001-1458-201-e4--100-2eb]-9618&alias=bigbird15.cern.ch&noUDP&sock=schedd_3273_9590>
...
040 (14807383.007.000) 05/15 18:34:20 Started transferring input files
	Transferring to host: <128.142.195.54:9618?addrs=128.142.195.54-9618+[2001-1458-301-26--100-36]-9618&alias=b7g31p1733.cern.ch&noUDP&sock=slot1_39_4072_d79f_41380>
...
040 (14807383.007.000) 05/15 18:34:20 Finished transferring input files
...
001 (14807383.007.000) 05/15 18:34:21 Job executing on host: <128.142.195.54:9618?addrs=128.142.195.54-9618+[2001-1458-301-26--100-36]-9618&alias=b7g31p1733.cern.ch&noUDP&sock=startd_2825_4b22>
...
006 (14807383.007.000) 05/15 18:34:29 Image size of job updated: 164384
	161  -  MemoryUsage of job (MB)
	164384  -  ResidentSetSize of job (KB)
...
006 (14807383.007.000) 05/15 18:39:29 Image size of job updated: 2027760
	1356  -  MemoryUsage of job (MB)
	1388224  -  ResidentSetSize of job (KB)
...
006 (14807383.007.000) 05/15 18:49:30 Image size of job updated: 4086992
	1356  -  MemoryUsage of job (MB)
	1388224  -  ResidentSetSize of job (KB)
...
006 (14807383.007.000) 05/15 18:54:30 Image size of job updated: 4382860
	1356  -  MemoryUsage of job (MB)
	1388224  -  ResidentSetSize of job (KB)
...
006 (14807383.007.000) 05/15 18:59:28 Image size of job updated: 4413192
	1356  -  MemoryUsage of job (MB)
	1388224  -  ResidentSetSize of job (KB)
...
040 (14807383.007.000) 05/15 18:59:28 Started transferring output files
...
040 (14807383.007.000) 05/15 18:59:28 Finished transferring output files
...
005 (14807383.007.000) 05/15 18:59:28 Job terminated.
	(1) Normal termination (return value 0)
		Usr 0 00:09:10, Sys 0 00:00:34  -  Run Remote Usage
		Usr 0 00:00:00, Sys 0 00:00:00  -  Run Local Usage
		Usr 0 00:09:10, Sys 0 00:00:34  -  Total Remote Usage
		Usr 0 00:00:00, Sys 0 00:00:00  -  Total Local Usage
	122143  -  Run Bytes Sent By Job
	323  -  Run Bytes Received By Job
	122143  -  Total Bytes Sent By Job
	323  -  Total Bytes Received By Job
	Partitionable Resources :    Usage  Request Allocated 
	   Cpus                 :        0        1         1 
	   Disk (KB)            :      140        1   1247331 
	   Memory (MB)          :     1356     2000      2000 

	Job terminated of its own accord at 2023-05-15T16:59:28Z.
...
