000 (15159766.006.000) 10/09 11:47:56 Job submitted from host: <188.184.90.241:9618?addrs=188.184.90.241-9618+[2001-1458-201-e4--100-2eb]-9618&alias=bigbird15.cern.ch&noUDP&sock=schedd_2763_c443>
...
040 (15159766.006.000) 10/09 14:24:19 Started transferring input files
	Transferring to host: <128.142.137.117:9618?addrs=128.142.137.117-9618+[2001-1458-301-5e--100-69]-9618&alias=b7g19p0613.cern.ch&noUDP&sock=slot1_15_6923_a133_12719>
...
040 (15159766.006.000) 10/09 14:24:19 Finished transferring input files
...
001 (15159766.006.000) 10/09 14:24:20 Job executing on host: <128.142.137.117:9618?addrs=128.142.137.117-9618+[2001-1458-301-5e--100-69]-9618&alias=b7g19p0613.cern.ch&noUDP&sock=startd_3087_00f3>
...
006 (15159766.006.000) 10/09 14:24:29 Image size of job updated: 124560
	121  -  MemoryUsage of job (MB)
	123768  -  ResidentSetSize of job (KB)
...
006 (15159766.006.000) 10/09 14:27:49 Image size of job updated: 926684
	121  -  MemoryUsage of job (MB)
	123768  -  ResidentSetSize of job (KB)
...
040 (15159766.006.000) 10/09 14:27:49 Started transferring output files
...
040 (15159766.006.000) 10/09 14:27:49 Finished transferring output files
...
005 (15159766.006.000) 10/09 14:27:49 Job terminated.
	(1) Normal termination (return value 0)
		Usr 0 00:00:22, Sys 0 00:00:01  -  Run Remote Usage
		Usr 0 00:00:00, Sys 0 00:00:00  -  Run Local Usage
		Usr 0 00:00:22, Sys 0 00:00:01  -  Total Remote Usage
		Usr 0 00:00:00, Sys 0 00:00:00  -  Total Local Usage
	10673  -  Run Bytes Sent By Job
	374  -  Run Bytes Received By Job
	10673  -  Total Bytes Sent By Job
	374  -  Total Bytes Received By Job
	Partitionable Resources :    Usage  Request Allocated 
	   Cpus                 :                 1         1 
	   Disk (KB)            :       24        1   1711791 
	   Memory (MB)          :      121     2000      2000 

	Job terminated of its own accord at 2023-10-09T12:27:49Z.
...
