000 (15271413.184.000) 12/18 14:02:23 Job submitted from host: <188.184.90.241:9618?addrs=188.184.90.241-9618+[2001-1458-201-e4--100-2eb]-9618&alias=bigbird15.cern.ch&noUDP&sock=schedd_2763_c443>
...
040 (15271413.184.000) 12/18 14:06:50 Started transferring input files
	Transferring to host: <128.142.33.216:9618?addrs=128.142.33.216-9618+[2001-1458-301-39--100-15]-9618&alias=b9g24p5211.cern.ch&noUDP&sock=slot1_9_9982_f8cf_9693>
...
040 (15271413.184.000) 12/18 14:06:50 Finished transferring input files
...
001 (15271413.184.000) 12/18 14:06:51 Job executing on host: <128.142.33.216:9618?addrs=128.142.33.216-9618+[2001-1458-301-39--100-15]-9618&alias=b9g24p5211.cern.ch&noUDP&sock=startd_8623_3d3f>
...
006 (15271413.184.000) 12/18 14:07:00 Image size of job updated: 106044
	86  -  MemoryUsage of job (MB)
	87052  -  ResidentSetSize of job (KB)
...
006 (15271413.184.000) 12/18 14:12:01 Image size of job updated: 557184
	526  -  MemoryUsage of job (MB)
	538364  -  ResidentSetSize of job (KB)
...
006 (15271413.184.000) 12/18 14:15:47 Image size of job updated: 2845544
	526  -  MemoryUsage of job (MB)
	538364  -  ResidentSetSize of job (KB)
...
040 (15271413.184.000) 12/18 14:15:47 Started transferring output files
...
040 (15271413.184.000) 12/18 14:15:47 Finished transferring output files
...
005 (15271413.184.000) 12/18 14:15:47 Job terminated.
	(1) Normal termination (return value 0)
		Usr 0 00:06:54, Sys 0 00:00:07  -  Run Remote Usage
		Usr 0 00:00:00, Sys 0 00:00:00  -  Run Local Usage
		Usr 0 00:06:54, Sys 0 00:00:07  -  Total Remote Usage
		Usr 0 00:00:00, Sys 0 00:00:00  -  Total Local Usage
	162647  -  Run Bytes Sent By Job
	269  -  Run Bytes Received By Job
	162647  -  Total Bytes Sent By Job
	269  -  Total Bytes Received By Job
	Partitionable Resources :    Usage  Request Allocated 
	   Cpus                 :     0.06        1         1 
	   Disk (KB)            :   203           1   2846213 
	   Memory (MB)          :   526        2000      2000 

	Job terminated of its own accord at 2023-12-18T13:15:47Z.
...
