000 (15149098.070.000) 09/27 08:23:39 Job submitted from host: <188.184.90.241:9618?addrs=188.184.90.241-9618+[2001-1458-201-e4--100-2eb]-9618&alias=bigbird15.cern.ch&noUDP&sock=schedd_2763_c443>
...
040 (15149098.070.000) 09/27 08:40:34 Started transferring input files
	Transferring to host: <128.142.61.129:9618?addrs=128.142.61.129-9618+[2001-1458-301-23--100-80]-9618&alias=b7s06p7405.cern.ch&noUDP&sock=slot1_2_23448_fcb3_5673>
...
040 (15149098.070.000) 09/27 08:40:34 Finished transferring input files
...
001 (15149098.070.000) 09/27 08:40:35 Job executing on host: <128.142.61.129:9618?addrs=128.142.61.129-9618+[2001-1458-301-23--100-80]-9618&alias=b7s06p7405.cern.ch&noUDP&sock=startd_23400_083a>
...
006 (15149098.070.000) 09/27 08:40:43 Image size of job updated: 581064
	95  -  MemoryUsage of job (MB)
	96344  -  ResidentSetSize of job (KB)
...
006 (15149098.070.000) 09/27 08:45:44 Image size of job updated: 1101208
	95  -  MemoryUsage of job (MB)
	96344  -  ResidentSetSize of job (KB)
...
006 (15149098.070.000) 09/27 08:50:45 Image size of job updated: 3685956
	246  -  MemoryUsage of job (MB)
	251092  -  ResidentSetSize of job (KB)
...
006 (15149098.070.000) 09/27 08:55:45 Image size of job updated: 3967820
	524  -  MemoryUsage of job (MB)
	535720  -  ResidentSetSize of job (KB)
...
006 (15149098.070.000) 09/27 08:57:32 Image size of job updated: 3991364
	524  -  MemoryUsage of job (MB)
	535720  -  ResidentSetSize of job (KB)
...
040 (15149098.070.000) 09/27 08:57:32 Started transferring output files
...
040 (15149098.070.000) 09/27 08:57:32 Finished transferring output files
...
005 (15149098.070.000) 09/27 08:57:32 Job terminated.
	(1) Normal termination (return value 0)
		Usr 0 00:06:47, Sys 0 00:00:12  -  Run Remote Usage
		Usr 0 00:00:00, Sys 0 00:00:00  -  Run Local Usage
		Usr 0 00:06:47, Sys 0 00:00:12  -  Total Remote Usage
		Usr 0 00:00:00, Sys 0 00:00:00  -  Total Local Usage
	77932  -  Run Bytes Sent By Job
	323  -  Run Bytes Received By Job
	77932  -  Total Bytes Sent By Job
	323  -  Total Bytes Received By Job
	Partitionable Resources :    Usage  Request Allocated 
	   Cpus                 :     0.99        1         1 
	   Disk (KB)            :    97           1   1273373 
	   Memory (MB)          :   524        2000      2000 

	Job terminated of its own accord at 2023-09-27T06:57:32Z.
...
