000 (15159743.035.000) 10/09 07:56:33 Job submitted from host: <188.184.90.241:9618?addrs=188.184.90.241-9618+[2001-1458-201-e4--100-2eb]-9618&alias=bigbird15.cern.ch&noUDP&sock=schedd_2763_c443>
...
040 (15159743.035.000) 10/09 08:09:47 Started transferring input files
	Transferring to host: <128.142.137.217:9618?addrs=128.142.137.217-9618+[2001-1458-301-5e--100-cd]-9618&alias=b7g19p6459.cern.ch&noUDP&sock=slot1_35_3364_fe02_148278>
...
040 (15159743.035.000) 10/09 08:09:47 Finished transferring input files
...
001 (15159743.035.000) 10/09 08:09:48 Job executing on host: <128.142.137.217:9618?addrs=128.142.137.217-9618+[2001-1458-301-5e--100-cd]-9618&alias=b7g19p6459.cern.ch&noUDP&sock=startd_2729_720b>
...
006 (15159743.035.000) 10/09 08:09:57 Image size of job updated: 52772
	52  -  MemoryUsage of job (MB)
	52508  -  ResidentSetSize of job (KB)
...
006 (15159743.035.000) 10/09 08:14:58 Image size of job updated: 840444
	322  -  MemoryUsage of job (MB)
	329488  -  ResidentSetSize of job (KB)
...
006 (15159743.035.000) 10/09 08:19:58 Image size of job updated: 1103852
	580  -  MemoryUsage of job (MB)
	592916  -  ResidentSetSize of job (KB)
...
006 (15159743.035.000) 10/09 08:24:59 Image size of job updated: 1369252
	863  -  MemoryUsage of job (MB)
	883412  -  ResidentSetSize of job (KB)
...
006 (15159743.035.000) 10/09 08:30:00 Image size of job updated: 3889460
	3291  -  MemoryUsage of job (MB)
	3369404  -  ResidentSetSize of job (KB)
...
006 (15159743.035.000) 10/09 08:32:17 Image size of job updated: 4025492
	3291  -  MemoryUsage of job (MB)
	3369404  -  ResidentSetSize of job (KB)
...
040 (15159743.035.000) 10/09 08:32:17 Started transferring output files
...
040 (15159743.035.000) 10/09 08:32:17 Finished transferring output files
...
005 (15159743.035.000) 10/09 08:32:17 Job terminated.
	(1) Normal termination (return value 0)
		Usr 0 00:18:51, Sys 0 00:00:24  -  Run Remote Usage
		Usr 0 00:00:00, Sys 0 00:00:00  -  Run Local Usage
		Usr 0 00:18:51, Sys 0 00:00:24  -  Total Remote Usage
		Usr 0 00:00:00, Sys 0 00:00:00  -  Total Local Usage
	246673  -  Run Bytes Sent By Job
	269  -  Run Bytes Received By Job
	246673  -  Total Bytes Sent By Job
	269  -  Total Bytes Received By Job
	Partitionable Resources :    Usage  Request Allocated 
	   Cpus                 :     0.95        1         1 
	   Disk (KB)            :   262           1   1691338 
	   Memory (MB)          :  3291        2000      2000 

	Job terminated of its own accord at 2023-10-09T06:32:17Z.
...
