000 (14807135.027.000) 05/13 19:23:40 Job submitted from host: <188.184.90.241:9618?addrs=188.184.90.241-9618+[2001-1458-201-e4--100-2eb]-9618&alias=bigbird15.cern.ch&noUDP&sock=schedd_3273_9590>
...
040 (14807135.027.000) 05/13 19:35:16 Started transferring input files
	Transferring to host: <128.142.248.233:9618?addrs=128.142.248.233-9618+[2001-1458-301-73--100-e8]-9618&alias=b7g23p1714.cern.ch&noUDP&sock=slot1_1_4194_cd64_56166>
...
040 (14807135.027.000) 05/13 19:35:16 Finished transferring input files
...
001 (14807135.027.000) 05/13 19:35:17 Job executing on host: <128.142.248.233:9618?addrs=128.142.248.233-9618+[2001-1458-301-73--100-e8]-9618&alias=b7g23p1714.cern.ch&noUDP&sock=startd_3466_f758>
...
006 (14807135.027.000) 05/13 19:35:25 Image size of job updated: 554124
	47  -  MemoryUsage of job (MB)
	47672  -  ResidentSetSize of job (KB)
...
006 (14807135.027.000) 05/13 19:40:25 Image size of job updated: 1819668
	1252  -  MemoryUsage of job (MB)
	1281524  -  ResidentSetSize of job (KB)
...
006 (14807135.027.000) 05/13 19:45:26 Image size of job updated: 1844668
	1252  -  MemoryUsage of job (MB)
	1281524  -  ResidentSetSize of job (KB)
...
006 (14807135.027.000) 05/13 19:50:26 Image size of job updated: 4405280
	1252  -  MemoryUsage of job (MB)
	1281524  -  ResidentSetSize of job (KB)
...
006 (14807135.027.000) 05/13 19:52:09 Image size of job updated: 4485304
	1252  -  MemoryUsage of job (MB)
	1281524  -  ResidentSetSize of job (KB)
...
040 (14807135.027.000) 05/13 19:52:09 Started transferring output files
...
040 (14807135.027.000) 05/13 19:52:09 Finished transferring output files
...
005 (14807135.027.000) 05/13 19:52:09 Job terminated.
	(1) Normal termination (return value 0)
		Usr 0 00:11:09, Sys 0 00:00:41  -  Run Remote Usage
		Usr 0 00:00:00, Sys 0 00:00:00  -  Run Local Usage
		Usr 0 00:11:09, Sys 0 00:00:41  -  Total Remote Usage
		Usr 0 00:00:00, Sys 0 00:00:00  -  Total Local Usage
	104090  -  Run Bytes Sent By Job
	323  -  Run Bytes Received By Job
	104090  -  Total Bytes Sent By Job
	323  -  Total Bytes Received By Job
	Partitionable Resources :    Usage  Request Allocated 
	   Cpus                 :     0.30        1         1 
	   Disk (KB)            :   123           1   3093466 
	   Memory (MB)          :  1252        2000      2000 

	Job terminated of its own accord at 2023-05-13T17:52:09Z.
...
