Error in <TSystem::ExpandFileName>: input: $HOME/.root.mimes, output: $HOME/.root.mimes
Error in <TTree::SetBranchStatus>: unknown branch -> channelIdx

 *** Break *** segmentation violation



===========================================================
There was a crash.
This is the entire stack trace of all threads:
===========================================================
    gdb.printing.register_pretty_printer(gdb.current_objfile(),
    gdb.printing.register_pretty_printer(gdb.current_objfile(),
#0  0x00002b261da0f60c in waitpid () from /lib64/libc.so.6
#1  0x00002b261d98cf62 in do_system () from /lib64/libc.so.6
#2  0x00002b2618f083fc in TUnixSystem::StackTrace() () from /usr/lib64/root/libCore.so.6.24
#3  0x00002b2618f0a31a in TUnixSystem::DispatchSignals(ESignals) () from /usr/lib64/root/libCore.so.6.24
#4  <signal handler called>
#5  0x00000000004303c0 in std::vector<float, std::allocator<float> >::operator[](unsigned long) ()
#6  0x0000000000423db6 in main ()
===========================================================


The lines below might hint at the cause of the crash.
You may get help by asking at the ROOT forum https://root.cern.ch/forum
Only if you are really convinced it is a bug in ROOT then please submit a
report at https://root.cern.ch/bugs Please post the ENTIRE stack trace
from above as an attachment in addition to anything else
that might help us fixing this issue.
===========================================================
#5  0x00000000004303c0 in std::vector<float, std::allocator<float> >::operator[](unsigned long) ()
#6  0x0000000000423db6 in main ()
===========================================================


