000 (15153696.052.000) 10/03 22:27:19 Job submitted from host: <188.184.90.241:9618?addrs=188.184.90.241-9618+[2001-1458-201-e4--100-2eb]-9618&alias=bigbird15.cern.ch&noUDP&sock=schedd_2763_c443>
...
040 (15153696.052.000) 10/03 22:30:35 Started transferring input files
	Transferring to host: <128.142.63.86:9618?addrs=128.142.63.86-9618+[2001-1458-301-38--100-53]-9618&alias=b7s08p6818.cern.ch&noUDP&sock=slot1_12_3667_7bae_197213>
...
040 (15153696.052.000) 10/03 22:30:35 Finished transferring input files
...
001 (15153696.052.000) 10/03 22:30:36 Job executing on host: <128.142.63.86:9618?addrs=128.142.63.86-9618+[2001-1458-301-38--100-53]-9618&alias=b7s08p6818.cern.ch&noUDP&sock=startd_2890_e0ca>
...
006 (15153696.052.000) 10/03 22:30:39 Image size of job updated: 1
	0  -  MemoryUsage of job (MB)
	0  -  ResidentSetSize of job (KB)
...
040 (15153696.052.000) 10/03 22:30:39 Started transferring output files
...
040 (15153696.052.000) 10/03 22:30:39 Finished transferring output files
...
005 (15153696.052.000) 10/03 22:30:39 Job terminated.
	(1) Normal termination (return value 0)
		Usr 0 00:00:01, Sys 0 00:00:00  -  Run Remote Usage
		Usr 0 00:00:00, Sys 0 00:00:00  -  Run Local Usage
		Usr 0 00:00:01, Sys 0 00:00:00  -  Total Remote Usage
		Usr 0 00:00:00, Sys 0 00:00:00  -  Total Local Usage
	7568  -  Run Bytes Sent By Job
	374  -  Run Bytes Received By Job
	7568  -  Total Bytes Sent By Job
	374  -  Total Bytes Received By Job
	Partitionable Resources :    Usage  Request Allocated 
	   Cpus                 :                 1         1 
	   Disk (KB)            :       21        1   1320171 
	   Memory (MB)          :        0     2000      2000 

	Job terminated of its own accord at 2023-10-03T20:30:39Z.
...
