000 (15153696.059.000) 10/03 22:27:19 Job submitted from host: <188.184.90.241:9618?addrs=188.184.90.241-9618+[2001-1458-201-e4--100-2eb]-9618&alias=bigbird15.cern.ch&noUDP&sock=schedd_2763_c443>
...
040 (15153696.059.000) 10/03 22:30:37 Started transferring input files
	Transferring to host: <128.142.56.75:9618?addrs=128.142.56.75-9618+[2001-1458-301-6--100-4a]-9618&alias=b7s01p4222.cern.ch&noUDP&sock=slot1_5_3964_bf1a_36336>
...
040 (15153696.059.000) 10/03 22:30:37 Finished transferring input files
...
001 (15153696.059.000) 10/03 22:30:38 Job executing on host: <128.142.56.75:9618?addrs=128.142.56.75-9618+[2001-1458-301-6--100-4a]-9618&alias=b7s01p4222.cern.ch&noUDP&sock=startd_2709_ba26>
...
006 (15153696.059.000) 10/03 22:30:46 Image size of job updated: 912308
	122  -  MemoryUsage of job (MB)
	124312  -  ResidentSetSize of job (KB)
...
006 (15153696.059.000) 10/03 22:32:49 Image size of job updated: 913292
	122  -  MemoryUsage of job (MB)
	124312  -  ResidentSetSize of job (KB)
...
040 (15153696.059.000) 10/03 22:32:49 Started transferring output files
...
040 (15153696.059.000) 10/03 22:32:49 Finished transferring output files
...
005 (15153696.059.000) 10/03 22:32:49 Job terminated.
	(1) Normal termination (return value 0)
		Usr 0 00:00:04, Sys 0 00:00:00  -  Run Remote Usage
		Usr 0 00:00:00, Sys 0 00:00:00  -  Run Local Usage
		Usr 0 00:00:04, Sys 0 00:00:00  -  Total Remote Usage
		Usr 0 00:00:00, Sys 0 00:00:00  -  Total Local Usage
	8822  -  Run Bytes Sent By Job
	374  -  Run Bytes Received By Job
	8822  -  Total Bytes Sent By Job
	374  -  Total Bytes Received By Job
	Partitionable Resources :    Usage  Request Allocated 
	   Cpus                 :                 1         1 
	   Disk (KB)            :       22        1   1327912 
	   Memory (MB)          :      122     2000      2000 

	Job terminated of its own accord at 2023-10-03T20:32:49Z.
...
