000 (15155271.008.000) 10/07 16:55:47 Job submitted from host: <188.184.90.241:9618?addrs=188.184.90.241-9618+[2001-1458-201-e4--100-2eb]-9618&alias=bigbird15.cern.ch&noUDP&sock=schedd_2763_c443>
...
040 (15155271.008.000) 10/07 17:05:55 Started transferring input files
	Transferring to host: <128.142.248.23:9618?addrs=128.142.248.23-9618+[2001-1458-301-73--100-107]-9618&alias=b7g23p4077.cern.ch&noUDP&sock=slot1_2_223174_05ac_54711>
...
040 (15155271.008.000) 10/07 17:05:55 Finished transferring input files
...
001 (15155271.008.000) 10/07 17:05:56 Job executing on host: <128.142.248.23:9618?addrs=128.142.248.23-9618+[2001-1458-301-73--100-107]-9618&alias=b7g23p4077.cern.ch&noUDP&sock=startd_218394_b27e>
...
006 (15155271.008.000) 10/07 17:06:05 Image size of job updated: 624324
	53  -  MemoryUsage of job (MB)
	53252  -  ResidentSetSize of job (KB)
...
006 (15155271.008.000) 10/07 17:11:06 Image size of job updated: 1076220
	502  -  MemoryUsage of job (MB)
	513380  -  ResidentSetSize of job (KB)
...
006 (15155271.008.000) 10/07 17:16:07 Image size of job updated: 1101220
	502  -  MemoryUsage of job (MB)
	513380  -  ResidentSetSize of job (KB)
...
006 (15155271.008.000) 10/07 17:21:07 Image size of job updated: 3587996
	502  -  MemoryUsage of job (MB)
	513380  -  ResidentSetSize of job (KB)
...
006 (15155271.008.000) 10/07 17:26:08 Image size of job updated: 3827500
	502  -  MemoryUsage of job (MB)
	513380  -  ResidentSetSize of job (KB)
...
006 (15155271.008.000) 10/07 17:31:09 Image size of job updated: 3896592
	503  -  MemoryUsage of job (MB)
	514780  -  ResidentSetSize of job (KB)
...
006 (15155271.008.000) 10/07 17:34:34 Image size of job updated: 3909100
	503  -  MemoryUsage of job (MB)
	514780  -  ResidentSetSize of job (KB)
...
040 (15155271.008.000) 10/07 17:34:35 Started transferring output files
...
040 (15155271.008.000) 10/07 17:34:35 Finished transferring output files
...
005 (15155271.008.000) 10/07 17:34:35 Job terminated.
	(1) Normal termination (return value 0)
		Usr 0 00:08:20, Sys 0 00:00:18  -  Run Remote Usage
		Usr 0 00:00:00, Sys 0 00:00:00  -  Run Local Usage
		Usr 0 00:08:20, Sys 0 00:00:18  -  Total Remote Usage
		Usr 0 00:00:00, Sys 0 00:00:00  -  Total Local Usage
	76747  -  Run Bytes Sent By Job
	323  -  Run Bytes Received By Job
	76747  -  Total Bytes Sent By Job
	323  -  Total Bytes Received By Job
	Partitionable Resources :    Usage  Request Allocated 
	   Cpus                 :     0.21        1         1 
	   Disk (KB)            :    96           1   2942775 
	   Memory (MB)          :   503        2000      2000 

	Job terminated of its own accord at 2023-10-07T15:34:34Z.
...
