000 (15150662.150.000) 09/28 15:49:40 Job submitted from host: <188.184.90.241:9618?addrs=188.184.90.241-9618+[2001-1458-201-e4--100-2eb]-9618&alias=bigbird15.cern.ch&noUDP&sock=schedd_2763_c443>
...
040 (15150662.150.000) 09/28 16:01:37 Started transferring input files
	Transferring to host: <128.142.137.195:9618?addrs=128.142.137.195-9618+[2001-1458-301-5e--100-b7]-9618&alias=b7g19p9810.cern.ch&noUDP&sock=slot1_23_6921_3873_191244>
...
040 (15150662.150.000) 09/28 16:01:37 Finished transferring input files
...
001 (15150662.150.000) 09/28 16:01:38 Job executing on host: <128.142.137.195:9618?addrs=128.142.137.195-9618+[2001-1458-301-5e--100-b7]-9618&alias=b7g19p9810.cern.ch&noUDP&sock=startd_5402_e6b2>
...
006 (15150662.150.000) 09/28 16:01:46 Image size of job updated: 910168
	121  -  MemoryUsage of job (MB)
	123684  -  ResidentSetSize of job (KB)
...
006 (15150662.150.000) 09/28 16:05:00 Image size of job updated: 923056
	121  -  MemoryUsage of job (MB)
	123684  -  ResidentSetSize of job (KB)
...
040 (15150662.150.000) 09/28 16:05:00 Started transferring output files
...
040 (15150662.150.000) 09/28 16:05:00 Finished transferring output files
...
005 (15150662.150.000) 09/28 16:05:00 Job terminated.
	(1) Normal termination (return value 0)
		Usr 0 00:00:17, Sys 0 00:00:01  -  Run Remote Usage
		Usr 0 00:00:00, Sys 0 00:00:00  -  Run Local Usage
		Usr 0 00:00:17, Sys 0 00:00:01  -  Total Remote Usage
		Usr 0 00:00:00, Sys 0 00:00:00  -  Total Local Usage
	7935  -  Run Bytes Sent By Job
	374  -  Run Bytes Received By Job
	7935  -  Total Bytes Sent By Job
	374  -  Total Bytes Received By Job
	Partitionable Resources :    Usage  Request Allocated 
	   Cpus                 :                 1         1 
	   Disk (KB)            :       22        1   1597876 
	   Memory (MB)          :      121     2000      2000 

	Job terminated of its own accord at 2023-09-28T14:05:00Z.
...
