000 (15271413.109.000) 12/18 14:02:23 Job submitted from host: <188.184.90.241:9618?addrs=188.184.90.241-9618+[2001-1458-201-e4--100-2eb]-9618&alias=bigbird15.cern.ch&noUDP&sock=schedd_2763_c443>
...
040 (15271413.109.000) 12/18 14:06:27 Started transferring input files
	Transferring to host: <128.142.63.52:9618?addrs=128.142.63.52-9618+[2001-1458-301-38--100-31]-9618&alias=b9s08p9659.cern.ch&noUDP&sock=slot1_1_154220_b0f8_26445>
...
040 (15271413.109.000) 12/18 14:06:27 Finished transferring input files
...
001 (15271413.109.000) 12/18 14:06:28 Job executing on host: <128.142.63.52:9618?addrs=128.142.63.52-9618+[2001-1458-301-38--100-31]-9618&alias=b9s08p9659.cern.ch&noUDP&sock=startd_143598_dccd>
...
006 (15271413.109.000) 12/18 14:06:36 Image size of job updated: 143624
	122  -  MemoryUsage of job (MB)
	124628  -  ResidentSetSize of job (KB)
...
006 (15271413.109.000) 12/18 14:11:36 Image size of job updated: 499124
	473  -  MemoryUsage of job (MB)
	483732  -  ResidentSetSize of job (KB)
...
006 (15271413.109.000) 12/18 14:16:05 Image size of job updated: 2863568
	473  -  MemoryUsage of job (MB)
	483732  -  ResidentSetSize of job (KB)
...
040 (15271413.109.000) 12/18 14:16:05 Started transferring output files
...
040 (15271413.109.000) 12/18 14:16:05 Finished transferring output files
...
005 (15271413.109.000) 12/18 14:16:05 Job terminated.
	(1) Normal termination (return value 0)
		Usr 0 00:08:14, Sys 0 00:00:07  -  Run Remote Usage
		Usr 0 00:00:00, Sys 0 00:00:00  -  Run Local Usage
		Usr 0 00:08:14, Sys 0 00:00:07  -  Total Remote Usage
		Usr 0 00:00:00, Sys 0 00:00:00  -  Total Local Usage
	156621  -  Run Bytes Sent By Job
	269  -  Run Bytes Received By Job
	156621  -  Total Bytes Sent By Job
	269  -  Total Bytes Received By Job
	Partitionable Resources :    Usage  Request Allocated 
	   Cpus                 :                 1         1 
	   Disk (KB)            :      189        1   2932878 
	   Memory (MB)          :      473     2000      2000 

	Job terminated of its own accord at 2023-12-18T13:16:05Z.
...
