000 (14808124.017.000) 05/19 04:24:07 Job submitted from host: <188.184.90.241:9618?addrs=188.184.90.241-9618+[2001-1458-201-e4--100-2eb]-9618&alias=bigbird15.cern.ch&noUDP&sock=schedd_3273_9590>
...
040 (14808124.017.000) 05/19 04:35:45 Started transferring input files
	Transferring to host: <128.142.195.104:9618?addrs=128.142.195.104-9618+[2001-1458-301-26--100-68]-9618&alias=b7g31p5711.cern.ch&noUDP&sock=slot1_30_4091_3abf_44088>
...
040 (14808124.017.000) 05/19 04:35:45 Finished transferring input files
...
001 (14808124.017.000) 05/19 04:35:46 Job executing on host: <128.142.195.104:9618?addrs=128.142.195.104-9618+[2001-1458-301-26--100-68]-9618&alias=b7g31p5711.cern.ch&noUDP&sock=startd_2904_7b1e>
...
006 (14808124.017.000) 05/19 04:35:54 Image size of job updated: 723700
	232  -  MemoryUsage of job (MB)
	237352  -  ResidentSetSize of job (KB)
...
006 (14808124.017.000) 05/19 04:36:38 Image size of job updated: 1236144
	232  -  MemoryUsage of job (MB)
	237352  -  ResidentSetSize of job (KB)
...
040 (14808124.017.000) 05/19 04:36:38 Started transferring output files
...
040 (14808124.017.000) 05/19 04:36:38 Finished transferring output files
...
005 (14808124.017.000) 05/19 04:36:38 Job terminated.
	(1) Normal termination (return value 0)
		Usr 0 00:00:36, Sys 0 00:00:02  -  Run Remote Usage
		Usr 0 00:00:00, Sys 0 00:00:00  -  Run Local Usage
		Usr 0 00:00:36, Sys 0 00:00:02  -  Total Remote Usage
		Usr 0 00:00:00, Sys 0 00:00:00  -  Total Local Usage
	82370  -  Run Bytes Sent By Job
	269  -  Run Bytes Received By Job
	82370  -  Total Bytes Sent By Job
	269  -  Total Bytes Received By Job
	Partitionable Resources :    Usage  Request Allocated 
	   Cpus                 :                 1         1 
	   Disk (KB)            :       94        1   1324117 
	   Memory (MB)          :      232     2000      2000 

	Job terminated of its own accord at 2023-05-19T02:36:38Z.
...
