000 (14807404.014.000) 05/15 22:32:17 Job submitted from host: <188.184.90.241:9618?addrs=188.184.90.241-9618+[2001-1458-201-e4--100-2eb]-9618&alias=bigbird15.cern.ch&noUDP&sock=schedd_3273_9590>
...
040 (14807404.014.000) 05/15 22:47:28 Started transferring input files
	Transferring to host: <128.142.63.23:9618?addrs=128.142.63.23-9618&alias=b7s08p5414.cern.ch&noUDP&sock=slot1_31_3988_a81b_54060>
...
040 (14807404.014.000) 05/15 22:47:28 Finished transferring input files
...
001 (14807404.014.000) 05/15 22:47:29 Job executing on host: <128.142.63.23:9618?addrs=128.142.63.23-9618&alias=b7s08p5414.cern.ch&noUDP&sock=startd_3898_4841>
...
006 (14807404.014.000) 05/15 22:47:37 Image size of job updated: 554140
	47  -  MemoryUsage of job (MB)
	47696  -  ResidentSetSize of job (KB)
...
006 (14807404.014.000) 05/15 22:52:37 Image size of job updated: 1829460
	1261  -  MemoryUsage of job (MB)
	1291112  -  ResidentSetSize of job (KB)
...
006 (14807404.014.000) 05/15 22:57:38 Image size of job updated: 4036368
	1261  -  MemoryUsage of job (MB)
	1291164  -  ResidentSetSize of job (KB)
...
006 (14807404.014.000) 05/15 23:02:39 Image size of job updated: 4318744
	1261  -  MemoryUsage of job (MB)
	1291164  -  ResidentSetSize of job (KB)
...
006 (14807404.014.000) 05/15 23:07:39 Image size of job updated: 4389504
	1261  -  MemoryUsage of job (MB)
	1291164  -  ResidentSetSize of job (KB)
...
006 (14807404.014.000) 05/15 23:10:47 Image size of job updated: 4412176
	1261  -  MemoryUsage of job (MB)
	1291164  -  ResidentSetSize of job (KB)
...
040 (14807404.014.000) 05/15 23:10:48 Started transferring output files
...
040 (14807404.014.000) 05/15 23:10:48 Finished transferring output files
...
005 (14807404.014.000) 05/15 23:10:48 Job terminated.
	(1) Normal termination (return value 0)
		Usr 0 00:06:48, Sys 0 00:00:30  -  Run Remote Usage
		Usr 0 00:00:00, Sys 0 00:00:00  -  Run Local Usage
		Usr 0 00:06:48, Sys 0 00:00:30  -  Total Remote Usage
		Usr 0 00:00:00, Sys 0 00:00:00  -  Total Local Usage
	119387  -  Run Bytes Sent By Job
	323  -  Run Bytes Received By Job
	119387  -  Total Bytes Sent By Job
	323  -  Total Bytes Received By Job
	Partitionable Resources :    Usage  Request Allocated 
	   Cpus                 :     0.01        1         1 
	   Disk (KB)            :   137           1   1378858 
	   Memory (MB)          :  1261        2000      2000 

	Job terminated of its own accord at 2023-05-15T21:10:47Z.
...
