000 (14807135.011.000) 05/13 19:23:40 Job submitted from host: <188.184.90.241:9618?addrs=188.184.90.241-9618+[2001-1458-201-e4--100-2eb]-9618&alias=bigbird15.cern.ch&noUDP&sock=schedd_3273_9590>
...
040 (14807135.011.000) 05/13 19:35:10 Started transferring input files
	Transferring to host: <188.184.163.115:9618?addrs=188.184.163.115-9618&alias=b7s12p9670.cern.ch&noUDP&sock=slot1_25_3706_f650_62144>
...
040 (14807135.011.000) 05/13 19:35:10 Finished transferring input files
...
001 (14807135.011.000) 05/13 19:35:11 Job executing on host: <188.184.163.115:9618?addrs=188.184.163.115-9618&alias=b7s12p9670.cern.ch&noUDP&sock=startd_2959_34d3>
...
006 (14807135.011.000) 05/13 19:35:20 Image size of job updated: 554572
	48  -  MemoryUsage of job (MB)
	48140  -  ResidentSetSize of job (KB)
...
006 (14807135.011.000) 05/13 19:40:21 Image size of job updated: 2179024
	1653  -  MemoryUsage of job (MB)
	1691796  -  ResidentSetSize of job (KB)
...
006 (14807135.011.000) 05/13 19:45:21 Image size of job updated: 3687204
	3097  -  MemoryUsage of job (MB)
	3170436  -  ResidentSetSize of job (KB)
...
006 (14807135.011.000) 05/13 19:50:21 Image size of job updated: 5079320
	4473  -  MemoryUsage of job (MB)
	4580108  -  ResidentSetSize of job (KB)
...
006 (14807135.011.000) 05/13 19:55:22 Image size of job updated: 6441028
	5796  -  MemoryUsage of job (MB)
	5934472  -  ResidentSetSize of job (KB)
...
040 (14807135.011.000) 05/13 19:55:22 Started transferring output files
...
040 (14807135.011.000) 05/13 19:55:22 Finished transferring output files
...
009 (14807135.011.000) 05/13 19:55:22 Job was aborted.
	Job removed by SYSTEM_PERIODIC_REMOVE due to wall time exceeded allowed max.
...
