000 (15271413.042.000) 12/18 14:02:22 Job submitted from host: <188.184.90.241:9618?addrs=188.184.90.241-9618+[2001-1458-201-e4--100-2eb]-9618&alias=bigbird15.cern.ch&noUDP&sock=schedd_2763_c443>
...
040 (15271413.042.000) 12/18 14:06:02 Started transferring input files
	Transferring to host: <188.184.162.133:9618?addrs=188.184.162.133-9618+[2001-1458-301-4a--100-7f]-9618&alias=b9s11p5358.cern.ch&noUDP&sock=slot1_5_22483_0eab_30855>
...
040 (15271413.042.000) 12/18 14:06:02 Finished transferring input files
...
001 (15271413.042.000) 12/18 14:06:03 Job executing on host: <188.184.162.133:9618?addrs=188.184.162.133-9618+[2001-1458-301-4a--100-7f]-9618&alias=b9s11p5358.cern.ch&noUDP&sock=startd_20916_36fa>
...
006 (15271413.042.000) 12/18 14:06:12 Image size of job updated: 451240
	419  -  MemoryUsage of job (MB)
	428488  -  ResidentSetSize of job (KB)
...
006 (15271413.042.000) 12/18 14:11:13 Image size of job updated: 891084
	871  -  MemoryUsage of job (MB)
	891008  -  ResidentSetSize of job (KB)
...
006 (15271413.042.000) 12/18 14:14:27 Image size of job updated: 2966496
	871  -  MemoryUsage of job (MB)
	891008  -  ResidentSetSize of job (KB)
...
040 (15271413.042.000) 12/18 14:14:27 Started transferring output files
...
040 (15271413.042.000) 12/18 14:14:27 Finished transferring output files
...
005 (15271413.042.000) 12/18 14:14:27 Job terminated.
	(1) Normal termination (return value 0)
		Usr 0 00:05:14, Sys 0 00:00:06  -  Run Remote Usage
		Usr 0 00:00:00, Sys 0 00:00:00  -  Run Local Usage
		Usr 0 00:05:14, Sys 0 00:00:06  -  Total Remote Usage
		Usr 0 00:00:00, Sys 0 00:00:00  -  Total Local Usage
	114739  -  Run Bytes Sent By Job
	269  -  Run Bytes Received By Job
	114739  -  Total Bytes Sent By Job
	269  -  Total Bytes Received By Job
	Partitionable Resources :    Usage  Request Allocated 
	   Cpus                 :                 1         1 
	   Disk (KB)            :      149        1   2994447 
	   Memory (MB)          :      871     2000      2000 

	Job terminated of its own accord at 2023-12-18T13:14:27Z.
...
