000 (15150654.184.000) 09/28 14:27:13 Job submitted from host: <188.184.90.241:9618?addrs=188.184.90.241-9618+[2001-1458-201-e4--100-2eb]-9618&alias=bigbird15.cern.ch&noUDP&sock=schedd_2763_c443>
...
040 (15150654.184.000) 09/28 14:46:57 Started transferring input files
	Transferring to host: <128.142.63.105:9618?addrs=128.142.63.105-9618+[2001-1458-301-38--100-66]-9618&alias=b7s08p3774.cern.ch&noUDP&sock=slot1_19_5192_fbcc_198384>
...
040 (15150654.184.000) 09/28 14:46:57 Finished transferring input files
...
001 (15150654.184.000) 09/28 14:46:58 Job executing on host: <128.142.63.105:9618?addrs=128.142.63.105-9618+[2001-1458-301-38--100-66]-9618&alias=b7s08p3774.cern.ch&noUDP&sock=startd_4572_9716>
...
006 (15150654.184.000) 09/28 14:47:00 Image size of job updated: 92536
	0  -  MemoryUsage of job (MB)
	0  -  ResidentSetSize of job (KB)
...
040 (15150654.184.000) 09/28 14:47:01 Started transferring output files
...
040 (15150654.184.000) 09/28 14:47:01 Finished transferring output files
...
005 (15150654.184.000) 09/28 14:47:01 Job terminated.
	(1) Normal termination (return value 0)
		Usr 0 00:00:01, Sys 0 00:00:00  -  Run Remote Usage
		Usr 0 00:00:00, Sys 0 00:00:00  -  Run Local Usage
		Usr 0 00:00:01, Sys 0 00:00:00  -  Total Remote Usage
		Usr 0 00:00:00, Sys 0 00:00:00  -  Total Local Usage
	6768  -  Run Bytes Sent By Job
	374  -  Run Bytes Received By Job
	6768  -  Total Bytes Sent By Job
	374  -  Total Bytes Received By Job
	Partitionable Resources :    Usage  Request Allocated 
	   Cpus                 :                 1         1 
	   Disk (KB)            :       20        1   1375063 
	   Memory (MB)          :        0     2000      2000 

	Job terminated of its own accord at 2023-09-28T12:47:00Z.
...
