000 (14832095.045.000) 06/12 15:17:57 Job submitted from host: <188.184.90.241:9618?addrs=188.184.90.241-9618+[2001-1458-201-e4--100-2eb]-9618&alias=bigbird15.cern.ch&noUDP&sock=schedd_1460210_2ef4>
...
040 (14832095.045.000) 06/12 15:19:51 Started transferring input files
	Transferring to host: <128.142.63.82:9618?addrs=128.142.63.82-9618+[2001-1458-301-38--100-4f]-9618&alias=b7s08p2864.cern.ch&noUDP&sock=slot1_10_3255_311d_64277>
...
040 (14832095.045.000) 06/12 15:19:51 Finished transferring input files
...
001 (14832095.045.000) 06/12 15:19:52 Job executing on host: <128.142.63.82:9618?addrs=128.142.63.82-9618+[2001-1458-301-38--100-4f]-9618&alias=b7s08p2864.cern.ch&noUDP&sock=startd_2859_9d5b>
...
006 (14832095.045.000) 06/12 15:20:00 Image size of job updated: 48168
	47  -  MemoryUsage of job (MB)
	47624  -  ResidentSetSize of job (KB)
...
006 (14832095.045.000) 06/12 15:25:00 Image size of job updated: 1793664
	1328  -  MemoryUsage of job (MB)
	1359836  -  ResidentSetSize of job (KB)
...
006 (14832095.045.000) 06/12 15:30:01 Image size of job updated: 2537128
	1929  -  MemoryUsage of job (MB)
	1974632  -  ResidentSetSize of job (KB)
...
006 (14832095.045.000) 06/12 15:35:01 Image size of job updated: 2829404
	1929  -  MemoryUsage of job (MB)
	1974632  -  ResidentSetSize of job (KB)
...
006 (14832095.045.000) 06/12 15:45:02 Image size of job updated: 4098268
	1929  -  MemoryUsage of job (MB)
	1974632  -  ResidentSetSize of job (KB)
...
006 (14832095.045.000) 06/12 15:50:03 Image size of job updated: 4339852
	1929  -  MemoryUsage of job (MB)
	1974632  -  ResidentSetSize of job (KB)
...
006 (14832095.045.000) 06/12 15:55:03 Image size of job updated: 4402624
	1929  -  MemoryUsage of job (MB)
	1974632  -  ResidentSetSize of job (KB)
...
006 (14832095.045.000) 06/12 16:00:04 Image size of job updated: 4424848
	1929  -  MemoryUsage of job (MB)
	1974632  -  ResidentSetSize of job (KB)
...
006 (14832095.045.000) 06/12 16:00:16 Image size of job updated: 4426108
	1929  -  MemoryUsage of job (MB)
	1974632  -  ResidentSetSize of job (KB)
...
040 (14832095.045.000) 06/12 16:00:16 Started transferring output files
...
040 (14832095.045.000) 06/12 16:00:16 Finished transferring output files
...
005 (14832095.045.000) 06/12 16:00:16 Job terminated.
	(1) Normal termination (return value 0)
		Usr 0 00:12:05, Sys 0 00:01:01  -  Run Remote Usage
		Usr 0 00:00:00, Sys 0 00:00:00  -  Run Local Usage
		Usr 0 00:12:05, Sys 0 00:01:01  -  Total Remote Usage
		Usr 0 00:00:00, Sys 0 00:00:00  -  Total Local Usage
	143956  -  Run Bytes Sent By Job
	323  -  Run Bytes Received By Job
	143956  -  Total Bytes Sent By Job
	323  -  Total Bytes Received By Job
	Partitionable Resources :    Usage  Request Allocated 
	   Cpus                 :     1.00        1         1 
	   Disk (KB)            :   162           1   1350138 
	   Memory (MB)          :  1929        2000      2000 

	Job terminated of its own accord at 2023-06-12T14:00:16Z.
...
