000 (15150654.167.000) 09/28 14:27:13 Job submitted from host: <188.184.90.241:9618?addrs=188.184.90.241-9618+[2001-1458-201-e4--100-2eb]-9618&alias=bigbird15.cern.ch&noUDP&sock=schedd_2763_c443>
...
040 (15150654.167.000) 09/28 14:46:52 Started transferring input files
	Transferring to host: <128.142.56.122:9618?addrs=128.142.56.122-9618+[2001-1458-301-6--100-79]-9618&alias=b7s01p5731.cern.ch&noUDP&sock=slot1_17_3165_c75a_200616>
...
040 (15150654.167.000) 09/28 14:46:52 Finished transferring input files
...
001 (15150654.167.000) 09/28 14:46:53 Job executing on host: <128.142.56.122:9618?addrs=128.142.56.122-9618+[2001-1458-301-6--100-79]-9618&alias=b7s01p5731.cern.ch&noUDP&sock=startd_2780_6d5f>
...
006 (15150654.167.000) 09/28 14:46:55 Image size of job updated: 88664
	0  -  MemoryUsage of job (MB)
	0  -  ResidentSetSize of job (KB)
...
040 (15150654.167.000) 09/28 14:46:55 Started transferring output files
...
040 (15150654.167.000) 09/28 14:46:55 Finished transferring output files
...
005 (15150654.167.000) 09/28 14:46:55 Job terminated.
	(1) Normal termination (return value 0)
		Usr 0 00:00:00, Sys 0 00:00:00  -  Run Remote Usage
		Usr 0 00:00:00, Sys 0 00:00:00  -  Run Local Usage
		Usr 0 00:00:00, Sys 0 00:00:00  -  Total Remote Usage
		Usr 0 00:00:00, Sys 0 00:00:00  -  Total Local Usage
	6931  -  Run Bytes Sent By Job
	374  -  Run Bytes Received By Job
	6931  -  Total Bytes Sent By Job
	374  -  Total Bytes Received By Job
	Partitionable Resources :    Usage  Request Allocated 
	   Cpus                 :                 1         1 
	   Disk (KB)            :       21        1   1346883 
	   Memory (MB)          :        0     2000      2000 

	Job terminated of its own accord at 2023-09-28T12:46:55Z.
...
