000 (15155256.002.000) 10/07 14:35:52 Job submitted from host: <188.184.90.241:9618?addrs=188.184.90.241-9618+[2001-1458-201-e4--100-2eb]-9618&alias=bigbird15.cern.ch&noUDP&sock=schedd_2763_c443>
...
040 (15155256.002.000) 10/07 14:37:46 Started transferring input files
	Transferring to host: <128.142.59.111:9618?addrs=128.142.59.111-9618+[2001-1458-301-21--100-6e]-9618&alias=b7s04p1314.cern.ch&noUDP&sock=slot1_28_4212_7c24_208686>
...
040 (15155256.002.000) 10/07 14:37:46 Finished transferring input files
...
001 (15155256.002.000) 10/07 14:37:47 Job executing on host: <128.142.59.111:9618?addrs=128.142.59.111-9618+[2001-1458-301-21--100-6e]-9618&alias=b7s04p1314.cern.ch&noUDP&sock=startd_2959_34d3>
...
006 (15155256.002.000) 10/07 14:37:55 Image size of job updated: 52324
	51  -  MemoryUsage of job (MB)
	51704  -  ResidentSetSize of job (KB)
...
006 (15155256.002.000) 10/07 14:42:55 Image size of job updated: 1070248
	546  -  MemoryUsage of job (MB)
	558216  -  ResidentSetSize of job (KB)
...
006 (15155256.002.000) 10/07 14:47:56 Image size of job updated: 1487932
	953  -  MemoryUsage of job (MB)
	975320  -  ResidentSetSize of job (KB)
...
006 (15155256.002.000) 10/07 14:52:56 Image size of job updated: 1625272
	953  -  MemoryUsage of job (MB)
	975320  -  ResidentSetSize of job (KB)
...
006 (15155256.002.000) 10/07 14:57:56 Image size of job updated: 3721876
	953  -  MemoryUsage of job (MB)
	975320  -  ResidentSetSize of job (KB)
...
006 (15155256.002.000) 10/07 15:02:57 Image size of job updated: 3967744
	953  -  MemoryUsage of job (MB)
	975320  -  ResidentSetSize of job (KB)
...
006 (15155256.002.000) 10/07 15:07:58 Image size of job updated: 4024624
	953  -  MemoryUsage of job (MB)
	975320  -  ResidentSetSize of job (KB)
...
006 (15155256.002.000) 10/07 15:11:00 Image size of job updated: 4042532
	953  -  MemoryUsage of job (MB)
	975320  -  ResidentSetSize of job (KB)
...
040 (15155256.002.000) 10/07 15:11:00 Started transferring output files
...
040 (15155256.002.000) 10/07 15:11:00 Finished transferring output files
...
005 (15155256.002.000) 10/07 15:11:00 Job terminated.
	(1) Normal termination (return value 0)
		Usr 0 00:17:39, Sys 0 00:00:32  -  Run Remote Usage
		Usr 0 00:00:00, Sys 0 00:00:00  -  Run Local Usage
		Usr 0 00:17:39, Sys 0 00:00:32  -  Total Remote Usage
		Usr 0 00:00:00, Sys 0 00:00:00  -  Total Local Usage
	108356  -  Run Bytes Sent By Job
	323  -  Run Bytes Received By Job
	108356  -  Total Bytes Sent By Job
	323  -  Total Bytes Received By Job
	Partitionable Resources :    Usage  Request Allocated 
	   Cpus                 :     0.24        1         1 
	   Disk (KB)            :   127           1   2943652 
	   Memory (MB)          :   953        2000      2000 

	Job terminated of its own accord at 2023-10-07T13:11:00Z.
...
