000 (14807221.022.000) 05/14 12:38:57 Job submitted from host: <188.184.90.241:9618?addrs=188.184.90.241-9618+[2001-1458-201-e4--100-2eb]-9618&alias=bigbird15.cern.ch&noUDP&sock=schedd_3273_9590>
...
040 (14807221.022.000) 05/14 12:50:09 Started transferring input files
	Transferring to host: <128.142.60.91:9618?addrs=128.142.60.91-9618+[2001-1458-301-22--100-5a]-9618&alias=b7s05p9425.cern.ch&noUDP&sock=slot1_40_11980_be60_31850>
...
040 (14807221.022.000) 05/14 12:50:09 Finished transferring input files
...
001 (14807221.022.000) 05/14 12:50:10 Job executing on host: <128.142.60.91:9618?addrs=128.142.60.91-9618+[2001-1458-301-22--100-5a]-9618&alias=b7s05p9425.cern.ch&noUDP&sock=startd_11717_7745>
...
006 (14807221.022.000) 05/14 12:50:18 Image size of job updated: 126240
	47  -  MemoryUsage of job (MB)
	47680  -  ResidentSetSize of job (KB)
...
006 (14807221.022.000) 05/14 12:55:19 Image size of job updated: 1913176
	1343  -  MemoryUsage of job (MB)
	1375180  -  ResidentSetSize of job (KB)
...
006 (14807221.022.000) 05/14 13:05:20 Image size of job updated: 4111952
	1343  -  MemoryUsage of job (MB)
	1375180  -  ResidentSetSize of job (KB)
...
006 (14807221.022.000) 05/14 13:10:20 Image size of job updated: 4401764
	1343  -  MemoryUsage of job (MB)
	1375180  -  ResidentSetSize of job (KB)
...
006 (14807221.022.000) 05/14 13:15:21 Image size of job updated: 4469092
	1343  -  MemoryUsage of job (MB)
	1375180  -  ResidentSetSize of job (KB)
...
006 (14807221.022.000) 05/14 13:20:21 Image size of job updated: 4493164
	1343  -  MemoryUsage of job (MB)
	1375180  -  ResidentSetSize of job (KB)
...
006 (14807221.022.000) 05/14 13:20:30 Image size of job updated: 4494884
	1343  -  MemoryUsage of job (MB)
	1375180  -  ResidentSetSize of job (KB)
...
040 (14807221.022.000) 05/14 13:20:30 Started transferring output files
...
040 (14807221.022.000) 05/14 13:20:30 Finished transferring output files
...
005 (14807221.022.000) 05/14 13:20:30 Job terminated.
	(1) Normal termination (return value 0)
		Usr 0 00:07:29, Sys 0 00:00:35  -  Run Remote Usage
		Usr 0 00:00:00, Sys 0 00:00:00  -  Run Local Usage
		Usr 0 00:07:29, Sys 0 00:00:35  -  Total Remote Usage
		Usr 0 00:00:00, Sys 0 00:00:00  -  Total Local Usage
	108180  -  Run Bytes Sent By Job
	323  -  Run Bytes Received By Job
	108180  -  Total Bytes Sent By Job
	323  -  Total Bytes Received By Job
	Partitionable Resources :    Usage  Request Allocated 
	   Cpus                 :     0.47        1         1 
	   Disk (KB)            :   127           1   2906133 
	   Memory (MB)          :  1343        2000      2000 

	Job terminated of its own accord at 2023-05-14T11:20:30Z.
...
