000 (15148591.036.000) 09/26 23:15:32 Job submitted from host: <188.184.90.241:9618?addrs=188.184.90.241-9618+[2001-1458-201-e4--100-2eb]-9618&alias=bigbird15.cern.ch&noUDP&sock=schedd_2763_c443>
...
040 (15148591.036.000) 09/26 23:30:30 Started transferring input files
	Transferring to host: <188.184.162.77:9618?addrs=188.184.162.77-9618+[2001-1458-301-4a--100-47]-9618&alias=b7s11p0570.cern.ch&noUDP&sock=slot1_29_179423_7c19_181160>
...
040 (15148591.036.000) 09/26 23:30:30 Finished transferring input files
...
001 (15148591.036.000) 09/26 23:30:31 Job executing on host: <188.184.162.77:9618?addrs=188.184.162.77-9618+[2001-1458-301-4a--100-47]-9618&alias=b7s11p0570.cern.ch&noUDP&sock=startd_3269_d72f>
...
006 (15148591.036.000) 09/26 23:30:39 Image size of job updated: 624496
	54  -  MemoryUsage of job (MB)
	54440  -  ResidentSetSize of job (KB)
...
006 (15148591.036.000) 09/26 23:35:39 Image size of job updated: 1189988
	663  -  MemoryUsage of job (MB)
	678228  -  ResidentSetSize of job (KB)
...
006 (15148591.036.000) 09/26 23:40:40 Image size of job updated: 1371968
	663  -  MemoryUsage of job (MB)
	678228  -  ResidentSetSize of job (KB)
...
006 (15148591.036.000) 09/26 23:45:41 Image size of job updated: 4084340
	663  -  MemoryUsage of job (MB)
	678228  -  ResidentSetSize of job (KB)
...
006 (15148591.036.000) 09/26 23:50:41 Image size of job updated: 4133760
	663  -  MemoryUsage of job (MB)
	678228  -  ResidentSetSize of job (KB)
...
006 (15148591.036.000) 09/26 23:55:42 Image size of job updated: 4376800
	663  -  MemoryUsage of job (MB)
	678228  -  ResidentSetSize of job (KB)
...
006 (15148591.036.000) 09/27 00:00:43 Image size of job updated: 4449892
	663  -  MemoryUsage of job (MB)
	678228  -  ResidentSetSize of job (KB)
...
006 (15148591.036.000) 09/27 00:02:50 Image size of job updated: 4459612
	663  -  MemoryUsage of job (MB)
	678228  -  ResidentSetSize of job (KB)
...
040 (15148591.036.000) 09/27 00:02:50 Started transferring output files
...
040 (15148591.036.000) 09/27 00:02:50 Finished transferring output files
...
005 (15148591.036.000) 09/27 00:02:50 Job terminated.
	(1) Normal termination (return value 0)
		Usr 0 00:11:38, Sys 0 00:00:25  -  Run Remote Usage
		Usr 0 00:00:00, Sys 0 00:00:00  -  Run Local Usage
		Usr 0 00:11:38, Sys 0 00:00:25  -  Total Remote Usage
		Usr 0 00:00:00, Sys 0 00:00:00  -  Total Local Usage
	100321  -  Run Bytes Sent By Job
	323  -  Run Bytes Received By Job
	100321  -  Total Bytes Sent By Job
	323  -  Total Bytes Received By Job
	Partitionable Resources :    Usage  Request Allocated 
	   Cpus                 :     0.35        1         1 
	   Disk (KB)            :   119           1   3128123 
	   Memory (MB)          :   663        2000      2000 

	Job terminated of its own accord at 2023-09-26T22:02:50Z.
...
