000 (15151321.100.000) 10/02 14:58:31 Job submitted from host: <188.184.90.241:9618?addrs=188.184.90.241-9618+[2001-1458-201-e4--100-2eb]-9618&alias=bigbird15.cern.ch&noUDP&sock=schedd_2763_c443>
...
040 (15151321.100.000) 10/02 15:17:00 Started transferring input files
	Transferring to host: <128.142.61.96:9618?addrs=128.142.61.96-9618+[2001-1458-301-23--100-5f]-9618&alias=b7s06p7602.cern.ch&noUDP&sock=slot1_4_12717_06de_26837>
...
040 (15151321.100.000) 10/02 15:17:00 Finished transferring input files
...
001 (15151321.100.000) 10/02 15:17:01 Job executing on host: <128.142.61.96:9618?addrs=128.142.61.96-9618+[2001-1458-301-23--100-5f]-9618&alias=b7s06p7602.cern.ch&noUDP&sock=startd_18882_0f58>
...
006 (15151321.100.000) 10/02 15:17:10 Image size of job updated: 911748
	123  -  MemoryUsage of job (MB)
	125292  -  ResidentSetSize of job (KB)
...
006 (15151321.100.000) 10/02 15:18:14 Image size of job updated: 923196
	123  -  MemoryUsage of job (MB)
	125292  -  ResidentSetSize of job (KB)
...
040 (15151321.100.000) 10/02 15:18:14 Started transferring output files
...
040 (15151321.100.000) 10/02 15:18:14 Finished transferring output files
...
005 (15151321.100.000) 10/02 15:18:14 Job terminated.
	(1) Normal termination (return value 0)
		Usr 0 00:00:11, Sys 0 00:00:01  -  Run Remote Usage
		Usr 0 00:00:00, Sys 0 00:00:00  -  Run Local Usage
		Usr 0 00:00:11, Sys 0 00:00:01  -  Total Remote Usage
		Usr 0 00:00:00, Sys 0 00:00:00  -  Total Local Usage
	8077  -  Run Bytes Sent By Job
	374  -  Run Bytes Received By Job
	8077  -  Total Bytes Sent By Job
	374  -  Total Bytes Received By Job
	Partitionable Resources :    Usage  Request Allocated 
	   Cpus                 :                 1         1 
	   Disk (KB)            :       23        1   1321523 
	   Memory (MB)          :      123     2000      2000 

	Job terminated of its own accord at 2023-10-02T13:18:14Z.
...
