000 (15159766.027.000) 10/09 11:47:56 Job submitted from host: <188.184.90.241:9618?addrs=188.184.90.241-9618+[2001-1458-201-e4--100-2eb]-9618&alias=bigbird15.cern.ch&noUDP&sock=schedd_2763_c443>
...
040 (15159766.027.000) 10/09 14:24:26 Started transferring input files
	Transferring to host: <128.142.132.191:9618?addrs=128.142.132.191-9618+[2001-1458-301-5a--100-b3]-9618&alias=b7g12p2782.cern.ch&noUDP&sock=slot1_2_3626_984d_85591>
...
040 (15159766.027.000) 10/09 14:24:26 Finished transferring input files
...
001 (15159766.027.000) 10/09 14:24:27 Job executing on host: <128.142.132.191:9618?addrs=128.142.132.191-9618+[2001-1458-301-5a--100-b3]-9618&alias=b7g12p2782.cern.ch&noUDP&sock=startd_2955_7672>
...
006 (15159766.027.000) 10/09 14:24:36 Image size of job updated: 912632
	122  -  MemoryUsage of job (MB)
	124824  -  ResidentSetSize of job (KB)
...
006 (15159766.027.000) 10/09 14:28:49 Image size of job updated: 926636
	122  -  MemoryUsage of job (MB)
	124824  -  ResidentSetSize of job (KB)
...
040 (15159766.027.000) 10/09 14:28:49 Started transferring output files
...
040 (15159766.027.000) 10/09 14:28:49 Finished transferring output files
...
005 (15159766.027.000) 10/09 14:28:49 Job terminated.
	(1) Normal termination (return value 0)
		Usr 0 00:00:19, Sys 0 00:00:01  -  Run Remote Usage
		Usr 0 00:00:00, Sys 0 00:00:00  -  Run Local Usage
		Usr 0 00:00:19, Sys 0 00:00:01  -  Total Remote Usage
		Usr 0 00:00:00, Sys 0 00:00:00  -  Total Local Usage
	10674  -  Run Bytes Sent By Job
	374  -  Run Bytes Received By Job
	10674  -  Total Bytes Sent By Job
	374  -  Total Bytes Received By Job
	Partitionable Resources :    Usage  Request Allocated 
	   Cpus                 :                 1         1 
	   Disk (KB)            :       24        1   1624078 
	   Memory (MB)          :      122     2000      2000 

	Job terminated of its own accord at 2023-10-09T12:28:49Z.
...
