000 (15159766.070.000) 10/09 11:47:56 Job submitted from host: <188.184.90.241:9618?addrs=188.184.90.241-9618+[2001-1458-201-e4--100-2eb]-9618&alias=bigbird15.cern.ch&noUDP&sock=schedd_2763_c443>
...
040 (15159766.070.000) 10/09 14:24:39 Started transferring input files
	Transferring to host: <128.142.58.56:9618?addrs=128.142.58.56-9618+[2001-1458-301-16--100-37]-9618&alias=b7s03p5230.cern.ch&noUDP&sock=slot1_6_38514_58d7_46324>
...
040 (15159766.070.000) 10/09 14:24:39 Finished transferring input files
...
001 (15159766.070.000) 10/09 14:24:40 Job executing on host: <128.142.58.56:9618?addrs=128.142.58.56-9618+[2001-1458-301-16--100-37]-9618&alias=b7s03p5230.cern.ch&noUDP&sock=startd_4520_ec2a>
...
006 (15159766.070.000) 10/09 14:24:48 Image size of job updated: 123444
	121  -  MemoryUsage of job (MB)
	123444  -  ResidentSetSize of job (KB)
...
006 (15159766.070.000) 10/09 14:29:48 Image size of job updated: 923660
	131  -  MemoryUsage of job (MB)
	133336  -  ResidentSetSize of job (KB)
...
040 (15159766.070.000) 10/09 14:29:49 Started transferring output files
...
040 (15159766.070.000) 10/09 14:29:49 Finished transferring output files
...
005 (15159766.070.000) 10/09 14:29:49 Job terminated.
	(1) Normal termination (return value 0)
		Usr 0 00:00:09, Sys 0 00:00:00  -  Run Remote Usage
		Usr 0 00:00:00, Sys 0 00:00:00  -  Run Local Usage
		Usr 0 00:00:09, Sys 0 00:00:00  -  Total Remote Usage
		Usr 0 00:00:00, Sys 0 00:00:00  -  Total Local Usage
	10976  -  Run Bytes Sent By Job
	374  -  Run Bytes Received By Job
	10976  -  Total Bytes Sent By Job
	374  -  Total Bytes Received By Job
	Partitionable Resources :    Usage  Request Allocated 
	   Cpus                 :                 1         1 
	   Disk (KB)            :       25        1   1283015 
	   Memory (MB)          :      131     2000      2000 

	Job terminated of its own accord at 2023-10-09T12:29:49Z.
...
