000 (14857949.021.000) 06/22 15:24:33 Job submitted from host: <188.184.90.241:9618?addrs=188.184.90.241-9618+[2001-1458-201-e4--100-2eb]-9618&alias=bigbird15.cern.ch&noUDP&sock=schedd_1460210_2ef4>
...
040 (14857949.021.000) 06/22 15:34:25 Started transferring input files
	Transferring to host: <128.142.56.67:9618?addrs=128.142.56.67-9618+[2001-1458-301-6--100-42]-9618&alias=b7s01p2130.cern.ch&noUDP&sock=slot1_13_4176_1ea3_77974>
...
040 (14857949.021.000) 06/22 15:34:25 Finished transferring input files
...
001 (14857949.021.000) 06/22 15:34:26 Job executing on host: <128.142.56.67:9618?addrs=128.142.56.67-9618+[2001-1458-301-6--100-42]-9618&alias=b7s01p2130.cern.ch&noUDP&sock=startd_3287_2fe4>
...
006 (14857949.021.000) 06/22 15:34:35 Image size of job updated: 56724
	47  -  MemoryUsage of job (MB)
	47680  -  ResidentSetSize of job (KB)
...
006 (14857949.021.000) 06/22 15:39:36 Image size of job updated: 1859300
	1265  -  MemoryUsage of job (MB)
	1295020  -  ResidentSetSize of job (KB)
...
006 (14857949.021.000) 06/22 15:44:36 Image size of job updated: 1884300
	1265  -  MemoryUsage of job (MB)
	1295020  -  ResidentSetSize of job (KB)
...
006 (14857949.021.000) 06/22 15:49:36 Image size of job updated: 4344976
	1265  -  MemoryUsage of job (MB)
	1295020  -  ResidentSetSize of job (KB)
...
006 (14857949.021.000) 06/22 15:52:49 Image size of job updated: 4423344
	1265  -  MemoryUsage of job (MB)
	1295020  -  ResidentSetSize of job (KB)
...
040 (14857949.021.000) 06/22 15:52:49 Started transferring output files
...
040 (14857949.021.000) 06/22 15:52:49 Finished transferring output files
...
005 (14857949.021.000) 06/22 15:52:49 Job terminated.
	(1) Normal termination (return value 0)
		Usr 0 00:08:46, Sys 0 00:00:37  -  Run Remote Usage
		Usr 0 00:00:00, Sys 0 00:00:00  -  Run Local Usage
		Usr 0 00:08:46, Sys 0 00:00:37  -  Total Remote Usage
		Usr 0 00:00:00, Sys 0 00:00:00  -  Total Local Usage
	120311  -  Run Bytes Sent By Job
	323  -  Run Bytes Received By Job
	120311  -  Total Bytes Sent By Job
	323  -  Total Bytes Received By Job
	Partitionable Resources :    Usage  Request Allocated 
	   Cpus                 :     0.12        1         1 
	   Disk (KB)            :   139           1   1184518 
	   Memory (MB)          :  1265        2000      2000 

	Job terminated of its own accord at 2023-06-22T13:52:49Z.
...
