000 (14832095.021.000) 06/12 15:17:57 Job submitted from host: <188.184.90.241:9618?addrs=188.184.90.241-9618+[2001-1458-201-e4--100-2eb]-9618&alias=bigbird15.cern.ch&noUDP&sock=schedd_1460210_2ef4>
...
040 (14832095.021.000) 06/12 15:19:42 Started transferring input files
	Transferring to host: <128.142.61.138:9618?addrs=128.142.61.138-9618+[2001-1458-301-23--100-89]-9618&alias=b7s06p2835.cern.ch&noUDP&sock=slot1_14_3870_83d6_65382>
...
040 (14832095.021.000) 06/12 15:19:42 Finished transferring input files
...
001 (14832095.021.000) 06/12 15:19:43 Job executing on host: <128.142.61.138:9618?addrs=128.142.61.138-9618+[2001-1458-301-23--100-89]-9618&alias=b7s06p2835.cern.ch&noUDP&sock=startd_2787_3a89>
...
006 (14832095.021.000) 06/12 15:19:52 Image size of job updated: 609008
	169  -  MemoryUsage of job (MB)
	172188  -  ResidentSetSize of job (KB)
...
006 (14832095.021.000) 06/12 15:23:43 Image size of job updated: 1219556
	169  -  MemoryUsage of job (MB)
	172188  -  ResidentSetSize of job (KB)
...
040 (14832095.021.000) 06/12 15:23:43 Started transferring output files
...
040 (14832095.021.000) 06/12 15:23:43 Finished transferring output files
...
005 (14832095.021.000) 06/12 15:23:44 Job terminated.
	(1) Normal termination (return value 0)
		Usr 0 00:01:20, Sys 0 00:00:04  -  Run Remote Usage
		Usr 0 00:00:00, Sys 0 00:00:00  -  Run Local Usage
		Usr 0 00:01:20, Sys 0 00:00:04  -  Total Remote Usage
		Usr 0 00:00:00, Sys 0 00:00:00  -  Total Local Usage
	41388  -  Run Bytes Sent By Job
	323  -  Run Bytes Received By Job
	41388  -  Total Bytes Sent By Job
	323  -  Total Bytes Received By Job
	Partitionable Resources :    Usage  Request Allocated 
	   Cpus                 :                 1         1 
	   Disk (KB)            :       54        1   1293110 
	   Memory (MB)          :      169     2000      2000 

	Job terminated of its own accord at 2023-06-12T13:23:43Z.
...
