000 (15159766.185.000) 10/09 11:47:57 Job submitted from host: <188.184.90.241:9618?addrs=188.184.90.241-9618+[2001-1458-201-e4--100-2eb]-9618&alias=bigbird15.cern.ch&noUDP&sock=schedd_2763_c443>
...
040 (15159766.185.000) 10/09 14:25:18 Started transferring input files
	Transferring to host: <128.142.57.149:9618?addrs=128.142.57.149-9618&alias=b7s02p3502.cern.ch&noUDP&sock=slot1_16_3242_083d_113507>
...
040 (15159766.185.000) 10/09 14:25:18 Finished transferring input files
...
001 (15159766.185.000) 10/09 14:25:19 Job executing on host: <128.142.57.149:9618?addrs=128.142.57.149-9618&alias=b7s02p3502.cern.ch&noUDP&sock=startd_2820_dd29>
...
006 (15159766.185.000) 10/09 14:25:27 Image size of job updated: 910008
	120  -  MemoryUsage of job (MB)
	122312  -  ResidentSetSize of job (KB)
...
006 (15159766.185.000) 10/09 14:27:15 Image size of job updated: 917940
	120  -  MemoryUsage of job (MB)
	122312  -  ResidentSetSize of job (KB)
...
040 (15159766.185.000) 10/09 14:27:15 Started transferring output files
...
040 (15159766.185.000) 10/09 14:27:15 Finished transferring output files
...
005 (15159766.185.000) 10/09 14:27:16 Job terminated.
	(1) Normal termination (return value 0)
		Usr 0 00:00:06, Sys 0 00:00:00  -  Run Remote Usage
		Usr 0 00:00:00, Sys 0 00:00:00  -  Run Local Usage
		Usr 0 00:00:06, Sys 0 00:00:00  -  Total Remote Usage
		Usr 0 00:00:00, Sys 0 00:00:00  -  Total Local Usage
	8000  -  Run Bytes Sent By Job
	374  -  Run Bytes Received By Job
	8000  -  Total Bytes Sent By Job
	374  -  Total Bytes Received By Job
	Partitionable Resources :    Usage  Request Allocated 
	   Cpus                 :                 1         1 
	   Disk (KB)            :       21        1   3068537 
	   Memory (MB)          :      120     2000      2000 

	Job terminated of its own accord at 2023-10-09T12:27:15Z.
...
