000 (14832095.121.000) 06/12 15:17:57 Job submitted from host: <188.184.90.241:9618?addrs=188.184.90.241-9618+[2001-1458-201-e4--100-2eb]-9618&alias=bigbird15.cern.ch&noUDP&sock=schedd_1460210_2ef4>
...
040 (14832095.121.000) 06/12 15:20:12 Started transferring input files
	Transferring to host: <128.142.128.107:9618?addrs=128.142.128.107-9618+[2001-1458-301-10--100-6a]-9618&alias=b7g25p8123.cern.ch&noUDP&sock=slot1_10_3635_efad_72514>
...
040 (14832095.121.000) 06/12 15:20:12 Finished transferring input files
...
001 (14832095.121.000) 06/12 15:20:13 Job executing on host: <128.142.128.107:9618?addrs=128.142.128.107-9618+[2001-1458-301-10--100-6a]-9618&alias=b7g25p8123.cern.ch&noUDP&sock=startd_3055_0deb>
...
006 (14832095.121.000) 06/12 15:20:21 Image size of job updated: 553968
	47  -  MemoryUsage of job (MB)
	47688  -  ResidentSetSize of job (KB)
...
006 (14832095.121.000) 06/12 15:25:21 Image size of job updated: 1720924
	1130  -  MemoryUsage of job (MB)
	1156412  -  ResidentSetSize of job (KB)
...
006 (14832095.121.000) 06/12 15:40:23 Image size of job updated: 4039388
	1130  -  MemoryUsage of job (MB)
	1156412  -  ResidentSetSize of job (KB)
...
006 (14832095.121.000) 06/12 15:45:24 Image size of job updated: 4039392
	1130  -  MemoryUsage of job (MB)
	1156412  -  ResidentSetSize of job (KB)
...
006 (14832095.121.000) 06/12 15:50:25 Image size of job updated: 4088120
	1130  -  MemoryUsage of job (MB)
	1156412  -  ResidentSetSize of job (KB)
...
006 (14832095.121.000) 06/12 15:55:25 Image size of job updated: 4325964
	1130  -  MemoryUsage of job (MB)
	1156412  -  ResidentSetSize of job (KB)
...
006 (14832095.121.000) 06/12 16:00:26 Image size of job updated: 4333352
	1130  -  MemoryUsage of job (MB)
	1156412  -  ResidentSetSize of job (KB)
...
006 (14832095.121.000) 06/12 16:05:27 Image size of job updated: 4397060
	1130  -  MemoryUsage of job (MB)
	1156412  -  ResidentSetSize of job (KB)
...
006 (14832095.121.000) 06/12 16:10:27 Image size of job updated: 4415032
	1130  -  MemoryUsage of job (MB)
	1156412  -  ResidentSetSize of job (KB)
...
040 (14832095.121.000) 06/12 16:10:29 Started transferring output files
...
040 (14832095.121.000) 06/12 16:10:29 Finished transferring output files
...
005 (14832095.121.000) 06/12 16:10:29 Job terminated.
	(1) Normal termination (return value 0)
		Usr 0 00:08:11, Sys 0 00:00:30  -  Run Remote Usage
		Usr 0 00:00:00, Sys 0 00:00:00  -  Run Local Usage
		Usr 0 00:08:11, Sys 0 00:00:30  -  Total Remote Usage
		Usr 0 00:00:00, Sys 0 00:00:00  -  Total Local Usage
	113908  -  Run Bytes Sent By Job
	323  -  Run Bytes Received By Job
	113908  -  Total Bytes Sent By Job
	323  -  Total Bytes Received By Job
	Partitionable Resources :    Usage  Request Allocated 
	   Cpus                 :        0        1         1 
	   Disk (KB)            :      132        1   2962747 
	   Memory (MB)          :     1130     2000      2000 

	Job terminated of its own accord at 2023-06-12T14:10:29Z.
...
