000 (15148189.002.000) 09/26 21:00:55 Job submitted from host: <188.184.90.241:9618?addrs=188.184.90.241-9618+[2001-1458-201-e4--100-2eb]-9618&alias=bigbird15.cern.ch&noUDP&sock=schedd_2763_c443>
...
040 (15148189.002.000) 09/26 21:11:17 Started transferring input files
	Transferring to host: <188.184.162.146:9618?addrs=188.184.162.146-9618+[2001-1458-301-4a--100-8c]-9618&alias=b7s11p6687.cern.ch&noUDP&sock=slot1_14_221162_62db_83512>
...
040 (15148189.002.000) 09/26 21:11:17 Finished transferring input files
...
001 (15148189.002.000) 09/26 21:11:18 Job executing on host: <188.184.162.146:9618?addrs=188.184.162.146-9618+[2001-1458-301-4a--100-8c]-9618&alias=b7s11p6687.cern.ch&noUDP&sock=startd_221124_400b>
...
006 (15148189.002.000) 09/26 21:11:27 Image size of job updated: 66088
	61  -  MemoryUsage of job (MB)
	62272  -  ResidentSetSize of job (KB)
...
006 (15148189.002.000) 09/26 21:16:27 Image size of job updated: 1157852
	632  -  MemoryUsage of job (MB)
	646224  -  ResidentSetSize of job (KB)
...
006 (15148189.002.000) 09/26 21:21:27 Image size of job updated: 1182852
	632  -  MemoryUsage of job (MB)
	646224  -  ResidentSetSize of job (KB)
...
006 (15148189.002.000) 09/26 21:26:28 Image size of job updated: 3664628
	632  -  MemoryUsage of job (MB)
	646224  -  ResidentSetSize of job (KB)
...
006 (15148189.002.000) 09/26 21:31:29 Image size of job updated: 3665756
	632  -  MemoryUsage of job (MB)
	646224  -  ResidentSetSize of job (KB)
...
006 (15148189.002.000) 09/26 21:36:29 Image size of job updated: 3901040
	632  -  MemoryUsage of job (MB)
	646224  -  ResidentSetSize of job (KB)
...
006 (15148189.002.000) 09/26 21:41:16 Image size of job updated: 3970836
	632  -  MemoryUsage of job (MB)
	646224  -  ResidentSetSize of job (KB)
...
040 (15148189.002.000) 09/26 21:41:17 Started transferring output files
...
040 (15148189.002.000) 09/26 21:41:17 Finished transferring output files
...
005 (15148189.002.000) 09/26 21:41:17 Job terminated.
	(1) Normal termination (return value 0)
		Usr 0 00:07:57, Sys 0 00:00:20  -  Run Remote Usage
		Usr 0 00:00:00, Sys 0 00:00:00  -  Run Local Usage
		Usr 0 00:07:57, Sys 0 00:00:20  -  Total Remote Usage
		Usr 0 00:00:00, Sys 0 00:00:00  -  Total Local Usage
	87061  -  Run Bytes Sent By Job
	323  -  Run Bytes Received By Job
	87061  -  Total Bytes Sent By Job
	323  -  Total Bytes Received By Job
	Partitionable Resources :    Usage  Request Allocated 
	   Cpus                 :     0.04        1         1 
	   Disk (KB)            :   107           1   3040204 
	   Memory (MB)          :   632        2000      2000 

	Job terminated of its own accord at 2023-09-26T19:41:16Z.
...
