000 (15159766.011.000) 10/09 11:47:56 Job submitted from host: <188.184.90.241:9618?addrs=188.184.90.241-9618+[2001-1458-201-e4--100-2eb]-9618&alias=bigbird15.cern.ch&noUDP&sock=schedd_2763_c443>
...
040 (15159766.011.000) 10/09 14:24:21 Started transferring input files
	Transferring to host: <128.142.59.54:9618?addrs=128.142.59.54-9618+[2001-1458-301-21--100-35]-9618&alias=b7s04p3521.cern.ch&noUDP&sock=slot1_8_3704_8d90_113559>
...
040 (15159766.011.000) 10/09 14:24:21 Finished transferring input files
...
001 (15159766.011.000) 10/09 14:24:22 Job executing on host: <128.142.59.54:9618?addrs=128.142.59.54-9618+[2001-1458-301-21--100-35]-9618&alias=b7s04p3521.cern.ch&noUDP&sock=startd_3666_2649>
...
006 (15159766.011.000) 10/09 14:24:31 Image size of job updated: 912620
	122  -  MemoryUsage of job (MB)
	124712  -  ResidentSetSize of job (KB)
...
006 (15159766.011.000) 10/09 14:29:32 Image size of job updated: 925672
	135  -  MemoryUsage of job (MB)
	137776  -  ResidentSetSize of job (KB)
...
040 (15159766.011.000) 10/09 14:31:15 Started transferring output files
...
040 (15159766.011.000) 10/09 14:31:15 Finished transferring output files
...
005 (15159766.011.000) 10/09 14:31:15 Job terminated.
	(1) Normal termination (return value 0)
		Usr 0 00:00:11, Sys 0 00:00:01  -  Run Remote Usage
		Usr 0 00:00:00, Sys 0 00:00:00  -  Run Local Usage
		Usr 0 00:00:11, Sys 0 00:00:01  -  Total Remote Usage
		Usr 0 00:00:00, Sys 0 00:00:00  -  Total Local Usage
	10718  -  Run Bytes Sent By Job
	374  -  Run Bytes Received By Job
	10718  -  Total Bytes Sent By Job
	374  -  Total Bytes Received By Job
	Partitionable Resources :    Usage  Request Allocated 
	   Cpus                 :     0.01        1         1 
	   Disk (KB)            :    32           1   1146386 
	   Memory (MB)          :   135        2000      2000 

	Job terminated of its own accord at 2023-10-09T12:31:15Z.
...
