000 (15159756.036.000) 10/09 09:27:43 Job submitted from host: <188.184.90.241:9618?addrs=188.184.90.241-9618+[2001-1458-201-e4--100-2eb]-9618&alias=bigbird15.cern.ch&noUDP&sock=schedd_2763_c443>
...
040 (15159756.036.000) 10/09 11:14:53 Started transferring input files
	Transferring to host: <128.142.59.124:9618?addrs=128.142.59.124-9618&alias=b7s04p9871.cern.ch&noUDP&sock=slot1_6_3328_a080_112442>
...
040 (15159756.036.000) 10/09 11:14:53 Finished transferring input files
...
001 (15159756.036.000) 10/09 11:14:54 Job executing on host: <128.142.59.124:9618?addrs=128.142.59.124-9618&alias=b7s04p9871.cern.ch&noUDP&sock=startd_2714_281f>
...
006 (15159756.036.000) 10/09 11:15:02 Image size of job updated: 564860
	52  -  MemoryUsage of job (MB)
	52404  -  ResidentSetSize of job (KB)
...
006 (15159756.036.000) 10/09 11:20:02 Image size of job updated: 985120
	464  -  MemoryUsage of job (MB)
	474944  -  ResidentSetSize of job (KB)
...
006 (15159756.036.000) 10/09 11:24:51 Image size of job updated: 3412100
	464  -  MemoryUsage of job (MB)
	474944  -  ResidentSetSize of job (KB)
...
040 (15159756.036.000) 10/09 11:24:51 Started transferring output files
...
040 (15159756.036.000) 10/09 11:24:51 Finished transferring output files
...
005 (15159756.036.000) 10/09 11:24:52 Job terminated.
	(1) Normal termination (return value 0)
		Usr 0 00:08:37, Sys 0 00:00:06  -  Run Remote Usage
		Usr 0 00:00:00, Sys 0 00:00:00  -  Run Local Usage
		Usr 0 00:08:37, Sys 0 00:00:06  -  Total Remote Usage
		Usr 0 00:00:00, Sys 0 00:00:00  -  Total Local Usage
	170452  -  Run Bytes Sent By Job
	269  -  Run Bytes Received By Job
	170452  -  Total Bytes Sent By Job
	269  -  Total Bytes Received By Job
	Partitionable Resources :    Usage  Request Allocated 
	   Cpus                 :                 1         1 
	   Disk (KB)            :      180        1   1234674 
	   Memory (MB)          :      464     2000      2000 

	Job terminated of its own accord at 2023-10-09T09:24:51Z.
...
