000 (15148591.046.000) 09/26 23:15:32 Job submitted from host: <188.184.90.241:9618?addrs=188.184.90.241-9618+[2001-1458-201-e4--100-2eb]-9618&alias=bigbird15.cern.ch&noUDP&sock=schedd_2763_c443>
...
040 (15148591.046.000) 09/26 23:30:33 Started transferring input files
	Transferring to host: <188.184.163.21:9618?addrs=188.184.163.21-9618+[2001-1458-301-4d--100-f]-9618&alias=b7s12p7203.cern.ch&noUDP&sock=slot1_23_123727_9d40_199695>
...
040 (15148591.046.000) 09/26 23:30:33 Finished transferring input files
...
001 (15148591.046.000) 09/26 23:30:34 Job executing on host: <188.184.163.21:9618?addrs=188.184.163.21-9618+[2001-1458-301-4d--100-f]-9618&alias=b7s12p7203.cern.ch&noUDP&sock=startd_28885_4932>
...
006 (15148591.046.000) 09/26 23:30:43 Image size of job updated: 714744
	54  -  MemoryUsage of job (MB)
	54536  -  ResidentSetSize of job (KB)
...
006 (15148591.046.000) 09/26 23:35:44 Image size of job updated: 1007532
	485  -  MemoryUsage of job (MB)
	496416  -  ResidentSetSize of job (KB)
...
006 (15148591.046.000) 09/26 23:40:44 Image size of job updated: 1346420
	809  -  MemoryUsage of job (MB)
	828320  -  ResidentSetSize of job (KB)
...
006 (15148591.046.000) 09/26 23:45:45 Image size of job updated: 1359060
	809  -  MemoryUsage of job (MB)
	828320  -  ResidentSetSize of job (KB)
...
006 (15148591.046.000) 09/26 23:55:46 Image size of job updated: 4123072
	809  -  MemoryUsage of job (MB)
	828320  -  ResidentSetSize of job (KB)
...
006 (15148591.046.000) 09/27 00:00:46 Image size of job updated: 4348912
	809  -  MemoryUsage of job (MB)
	828320  -  ResidentSetSize of job (KB)
...
006 (15148591.046.000) 09/27 00:05:47 Image size of job updated: 4434112
	809  -  MemoryUsage of job (MB)
	828320  -  ResidentSetSize of job (KB)
...
006 (15148591.046.000) 09/27 00:10:47 Image size of job updated: 4490340
	809  -  MemoryUsage of job (MB)
	828320  -  ResidentSetSize of job (KB)
...
006 (15148591.046.000) 09/27 00:12:53 Image size of job updated: 4499808
	809  -  MemoryUsage of job (MB)
	828320  -  ResidentSetSize of job (KB)
...
040 (15148591.046.000) 09/27 00:12:53 Started transferring output files
...
040 (15148591.046.000) 09/27 00:12:53 Finished transferring output files
...
005 (15148591.046.000) 09/27 00:12:53 Job terminated.
	(1) Normal termination (return value 0)
		Usr 0 00:19:42, Sys 0 00:00:34  -  Run Remote Usage
		Usr 0 00:00:00, Sys 0 00:00:00  -  Run Local Usage
		Usr 0 00:19:42, Sys 0 00:00:34  -  Total Remote Usage
		Usr 0 00:00:00, Sys 0 00:00:00  -  Total Local Usage
	96674  -  Run Bytes Sent By Job
	323  -  Run Bytes Received By Job
	96674  -  Total Bytes Sent By Job
	323  -  Total Bytes Received By Job
	Partitionable Resources :    Usage  Request Allocated 
	   Cpus                 :     0.19        1         1 
	   Disk (KB)            :   116           1   2979019 
	   Memory (MB)          :   809        2000      2000 

	Job terminated of its own accord at 2023-09-26T22:12:53Z.
...
