000 (15159756.022.000) 10/09 09:27:43 Job submitted from host: <188.184.90.241:9618?addrs=188.184.90.241-9618+[2001-1458-201-e4--100-2eb]-9618&alias=bigbird15.cern.ch&noUDP&sock=schedd_2763_c443>
...
040 (15159756.022.000) 10/09 11:14:49 Started transferring input files
	Transferring to host: <128.142.59.111:9618?addrs=128.142.59.111-9618+[2001-1458-301-21--100-6e]-9618&alias=b7s04p1314.cern.ch&noUDP&sock=slot1_3_4212_7c24_210670>
...
040 (15159756.022.000) 10/09 11:14:49 Finished transferring input files
...
001 (15159756.022.000) 10/09 11:14:50 Job executing on host: <128.142.59.111:9618?addrs=128.142.59.111-9618+[2001-1458-301-21--100-6e]-9618&alias=b7s04p1314.cern.ch&noUDP&sock=startd_2959_34d3>
...
006 (15159756.022.000) 10/09 11:14:59 Image size of job updated: 574760
	53  -  MemoryUsage of job (MB)
	53808  -  ResidentSetSize of job (KB)
...
006 (15159756.022.000) 10/09 11:20:00 Image size of job updated: 1019972
	498  -  MemoryUsage of job (MB)
	509804  -  ResidentSetSize of job (KB)
...
006 (15159756.022.000) 10/09 11:23:25 Image size of job updated: 3340592
	498  -  MemoryUsage of job (MB)
	509804  -  ResidentSetSize of job (KB)
...
040 (15159756.022.000) 10/09 11:23:25 Started transferring output files
...
040 (15159756.022.000) 10/09 11:23:25 Finished transferring output files
...
005 (15159756.022.000) 10/09 11:23:25 Job terminated.
	(1) Normal termination (return value 0)
		Usr 0 00:07:09, Sys 0 00:00:07  -  Run Remote Usage
		Usr 0 00:00:00, Sys 0 00:00:00  -  Run Local Usage
		Usr 0 00:07:09, Sys 0 00:00:07  -  Total Remote Usage
		Usr 0 00:00:00, Sys 0 00:00:00  -  Total Local Usage
	153726  -  Run Bytes Sent By Job
	269  -  Run Bytes Received By Job
	153726  -  Total Bytes Sent By Job
	269  -  Total Bytes Received By Job
	Partitionable Resources :    Usage  Request Allocated 
	   Cpus                 :                 1         1 
	   Disk (KB)            :      164        1   3044242 
	   Memory (MB)          :      498     2000      2000 

	Job terminated of its own accord at 2023-10-09T09:23:25Z.
...
