000 (15159743.047.000) 10/09 07:56:33 Job submitted from host: <188.184.90.241:9618?addrs=188.184.90.241-9618+[2001-1458-201-e4--100-2eb]-9618&alias=bigbird15.cern.ch&noUDP&sock=schedd_2763_c443>
...
040 (15159743.047.000) 10/09 08:09:52 Started transferring input files
	Transferring to host: <128.142.132.165:9618?addrs=128.142.132.165-9618+[2001-1458-301-5a--100-99]-9618&alias=b7g12p7336.cern.ch&noUDP&sock=slot1_44_39257_db95_110715>
...
040 (15159743.047.000) 10/09 08:09:52 Finished transferring input files
...
001 (15159743.047.000) 10/09 08:09:53 Job executing on host: <128.142.132.165:9618?addrs=128.142.132.165-9618+[2001-1458-301-5a--100-99]-9618&alias=b7g12p7336.cern.ch&noUDP&sock=startd_39218_dd4d>
...
006 (15159743.047.000) 10/09 08:10:02 Image size of job updated: 55620
	51  -  MemoryUsage of job (MB)
	51732  -  ResidentSetSize of job (KB)
...
006 (15159743.047.000) 10/09 08:15:03 Image size of job updated: 955396
	450  -  MemoryUsage of job (MB)
	459864  -  ResidentSetSize of job (KB)
...
006 (15159743.047.000) 10/09 08:17:01 Image size of job updated: 3122840
	450  -  MemoryUsage of job (MB)
	459864  -  ResidentSetSize of job (KB)
...
040 (15159743.047.000) 10/09 08:17:01 Started transferring output files
...
040 (15159743.047.000) 10/09 08:17:01 Finished transferring output files
...
005 (15159743.047.000) 10/09 08:17:01 Job terminated.
	(1) Normal termination (return value 0)
		Usr 0 00:05:40, Sys 0 00:00:12  -  Run Remote Usage
		Usr 0 00:00:00, Sys 0 00:00:00  -  Run Local Usage
		Usr 0 00:05:40, Sys 0 00:00:12  -  Total Remote Usage
		Usr 0 00:00:00, Sys 0 00:00:00  -  Total Local Usage
	121794  -  Run Bytes Sent By Job
	269  -  Run Bytes Received By Job
	121794  -  Total Bytes Sent By Job
	269  -  Total Bytes Received By Job
	Partitionable Resources :    Usage  Request Allocated 
	   Cpus                 :     0.97        1         1 
	   Disk (KB)            :   140           1   1671897 
	   Memory (MB)          :   450        2000      2000 

	Job terminated of its own accord at 2023-10-09T06:17:01Z.
...
