000 (15271413.150.000) 12/18 14:02:23 Job submitted from host: <188.184.90.241:9618?addrs=188.184.90.241-9618+[2001-1458-201-e4--100-2eb]-9618&alias=bigbird15.cern.ch&noUDP&sock=schedd_2763_c443>
...
040 (15271413.150.000) 12/18 14:06:39 Started transferring input files
	Transferring to host: <128.142.61.105:9618?addrs=128.142.61.105-9618+[2001-1458-301-23--100-68]-9618&alias=b9s06p6467.cern.ch&noUDP&sock=slot1_1_127803_8666_6462>
...
040 (15271413.150.000) 12/18 14:06:39 Finished transferring input files
...
001 (15271413.150.000) 12/18 14:06:40 Job executing on host: <128.142.61.105:9618?addrs=128.142.61.105-9618+[2001-1458-301-23--100-68]-9618&alias=b9s06p6467.cern.ch&noUDP&sock=startd_113124_3bb4>
...
006 (15271413.150.000) 12/18 14:06:49 Image size of job updated: 286728
	279  -  MemoryUsage of job (MB)
	285628  -  ResidentSetSize of job (KB)
...
006 (15271413.150.000) 12/18 14:11:50 Image size of job updated: 712292
	661  -  MemoryUsage of job (MB)
	676512  -  ResidentSetSize of job (KB)
...
006 (15271413.150.000) 12/18 14:16:51 Image size of job updated: 3080480
	3008  -  MemoryUsage of job (MB)
	3079624  -  ResidentSetSize of job (KB)
...
040 (15271413.150.000) 12/18 14:16:58 Started transferring output files
...
040 (15271413.150.000) 12/18 14:16:58 Finished transferring output files
...
005 (15271413.150.000) 12/18 14:16:58 Job terminated.
	(1) Normal termination (return value 0)
		Usr 0 00:07:47, Sys 0 00:00:07  -  Run Remote Usage
		Usr 0 00:00:00, Sys 0 00:00:00  -  Run Local Usage
		Usr 0 00:07:47, Sys 0 00:00:07  -  Total Remote Usage
		Usr 0 00:00:00, Sys 0 00:00:00  -  Total Local Usage
	165251  -  Run Bytes Sent By Job
	269  -  Run Bytes Received By Job
	165251  -  Total Bytes Sent By Job
	269  -  Total Bytes Received By Job
	Partitionable Resources :    Usage  Request Allocated 
	   Cpus                 :     0.04        1         1 
	   Disk (KB)            :   205           1   3019446 
	   Memory (MB)          :  3008        2000      2000 

	Job terminated of its own accord at 2023-12-18T13:16:58Z.
...
