000 (15148580.002.000) 09/26 21:47:31 Job submitted from host: <188.184.90.241:9618?addrs=188.184.90.241-9618+[2001-1458-201-e4--100-2eb]-9618&alias=bigbird15.cern.ch&noUDP&sock=schedd_2763_c443>
...
040 (15148580.002.000) 09/26 22:02:55 Started transferring input files
	Transferring to host: <128.142.59.114:9618?addrs=128.142.59.114-9618+[2001-1458-301-21--100-71]-9618&alias=b7s04p9042.cern.ch&noUDP&sock=slot1_18_37760_15f9_93461>
...
040 (15148580.002.000) 09/26 22:02:55 Finished transferring input files
...
001 (15148580.002.000) 09/26 22:02:56 Job executing on host: <128.142.59.114:9618?addrs=128.142.59.114-9618+[2001-1458-301-21--100-71]-9618&alias=b7s04p9042.cern.ch&noUDP&sock=startd_36258_8cf8>
...
006 (15148580.002.000) 09/26 22:03:04 Image size of job updated: 73172
	61  -  MemoryUsage of job (MB)
	61528  -  ResidentSetSize of job (KB)
...
006 (15148580.002.000) 09/26 22:08:05 Image size of job updated: 1225640
	674  -  MemoryUsage of job (MB)
	689564  -  ResidentSetSize of job (KB)
...
006 (15148580.002.000) 09/26 22:18:06 Image size of job updated: 4069068
	674  -  MemoryUsage of job (MB)
	689564  -  ResidentSetSize of job (KB)
...
006 (15148580.002.000) 09/26 22:23:06 Image size of job updated: 4330520
	674  -  MemoryUsage of job (MB)
	689564  -  ResidentSetSize of job (KB)
...
006 (15148580.002.000) 09/26 22:28:07 Image size of job updated: 4402016
	674  -  MemoryUsage of job (MB)
	689564  -  ResidentSetSize of job (KB)
...
006 (15148580.002.000) 09/26 22:29:55 Image size of job updated: 4410032
	674  -  MemoryUsage of job (MB)
	689564  -  ResidentSetSize of job (KB)
...
040 (15148580.002.000) 09/26 22:29:55 Started transferring output files
...
040 (15148580.002.000) 09/26 22:29:55 Finished transferring output files
...
005 (15148580.002.000) 09/26 22:29:55 Job terminated.
	(1) Normal termination (return value 0)
		Usr 0 00:08:16, Sys 0 00:00:18  -  Run Remote Usage
		Usr 0 00:00:00, Sys 0 00:00:00  -  Run Local Usage
		Usr 0 00:08:16, Sys 0 00:00:18  -  Total Remote Usage
		Usr 0 00:00:00, Sys 0 00:00:00  -  Total Local Usage
	103227  -  Run Bytes Sent By Job
	323  -  Run Bytes Received By Job
	103227  -  Total Bytes Sent By Job
	323  -  Total Bytes Received By Job
	Partitionable Resources :    Usage  Request Allocated 
	   Cpus                 :     0.43        1         1 
	   Disk (KB)            :   122           1   1220379 
	   Memory (MB)          :   674        2000      2000 

	Job terminated of its own accord at 2023-09-26T20:29:55Z.
...
