000 (15148585.001.000) 09/26 22:42:55 Job submitted from host: <188.184.90.241:9618?addrs=188.184.90.241-9618+[2001-1458-201-e4--100-2eb]-9618&alias=bigbird15.cern.ch&noUDP&sock=schedd_2763_c443>
...
040 (15148585.001.000) 09/26 23:19:23 Started transferring input files
	Transferring to host: <128.142.59.27:9618?addrs=128.142.59.27-9618+[2001-1458-301-21--100-1a]-9618&alias=b7s04p2390.cern.ch&noUDP&sock=slot1_4_25916_ea97_122310>
...
040 (15148585.001.000) 09/26 23:19:23 Finished transferring input files
...
001 (15148585.001.000) 09/26 23:19:24 Job executing on host: <128.142.59.27:9618?addrs=128.142.59.27-9618+[2001-1458-301-21--100-1a]-9618&alias=b7s04p2390.cern.ch&noUDP&sock=startd_3180_cb41>
...
006 (15148585.001.000) 09/26 23:19:33 Image size of job updated: 608856
	51  -  MemoryUsage of job (MB)
	51840  -  ResidentSetSize of job (KB)
...
006 (15148585.001.000) 09/26 23:24:34 Image size of job updated: 1191420
	606  -  MemoryUsage of job (MB)
	620244  -  ResidentSetSize of job (KB)
...
006 (15148585.001.000) 09/26 23:29:34 Image size of job updated: 1624560
	1063  -  MemoryUsage of job (MB)
	1088284  -  ResidentSetSize of job (KB)
...
006 (15148585.001.000) 09/26 23:32:27 Image size of job updated: 1657972
	1063  -  MemoryUsage of job (MB)
	1088284  -  ResidentSetSize of job (KB)
...
040 (15148585.001.000) 09/26 23:32:27 Started transferring output files
...
040 (15148585.001.000) 09/26 23:32:27 Finished transferring output files
...
005 (15148585.001.000) 09/26 23:32:27 Job terminated.
	(1) Normal termination (return value 0)
		Usr 0 00:11:13, Sys 0 00:00:28  -  Run Remote Usage
		Usr 0 00:00:00, Sys 0 00:00:00  -  Run Local Usage
		Usr 0 00:11:13, Sys 0 00:00:28  -  Total Remote Usage
		Usr 0 00:00:00, Sys 0 00:00:00  -  Total Local Usage
	67769  -  Run Bytes Sent By Job
	323  -  Run Bytes Received By Job
	67769  -  Total Bytes Sent By Job
	323  -  Total Bytes Received By Job
	Partitionable Resources :    Usage  Request Allocated 
	   Cpus                 :     0.94        1         1 
	   Disk (KB)            :    88           1   1260496 
	   Memory (MB)          :  1063        2000      2000 

	Job terminated of its own accord at 2023-09-26T21:32:27Z.
...
