000 (14832095.128.000) 06/12 15:17:57 Job submitted from host: <188.184.90.241:9618?addrs=188.184.90.241-9618+[2001-1458-201-e4--100-2eb]-9618&alias=bigbird15.cern.ch&noUDP&sock=schedd_1460210_2ef4>
...
040 (14832095.128.000) 06/12 15:20:17 Started transferring input files
	Transferring to host: <188.184.163.192:9618?addrs=188.184.163.192-9618&alias=b7s12p6964.cern.ch&noUDP&sock=slot1_13_4935_e762_91414>
...
040 (14832095.128.000) 06/12 15:20:17 Finished transferring input files
...
001 (14832095.128.000) 06/12 15:20:18 Job executing on host: <188.184.163.192:9618?addrs=188.184.163.192-9618&alias=b7s12p6964.cern.ch&noUDP&sock=startd_4098_7732>
...
006 (14832095.128.000) 06/12 15:20:26 Image size of job updated: 538064
	47  -  MemoryUsage of job (MB)
	47612  -  ResidentSetSize of job (KB)
...
006 (14832095.128.000) 06/12 15:25:26 Image size of job updated: 1200944
	124  -  MemoryUsage of job (MB)
	126752  -  ResidentSetSize of job (KB)
...
006 (14832095.128.000) 06/12 15:26:42 Image size of job updated: 1208824
	124  -  MemoryUsage of job (MB)
	126752  -  ResidentSetSize of job (KB)
...
040 (14832095.128.000) 06/12 15:26:42 Started transferring output files
...
040 (14832095.128.000) 06/12 15:26:42 Finished transferring output files
...
005 (14832095.128.000) 06/12 15:26:42 Job terminated.
	(1) Normal termination (return value 0)
		Usr 0 00:02:51, Sys 0 00:00:09  -  Run Remote Usage
		Usr 0 00:00:00, Sys 0 00:00:00  -  Run Local Usage
		Usr 0 00:02:51, Sys 0 00:00:09  -  Total Remote Usage
		Usr 0 00:00:00, Sys 0 00:00:00  -  Total Local Usage
	43702  -  Run Bytes Sent By Job
	323  -  Run Bytes Received By Job
	43702  -  Total Bytes Sent By Job
	323  -  Total Bytes Received By Job
	Partitionable Resources :    Usage  Request Allocated 
	   Cpus                 :                 1         1 
	   Disk (KB)            :       56        1   3042140 
	   Memory (MB)          :      124     2000      2000 

	Job terminated of its own accord at 2023-06-12T13:26:42Z.
...
