000 (15159756.011.000) 10/09 09:27:43 Job submitted from host: <188.184.90.241:9618?addrs=188.184.90.241-9618+[2001-1458-201-e4--100-2eb]-9618&alias=bigbird15.cern.ch&noUDP&sock=schedd_2763_c443>
...
040 (15159756.011.000) 10/09 11:14:45 Started transferring input files
	Transferring to host: <128.142.60.100:9618?addrs=128.142.60.100-9618+[2001-1458-301-22--100-63]-9618&alias=b7s05p0240.cern.ch&noUDP&sock=slot1_4_10405_0380_126962>
...
040 (15159756.011.000) 10/09 11:14:45 Finished transferring input files
...
001 (15159756.011.000) 10/09 11:14:46 Job executing on host: <128.142.60.100:9618?addrs=128.142.60.100-9618+[2001-1458-301-22--100-63]-9618&alias=b7s05p0240.cern.ch&noUDP&sock=startd_10277_bee4>
...
006 (15159756.011.000) 10/09 11:14:55 Image size of job updated: 126248
	51  -  MemoryUsage of job (MB)
	52204  -  ResidentSetSize of job (KB)
...
006 (15159756.011.000) 10/09 11:19:56 Image size of job updated: 948664
	428  -  MemoryUsage of job (MB)
	438124  -  ResidentSetSize of job (KB)
...
006 (15159756.011.000) 10/09 11:24:57 Image size of job updated: 3263884
	2666  -  MemoryUsage of job (MB)
	2729072  -  ResidentSetSize of job (KB)
...
006 (15159756.011.000) 10/09 11:25:44 Image size of job updated: 3365208
	2666  -  MemoryUsage of job (MB)
	2729072  -  ResidentSetSize of job (KB)
...
040 (15159756.011.000) 10/09 11:25:44 Started transferring output files
...
040 (15159756.011.000) 10/09 11:25:44 Finished transferring output files
...
005 (15159756.011.000) 10/09 11:25:45 Job terminated.
	(1) Normal termination (return value 0)
		Usr 0 00:08:02, Sys 0 00:00:09  -  Run Remote Usage
		Usr 0 00:00:00, Sys 0 00:00:00  -  Run Local Usage
		Usr 0 00:08:02, Sys 0 00:00:09  -  Total Remote Usage
		Usr 0 00:00:00, Sys 0 00:00:00  -  Total Local Usage
	156480  -  Run Bytes Sent By Job
	269  -  Run Bytes Received By Job
	156480  -  Total Bytes Sent By Job
	269  -  Total Bytes Received By Job
	Partitionable Resources :    Usage  Request Allocated 
	   Cpus                 :     0.95        1         1 
	   Disk (KB)            :   174           1   1289857 
	   Memory (MB)          :  2666        2000      2000 

	Job terminated of its own accord at 2023-10-09T09:25:44Z.
...
