000 (14807221.025.000) 05/14 12:38:57 Job submitted from host: <188.184.90.241:9618?addrs=188.184.90.241-9618+[2001-1458-201-e4--100-2eb]-9618&alias=bigbird15.cern.ch&noUDP&sock=schedd_3273_9590>
...
040 (14807221.025.000) 05/14 12:50:09 Started transferring input files
	Transferring to host: <128.142.60.91:9618?addrs=128.142.60.91-9618+[2001-1458-301-22--100-5a]-9618&alias=b7s05p9425.cern.ch&noUDP&sock=slot1_41_11980_be60_31851>
...
040 (14807221.025.000) 05/14 12:50:09 Finished transferring input files
...
001 (14807221.025.000) 05/14 12:50:10 Job executing on host: <128.142.60.91:9618?addrs=128.142.60.91-9618+[2001-1458-301-22--100-5a]-9618&alias=b7s05p9425.cern.ch&noUDP&sock=startd_11717_7745>
...
006 (14807221.025.000) 05/14 12:50:19 Image size of job updated: 554124
	47  -  MemoryUsage of job (MB)
	47692  -  ResidentSetSize of job (KB)
...
006 (14807221.025.000) 05/14 12:55:20 Image size of job updated: 1771340
	1205  -  MemoryUsage of job (MB)
	1233340  -  ResidentSetSize of job (KB)
...
006 (14807221.025.000) 05/14 13:05:21 Image size of job updated: 4094984
	1205  -  MemoryUsage of job (MB)
	1233340  -  ResidentSetSize of job (KB)
...
006 (14807221.025.000) 05/14 13:10:21 Image size of job updated: 4146428
	1205  -  MemoryUsage of job (MB)
	1233340  -  ResidentSetSize of job (KB)
...
006 (14807221.025.000) 05/14 13:15:22 Image size of job updated: 4390392
	1205  -  MemoryUsage of job (MB)
	1233340  -  ResidentSetSize of job (KB)
...
006 (14807221.025.000) 05/14 13:20:22 Image size of job updated: 4458416
	1205  -  MemoryUsage of job (MB)
	1233340  -  ResidentSetSize of job (KB)
...
006 (14807221.025.000) 05/14 13:24:30 Image size of job updated: 4476488
	1205  -  MemoryUsage of job (MB)
	1233340  -  ResidentSetSize of job (KB)
...
040 (14807221.025.000) 05/14 13:24:31 Started transferring output files
...
040 (14807221.025.000) 05/14 13:24:31 Finished transferring output files
...
005 (14807221.025.000) 05/14 13:24:31 Job terminated.
	(1) Normal termination (return value 0)
		Usr 0 00:06:40, Sys 0 00:00:31  -  Run Remote Usage
		Usr 0 00:00:00, Sys 0 00:00:00  -  Run Local Usage
		Usr 0 00:06:40, Sys 0 00:00:31  -  Total Remote Usage
		Usr 0 00:00:00, Sys 0 00:00:00  -  Total Local Usage
	101934  -  Run Bytes Sent By Job
	323  -  Run Bytes Received By Job
	101934  -  Total Bytes Sent By Job
	323  -  Total Bytes Received By Job
	Partitionable Resources :    Usage  Request Allocated 
	   Cpus                 :     0.11        1         1 
	   Disk (KB)            :   121           1   2906133 
	   Memory (MB)          :  1205        2000      2000 

	Job terminated of its own accord at 2023-05-14T11:24:30Z.
...
