000 (15151321.107.000) 10/02 14:58:31 Job submitted from host: <188.184.90.241:9618?addrs=188.184.90.241-9618+[2001-1458-201-e4--100-2eb]-9618&alias=bigbird15.cern.ch&noUDP&sock=schedd_2763_c443>
...
040 (15151321.107.000) 10/02 15:17:11 Started transferring input files
	Transferring to host: <188.184.163.144:9618?addrs=188.184.163.144-9618+[2001-1458-301-4d--100-8a]-9618&alias=b7s12p8659.cern.ch&noUDP&sock=slot1_14_96549_412f_13878>
...
040 (15151321.107.000) 10/02 15:17:11 Finished transferring input files
...
001 (15151321.107.000) 10/02 15:17:12 Job executing on host: <188.184.163.144:9618?addrs=188.184.163.144-9618+[2001-1458-301-4d--100-8a]-9618&alias=b7s12p8659.cern.ch&noUDP&sock=startd_2984_5ab1>
...
006 (15151321.107.000) 10/02 15:17:20 Image size of job updated: 910736
	122  -  MemoryUsage of job (MB)
	123948  -  ResidentSetSize of job (KB)
...
006 (15151321.107.000) 10/02 15:18:58 Image size of job updated: 922328
	122  -  MemoryUsage of job (MB)
	123948  -  ResidentSetSize of job (KB)
...
040 (15151321.107.000) 10/02 15:18:58 Started transferring output files
...
040 (15151321.107.000) 10/02 15:18:58 Finished transferring output files
...
005 (15151321.107.000) 10/02 15:18:58 Job terminated.
	(1) Normal termination (return value 0)
		Usr 0 00:00:10, Sys 0 00:00:00  -  Run Remote Usage
		Usr 0 00:00:00, Sys 0 00:00:00  -  Run Local Usage
		Usr 0 00:00:10, Sys 0 00:00:00  -  Total Remote Usage
		Usr 0 00:00:00, Sys 0 00:00:00  -  Total Local Usage
	8077  -  Run Bytes Sent By Job
	374  -  Run Bytes Received By Job
	8077  -  Total Bytes Sent By Job
	374  -  Total Bytes Received By Job
	Partitionable Resources :    Usage  Request Allocated 
	   Cpus                 :                 1         1 
	   Disk (KB)            :       23        1   3115737 
	   Memory (MB)          :      122     2000      2000 

	Job terminated of its own accord at 2023-10-02T13:18:58Z.
...
