000 (15150662.134.000) 09/28 15:49:40 Job submitted from host: <188.184.90.241:9618?addrs=188.184.90.241-9618+[2001-1458-201-e4--100-2eb]-9618&alias=bigbird15.cern.ch&noUDP&sock=schedd_2763_c443>
...
040 (15150662.134.000) 09/28 16:01:32 Started transferring input files
	Transferring to host: <128.142.137.196:9618?addrs=128.142.137.196-9618+[2001-1458-301-5e--100-b8]-9618&alias=b7g19p9154.cern.ch&noUDP&sock=slot1_35_3639_c12d_90995>
...
040 (15150662.134.000) 09/28 16:01:32 Finished transferring input files
...
001 (15150662.134.000) 09/28 16:01:33 Job executing on host: <128.142.137.196:9618?addrs=128.142.137.196-9618+[2001-1458-301-5e--100-b8]-9618&alias=b7g19p9154.cern.ch&noUDP&sock=startd_2970_c05e>
...
006 (15150662.134.000) 09/28 16:01:42 Image size of job updated: 910844
	121  -  MemoryUsage of job (MB)
	123316  -  ResidentSetSize of job (KB)
...
006 (15150662.134.000) 09/28 16:06:11 Image size of job updated: 921968
	121  -  MemoryUsage of job (MB)
	123316  -  ResidentSetSize of job (KB)
...
040 (15150662.134.000) 09/28 16:06:11 Started transferring output files
...
040 (15150662.134.000) 09/28 16:06:11 Finished transferring output files
...
005 (15150662.134.000) 09/28 16:06:11 Job terminated.
	(1) Normal termination (return value 0)
		Usr 0 00:00:13, Sys 0 00:00:01  -  Run Remote Usage
		Usr 0 00:00:00, Sys 0 00:00:00  -  Run Local Usage
		Usr 0 00:00:13, Sys 0 00:00:01  -  Total Remote Usage
		Usr 0 00:00:00, Sys 0 00:00:00  -  Total Local Usage
	7990  -  Run Bytes Sent By Job
	374  -  Run Bytes Received By Job
	7990  -  Total Bytes Sent By Job
	374  -  Total Bytes Received By Job
	Partitionable Resources :    Usage  Request Allocated 
	   Cpus                 :                 1         1 
	   Disk (KB)            :       22        1   1660325 
	   Memory (MB)          :      121     2000      2000 

	Job terminated of its own accord at 2023-09-28T14:06:11Z.
...
