000 (14857949.024.000) 06/22 15:24:33 Job submitted from host: <188.184.90.241:9618?addrs=188.184.90.241-9618+[2001-1458-201-e4--100-2eb]-9618&alias=bigbird15.cern.ch&noUDP&sock=schedd_1460210_2ef4>
...
040 (14857949.024.000) 06/22 15:34:26 Started transferring input files
	Transferring to host: <128.142.59.87:9618?addrs=128.142.59.87-9618+[2001-1458-301-21--100-56]-9618&alias=b7s04p5133.cern.ch&noUDP&sock=slot1_18_4559_fa52_79302>
...
040 (14857949.024.000) 06/22 15:34:26 Finished transferring input files
...
001 (14857949.024.000) 06/22 15:34:27 Job executing on host: <128.142.59.87:9618?addrs=128.142.59.87-9618+[2001-1458-301-21--100-56]-9618&alias=b7s04p5133.cern.ch&noUDP&sock=startd_3070_57d7>
...
006 (14857949.024.000) 06/22 15:34:35 Image size of job updated: 51824
	47  -  MemoryUsage of job (MB)
	47684  -  ResidentSetSize of job (KB)
...
006 (14857949.024.000) 06/22 15:39:35 Image size of job updated: 2118752
	1593  -  MemoryUsage of job (MB)
	1630348  -  ResidentSetSize of job (KB)
...
006 (14857949.024.000) 06/22 15:44:36 Image size of job updated: 2268808
	1593  -  MemoryUsage of job (MB)
	1630348  -  ResidentSetSize of job (KB)
...
040 (14857949.024.000) 06/22 15:47:14 Started transferring output files
...
040 (14857949.024.000) 06/22 15:47:14 Finished transferring output files
...
005 (14857949.024.000) 06/22 15:47:14 Job terminated.
	(1) Normal termination (return value 0)
		Usr 0 00:08:32, Sys 0 00:00:46  -  Run Remote Usage
		Usr 0 00:00:00, Sys 0 00:00:00  -  Run Local Usage
		Usr 0 00:08:32, Sys 0 00:00:46  -  Total Remote Usage
		Usr 0 00:00:00, Sys 0 00:00:00  -  Total Local Usage
	105660  -  Run Bytes Sent By Job
	323  -  Run Bytes Received By Job
	105660  -  Total Bytes Sent By Job
	323  -  Total Bytes Received By Job
	Partitionable Resources :    Usage  Request Allocated 
	   Cpus                 :     0.95        1         1 
	   Disk (KB)            :   125           1   1292958 
	   Memory (MB)          :  1593        2000      2000 

	Job terminated of its own accord at 2023-06-22T13:47:14Z.
...
