000 (15159756.098.000) 10/09 09:27:44 Job submitted from host: <188.184.90.241:9618?addrs=188.184.90.241-9618+[2001-1458-201-e4--100-2eb]-9618&alias=bigbird15.cern.ch&noUDP&sock=schedd_2763_c443>
...
040 (15159756.098.000) 10/09 11:15:15 Started transferring input files
	Transferring to host: <188.184.162.75:9618?addrs=188.184.162.75-9618+[2001-1458-301-4a--100-45]-9618&alias=b7s11p6502.cern.ch&noUDP&sock=slot1_17_211044_56ff_157974>
...
040 (15159756.098.000) 10/09 11:15:15 Finished transferring input files
...
001 (15159756.098.000) 10/09 11:15:16 Job executing on host: <188.184.162.75:9618?addrs=188.184.162.75-9618+[2001-1458-301-4a--100-45]-9618&alias=b7s11p6502.cern.ch&noUDP&sock=startd_210991_dae1>
...
006 (15159756.098.000) 10/09 11:15:25 Image size of job updated: 80496
	78  -  MemoryUsage of job (MB)
	79768  -  ResidentSetSize of job (KB)
...
006 (15159756.098.000) 10/09 11:20:26 Image size of job updated: 3118768
	2419  -  MemoryUsage of job (MB)
	2476700  -  ResidentSetSize of job (KB)
...
006 (15159756.098.000) 10/09 11:20:33 Image size of job updated: 3119376
	2419  -  MemoryUsage of job (MB)
	2476700  -  ResidentSetSize of job (KB)
...
040 (15159756.098.000) 10/09 11:20:33 Started transferring output files
...
040 (15159756.098.000) 10/09 11:20:33 Finished transferring output files
...
005 (15159756.098.000) 10/09 11:20:33 Job terminated.
	(1) Normal termination (return value 0)
		Usr 0 00:03:14, Sys 0 00:00:11  -  Run Remote Usage
		Usr 0 00:00:00, Sys 0 00:00:00  -  Run Local Usage
		Usr 0 00:03:14, Sys 0 00:00:11  -  Total Remote Usage
		Usr 0 00:00:00, Sys 0 00:00:00  -  Total Local Usage
	113355  -  Run Bytes Sent By Job
	269  -  Run Bytes Received By Job
	113355  -  Total Bytes Sent By Job
	269  -  Total Bytes Received By Job
	Partitionable Resources :    Usage  Request Allocated 
	   Cpus                 :     0.93        1         1 
	   Disk (KB)            :   132           1   3007093 
	   Memory (MB)          :  2419        2000      2000 

	Job terminated of its own accord at 2023-10-09T09:20:33Z.
...
