000 (15153696.021.000) 10/03 22:27:19 Job submitted from host: <188.184.90.241:9618?addrs=188.184.90.241-9618+[2001-1458-201-e4--100-2eb]-9618&alias=bigbird15.cern.ch&noUDP&sock=schedd_2763_c443>
...
040 (15153696.021.000) 10/03 22:30:20 Started transferring input files
	Transferring to host: <128.142.63.86:9618?addrs=128.142.63.86-9618+[2001-1458-301-38--100-53]-9618&alias=b7s08p6818.cern.ch&noUDP&sock=slot1_1_3667_7bae_197211>
...
040 (15153696.021.000) 10/03 22:30:20 Finished transferring input files
...
001 (15153696.021.000) 10/03 22:30:21 Job executing on host: <128.142.63.86:9618?addrs=128.142.63.86-9618+[2001-1458-301-38--100-53]-9618&alias=b7s08p6818.cern.ch&noUDP&sock=startd_2890_e0ca>
...
006 (15153696.021.000) 10/03 22:30:29 Image size of job updated: 912376
	122  -  MemoryUsage of job (MB)
	124496  -  ResidentSetSize of job (KB)
...
006 (15153696.021.000) 10/03 22:33:29 Image size of job updated: 926696
	122  -  MemoryUsage of job (MB)
	124496  -  ResidentSetSize of job (KB)
...
040 (15153696.021.000) 10/03 22:33:29 Started transferring output files
...
040 (15153696.021.000) 10/03 22:33:29 Finished transferring output files
...
005 (15153696.021.000) 10/03 22:33:29 Job terminated.
	(1) Normal termination (return value 0)
		Usr 0 00:00:12, Sys 0 00:00:00  -  Run Remote Usage
		Usr 0 00:00:00, Sys 0 00:00:00  -  Run Local Usage
		Usr 0 00:00:12, Sys 0 00:00:00  -  Total Remote Usage
		Usr 0 00:00:00, Sys 0 00:00:00  -  Total Local Usage
	8006  -  Run Bytes Sent By Job
	374  -  Run Bytes Received By Job
	8006  -  Total Bytes Sent By Job
	374  -  Total Bytes Received By Job
	Partitionable Resources :    Usage  Request Allocated 
	   Cpus                 :     0.10        1         1 
	   Disk (KB)            :    29           1   1320503 
	   Memory (MB)          :   122        2000      2000 

	Job terminated of its own accord at 2023-10-03T20:33:29Z.
...
