000 (15159766.176.000) 10/09 11:47:57 Job submitted from host: <188.184.90.241:9618?addrs=188.184.90.241-9618+[2001-1458-201-e4--100-2eb]-9618&alias=bigbird15.cern.ch&noUDP&sock=schedd_2763_c443>
...
040 (15159766.176.000) 10/09 14:25:18 Started transferring input files
	Transferring to host: <128.142.132.152:9618?addrs=128.142.132.152-9618+[2001-1458-301-5a--100-8c]-9618&alias=b7g12p9557.cern.ch&noUDP&sock=slot1_37_3500_d107_192329>
...
040 (15159766.176.000) 10/09 14:25:18 Finished transferring input files
...
001 (15159766.176.000) 10/09 14:25:19 Job executing on host: <128.142.132.152:9618?addrs=128.142.132.152-9618+[2001-1458-301-5a--100-8c]-9618&alias=b7g12p9557.cern.ch&noUDP&sock=startd_2883_13a1>
...
006 (15159766.176.000) 10/09 14:25:27 Image size of job updated: 909896
	120  -  MemoryUsage of job (MB)
	122372  -  ResidentSetSize of job (KB)
...
006 (15159766.176.000) 10/09 14:29:06 Image size of job updated: 923600
	120  -  MemoryUsage of job (MB)
	122372  -  ResidentSetSize of job (KB)
...
040 (15159766.176.000) 10/09 14:29:06 Started transferring output files
...
040 (15159766.176.000) 10/09 14:29:06 Finished transferring output files
...
005 (15159766.176.000) 10/09 14:29:06 Job terminated.
	(1) Normal termination (return value 0)
		Usr 0 00:00:20, Sys 0 00:00:01  -  Run Remote Usage
		Usr 0 00:00:00, Sys 0 00:00:00  -  Run Local Usage
		Usr 0 00:00:20, Sys 0 00:00:01  -  Total Remote Usage
		Usr 0 00:00:00, Sys 0 00:00:00  -  Total Local Usage
	8177  -  Run Bytes Sent By Job
	374  -  Run Bytes Received By Job
	8177  -  Total Bytes Sent By Job
	374  -  Total Bytes Received By Job
	Partitionable Resources :    Usage  Request Allocated 
	   Cpus                 :                 1         1 
	   Disk (KB)            :       22        1   1725042 
	   Memory (MB)          :      120     2000      2000 

	Job terminated of its own accord at 2023-10-09T12:29:06Z.
...
