000 (14839060.006.000) 06/21 14:44:36 Job submitted from host: <188.184.90.241:9618?addrs=188.184.90.241-9618+[2001-1458-201-e4--100-2eb]-9618&alias=bigbird15.cern.ch&noUDP&sock=schedd_1460210_2ef4>
...
040 (14839060.006.000) 06/21 14:57:08 Started transferring input files
	Transferring to host: <128.142.137.69:9618?addrs=128.142.137.69-9618+[2001-1458-301-5e--100-39]-9618&alias=b7g19p4124.cern.ch&noUDP&sock=slot1_2_3002_ee33_4373>
...
040 (14839060.006.000) 06/21 14:57:08 Finished transferring input files
...
001 (14839060.006.000) 06/21 14:57:09 Job executing on host: <128.142.137.69:9618?addrs=128.142.137.69-9618+[2001-1458-301-5e--100-39]-9618&alias=b7g19p4124.cern.ch&noUDP&sock=startd_2569_b2e4>
...
006 (14839060.006.000) 06/21 14:57:18 Image size of job updated: 554360
	48  -  MemoryUsage of job (MB)
	48200  -  ResidentSetSize of job (KB)
...
006 (14839060.006.000) 06/21 15:02:19 Image size of job updated: 856396
	345  -  MemoryUsage of job (MB)
	352564  -  ResidentSetSize of job (KB)
...
006 (14839060.006.000) 06/21 15:07:19 Image size of job updated: 1054820
	538  -  MemoryUsage of job (MB)
	549936  -  ResidentSetSize of job (KB)
...
006 (14839060.006.000) 06/21 15:12:19 Image size of job updated: 1243404
	724  -  MemoryUsage of job (MB)
	741292  -  ResidentSetSize of job (KB)
...
006 (14839060.006.000) 06/21 15:17:20 Image size of job updated: 1451392
	931  -  MemoryUsage of job (MB)
	952408  -  ResidentSetSize of job (KB)
...
006 (14839060.006.000) 06/21 15:22:20 Image size of job updated: 1657416
	1130  -  MemoryUsage of job (MB)
	1156332  -  ResidentSetSize of job (KB)
...
006 (14839060.006.000) 06/21 15:27:20 Image size of job updated: 1853892
	1322  -  MemoryUsage of job (MB)
	1353220  -  ResidentSetSize of job (KB)
...
006 (14839060.006.000) 06/21 15:32:21 Image size of job updated: 2057452
	1519  -  MemoryUsage of job (MB)
	1554520  -  ResidentSetSize of job (KB)
...
006 (14839060.006.000) 06/21 15:37:22 Image size of job updated: 2254860
	1709  -  MemoryUsage of job (MB)
	1750004  -  ResidentSetSize of job (KB)
...
006 (14839060.006.000) 06/21 15:42:22 Image size of job updated: 2459372
	1910  -  MemoryUsage of job (MB)
	1955124  -  ResidentSetSize of job (KB)
...
006 (14839060.006.000) 06/21 15:47:23 Image size of job updated: 2704896
	2122  -  MemoryUsage of job (MB)
	2172816  -  ResidentSetSize of job (KB)
...
006 (14839060.006.000) 06/21 15:52:24 Image size of job updated: 2878632
	2318  -  MemoryUsage of job (MB)
	2373268  -  ResidentSetSize of job (KB)
...
006 (14839060.006.000) 06/21 15:57:24 Image size of job updated: 3073040
	2516  -  MemoryUsage of job (MB)
	2575812  -  ResidentSetSize of job (KB)
...
006 (14839060.006.000) 06/21 16:02:25 Image size of job updated: 3263292
	2701  -  MemoryUsage of job (MB)
	2765044  -  ResidentSetSize of job (KB)
...
006 (14839060.006.000) 06/21 16:07:26 Image size of job updated: 3459476
	2890  -  MemoryUsage of job (MB)
	2959008  -  ResidentSetSize of job (KB)
...
006 (14839060.006.000) 06/21 16:12:26 Image size of job updated: 3665028
	3090  -  MemoryUsage of job (MB)
	3163572  -  ResidentSetSize of job (KB)
...
006 (14839060.006.000) 06/21 16:17:26 Image size of job updated: 3866684
	3287  -  MemoryUsage of job (MB)
	3365180  -  ResidentSetSize of job (KB)
...
006 (14839060.006.000) 06/21 16:22:27 Image size of job updated: 4073168
	3487  -  MemoryUsage of job (MB)
	3569752  -  ResidentSetSize of job (KB)
...
006 (14839060.006.000) 06/21 16:27:27 Image size of job updated: 4268836
	3676  -  MemoryUsage of job (MB)
	3763764  -  ResidentSetSize of job (KB)
...
006 (14839060.006.000) 06/21 16:32:27 Image size of job updated: 4465036
	3870  -  MemoryUsage of job (MB)
	3962132  -  ResidentSetSize of job (KB)
...
006 (14839060.006.000) 06/21 16:37:28 Image size of job updated: 4716240
	4111  -  MemoryUsage of job (MB)
	4209232  -  ResidentSetSize of job (KB)
...
006 (14839060.006.000) 06/21 16:42:29 Image size of job updated: 4839888
	4237  -  MemoryUsage of job (MB)
	4338344  -  ResidentSetSize of job (KB)
...
006 (14839060.006.000) 06/21 16:47:29 Image size of job updated: 5040136
	4423  -  MemoryUsage of job (MB)
	4528280  -  ResidentSetSize of job (KB)
...
006 (14839060.006.000) 06/21 16:52:30 Image size of job updated: 5237652
	4614  -  MemoryUsage of job (MB)
	4723928  -  ResidentSetSize of job (KB)
...
006 (14839060.006.000) 06/21 16:57:11 Image size of job updated: 5401792
	4614  -  MemoryUsage of job (MB)
	4723928  -  ResidentSetSize of job (KB)
...
040 (14839060.006.000) 06/21 16:57:11 Started transferring output files
...
040 (14839060.006.000) 06/21 16:57:11 Finished transferring output files
...
009 (14839060.006.000) 06/21 16:57:11 Job was aborted.
	Job removed by SYSTEM_PERIODIC_REMOVE due to wall time exceeded allowed max.
...
