000 (14808124.008.000) 05/19 04:24:07 Job submitted from host: <188.184.90.241:9618?addrs=188.184.90.241-9618+[2001-1458-201-e4--100-2eb]-9618&alias=bigbird15.cern.ch&noUDP&sock=schedd_3273_9590>
...
040 (14808124.008.000) 05/19 04:35:42 Started transferring input files
	Transferring to host: <188.184.163.67:9618?addrs=188.184.163.67-9618+[2001-1458-301-4d--100-3d]-9618&alias=b7s12p6157.cern.ch&noUDP&sock=slot1_26_4597_c094_66989>
...
040 (14808124.008.000) 05/19 04:35:42 Finished transferring input files
...
001 (14808124.008.000) 05/19 04:35:43 Job executing on host: <188.184.163.67:9618?addrs=188.184.163.67-9618+[2001-1458-301-4d--100-3d]-9618&alias=b7s12p6157.cern.ch&noUDP&sock=startd_3217_2c43>
...
006 (14808124.008.000) 05/19 04:35:53 Image size of job updated: 553964
	47  -  MemoryUsage of job (MB)
	47604  -  ResidentSetSize of job (KB)
...
006 (14808124.008.000) 05/19 04:39:40 Image size of job updated: 4047652
	47  -  MemoryUsage of job (MB)
	47604  -  ResidentSetSize of job (KB)
...
040 (14808124.008.000) 05/19 04:39:40 Started transferring output files
...
040 (14808124.008.000) 05/19 04:39:40 Finished transferring output files
...
005 (14808124.008.000) 05/19 04:39:40 Job terminated.
	(1) Normal termination (return value 0)
		Usr 0 00:02:58, Sys 0 00:00:09  -  Run Remote Usage
		Usr 0 00:00:00, Sys 0 00:00:00  -  Run Local Usage
		Usr 0 00:02:58, Sys 0 00:00:09  -  Total Remote Usage
		Usr 0 00:00:00, Sys 0 00:00:00  -  Total Local Usage
	249667  -  Run Bytes Sent By Job
	269  -  Run Bytes Received By Job
	249667  -  Total Bytes Sent By Job
	269  -  Total Bytes Received By Job
	Partitionable Resources :    Usage  Request Allocated 
	   Cpus                 :     0.55        1         1 
	   Disk (KB)            :   265           1   3051936 
	   Memory (MB)          :    47        2000      2000 

	Job terminated of its own accord at 2023-05-19T02:39:40Z.
...
