000 (15149098.002.000) 09/27 08:23:39 Job submitted from host: <188.184.90.241:9618?addrs=188.184.90.241-9618+[2001-1458-201-e4--100-2eb]-9618&alias=bigbird15.cern.ch&noUDP&sock=schedd_2763_c443>
...
040 (15149098.002.000) 09/27 08:36:59 Started transferring input files
	Transferring to host: <128.142.61.15:9618?addrs=128.142.61.15-9618+[2001-1458-301-23--100-e]-9618&alias=b7s06p7712.cern.ch&noUDP&sock=slot1_2_26223_39c3_117059>
...
040 (15149098.002.000) 09/27 08:36:59 Finished transferring input files
...
001 (15149098.002.000) 09/27 08:37:00 Job executing on host: <128.142.61.15:9618?addrs=128.142.61.15-9618+[2001-1458-301-23--100-e]-9618&alias=b7s06p7712.cern.ch&noUDP&sock=startd_26086_679c>
...
006 (15149098.002.000) 09/27 08:37:09 Image size of job updated: 671548
	50  -  MemoryUsage of job (MB)
	51032  -  ResidentSetSize of job (KB)
...
040 (15149098.002.000) 09/27 08:37:22 Started transferring output files
...
040 (15149098.002.000) 09/27 08:37:22 Finished transferring output files
...
005 (15149098.002.000) 09/27 08:37:22 Job terminated.
	(1) Normal termination (return value 0)
		Usr 0 00:00:04, Sys 0 00:00:02  -  Run Remote Usage
		Usr 0 00:00:00, Sys 0 00:00:00  -  Run Local Usage
		Usr 0 00:00:04, Sys 0 00:00:02  -  Total Remote Usage
		Usr 0 00:00:00, Sys 0 00:00:00  -  Total Local Usage
	23622  -  Run Bytes Sent By Job
	323  -  Run Bytes Received By Job
	23622  -  Total Bytes Sent By Job
	323  -  Total Bytes Received By Job
	Partitionable Resources :    Usage  Request Allocated 
	   Cpus                 :                 1         1 
	   Disk (KB)            :       37        1   1224630 
	   Memory (MB)          :       50     2000      2000 

	Job terminated of its own accord at 2023-09-27T06:37:22Z.
...
