000 (15159766.167.000) 10/09 11:47:57 Job submitted from host: <188.184.90.241:9618?addrs=188.184.90.241-9618+[2001-1458-201-e4--100-2eb]-9618&alias=bigbird15.cern.ch&noUDP&sock=schedd_2763_c443>
...
040 (15159766.167.000) 10/09 14:25:12 Started transferring input files
	Transferring to host: <188.184.163.183:9618?addrs=188.184.163.183-9618&alias=b7s12p5086.cern.ch&noUDP&sock=slot1_23_4132_1e21_209823>
...
040 (15159766.167.000) 10/09 14:25:12 Finished transferring input files
...
001 (15159766.167.000) 10/09 14:25:13 Job executing on host: <188.184.163.183:9618?addrs=188.184.163.183-9618&alias=b7s12p5086.cern.ch&noUDP&sock=startd_4067_33c3>
...
006 (15159766.167.000) 10/09 14:25:19 Image size of job updated: 895308
	0  -  MemoryUsage of job (MB)
	0  -  ResidentSetSize of job (KB)
...
040 (15159766.167.000) 10/09 14:25:19 Started transferring output files
...
040 (15159766.167.000) 10/09 14:25:19 Finished transferring output files
...
005 (15159766.167.000) 10/09 14:25:19 Job terminated.
	(1) Normal termination (return value 0)
		Usr 0 00:00:02, Sys 0 00:00:00  -  Run Remote Usage
		Usr 0 00:00:00, Sys 0 00:00:00  -  Run Local Usage
		Usr 0 00:00:02, Sys 0 00:00:00  -  Total Remote Usage
		Usr 0 00:00:00, Sys 0 00:00:00  -  Total Local Usage
	7655  -  Run Bytes Sent By Job
	374  -  Run Bytes Received By Job
	7655  -  Total Bytes Sent By Job
	374  -  Total Bytes Received By Job
	Partitionable Resources :    Usage  Request Allocated 
	   Cpus                 :                 1         1 
	   Disk (KB)            :       21        1   3066092 
	   Memory (MB)          :        0     2000      2000 

	Job terminated of its own accord at 2023-10-09T12:25:19Z.
...
