000 (15271413.026.000) 12/18 14:02:22 Job submitted from host: <188.184.90.241:9618?addrs=188.184.90.241-9618+[2001-1458-201-e4--100-2eb]-9618&alias=bigbird15.cern.ch&noUDP&sock=schedd_2763_c443>
...
040 (15271413.026.000) 12/18 14:05:57 Started transferring input files
	Transferring to host: <188.184.184.233:9618?addrs=188.184.184.233-9618+[2001-1458-301-4f--100-e9]-9618&alias=b9g36p2278.cern.ch&noUDP&sock=slot1_1_9170_d82e_121961>
...
040 (15271413.026.000) 12/18 14:05:57 Finished transferring input files
...
001 (15271413.026.000) 12/18 14:05:58 Job executing on host: <188.184.184.233:9618?addrs=188.184.184.233-9618+[2001-1458-301-4f--100-e9]-9618&alias=b9g36p2278.cern.ch&noUDP&sock=startd_9092_ef2a>
...
006 (15271413.026.000) 12/18 14:06:06 Image size of job updated: 99516
	98  -  MemoryUsage of job (MB)
	99516  -  ResidentSetSize of job (KB)
...
006 (15271413.026.000) 12/18 14:11:07 Image size of job updated: 452720
	443  -  MemoryUsage of job (MB)
	452720  -  ResidentSetSize of job (KB)
...
006 (15271413.026.000) 12/18 14:16:08 Image size of job updated: 750004
	733  -  MemoryUsage of job (MB)
	750004  -  ResidentSetSize of job (KB)
...
006 (15271413.026.000) 12/18 14:21:08 Image size of job updated: 3472676
	3392  -  MemoryUsage of job (MB)
	3472676  -  ResidentSetSize of job (KB)
...
040 (15271413.026.000) 12/18 14:23:33 Started transferring output files
...
040 (15271413.026.000) 12/18 14:23:33 Finished transferring output files
...
005 (15271413.026.000) 12/18 14:23:33 Job terminated.
	(1) Normal termination (return value 0)
		Usr 0 00:13:10, Sys 0 00:00:10  -  Run Remote Usage
		Usr 0 00:00:00, Sys 0 00:00:00  -  Run Local Usage
		Usr 0 00:13:10, Sys 0 00:00:10  -  Total Remote Usage
		Usr 0 00:00:00, Sys 0 00:00:00  -  Total Local Usage
	236774  -  Run Bytes Sent By Job
	269  -  Run Bytes Received By Job
	236774  -  Total Bytes Sent By Job
	269  -  Total Bytes Received By Job
	Partitionable Resources :    Usage  Request Allocated 
	   Cpus                 :     0.94        1         1 
	   Disk (KB)            :   275           1   1349749 
	   Memory (MB)          :  3392        2000      2000 

	Job terminated of its own accord at 2023-12-18T13:23:33Z.
...
