000 (15155263.017.000) 10/07 15:36:06 Job submitted from host: <188.184.90.241:9618?addrs=188.184.90.241-9618+[2001-1458-201-e4--100-2eb]-9618&alias=bigbird15.cern.ch&noUDP&sock=schedd_2763_c443>
...
040 (15155263.017.000) 10/07 15:38:40 Started transferring input files
	Transferring to host: <128.142.61.151:9618?addrs=128.142.61.151-9618+[2001-1458-301-23--100-96]-9618&alias=b7s06p7731.cern.ch&noUDP&sock=slot1_6_38505_0177_73554>
...
040 (15155263.017.000) 10/07 15:38:40 Finished transferring input files
...
001 (15155263.017.000) 10/07 15:38:41 Job executing on host: <128.142.61.151:9618?addrs=128.142.61.151-9618+[2001-1458-301-23--100-96]-9618&alias=b7s06p7731.cern.ch&noUDP&sock=startd_38466_0e15>
...
006 (15155263.017.000) 10/07 15:38:50 Image size of job updated: 679828
	51  -  MemoryUsage of job (MB)
	51644  -  ResidentSetSize of job (KB)
...
006 (15155263.017.000) 10/07 15:43:51 Image size of job updated: 1159284
	608  -  MemoryUsage of job (MB)
	622576  -  ResidentSetSize of job (KB)
...
006 (15155263.017.000) 10/07 15:48:51 Image size of job updated: 1311848
	608  -  MemoryUsage of job (MB)
	622576  -  ResidentSetSize of job (KB)
...
006 (15155263.017.000) 10/07 15:53:51 Image size of job updated: 3737276
	608  -  MemoryUsage of job (MB)
	622576  -  ResidentSetSize of job (KB)
...
006 (15155263.017.000) 10/07 15:58:52 Image size of job updated: 3998708
	608  -  MemoryUsage of job (MB)
	622576  -  ResidentSetSize of job (KB)
...
006 (15155263.017.000) 10/07 16:00:43 Image size of job updated: 4022164
	608  -  MemoryUsage of job (MB)
	622576  -  ResidentSetSize of job (KB)
...
040 (15155263.017.000) 10/07 16:00:43 Started transferring output files
...
040 (15155263.017.000) 10/07 16:00:43 Finished transferring output files
...
005 (15155263.017.000) 10/07 16:00:43 Job terminated.
	(1) Normal termination (return value 0)
		Usr 0 00:09:06, Sys 0 00:00:15  -  Run Remote Usage
		Usr 0 00:00:00, Sys 0 00:00:00  -  Run Local Usage
		Usr 0 00:09:06, Sys 0 00:00:15  -  Total Remote Usage
		Usr 0 00:00:00, Sys 0 00:00:00  -  Total Local Usage
	86580  -  Run Bytes Sent By Job
	323  -  Run Bytes Received By Job
	86580  -  Total Bytes Sent By Job
	323  -  Total Bytes Received By Job
	Partitionable Resources :    Usage  Request Allocated 
	   Cpus                 :        0        1         1 
	   Disk (KB)            :      106        1   1242805 
	   Memory (MB)          :      608     2000      2000 

	Job terminated of its own accord at 2023-10-07T14:00:43Z.
...
