000 (15159756.040.000) 10/09 09:27:43 Job submitted from host: <188.184.90.241:9618?addrs=188.184.90.241-9618+[2001-1458-201-e4--100-2eb]-9618&alias=bigbird15.cern.ch&noUDP&sock=schedd_2763_c443>
...
040 (15159756.040.000) 10/09 11:14:54 Started transferring input files
	Transferring to host: <128.142.58.35:9618?addrs=128.142.58.35-9618+[2001-1458-301-16--100-22]-9618&alias=b7s03p8339.cern.ch&noUDP&sock=slot1_27_14754_4711_12417>
...
040 (15159756.040.000) 10/09 11:14:54 Finished transferring input files
...
001 (15159756.040.000) 10/09 11:14:55 Job executing on host: <128.142.58.35:9618?addrs=128.142.58.35-9618+[2001-1458-301-16--100-22]-9618&alias=b7s03p8339.cern.ch&noUDP&sock=startd_14691_61ed>
...
006 (15159756.040.000) 10/09 11:15:04 Image size of job updated: 58628
	55  -  MemoryUsage of job (MB)
	55408  -  ResidentSetSize of job (KB)
...
006 (15159756.040.000) 10/09 11:20:05 Image size of job updated: 966180
	446  -  MemoryUsage of job (MB)
	456304  -  ResidentSetSize of job (KB)
...
006 (15159756.040.000) 10/09 11:24:53 Image size of job updated: 3394276
	446  -  MemoryUsage of job (MB)
	456304  -  ResidentSetSize of job (KB)
...
040 (15159756.040.000) 10/09 11:24:53 Started transferring output files
...
040 (15159756.040.000) 10/09 11:24:53 Finished transferring output files
...
005 (15159756.040.000) 10/09 11:24:53 Job terminated.
	(1) Normal termination (return value 0)
		Usr 0 00:08:29, Sys 0 00:00:08  -  Run Remote Usage
		Usr 0 00:00:00, Sys 0 00:00:00  -  Run Local Usage
		Usr 0 00:08:29, Sys 0 00:00:08  -  Total Remote Usage
		Usr 0 00:00:00, Sys 0 00:00:00  -  Total Local Usage
	168661  -  Run Bytes Sent By Job
	269  -  Run Bytes Received By Job
	168661  -  Total Bytes Sent By Job
	269  -  Total Bytes Received By Job
	Partitionable Resources :    Usage  Request Allocated 
	   Cpus                 :     0.99        1         1 
	   Disk (KB)            :   186           1   1285209 
	   Memory (MB)          :   446        2000      2000 

	Job terminated of its own accord at 2023-10-09T09:24:53Z.
...
