000 (15149113.007.000) 09/27 10:32:17 Job submitted from host: <188.184.90.241:9618?addrs=188.184.90.241-9618+[2001-1458-201-e4--100-2eb]-9618&alias=bigbird15.cern.ch&noUDP&sock=schedd_2763_c443>
...
040 (15149113.007.000) 09/27 10:47:11 Started transferring input files
	Transferring to host: <128.142.57.94:9618?addrs=128.142.57.94-9618+[2001-1458-301-7--100-5d]-9618&alias=b7s02p3547.cern.ch&noUDP&sock=slot1_3_8865_f1c2_188746>
...
040 (15149113.007.000) 09/27 10:47:11 Finished transferring input files
...
001 (15149113.007.000) 09/27 10:47:12 Job executing on host: <128.142.57.94:9618?addrs=128.142.57.94-9618+[2001-1458-301-7--100-5d]-9618&alias=b7s02p3547.cern.ch&noUDP&sock=startd_7135_9852>
...
006 (15149113.007.000) 09/27 10:47:21 Image size of job updated: 678960
	62  -  MemoryUsage of job (MB)
	63124  -  ResidentSetSize of job (KB)
...
006 (15149113.007.000) 09/27 10:52:22 Image size of job updated: 1219972
	67  -  MemoryUsage of job (MB)
	67964  -  ResidentSetSize of job (KB)
...
006 (15149113.007.000) 09/27 10:57:22 Image size of job updated: 3603952
	197  -  MemoryUsage of job (MB)
	200900  -  ResidentSetSize of job (KB)
...
006 (15149113.007.000) 09/27 11:02:22 Image size of job updated: 3842132
	432  -  MemoryUsage of job (MB)
	442072  -  ResidentSetSize of job (KB)
...
006 (15149113.007.000) 09/27 11:07:23 Image size of job updated: 3875408
	465  -  MemoryUsage of job (MB)
	476060  -  ResidentSetSize of job (KB)
...
006 (15149113.007.000) 09/27 11:08:48 Image size of job updated: 3883160
	465  -  MemoryUsage of job (MB)
	476060  -  ResidentSetSize of job (KB)
...
040 (15149113.007.000) 09/27 11:08:48 Started transferring output files
...
040 (15149113.007.000) 09/27 11:08:48 Finished transferring output files
...
005 (15149113.007.000) 09/27 11:08:48 Job terminated.
	(1) Normal termination (return value 0)
		Usr 0 00:05:01, Sys 0 00:00:11  -  Run Remote Usage
		Usr 0 00:00:00, Sys 0 00:00:00  -  Run Local Usage
		Usr 0 00:05:01, Sys 0 00:00:11  -  Total Remote Usage
		Usr 0 00:00:00, Sys 0 00:00:00  -  Total Local Usage
	69589  -  Run Bytes Sent By Job
	323  -  Run Bytes Received By Job
	69589  -  Total Bytes Sent By Job
	323  -  Total Bytes Received By Job
	Partitionable Resources :    Usage  Request Allocated 
	   Cpus                 :     0.10        1         1 
	   Disk (KB)            :    89           1   1222911 
	   Memory (MB)          :   465        2000      2000 

	Job terminated of its own accord at 2023-09-27T09:08:48Z.
...
