000 (15150662.050.000) 09/28 15:49:40 Job submitted from host: <188.184.90.241:9618?addrs=188.184.90.241-9618+[2001-1458-201-e4--100-2eb]-9618&alias=bigbird15.cern.ch&noUDP&sock=schedd_2763_c443>
...
040 (15150662.050.000) 09/28 16:01:04 Started transferring input files
	Transferring to host: <128.142.132.23:9618?addrs=128.142.132.23-9618+[2001-1458-301-5a--100-b]-9618&alias=b7g12p3047.cern.ch&noUDP&sock=slot1_3_8844_25e1_178290>
...
040 (15150662.050.000) 09/28 16:01:04 Finished transferring input files
...
001 (15150662.050.000) 09/28 16:01:05 Job executing on host: <128.142.132.23:9618?addrs=128.142.132.23-9618+[2001-1458-301-5a--100-b]-9618&alias=b7g12p3047.cern.ch&noUDP&sock=startd_8114_1b8a>
...
006 (15150662.050.000) 09/28 16:01:14 Image size of job updated: 908912
	119  -  MemoryUsage of job (MB)
	121220  -  ResidentSetSize of job (KB)
...
006 (15150662.050.000) 09/28 16:05:11 Image size of job updated: 920588
	119  -  MemoryUsage of job (MB)
	121220  -  ResidentSetSize of job (KB)
...
040 (15150662.050.000) 09/28 16:05:11 Started transferring output files
...
040 (15150662.050.000) 09/28 16:05:11 Finished transferring output files
...
005 (15150662.050.000) 09/28 16:05:11 Job terminated.
	(1) Normal termination (return value 0)
		Usr 0 00:00:18, Sys 0 00:00:01  -  Run Remote Usage
		Usr 0 00:00:00, Sys 0 00:00:00  -  Run Local Usage
		Usr 0 00:00:18, Sys 0 00:00:01  -  Total Remote Usage
		Usr 0 00:00:00, Sys 0 00:00:00  -  Total Local Usage
	7929  -  Run Bytes Sent By Job
	374  -  Run Bytes Received By Job
	7929  -  Total Bytes Sent By Job
	374  -  Total Bytes Received By Job
	Partitionable Resources :    Usage  Request Allocated 
	   Cpus                 :                 1         1 
	   Disk (KB)            :       22        1   1486802 
	   Memory (MB)          :      119     2000      2000 

	Job terminated of its own accord at 2023-09-28T14:05:11Z.
...
