000 (14832095.142.000) 06/12 15:17:57 Job submitted from host: <188.184.90.241:9618?addrs=188.184.90.241-9618+[2001-1458-201-e4--100-2eb]-9618&alias=bigbird15.cern.ch&noUDP&sock=schedd_1460210_2ef4>
...
040 (14832095.142.000) 06/12 15:20:21 Started transferring input files
	Transferring to host: <188.184.163.150:9618?addrs=188.184.163.150-9618+[2001-1458-301-4d--100-90]-9618&alias=b7s12p2994.cern.ch&noUDP&sock=slot1_32_3653_9e6e_90899>
...
040 (14832095.142.000) 06/12 15:20:21 Finished transferring input files
...
001 (14832095.142.000) 06/12 15:20:22 Job executing on host: <188.184.163.150:9618?addrs=188.184.163.150-9618+[2001-1458-301-4d--100-90]-9618&alias=b7s12p2994.cern.ch&noUDP&sock=startd_2991_27db>
...
006 (14832095.142.000) 06/12 15:20:31 Image size of job updated: 47612
	47  -  MemoryUsage of job (MB)
	47612  -  ResidentSetSize of job (KB)
...
006 (14832095.142.000) 06/12 15:25:32 Image size of job updated: 1155160
	81  -  MemoryUsage of job (MB)
	82760  -  ResidentSetSize of job (KB)
...
006 (14832095.142.000) 06/12 15:27:10 Image size of job updated: 1207616
	82  -  MemoryUsage of job (MB)
	83336  -  ResidentSetSize of job (KB)
...
040 (14832095.142.000) 06/12 15:27:10 Started transferring output files
...
040 (14832095.142.000) 06/12 15:27:10 Finished transferring output files
...
005 (14832095.142.000) 06/12 15:27:10 Job terminated.
	(1) Normal termination (return value 0)
		Usr 0 00:03:17, Sys 0 00:00:09  -  Run Remote Usage
		Usr 0 00:00:00, Sys 0 00:00:00  -  Run Local Usage
		Usr 0 00:03:17, Sys 0 00:00:09  -  Total Remote Usage
		Usr 0 00:00:00, Sys 0 00:00:00  -  Total Local Usage
	44447  -  Run Bytes Sent By Job
	323  -  Run Bytes Received By Job
	44447  -  Total Bytes Sent By Job
	323  -  Total Bytes Received By Job
	Partitionable Resources :    Usage  Request Allocated 
	   Cpus                 :                 1         1 
	   Disk (KB)            :       57        1   3093960 
	   Memory (MB)          :       82     2000      2000 

	Job terminated of its own accord at 2023-06-12T13:27:10Z.
...
