000 (15271413.155.000) 12/18 14:02:23 Job submitted from host: <188.184.90.241:9618?addrs=188.184.90.241-9618+[2001-1458-201-e4--100-2eb]-9618&alias=bigbird15.cern.ch&noUDP&sock=schedd_2763_c443>
...
040 (15271413.155.000) 12/18 14:06:41 Started transferring input files
	Transferring to host: <128.142.194.205:9618?addrs=128.142.194.205-9618+[2001-1458-301-13--100-4d]-9618&alias=b9g30p6868.cern.ch&noUDP&sock=slot1_5_3819_94b4_9346>
...
040 (15271413.155.000) 12/18 14:06:41 Finished transferring input files
...
001 (15271413.155.000) 12/18 14:06:42 Job executing on host: <128.142.194.205:9618?addrs=128.142.194.205-9618+[2001-1458-301-13--100-4d]-9618&alias=b9g30p6868.cern.ch&noUDP&sock=startd_2720_45b1>
...
006 (15271413.155.000) 12/18 14:06:51 Image size of job updated: 109048
	80  -  MemoryUsage of job (MB)
	81896  -  ResidentSetSize of job (KB)
...
006 (15271413.155.000) 12/18 14:11:52 Image size of job updated: 515056
	465  -  MemoryUsage of job (MB)
	475608  -  ResidentSetSize of job (KB)
...
006 (15271413.155.000) 12/18 14:16:49 Image size of job updated: 2805832
	465  -  MemoryUsage of job (MB)
	475608  -  ResidentSetSize of job (KB)
...
040 (15271413.155.000) 12/18 14:16:49 Started transferring output files
...
040 (15271413.155.000) 12/18 14:16:49 Finished transferring output files
...
005 (15271413.155.000) 12/18 14:16:49 Job terminated.
	(1) Normal termination (return value 0)
		Usr 0 00:07:27, Sys 0 00:00:07  -  Run Remote Usage
		Usr 0 00:00:00, Sys 0 00:00:00  -  Run Local Usage
		Usr 0 00:07:27, Sys 0 00:00:07  -  Total Remote Usage
		Usr 0 00:00:00, Sys 0 00:00:00  -  Total Local Usage
	162673  -  Run Bytes Sent By Job
	269  -  Run Bytes Received By Job
	162673  -  Total Bytes Sent By Job
	269  -  Total Bytes Received By Job
	Partitionable Resources :    Usage  Request Allocated 
	   Cpus                 :     0.95        1         1 
	   Disk (KB)            :   203           1   2805132 
	   Memory (MB)          :   465        2000      2000 

	Job terminated of its own accord at 2023-12-18T13:16:49Z.
...
