000 (15151321.025.000) 10/02 14:58:31 Job submitted from host: <188.184.90.241:9618?addrs=188.184.90.241-9618+[2001-1458-201-e4--100-2eb]-9618&alias=bigbird15.cern.ch&noUDP&sock=schedd_2763_c443>
...
040 (15151321.025.000) 10/02 15:15:10 Started transferring input files
	Transferring to host: <128.142.61.151:9618?addrs=128.142.61.151-9618+[2001-1458-301-23--100-96]-9618&alias=b7s06p7731.cern.ch&noUDP&sock=slot1_31_38505_0177_60200>
...
040 (15151321.025.000) 10/02 15:15:10 Finished transferring input files
...
001 (15151321.025.000) 10/02 15:15:11 Job executing on host: <128.142.61.151:9618?addrs=128.142.61.151-9618+[2001-1458-301-23--100-96]-9618&alias=b7s06p7731.cern.ch&noUDP&sock=startd_38466_0e15>
...
006 (15151321.025.000) 10/02 15:15:20 Image size of job updated: 912364
	122  -  MemoryUsage of job (MB)
	124476  -  ResidentSetSize of job (KB)
...
006 (15151321.025.000) 10/02 15:18:03 Image size of job updated: 926644
	122  -  MemoryUsage of job (MB)
	124476  -  ResidentSetSize of job (KB)
...
040 (15151321.025.000) 10/02 15:18:03 Started transferring output files
...
040 (15151321.025.000) 10/02 15:18:03 Finished transferring output files
...
005 (15151321.025.000) 10/02 15:18:03 Job terminated.
	(1) Normal termination (return value 0)
		Usr 0 00:00:11, Sys 0 00:00:01  -  Run Remote Usage
		Usr 0 00:00:00, Sys 0 00:00:00  -  Run Local Usage
		Usr 0 00:00:11, Sys 0 00:00:01  -  Total Remote Usage
		Usr 0 00:00:00, Sys 0 00:00:00  -  Total Local Usage
	8005  -  Run Bytes Sent By Job
	374  -  Run Bytes Received By Job
	8005  -  Total Bytes Sent By Job
	374  -  Total Bytes Received By Job
	Partitionable Resources :    Usage  Request Allocated 
	   Cpus                 :     0.11        1         1 
	   Disk (KB)            :    29           1   1291728 
	   Memory (MB)          :   122        2000      2000 

	Job terminated of its own accord at 2023-10-02T13:18:03Z.
...
