000 (15159743.022.000) 10/09 07:56:33 Job submitted from host: <188.184.90.241:9618?addrs=188.184.90.241-9618+[2001-1458-201-e4--100-2eb]-9618&alias=bigbird15.cern.ch&noUDP&sock=schedd_2763_c443>
...
040 (15159743.022.000) 10/09 08:09:42 Started transferring input files
	Transferring to host: <188.184.162.157:9618?addrs=188.184.162.157-9618+[2001-1458-301-4a--100-97]-9618&alias=b7s11p9936.cern.ch&noUDP&sock=slot1_13_20739_4064_106248>
...
040 (15159743.022.000) 10/09 08:09:42 Finished transferring input files
...
001 (15159743.022.000) 10/09 08:09:43 Job executing on host: <188.184.162.157:9618?addrs=188.184.162.157-9618+[2001-1458-301-4a--100-97]-9618&alias=b7s11p9936.cern.ch&noUDP&sock=startd_20702_6db5>
...
006 (15159743.022.000) 10/09 08:09:51 Image size of job updated: 111788
	53  -  MemoryUsage of job (MB)
	53680  -  ResidentSetSize of job (KB)
...
006 (15159743.022.000) 10/09 08:14:51 Image size of job updated: 882272
	364  -  MemoryUsage of job (MB)
	371832  -  ResidentSetSize of job (KB)
...
006 (15159743.022.000) 10/09 08:19:52 Image size of job updated: 1068908
	568  -  MemoryUsage of job (MB)
	580776  -  ResidentSetSize of job (KB)
...
006 (15159743.022.000) 10/09 08:24:52 Image size of job updated: 3766496
	3156  -  MemoryUsage of job (MB)
	3231180  -  ResidentSetSize of job (KB)
...
006 (15159743.022.000) 10/09 08:27:13 Image size of job updated: 3860912
	3156  -  MemoryUsage of job (MB)
	3231180  -  ResidentSetSize of job (KB)
...
040 (15159743.022.000) 10/09 08:27:13 Started transferring output files
...
040 (15159743.022.000) 10/09 08:27:13 Finished transferring output files
...
005 (15159743.022.000) 10/09 08:27:13 Job terminated.
	(1) Normal termination (return value 0)
		Usr 0 00:15:18, Sys 0 00:00:16  -  Run Remote Usage
		Usr 0 00:00:00, Sys 0 00:00:00  -  Run Local Usage
		Usr 0 00:15:18, Sys 0 00:00:16  -  Total Remote Usage
		Usr 0 00:00:00, Sys 0 00:00:00  -  Total Local Usage
	207826  -  Run Bytes Sent By Job
	269  -  Run Bytes Received By Job
	207826  -  Total Bytes Sent By Job
	269  -  Total Bytes Received By Job
	Partitionable Resources :    Usage  Request Allocated 
	   Cpus                 :     0.97        1         1 
	   Disk (KB)            :   224           1   2977023 
	   Memory (MB)          :  3156        2000      2000 

	Job terminated of its own accord at 2023-10-09T06:27:13Z.
...
