000 (15149098.001.000) 09/27 08:23:39 Job submitted from host: <188.184.90.241:9618?addrs=188.184.90.241-9618+[2001-1458-201-e4--100-2eb]-9618&alias=bigbird15.cern.ch&noUDP&sock=schedd_2763_c443>
...
040 (15149098.001.000) 09/27 08:36:59 Started transferring input files
	Transferring to host: <188.184.163.201:9618?addrs=188.184.163.201-9618+[2001-1458-301-4d--100-c3]-9618&alias=b7s12p7699.cern.ch&noUDP&sock=slot1_30_173492_8f08_10020>
...
040 (15149098.001.000) 09/27 08:36:59 Finished transferring input files
...
001 (15149098.001.000) 09/27 08:37:00 Job executing on host: <188.184.163.201:9618?addrs=188.184.163.201-9618+[2001-1458-301-4d--100-c3]-9618&alias=b7s12p7699.cern.ch&noUDP&sock=startd_173453_e8c6>
...
006 (15149098.001.000) 09/27 08:37:08 Image size of job updated: 565136
	63  -  MemoryUsage of job (MB)
	63968  -  ResidentSetSize of job (KB)
...
006 (15149098.001.000) 09/27 08:37:22 Image size of job updated: 1265816
	66  -  MemoryUsage of job (MB)
	67200  -  ResidentSetSize of job (KB)
...
040 (15149098.001.000) 09/27 08:37:22 Started transferring output files
...
040 (15149098.001.000) 09/27 08:37:22 Finished transferring output files
...
005 (15149098.001.000) 09/27 08:37:22 Job terminated.
	(1) Normal termination (return value 0)
		Usr 0 00:00:05, Sys 0 00:00:02  -  Run Remote Usage
		Usr 0 00:00:00, Sys 0 00:00:00  -  Run Local Usage
		Usr 0 00:00:05, Sys 0 00:00:02  -  Total Remote Usage
		Usr 0 00:00:00, Sys 0 00:00:00  -  Total Local Usage
	23149  -  Run Bytes Sent By Job
	323  -  Run Bytes Received By Job
	23149  -  Total Bytes Sent By Job
	323  -  Total Bytes Received By Job
	Partitionable Resources :    Usage  Request Allocated 
	   Cpus                 :                 1         1 
	   Disk (KB)            :       36        1   2951297 
	   Memory (MB)          :       66     2000      2000 

	Job terminated of its own accord at 2023-09-27T06:37:22Z.
...
