000 (15155271.036.000) 10/07 16:55:47 Job submitted from host: <188.184.90.241:9618?addrs=188.184.90.241-9618+[2001-1458-201-e4--100-2eb]-9618&alias=bigbird15.cern.ch&noUDP&sock=schedd_2763_c443>
...
040 (15155271.036.000) 10/07 17:06:03 Started transferring input files
	Transferring to host: <128.142.61.29:9618?addrs=128.142.61.29-9618+[2001-1458-301-23--100-1c]-9618&alias=b7s06p7938.cern.ch&noUDP&sock=slot1_4_44614_594f_16713>
...
040 (15155271.036.000) 10/07 17:06:03 Finished transferring input files
...
001 (15155271.036.000) 10/07 17:06:04 Job executing on host: <128.142.61.29:9618?addrs=128.142.61.29-9618+[2001-1458-301-23--100-1c]-9618&alias=b7s06p7938.cern.ch&noUDP&sock=startd_44575_5225>
...
006 (15155271.036.000) 10/07 17:06:12 Image size of job updated: 51056
	50  -  MemoryUsage of job (MB)
	50720  -  ResidentSetSize of job (KB)
...
006 (15155271.036.000) 10/07 17:11:12 Image size of job updated: 867252
	60  -  MemoryUsage of job (MB)
	60480  -  ResidentSetSize of job (KB)
...
006 (15155271.036.000) 10/07 17:16:13 Image size of job updated: 3429036
	137  -  MemoryUsage of job (MB)
	140012  -  ResidentSetSize of job (KB)
...
006 (15155271.036.000) 10/07 17:21:13 Image size of job updated: 3667536
	371  -  MemoryUsage of job (MB)
	379076  -  ResidentSetSize of job (KB)
...
006 (15155271.036.000) 10/07 17:26:13 Image size of job updated: 3728392
	431  -  MemoryUsage of job (MB)
	441060  -  ResidentSetSize of job (KB)
...
006 (15155271.036.000) 10/07 17:29:07 Image size of job updated: 3733664
	431  -  MemoryUsage of job (MB)
	441060  -  ResidentSetSize of job (KB)
...
040 (15155271.036.000) 10/07 17:29:07 Started transferring output files
...
040 (15155271.036.000) 10/07 17:29:07 Finished transferring output files
...
005 (15155271.036.000) 10/07 17:29:07 Job terminated.
	(1) Normal termination (return value 0)
		Usr 0 00:04:28, Sys 0 00:00:08  -  Run Remote Usage
		Usr 0 00:00:00, Sys 0 00:00:00  -  Run Local Usage
		Usr 0 00:04:28, Sys 0 00:00:08  -  Total Remote Usage
		Usr 0 00:00:00, Sys 0 00:00:00  -  Total Local Usage
	66733  -  Run Bytes Sent By Job
	323  -  Run Bytes Received By Job
	66733  -  Total Bytes Sent By Job
	323  -  Total Bytes Received By Job
	Partitionable Resources :    Usage  Request Allocated 
	   Cpus                 :        0        1         1 
	   Disk (KB)            :       86        1   2833802 
	   Memory (MB)          :      431     2000      2000 

	Job terminated of its own accord at 2023-10-07T15:29:07Z.
...
