000 (14832095.069.000) 06/12 15:17:57 Job submitted from host: <188.184.90.241:9618?addrs=188.184.90.241-9618+[2001-1458-201-e4--100-2eb]-9618&alias=bigbird15.cern.ch&noUDP&sock=schedd_1460210_2ef4>
...
040 (14832095.069.000) 06/12 15:19:58 Started transferring input files
	Transferring to host: <188.184.162.181:9618?addrs=188.184.162.181-9618&alias=b7s11p8005.cern.ch&noUDP&sock=slot1_15_3719_1f30_83412>
...
040 (14832095.069.000) 06/12 15:19:58 Finished transferring input files
...
001 (14832095.069.000) 06/12 15:19:59 Job executing on host: <188.184.162.181:9618?addrs=188.184.162.181-9618&alias=b7s11p8005.cern.ch&noUDP&sock=startd_2983_ab19>
...
006 (14832095.069.000) 06/12 15:20:08 Image size of job updated: 554120
	47  -  MemoryUsage of job (MB)
	47676  -  ResidentSetSize of job (KB)
...
006 (14832095.069.000) 06/12 15:25:09 Image size of job updated: 1484236
	923  -  MemoryUsage of job (MB)
	944944  -  ResidentSetSize of job (KB)
...
006 (14832095.069.000) 06/12 15:30:09 Image size of job updated: 1859292
	1265  -  MemoryUsage of job (MB)
	1295012  -  ResidentSetSize of job (KB)
...
006 (14832095.069.000) 06/12 15:35:09 Image size of job updated: 1884292
	1265  -  MemoryUsage of job (MB)
	1295012  -  ResidentSetSize of job (KB)
...
006 (14832095.069.000) 06/12 15:45:11 Image size of job updated: 4047320
	1265  -  MemoryUsage of job (MB)
	1295012  -  ResidentSetSize of job (KB)
...
006 (14832095.069.000) 06/12 15:50:11 Image size of job updated: 4095692
	1265  -  MemoryUsage of job (MB)
	1295012  -  ResidentSetSize of job (KB)
...
006 (14832095.069.000) 06/12 15:55:12 Image size of job updated: 4336644
	1265  -  MemoryUsage of job (MB)
	1295012  -  ResidentSetSize of job (KB)
...
006 (14832095.069.000) 06/12 16:00:13 Image size of job updated: 4392080
	1265  -  MemoryUsage of job (MB)
	1295012  -  ResidentSetSize of job (KB)
...
006 (14832095.069.000) 06/12 16:05:13 Image size of job updated: 4411300
	1265  -  MemoryUsage of job (MB)
	1295012  -  ResidentSetSize of job (KB)
...
006 (14832095.069.000) 06/12 16:07:31 Image size of job updated: 4422940
	1265  -  MemoryUsage of job (MB)
	1295012  -  ResidentSetSize of job (KB)
...
040 (14832095.069.000) 06/12 16:07:31 Started transferring output files
...
040 (14832095.069.000) 06/12 16:07:31 Finished transferring output files
...
005 (14832095.069.000) 06/12 16:07:31 Job terminated.
	(1) Normal termination (return value 0)
		Usr 0 00:13:35, Sys 0 00:00:51  -  Run Remote Usage
		Usr 0 00:00:00, Sys 0 00:00:00  -  Run Local Usage
		Usr 0 00:13:35, Sys 0 00:00:51  -  Total Remote Usage
		Usr 0 00:00:00, Sys 0 00:00:00  -  Total Local Usage
	120046  -  Run Bytes Sent By Job
	323  -  Run Bytes Received By Job
	120046  -  Total Bytes Sent By Job
	323  -  Total Bytes Received By Job
	Partitionable Resources :    Usage  Request Allocated 
	   Cpus                 :     0.03        1         1 
	   Disk (KB)            :   138           1   3032964 
	   Memory (MB)          :  1265        2000      2000 

	Job terminated of its own accord at 2023-06-12T14:07:31Z.
...
