000 (14807404.020.000) 05/15 22:32:17 Job submitted from host: <188.184.90.241:9618?addrs=188.184.90.241-9618+[2001-1458-201-e4--100-2eb]-9618&alias=bigbird15.cern.ch&noUDP&sock=schedd_3273_9590>
...
040 (14807404.020.000) 05/15 22:47:29 Started transferring input files
	Transferring to host: <128.142.195.76:9618?addrs=128.142.195.76-9618+[2001-1458-301-26--100-4c]-9618&alias=b7g31p3598.cern.ch&noUDP&sock=slot1_3_4260_4e26_28626>
...
040 (14807404.020.000) 05/15 22:47:29 Finished transferring input files
...
001 (14807404.020.000) 05/15 22:47:30 Job executing on host: <128.142.195.76:9618?addrs=128.142.195.76-9618+[2001-1458-301-26--100-4c]-9618&alias=b7g31p3598.cern.ch&noUDP&sock=startd_2964_a2cd>
...
006 (14807404.020.000) 05/15 22:47:38 Image size of job updated: 554364
	47  -  MemoryUsage of job (MB)
	48020  -  ResidentSetSize of job (KB)
...
006 (14807404.020.000) 05/15 22:52:38 Image size of job updated: 2660924
	2132  -  MemoryUsage of job (MB)
	2182668  -  ResidentSetSize of job (KB)
...
006 (14807404.020.000) 05/15 22:57:39 Image size of job updated: 4860164
	4284  -  MemoryUsage of job (MB)
	4386116  -  ResidentSetSize of job (KB)
...
006 (14807404.020.000) 05/15 23:02:39 Image size of job updated: 6816676
	6224  -  MemoryUsage of job (MB)
	6372440  -  ResidentSetSize of job (KB)
...
006 (14807404.020.000) 05/15 23:07:39 Image size of job updated: 8795692
	8149  -  MemoryUsage of job (MB)
	8344224  -  ResidentSetSize of job (KB)
...
006 (14807404.020.000) 05/15 23:12:40 Image size of job updated: 10391848
	9708  -  MemoryUsage of job (MB)
	9940704  -  ResidentSetSize of job (KB)
...
006 (14807404.020.000) 05/15 23:17:41 Image size of job updated: 11855012
	11130  -  MemoryUsage of job (MB)
	11397100  -  ResidentSetSize of job (KB)
...
006 (14807404.020.000) 05/15 23:22:41 Image size of job updated: 12637932
	11846  -  MemoryUsage of job (MB)
	12130020  -  ResidentSetSize of job (KB)
...
006 (14807404.020.000) 05/15 23:27:41 Image size of job updated: 12764044
	11846  -  MemoryUsage of job (MB)
	12130020  -  ResidentSetSize of job (KB)
...
006 (14807404.020.000) 05/15 23:42:43 Image size of job updated: 12764044
	11846  -  MemoryUsage of job (MB)
	12130040  -  ResidentSetSize of job (KB)
...
040 (14807404.020.000) 05/16 00:06:46 Started transferring output files
...
040 (14807404.020.000) 05/16 00:06:46 Finished transferring output files
...
005 (14807404.020.000) 05/16 00:06:46 Job terminated.
	(1) Normal termination (return value 0)
		Usr 0 00:40:42, Sys 0 00:18:08  -  Run Remote Usage
		Usr 0 00:00:00, Sys 0 00:00:00  -  Run Local Usage
		Usr 0 00:40:42, Sys 0 00:18:08  -  Total Remote Usage
		Usr 0 00:00:00, Sys 0 00:00:00  -  Total Local Usage
	598822  -  Run Bytes Sent By Job
	323  -  Run Bytes Received By Job
	598822  -  Total Bytes Sent By Job
	323  -  Total Bytes Received By Job
	Partitionable Resources :    Usage  Request Allocated 
	   Cpus                 :     0.01        1         1 
	   Disk (KB)            :   606           1   1290809 
	   Memory (MB)          : 11846        2000      2000 

	Job terminated of its own accord at 2023-05-15T22:06:46Z.
...
