000 (15155271.010.000) 10/07 16:55:47 Job submitted from host: <188.184.90.241:9618?addrs=188.184.90.241-9618+[2001-1458-201-e4--100-2eb]-9618&alias=bigbird15.cern.ch&noUDP&sock=schedd_2763_c443>
...
040 (15155271.010.000) 10/07 17:05:54 Started transferring input files
	Transferring to host: <128.142.61.123:9618?addrs=128.142.61.123-9618+[2001-1458-301-23--100-7a]-9618&alias=b7s06p7679.cern.ch&noUDP&sock=slot1_5_3708_5f10_298684>
...
040 (15155271.010.000) 10/07 17:05:54 Finished transferring input files
...
001 (15155271.010.000) 10/07 17:05:55 Job executing on host: <128.142.61.123:9618?addrs=128.142.61.123-9618+[2001-1458-301-23--100-7a]-9618&alias=b7s06p7679.cern.ch&noUDP&sock=startd_2863_5bbc>
...
006 (15155271.010.000) 10/07 17:06:03 Image size of job updated: 624320
	52  -  MemoryUsage of job (MB)
	53192  -  ResidentSetSize of job (KB)
...
006 (15155271.010.000) 10/07 17:11:03 Image size of job updated: 1148680
	620  -  MemoryUsage of job (MB)
	634696  -  ResidentSetSize of job (KB)
...
006 (15155271.010.000) 10/07 17:16:04 Image size of job updated: 1167368
	620  -  MemoryUsage of job (MB)
	634696  -  ResidentSetSize of job (KB)
...
006 (15155271.010.000) 10/07 17:21:05 Image size of job updated: 3636528
	620  -  MemoryUsage of job (MB)
	634696  -  ResidentSetSize of job (KB)
...
006 (15155271.010.000) 10/07 17:26:05 Image size of job updated: 3681116
	620  -  MemoryUsage of job (MB)
	634696  -  ResidentSetSize of job (KB)
...
006 (15155271.010.000) 10/07 17:31:06 Image size of job updated: 3915772
	620  -  MemoryUsage of job (MB)
	634696  -  ResidentSetSize of job (KB)
...
006 (15155271.010.000) 10/07 17:36:07 Image size of job updated: 3951644
	620  -  MemoryUsage of job (MB)
	634696  -  ResidentSetSize of job (KB)
...
006 (15155271.010.000) 10/07 17:38:21 Image size of job updated: 3958416
	620  -  MemoryUsage of job (MB)
	634696  -  ResidentSetSize of job (KB)
...
040 (15155271.010.000) 10/07 17:38:22 Started transferring output files
...
040 (15155271.010.000) 10/07 17:38:22 Finished transferring output files
...
005 (15155271.010.000) 10/07 17:38:22 Job terminated.
	(1) Normal termination (return value 0)
		Usr 0 00:09:20, Sys 0 00:00:17  -  Run Remote Usage
		Usr 0 00:00:00, Sys 0 00:00:00  -  Run Local Usage
		Usr 0 00:09:20, Sys 0 00:00:17  -  Total Remote Usage
		Usr 0 00:00:00, Sys 0 00:00:00  -  Total Local Usage
	85692  -  Run Bytes Sent By Job
	323  -  Run Bytes Received By Job
	85692  -  Total Bytes Sent By Job
	323  -  Total Bytes Received By Job
	Partitionable Resources :    Usage  Request Allocated 
	   Cpus                 :        0        1         1 
	   Disk (KB)            :      105        1   1242577 
	   Memory (MB)          :      620     2000      2000 

	Job terminated of its own accord at 2023-10-07T15:38:21Z.
...
