000 (15159756.089.000) 10/09 09:27:44 Job submitted from host: <188.184.90.241:9618?addrs=188.184.90.241-9618+[2001-1458-201-e4--100-2eb]-9618&alias=bigbird15.cern.ch&noUDP&sock=schedd_2763_c443>
...
040 (15159756.089.000) 10/09 11:15:12 Started transferring input files
	Transferring to host: <188.184.163.150:9618?addrs=188.184.163.150-9618+[2001-1458-301-4d--100-90]-9618&alias=b7s12p2994.cern.ch&noUDP&sock=slot1_45_25876_bb95_20829>
...
040 (15159756.089.000) 10/09 11:15:12 Finished transferring input files
...
001 (15159756.089.000) 10/09 11:15:13 Job executing on host: <188.184.163.150:9618?addrs=188.184.163.150-9618+[2001-1458-301-4d--100-90]-9618&alias=b7s12p2994.cern.ch&noUDP&sock=startd_3121_532b>
...
006 (15159756.089.000) 10/09 11:15:22 Image size of job updated: 581080
	53  -  MemoryUsage of job (MB)
	53372  -  ResidentSetSize of job (KB)
...
006 (15159756.089.000) 10/09 11:20:23 Image size of job updated: 873068
	378  -  MemoryUsage of job (MB)
	386412  -  ResidentSetSize of job (KB)
...
006 (15159756.089.000) 10/09 11:25:23 Image size of job updated: 1113320
	589  -  MemoryUsage of job (MB)
	602212  -  ResidentSetSize of job (KB)
...
006 (15159756.089.000) 10/09 11:27:36 Image size of job updated: 3351720
	589  -  MemoryUsage of job (MB)
	602212  -  ResidentSetSize of job (KB)
...
040 (15159756.089.000) 10/09 11:27:36 Started transferring output files
...
040 (15159756.089.000) 10/09 11:27:36 Finished transferring output files
...
005 (15159756.089.000) 10/09 11:27:36 Job terminated.
	(1) Normal termination (return value 0)
		Usr 0 00:09:52, Sys 0 00:00:17  -  Run Remote Usage
		Usr 0 00:00:00, Sys 0 00:00:00  -  Run Local Usage
		Usr 0 00:09:52, Sys 0 00:00:17  -  Total Remote Usage
		Usr 0 00:00:00, Sys 0 00:00:00  -  Total Local Usage
	167115  -  Run Bytes Sent By Job
	269  -  Run Bytes Received By Job
	167115  -  Total Bytes Sent By Job
	269  -  Total Bytes Received By Job
	Partitionable Resources :    Usage  Request Allocated 
	   Cpus                 :     0.97        1         1 
	   Disk (KB)            :   185           1   2991820 
	   Memory (MB)          :   589        2000      2000 

	Job terminated of its own accord at 2023-10-09T09:27:36Z.
...
