000 (15271413.182.000) 12/18 14:02:23 Job submitted from host: <188.184.90.241:9618?addrs=188.184.90.241-9618+[2001-1458-201-e4--100-2eb]-9618&alias=bigbird15.cern.ch&noUDP&sock=schedd_2763_c443>
...
040 (15271413.182.000) 12/18 14:06:50 Started transferring input files
	Transferring to host: <128.142.61.74:9618?addrs=128.142.61.74-9618+[2001-1458-301-23--100-49]-9618&alias=b9s06p8797.cern.ch&noUDP&sock=slot1_24_125490_cea8_6731>
...
040 (15271413.182.000) 12/18 14:06:50 Finished transferring input files
...
001 (15271413.182.000) 12/18 14:06:51 Job executing on host: <128.142.61.74:9618?addrs=128.142.61.74-9618+[2001-1458-301-23--100-49]-9618&alias=b9s06p8797.cern.ch&noUDP&sock=startd_113031_7165>
...
006 (15271413.182.000) 12/18 14:07:00 Image size of job updated: 233684
	228  -  MemoryUsage of job (MB)
	233160  -  ResidentSetSize of job (KB)
...
006 (15271413.182.000) 12/18 14:12:01 Image size of job updated: 595508
	535  -  MemoryUsage of job (MB)
	547364  -  ResidentSetSize of job (KB)
...
006 (15271413.182.000) 12/18 14:15:44 Image size of job updated: 2879976
	535  -  MemoryUsage of job (MB)
	547364  -  ResidentSetSize of job (KB)
...
040 (15271413.182.000) 12/18 14:15:44 Started transferring output files
...
040 (15271413.182.000) 12/18 14:15:44 Finished transferring output files
...
005 (15271413.182.000) 12/18 14:15:44 Job terminated.
	(1) Normal termination (return value 0)
		Usr 0 00:07:29, Sys 0 00:00:06  -  Run Remote Usage
		Usr 0 00:00:00, Sys 0 00:00:00  -  Run Local Usage
		Usr 0 00:07:29, Sys 0 00:00:06  -  Total Remote Usage
		Usr 0 00:00:00, Sys 0 00:00:00  -  Total Local Usage
	155481  -  Run Bytes Sent By Job
	269  -  Run Bytes Received By Job
	155481  -  Total Bytes Sent By Job
	269  -  Total Bytes Received By Job
	Partitionable Resources :    Usage  Request Allocated 
	   Cpus                 :     0.96        1         1 
	   Disk (KB)            :   196           1   3030817 
	   Memory (MB)          :   535        2000      2000 

	Job terminated of its own accord at 2023-12-18T13:15:44Z.
...
