000 (15155271.002.000) 10/07 16:55:47 Job submitted from host: <188.184.90.241:9618?addrs=188.184.90.241-9618+[2001-1458-201-e4--100-2eb]-9618&alias=bigbird15.cern.ch&noUDP&sock=schedd_2763_c443>
...
040 (15155271.002.000) 10/07 17:05:55 Started transferring input files
	Transferring to host: <188.184.163.118:9618?addrs=188.184.163.118-9618+[2001-1458-301-4d--100-70]-9618&alias=b7s12p6879.cern.ch&noUDP&sock=slot1_1_122757_2959_35833>
...
040 (15155271.002.000) 10/07 17:05:55 Finished transferring input files
...
001 (15155271.002.000) 10/07 17:05:56 Job executing on host: <188.184.163.118:9618?addrs=188.184.163.118-9618+[2001-1458-301-4d--100-70]-9618&alias=b7s12p6879.cern.ch&noUDP&sock=startd_98380_1359>
...
006 (15155271.002.000) 10/07 17:06:04 Image size of job updated: 623256
	71  -  MemoryUsage of job (MB)
	72208  -  ResidentSetSize of job (KB)
...
006 (15155271.002.000) 10/07 17:11:05 Image size of job updated: 1011456
	426  -  MemoryUsage of job (MB)
	435268  -  ResidentSetSize of job (KB)
...
006 (15155271.002.000) 10/07 17:21:18 Image size of job updated: 3665484
	426  -  MemoryUsage of job (MB)
	435268  -  ResidentSetSize of job (KB)
...
006 (15155271.002.000) 10/07 17:26:07 Image size of job updated: 3893028
	436  -  MemoryUsage of job (MB)
	445780  -  ResidentSetSize of job (KB)
...
006 (15155271.002.000) 10/07 17:31:08 Image size of job updated: 3958536
	501  -  MemoryUsage of job (MB)
	512844  -  ResidentSetSize of job (KB)
...
006 (15155271.002.000) 10/07 17:33:34 Image size of job updated: 3968388
	501  -  MemoryUsage of job (MB)
	512844  -  ResidentSetSize of job (KB)
...
040 (15155271.002.000) 10/07 17:33:34 Started transferring output files
...
040 (15155271.002.000) 10/07 17:33:34 Finished transferring output files
...
005 (15155271.002.000) 10/07 17:33:34 Job terminated.
	(1) Normal termination (return value 0)
		Usr 0 00:08:07, Sys 0 00:00:14  -  Run Remote Usage
		Usr 0 00:00:00, Sys 0 00:00:00  -  Run Local Usage
		Usr 0 00:08:07, Sys 0 00:00:14  -  Total Remote Usage
		Usr 0 00:00:00, Sys 0 00:00:00  -  Total Local Usage
	72922  -  Run Bytes Sent By Job
	323  -  Run Bytes Received By Job
	72922  -  Total Bytes Sent By Job
	323  -  Total Bytes Received By Job
	Partitionable Resources :    Usage  Request Allocated 
	   Cpus                 :     0.15        1         1 
	   Disk (KB)            :    92           1   2988048 
	   Memory (MB)          :   501        2000      2000 

	Job terminated of its own accord at 2023-10-07T15:33:34Z.
...
