000 (15271413.137.000) 12/18 14:02:23 Job submitted from host: <188.184.90.241:9618?addrs=188.184.90.241-9618+[2001-1458-201-e4--100-2eb]-9618&alias=bigbird15.cern.ch&noUDP&sock=schedd_2763_c443>
...
040 (15271413.137.000) 12/18 14:06:35 Started transferring input files
	Transferring to host: <188.184.165.172:9618?addrs=188.184.165.172-9618+[2001-1458-301-51--100-a7]-9618&alias=b9s14p2350.cern.ch&noUDP&sock=slot1_8_11082_057c_27166>
...
040 (15271413.137.000) 12/18 14:06:35 Finished transferring input files
...
001 (15271413.137.000) 12/18 14:06:37 Job executing on host: <188.184.165.172:9618?addrs=188.184.165.172-9618+[2001-1458-301-51--100-a7]-9618&alias=b9s14p2350.cern.ch&noUDP&sock=startd_9683_4fa2>
...
006 (15271413.137.000) 12/18 14:06:45 Image size of job updated: 474944
	447  -  MemoryUsage of job (MB)
	456820  -  ResidentSetSize of job (KB)
...
006 (15271413.137.000) 12/18 14:11:45 Image size of job updated: 858940
	838  -  MemoryUsage of job (MB)
	857676  -  ResidentSetSize of job (KB)
...
006 (15271413.137.000) 12/18 14:16:45 Image size of job updated: 3149628
	3076  -  MemoryUsage of job (MB)
	3149628  -  ResidentSetSize of job (KB)
...
006 (15271413.137.000) 12/18 14:17:24 Image size of job updated: 3173084
	3076  -  MemoryUsage of job (MB)
	3149628  -  ResidentSetSize of job (KB)
...
040 (15271413.137.000) 12/18 14:17:24 Started transferring output files
...
040 (15271413.137.000) 12/18 14:17:24 Finished transferring output files
...
005 (15271413.137.000) 12/18 14:17:24 Job terminated.
	(1) Normal termination (return value 0)
		Usr 0 00:08:55, Sys 0 00:00:05  -  Run Remote Usage
		Usr 0 00:00:00, Sys 0 00:00:00  -  Run Local Usage
		Usr 0 00:08:55, Sys 0 00:00:05  -  Total Remote Usage
		Usr 0 00:00:00, Sys 0 00:00:00  -  Total Local Usage
	154593  -  Run Bytes Sent By Job
	269  -  Run Bytes Received By Job
	154593  -  Total Bytes Sent By Job
	269  -  Total Bytes Received By Job
	Partitionable Resources :    Usage  Request Allocated 
	   Cpus                 :     0.96        1         1 
	   Disk (KB)            :   195           1   3058438 
	   Memory (MB)          :  3076        2000      2000 

	Job terminated of its own accord at 2023-12-18T13:17:24Z.
...
