000 (15150655.195.000) 09/28 15:00:14 Job submitted from host: <188.184.90.241:9618?addrs=188.184.90.241-9618+[2001-1458-201-e4--100-2eb]-9618&alias=bigbird15.cern.ch&noUDP&sock=schedd_2763_c443>
...
040 (15150655.195.000) 09/28 15:03:46 Started transferring input files
	Transferring to host: <188.184.163.143:9618?addrs=188.184.163.143-9618+[2001-1458-301-4d--100-89]-9618&alias=b7s12p5563.cern.ch&noUDP&sock=slot1_31_238228_ed51_4856>
...
040 (15150655.195.000) 09/28 15:03:46 Finished transferring input files
...
001 (15150655.195.000) 09/28 15:03:47 Job executing on host: <188.184.163.143:9618?addrs=188.184.163.143-9618+[2001-1458-301-4d--100-89]-9618&alias=b7s12p5563.cern.ch&noUDP&sock=startd_2917_65d9>
...
006 (15150655.195.000) 09/28 15:03:56 Image size of job updated: 740920
	120  -  MemoryUsage of job (MB)
	122436  -  ResidentSetSize of job (KB)
...
006 (15150655.195.000) 09/28 15:07:54 Image size of job updated: 921548
	120  -  MemoryUsage of job (MB)
	122436  -  ResidentSetSize of job (KB)
...
040 (15150655.195.000) 09/28 15:07:54 Started transferring output files
...
040 (15150655.195.000) 09/28 15:07:54 Finished transferring output files
...
005 (15150655.195.000) 09/28 15:07:54 Job terminated.
	(1) Normal termination (return value 0)
		Usr 0 00:00:10, Sys 0 00:00:00  -  Run Remote Usage
		Usr 0 00:00:00, Sys 0 00:00:00  -  Run Local Usage
		Usr 0 00:00:10, Sys 0 00:00:00  -  Total Remote Usage
		Usr 0 00:00:00, Sys 0 00:00:00  -  Total Local Usage
	8019  -  Run Bytes Sent By Job
	374  -  Run Bytes Received By Job
	8019  -  Total Bytes Sent By Job
	374  -  Total Bytes Received By Job
	Partitionable Resources :    Usage  Request Allocated 
	   Cpus                 :                 1         1 
	   Disk (KB)            :       22        1   2841045 
	   Memory (MB)          :      120     2000      2000 

	Job terminated of its own accord at 2023-09-28T13:07:54Z.
...
