000 (14832095.047.000) 06/12 15:17:57 Job submitted from host: <188.184.90.241:9618?addrs=188.184.90.241-9618+[2001-1458-201-e4--100-2eb]-9618&alias=bigbird15.cern.ch&noUDP&sock=schedd_1460210_2ef4>
...
040 (14832095.047.000) 06/12 15:19:51 Started transferring input files
	Transferring to host: <128.142.196.42:9618?addrs=128.142.196.42-9618+[2001-1458-301-3c--100-28]-9618&alias=b7g32p6714.cern.ch&noUDP&sock=slot1_9_3529_3fe9_68460>
...
040 (14832095.047.000) 06/12 15:19:51 Finished transferring input files
...
001 (14832095.047.000) 06/12 15:19:52 Job executing on host: <128.142.196.42:9618?addrs=128.142.196.42-9618+[2001-1458-301-3c--100-28]-9618&alias=b7g32p6714.cern.ch&noUDP&sock=startd_3055_0deb>
...
006 (14832095.047.000) 06/12 15:20:00 Image size of job updated: 48400
	47  -  MemoryUsage of job (MB)
	47700  -  ResidentSetSize of job (KB)
...
006 (14832095.047.000) 06/12 15:25:00 Image size of job updated: 1502444
	891  -  MemoryUsage of job (MB)
	911500  -  ResidentSetSize of job (KB)
...
040 (14832095.047.000) 06/12 15:26:30 Started transferring output files
...
040 (14832095.047.000) 06/12 15:26:30 Finished transferring output files
...
005 (14832095.047.000) 06/12 15:26:30 Job terminated.
	(1) Normal termination (return value 0)
		Usr 0 00:05:04, Sys 0 00:00:21  -  Run Remote Usage
		Usr 0 00:00:00, Sys 0 00:00:00  -  Run Local Usage
		Usr 0 00:05:04, Sys 0 00:00:21  -  Total Remote Usage
		Usr 0 00:00:00, Sys 0 00:00:00  -  Total Local Usage
	61377  -  Run Bytes Sent By Job
	323  -  Run Bytes Received By Job
	61377  -  Total Bytes Sent By Job
	323  -  Total Bytes Received By Job
	Partitionable Resources :    Usage  Request Allocated 
	   Cpus                 :     0.94        1         1 
	   Disk (KB)            :    81           1   2908603 
	   Memory (MB)          :   891        2000      2000 

	Job terminated of its own accord at 2023-06-12T13:26:30Z.
...
