000 (14807221.007.000) 05/14 12:38:57 Job submitted from host: <188.184.90.241:9618?addrs=188.184.90.241-9618+[2001-1458-201-e4--100-2eb]-9618&alias=bigbird15.cern.ch&noUDP&sock=schedd_3273_9590>
...
040 (14807221.007.000) 05/14 12:50:03 Started transferring input files
	Transferring to host: <188.184.162.133:9618?addrs=188.184.162.133-9618&alias=b7s11p9436.cern.ch&noUDP&sock=slot1_5_4833_091e_61747>
...
040 (14807221.007.000) 05/14 12:50:03 Finished transferring input files
...
001 (14807221.007.000) 05/14 12:50:04 Job executing on host: <188.184.162.133:9618?addrs=188.184.162.133-9618&alias=b7s11p9436.cern.ch&noUDP&sock=startd_3338_2b38>
...
006 (14807221.007.000) 05/14 12:50:12 Image size of job updated: 554400
	47  -  MemoryUsage of job (MB)
	47960  -  ResidentSetSize of job (KB)
...
006 (14807221.007.000) 05/14 12:55:12 Image size of job updated: 1652856
	1141  -  MemoryUsage of job (MB)
	1168372  -  ResidentSetSize of job (KB)
...
006 (14807221.007.000) 05/14 13:00:13 Image size of job updated: 2721244
	1958  -  MemoryUsage of job (MB)
	2004228  -  ResidentSetSize of job (KB)
...
006 (14807221.007.000) 05/14 13:05:14 Image size of job updated: 2873608
	2150  -  MemoryUsage of job (MB)
	2200884  -  ResidentSetSize of job (KB)
...
006 (14807221.007.000) 05/14 13:10:14 Image size of job updated: 2873608
	2150  -  MemoryUsage of job (MB)
	2200908  -  ResidentSetSize of job (KB)
...
006 (14807221.007.000) 05/14 13:20:16 Image size of job updated: 4466576
	2150  -  MemoryUsage of job (MB)
	2200908  -  ResidentSetSize of job (KB)
...
006 (14807221.007.000) 05/14 13:21:33 Image size of job updated: 4486632
	2150  -  MemoryUsage of job (MB)
	2200908  -  ResidentSetSize of job (KB)
...
040 (14807221.007.000) 05/14 13:21:33 Started transferring output files
...
040 (14807221.007.000) 05/14 13:21:34 Finished transferring output files
...
005 (14807221.007.000) 05/14 13:21:34 Job terminated.
	(1) Normal termination (return value 0)
		Usr 0 00:17:29, Sys 0 00:01:33  -  Run Remote Usage
		Usr 0 00:00:00, Sys 0 00:00:00  -  Run Local Usage
		Usr 0 00:17:29, Sys 0 00:01:33  -  Total Remote Usage
		Usr 0 00:00:00, Sys 0 00:00:00  -  Total Local Usage
	145021  -  Run Bytes Sent By Job
	323  -  Run Bytes Received By Job
	145021  -  Total Bytes Sent By Job
	323  -  Total Bytes Received By Job
	Partitionable Resources :    Usage  Request Allocated 
	   Cpus                 :        0        1         1 
	   Disk (KB)            :      162        1   3096700 
	   Memory (MB)          :     2150     2000      2000 

	Job terminated of its own accord at 2023-05-14T11:21:33Z.
...
