000 (14857949.005.000) 06/22 15:24:33 Job submitted from host: <188.184.90.241:9618?addrs=188.184.90.241-9618+[2001-1458-201-e4--100-2eb]-9618&alias=bigbird15.cern.ch&noUDP&sock=schedd_1460210_2ef4>
...
040 (14857949.005.000) 06/22 15:34:20 Started transferring input files
	Transferring to host: <128.142.59.105:9618?addrs=128.142.59.105-9618+[2001-1458-301-21--100-68]-9618&alias=b7s04p0552.cern.ch&noUDP&sock=slot1_3_30211_21e6_7075>
...
040 (14857949.005.000) 06/22 15:34:20 Finished transferring input files
...
001 (14857949.005.000) 06/22 15:34:21 Job executing on host: <128.142.59.105:9618?addrs=128.142.59.105-9618+[2001-1458-301-21--100-68]-9618&alias=b7s04p0552.cern.ch&noUDP&sock=startd_30173_bf2d>
...
006 (14857949.005.000) 06/22 15:34:30 Image size of job updated: 554004
	47  -  MemoryUsage of job (MB)
	47680  -  ResidentSetSize of job (KB)
...
006 (14857949.005.000) 06/22 15:39:31 Image size of job updated: 1772432
	1206  -  MemoryUsage of job (MB)
	1234200  -  ResidentSetSize of job (KB)
...
006 (14857949.005.000) 06/22 15:49:31 Image size of job updated: 4330480
	1206  -  MemoryUsage of job (MB)
	1234200  -  ResidentSetSize of job (KB)
...
006 (14857949.005.000) 06/22 15:53:20 Image size of job updated: 4414988
	1206  -  MemoryUsage of job (MB)
	1234200  -  ResidentSetSize of job (KB)
...
040 (14857949.005.000) 06/22 15:53:20 Started transferring output files
...
040 (14857949.005.000) 06/22 15:53:20 Finished transferring output files
...
005 (14857949.005.000) 06/22 15:53:20 Job terminated.
	(1) Normal termination (return value 0)
		Usr 0 00:09:05, Sys 0 00:00:32  -  Run Remote Usage
		Usr 0 00:00:00, Sys 0 00:00:00  -  Run Local Usage
		Usr 0 00:09:05, Sys 0 00:00:32  -  Total Remote Usage
		Usr 0 00:00:00, Sys 0 00:00:00  -  Total Local Usage
	115795  -  Run Bytes Sent By Job
	323  -  Run Bytes Received By Job
	115795  -  Total Bytes Sent By Job
	323  -  Total Bytes Received By Job
	Partitionable Resources :    Usage  Request Allocated 
	   Cpus                 :     0.22        1         1 
	   Disk (KB)            :   134           1   1323804 
	   Memory (MB)          :  1206        2000      2000 

	Job terminated of its own accord at 2023-06-22T13:53:20Z.
...
