000 (15159743.018.000) 10/09 07:56:33 Job submitted from host: <188.184.90.241:9618?addrs=188.184.90.241-9618+[2001-1458-201-e4--100-2eb]-9618&alias=bigbird15.cern.ch&noUDP&sock=schedd_2763_c443>
...
040 (15159743.018.000) 10/09 08:09:41 Started transferring input files
	Transferring to host: <188.184.163.95:9618?addrs=188.184.163.95-9618&alias=b7s12p5546.cern.ch&noUDP&sock=slot1_11_3527_d729_23411>
...
040 (15159743.018.000) 10/09 08:09:41 Finished transferring input files
...
001 (15159743.018.000) 10/09 08:09:42 Job executing on host: <188.184.163.95:9618?addrs=188.184.163.95-9618&alias=b7s12p5546.cern.ch&noUDP&sock=startd_2852_d031>
...
006 (15159743.018.000) 10/09 08:09:50 Image size of job updated: 623472
	54  -  MemoryUsage of job (MB)
	54336  -  ResidentSetSize of job (KB)
...
006 (15159743.018.000) 10/09 08:14:50 Image size of job updated: 1001328
	479  -  MemoryUsage of job (MB)
	490164  -  ResidentSetSize of job (KB)
...
006 (15159743.018.000) 10/09 08:19:50 Image size of job updated: 1310832
	764  -  MemoryUsage of job (MB)
	781572  -  ResidentSetSize of job (KB)
...
006 (15159743.018.000) 10/09 08:22:23 Image size of job updated: 3911620
	764  -  MemoryUsage of job (MB)
	781576  -  ResidentSetSize of job (KB)
...
040 (15159743.018.000) 10/09 08:22:23 Started transferring output files
...
040 (15159743.018.000) 10/09 08:22:23 Finished transferring output files
...
005 (15159743.018.000) 10/09 08:22:23 Job terminated.
	(1) Normal termination (return value 0)
		Usr 0 00:10:25, Sys 0 00:00:11  -  Run Remote Usage
		Usr 0 00:00:00, Sys 0 00:00:00  -  Run Local Usage
		Usr 0 00:10:25, Sys 0 00:00:11  -  Total Remote Usage
		Usr 0 00:00:00, Sys 0 00:00:00  -  Total Local Usage
	216600  -  Run Bytes Sent By Job
	269  -  Run Bytes Received By Job
	216600  -  Total Bytes Sent By Job
	269  -  Total Bytes Received By Job
	Partitionable Resources :    Usage  Request Allocated 
	   Cpus                 :     0.94        1         1 
	   Disk (KB)            :   232           1   3044162 
	   Memory (MB)          :   764        2000      2000 

	Job terminated of its own accord at 2023-10-09T06:22:23Z.
...
