000 (15159756.024.000) 10/09 09:27:43 Job submitted from host: <188.184.90.241:9618?addrs=188.184.90.241-9618+[2001-1458-201-e4--100-2eb]-9618&alias=bigbird15.cern.ch&noUDP&sock=schedd_2763_c443>
...
040 (15159756.024.000) 10/09 11:14:49 Started transferring input files
	Transferring to host: <128.142.57.30:9618?addrs=128.142.57.30-9618+[2001-1458-301-7--100-1d]-9618&alias=b7s02p2013.cern.ch&noUDP&sock=slot1_11_10309_5f7c_46839>
...
040 (15159756.024.000) 10/09 11:14:49 Finished transferring input files
...
001 (15159756.024.000) 10/09 11:14:50 Job executing on host: <128.142.57.30:9618?addrs=128.142.57.30-9618+[2001-1458-301-7--100-1d]-9618&alias=b7s02p2013.cern.ch&noUDP&sock=startd_10260_15c8>
...
006 (15159756.024.000) 10/09 11:14:58 Image size of job updated: 61784
	60  -  MemoryUsage of job (MB)
	60752  -  ResidentSetSize of job (KB)
...
006 (15159756.024.000) 10/09 11:19:58 Image size of job updated: 1067120
	518  -  MemoryUsage of job (MB)
	529920  -  ResidentSetSize of job (KB)
...
006 (15159756.024.000) 10/09 11:22:28 Image size of job updated: 3374840
	518  -  MemoryUsage of job (MB)
	529920  -  ResidentSetSize of job (KB)
...
040 (15159756.024.000) 10/09 11:22:28 Started transferring output files
...
040 (15159756.024.000) 10/09 11:22:28 Finished transferring output files
...
005 (15159756.024.000) 10/09 11:22:29 Job terminated.
	(1) Normal termination (return value 0)
		Usr 0 00:06:22, Sys 0 00:00:10  -  Run Remote Usage
		Usr 0 00:00:00, Sys 0 00:00:00  -  Run Local Usage
		Usr 0 00:06:22, Sys 0 00:00:10  -  Total Remote Usage
		Usr 0 00:00:00, Sys 0 00:00:00  -  Total Local Usage
	158433  -  Run Bytes Sent By Job
	269  -  Run Bytes Received By Job
	158433  -  Total Bytes Sent By Job
	269  -  Total Bytes Received By Job
	Partitionable Resources :    Usage  Request Allocated 
	   Cpus                 :     0.97        1         1 
	   Disk (KB)            :   176           1   1333277 
	   Memory (MB)          :   518        2000      2000 

	Job terminated of its own accord at 2023-10-09T09:22:28Z.
...
