000 (15150654.104.000) 09/28 14:27:13 Job submitted from host: <188.184.90.241:9618?addrs=188.184.90.241-9618+[2001-1458-201-e4--100-2eb]-9618&alias=bigbird15.cern.ch&noUDP&sock=schedd_2763_c443>
...
040 (15150654.104.000) 09/28 14:46:30 Started transferring input files
	Transferring to host: <188.184.163.8:9618?addrs=188.184.163.8-9618+[2001-1458-301-4d--100-2]-9618&alias=b7s12p6507.cern.ch&noUDP&sock=slot1_31_3730_df51_207255>
...
040 (15150654.104.000) 09/28 14:46:30 Finished transferring input files
...
001 (15150654.104.000) 09/28 14:46:31 Job executing on host: <188.184.163.8:9618?addrs=188.184.163.8-9618+[2001-1458-301-4d--100-2]-9618&alias=b7s12p6507.cern.ch&noUDP&sock=startd_2978_3d20>
...
006 (15150654.104.000) 09/28 14:46:40 Image size of job updated: 124328
	122  -  MemoryUsage of job (MB)
	124084  -  ResidentSetSize of job (KB)
...
006 (15150654.104.000) 09/28 14:47:44 Image size of job updated: 918652
	122  -  MemoryUsage of job (MB)
	124084  -  ResidentSetSize of job (KB)
...
040 (15150654.104.000) 09/28 14:47:44 Started transferring output files
...
040 (15150654.104.000) 09/28 14:47:44 Finished transferring output files
...
005 (15150654.104.000) 09/28 14:47:44 Job terminated.
	(1) Normal termination (return value 0)
		Usr 0 00:00:07, Sys 0 00:00:01  -  Run Remote Usage
		Usr 0 00:00:00, Sys 0 00:00:00  -  Run Local Usage
		Usr 0 00:00:07, Sys 0 00:00:01  -  Total Remote Usage
		Usr 0 00:00:00, Sys 0 00:00:00  -  Total Local Usage
	6963  -  Run Bytes Sent By Job
	374  -  Run Bytes Received By Job
	6963  -  Total Bytes Sent By Job
	374  -  Total Bytes Received By Job
	Partitionable Resources :    Usage  Request Allocated 
	   Cpus                 :                 1         1 
	   Disk (KB)            :       21        1   3077209 
	   Memory (MB)          :      122     2000      2000 

	Job terminated of its own accord at 2023-09-28T12:47:44Z.
...
