000 (15271413.034.000) 12/18 14:02:22 Job submitted from host: <188.184.90.241:9618?addrs=188.184.90.241-9618+[2001-1458-201-e4--100-2eb]-9618&alias=bigbird15.cern.ch&noUDP&sock=schedd_2763_c443>
...
040 (15271413.034.000) 12/18 14:06:00 Started transferring input files
	Transferring to host: <188.184.184.90:9618?addrs=188.184.184.90-9618+[2001-1458-301-4f--100-124]-9618&alias=b9g36p9468.cern.ch&noUDP&sock=slot1_12_8806_5f9f_29817>
...
040 (15271413.034.000) 12/18 14:06:00 Finished transferring input files
...
001 (15271413.034.000) 12/18 14:06:01 Job executing on host: <188.184.184.90:9618?addrs=188.184.184.90-9618+[2001-1458-301-4f--100-124]-9618&alias=b9g36p9468.cern.ch&noUDP&sock=startd_8762_94e9>
...
006 (15271413.034.000) 12/18 14:06:10 Image size of job updated: 85896
	84  -  MemoryUsage of job (MB)
	85896  -  ResidentSetSize of job (KB)
...
006 (15271413.034.000) 12/18 14:11:10 Image size of job updated: 436164
	426  -  MemoryUsage of job (MB)
	436164  -  ResidentSetSize of job (KB)
...
006 (15271413.034.000) 12/18 14:16:10 Image size of job updated: 942972
	921  -  MemoryUsage of job (MB)
	942972  -  ResidentSetSize of job (KB)
...
006 (15271413.034.000) 12/18 14:21:11 Image size of job updated: 3466028
	3385  -  MemoryUsage of job (MB)
	3466028  -  ResidentSetSize of job (KB)
...
040 (15271413.034.000) 12/18 14:23:02 Started transferring output files
...
040 (15271413.034.000) 12/18 14:23:03 Finished transferring output files
...
005 (15271413.034.000) 12/18 14:23:03 Job terminated.
	(1) Normal termination (return value 0)
		Usr 0 00:12:19, Sys 0 00:00:11  -  Run Remote Usage
		Usr 0 00:00:00, Sys 0 00:00:00  -  Run Local Usage
		Usr 0 00:12:19, Sys 0 00:00:11  -  Total Remote Usage
		Usr 0 00:00:00, Sys 0 00:00:00  -  Total Local Usage
	234300  -  Run Bytes Sent By Job
	269  -  Run Bytes Received By Job
	234300  -  Total Bytes Sent By Job
	269  -  Total Bytes Received By Job
	Partitionable Resources :    Usage  Request Allocated 
	   Cpus                 :     0.95        1         1 
	   Disk (KB)            :   272           1   1350774 
	   Memory (MB)          :  3385        2000      2000 

	Job terminated of its own accord at 2023-12-18T13:23:02Z.
...
