000 (15155243.002.000) 10/07 13:26:28 Job submitted from host: <188.184.90.241:9618?addrs=188.184.90.241-9618+[2001-1458-201-e4--100-2eb]-9618&alias=bigbird15.cern.ch&noUDP&sock=schedd_2763_c443>
...
040 (15155243.002.000) 10/07 13:31:46 Started transferring input files
	Transferring to host: <188.184.163.222:9618?addrs=188.184.163.222-9618+[2001-1458-301-4d--100-d8]-9618&alias=b7s12p2049.cern.ch&noUDP&sock=slot1_16_4736_b0ba_22230>
...
040 (15155243.002.000) 10/07 13:31:46 Finished transferring input files
...
001 (15155243.002.000) 10/07 13:31:47 Job executing on host: <188.184.163.222:9618?addrs=188.184.163.222-9618+[2001-1458-301-4d--100-d8]-9618&alias=b7s12p2049.cern.ch&noUDP&sock=startd_3211_0eb1>
...
006 (15155243.002.000) 10/07 13:31:56 Image size of job updated: 119456
	50  -  MemoryUsage of job (MB)
	50620  -  ResidentSetSize of job (KB)
...
006 (15155243.002.000) 10/07 13:36:57 Image size of job updated: 982616
	453  -  MemoryUsage of job (MB)
	463744  -  ResidentSetSize of job (KB)
...
006 (15155243.002.000) 10/07 13:41:57 Image size of job updated: 1306584
	757  -  MemoryUsage of job (MB)
	774568  -  ResidentSetSize of job (KB)
...
006 (15155243.002.000) 10/07 13:46:58 Image size of job updated: 1345660
	757  -  MemoryUsage of job (MB)
	774568  -  ResidentSetSize of job (KB)
...
006 (15155243.002.000) 10/07 13:51:59 Image size of job updated: 4114232
	757  -  MemoryUsage of job (MB)
	774568  -  ResidentSetSize of job (KB)
...
006 (15155243.002.000) 10/07 13:56:59 Image size of job updated: 4399444
	757  -  MemoryUsage of job (MB)
	774568  -  ResidentSetSize of job (KB)
...
006 (15155243.002.000) 10/07 14:02:00 Image size of job updated: 4471728
	757  -  MemoryUsage of job (MB)
	774568  -  ResidentSetSize of job (KB)
...
006 (15155243.002.000) 10/07 14:04:24 Image size of job updated: 4488156
	757  -  MemoryUsage of job (MB)
	774568  -  ResidentSetSize of job (KB)
...
040 (15155243.002.000) 10/07 14:04:24 Started transferring output files
...
040 (15155243.002.000) 10/07 14:04:24 Finished transferring output files
...
005 (15155243.002.000) 10/07 14:04:24 Job terminated.
	(1) Normal termination (return value 0)
		Usr 0 00:18:24, Sys 0 00:00:45  -  Run Remote Usage
		Usr 0 00:00:00, Sys 0 00:00:00  -  Run Local Usage
		Usr 0 00:18:24, Sys 0 00:00:45  -  Total Remote Usage
		Usr 0 00:00:00, Sys 0 00:00:00  -  Total Local Usage
	94392  -  Run Bytes Sent By Job
	323  -  Run Bytes Received By Job
	94392  -  Total Bytes Sent By Job
	323  -  Total Bytes Received By Job
	Partitionable Resources :    Usage  Request Allocated 
	   Cpus                 :     0.15        1         1 
	   Disk (KB)            :   113           1   2807015 
	   Memory (MB)          :   757        2000      2000 

	Job terminated of its own accord at 2023-10-07T12:04:24Z.
...
