000 (14832095.211.000) 06/12 15:17:58 Job submitted from host: <188.184.90.241:9618?addrs=188.184.90.241-9618+[2001-1458-201-e4--100-2eb]-9618&alias=bigbird15.cern.ch&noUDP&sock=schedd_1460210_2ef4>
...
040 (14832095.211.000) 06/12 15:20:51 Started transferring input files
	Transferring to host: <128.142.131.175:9618?addrs=128.142.131.175-9618+[2001-1458-301-59--100-a3]-9618&alias=b7g11p1215.cern.ch&noUDP&sock=slot1_5_4310_88e8_11538>
...
040 (14832095.211.000) 06/12 15:20:51 Finished transferring input files
...
001 (14832095.211.000) 06/12 15:20:52 Job executing on host: <128.142.131.175:9618?addrs=128.142.131.175-9618+[2001-1458-301-59--100-a3]-9618&alias=b7g11p1215.cern.ch&noUDP&sock=startd_3119_f3fb>
...
006 (14832095.211.000) 06/12 15:21:00 Image size of job updated: 538076
	47  -  MemoryUsage of job (MB)
	47668  -  ResidentSetSize of job (KB)
...
006 (14832095.211.000) 06/12 15:26:00 Image size of job updated: 1462696
	904  -  MemoryUsage of job (MB)
	925120  -  ResidentSetSize of job (KB)
...
006 (14832095.211.000) 06/12 15:31:01 Image size of job updated: 1687752
	1099  -  MemoryUsage of job (MB)
	1124972  -  ResidentSetSize of job (KB)
...
006 (14832095.211.000) 06/12 15:41:02 Image size of job updated: 4054040
	1099  -  MemoryUsage of job (MB)
	1124972  -  ResidentSetSize of job (KB)
...
006 (14832095.211.000) 06/12 15:46:03 Image size of job updated: 4054044
	1099  -  MemoryUsage of job (MB)
	1124972  -  ResidentSetSize of job (KB)
...
006 (14832095.211.000) 06/12 15:51:04 Image size of job updated: 4099744
	1099  -  MemoryUsage of job (MB)
	1124972  -  ResidentSetSize of job (KB)
...
006 (14832095.211.000) 06/12 15:56:04 Image size of job updated: 4338084
	1099  -  MemoryUsage of job (MB)
	1124972  -  ResidentSetSize of job (KB)
...
006 (14832095.211.000) 06/12 16:01:05 Image size of job updated: 4347024
	1099  -  MemoryUsage of job (MB)
	1124972  -  ResidentSetSize of job (KB)
...
006 (14832095.211.000) 06/12 16:06:06 Image size of job updated: 4405756
	1099  -  MemoryUsage of job (MB)
	1124972  -  ResidentSetSize of job (KB)
...
006 (14832095.211.000) 06/12 16:11:06 Image size of job updated: 4424116
	1099  -  MemoryUsage of job (MB)
	1124972  -  ResidentSetSize of job (KB)
...
006 (14832095.211.000) 06/12 16:11:59 Image size of job updated: 4429908
	1099  -  MemoryUsage of job (MB)
	1124972  -  ResidentSetSize of job (KB)
...
040 (14832095.211.000) 06/12 16:12:00 Started transferring output files
...
040 (14832095.211.000) 06/12 16:12:00 Finished transferring output files
...
005 (14832095.211.000) 06/12 16:12:00 Job terminated.
	(1) Normal termination (return value 0)
		Usr 0 00:12:02, Sys 0 00:00:40  -  Run Remote Usage
		Usr 0 00:00:00, Sys 0 00:00:00  -  Run Local Usage
		Usr 0 00:12:02, Sys 0 00:00:40  -  Total Remote Usage
		Usr 0 00:00:00, Sys 0 00:00:00  -  Total Local Usage
	111723  -  Run Bytes Sent By Job
	323  -  Run Bytes Received By Job
	111723  -  Total Bytes Sent By Job
	323  -  Total Bytes Received By Job
	Partitionable Resources :    Usage  Request Allocated 
	   Cpus                 :     0.07        1         1 
	   Disk (KB)            :   130           1   1654810 
	   Memory (MB)          :  1099        2000      2000 

	Job terminated of its own accord at 2023-06-12T14:11:59Z.
...
