000 (14832095.014.000) 06/12 15:17:57 Job submitted from host: <188.184.90.241:9618?addrs=188.184.90.241-9618+[2001-1458-201-e4--100-2eb]-9618&alias=bigbird15.cern.ch&noUDP&sock=schedd_1460210_2ef4>
...
040 (14832095.014.000) 06/12 15:19:39 Started transferring input files
	Transferring to host: <128.142.195.167:9618?addrs=128.142.195.167-9618+[2001-1458-301-50--100-20]-9618&alias=b7g33p9816.cern.ch&noUDP&sock=slot1_4_4198_9ee4_59436>
...
040 (14832095.014.000) 06/12 15:19:39 Finished transferring input files
...
001 (14832095.014.000) 06/12 15:19:40 Job executing on host: <128.142.195.167:9618?addrs=128.142.195.167-9618+[2001-1458-301-50--100-20]-9618&alias=b7g33p9816.cern.ch&noUDP&sock=startd_2975_2e57>
...
006 (14832095.014.000) 06/12 15:19:49 Image size of job updated: 554136
	47  -  MemoryUsage of job (MB)
	47688  -  ResidentSetSize of job (KB)
...
006 (14832095.014.000) 06/12 15:24:49 Image size of job updated: 1226304
	671  -  MemoryUsage of job (MB)
	686388  -  ResidentSetSize of job (KB)
...
006 (14832095.014.000) 06/12 15:29:49 Image size of job updated: 1501376
	671  -  MemoryUsage of job (MB)
	686388  -  ResidentSetSize of job (KB)
...
006 (14832095.014.000) 06/12 15:39:50 Image size of job updated: 4025568
	671  -  MemoryUsage of job (MB)
	686388  -  ResidentSetSize of job (KB)
...
006 (14832095.014.000) 06/12 15:44:50 Image size of job updated: 4074412
	671  -  MemoryUsage of job (MB)
	686388  -  ResidentSetSize of job (KB)
...
006 (14832095.014.000) 06/12 15:49:51 Image size of job updated: 4076352
	671  -  MemoryUsage of job (MB)
	686388  -  ResidentSetSize of job (KB)
...
006 (14832095.014.000) 06/12 15:54:51 Image size of job updated: 4313396
	671  -  MemoryUsage of job (MB)
	686388  -  ResidentSetSize of job (KB)
...
006 (14832095.014.000) 06/12 15:59:51 Image size of job updated: 4321776
	671  -  MemoryUsage of job (MB)
	686388  -  ResidentSetSize of job (KB)
...
006 (14832095.014.000) 06/12 16:04:52 Image size of job updated: 4380424
	671  -  MemoryUsage of job (MB)
	686388  -  ResidentSetSize of job (KB)
...
006 (14832095.014.000) 06/12 16:09:52 Image size of job updated: 4395852
	671  -  MemoryUsage of job (MB)
	686388  -  ResidentSetSize of job (KB)
...
006 (14832095.014.000) 06/12 16:10:57 Image size of job updated: 4400144
	671  -  MemoryUsage of job (MB)
	686388  -  ResidentSetSize of job (KB)
...
040 (14832095.014.000) 06/12 16:10:57 Started transferring output files
...
040 (14832095.014.000) 06/12 16:10:57 Finished transferring output files
...
005 (14832095.014.000) 06/12 16:10:57 Job terminated.
	(1) Normal termination (return value 0)
		Usr 0 00:07:39, Sys 0 00:00:21  -  Run Remote Usage
		Usr 0 00:00:00, Sys 0 00:00:00  -  Run Local Usage
		Usr 0 00:07:39, Sys 0 00:00:21  -  Total Remote Usage
		Usr 0 00:00:00, Sys 0 00:00:00  -  Total Local Usage
	103136  -  Run Bytes Sent By Job
	323  -  Run Bytes Received By Job
	103136  -  Total Bytes Sent By Job
	323  -  Total Bytes Received By Job
	Partitionable Resources :    Usage  Request Allocated 
	   Cpus                 :     0.01        1         1 
	   Disk (KB)            :   122           1   2971772 
	   Memory (MB)          :   671        2000      2000 

	Job terminated of its own accord at 2023-06-12T14:10:57Z.
...
