000 (14832095.182.000) 06/12 15:17:58 Job submitted from host: <188.184.90.241:9618?addrs=188.184.90.241-9618+[2001-1458-201-e4--100-2eb]-9618&alias=bigbird15.cern.ch&noUDP&sock=schedd_1460210_2ef4>
...
040 (14832095.182.000) 06/12 15:20:39 Started transferring input files
	Transferring to host: <188.184.163.181:9618?addrs=188.184.163.181-9618+[2001-1458-301-4d--100-af]-9618&alias=b7s12p1140.cern.ch&noUDP&sock=slot1_30_4177_d303_72209>
...
040 (14832095.182.000) 06/12 15:20:39 Finished transferring input files
...
001 (14832095.182.000) 06/12 15:20:40 Job executing on host: <188.184.163.181:9618?addrs=188.184.163.181-9618+[2001-1458-301-4d--100-af]-9618&alias=b7s12p1140.cern.ch&noUDP&sock=startd_3063_8aad>
...
006 (14832095.182.000) 06/12 15:20:49 Image size of job updated: 553976
	47  -  MemoryUsage of job (MB)
	47700  -  ResidentSetSize of job (KB)
...
006 (14832095.182.000) 06/12 15:25:50 Image size of job updated: 1496404
	959  -  MemoryUsage of job (MB)
	981080  -  ResidentSetSize of job (KB)
...
006 (14832095.182.000) 06/12 15:30:50 Image size of job updated: 2089600
	1208  -  MemoryUsage of job (MB)
	1236824  -  ResidentSetSize of job (KB)
...
006 (14832095.182.000) 06/12 15:35:51 Image size of job updated: 2114600
	1208  -  MemoryUsage of job (MB)
	1236860  -  ResidentSetSize of job (KB)
...
006 (14832095.182.000) 06/12 15:50:52 Image size of job updated: 4044040
	1208  -  MemoryUsage of job (MB)
	1236860  -  ResidentSetSize of job (KB)
...
006 (14832095.182.000) 06/12 15:55:53 Image size of job updated: 4092828
	1208  -  MemoryUsage of job (MB)
	1236860  -  ResidentSetSize of job (KB)
...
006 (14832095.182.000) 06/12 16:00:53 Image size of job updated: 4326820
	1208  -  MemoryUsage of job (MB)
	1236860  -  ResidentSetSize of job (KB)
...
006 (14832095.182.000) 06/12 16:05:53 Image size of job updated: 4334060
	1208  -  MemoryUsage of job (MB)
	1236860  -  ResidentSetSize of job (KB)
...
006 (14832095.182.000) 06/12 16:10:54 Image size of job updated: 4394592
	1208  -  MemoryUsage of job (MB)
	1236860  -  ResidentSetSize of job (KB)
...
006 (14832095.182.000) 06/12 16:15:55 Image size of job updated: 4411300
	1208  -  MemoryUsage of job (MB)
	1236860  -  ResidentSetSize of job (KB)
...
006 (14832095.182.000) 06/12 16:17:20 Image size of job updated: 4420392
	1208  -  MemoryUsage of job (MB)
	1236860  -  ResidentSetSize of job (KB)
...
040 (14832095.182.000) 06/12 16:17:21 Started transferring output files
...
040 (14832095.182.000) 06/12 16:17:21 Finished transferring output files
...
005 (14832095.182.000) 06/12 16:17:21 Job terminated.
	(1) Normal termination (return value 0)
		Usr 0 00:14:23, Sys 0 00:01:02  -  Run Remote Usage
		Usr 0 00:00:00, Sys 0 00:00:00  -  Run Local Usage
		Usr 0 00:14:23, Sys 0 00:01:02  -  Total Remote Usage
		Usr 0 00:00:00, Sys 0 00:00:00  -  Total Local Usage
	131111  -  Run Bytes Sent By Job
	323  -  Run Bytes Received By Job
	131111  -  Total Bytes Sent By Job
	323  -  Total Bytes Received By Job
	Partitionable Resources :    Usage  Request Allocated 
	   Cpus                 :     0.03        1         1 
	   Disk (KB)            :   149           1   3081038 
	   Memory (MB)          :  1208        2000      2000 

	Job terminated of its own accord at 2023-06-12T14:17:20Z.
...
