000 (14807135.030.000) 05/13 19:23:40 Job submitted from host: <188.184.90.241:9618?addrs=188.184.90.241-9618+[2001-1458-201-e4--100-2eb]-9618&alias=bigbird15.cern.ch&noUDP&sock=schedd_3273_9590>
...
040 (14807135.030.000) 05/13 19:35:16 Started transferring input files
	Transferring to host: <188.184.162.184:9618?addrs=188.184.162.184-9618+[2001-1458-301-4a--100-b2]-9618&alias=b7s11p8025.cern.ch&noUDP&sock=slot1_12_3709_1370_60376>
...
040 (14807135.030.000) 05/13 19:35:16 Finished transferring input files
...
001 (14807135.030.000) 05/13 19:35:17 Job executing on host: <188.184.162.184:9618?addrs=188.184.162.184-9618+[2001-1458-301-4a--100-b2]-9618&alias=b7s11p8025.cern.ch&noUDP&sock=startd_2976_ddef>
...
006 (14807135.030.000) 05/13 19:35:26 Image size of job updated: 52004
	47  -  MemoryUsage of job (MB)
	47920  -  ResidentSetSize of job (KB)
...
006 (14807135.030.000) 05/13 19:40:27 Image size of job updated: 1672260
	1183  -  MemoryUsage of job (MB)
	1210668  -  ResidentSetSize of job (KB)
...
006 (14807135.030.000) 05/13 19:45:28 Image size of job updated: 2685644
	2140  -  MemoryUsage of job (MB)
	2190384  -  ResidentSetSize of job (KB)
...
006 (14807135.030.000) 05/13 19:50:28 Image size of job updated: 3546732
	2884  -  MemoryUsage of job (MB)
	2952556  -  ResidentSetSize of job (KB)
...
006 (14807135.030.000) 05/13 19:55:29 Image size of job updated: 4141580
	3224  -  MemoryUsage of job (MB)
	3300892  -  ResidentSetSize of job (KB)
...
006 (14807135.030.000) 05/13 19:55:30 Image size of job updated: 4141580
	3224  -  MemoryUsage of job (MB)
	3300968  -  ResidentSetSize of job (KB)
...
040 (14807135.030.000) 05/13 19:55:30 Started transferring output files
...
040 (14807135.030.000) 05/13 19:55:30 Finished transferring output files
...
009 (14807135.030.000) 05/13 19:55:31 Job was aborted.
	Job removed by SYSTEM_PERIODIC_REMOVE due to wall time exceeded allowed max.
...
