000 (14808124.010.000) 05/19 04:24:07 Job submitted from host: <188.184.90.241:9618?addrs=188.184.90.241-9618+[2001-1458-201-e4--100-2eb]-9618&alias=bigbird15.cern.ch&noUDP&sock=schedd_3273_9590>
...
040 (14808124.010.000) 05/19 04:35:43 Started transferring input files
	Transferring to host: <128.142.60.152:9618?addrs=128.142.60.152-9618+[2001-1458-301-22--100-97]-9618&alias=b7s05p8178.cern.ch&noUDP&sock=slot1_22_3974_cadb_33328>
...
040 (14808124.010.000) 05/19 04:35:43 Finished transferring input files
...
001 (14808124.010.000) 05/19 04:35:44 Job executing on host: <128.142.60.152:9618?addrs=128.142.60.152-9618+[2001-1458-301-22--100-97]-9618&alias=b7s05p8178.cern.ch&noUDP&sock=startd_2927_41cb>
...
006 (14808124.010.000) 05/19 04:35:53 Image size of job updated: 47788
	47  -  MemoryUsage of job (MB)
	47668  -  ResidentSetSize of job (KB)
...
006 (14808124.010.000) 05/19 04:40:53 Image size of job updated: 4390528
	3659  -  MemoryUsage of job (MB)
	3746320  -  ResidentSetSize of job (KB)
...
006 (14808124.010.000) 05/19 04:41:16 Image size of job updated: 4391132
	3659  -  MemoryUsage of job (MB)
	3746320  -  ResidentSetSize of job (KB)
...
040 (14808124.010.000) 05/19 04:41:16 Started transferring output files
...
040 (14808124.010.000) 05/19 04:41:16 Finished transferring output files
...
005 (14808124.010.000) 05/19 04:41:16 Job terminated.
	(1) Normal termination (return value 0)
		Usr 0 00:03:27, Sys 0 00:00:11  -  Run Remote Usage
		Usr 0 00:00:00, Sys 0 00:00:00  -  Run Local Usage
		Usr 0 00:03:27, Sys 0 00:00:11  -  Total Remote Usage
		Usr 0 00:00:00, Sys 0 00:00:00  -  Total Local Usage
	305997  -  Run Bytes Sent By Job
	269  -  Run Bytes Received By Job
	305997  -  Total Bytes Sent By Job
	269  -  Total Bytes Received By Job
	Partitionable Resources :    Usage  Request Allocated 
	   Cpus                 :     0.74        1         1 
	   Disk (KB)            :   320           1   1325163 
	   Memory (MB)          :  3659        2000      2000 

	Job terminated of its own accord at 2023-05-19T02:41:16Z.
...
