000 (15159756.007.000) 10/09 09:27:43 Job submitted from host: <188.184.90.241:9618?addrs=188.184.90.241-9618+[2001-1458-201-e4--100-2eb]-9618&alias=bigbird15.cern.ch&noUDP&sock=schedd_2763_c443>
...
040 (15159756.007.000) 10/09 11:14:43 Started transferring input files
	Transferring to host: <128.142.59.73:9618?addrs=128.142.59.73-9618+[2001-1458-301-21--100-48]-9618&alias=b7s04p0096.cern.ch&noUDP&sock=slot1_11_4206_41e4_203633>
...
040 (15159756.007.000) 10/09 11:14:43 Finished transferring input files
...
001 (15159756.007.000) 10/09 11:14:44 Job executing on host: <128.142.59.73:9618?addrs=128.142.59.73-9618+[2001-1458-301-21--100-48]-9618&alias=b7s04p0096.cern.ch&noUDP&sock=startd_3059_cc4c>
...
006 (15159756.007.000) 10/09 11:14:52 Image size of job updated: 624636
	53  -  MemoryUsage of job (MB)
	53916  -  ResidentSetSize of job (KB)
...
006 (15159756.007.000) 10/09 11:19:52 Image size of job updated: 988132
	417  -  MemoryUsage of job (MB)
	426448  -  ResidentSetSize of job (KB)
...
006 (15159756.007.000) 10/09 11:24:53 Image size of job updated: 1220084
	656  -  MemoryUsage of job (MB)
	671476  -  ResidentSetSize of job (KB)
...
006 (15159756.007.000) 10/09 11:27:51 Image size of job updated: 3514788
	656  -  MemoryUsage of job (MB)
	671476  -  ResidentSetSize of job (KB)
...
040 (15159756.007.000) 10/09 11:27:51 Started transferring output files
...
040 (15159756.007.000) 10/09 11:27:51 Finished transferring output files
...
005 (15159756.007.000) 10/09 11:27:51 Job terminated.
	(1) Normal termination (return value 0)
		Usr 0 00:11:54, Sys 0 00:00:10  -  Run Remote Usage
		Usr 0 00:00:00, Sys 0 00:00:00  -  Run Local Usage
		Usr 0 00:11:54, Sys 0 00:00:10  -  Total Remote Usage
		Usr 0 00:00:00, Sys 0 00:00:00  -  Total Local Usage
	196799  -  Run Bytes Sent By Job
	269  -  Run Bytes Received By Job
	196799  -  Total Bytes Sent By Job
	269  -  Total Bytes Received By Job
	Partitionable Resources :    Usage  Request Allocated 
	   Cpus                 :     0.97        1         1 
	   Disk (KB)            :   214           1   1351829 
	   Memory (MB)          :   656        2000      2000 

	Job terminated of its own accord at 2023-10-09T09:27:51Z.
...
