000 (14839060.005.000) 06/21 14:44:36 Job submitted from host: <188.184.90.241:9618?addrs=188.184.90.241-9618+[2001-1458-201-e4--100-2eb]-9618&alias=bigbird15.cern.ch&noUDP&sock=schedd_1460210_2ef4>
...
040 (14839060.005.000) 06/21 14:57:12 Started transferring input files
	Transferring to host: <128.142.131.167:9618?addrs=128.142.131.167-9618+[2001-1458-301-59--100-9b]-9618&alias=b7g11p9674.cern.ch&noUDP&sock=slot1_7_3239_eb1d_72139>
...
040 (14839060.005.000) 06/21 14:57:12 Finished transferring input files
...
001 (14839060.005.000) 06/21 14:57:13 Job executing on host: <128.142.131.167:9618?addrs=128.142.131.167-9618+[2001-1458-301-59--100-9b]-9618&alias=b7g11p9674.cern.ch&noUDP&sock=startd_2962_439c>
...
006 (14839060.005.000) 06/21 14:57:21 Image size of job updated: 554168
	47  -  MemoryUsage of job (MB)
	48032  -  ResidentSetSize of job (KB)
...
006 (14839060.005.000) 06/21 15:02:21 Image size of job updated: 869252
	345  -  MemoryUsage of job (MB)
	353180  -  ResidentSetSize of job (KB)
...
006 (14839060.005.000) 06/21 15:07:22 Image size of job updated: 1075932
	551  -  MemoryUsage of job (MB)
	563364  -  ResidentSetSize of job (KB)
...
006 (14839060.005.000) 06/21 15:12:22 Image size of job updated: 1292596
	738  -  MemoryUsage of job (MB)
	755160  -  ResidentSetSize of job (KB)
...
006 (14839060.005.000) 06/21 15:17:22 Image size of job updated: 1484352
	950  -  MemoryUsage of job (MB)
	971784  -  ResidentSetSize of job (KB)
...
006 (14839060.005.000) 06/21 15:22:23 Image size of job updated: 1670016
	1136  -  MemoryUsage of job (MB)
	1162548  -  ResidentSetSize of job (KB)
...
006 (14839060.005.000) 06/21 15:27:23 Image size of job updated: 1844832
	1309  -  MemoryUsage of job (MB)
	1339864  -  ResidentSetSize of job (KB)
...
006 (14839060.005.000) 06/21 15:32:23 Image size of job updated: 2091744
	1493  -  MemoryUsage of job (MB)
	1528060  -  ResidentSetSize of job (KB)
...
006 (14839060.005.000) 06/21 15:37:24 Image size of job updated: 2287844
	1734  -  MemoryUsage of job (MB)
	1775276  -  ResidentSetSize of job (KB)
...
006 (14839060.005.000) 06/21 15:42:24 Image size of job updated: 2495876
	1937  -  MemoryUsage of job (MB)
	1983308  -  ResidentSetSize of job (KB)
...
006 (14839060.005.000) 06/21 15:47:24 Image size of job updated: 2657272
	2069  -  MemoryUsage of job (MB)
	2118588  -  ResidentSetSize of job (KB)
...
006 (14839060.005.000) 06/21 15:52:25 Image size of job updated: 5239324
	4594  -  MemoryUsage of job (MB)
	4704208  -  ResidentSetSize of job (KB)
...
006 (14839060.005.000) 06/21 15:56:31 Image size of job updated: 5340564
	4594  -  MemoryUsage of job (MB)
	4704208  -  ResidentSetSize of job (KB)
...
040 (14839060.005.000) 06/21 15:56:31 Started transferring output files
...
040 (14839060.005.000) 06/21 15:56:31 Finished transferring output files
...
005 (14839060.005.000) 06/21 15:56:31 Job terminated.
	(1) Normal termination (return value 0)
		Usr 0 00:56:00, Sys 0 00:00:22  -  Run Remote Usage
		Usr 0 00:00:00, Sys 0 00:00:00  -  Run Local Usage
		Usr 0 00:56:00, Sys 0 00:00:22  -  Total Remote Usage
		Usr 0 00:00:00, Sys 0 00:00:00  -  Total Local Usage
	502455  -  Run Bytes Sent By Job
	269  -  Run Bytes Received By Job
	502455  -  Total Bytes Sent By Job
	269  -  Total Bytes Received By Job
	Partitionable Resources :    Usage  Request Allocated 
	   Cpus                 :     1.00        1         1 
	   Disk (KB)            :   512           1   1521347 
	   Memory (MB)          :  4594        2000      2000 

	Job terminated of its own accord at 2023-06-21T13:56:31Z.
...
