000 (15159756.068.000) 10/09 09:27:44 Job submitted from host: <188.184.90.241:9618?addrs=188.184.90.241-9618+[2001-1458-201-e4--100-2eb]-9618&alias=bigbird15.cern.ch&noUDP&sock=schedd_2763_c443>
...
040 (15159756.068.000) 10/09 11:15:05 Started transferring input files
	Transferring to host: <188.184.163.214:9618?addrs=188.184.163.214-9618+[2001-1458-301-4d--100-d0]-9618&alias=b7s12p5222.cern.ch&noUDP&sock=slot1_23_10930_ec76_5062>
...
040 (15159756.068.000) 10/09 11:15:05 Finished transferring input files
...
001 (15159756.068.000) 10/09 11:15:06 Job executing on host: <188.184.163.214:9618?addrs=188.184.163.214-9618+[2001-1458-301-4d--100-d0]-9618&alias=b7s12p5222.cern.ch&noUDP&sock=startd_10867_6fc4>
...
006 (15159756.068.000) 10/09 11:15:15 Image size of job updated: 80276
	58  -  MemoryUsage of job (MB)
	58768  -  ResidentSetSize of job (KB)
...
006 (15159756.068.000) 10/09 11:20:15 Image size of job updated: 921200
	377  -  MemoryUsage of job (MB)
	385636  -  ResidentSetSize of job (KB)
...
006 (15159756.068.000) 10/09 11:25:15 Image size of job updated: 3325564
	2642  -  MemoryUsage of job (MB)
	2704724  -  ResidentSetSize of job (KB)
...
006 (15159756.068.000) 10/09 11:25:57 Image size of job updated: 3326152
	2642  -  MemoryUsage of job (MB)
	2704724  -  ResidentSetSize of job (KB)
...
040 (15159756.068.000) 10/09 11:25:57 Started transferring output files
...
040 (15159756.068.000) 10/09 11:25:57 Finished transferring output files
...
005 (15159756.068.000) 10/09 11:25:57 Job terminated.
	(1) Normal termination (return value 0)
		Usr 0 00:09:31, Sys 0 00:00:08  -  Run Remote Usage
		Usr 0 00:00:00, Sys 0 00:00:00  -  Run Local Usage
		Usr 0 00:09:31, Sys 0 00:00:08  -  Total Remote Usage
		Usr 0 00:00:00, Sys 0 00:00:00  -  Total Local Usage
	148615  -  Run Bytes Sent By Job
	269  -  Run Bytes Received By Job
	148615  -  Total Bytes Sent By Job
	269  -  Total Bytes Received By Job
	Partitionable Resources :    Usage  Request Allocated 
	   Cpus                 :     0.04        1         1 
	   Disk (KB)            :   166           1   2972052 
	   Memory (MB)          :  2642        2000      2000 

	Job terminated of its own accord at 2023-10-09T09:25:57Z.
...
