000 (14857949.029.000) 06/22 15:24:33 Job submitted from host: <188.184.90.241:9618?addrs=188.184.90.241-9618+[2001-1458-201-e4--100-2eb]-9618&alias=bigbird15.cern.ch&noUDP&sock=schedd_1460210_2ef4>
...
040 (14857949.029.000) 06/22 15:34:31 Started transferring input files
	Transferring to host: <128.142.57.45:9618?addrs=128.142.57.45-9618+[2001-1458-301-7--100-2c]-9618&alias=b7s02p9411.cern.ch&noUDP&sock=slot1_8_4346_e66a_81466>
...
040 (14857949.029.000) 06/22 15:34:31 Finished transferring input files
...
001 (14857949.029.000) 06/22 15:34:32 Job executing on host: <128.142.57.45:9618?addrs=128.142.57.45-9618+[2001-1458-301-7--100-2c]-9618&alias=b7s02p9411.cern.ch&noUDP&sock=startd_3104_aa0f>
...
006 (14857949.029.000) 06/22 15:34:41 Image size of job updated: 554132
	47  -  MemoryUsage of job (MB)
	47680  -  ResidentSetSize of job (KB)
...
006 (14857949.029.000) 06/22 15:39:42 Image size of job updated: 1890200
	1321  -  MemoryUsage of job (MB)
	1352112  -  ResidentSetSize of job (KB)
...
006 (14857949.029.000) 06/22 15:44:43 Image size of job updated: 2028492
	1321  -  MemoryUsage of job (MB)
	1352112  -  ResidentSetSize of job (KB)
...
006 (14857949.029.000) 06/22 15:49:43 Image size of job updated: 4090852
	1321  -  MemoryUsage of job (MB)
	1352112  -  ResidentSetSize of job (KB)
...
006 (14857949.029.000) 06/22 15:54:43 Image size of job updated: 4402440
	1321  -  MemoryUsage of job (MB)
	1352112  -  ResidentSetSize of job (KB)
...
006 (14857949.029.000) 06/22 15:55:56 Image size of job updated: 4415520
	1321  -  MemoryUsage of job (MB)
	1352112  -  ResidentSetSize of job (KB)
...
040 (14857949.029.000) 06/22 15:55:56 Started transferring output files
...
040 (14857949.029.000) 06/22 15:55:56 Finished transferring output files
...
005 (14857949.029.000) 06/22 15:55:56 Job terminated.
	(1) Normal termination (return value 0)
		Usr 0 00:09:28, Sys 0 00:00:31  -  Run Remote Usage
		Usr 0 00:00:00, Sys 0 00:00:00  -  Run Local Usage
		Usr 0 00:09:28, Sys 0 00:00:31  -  Total Remote Usage
		Usr 0 00:00:00, Sys 0 00:00:00  -  Total Local Usage
	121571  -  Run Bytes Sent By Job
	323  -  Run Bytes Received By Job
	121571  -  Total Bytes Sent By Job
	323  -  Total Bytes Received By Job
	Partitionable Resources :    Usage  Request Allocated 
	   Cpus                 :     0.13        1         1 
	   Disk (KB)            :   140           1   1284564 
	   Memory (MB)          :  1321        2000      2000 

	Job terminated of its own accord at 2023-06-22T13:55:56Z.
...
