000 (15159743.058.000) 10/09 07:56:33 Job submitted from host: <188.184.90.241:9618?addrs=188.184.90.241-9618+[2001-1458-201-e4--100-2eb]-9618&alias=bigbird15.cern.ch&noUDP&sock=schedd_2763_c443>
...
040 (15159743.058.000) 10/09 08:09:54 Started transferring input files
	Transferring to host: <128.142.132.115:9618?addrs=128.142.132.115-9618+[2001-1458-301-5a--100-67]-9618&alias=b7g12p3756.cern.ch&noUDP&sock=slot1_41_5228_594e_196003>
...
040 (15159743.058.000) 10/09 08:09:54 Finished transferring input files
...
001 (15159743.058.000) 10/09 08:09:55 Job executing on host: <128.142.132.115:9618?addrs=128.142.132.115-9618+[2001-1458-301-5a--100-67]-9618&alias=b7g12p3756.cern.ch&noUDP&sock=startd_4551_2f99>
...
006 (15159743.058.000) 10/09 08:10:04 Image size of job updated: 611684
	51  -  MemoryUsage of job (MB)
	51716  -  ResidentSetSize of job (KB)
...
006 (15159743.058.000) 10/09 08:15:05 Image size of job updated: 851560
	333  -  MemoryUsage of job (MB)
	340972  -  ResidentSetSize of job (KB)
...
006 (15159743.058.000) 10/09 08:20:05 Image size of job updated: 1021452
	500  -  MemoryUsage of job (MB)
	511820  -  ResidentSetSize of job (KB)
...
006 (15159743.058.000) 10/09 08:25:05 Image size of job updated: 1223080
	686  -  MemoryUsage of job (MB)
	702008  -  ResidentSetSize of job (KB)
...
006 (15159743.058.000) 10/09 08:30:06 Image size of job updated: 1423844
	878  -  MemoryUsage of job (MB)
	898420  -  ResidentSetSize of job (KB)
...
006 (15159743.058.000) 10/09 08:35:07 Image size of job updated: 1971516
	1411  -  MemoryUsage of job (MB)
	1444456  -  ResidentSetSize of job (KB)
...
006 (15159743.058.000) 10/09 08:39:50 Image size of job updated: 3877192
	1411  -  MemoryUsage of job (MB)
	1444456  -  ResidentSetSize of job (KB)
...
040 (15159743.058.000) 10/09 08:39:51 Started transferring output files
...
040 (15159743.058.000) 10/09 08:39:51 Finished transferring output files
...
005 (15159743.058.000) 10/09 08:39:51 Job terminated.
	(1) Normal termination (return value 0)
		Usr 0 00:26:56, Sys 0 00:00:21  -  Run Remote Usage
		Usr 0 00:00:00, Sys 0 00:00:00  -  Run Local Usage
		Usr 0 00:26:56, Sys 0 00:00:21  -  Total Remote Usage
		Usr 0 00:00:00, Sys 0 00:00:00  -  Total Local Usage
	270799  -  Run Bytes Sent By Job
	269  -  Run Bytes Received By Job
	270799  -  Total Bytes Sent By Job
	269  -  Total Bytes Received By Job
	Partitionable Resources :    Usage  Request Allocated 
	   Cpus                 :     0.97        1         1 
	   Disk (KB)            :   286           1   1616441 
	   Memory (MB)          :  1411        2000      2000 

	Job terminated of its own accord at 2023-10-09T06:39:50Z.
...
