000 (15150662.151.000) 09/28 15:49:40 Job submitted from host: <188.184.90.241:9618?addrs=188.184.90.241-9618+[2001-1458-201-e4--100-2eb]-9618&alias=bigbird15.cern.ch&noUDP&sock=schedd_2763_c443>
...
040 (15150662.151.000) 09/28 16:01:38 Started transferring input files
	Transferring to host: <128.142.137.150:9618?addrs=128.142.137.150-9618+[2001-1458-301-5e--100-8a]-9618&alias=b7g19p2620.cern.ch&noUDP&sock=slot1_31_22123_679d_92935>
...
040 (15150662.151.000) 09/28 16:01:38 Finished transferring input files
...
001 (15150662.151.000) 09/28 16:01:39 Job executing on host: <128.142.137.150:9618?addrs=128.142.137.150-9618+[2001-1458-301-5e--100-8a]-9618&alias=b7g19p2620.cern.ch&noUDP&sock=startd_22083_ae00>
...
006 (15150662.151.000) 09/28 16:01:48 Image size of job updated: 122520
	120  -  MemoryUsage of job (MB)
	122516  -  ResidentSetSize of job (KB)
...
006 (15150662.151.000) 09/28 16:05:29 Image size of job updated: 923104
	120  -  MemoryUsage of job (MB)
	122516  -  ResidentSetSize of job (KB)
...
040 (15150662.151.000) 09/28 16:05:29 Started transferring output files
...
040 (15150662.151.000) 09/28 16:05:29 Finished transferring output files
...
005 (15150662.151.000) 09/28 16:05:29 Job terminated.
	(1) Normal termination (return value 0)
		Usr 0 00:00:18, Sys 0 00:00:02  -  Run Remote Usage
		Usr 0 00:00:00, Sys 0 00:00:00  -  Run Local Usage
		Usr 0 00:00:18, Sys 0 00:00:02  -  Total Remote Usage
		Usr 0 00:00:00, Sys 0 00:00:00  -  Total Local Usage
	7933  -  Run Bytes Sent By Job
	374  -  Run Bytes Received By Job
	7933  -  Total Bytes Sent By Job
	374  -  Total Bytes Received By Job
	Partitionable Resources :    Usage  Request Allocated 
	   Cpus                 :        0        1         1 
	   Disk (KB)            :       29        1   1588465 
	   Memory (MB)          :      120     2000      2000 

	Job terminated of its own accord at 2023-09-28T14:05:29Z.
...
