000 (14832095.170.000) 06/12 15:17:58 Job submitted from host: <188.184.90.241:9618?addrs=188.184.90.241-9618+[2001-1458-201-e4--100-2eb]-9618&alias=bigbird15.cern.ch&noUDP&sock=schedd_1460210_2ef4>
...
040 (14832095.170.000) 06/12 15:20:38 Started transferring input files
	Transferring to host: <128.142.192.212:9618?addrs=128.142.192.212-9618+[2001-1458-301-56--100-50]-9618&alias=b7g18p0338.cern.ch&noUDP&sock=slot1_26_3334_dac1_4775>
...
040 (14832095.170.000) 06/12 15:20:38 Finished transferring input files
...
001 (14832095.170.000) 06/12 15:20:39 Job executing on host: <128.142.192.212:9618?addrs=128.142.192.212-9618+[2001-1458-301-56--100-50]-9618&alias=b7g18p0338.cern.ch&noUDP&sock=startd_2857_3e2a>
...
006 (14832095.170.000) 06/12 15:20:48 Image size of job updated: 47684
	47  -  MemoryUsage of job (MB)
	47684  -  ResidentSetSize of job (KB)
...
006 (14832095.170.000) 06/12 15:25:49 Image size of job updated: 1282320
	800  -  MemoryUsage of job (MB)
	818856  -  ResidentSetSize of job (KB)
...
006 (14832095.170.000) 06/12 15:30:50 Image size of job updated: 2057376
	1484  -  MemoryUsage of job (MB)
	1519056  -  ResidentSetSize of job (KB)
...
006 (14832095.170.000) 06/12 15:35:50 Image size of job updated: 2183496
	1508  -  MemoryUsage of job (MB)
	1543952  -  ResidentSetSize of job (KB)
...
006 (14832095.170.000) 06/12 15:50:52 Image size of job updated: 4038600
	1508  -  MemoryUsage of job (MB)
	1543952  -  ResidentSetSize of job (KB)
...
006 (14832095.170.000) 06/12 16:00:53 Image size of job updated: 4320708
	1508  -  MemoryUsage of job (MB)
	1543952  -  ResidentSetSize of job (KB)
...
006 (14832095.170.000) 06/12 16:05:53 Image size of job updated: 4331672
	1508  -  MemoryUsage of job (MB)
	1543952  -  ResidentSetSize of job (KB)
...
006 (14832095.170.000) 06/12 16:10:53 Image size of job updated: 4391400
	1508  -  MemoryUsage of job (MB)
	1543952  -  ResidentSetSize of job (KB)
...
006 (14832095.170.000) 06/12 16:15:54 Image size of job updated: 4409188
	1508  -  MemoryUsage of job (MB)
	1543952  -  ResidentSetSize of job (KB)
...
006 (14832095.170.000) 06/12 16:16:46 Image size of job updated: 4417636
	1508  -  MemoryUsage of job (MB)
	1543952  -  ResidentSetSize of job (KB)
...
040 (14832095.170.000) 06/12 16:16:46 Started transferring output files
...
040 (14832095.170.000) 06/12 16:16:46 Finished transferring output files
...
005 (14832095.170.000) 06/12 16:16:46 Job terminated.
	(1) Normal termination (return value 0)
		Usr 0 00:12:32, Sys 0 00:00:51  -  Run Remote Usage
		Usr 0 00:00:00, Sys 0 00:00:00  -  Run Local Usage
		Usr 0 00:12:32, Sys 0 00:00:51  -  Total Remote Usage
		Usr 0 00:00:00, Sys 0 00:00:00  -  Total Local Usage
	128595  -  Run Bytes Sent By Job
	323  -  Run Bytes Received By Job
	128595  -  Total Bytes Sent By Job
	323  -  Total Bytes Received By Job
	Partitionable Resources :    Usage  Request Allocated 
	   Cpus                 :     0.03        1         1 
	   Disk (KB)            :   146           1   3024533 
	   Memory (MB)          :  1508        2000      2000 

	Job terminated of its own accord at 2023-06-12T14:16:46Z.
...
