000 (14759981.002.000) 03/28 17:09:37 Job submitted from host: <188.184.90.241:9618?addrs=188.184.90.241-9618+[2001-1458-201-e4--100-2eb]-9618&alias=bigbird15.cern.ch&noUDP&sock=schedd_3631588_e24a>
...
040 (14759981.002.000) 03/28 17:53:21 Started transferring input files
	Transferring to host: <128.142.131.134:9618?addrs=128.142.131.134-9618+[2001-1458-301-59--100-7a]-9618&alias=b7g11p9929.cern.ch&noUDP&sock=slot1_47_3392_b883_59773>
...
040 (14759981.002.000) 03/28 17:53:21 Finished transferring input files
...
001 (14759981.002.000) 03/28 17:53:22 Job executing on host: <128.142.131.134:9618?addrs=128.142.131.134-9618+[2001-1458-301-59--100-7a]-9618&alias=b7g11p9929.cern.ch&noUDP&sock=startd_2865_baec>
...
006 (14759981.002.000) 03/28 17:53:31 Image size of job updated: 51948
	47  -  MemoryUsage of job (MB)
	47820  -  ResidentSetSize of job (KB)
...
006 (14759981.002.000) 03/28 17:56:12 Image size of job updated: 2395708
	47  -  MemoryUsage of job (MB)
	47820  -  ResidentSetSize of job (KB)
...
040 (14759981.002.000) 03/28 17:56:12 Started transferring output files
...
040 (14759981.002.000) 03/28 17:56:12 Finished transferring output files
...
005 (14759981.002.000) 03/28 17:56:12 Job terminated.
	(1) Normal termination (return value 0)
		Usr 0 00:01:30, Sys 0 00:00:05  -  Run Remote Usage
		Usr 0 00:00:00, Sys 0 00:00:00  -  Run Local Usage
		Usr 0 00:01:30, Sys 0 00:00:05  -  Total Remote Usage
		Usr 0 00:00:00, Sys 0 00:00:00  -  Total Local Usage
	102673  -  Run Bytes Sent By Job
	269  -  Run Bytes Received By Job
	102673  -  Total Bytes Sent By Job
	269  -  Total Bytes Received By Job
	Partitionable Resources :    Usage  Request Allocated 
	   Cpus                 :                 1         1 
	   Disk (KB)            :      114        1   1692498 
	   Memory (MB)          :       47     2000      2000 

	Job terminated of its own accord at 2023-03-28T15:56:12Z.
...
