000 (14832095.159.000) 06/12 15:17:58 Job submitted from host: <188.184.90.241:9618?addrs=188.184.90.241-9618+[2001-1458-201-e4--100-2eb]-9618&alias=bigbird15.cern.ch&noUDP&sock=schedd_1460210_2ef4>
...
040 (14832095.159.000) 06/12 15:20:29 Started transferring input files
	Transferring to host: <188.184.163.171:9618?addrs=188.184.163.171-9618+[2001-1458-301-4d--100-a5]-9618&alias=b7s12p8342.cern.ch&noUDP&sock=slot1_24_4355_3dca_13255>
...
040 (14832095.159.000) 06/12 15:20:29 Finished transferring input files
...
001 (14832095.159.000) 06/12 15:20:30 Job executing on host: <188.184.163.171:9618?addrs=188.184.163.171-9618+[2001-1458-301-4d--100-a5]-9618&alias=b7s12p8342.cern.ch&noUDP&sock=startd_2945_9a80>
...
006 (14832095.159.000) 06/12 15:20:39 Image size of job updated: 554364
	47  -  MemoryUsage of job (MB)
	48024  -  ResidentSetSize of job (KB)
...
006 (14832095.159.000) 06/12 15:25:40 Image size of job updated: 1927788
	1248  -  MemoryUsage of job (MB)
	1277836  -  ResidentSetSize of job (KB)
...
006 (14832095.159.000) 06/12 15:30:40 Image size of job updated: 2274352
	1248  -  MemoryUsage of job (MB)
	1277836  -  ResidentSetSize of job (KB)
...
006 (14832095.159.000) 06/12 15:35:41 Image size of job updated: 2299352
	1248  -  MemoryUsage of job (MB)
	1277836  -  ResidentSetSize of job (KB)
...
006 (14832095.159.000) 06/12 15:45:42 Image size of job updated: 4011124
	1248  -  MemoryUsage of job (MB)
	1277836  -  ResidentSetSize of job (KB)
...
006 (14832095.159.000) 06/12 15:55:44 Image size of job updated: 4060196
	1248  -  MemoryUsage of job (MB)
	1277836  -  ResidentSetSize of job (KB)
...
006 (14832095.159.000) 06/12 16:00:44 Image size of job updated: 4297392
	1248  -  MemoryUsage of job (MB)
	1277836  -  ResidentSetSize of job (KB)
...
006 (14832095.159.000) 06/12 16:05:44 Image size of job updated: 4303840
	1248  -  MemoryUsage of job (MB)
	1277836  -  ResidentSetSize of job (KB)
...
006 (14832095.159.000) 06/12 16:10:45 Image size of job updated: 4375616
	1248  -  MemoryUsage of job (MB)
	1277836  -  ResidentSetSize of job (KB)
...
006 (14832095.159.000) 06/12 16:13:05 Image size of job updated: 4388232
	1248  -  MemoryUsage of job (MB)
	1277836  -  ResidentSetSize of job (KB)
...
040 (14832095.159.000) 06/12 16:13:05 Started transferring output files
...
040 (14832095.159.000) 06/12 16:13:05 Finished transferring output files
...
005 (14832095.159.000) 06/12 16:13:05 Job terminated.
	(1) Normal termination (return value 0)
		Usr 0 00:12:14, Sys 0 00:01:01  -  Run Remote Usage
		Usr 0 00:00:00, Sys 0 00:00:00  -  Run Local Usage
		Usr 0 00:12:14, Sys 0 00:01:01  -  Total Remote Usage
		Usr 0 00:00:00, Sys 0 00:00:00  -  Total Local Usage
	138863  -  Run Bytes Sent By Job
	323  -  Run Bytes Received By Job
	138863  -  Total Bytes Sent By Job
	323  -  Total Bytes Received By Job
	Partitionable Resources :    Usage  Request Allocated 
	   Cpus                 :     0.04        1         1 
	   Disk (KB)            :   157           1   2826198 
	   Memory (MB)          :  1248        2000      2000 

	Job terminated of its own accord at 2023-06-12T14:13:05Z.
...
