000 (14832095.066.000) 06/12 15:17:57 Job submitted from host: <188.184.90.241:9618?addrs=188.184.90.241-9618+[2001-1458-201-e4--100-2eb]-9618&alias=bigbird15.cern.ch&noUDP&sock=schedd_1460210_2ef4>
...
040 (14832095.066.000) 06/12 15:19:58 Started transferring input files
	Transferring to host: <188.184.162.210:9618?addrs=188.184.162.210-9618+[2001-1458-301-4a--100-cc]-9618&alias=b7s11p9993.cern.ch&noUDP&sock=slot1_27_132335_ba9e_91072>
...
040 (14832095.066.000) 06/12 15:19:58 Finished transferring input files
...
001 (14832095.066.000) 06/12 15:19:59 Job executing on host: <188.184.162.210:9618?addrs=188.184.162.210-9618+[2001-1458-301-4a--100-cc]-9618&alias=b7s11p9993.cern.ch&noUDP&sock=startd_101356_5d32>
...
006 (14832095.066.000) 06/12 15:20:08 Image size of job updated: 126244
	47  -  MemoryUsage of job (MB)
	47920  -  ResidentSetSize of job (KB)
...
006 (14832095.066.000) 06/12 15:25:09 Image size of job updated: 1675480
	1137  -  MemoryUsage of job (MB)
	1163656  -  ResidentSetSize of job (KB)
...
006 (14832095.066.000) 06/12 15:30:09 Image size of job updated: 2707604
	2148  -  MemoryUsage of job (MB)
	2198680  -  ResidentSetSize of job (KB)
...
006 (14832095.066.000) 06/12 15:35:09 Image size of job updated: 3700720
	2220  -  MemoryUsage of job (MB)
	2272784  -  ResidentSetSize of job (KB)
...
006 (14832095.066.000) 06/12 15:40:10 Image size of job updated: 4633588
	3273  -  MemoryUsage of job (MB)
	3350560  -  ResidentSetSize of job (KB)
...
006 (14832095.066.000) 06/12 15:45:11 Image size of job updated: 4759704
	3986  -  MemoryUsage of job (MB)
	4081164  -  ResidentSetSize of job (KB)
...
040 (14832095.066.000) 06/12 16:29:58 Started transferring output files
...
040 (14832095.066.000) 06/12 16:29:58 Finished transferring output files
...
005 (14832095.066.000) 06/12 16:29:58 Job terminated.
	(1) Normal termination (return value 0)
		Usr 0 00:31:17, Sys 0 00:04:31  -  Run Remote Usage
		Usr 0 00:00:00, Sys 0 00:00:00  -  Run Local Usage
		Usr 0 00:31:17, Sys 0 00:04:31  -  Total Remote Usage
		Usr 0 00:00:00, Sys 0 00:00:00  -  Total Local Usage
	242608  -  Run Bytes Sent By Job
	323  -  Run Bytes Received By Job
	242608  -  Total Bytes Sent By Job
	323  -  Total Bytes Received By Job
	Partitionable Resources :    Usage  Request Allocated 
	   Cpus                 :     0.17        1         1 
	   Disk (KB)            :   258           1   3072503 
	   Memory (MB)          :  3986        2000      2000 

	Job terminated of its own accord at 2023-06-12T14:29:58Z.
...
