Warning in <TNetXNGFile::Init>: file root://eoscms.cern.ch//eos/cms/store/group/dpg_mtd/comm_mtd/TB/MTDTB_H8_Sep2023/TOFHIR2/h8/reco/6137/57_e.root probably not closed, trying to recover
Info in <TNetXNGFile::Recover>: root://eoscms.cern.ch//eos/cms/store/group/dpg_mtd/comm_mtd/TB/MTDTB_H8_Sep2023/TOFHIR2/h8/reco/6137/57_e.root, recovered key TTree:data at address 89668539
Warning in <TNetXNGFile::Init>: successfully recovered 1 keys
Warning in <TNetXNGFile::Init>: file root://eoscms.cern.ch//eos/cms/store/group/dpg_mtd/comm_mtd/TB/MTDTB_H8_Sep2023/TOFHIR2/h8/reco/6137/58_e.root probably not closed, trying to recover
Warning in <TNetXNGFile::Init>: no keys recovered, file has been made a Zombie
Error in <TNetXNGFile::TNetXNGFile>: Object is in 'zombie' state
Warning in <TFile::Init>: file /eos/cms/store/group/dpg_mtd/comm_mtd/TB/MTDTB_H8_Sep2023/TOFHIR2/h8/reco//6137/58_e.root probably not closed, trying to recover
Warning in <TFile::Init>: no keys recovered, file has been made a Zombie

 *** Break *** segmentation violation



===========================================================
There was a crash.
This is the entire stack trace of all threads:
===========================================================

Thread 15 (Thread 0x150810bf2640 (LWP 141) "drawPulseShapeT"):
#0  0x0000150828c9c39a in __futex_abstimed_wait_common () from /lib64/libc.so.6
#1  0x0000150828ca7838 in __new_sem_wait_slow64.constprop.0 () from /lib64/libc.so.6
#2  0x000015081279a586 in XrdCl::JobManager::RunJobs() () from /lib64/libXrdCl.so.3
#3  0x000015081279a62d in RunRunnerThread () from /lib64/libXrdCl.so.3
#4  0x0000150828c9f802 in start_thread () from /lib64/libc.so.6
#5  0x0000150828c3f450 in clone3 () from /lib64/libc.so.6

Thread 14 (Thread 0x150810df3640 (LWP 140) "drawPulseShapeT"):
#0  0x0000150828c9c39a in __futex_abstimed_wait_common () from /lib64/libc.so.6
#1  0x0000150828ca7838 in __new_sem_wait_slow64.constprop.0 () from /lib64/libc.so.6
#2  0x000015081279a586 in XrdCl::JobManager::RunJobs() () from /lib64/libXrdCl.so.3
#3  0x000015081279a62d in RunRunnerThread () from /lib64/libXrdCl.so.3
#4  0x0000150828c9f802 in start_thread () from /lib64/libc.so.6
#5  0x0000150828c3f450 in clone3 () from /lib64/libc.so.6

Thread 13 (Thread 0x150810ff4640 (LWP 139) "drawPulseShapeT"):
#0  0x0000150828c9c39a in __futex_abstimed_wait_common () from /lib64/libc.so.6
#1  0x0000150828ca7838 in __new_sem_wait_slow64.constprop.0 () from /lib64/libc.so.6
#2  0x000015081279a586 in XrdCl::JobManager::RunJobs() () from /lib64/libXrdCl.so.3
#3  0x000015081279a62d in RunRunnerThread () from /lib64/libXrdCl.so.3
#4  0x0000150828c9f802 in start_thread () from /lib64/libc.so.6
#5  0x0000150828c3f450 in clone3 () from /lib64/libc.so.6

Thread 12 (Thread 0x1508111f5640 (LWP 138) "drawPulseShapeT"):
#0  0x0000150828d13975 in clock_nanosleep
GLIBC_2.2.5 () from /lib64/libc.so.6
#1  0x0000150828d18527 in nanosleep () from /lib64/libc.so.6
#2  0x0000150812a7f3e0 in XrdSysTimer::Wait(int) () from /lib64/libXrdUtils.so.3
#3  0x0000150812721fad in XrdCl::TaskManager::RunTasks() () from /lib64/libXrdCl.so.3
#4  0x00001508127220fd in RunRunnerThread () from /lib64/libXrdCl.so.3
#5  0x0000150828c9f802 in start_thread () from /lib64/libc.so.6
#6  0x0000150828c3f450 in clone3 () from /lib64/libc.so.6

Thread 11 (Thread 0x1508113f6640 (LWP 137) "drawPulseShapeT"):
#0  0x0000150828d4e84e in epoll_wait () from /lib64/libc.so.6
#1  0x0000150812a77174 in XrdSys::IOEvents::PollE::Begin(XrdSysSemaphore*, int&, char const**) () from /lib64/libXrdUtils.so.3
#2  0x0000150812a73d31 in XrdSys::IOEvents::BootStrap::Start(void*) () from /lib64/libXrdUtils.so.3
#3  0x0000150812a7bb1c in XrdSysThread_Xeq () from /lib64/libXrdUtils.so.3
#4  0x0000150828c9f802 in start_thread () from /lib64/libc.so.6
#5  0x0000150828c3f450 in clone3 () from /lib64/libc.so.6

Thread 10 (Thread 0x1508115f7640 (LWP 136) "drawPulseShapeT"):
#0  0x0000150828d4e84e in epoll_wait () from /lib64/libc.so.6
#1  0x0000150812a77174 in XrdSys::IOEvents::PollE::Begin(XrdSysSemaphore*, int&, char const**) () from /lib64/libXrdUtils.so.3
#2  0x0000150812a73d31 in XrdSys::IOEvents::BootStrap::Start(void*) () from /lib64/libXrdUtils.so.3
#3  0x0000150812a7bb1c in XrdSysThread_Xeq () from /lib64/libXrdUtils.so.3
#4  0x0000150828c9f802 in start_thread () from /lib64/libc.so.6
#5  0x0000150828c3f450 in clone3 () from /lib64/libc.so.6

Thread 9 (Thread 0x1508117f8640 (LWP 135) "drawPulseShapeT"):
#0  0x0000150828d4e84e in epoll_wait () from /lib64/libc.so.6
#1  0x0000150812a77174 in XrdSys::IOEvents::PollE::Begin(XrdSysSemaphore*, int&, char const**) () from /lib64/libXrdUtils.so.3
#2  0x0000150812a73d31 in XrdSys::IOEvents::BootStrap::Start(void*) () from /lib64/libXrdUtils.so.3
#3  0x0000150812a7bb1c in XrdSysThread_Xeq () from /lib64/libXrdUtils.so.3
#4  0x0000150828c9f802 in start_thread () from /lib64/libc.so.6
#5  0x0000150828c3f450 in clone3 () from /lib64/libc.so.6

Thread 8 (Thread 0x1508119f9640 (LWP 134) "drawPulseShapeT"):
#0  0x0000150828d4e84e in epoll_wait () from /lib64/libc.so.6
#1  0x0000150812a77174 in XrdSys::IOEvents::PollE::Begin(XrdSysSemaphore*, int&, char const**) () from /lib64/libXrdUtils.so.3
#2  0x0000150812a73d31 in XrdSys::IOEvents::BootStrap::Start(void*) () from /lib64/libXrdUtils.so.3
#3  0x0000150812a7bb1c in XrdSysThread_Xeq () from /lib64/libXrdUtils.so.3
#4  0x0000150828c9f802 in start_thread () from /lib64/libc.so.6
#5  0x0000150828c3f450 in clone3 () from /lib64/libc.so.6

Thread 7 (Thread 0x150811bfa640 (LWP 133) "drawPulseShapeT"):
#0  0x0000150828d4e84e in epoll_wait () from /lib64/libc.so.6
#1  0x0000150812a77174 in XrdSys::IOEvents::PollE::Begin(XrdSysSemaphore*, int&, char const**) () from /lib64/libXrdUtils.so.3
#2  0x0000150812a73d31 in XrdSys::IOEvents::BootStrap::Start(void*) () from /lib64/libXrdUtils.so.3
#3  0x0000150812a7bb1c in XrdSysThread_Xeq () from /lib64/libXrdUtils.so.3
#4  0x0000150828c9f802 in start_thread () from /lib64/libc.so.6
#5  0x0000150828c3f450 in clone3 () from /lib64/libc.so.6

Thread 6 (Thread 0x150811dfb640 (LWP 132) "drawPulseShapeT"):
#0  0x0000150828d4e84e in epoll_wait () from /lib64/libc.so.6
#1  0x0000150812a77174 in XrdSys::IOEvents::PollE::Begin(XrdSysSemaphore*, int&, char const**) () from /lib64/libXrdUtils.so.3
#2  0x0000150812a73d31 in XrdSys::IOEvents::BootStrap::Start(void*) () from /lib64/libXrdUtils.so.3
#3  0x0000150812a7bb1c in XrdSysThread_Xeq () from /lib64/libXrdUtils.so.3
#4  0x0000150828c9f802 in start_thread () from /lib64/libc.so.6
#5  0x0000150828c3f450 in clone3 () from /lib64/libc.so.6

Thread 5 (Thread 0x150811ffc640 (LWP 131) "drawPulseShapeT"):
#0  0x0000150828d4e84e in epoll_wait () from /lib64/libc.so.6
#1  0x0000150812a77174 in XrdSys::IOEvents::PollE::Begin(XrdSysSemaphore*, int&, char const**) () from /lib64/libXrdUtils.so.3
#2  0x0000150812a73d31 in XrdSys::IOEvents::BootStrap::Start(void*) () from /lib64/libXrdUtils.so.3
#3  0x0000150812a7bb1c in XrdSysThread_Xeq () from /lib64/libXrdUtils.so.3
#4  0x0000150828c9f802 in start_thread () from /lib64/libc.so.6
#5  0x0000150828c3f450 in clone3 () from /lib64/libc.so.6

Thread 4 (Thread 0x1508121fd640 (LWP 130) "drawPulseShapeT"):
#0  0x0000150828d4e84e in epoll_wait () from /lib64/libc.so.6
#1  0x0000150812a77174 in XrdSys::IOEvents::PollE::Begin(XrdSysSemaphore*, int&, char const**) () from /lib64/libXrdUtils.so.3
#2  0x0000150812a73d31 in XrdSys::IOEvents::BootStrap::Start(void*) () from /lib64/libXrdUtils.so.3
#3  0x0000150812a7bb1c in XrdSysThread_Xeq () from /lib64/libXrdUtils.so.3
#4  0x0000150828c9f802 in start_thread () from /lib64/libc.so.6
#5  0x0000150828c3f450 in clone3 () from /lib64/libc.so.6

Thread 3 (Thread 0x1508123fe640 (LWP 129) "drawPulseShapeT"):
#0  0x0000150828d4e84e in epoll_wait () from /lib64/libc.so.6
#1  0x0000150812a77174 in XrdSys::IOEvents::PollE::Begin(XrdSysSemaphore*, int&, char const**) () from /lib64/libXrdUtils.so.3
#2  0x0000150812a73d31 in XrdSys::IOEvents::BootStrap::Start(void*) () from /lib64/libXrdUtils.so.3
#3  0x0000150812a7bb1c in XrdSysThread_Xeq () from /lib64/libXrdUtils.so.3
#4  0x0000150828c9f802 in start_thread () from /lib64/libc.so.6
#5  0x0000150828c3f450 in clone3 () from /lib64/libc.so.6

Thread 2 (Thread 0x1508125ff640 (LWP 128) "drawPulseShapeT"):
#0  0x0000150828d4e84e in epoll_wait () from /lib64/libc.so.6
#1  0x0000150812a77174 in XrdSys::IOEvents::PollE::Begin(XrdSysSemaphore*, int&, char const**) () from /lib64/libXrdUtils.so.3
#2  0x0000150812a73d31 in XrdSys::IOEvents::BootStrap::Start(void*) () from /lib64/libXrdUtils.so.3
#3  0x0000150812a7bb1c in XrdSysThread_Xeq () from /lib64/libXrdUtils.so.3
#4  0x0000150828c9f802 in start_thread () from /lib64/libc.so.6
#5  0x0000150828c3f450 in clone3 () from /lib64/libc.so.6

Thread 1 (Thread 0x150829232c40 (LWP 113) "drawPulseShapeT"):
#0  0x0000150828d1830f in wait4 () from /lib64/libc.so.6
#1  0x0000150828c61953 in do_system () from /lib64/libc.so.6
#2  0x000015082ad08c94 in TUnixSystem::StackTrace() () from /usr/lib64/root/libCore.so.6.30
#3  0x000015082ad05bb5 in TUnixSystem::DispatchSignals(ESignals) () from /usr/lib64/root/libCore.so.6.30
#4  <signal handler called>
#5  0x000000000043212d in TTree* TDirectory::Get<TTree>(char const*) ()
#6  0x00000000004305bd in TTree* TDirectoryFile::Get<TTree>(char const*) ()
#7  0x00000000004228bf in main ()
===========================================================


The lines below might hint at the cause of the crash. If you see question
marks as part of the stack trace, try to recompile with debugging information
enabled and export CLING_DEBUG=1 environment variable before running.
You may get help by asking at the ROOT forum https://root.cern/forum
preferably using the command (.forum bug) in the ROOT prompt.
Only if you are really convinced it is a bug in ROOT then please submit a
report at https://root.cern/bugs or (preferably) using the command (.gh bug) in
the ROOT prompt. Please post the ENTIRE stack trace
from above as an attachment in addition to anything else
that might help us fixing this issue.
===========================================================
#5  0x000000000043212d in TTree* TDirectory::Get<TTree>(char const*) ()
#6  0x00000000004305bd in TTree* TDirectoryFile::Get<TTree>(char const*) ()
#7  0x00000000004228bf in main ()
===========================================================


