000 (15148591.066.000) 09/26 23:15:32 Job submitted from host: <188.184.90.241:9618?addrs=188.184.90.241-9618+[2001-1458-201-e4--100-2eb]-9618&alias=bigbird15.cern.ch&noUDP&sock=schedd_2763_c443>
...
040 (15148591.066.000) 09/26 23:30:39 Started transferring input files
	Transferring to host: <128.142.137.104:9618?addrs=128.142.137.104-9618+[2001-1458-301-5e--100-5c]-9618&alias=b7g19p1547.cern.ch&noUDP&sock=slot1_3_4390_e6ec_14826>
...
040 (15148591.066.000) 09/26 23:30:39 Finished transferring input files
...
001 (15148591.066.000) 09/26 23:30:40 Job executing on host: <128.142.137.104:9618?addrs=128.142.137.104-9618+[2001-1458-301-5e--100-5c]-9618&alias=b7g19p1547.cern.ch&noUDP&sock=startd_3094_ce1c>
...
006 (15148591.066.000) 09/26 23:30:49 Image size of job updated: 53908
	53  -  MemoryUsage of job (MB)
	53788  -  ResidentSetSize of job (KB)
...
006 (15148591.066.000) 09/26 23:35:49 Image size of job updated: 1070248
	496  -  MemoryUsage of job (MB)
	507100  -  ResidentSetSize of job (KB)
...
006 (15148591.066.000) 09/26 23:40:49 Image size of job updated: 3587672
	496  -  MemoryUsage of job (MB)
	507100  -  ResidentSetSize of job (KB)
...
006 (15148591.066.000) 09/26 23:45:50 Image size of job updated: 3834172
	496  -  MemoryUsage of job (MB)
	507100  -  ResidentSetSize of job (KB)
...
006 (15148591.066.000) 09/26 23:50:50 Image size of job updated: 3899428
	496  -  MemoryUsage of job (MB)
	507100  -  ResidentSetSize of job (KB)
...
006 (15148591.066.000) 09/26 23:52:35 Image size of job updated: 3915512
	496  -  MemoryUsage of job (MB)
	507100  -  ResidentSetSize of job (KB)
...
040 (15148591.066.000) 09/26 23:52:35 Started transferring output files
...
040 (15148591.066.000) 09/26 23:52:35 Finished transferring output files
...
005 (15148591.066.000) 09/26 23:52:35 Job terminated.
	(1) Normal termination (return value 0)
		Usr 0 00:08:27, Sys 0 00:00:18  -  Run Remote Usage
		Usr 0 00:00:00, Sys 0 00:00:00  -  Run Local Usage
		Usr 0 00:08:27, Sys 0 00:00:18  -  Total Remote Usage
		Usr 0 00:00:00, Sys 0 00:00:00  -  Total Local Usage
	77991  -  Run Bytes Sent By Job
	323  -  Run Bytes Received By Job
	77991  -  Total Bytes Sent By Job
	323  -  Total Bytes Received By Job
	Partitionable Resources :    Usage  Request Allocated 
	   Cpus                 :     0.32        1         1 
	   Disk (KB)            :    97           1   1534727 
	   Memory (MB)          :   496        2000      2000 

	Job terminated of its own accord at 2023-09-26T21:52:35Z.
...
