000 (14858748.005.000) 06/22 16:47:12 Job submitted from host: <188.184.90.241:9618?addrs=188.184.90.241-9618+[2001-1458-201-e4--100-2eb]-9618&alias=bigbird15.cern.ch&noUDP&sock=schedd_1460210_2ef4>
...
040 (14858748.005.000) 06/22 17:01:42 Started transferring input files
	Transferring to host: <188.184.163.77:9618?addrs=188.184.163.77-9618+[2001-1458-301-4d--100-47]-9618&alias=b7s12p4787.cern.ch&noUDP&sock=slot1_11_18084_9058_83812>
...
040 (14858748.005.000) 06/22 17:01:42 Finished transferring input files
...
001 (14858748.005.000) 06/22 17:01:43 Job executing on host: <188.184.163.77:9618?addrs=188.184.163.77-9618+[2001-1458-301-4d--100-47]-9618&alias=b7s12p4787.cern.ch&noUDP&sock=startd_18046_a22b>
...
006 (14858748.005.000) 06/22 17:01:51 Image size of job updated: 538076
	47  -  MemoryUsage of job (MB)
	48024  -  ResidentSetSize of job (KB)
...
006 (14858748.005.000) 06/22 17:06:51 Image size of job updated: 869248
	349  -  MemoryUsage of job (MB)
	356636  -  ResidentSetSize of job (KB)
...
006 (14858748.005.000) 06/22 17:11:52 Image size of job updated: 1053268
	528  -  MemoryUsage of job (MB)
	540660  -  ResidentSetSize of job (KB)
...
006 (14858748.005.000) 06/22 17:16:53 Image size of job updated: 1242592
	713  -  MemoryUsage of job (MB)
	730024  -  ResidentSetSize of job (KB)
...
006 (14858748.005.000) 06/22 17:21:53 Image size of job updated: 1405528
	873  -  MemoryUsage of job (MB)
	892960  -  ResidentSetSize of job (KB)
...
006 (14858748.005.000) 06/22 17:26:54 Image size of job updated: 1571076
	1040  -  MemoryUsage of job (MB)
	1064848  -  ResidentSetSize of job (KB)
...
006 (14858748.005.000) 06/22 17:31:55 Image size of job updated: 1816080
	1273  -  MemoryUsage of job (MB)
	1303512  -  ResidentSetSize of job (KB)
...
006 (14858748.005.000) 06/22 17:36:55 Image size of job updated: 1991740
	1445  -  MemoryUsage of job (MB)
	1479172  -  ResidentSetSize of job (KB)
...
006 (14858748.005.000) 06/22 17:41:56 Image size of job updated: 2119224
	1594  -  MemoryUsage of job (MB)
	1631684  -  ResidentSetSize of job (KB)
...
006 (14858748.005.000) 06/22 17:46:57 Image size of job updated: 2312840
	1750  -  MemoryUsage of job (MB)
	1791944  -  ResidentSetSize of job (KB)
...
006 (14858748.005.000) 06/22 17:51:57 Image size of job updated: 2520872
	1937  -  MemoryUsage of job (MB)
	1983436  -  ResidentSetSize of job (KB)
...
006 (14858748.005.000) 06/22 17:56:58 Image size of job updated: 2707268
	2144  -  MemoryUsage of job (MB)
	2194700  -  ResidentSetSize of job (KB)
...
006 (14858748.005.000) 06/22 18:01:59 Image size of job updated: 5239320
	4594  -  MemoryUsage of job (MB)
	4704192  -  ResidentSetSize of job (KB)
...
006 (14858748.005.000) 06/22 18:06:24 Image size of job updated: 5340548
	4594  -  MemoryUsage of job (MB)
	4704192  -  ResidentSetSize of job (KB)
...
040 (14858748.005.000) 06/22 18:06:24 Started transferring output files
...
040 (14858748.005.000) 06/22 18:06:24 Finished transferring output files
...
005 (14858748.005.000) 06/22 18:06:24 Job terminated.
	(1) Normal termination (return value 0)
		Usr 0 00:56:16, Sys 0 00:00:19  -  Run Remote Usage
		Usr 0 00:00:00, Sys 0 00:00:00  -  Run Local Usage
		Usr 0 00:56:16, Sys 0 00:00:19  -  Total Remote Usage
		Usr 0 00:00:00, Sys 0 00:00:00  -  Total Local Usage
	502456  -  Run Bytes Sent By Job
	269  -  Run Bytes Received By Job
	502456  -  Total Bytes Sent By Job
	269  -  Total Bytes Received By Job
	Partitionable Resources :    Usage  Request Allocated 
	   Cpus                 :     0.90        1         1 
	   Disk (KB)            :   512           1   2981224 
	   Memory (MB)          :  4594        2000      2000 

	Job terminated of its own accord at 2023-06-22T16:06:24Z.
...
