000 (14832095.221.000) 06/12 15:17:58 Job submitted from host: <188.184.90.241:9618?addrs=188.184.90.241-9618+[2001-1458-201-e4--100-2eb]-9618&alias=bigbird15.cern.ch&noUDP&sock=schedd_1460210_2ef4>
...
040 (14832095.221.000) 06/12 15:20:53 Started transferring input files
	Transferring to host: <128.142.131.128:9618?addrs=128.142.131.128-9618+[2001-1458-301-59--100-74]-9618&alias=b7g11p7265.cern.ch&noUDP&sock=slot1_24_4211_c7c4_15563>
...
040 (14832095.221.000) 06/12 15:20:53 Finished transferring input files
...
001 (14832095.221.000) 06/12 15:20:54 Job executing on host: <128.142.131.128:9618?addrs=128.142.131.128-9618+[2001-1458-301-59--100-74]-9618&alias=b7g11p7265.cern.ch&noUDP&sock=startd_3028_88dc>
...
006 (14832095.221.000) 06/12 15:21:03 Image size of job updated: 554136
	47  -  MemoryUsage of job (MB)
	47688  -  ResidentSetSize of job (KB)
...
006 (14832095.221.000) 06/12 15:26:04 Image size of job updated: 1476380
	865  -  MemoryUsage of job (MB)
	885596  -  ResidentSetSize of job (KB)
...
006 (14832095.221.000) 06/12 15:31:04 Image size of job updated: 1501380
	865  -  MemoryUsage of job (MB)
	885596  -  ResidentSetSize of job (KB)
...
006 (14832095.221.000) 06/12 15:41:05 Image size of job updated: 4025584
	865  -  MemoryUsage of job (MB)
	885596  -  ResidentSetSize of job (KB)
...
006 (14832095.221.000) 06/12 15:51:05 Image size of job updated: 4071928
	865  -  MemoryUsage of job (MB)
	885596  -  ResidentSetSize of job (KB)
...
006 (14832095.221.000) 06/12 15:56:06 Image size of job updated: 4309188
	865  -  MemoryUsage of job (MB)
	885596  -  ResidentSetSize of job (KB)
...
006 (14832095.221.000) 06/12 16:01:07 Image size of job updated: 4320088
	865  -  MemoryUsage of job (MB)
	885596  -  ResidentSetSize of job (KB)
...
006 (14832095.221.000) 06/12 16:06:07 Image size of job updated: 4388852
	865  -  MemoryUsage of job (MB)
	885596  -  ResidentSetSize of job (KB)
...
006 (14832095.221.000) 06/12 16:08:34 Image size of job updated: 4401716
	865  -  MemoryUsage of job (MB)
	885596  -  ResidentSetSize of job (KB)
...
040 (14832095.221.000) 06/12 16:08:34 Started transferring output files
...
040 (14832095.221.000) 06/12 16:08:34 Finished transferring output files
...
005 (14832095.221.000) 06/12 16:08:34 Job terminated.
	(1) Normal termination (return value 0)
		Usr 0 00:10:09, Sys 0 00:00:30  -  Run Remote Usage
		Usr 0 00:00:00, Sys 0 00:00:00  -  Run Local Usage
		Usr 0 00:10:09, Sys 0 00:00:30  -  Total Remote Usage
		Usr 0 00:00:00, Sys 0 00:00:00  -  Total Local Usage
	103285  -  Run Bytes Sent By Job
	323  -  Run Bytes Received By Job
	103285  -  Total Bytes Sent By Job
	323  -  Total Bytes Received By Job
	Partitionable Resources :    Usage  Request Allocated 
	   Cpus                 :     0.08        1         1 
	   Disk (KB)            :   122           1   1563497 
	   Memory (MB)          :   865        2000      2000 

	Job terminated of its own accord at 2023-06-12T14:08:34Z.
...
