000 (15155243.028.000) 10/07 13:26:29 Job submitted from host: <188.184.90.241:9618?addrs=188.184.90.241-9618+[2001-1458-201-e4--100-2eb]-9618&alias=bigbird15.cern.ch&noUDP&sock=schedd_2763_c443>
...
040 (15155243.028.000) 10/07 13:31:56 Started transferring input files
	Transferring to host: <128.142.137.111:9618?addrs=128.142.137.111-9618+[2001-1458-301-5e--100-63]-9618&alias=b7g19p9667.cern.ch&noUDP&sock=slot1_15_4387_c9cb_191274>
...
040 (15155243.028.000) 10/07 13:31:56 Finished transferring input files
...
001 (15155243.028.000) 10/07 13:31:57 Job executing on host: <128.142.137.111:9618?addrs=128.142.137.111-9618+[2001-1458-301-5e--100-63]-9618&alias=b7g19p9667.cern.ch&noUDP&sock=startd_3226_589d>
...
006 (15155243.028.000) 10/07 13:32:06 Image size of job updated: 53324
	52  -  MemoryUsage of job (MB)
	52924  -  ResidentSetSize of job (KB)
...
006 (15155243.028.000) 10/07 13:37:07 Image size of job updated: 878708
	357  -  MemoryUsage of job (MB)
	364848  -  ResidentSetSize of job (KB)
...
006 (15155243.028.000) 10/07 13:42:07 Image size of job updated: 1223360
	690  -  MemoryUsage of job (MB)
	706228  -  ResidentSetSize of job (KB)
...
006 (15155243.028.000) 10/07 13:47:07 Image size of job updated: 1556552
	998  -  MemoryUsage of job (MB)
	1021924  -  ResidentSetSize of job (KB)
...
006 (15155243.028.000) 10/07 13:52:09 Image size of job updated: 1609260
	998  -  MemoryUsage of job (MB)
	1021924  -  ResidentSetSize of job (KB)
...
006 (15155243.028.000) 10/07 13:57:09 Image size of job updated: 4145152
	998  -  MemoryUsage of job (MB)
	1021924  -  ResidentSetSize of job (KB)
...
006 (15155243.028.000) 10/07 14:02:09 Image size of job updated: 4426232
	998  -  MemoryUsage of job (MB)
	1021924  -  ResidentSetSize of job (KB)
...
006 (15155243.028.000) 10/07 14:07:10 Image size of job updated: 4486128
	998  -  MemoryUsage of job (MB)
	1021924  -  ResidentSetSize of job (KB)
...
006 (15155243.028.000) 10/07 14:11:45 Image size of job updated: 4522352
	998  -  MemoryUsage of job (MB)
	1021924  -  ResidentSetSize of job (KB)
...
040 (15155243.028.000) 10/07 14:11:45 Started transferring output files
...
040 (15155243.028.000) 10/07 14:11:45 Finished transferring output files
...
005 (15155243.028.000) 10/07 14:11:45 Job terminated.
	(1) Normal termination (return value 0)
		Usr 0 00:23:35, Sys 0 00:00:53  -  Run Remote Usage
		Usr 0 00:00:00, Sys 0 00:00:00  -  Run Local Usage
		Usr 0 00:23:35, Sys 0 00:00:53  -  Total Remote Usage
		Usr 0 00:00:00, Sys 0 00:00:00  -  Total Local Usage
	102818  -  Run Bytes Sent By Job
	323  -  Run Bytes Received By Job
	102818  -  Total Bytes Sent By Job
	323  -  Total Bytes Received By Job
	Partitionable Resources :    Usage  Request Allocated 
	   Cpus                 :     1.00        1         1 
	   Disk (KB)            :   122           1   1531489 
	   Memory (MB)          :   998        2000      2000 

	Job terminated of its own accord at 2023-10-07T12:11:45Z.
...
