000 (15159766.044.000) 10/09 11:47:56 Job submitted from host: <188.184.90.241:9618?addrs=188.184.90.241-9618+[2001-1458-201-e4--100-2eb]-9618&alias=bigbird15.cern.ch&noUDP&sock=schedd_2763_c443>
...
040 (15159766.044.000) 10/09 14:24:31 Started transferring input files
	Transferring to host: <188.184.163.109:9618?addrs=188.184.163.109-9618+[2001-1458-301-4d--100-67]-9618&alias=b7s12p9144.cern.ch&noUDP&sock=slot1_8_22639_f932_135214>
...
040 (15159766.044.000) 10/09 14:24:31 Finished transferring input files
...
001 (15159766.044.000) 10/09 14:24:32 Job executing on host: <188.184.163.109:9618?addrs=188.184.163.109-9618+[2001-1458-301-4d--100-67]-9618&alias=b7s12p9144.cern.ch&noUDP&sock=startd_3264_6936>
...
006 (15159766.044.000) 10/09 14:24:41 Image size of job updated: 124796
	120  -  MemoryUsage of job (MB)
	122440  -  ResidentSetSize of job (KB)
...
006 (15159766.044.000) 10/09 14:27:02 Image size of job updated: 919384
	120  -  MemoryUsage of job (MB)
	122440  -  ResidentSetSize of job (KB)
...
040 (15159766.044.000) 10/09 14:27:02 Started transferring output files
...
040 (15159766.044.000) 10/09 14:27:02 Finished transferring output files
...
005 (15159766.044.000) 10/09 14:27:02 Job terminated.
	(1) Normal termination (return value 0)
		Usr 0 00:00:12, Sys 0 00:00:01  -  Run Remote Usage
		Usr 0 00:00:00, Sys 0 00:00:00  -  Run Local Usage
		Usr 0 00:00:12, Sys 0 00:00:01  -  Total Remote Usage
		Usr 0 00:00:00, Sys 0 00:00:00  -  Total Local Usage
	10559  -  Run Bytes Sent By Job
	374  -  Run Bytes Received By Job
	10559  -  Total Bytes Sent By Job
	374  -  Total Bytes Received By Job
	Partitionable Resources :    Usage  Request Allocated 
	   Cpus                 :                 1         1 
	   Disk (KB)            :       24        1   3059202 
	   Memory (MB)          :      120     2000      2000 

	Job terminated of its own accord at 2023-10-09T12:27:02Z.
...
