000 (15271413.190.000) 12/18 14:02:23 Job submitted from host: <188.184.90.241:9618?addrs=188.184.90.241-9618+[2001-1458-201-e4--100-2eb]-9618&alias=bigbird15.cern.ch&noUDP&sock=schedd_2763_c443>
...
040 (15271413.190.000) 12/18 14:06:52 Started transferring input files
	Transferring to host: <188.184.165.218:9618?addrs=188.184.165.218-9618+[2001-1458-301-51--100-d5]-9618&alias=b9s14p5607.cern.ch&noUDP&sock=slot1_8_3510_dcc8_9792>
...
040 (15271413.190.000) 12/18 14:06:52 Finished transferring input files
...
001 (15271413.190.000) 12/18 14:06:53 Job executing on host: <188.184.165.218:9618?addrs=188.184.165.218-9618+[2001-1458-301-51--100-d5]-9618&alias=b9s14p5607.cern.ch&noUDP&sock=startd_3461_895e>
...
006 (15271413.190.000) 12/18 14:07:01 Image size of job updated: 455312
	420  -  MemoryUsage of job (MB)
	429136  -  ResidentSetSize of job (KB)
...
006 (15271413.190.000) 12/18 14:12:01 Image size of job updated: 890888
	868  -  MemoryUsage of job (MB)
	887816  -  ResidentSetSize of job (KB)
...
006 (15271413.190.000) 12/18 14:14:56 Image size of job updated: 3015080
	868  -  MemoryUsage of job (MB)
	887816  -  ResidentSetSize of job (KB)
...
040 (15271413.190.000) 12/18 14:14:56 Started transferring output files
...
040 (15271413.190.000) 12/18 14:14:56 Finished transferring output files
...
005 (15271413.190.000) 12/18 14:14:56 Job terminated.
	(1) Normal termination (return value 0)
		Usr 0 00:06:38, Sys 0 00:00:05  -  Run Remote Usage
		Usr 0 00:00:00, Sys 0 00:00:00  -  Run Local Usage
		Usr 0 00:06:38, Sys 0 00:00:05  -  Total Remote Usage
		Usr 0 00:00:00, Sys 0 00:00:00  -  Total Local Usage
	132645  -  Run Bytes Sent By Job
	269  -  Run Bytes Received By Job
	132645  -  Total Bytes Sent By Job
	269  -  Total Bytes Received By Job
	Partitionable Resources :    Usage  Request Allocated 
	   Cpus                 :     0.94        1         1 
	   Disk (KB)            :   174           1   2949577 
	   Memory (MB)          :   868        2000      2000 

	Job terminated of its own accord at 2023-12-18T13:14:56Z.
...
