000 (14832095.085.000) 06/12 15:17:57 Job submitted from host: <188.184.90.241:9618?addrs=188.184.90.241-9618+[2001-1458-201-e4--100-2eb]-9618&alias=bigbird15.cern.ch&noUDP&sock=schedd_1460210_2ef4>
...
040 (14832095.085.000) 06/12 15:20:03 Started transferring input files
	Transferring to host: <188.184.160.86:9618?addrs=188.184.160.86-9618+[2001-1458-301-48--100-50]-9618&alias=b7s09p7478.cern.ch&noUDP&sock=slot1_29_119889_6564_90414>
...
040 (14832095.085.000) 06/12 15:20:03 Finished transferring input files
...
001 (14832095.085.000) 06/12 15:20:04 Job executing on host: <188.184.160.86:9618?addrs=188.184.160.86-9618+[2001-1458-301-48--100-50]-9618&alias=b7s09p7478.cern.ch&noUDP&sock=startd_87521_b46d>
...
006 (14832095.085.000) 06/12 15:20:12 Image size of job updated: 48228
	47  -  MemoryUsage of job (MB)
	47684  -  ResidentSetSize of job (KB)
...
006 (14832095.085.000) 06/12 15:25:12 Image size of job updated: 1615860
	1102  -  MemoryUsage of job (MB)
	1127500  -  ResidentSetSize of job (KB)
...
006 (14832095.085.000) 06/12 15:30:13 Image size of job updated: 1865924
	1297  -  MemoryUsage of job (MB)
	1327700  -  ResidentSetSize of job (KB)
...
006 (14832095.085.000) 06/12 15:45:14 Image size of job updated: 4039348
	1297  -  MemoryUsage of job (MB)
	1327700  -  ResidentSetSize of job (KB)
...
006 (14832095.085.000) 06/12 15:50:15 Image size of job updated: 4318520
	1297  -  MemoryUsage of job (MB)
	1327700  -  ResidentSetSize of job (KB)
...
006 (14832095.085.000) 06/12 15:55:16 Image size of job updated: 4330372
	1297  -  MemoryUsage of job (MB)
	1327700  -  ResidentSetSize of job (KB)
...
006 (14832095.085.000) 06/12 16:00:16 Image size of job updated: 4392672
	1297  -  MemoryUsage of job (MB)
	1327700  -  ResidentSetSize of job (KB)
...
006 (14832095.085.000) 06/12 16:05:16 Image size of job updated: 4409224
	1297  -  MemoryUsage of job (MB)
	1327700  -  ResidentSetSize of job (KB)
...
006 (14832095.085.000) 06/12 16:06:33 Image size of job updated: 4415588
	1297  -  MemoryUsage of job (MB)
	1327700  -  ResidentSetSize of job (KB)
...
040 (14832095.085.000) 06/12 16:06:33 Started transferring output files
...
040 (14832095.085.000) 06/12 16:06:33 Finished transferring output files
...
005 (14832095.085.000) 06/12 16:06:33 Job terminated.
	(1) Normal termination (return value 0)
		Usr 0 00:11:21, Sys 0 00:00:48  -  Run Remote Usage
		Usr 0 00:00:00, Sys 0 00:00:00  -  Run Local Usage
		Usr 0 00:11:21, Sys 0 00:00:48  -  Total Remote Usage
		Usr 0 00:00:00, Sys 0 00:00:00  -  Total Local Usage
	120116  -  Run Bytes Sent By Job
	323  -  Run Bytes Received By Job
	120116  -  Total Bytes Sent By Job
	323  -  Total Bytes Received By Job
	Partitionable Resources :    Usage  Request Allocated 
	   Cpus                 :     0.05        1         1 
	   Disk (KB)            :   139           1   3025492 
	   Memory (MB)          :  1297        2000      2000 

	Job terminated of its own accord at 2023-06-12T14:06:33Z.
...
