000 (15159756.005.000) 10/09 09:27:43 Job submitted from host: <188.184.90.241:9618?addrs=188.184.90.241-9618+[2001-1458-201-e4--100-2eb]-9618&alias=bigbird15.cern.ch&noUDP&sock=schedd_2763_c443>
...
040 (15159756.005.000) 10/09 11:14:43 Started transferring input files
	Transferring to host: <128.142.56.40:9618?addrs=128.142.56.40-9618+[2001-1458-301-6--100-27]-9618&alias=b7s01p4299.cern.ch&noUDP&sock=slot1_20_3134_efb9_173254>
...
040 (15159756.005.000) 10/09 11:14:43 Finished transferring input files
...
001 (15159756.005.000) 10/09 11:14:44 Job executing on host: <128.142.56.40:9618?addrs=128.142.56.40-9618+[2001-1458-301-6--100-27]-9618&alias=b7s01p4299.cern.ch&noUDP&sock=startd_2765_2374>
...
006 (15159756.005.000) 10/09 11:14:52 Image size of job updated: 624640
	59  -  MemoryUsage of job (MB)
	60260  -  ResidentSetSize of job (KB)
...
006 (15159756.005.000) 10/09 11:19:52 Image size of job updated: 942708
	446  -  MemoryUsage of job (MB)
	456176  -  ResidentSetSize of job (KB)
...
006 (15159756.005.000) 10/09 11:23:54 Image size of job updated: 3374380
	446  -  MemoryUsage of job (MB)
	456176  -  ResidentSetSize of job (KB)
...
040 (15159756.005.000) 10/09 11:23:54 Started transferring output files
...
040 (15159756.005.000) 10/09 11:23:54 Finished transferring output files
...
005 (15159756.005.000) 10/09 11:23:54 Job terminated.
	(1) Normal termination (return value 0)
		Usr 0 00:07:59, Sys 0 00:00:06  -  Run Remote Usage
		Usr 0 00:00:00, Sys 0 00:00:00  -  Run Local Usage
		Usr 0 00:07:59, Sys 0 00:00:06  -  Total Remote Usage
		Usr 0 00:00:00, Sys 0 00:00:00  -  Total Local Usage
	157767  -  Run Bytes Sent By Job
	269  -  Run Bytes Received By Job
	157767  -  Total Bytes Sent By Job
	269  -  Total Bytes Received By Job
	Partitionable Resources :    Usage  Request Allocated 
	   Cpus                 :                 1         1 
	   Disk (KB)            :      168        1   1294145 
	   Memory (MB)          :      446     2000      2000 

	Job terminated of its own accord at 2023-10-09T09:23:54Z.
...
