000 (15155256.023.000) 10/07 14:35:52 Job submitted from host: <188.184.90.241:9618?addrs=188.184.90.241-9618+[2001-1458-201-e4--100-2eb]-9618&alias=bigbird15.cern.ch&noUDP&sock=schedd_2763_c443>
...
040 (15155256.023.000) 10/07 14:37:56 Started transferring input files
	Transferring to host: <128.142.56.125:9618?addrs=128.142.56.125-9618+[2001-1458-301-6--100-7c]-9618&alias=b7s01p8598.cern.ch&noUDP&sock=slot1_26_6977_ad75_146533>
...
040 (15155256.023.000) 10/07 14:37:56 Finished transferring input files
...
001 (15155256.023.000) 10/07 14:37:57 Job executing on host: <128.142.56.125:9618?addrs=128.142.56.125-9618+[2001-1458-301-6--100-7c]-9618&alias=b7s01p8598.cern.ch&noUDP&sock=startd_5515_68e5>
...
006 (15155256.023.000) 10/07 14:38:06 Image size of job updated: 689064
	86  -  MemoryUsage of job (MB)
	87100  -  ResidentSetSize of job (KB)
...
006 (15155256.023.000) 10/07 14:43:08 Image size of job updated: 1134064
	609  -  MemoryUsage of job (MB)
	623140  -  ResidentSetSize of job (KB)
...
006 (15155256.023.000) 10/07 14:48:08 Image size of job updated: 1212980
	609  -  MemoryUsage of job (MB)
	623148  -  ResidentSetSize of job (KB)
...
006 (15155256.023.000) 10/07 14:53:08 Image size of job updated: 4124952
	609  -  MemoryUsage of job (MB)
	623148  -  ResidentSetSize of job (KB)
...
006 (15155256.023.000) 10/07 14:58:09 Image size of job updated: 4370760
	609  -  MemoryUsage of job (MB)
	623148  -  ResidentSetSize of job (KB)
...
006 (15155256.023.000) 10/07 15:03:10 Image size of job updated: 4448984
	609  -  MemoryUsage of job (MB)
	623148  -  ResidentSetSize of job (KB)
...
006 (15155256.023.000) 10/07 15:03:27 Image size of job updated: 4450608
	609  -  MemoryUsage of job (MB)
	623148  -  ResidentSetSize of job (KB)
...
040 (15155256.023.000) 10/07 15:03:28 Started transferring output files
...
040 (15155256.023.000) 10/07 15:03:28 Finished transferring output files
...
005 (15155256.023.000) 10/07 15:03:28 Job terminated.
	(1) Normal termination (return value 0)
		Usr 0 00:10:38, Sys 0 00:00:19  -  Run Remote Usage
		Usr 0 00:00:00, Sys 0 00:00:00  -  Run Local Usage
		Usr 0 00:10:38, Sys 0 00:00:19  -  Total Remote Usage
		Usr 0 00:00:00, Sys 0 00:00:00  -  Total Local Usage
	99651  -  Run Bytes Sent By Job
	323  -  Run Bytes Received By Job
	99651  -  Total Bytes Sent By Job
	323  -  Total Bytes Received By Job
	Partitionable Resources :    Usage  Request Allocated 
	   Cpus                 :     0.08        1         1 
	   Disk (KB)            :   119           1   1250555 
	   Memory (MB)          :   609        2000      2000 

	Job terminated of its own accord at 2023-10-07T13:03:27Z.
...
