000 (14839060.013.000) 06/21 14:44:36 Job submitted from host: <188.184.90.241:9618?addrs=188.184.90.241-9618+[2001-1458-201-e4--100-2eb]-9618&alias=bigbird15.cern.ch&noUDP&sock=schedd_1460210_2ef4>
...
040 (14839060.013.000) 06/21 14:57:12 Started transferring input files
	Transferring to host: <128.142.137.117:9618?addrs=128.142.137.117-9618+[2001-1458-301-5e--100-69]-9618&alias=b7g19p0613.cern.ch&noUDP&sock=slot1_7_4360_c3aa_75437>
...
040 (14839060.013.000) 06/21 14:57:12 Finished transferring input files
...
001 (14839060.013.000) 06/21 14:57:13 Job executing on host: <128.142.137.117:9618?addrs=128.142.137.117-9618+[2001-1458-301-5e--100-69]-9618&alias=b7g19p0613.cern.ch&noUDP&sock=startd_3087_00f3>
...
006 (14839060.013.000) 06/21 14:57:21 Image size of job updated: 554356
	48  -  MemoryUsage of job (MB)
	48184  -  ResidentSetSize of job (KB)
...
006 (14839060.013.000) 06/21 15:02:21 Image size of job updated: 863992
	351  -  MemoryUsage of job (MB)
	358496  -  ResidentSetSize of job (KB)
...
006 (14839060.013.000) 06/21 15:07:22 Image size of job updated: 1083716
	564  -  MemoryUsage of job (MB)
	577080  -  ResidentSetSize of job (KB)
...
006 (14839060.013.000) 06/21 15:12:23 Image size of job updated: 1305508
	781  -  MemoryUsage of job (MB)
	798936  -  ResidentSetSize of job (KB)
...
006 (14839060.013.000) 06/21 15:17:23 Image size of job updated: 1520616
	991  -  MemoryUsage of job (MB)
	1014188  -  ResidentSetSize of job (KB)
...
006 (14839060.013.000) 06/21 15:22:24 Image size of job updated: 1737864
	1203  -  MemoryUsage of job (MB)
	1230956  -  ResidentSetSize of job (KB)
...
006 (14839060.013.000) 06/21 15:27:25 Image size of job updated: 1927744
	1394  -  MemoryUsage of job (MB)
	1426560  -  ResidentSetSize of job (KB)
...
006 (14839060.013.000) 06/21 15:32:25 Image size of job updated: 2135192
	1596  -  MemoryUsage of job (MB)
	1633920  -  ResidentSetSize of job (KB)
...
006 (14839060.013.000) 06/21 15:37:25 Image size of job updated: 2339764
	1795  -  MemoryUsage of job (MB)
	1837484  -  ResidentSetSize of job (KB)
...
006 (14839060.013.000) 06/21 15:42:26 Image size of job updated: 2546228
	1997  -  MemoryUsage of job (MB)
	2044452  -  ResidentSetSize of job (KB)
...
006 (14839060.013.000) 06/21 15:47:26 Image size of job updated: 2787824
	2228  -  MemoryUsage of job (MB)
	2280916  -  ResidentSetSize of job (KB)
...
006 (14839060.013.000) 06/21 15:52:26 Image size of job updated: 2947988
	2388  -  MemoryUsage of job (MB)
	2444956  -  ResidentSetSize of job (KB)
...
006 (14839060.013.000) 06/21 15:57:27 Image size of job updated: 3156692
	2589  -  MemoryUsage of job (MB)
	2650168  -  ResidentSetSize of job (KB)
...
006 (14839060.013.000) 06/21 16:02:27 Image size of job updated: 3364456
	2794  -  MemoryUsage of job (MB)
	2860668  -  ResidentSetSize of job (KB)
...
006 (14839060.013.000) 06/21 16:07:27 Image size of job updated: 3583568
	3005  -  MemoryUsage of job (MB)
	3076660  -  ResidentSetSize of job (KB)
...
006 (14839060.013.000) 06/21 16:12:28 Image size of job updated: 3790284
	3217  -  MemoryUsage of job (MB)
	3294204  -  ResidentSetSize of job (KB)
...
006 (14839060.013.000) 06/21 16:17:29 Image size of job updated: 4020692
	3440  -  MemoryUsage of job (MB)
	3521576  -  ResidentSetSize of job (KB)
...
006 (14839060.013.000) 06/21 16:22:29 Image size of job updated: 4245408
	3656  -  MemoryUsage of job (MB)
	3743152  -  ResidentSetSize of job (KB)
...
006 (14839060.013.000) 06/21 16:27:30 Image size of job updated: 4463168
	3870  -  MemoryUsage of job (MB)
	3961860  -  ResidentSetSize of job (KB)
...
006 (14839060.013.000) 06/21 16:32:31 Image size of job updated: 4695100
	4091  -  MemoryUsage of job (MB)
	4188192  -  ResidentSetSize of job (KB)
...
006 (14839060.013.000) 06/21 16:37:31 Image size of job updated: 4906048
	4300  -  MemoryUsage of job (MB)
	4402284  -  ResidentSetSize of job (KB)
...
006 (14839060.013.000) 06/21 16:42:32 Image size of job updated: 5135232
	4522  -  MemoryUsage of job (MB)
	4629860  -  ResidentSetSize of job (KB)
...
006 (14839060.013.000) 06/21 16:47:33 Image size of job updated: 5340520
	4731  -  MemoryUsage of job (MB)
	4843540  -  ResidentSetSize of job (KB)
...
006 (14839060.013.000) 06/21 16:52:33 Image size of job updated: 5570372
	4955  -  MemoryUsage of job (MB)
	5073428  -  ResidentSetSize of job (KB)
...
006 (14839060.013.000) 06/21 16:57:17 Image size of job updated: 5776012
	4955  -  MemoryUsage of job (MB)
	5073432  -  ResidentSetSize of job (KB)
...
040 (14839060.013.000) 06/21 16:57:17 Started transferring output files
...
040 (14839060.013.000) 06/21 16:57:17 Finished transferring output files
...
009 (14839060.013.000) 06/21 16:57:18 Job was aborted.
	Job removed by SYSTEM_PERIODIC_REMOVE due to wall time exceeded allowed max.
...
