000 (15271413.033.000) 12/18 14:02:22 Job submitted from host: <188.184.90.241:9618?addrs=188.184.90.241-9618+[2001-1458-201-e4--100-2eb]-9618&alias=bigbird15.cern.ch&noUDP&sock=schedd_2763_c443>
...
040 (15271413.033.000) 12/18 14:05:59 Started transferring input files
	Transferring to host: <188.184.184.128:9618?addrs=188.184.184.128-9618+[2001-1458-301-4f--100-80]-9618&alias=b9g36p9978.cern.ch&noUDP&sock=slot1_6_6925_09f3_122809>
...
040 (15271413.033.000) 12/18 14:05:59 Finished transferring input files
...
001 (15271413.033.000) 12/18 14:06:00 Job executing on host: <188.184.184.128:9618?addrs=188.184.184.128-9618+[2001-1458-301-4f--100-80]-9618&alias=b9g36p9978.cern.ch&noUDP&sock=startd_6414_0c8a>
...
006 (15271413.033.000) 12/18 14:06:09 Image size of job updated: 326100
	319  -  MemoryUsage of job (MB)
	326100  -  ResidentSetSize of job (KB)
...
006 (15271413.033.000) 12/18 14:11:09 Image size of job updated: 658556
	644  -  MemoryUsage of job (MB)
	658556  -  ResidentSetSize of job (KB)
...
006 (15271413.033.000) 12/18 14:16:09 Image size of job updated: 1090952
	1066  -  MemoryUsage of job (MB)
	1090952  -  ResidentSetSize of job (KB)
...
006 (15271413.033.000) 12/18 14:21:10 Image size of job updated: 3702708
	3616  -  MemoryUsage of job (MB)
	3702708  -  ResidentSetSize of job (KB)
...
040 (15271413.033.000) 12/18 14:24:15 Started transferring output files
...
040 (15271413.033.000) 12/18 14:24:15 Finished transferring output files
...
005 (15271413.033.000) 12/18 14:24:15 Job terminated.
	(1) Normal termination (return value 0)
		Usr 0 00:13:02, Sys 0 00:00:14  -  Run Remote Usage
		Usr 0 00:00:00, Sys 0 00:00:00  -  Run Local Usage
		Usr 0 00:13:02, Sys 0 00:00:14  -  Total Remote Usage
		Usr 0 00:00:00, Sys 0 00:00:00  -  Total Local Usage
	231724  -  Run Bytes Sent By Job
	269  -  Run Bytes Received By Job
	231724  -  Total Bytes Sent By Job
	269  -  Total Bytes Received By Job
	Partitionable Resources :    Usage  Request Allocated 
	   Cpus                 :     0.67        1         1 
	   Disk (KB)            :   270           1   1357101 
	   Memory (MB)          :  3616        2000      2000 

	Job terminated of its own accord at 2023-12-18T13:24:15Z.
...
