000 (15153696.077.000) 10/03 22:27:19 Job submitted from host: <188.184.90.241:9618?addrs=188.184.90.241-9618+[2001-1458-201-e4--100-2eb]-9618&alias=bigbird15.cern.ch&noUDP&sock=schedd_2763_c443>
...
040 (15153696.077.000) 10/03 22:30:44 Started transferring input files
	Transferring to host: <128.142.56.84:9618?addrs=128.142.56.84-9618+[2001-1458-301-6--100-53]-9618&alias=b7s01p5563.cern.ch&noUDP&sock=slot1_21_4522_e871_207812>
...
040 (15153696.077.000) 10/03 22:30:44 Finished transferring input files
...
001 (15153696.077.000) 10/03 22:30:45 Job executing on host: <128.142.56.84:9618?addrs=128.142.56.84-9618+[2001-1458-301-6--100-53]-9618&alias=b7s01p5563.cern.ch&noUDP&sock=startd_3339_dad0>
...
006 (15153696.077.000) 10/03 22:30:48 Image size of job updated: 1
	0  -  MemoryUsage of job (MB)
	0  -  ResidentSetSize of job (KB)
...
040 (15153696.077.000) 10/03 22:30:48 Started transferring output files
...
040 (15153696.077.000) 10/03 22:30:48 Finished transferring output files
...
005 (15153696.077.000) 10/03 22:30:48 Job terminated.
	(1) Normal termination (return value 0)
		Usr 0 00:00:01, Sys 0 00:00:00  -  Run Remote Usage
		Usr 0 00:00:00, Sys 0 00:00:00  -  Run Local Usage
		Usr 0 00:00:01, Sys 0 00:00:00  -  Total Remote Usage
		Usr 0 00:00:00, Sys 0 00:00:00  -  Total Local Usage
	7658  -  Run Bytes Sent By Job
	374  -  Run Bytes Received By Job
	7658  -  Total Bytes Sent By Job
	374  -  Total Bytes Received By Job
	Partitionable Resources :    Usage  Request Allocated 
	   Cpus                 :                 1         1 
	   Disk (KB)            :       21        1   2943222 
	   Memory (MB)          :        0     2000      2000 

	Job terminated of its own accord at 2023-10-03T20:30:48Z.
...
