000 (14832095.091.000) 06/12 15:17:57 Job submitted from host: <188.184.90.241:9618?addrs=188.184.90.241-9618+[2001-1458-201-e4--100-2eb]-9618&alias=bigbird15.cern.ch&noUDP&sock=schedd_1460210_2ef4>
...
040 (14832095.091.000) 06/12 15:20:04 Started transferring input files
	Transferring to host: <188.184.162.67:9618?addrs=188.184.162.67-9618+[2001-1458-301-4a--100-3d]-9618&alias=b7s11p3422.cern.ch&noUDP&sock=slot1_7_159728_9358_67797>
...
040 (14832095.091.000) 06/12 15:20:04 Finished transferring input files
...
001 (14832095.091.000) 06/12 15:20:05 Job executing on host: <188.184.162.67:9618?addrs=188.184.162.67-9618+[2001-1458-301-4a--100-3d]-9618&alias=b7s11p3422.cern.ch&noUDP&sock=startd_3260_aad5>
...
006 (14832095.091.000) 06/12 15:20:14 Image size of job updated: 401924
	47  -  MemoryUsage of job (MB)
	47684  -  ResidentSetSize of job (KB)
...
006 (14832095.091.000) 06/12 15:25:15 Image size of job updated: 1720172
	1145  -  MemoryUsage of job (MB)
	1172164  -  ResidentSetSize of job (KB)
...
006 (14832095.091.000) 06/12 15:30:16 Image size of job updated: 1971344
	1164  -  MemoryUsage of job (MB)
	1191748  -  ResidentSetSize of job (KB)
...
006 (14832095.091.000) 06/12 15:35:16 Image size of job updated: 1971344
	1167  -  MemoryUsage of job (MB)
	1194520  -  ResidentSetSize of job (KB)
...
006 (14832095.091.000) 06/12 15:40:17 Image size of job updated: 4041528
	1167  -  MemoryUsage of job (MB)
	1194520  -  ResidentSetSize of job (KB)
...
006 (14832095.091.000) 06/12 15:45:18 Image size of job updated: 4041532
	1167  -  MemoryUsage of job (MB)
	1194520  -  ResidentSetSize of job (KB)
...
006 (14832095.091.000) 06/12 15:50:18 Image size of job updated: 4092784
	1167  -  MemoryUsage of job (MB)
	1194520  -  ResidentSetSize of job (KB)
...
006 (14832095.091.000) 06/12 15:55:18 Image size of job updated: 4328416
	1167  -  MemoryUsage of job (MB)
	1194520  -  ResidentSetSize of job (KB)
...
006 (14832095.091.000) 06/12 16:00:19 Image size of job updated: 4389552
	1167  -  MemoryUsage of job (MB)
	1194520  -  ResidentSetSize of job (KB)
...
006 (14832095.091.000) 06/12 16:05:20 Image size of job updated: 4407832
	1167  -  MemoryUsage of job (MB)
	1194520  -  ResidentSetSize of job (KB)
...
006 (14832095.091.000) 06/12 16:07:01 Image size of job updated: 4417116
	1167  -  MemoryUsage of job (MB)
	1194520  -  ResidentSetSize of job (KB)
...
040 (14832095.091.000) 06/12 16:07:01 Started transferring output files
...
040 (14832095.091.000) 06/12 16:07:01 Finished transferring output files
...
005 (14832095.091.000) 06/12 16:07:01 Job terminated.
	(1) Normal termination (return value 0)
		Usr 0 00:09:32, Sys 0 00:00:42  -  Run Remote Usage
		Usr 0 00:00:00, Sys 0 00:00:00  -  Run Local Usage
		Usr 0 00:09:32, Sys 0 00:00:42  -  Total Remote Usage
		Usr 0 00:00:00, Sys 0 00:00:00  -  Total Local Usage
	119130  -  Run Bytes Sent By Job
	323  -  Run Bytes Received By Job
	119130  -  Total Bytes Sent By Job
	323  -  Total Bytes Received By Job
	Partitionable Resources :    Usage  Request Allocated 
	   Cpus                 :     0.04        1         1 
	   Disk (KB)            :   138           1   3101308 
	   Memory (MB)          :  1167        2000      2000 

	Job terminated of its own accord at 2023-06-12T14:07:01Z.
...
