000 (14807135.005.000) 05/13 19:23:40 Job submitted from host: <188.184.90.241:9618?addrs=188.184.90.241-9618+[2001-1458-201-e4--100-2eb]-9618&alias=bigbird15.cern.ch&noUDP&sock=schedd_3273_9590>
...
040 (14807135.005.000) 05/13 19:35:28 Started transferring input files
	Transferring to host: <188.184.163.10:9618?addrs=188.184.163.10-9618&alias=b7s12p3027.cern.ch&noUDP&sock=slot1_5_6262_e538_59477>
...
040 (14807135.005.000) 05/13 19:35:28 Finished transferring input files
...
001 (14807135.005.000) 05/13 19:35:29 Job executing on host: <188.184.163.10:9618?addrs=188.184.163.10-9618&alias=b7s12p3027.cern.ch&noUDP&sock=startd_5246_e5ec>
...
006 (14807135.005.000) 05/13 19:35:38 Image size of job updated: 554120
	112  -  MemoryUsage of job (MB)
	114028  -  ResidentSetSize of job (KB)
...
006 (14807135.005.000) 05/13 19:40:39 Image size of job updated: 1772428
	1136  -  MemoryUsage of job (MB)
	1162668  -  ResidentSetSize of job (KB)
...
006 (14807135.005.000) 05/13 19:45:39 Image size of job updated: 1797424
	1160  -  MemoryUsage of job (MB)
	1187696  -  ResidentSetSize of job (KB)
...
006 (14807135.005.000) 05/13 19:50:40 Image size of job updated: 4337572
	1160  -  MemoryUsage of job (MB)
	1187696  -  ResidentSetSize of job (KB)
...
006 (14807135.005.000) 05/13 19:52:28 Image size of job updated: 4417748
	1160  -  MemoryUsage of job (MB)
	1187696  -  ResidentSetSize of job (KB)
...
040 (14807135.005.000) 05/13 19:52:28 Started transferring output files
...
040 (14807135.005.000) 05/13 19:52:28 Finished transferring output files
...
005 (14807135.005.000) 05/13 19:52:28 Job terminated.
	(1) Normal termination (return value 0)
		Usr 0 00:10:11, Sys 0 00:00:38  -  Run Remote Usage
		Usr 0 00:00:00, Sys 0 00:00:00  -  Run Local Usage
		Usr 0 00:10:11, Sys 0 00:00:38  -  Total Remote Usage
		Usr 0 00:00:00, Sys 0 00:00:00  -  Total Local Usage
	116019  -  Run Bytes Sent By Job
	323  -  Run Bytes Received By Job
	116019  -  Total Bytes Sent By Job
	323  -  Total Bytes Received By Job
	Partitionable Resources :    Usage  Request Allocated 
	   Cpus                 :     0.03        1         1 
	   Disk (KB)            :   134           1   3112616 
	   Memory (MB)          :  1160        2000      2000 

	Job terminated of its own accord at 2023-05-13T17:52:28Z.
...
