000 (14832095.116.000) 06/12 15:17:57 Job submitted from host: <188.184.90.241:9618?addrs=188.184.90.241-9618+[2001-1458-201-e4--100-2eb]-9618&alias=bigbird15.cern.ch&noUDP&sock=schedd_1460210_2ef4>
...
040 (14832095.116.000) 06/12 15:20:13 Started transferring input files
	Transferring to host: <128.142.192.190:9618?addrs=128.142.192.190-9618+[2001-1458-301-56--100-3a]-9618&alias=b7g18p8994.cern.ch&noUDP&sock=slot1_13_13363_3138_68551>
...
040 (14832095.116.000) 06/12 15:20:13 Finished transferring input files
...
001 (14832095.116.000) 06/12 15:20:14 Job executing on host: <128.142.192.190:9618?addrs=128.142.192.190-9618+[2001-1458-301-56--100-3a]-9618&alias=b7g18p8994.cern.ch&noUDP&sock=startd_13140_8689>
...
006 (14832095.116.000) 06/12 15:20:23 Image size of job updated: 127676
	47  -  MemoryUsage of job (MB)
	47620  -  ResidentSetSize of job (KB)
...
006 (14832095.116.000) 06/12 15:25:24 Image size of job updated: 1194568
	110  -  MemoryUsage of job (MB)
	112364  -  ResidentSetSize of job (KB)
...
006 (14832095.116.000) 06/12 15:26:50 Image size of job updated: 1205924
	110  -  MemoryUsage of job (MB)
	112364  -  ResidentSetSize of job (KB)
...
040 (14832095.116.000) 06/12 15:26:50 Started transferring output files
...
040 (14832095.116.000) 06/12 15:26:50 Finished transferring output files
...
005 (14832095.116.000) 06/12 15:26:50 Job terminated.
	(1) Normal termination (return value 0)
		Usr 0 00:02:28, Sys 0 00:00:07  -  Run Remote Usage
		Usr 0 00:00:00, Sys 0 00:00:00  -  Run Local Usage
		Usr 0 00:02:28, Sys 0 00:00:07  -  Total Remote Usage
		Usr 0 00:00:00, Sys 0 00:00:00  -  Total Local Usage
	42296  -  Run Bytes Sent By Job
	323  -  Run Bytes Received By Job
	42296  -  Total Bytes Sent By Job
	323  -  Total Bytes Received By Job
	Partitionable Resources :    Usage  Request Allocated 
	   Cpus                 :     0.76        1         1 
	   Disk (KB)            :    63           1   3155788 
	   Memory (MB)          :   110        2000      2000 

	Job terminated of its own accord at 2023-06-12T13:26:50Z.
...
