000 (15271413.131.000) 12/18 14:02:23 Job submitted from host: <188.184.90.241:9618?addrs=188.184.90.241-9618+[2001-1458-201-e4--100-2eb]-9618&alias=bigbird15.cern.ch&noUDP&sock=schedd_2763_c443>
...
040 (15271413.131.000) 12/18 14:06:33 Started transferring input files
	Transferring to host: <128.142.33.225:9618?addrs=128.142.33.225-9618+[2001-1458-301-39--100-1e]-9618&alias=b9g24p1582.cern.ch&noUDP&sock=slot1_21_145239_c3ab_88957>
...
040 (15271413.131.000) 12/18 14:06:33 Finished transferring input files
...
001 (15271413.131.000) 12/18 14:06:34 Job executing on host: <128.142.33.225:9618?addrs=128.142.33.225-9618+[2001-1458-301-39--100-1e]-9618&alias=b9g24p1582.cern.ch&noUDP&sock=startd_134615_458c>
...
006 (15271413.131.000) 12/18 14:06:43 Image size of job updated: 87620
	86  -  MemoryUsage of job (MB)
	87620  -  ResidentSetSize of job (KB)
...
006 (15271413.131.000) 12/18 14:11:44 Image size of job updated: 485004
	474  -  MemoryUsage of job (MB)
	485004  -  ResidentSetSize of job (KB)
...
040 (15271413.131.000) 12/18 14:16:00 Started transferring output files
...
040 (15271413.131.000) 12/18 14:16:00 Finished transferring output files
...
005 (15271413.131.000) 12/18 14:16:00 Job terminated.
	(1) Normal termination (return value 0)
		Usr 0 00:06:48, Sys 0 00:00:05  -  Run Remote Usage
		Usr 0 00:00:00, Sys 0 00:00:00  -  Run Local Usage
		Usr 0 00:06:48, Sys 0 00:00:05  -  Total Remote Usage
		Usr 0 00:00:00, Sys 0 00:00:00  -  Total Local Usage
	151283  -  Run Bytes Sent By Job
	269  -  Run Bytes Received By Job
	151283  -  Total Bytes Sent By Job
	269  -  Total Bytes Received By Job
	Partitionable Resources :    Usage  Request Allocated 
	   Cpus                 :     0.91        1         1 
	   Disk (KB)            :   192           1   2970251 
	   Memory (MB)          :   474        2000      2000 

	Job terminated of its own accord at 2023-12-18T13:16:00Z.
...
