000 (15159743.076.000) 10/09 07:56:33 Job submitted from host: <188.184.90.241:9618?addrs=188.184.90.241-9618+[2001-1458-201-e4--100-2eb]-9618&alias=bigbird15.cern.ch&noUDP&sock=schedd_2763_c443>
...
040 (15159743.076.000) 10/09 08:10:00 Started transferring input files
	Transferring to host: <128.142.137.89:9618?addrs=128.142.137.89-9618+[2001-1458-301-5e--100-4d]-9618&alias=b7g19p4303.cern.ch&noUDP&sock=slot1_27_3327_ec20_109406>
...
040 (15159743.076.000) 10/09 08:10:00 Finished transferring input files
...
001 (15159743.076.000) 10/09 08:10:01 Job executing on host: <128.142.137.89:9618?addrs=128.142.137.89-9618+[2001-1458-301-5e--100-4d]-9618&alias=b7g19p4303.cern.ch&noUDP&sock=startd_2745_6b8f>
...
006 (15159743.076.000) 10/09 08:10:10 Image size of job updated: 565352
	50  -  MemoryUsage of job (MB)
	51128  -  ResidentSetSize of job (KB)
...
006 (15159743.076.000) 10/09 08:15:10 Image size of job updated: 834984
	290  -  MemoryUsage of job (MB)
	295996  -  ResidentSetSize of job (KB)
...
006 (15159743.076.000) 10/09 08:20:10 Image size of job updated: 1035908
	496  -  MemoryUsage of job (MB)
	507052  -  ResidentSetSize of job (KB)
...
006 (15159743.076.000) 10/09 08:25:11 Image size of job updated: 1190488
	687  -  MemoryUsage of job (MB)
	703288  -  ResidentSetSize of job (KB)
...
006 (15159743.076.000) 10/09 08:29:49 Image size of job updated: 3560496
	687  -  MemoryUsage of job (MB)
	703288  -  ResidentSetSize of job (KB)
...
040 (15159743.076.000) 10/09 08:29:50 Started transferring output files
...
040 (15159743.076.000) 10/09 08:29:50 Finished transferring output files
...
005 (15159743.076.000) 10/09 08:29:50 Job terminated.
	(1) Normal termination (return value 0)
		Usr 0 00:17:34, Sys 0 00:00:11  -  Run Remote Usage
		Usr 0 00:00:00, Sys 0 00:00:00  -  Run Local Usage
		Usr 0 00:17:34, Sys 0 00:00:11  -  Total Remote Usage
		Usr 0 00:00:00, Sys 0 00:00:00  -  Total Local Usage
	195048  -  Run Bytes Sent By Job
	269  -  Run Bytes Received By Job
	195048  -  Total Bytes Sent By Job
	269  -  Total Bytes Received By Job
	Partitionable Resources :    Usage  Request Allocated 
	   Cpus                 :     1.00        1         1 
	   Disk (KB)            :   212           1   1743021 
	   Memory (MB)          :   687        2000      2000 

	Job terminated of its own accord at 2023-10-09T06:29:49Z.
...
