000 (15159766.079.000) 10/09 11:47:56 Job submitted from host: <188.184.90.241:9618?addrs=188.184.90.241-9618+[2001-1458-201-e4--100-2eb]-9618&alias=bigbird15.cern.ch&noUDP&sock=schedd_2763_c443>
...
040 (15159766.079.000) 10/09 14:24:42 Started transferring input files
	Transferring to host: <188.184.162.93:9618?addrs=188.184.162.93-9618+[2001-1458-301-4a--100-57]-9618&alias=b7s11p7795.cern.ch&noUDP&sock=slot1_17_134009_36a3_227009>
...
040 (15159766.079.000) 10/09 14:24:42 Finished transferring input files
...
001 (15159766.079.000) 10/09 14:24:43 Job executing on host: <188.184.162.93:9618?addrs=188.184.162.93-9618+[2001-1458-301-4a--100-57]-9618&alias=b7s11p7795.cern.ch&noUDP&sock=startd_40500_35b7>
...
006 (15159766.079.000) 10/09 14:24:52 Image size of job updated: 910304
	121  -  MemoryUsage of job (MB)
	123576  -  ResidentSetSize of job (KB)
...
006 (15159766.079.000) 10/09 14:26:42 Image size of job updated: 923232
	121  -  MemoryUsage of job (MB)
	123576  -  ResidentSetSize of job (KB)
...
040 (15159766.079.000) 10/09 14:26:43 Started transferring output files
...
040 (15159766.079.000) 10/09 14:26:43 Finished transferring output files
...
005 (15159766.079.000) 10/09 14:26:43 Job terminated.
	(1) Normal termination (return value 0)
		Usr 0 00:00:14, Sys 0 00:00:00  -  Run Remote Usage
		Usr 0 00:00:00, Sys 0 00:00:00  -  Run Local Usage
		Usr 0 00:00:14, Sys 0 00:00:00  -  Total Remote Usage
		Usr 0 00:00:00, Sys 0 00:00:00  -  Total Local Usage
	10746  -  Run Bytes Sent By Job
	374  -  Run Bytes Received By Job
	10746  -  Total Bytes Sent By Job
	374  -  Total Bytes Received By Job
	Partitionable Resources :    Usage  Request Allocated 
	   Cpus                 :                 1         1 
	   Disk (KB)            :       24        1   2946186 
	   Memory (MB)          :      121     2000      2000 

	Job terminated of its own accord at 2023-10-09T12:26:42Z.
...
