000 (15150662.021.000) 09/28 15:49:40 Job submitted from host: <188.184.90.241:9618?addrs=188.184.90.241-9618+[2001-1458-201-e4--100-2eb]-9618&alias=bigbird15.cern.ch&noUDP&sock=schedd_2763_c443>
...
040 (15150662.021.000) 09/28 16:00:54 Started transferring input files
	Transferring to host: <128.142.58.103:9618?addrs=128.142.58.103-9618+[2001-1458-301-16--100-66]-9618&alias=b7s03p8770.cern.ch&noUDP&sock=slot1_9_21220_28d8_100429>
...
040 (15150662.021.000) 09/28 16:00:54 Finished transferring input files
...
001 (15150662.021.000) 09/28 16:00:55 Job executing on host: <128.142.58.103:9618?addrs=128.142.58.103-9618+[2001-1458-301-16--100-66]-9618&alias=b7s03p8770.cern.ch&noUDP&sock=startd_6459_ea4d>
...
006 (15150662.021.000) 09/28 16:01:04 Image size of job updated: 124628
	121  -  MemoryUsage of job (MB)
	123476  -  ResidentSetSize of job (KB)
...
006 (15150662.021.000) 09/28 16:05:29 Image size of job updated: 925508
	121  -  MemoryUsage of job (MB)
	123476  -  ResidentSetSize of job (KB)
...
040 (15150662.021.000) 09/28 16:05:29 Started transferring output files
...
040 (15150662.021.000) 09/28 16:05:29 Finished transferring output files
...
005 (15150662.021.000) 09/28 16:05:29 Job terminated.
	(1) Normal termination (return value 0)
		Usr 0 00:00:13, Sys 0 00:00:01  -  Run Remote Usage
		Usr 0 00:00:00, Sys 0 00:00:00  -  Run Local Usage
		Usr 0 00:00:13, Sys 0 00:00:01  -  Total Remote Usage
		Usr 0 00:00:00, Sys 0 00:00:00  -  Total Local Usage
	7962  -  Run Bytes Sent By Job
	374  -  Run Bytes Received By Job
	7962  -  Total Bytes Sent By Job
	374  -  Total Bytes Received By Job
	Partitionable Resources :    Usage  Request Allocated 
	   Cpus                 :                 1         1 
	   Disk (KB)            :       22        1   2885934 
	   Memory (MB)          :      121     2000      2000 

	Job terminated of its own accord at 2023-09-28T14:05:29Z.
...
