000 (14857949.030.000) 06/22 15:24:33 Job submitted from host: <188.184.90.241:9618?addrs=188.184.90.241-9618+[2001-1458-201-e4--100-2eb]-9618&alias=bigbird15.cern.ch&noUDP&sock=schedd_1460210_2ef4>
...
040 (14857949.030.000) 06/22 15:34:28 Started transferring input files
	Transferring to host: <128.142.195.9:9618?addrs=128.142.195.9-9618+[2001-1458-301-26--100-9]-9618&alias=b7g31p6803.cern.ch&noUDP&sock=slot1_24_3665_12ee_77873>
...
040 (14857949.030.000) 06/22 15:34:28 Finished transferring input files
...
001 (14857949.030.000) 06/22 15:34:29 Job executing on host: <128.142.195.9:9618?addrs=128.142.195.9-9618+[2001-1458-301-26--100-9]-9618&alias=b7g31p6803.cern.ch&noUDP&sock=startd_2869_794d>
...
006 (14857949.030.000) 06/22 15:34:38 Image size of job updated: 554292
	47  -  MemoryUsage of job (MB)
	47928  -  ResidentSetSize of job (KB)
...
006 (14857949.030.000) 06/22 15:39:40 Image size of job updated: 2517856
	1963  -  MemoryUsage of job (MB)
	2010028  -  ResidentSetSize of job (KB)
...
006 (14857949.030.000) 06/22 15:44:40 Image size of job updated: 4141592
	3549  -  MemoryUsage of job (MB)
	3633776  -  ResidentSetSize of job (KB)
...
006 (14857949.030.000) 06/22 15:49:40 Image size of job updated: 4292712
	3574  -  MemoryUsage of job (MB)
	3658792  -  ResidentSetSize of job (KB)
...
006 (14857949.030.000) 06/22 16:04:42 Image size of job updated: 4398436
	3574  -  MemoryUsage of job (MB)
	3658792  -  ResidentSetSize of job (KB)
...
006 (14857949.030.000) 06/22 16:05:52 Image size of job updated: 4417460
	3574  -  MemoryUsage of job (MB)
	3658792  -  ResidentSetSize of job (KB)
...
040 (14857949.030.000) 06/22 16:05:52 Started transferring output files
...
040 (14857949.030.000) 06/22 16:05:52 Finished transferring output files
...
005 (14857949.030.000) 06/22 16:05:52 Job terminated.
	(1) Normal termination (return value 0)
		Usr 0 00:17:13, Sys 0 00:02:16  -  Run Remote Usage
		Usr 0 00:00:00, Sys 0 00:00:00  -  Run Local Usage
		Usr 0 00:17:13, Sys 0 00:02:16  -  Total Remote Usage
		Usr 0 00:00:00, Sys 0 00:00:00  -  Total Local Usage
	220031  -  Run Bytes Sent By Job
	323  -  Run Bytes Received By Job
	220031  -  Total Bytes Sent By Job
	323  -  Total Bytes Received By Job
	Partitionable Resources :    Usage  Request Allocated 
	   Cpus                 :     0.19        1         1 
	   Disk (KB)            :   236           1   1320706 
	   Memory (MB)          :  3574        2000      2000 

	Job terminated of its own accord at 2023-06-22T14:05:52Z.
...
