000 (14861550.010.000) 06/22 22:11:47 Job submitted from host: <188.184.90.241:9618?addrs=188.184.90.241-9618+[2001-1458-201-e4--100-2eb]-9618&alias=bigbird15.cern.ch&noUDP&sock=schedd_1460210_2ef4>
...
040 (14861550.010.000) 06/22 22:23:58 Started transferring input files
	Transferring to host: <128.142.137.217:9618?addrs=128.142.137.217-9618+[2001-1458-301-5e--100-cd]-9618&alias=b7g19p6459.cern.ch&noUDP&sock=slot1_13_3364_fe02_23552>
...
040 (14861550.010.000) 06/22 22:23:58 Finished transferring input files
...
001 (14861550.010.000) 06/22 22:23:59 Job executing on host: <128.142.137.217:9618?addrs=128.142.137.217-9618+[2001-1458-301-5e--100-cd]-9618&alias=b7g19p6459.cern.ch&noUDP&sock=startd_2729_720b>
...
006 (14861550.010.000) 06/22 22:24:08 Image size of job updated: 52960
	47  -  MemoryUsage of job (MB)
	47684  -  ResidentSetSize of job (KB)
...
006 (14861550.010.000) 06/22 22:29:08 Image size of job updated: 1849592
	1020  -  MemoryUsage of job (MB)
	1043848  -  ResidentSetSize of job (KB)
...
006 (14861550.010.000) 06/22 22:34:08 Image size of job updated: 2057372
	1484  -  MemoryUsage of job (MB)
	1519048  -  ResidentSetSize of job (KB)
...
006 (14861550.010.000) 06/22 22:44:10 Image size of job updated: 4087868
	1484  -  MemoryUsage of job (MB)
	1519048  -  ResidentSetSize of job (KB)
...
006 (14861550.010.000) 06/22 22:49:10 Image size of job updated: 4400700
	1484  -  MemoryUsage of job (MB)
	1519048  -  ResidentSetSize of job (KB)
...
006 (14861550.010.000) 06/22 22:50:33 Image size of job updated: 4412968
	1484  -  MemoryUsage of job (MB)
	1519048  -  ResidentSetSize of job (KB)
...
040 (14861550.010.000) 06/22 22:50:33 Started transferring output files
...
040 (14861550.010.000) 06/22 22:50:33 Finished transferring output files
...
005 (14861550.010.000) 06/22 22:50:33 Job terminated.
	(1) Normal termination (return value 0)
		Usr 0 00:16:09, Sys 0 00:00:59  -  Run Remote Usage
		Usr 0 00:00:00, Sys 0 00:00:00  -  Run Local Usage
		Usr 0 00:16:09, Sys 0 00:00:59  -  Total Remote Usage
		Usr 0 00:00:00, Sys 0 00:00:00  -  Total Local Usage
	128363  -  Run Bytes Sent By Job
	323  -  Run Bytes Received By Job
	128363  -  Total Bytes Sent By Job
	323  -  Total Bytes Received By Job
	Partitionable Resources :    Usage  Request Allocated 
	   Cpus                 :     0.21        1         1 
	   Disk (KB)            :   146           1   1676914 
	   Memory (MB)          :  1484        2000      2000 

	Job terminated of its own accord at 2023-06-22T20:50:33Z.
...
