000 (15155256.047.000) 10/07 14:35:52 Job submitted from host: <188.184.90.241:9618?addrs=188.184.90.241-9618+[2001-1458-201-e4--100-2eb]-9618&alias=bigbird15.cern.ch&noUDP&sock=schedd_2763_c443>
...
040 (15155256.047.000) 10/07 14:38:01 Started transferring input files
	Transferring to host: <128.142.56.30:9618?addrs=128.142.56.30-9618+[2001-1458-301-6--100-1d]-9618&alias=b7s01p7773.cern.ch&noUDP&sock=slot1_8_55093_c099_114215>
...
040 (15155256.047.000) 10/07 14:38:01 Finished transferring input files
...
001 (15155256.047.000) 10/07 14:38:02 Job executing on host: <128.142.56.30:9618?addrs=128.142.56.30-9618+[2001-1458-301-6--100-1d]-9618&alias=b7s01p7773.cern.ch&noUDP&sock=startd_55055_baac>
...
006 (15155256.047.000) 10/07 14:38:11 Image size of job updated: 624604
	53  -  MemoryUsage of job (MB)
	53456  -  ResidentSetSize of job (KB)
...
006 (15155256.047.000) 10/07 14:43:12 Image size of job updated: 1099872
	571  -  MemoryUsage of job (MB)
	583888  -  ResidentSetSize of job (KB)
...
006 (15155256.047.000) 10/07 14:48:12 Image size of job updated: 1309700
	743  -  MemoryUsage of job (MB)
	760236  -  ResidentSetSize of job (KB)
...
006 (15155256.047.000) 10/07 14:53:13 Image size of job updated: 3724976
	743  -  MemoryUsage of job (MB)
	760236  -  ResidentSetSize of job (KB)
...
006 (15155256.047.000) 10/07 14:58:14 Image size of job updated: 3770360
	743  -  MemoryUsage of job (MB)
	760236  -  ResidentSetSize of job (KB)
...
006 (15155256.047.000) 10/07 15:03:14 Image size of job updated: 3994392
	743  -  MemoryUsage of job (MB)
	760236  -  ResidentSetSize of job (KB)
...
006 (15155256.047.000) 10/07 15:08:14 Image size of job updated: 4045500
	743  -  MemoryUsage of job (MB)
	760236  -  ResidentSetSize of job (KB)
...
006 (15155256.047.000) 10/07 15:10:23 Image size of job updated: 4052480
	743  -  MemoryUsage of job (MB)
	760236  -  ResidentSetSize of job (KB)
...
040 (15155256.047.000) 10/07 15:10:23 Started transferring output files
...
040 (15155256.047.000) 10/07 15:10:23 Finished transferring output files
...
005 (15155256.047.000) 10/07 15:10:23 Job terminated.
	(1) Normal termination (return value 0)
		Usr 0 00:14:10, Sys 0 00:00:23  -  Run Remote Usage
		Usr 0 00:00:00, Sys 0 00:00:00  -  Run Local Usage
		Usr 0 00:14:10, Sys 0 00:00:23  -  Total Remote Usage
		Usr 0 00:00:00, Sys 0 00:00:00  -  Total Local Usage
	87713  -  Run Bytes Sent By Job
	323  -  Run Bytes Received By Job
	87713  -  Total Bytes Sent By Job
	323  -  Total Bytes Received By Job
	Partitionable Resources :    Usage  Request Allocated 
	   Cpus                 :     1.00        1         1 
	   Disk (KB)            :   107           1   1267542 
	   Memory (MB)          :   743        2000      2000 

	Job terminated of its own accord at 2023-10-07T13:10:23Z.
...
