000 (15271413.070.000) 12/18 14:02:23 Job submitted from host: <188.184.90.241:9618?addrs=188.184.90.241-9618+[2001-1458-201-e4--100-2eb]-9618&alias=bigbird15.cern.ch&noUDP&sock=schedd_2763_c443>
...
040 (15271413.070.000) 12/18 14:06:14 Started transferring input files
	Transferring to host: <128.142.194.224:9618?addrs=128.142.194.224-9618+[2001-1458-301-13--100-60]-9618&alias=b9g30p5986.cern.ch&noUDP&sock=slot1_11_142857_6e0a_88694>
...
040 (15271413.070.000) 12/18 14:06:14 Finished transferring input files
...
001 (15271413.070.000) 12/18 14:06:15 Job executing on host: <128.142.194.224:9618?addrs=128.142.194.224-9618+[2001-1458-301-13--100-60]-9618&alias=b9g30p5986.cern.ch&noUDP&sock=startd_134510_401b>
...
006 (15271413.070.000) 12/18 14:06:24 Image size of job updated: 231660
	227  -  MemoryUsage of job (MB)
	231660  -  ResidentSetSize of job (KB)
...
006 (15271413.070.000) 12/18 14:11:25 Image size of job updated: 573972
	561  -  MemoryUsage of job (MB)
	573972  -  ResidentSetSize of job (KB)
...
006 (15271413.070.000) 12/18 14:16:26 Image size of job updated: 838244
	819  -  MemoryUsage of job (MB)
	838244  -  ResidentSetSize of job (KB)
...
040 (15271413.070.000) 12/18 14:20:26 Started transferring output files
...
040 (15271413.070.000) 12/18 14:20:26 Finished transferring output files
...
005 (15271413.070.000) 12/18 14:20:26 Job terminated.
	(1) Normal termination (return value 0)
		Usr 0 00:11:04, Sys 0 00:00:09  -  Run Remote Usage
		Usr 0 00:00:00, Sys 0 00:00:00  -  Run Local Usage
		Usr 0 00:11:04, Sys 0 00:00:09  -  Total Remote Usage
		Usr 0 00:00:00, Sys 0 00:00:00  -  Total Local Usage
	181921  -  Run Bytes Sent By Job
	269  -  Run Bytes Received By Job
	181921  -  Total Bytes Sent By Job
	269  -  Total Bytes Received By Job
	Partitionable Resources :    Usage  Request Allocated 
	   Cpus                 :     0.95        1         1 
	   Disk (KB)            :   222           1   2845225 
	   Memory (MB)          :   819        2000      2000 

	Job terminated of its own accord at 2023-12-18T13:20:26Z.
...
