000 (14807272.004.000) 05/14 22:53:25 Job submitted from host: <188.184.90.241:9618?addrs=188.184.90.241-9618+[2001-1458-201-e4--100-2eb]-9618&alias=bigbird15.cern.ch&noUDP&sock=schedd_3273_9590>
...
040 (14807272.004.000) 05/14 23:06:12 Started transferring input files
	Transferring to host: <128.142.61.136:9618?addrs=128.142.61.136-9618+[2001-1458-301-23--100-87]-9618&alias=b7s06p0048.cern.ch&noUDP&sock=slot1_8_3337_f7e1_26819>
...
040 (14807272.004.000) 05/14 23:06:12 Finished transferring input files
...
001 (14807272.004.000) 05/14 23:06:13 Job executing on host: <128.142.61.136:9618?addrs=128.142.61.136-9618+[2001-1458-301-23--100-87]-9618&alias=b7s06p0048.cern.ch&noUDP&sock=startd_2842_f43f>
...
006 (14807272.004.000) 05/14 23:06:22 Image size of job updated: 554128
	47  -  MemoryUsage of job (MB)
	47672  -  ResidentSetSize of job (KB)
...
006 (14807272.004.000) 05/14 23:11:23 Image size of job updated: 1865916
	1297  -  MemoryUsage of job (MB)
	1327696  -  ResidentSetSize of job (KB)
...
006 (14807272.004.000) 05/14 23:21:23 Image size of job updated: 4394796
	1297  -  MemoryUsage of job (MB)
	1327696  -  ResidentSetSize of job (KB)
...
006 (14807272.004.000) 05/14 23:26:24 Image size of job updated: 4471052
	1297  -  MemoryUsage of job (MB)
	1327696  -  ResidentSetSize of job (KB)
...
006 (14807272.004.000) 05/14 23:27:09 Image size of job updated: 4486584
	1297  -  MemoryUsage of job (MB)
	1327696  -  ResidentSetSize of job (KB)
...
040 (14807272.004.000) 05/14 23:27:09 Started transferring output files
...
040 (14807272.004.000) 05/14 23:27:09 Finished transferring output files
...
005 (14807272.004.000) 05/14 23:27:09 Job terminated.
	(1) Normal termination (return value 0)
		Usr 0 00:07:25, Sys 0 00:00:33  -  Run Remote Usage
		Usr 0 00:00:00, Sys 0 00:00:00  -  Run Local Usage
		Usr 0 00:07:25, Sys 0 00:00:33  -  Total Remote Usage
		Usr 0 00:00:00, Sys 0 00:00:00  -  Total Local Usage
	106239  -  Run Bytes Sent By Job
	323  -  Run Bytes Received By Job
	106239  -  Total Bytes Sent By Job
	323  -  Total Bytes Received By Job
	Partitionable Resources :    Usage  Request Allocated 
	   Cpus                 :     0.07        1         1 
	   Disk (KB)            :   125           1   1292052 
	   Memory (MB)          :  1297        2000      2000 

	Job terminated of its own accord at 2023-05-14T21:27:09Z.
...
