000 (14832095.163.000) 06/12 15:17:58 Job submitted from host: <188.184.90.241:9618?addrs=188.184.90.241-9618+[2001-1458-201-e4--100-2eb]-9618&alias=bigbird15.cern.ch&noUDP&sock=schedd_1460210_2ef4>
...
040 (14832095.163.000) 06/12 15:20:31 Started transferring input files
	Transferring to host: <188.184.163.40:9618?addrs=188.184.163.40-9618+[2001-1458-301-4d--100-22]-9618&alias=b7s12p2326.cern.ch&noUDP&sock=slot1_26_4858_a67f_92621>
...
040 (14832095.163.000) 06/12 15:20:31 Finished transferring input files
...
001 (14832095.163.000) 06/12 15:20:32 Job executing on host: <188.184.163.40:9618?addrs=188.184.163.40-9618+[2001-1458-301-4d--100-22]-9618&alias=b7s12p2326.cern.ch&noUDP&sock=startd_3368_bf10>
...
006 (14832095.163.000) 06/12 15:20:40 Image size of job updated: 538064
	47  -  MemoryUsage of job (MB)
	47672  -  ResidentSetSize of job (KB)
...
006 (14832095.163.000) 06/12 15:25:40 Image size of job updated: 1357392
	848  -  MemoryUsage of job (MB)
	867864  -  ResidentSetSize of job (KB)
...
006 (14832095.163.000) 06/12 15:30:41 Image size of job updated: 1782448
	1032  -  MemoryUsage of job (MB)
	1056532  -  ResidentSetSize of job (KB)
...
006 (14832095.163.000) 06/12 15:50:43 Image size of job updated: 4048272
	1032  -  MemoryUsage of job (MB)
	1056532  -  ResidentSetSize of job (KB)
...
006 (14832095.163.000) 06/12 15:55:43 Image size of job updated: 4099656
	1032  -  MemoryUsage of job (MB)
	1056532  -  ResidentSetSize of job (KB)
...
006 (14832095.163.000) 06/12 16:00:43 Image size of job updated: 4336604
	1032  -  MemoryUsage of job (MB)
	1056532  -  ResidentSetSize of job (KB)
...
006 (14832095.163.000) 06/12 16:05:44 Image size of job updated: 4340524
	1032  -  MemoryUsage of job (MB)
	1056532  -  ResidentSetSize of job (KB)
...
006 (14832095.163.000) 06/12 16:10:45 Image size of job updated: 4412136
	1032  -  MemoryUsage of job (MB)
	1056532  -  ResidentSetSize of job (KB)
...
006 (14832095.163.000) 06/12 16:13:27 Image size of job updated: 4423828
	1032  -  MemoryUsage of job (MB)
	1056532  -  ResidentSetSize of job (KB)
...
040 (14832095.163.000) 06/12 16:13:27 Started transferring output files
...
040 (14832095.163.000) 06/12 16:13:27 Finished transferring output files
...
005 (14832095.163.000) 06/12 16:13:27 Job terminated.
	(1) Normal termination (return value 0)
		Usr 0 00:13:42, Sys 0 00:00:50  -  Run Remote Usage
		Usr 0 00:00:00, Sys 0 00:00:00  -  Run Local Usage
		Usr 0 00:13:42, Sys 0 00:00:50  -  Total Remote Usage
		Usr 0 00:00:00, Sys 0 00:00:00  -  Total Local Usage
	115695  -  Run Bytes Sent By Job
	323  -  Run Bytes Received By Job
	115695  -  Total Bytes Sent By Job
	323  -  Total Bytes Received By Job
	Partitionable Resources :    Usage  Request Allocated 
	   Cpus                 :     0.14        1         1 
	   Disk (KB)            :   134           1   2999299 
	   Memory (MB)          :  1032        2000      2000 

	Job terminated of its own accord at 2023-06-12T14:13:27Z.
...
