Error in <TSystem::ExpandFileName>: input: $HOME/.root.mimes, output: $HOME/.root.mimes
Error in <TSystem::ExpandFileName>: input: $HOME/.root.mimes, output: $HOME/.root.mimes
Error in <TCanvas::Range>: illegal world coordinates range: x1=0.791875, y1=0.000000, x2=0.795781, y2=0.000000
Error in <TCanvas::RangeAxis>: illegal axis coordinates range: xmin=0.792500, ymin=0.000000, xmax=0.795000, ymax=0.000000
Error in <TCanvas::Range>: illegal world coordinates range: x1=0.791875, y1=0.000000, x2=0.795781, y2=0.000000
Error in <TCanvas::RangeAxis>: illegal axis coordinates range: xmin=0.792500, ymin=0.000000, xmax=0.795000, ymax=0.000000
Error in <TCanvas::Range>: illegal world coordinates range: x1=0.468750, y1=0.000000, x2=0.476562, y2=0.000000
Error in <TCanvas::RangeAxis>: illegal axis coordinates range: xmin=0.470000, ymin=0.000000, xmax=0.475000, ymax=0.000000
Error in <TCanvas::Range>: illegal world coordinates range: x1=0.468750, y1=0.000000, x2=0.476562, y2=0.000000
Error in <TCanvas::RangeAxis>: illegal axis coordinates range: xmin=0.470000, ymin=0.000000, xmax=0.475000, ymax=0.000000
Error in <TCanvas::Range>: illegal world coordinates range: x1=0.964375, y1=0.000000, x2=0.968281, y2=0.000000
Error in <TCanvas::RangeAxis>: illegal axis coordinates range: xmin=0.965000, ymin=0.000000, xmax=0.967500, ymax=0.000000
Error in <TCanvas::Range>: illegal world coordinates range: x1=0.964375, y1=0.000000, x2=0.968281, y2=0.000000
Error in <TCanvas::RangeAxis>: illegal axis coordinates range: xmin=0.965000, ymin=0.000000, xmax=0.967500, ymax=0.000000
Error in <TCanvas::Range>: illegal world coordinates range: x1=1.311875, y1=0.000000, x2=1.315781, y2=0.000000
Error in <TCanvas::RangeAxis>: illegal axis coordinates range: xmin=1.312500, ymin=0.000000, xmax=1.315000, ymax=0.000000
Error in <TCanvas::Range>: illegal world coordinates range: x1=1.311875, y1=0.000000, x2=1.315781, y2=0.000000
Error in <TCanvas::RangeAxis>: illegal axis coordinates range: xmin=1.312500, ymin=0.000000, xmax=1.315000, ymax=0.000000
Error in <TCanvas::Range>: illegal world coordinates range: x1=1.168750, y1=0.000000, x2=1.176562, y2=0.000000
Error in <TCanvas::RangeAxis>: illegal axis coordinates range: xmin=1.170000, ymin=0.000000, xmax=1.175000, ymax=0.000000
Error in <TCanvas::Range>: illegal world coordinates range: x1=1.168750, y1=0.000000, x2=1.176562, y2=0.000000
Error in <TCanvas::RangeAxis>: illegal axis coordinates range: xmin=1.170000, ymin=0.000000, xmax=1.175000, ymax=0.000000
Error in <TCanvas::Range>: illegal world coordinates range: x1=0.989375, y1=0.000000, x2=0.993281, y2=0.000000
Error in <TCanvas::RangeAxis>: illegal axis coordinates range: xmin=0.990000, ymin=0.000000, xmax=0.992500, ymax=0.000000
Error in <TCanvas::Range>: illegal world coordinates range: x1=0.989375, y1=0.000000, x2=0.993281, y2=0.000000
Error in <TCanvas::RangeAxis>: illegal axis coordinates range: xmin=0.990000, ymin=0.000000, xmax=0.992500, ymax=0.000000
Error in <TDecompChol::Decompose()>: matrix not positive definite
Error in <TDecompChol::Solve()>: Decomposition failed
Error in <TLinearFitter::Eval>: Matrix inversion failed
Error in <TDecompChol::Decompose()>: matrix not positive definite
Error in <TDecompChol::Solve()>: Decomposition failed
Error in <TLinearFitter::Eval>: Matrix inversion failed
Error in <TCanvas::Range>: illegal world coordinates range: x1=0.000000, y1=-0.160494, x2=0.000000, y2=1.074074
Error in <TCanvas::RangeAxis>: illegal axis coordinates range: xmin=0.000000, ymin=0.000000, xmax=0.000000, ymax=1.000000
Error in <TCanvas::Range>: illegal world coordinates range: x1=0.000000, y1=-0.160494, x2=0.000000, y2=1.074074
Error in <TCanvas::RangeAxis>: illegal axis coordinates range: xmin=0.000000, ymin=0.000000, xmax=0.000000, ymax=1.000000
Error in <TDecompChol::Decompose()>: matrix not positive definite
Error in <TDecompChol::Solve()>: Decomposition failed
Error in <TLinearFitter::Eval>: Matrix inversion failed
Error in <TCanvas::Range>: illegal world coordinates range: x1=0.472500, y1=-0.160494, x2=0.472500, y2=1.074074
Error in <TCanvas::RangeAxis>: illegal axis coordinates range: xmin=0.472500, ymin=0.000000, xmax=0.472500, ymax=1.000000
Error in <TCanvas::Range>: illegal world coordinates range: x1=0.472500, y1=-0.160494, x2=0.472500, y2=1.074074
Error in <TCanvas::RangeAxis>: illegal axis coordinates range: xmin=0.472500, ymin=0.000000, xmax=0.472500, ymax=1.000000
Error in <TDecompChol::Decompose()>: matrix not positive definite
Error in <TDecompChol::Solve()>: Decomposition failed
Error in <TLinearFitter::Eval>: Matrix inversion failed
Error in <TCanvas::Range>: illegal world coordinates range: x1=0.000000, y1=-0.160494, x2=0.000000, y2=1.074074
Error in <TCanvas::RangeAxis>: illegal axis coordinates range: xmin=0.000000, ymin=0.000000, xmax=0.000000, ymax=1.000000
Error in <TCanvas::Range>: illegal world coordinates range: x1=0.000000, y1=-0.160494, x2=0.000000, y2=1.074074
Error in <TCanvas::RangeAxis>: illegal axis coordinates range: xmin=0.000000, ymin=0.000000, xmax=0.000000, ymax=1.000000
Error in <TDecompChol::Decompose()>: matrix not positive definite
Error in <TDecompChol::Solve()>: Decomposition failed
Error in <TLinearFitter::Eval>: Matrix inversion failed
Error in <TDecompChol::Decompose()>: matrix not positive definite
Error in <TDecompChol::Solve()>: Decomposition failed
Error in <TLinearFitter::Eval>: Matrix inversion failed
Error in <TDecompChol::Decompose()>: matrix not positive definite
Error in <TDecompChol::Solve()>: Decomposition failed
Error in <TLinearFitter::Eval>: Matrix inversion failed
Error in <TDecompChol::Decompose()>: matrix not positive definite
Error in <TDecompChol::Solve()>: Decomposition failed
Error in <TLinearFitter::Eval>: Matrix inversion failed
Error in <TDecompChol::Decompose()>: matrix not positive definite
Error in <TDecompChol::Solve()>: Decomposition failed
Error in <TLinearFitter::Eval>: Matrix inversion failed
Error in <TDecompChol::Decompose()>: matrix not positive definite
Error in <TDecompChol::Solve()>: Decomposition failed
Error in <TLinearFitter::Eval>: Matrix inversion failed
Error in <TDecompChol::Decompose()>: matrix not positive definite
Error in <TDecompChol::Solve()>: Decomposition failed
Error in <TLinearFitter::Eval>: Matrix inversion failed
Error in <TCanvas::Range>: illegal world coordinates range: x1=0.000000, y1=-0.160494, x2=0.000000, y2=1.074074
Error in <TCanvas::RangeAxis>: illegal axis coordinates range: xmin=0.000000, ymin=0.000000, xmax=0.000000, ymax=1.000000
Error in <TCanvas::Range>: illegal world coordinates range: x1=0.000000, y1=-0.160494, x2=0.000000, y2=1.074074
Error in <TCanvas::RangeAxis>: illegal axis coordinates range: xmin=0.000000, ymin=0.000000, xmax=0.000000, ymax=1.000000
Error in <TDecompChol::Decompose()>: matrix not positive definite
Error in <TDecompChol::Solve()>: Decomposition failed
Error in <TLinearFitter::Eval>: Matrix inversion failed
Error in <TDecompChol::Decompose()>: matrix not positive definite
Error in <TDecompChol::Solve()>: Decomposition failed
Error in <TLinearFitter::Eval>: Matrix inversion failed
Error in <TDecompChol::Decompose()>: matrix not positive definite
Error in <TDecompChol::Solve()>: Decomposition failed
Error in <TLinearFitter::Eval>: Matrix inversion failed
Error in <TDecompChol::Decompose()>: matrix not positive definite
Error in <TDecompChol::Solve()>: Decomposition failed
Error in <TLinearFitter::Eval>: Matrix inversion failed
Error in <TDecompChol::Decompose()>: matrix not positive definite
Error in <TDecompChol::Solve()>: Decomposition failed
Error in <TLinearFitter::Eval>: Matrix inversion failed
Error in <TDecompChol::Decompose()>: matrix not positive definite
Error in <TDecompChol::Solve()>: Decomposition failed
Error in <TLinearFitter::Eval>: Matrix inversion failed
Error in <TDecompChol::Decompose()>: matrix not positive definite
Error in <TDecompChol::Solve()>: Decomposition failed
Error in <TLinearFitter::Eval>: Matrix inversion failed
Error in <TCanvas::Range>: illegal world coordinates range: x1=1.172500, y1=-0.160494, x2=1.172500, y2=1.074074
Error in <TCanvas::RangeAxis>: illegal axis coordinates range: xmin=1.172500, ymin=0.000000, xmax=1.172500, ymax=1.000000
Error in <TCanvas::Range>: illegal world coordinates range: x1=1.172500, y1=-0.160494, x2=1.172500, y2=1.074074
Error in <TCanvas::RangeAxis>: illegal axis coordinates range: xmin=1.172500, ymin=0.000000, xmax=1.172500, ymax=1.000000
Error in <TDecompChol::Decompose()>: matrix not positive definite
Error in <TDecompChol::Solve()>: Decomposition failed
Error in <TLinearFitter::Eval>: Matrix inversion failed
Error in <TDecompChol::Decompose()>: matrix not positive definite
Error in <TDecompChol::Solve()>: Decomposition failed
Error in <TLinearFitter::Eval>: Matrix inversion failed
Error in <TDecompChol::Decompose()>: matrix not positive definite
Error in <TDecompChol::Solve()>: Decomposition failed
Error in <TLinearFitter::Eval>: Matrix inversion failed
Error in <TDecompChol::Decompose()>: matrix not positive definite
Error in <TDecompChol::Solve()>: Decomposition failed
Error in <TLinearFitter::Eval>: Matrix inversion failed
Error in <TDecompChol::Decompose()>: matrix not positive definite
Error in <TDecompChol::Solve()>: Decomposition failed
Error in <TLinearFitter::Eval>: Matrix inversion failed
Error in <TDecompChol::Decompose()>: matrix not positive definite
Error in <TDecompChol::Solve()>: Decomposition failed
Error in <TLinearFitter::Eval>: Matrix inversion failed
Error in <TDecompChol::Decompose()>: matrix not positive definite
Error in <TDecompChol::Solve()>: Decomposition failed
Error in <TLinearFitter::Eval>: Matrix inversion failed
Error in <TDecompChol::Decompose()>: matrix not positive definite
Error in <TDecompChol::Solve()>: Decomposition failed
Error in <TLinearFitter::Eval>: Matrix inversion failed
Error in <TDecompChol::Decompose()>: matrix not positive definite
Error in <TDecompChol::Solve()>: Decomposition failed
Error in <TLinearFitter::Eval>: Matrix inversion failed
Error in <TDecompChol::Decompose()>: matrix not positive definite
Error in <TDecompChol::Solve()>: Decomposition failed
Error in <TLinearFitter::Eval>: Matrix inversion failed
Error in <TDecompChol::Decompose()>: matrix not positive definite
Error in <TDecompChol::Solve()>: Decomposition failed
Error in <TLinearFitter::Eval>: Matrix inversion failed
Error in <TDecompChol::Decompose()>: matrix not positive definite
Error in <TDecompChol::Solve()>: Decomposition failed
Error in <TLinearFitter::Eval>: Matrix inversion failed
Error in <TDecompChol::Decompose()>: matrix not positive definite
Error in <TDecompChol::Solve()>: Decomposition failed
Error in <TLinearFitter::Eval>: Matrix inversion failed
Error in <TDecompChol::Decompose()>: matrix not positive definite
Error in <TDecompChol::Solve()>: Decomposition failed
Error in <TLinearFitter::Eval>: Matrix inversion failed
Error in <TDecompChol::Decompose()>: matrix not positive definite
Error in <TDecompChol::Solve()>: Decomposition failed
Error in <TLinearFitter::Eval>: Matrix inversion failed
Error in <TDecompChol::Decompose()>: matrix not positive definite
Error in <TDecompChol::Solve()>: Decomposition failed
Error in <TLinearFitter::Eval>: Matrix inversion failed
Error in <TDecompChol::Decompose()>: matrix not positive definite
Error in <TDecompChol::Solve()>: Decomposition failed
Error in <TLinearFitter::Eval>: Matrix inversion failed
Error in <TDecompChol::Decompose()>: matrix not positive definite
Error in <TDecompChol::Solve()>: Decomposition failed
Error in <TLinearFitter::Eval>: Matrix inversion failed
Error in <TDecompChol::Decompose()>: matrix not positive definite
Error in <TDecompChol::Solve()>: Decomposition failed
Error in <TLinearFitter::Eval>: Matrix inversion failed
Error in <TDecompChol::Decompose()>: matrix not positive definite
Error in <TDecompChol::Solve()>: Decomposition failed
Error in <TLinearFitter::Eval>: Matrix inversion failed
