000 (15148591.054.000) 09/26 23:15:32 Job submitted from host: <188.184.90.241:9618?addrs=188.184.90.241-9618+[2001-1458-201-e4--100-2eb]-9618&alias=bigbird15.cern.ch&noUDP&sock=schedd_2763_c443>
...
040 (15148591.054.000) 09/26 23:30:36 Started transferring input files
	Transferring to host: <188.184.162.138:9618?addrs=188.184.162.138-9618+[2001-1458-301-4a--100-84]-9618&alias=b7s11p5305.cern.ch&noUDP&sock=slot1_3_3860_7816_197283>
...
040 (15148591.054.000) 09/26 23:30:36 Finished transferring input files
...
001 (15148591.054.000) 09/26 23:30:37 Job executing on host: <188.184.162.138:9618?addrs=188.184.162.138-9618+[2001-1458-301-4a--100-84]-9618&alias=b7s11p5305.cern.ch&noUDP&sock=startd_3225_a904>
...
006 (15148591.054.000) 09/26 23:30:46 Image size of job updated: 608668
	52  -  MemoryUsage of job (MB)
	52668  -  ResidentSetSize of job (KB)
...
006 (15148591.054.000) 09/26 23:35:47 Image size of job updated: 1075028
	576  -  MemoryUsage of job (MB)
	589292  -  ResidentSetSize of job (KB)
...
006 (15148591.054.000) 09/26 23:40:48 Image size of job updated: 1535556
	1000  -  MemoryUsage of job (MB)
	1023164  -  ResidentSetSize of job (KB)
...
006 (15148591.054.000) 09/26 23:45:48 Image size of job updated: 1560176
	1000  -  MemoryUsage of job (MB)
	1023164  -  ResidentSetSize of job (KB)
...
006 (15148591.054.000) 09/26 23:55:50 Image size of job updated: 4118376
	1000  -  MemoryUsage of job (MB)
	1023164  -  ResidentSetSize of job (KB)
...
006 (15148591.054.000) 09/27 00:00:50 Image size of job updated: 4168676
	1000  -  MemoryUsage of job (MB)
	1023164  -  ResidentSetSize of job (KB)
...
006 (15148591.054.000) 09/27 00:05:50 Image size of job updated: 4441632
	1000  -  MemoryUsage of job (MB)
	1023164  -  ResidentSetSize of job (KB)
...
006 (15148591.054.000) 09/27 00:10:21 Image size of job updated: 4494240
	1000  -  MemoryUsage of job (MB)
	1023164  -  ResidentSetSize of job (KB)
...
040 (15148591.054.000) 09/27 00:10:21 Started transferring output files
...
040 (15148591.054.000) 09/27 00:10:21 Finished transferring output files
...
005 (15148591.054.000) 09/27 00:10:21 Job terminated.
	(1) Normal termination (return value 0)
		Usr 0 00:14:26, Sys 0 00:00:39  -  Run Remote Usage
		Usr 0 00:00:00, Sys 0 00:00:00  -  Run Local Usage
		Usr 0 00:14:26, Sys 0 00:00:39  -  Total Remote Usage
		Usr 0 00:00:00, Sys 0 00:00:00  -  Total Local Usage
	111727  -  Run Bytes Sent By Job
	323  -  Run Bytes Received By Job
	111727  -  Total Bytes Sent By Job
	323  -  Total Bytes Received By Job
	Partitionable Resources :    Usage  Request Allocated 
	   Cpus                 :     0.93        1         1 
	   Disk (KB)            :   131           1   3112753 
	   Memory (MB)          :  1000        2000      2000 

	Job terminated of its own accord at 2023-09-26T22:10:21Z.
...
