000 (14832095.079.000) 06/12 15:17:57 Job submitted from host: <188.184.90.241:9618?addrs=188.184.90.241-9618+[2001-1458-201-e4--100-2eb]-9618&alias=bigbird15.cern.ch&noUDP&sock=schedd_1460210_2ef4>
...
040 (14832095.079.000) 06/12 15:20:24 Started transferring input files
	Transferring to host: <188.184.162.77:9618?addrs=188.184.162.77-9618+[2001-1458-301-4a--100-47]-9618&alias=b7s11p0570.cern.ch&noUDP&sock=slot1_14_179423_7c19_64352>
...
040 (14832095.079.000) 06/12 15:20:24 Finished transferring input files
...
001 (14832095.079.000) 06/12 15:20:25 Job executing on host: <188.184.162.77:9618?addrs=188.184.162.77-9618+[2001-1458-301-4a--100-47]-9618&alias=b7s11p0570.cern.ch&noUDP&sock=startd_3269_d72f>
...
006 (14832095.079.000) 06/12 15:20:33 Image size of job updated: 47680
	47  -  MemoryUsage of job (MB)
	47680  -  ResidentSetSize of job (KB)
...
006 (14832095.079.000) 06/12 15:25:33 Image size of job updated: 1379228
	846  -  MemoryUsage of job (MB)
	865736  -  ResidentSetSize of job (KB)
...
006 (14832095.079.000) 06/12 15:30:34 Image size of job updated: 1954284
	1324  -  MemoryUsage of job (MB)
	1354920  -  ResidentSetSize of job (KB)
...
006 (14832095.079.000) 06/12 15:35:34 Image size of job updated: 2080400
	1324  -  MemoryUsage of job (MB)
	1354920  -  ResidentSetSize of job (KB)
...
040 (14832095.079.000) 06/12 15:42:27 Started transferring output files
...
040 (14832095.079.000) 06/12 15:42:27 Finished transferring output files
...
005 (14832095.079.000) 06/12 15:42:27 Job terminated.
	(1) Normal termination (return value 0)
		Usr 0 00:12:04, Sys 0 00:00:50  -  Run Remote Usage
		Usr 0 00:00:00, Sys 0 00:00:00  -  Run Local Usage
		Usr 0 00:12:04, Sys 0 00:00:50  -  Total Remote Usage
		Usr 0 00:00:00, Sys 0 00:00:00  -  Total Local Usage
	86392  -  Run Bytes Sent By Job
	323  -  Run Bytes Received By Job
	86392  -  Total Bytes Sent By Job
	323  -  Total Bytes Received By Job
	Partitionable Resources :    Usage  Request Allocated 
	   Cpus                 :     0.08        1         1 
	   Disk (KB)            :   105           1   3005602 
	   Memory (MB)          :  1324        2000      2000 

	Job terminated of its own accord at 2023-06-12T13:42:27Z.
...
