000 (14759892.005.000) 03/28 13:59:15 Job submitted from host: <188.184.90.241:9618?addrs=188.184.90.241-9618+[2001-1458-201-e4--100-2eb]-9618&alias=bigbird15.cern.ch&noUDP&sock=schedd_3631588_e24a>
...
040 (14759892.005.000) 03/28 14:02:11 Started transferring input files
	Transferring to host: <128.142.60.109:9618?addrs=128.142.60.109-9618&alias=b7s05p8759.cern.ch&noUDP&sock=slot1_39_3189_b05b_53641>
...
040 (14759892.005.000) 03/28 14:02:11 Finished transferring input files
...
001 (14759892.005.000) 03/28 14:02:12 Job executing on host: <128.142.60.109:9618?addrs=128.142.60.109-9618&alias=b7s05p8759.cern.ch&noUDP&sock=startd_2825_4b22>
...
006 (14759892.005.000) 03/28 14:02:21 Image size of job updated: 48416
	47  -  MemoryUsage of job (MB)
	47868  -  ResidentSetSize of job (KB)
...
006 (14759892.005.000) 03/28 14:07:22 Image size of job updated: 1143044
	60  -  MemoryUsage of job (MB)
	60692  -  ResidentSetSize of job (KB)
...
006 (14759892.005.000) 03/28 14:12:22 Image size of job updated: 1143044
	66  -  MemoryUsage of job (MB)
	66792  -  ResidentSetSize of job (KB)
...
006 (14759892.005.000) 03/28 14:17:23 Image size of job updated: 4096932
	142  -  MemoryUsage of job (MB)
	144660  -  ResidentSetSize of job (KB)
...
006 (14759892.005.000) 03/28 14:22:24 Image size of job updated: 4423184
	471  -  MemoryUsage of job (MB)
	481876  -  ResidentSetSize of job (KB)
...
040 (14759892.005.000) 03/28 14:22:24 Started transferring output files
...
040 (14759892.005.000) 03/28 14:22:24 Finished transferring output files
...
009 (14759892.005.000) 03/28 14:22:24 Job was aborted.
	Job removed by SYSTEM_PERIODIC_REMOVE due to wall time exceeded allowed max.
...
