000 (15271413.082.000) 12/18 14:02:23 Job submitted from host: <188.184.90.241:9618?addrs=188.184.90.241-9618+[2001-1458-201-e4--100-2eb]-9618&alias=bigbird15.cern.ch&noUDP&sock=schedd_2763_c443>
...
040 (15271413.082.000) 12/18 14:06:18 Started transferring input files
	Transferring to host: <188.184.165.13:9618?addrs=188.184.165.13-9618+[2001-1458-301-51--100-8]-9618&alias=b9s14p7166.cern.ch&noUDP&sock=slot1_20_9999_f330_27959>
...
040 (15271413.082.000) 12/18 14:06:18 Finished transferring input files
...
001 (15271413.082.000) 12/18 14:06:19 Job executing on host: <188.184.165.13:9618?addrs=188.184.165.13-9618+[2001-1458-301-51--100-8]-9618&alias=b9s14p7166.cern.ch&noUDP&sock=startd_8454_51bd>
...
006 (15271413.082.000) 12/18 14:06:27 Image size of job updated: 203788
	185  -  MemoryUsage of job (MB)
	189308  -  ResidentSetSize of job (KB)
...
006 (15271413.082.000) 12/18 14:11:27 Image size of job updated: 503964
	470  -  MemoryUsage of job (MB)
	480612  -  ResidentSetSize of job (KB)
...
006 (15271413.082.000) 12/18 14:16:28 Image size of job updated: 758248
	739  -  MemoryUsage of job (MB)
	756200  -  ResidentSetSize of job (KB)
...
006 (15271413.082.000) 12/18 14:21:29 Image size of job updated: 981612
	937  -  MemoryUsage of job (MB)
	959236  -  ResidentSetSize of job (KB)
...
006 (15271413.082.000) 12/18 14:26:29 Image size of job updated: 2668664
	2572  -  MemoryUsage of job (MB)
	2633424  -  ResidentSetSize of job (KB)
...
006 (15271413.082.000) 12/18 14:30:12 Image size of job updated: 3733156
	2572  -  MemoryUsage of job (MB)
	2633424  -  ResidentSetSize of job (KB)
...
040 (15271413.082.000) 12/18 14:30:12 Started transferring output files
...
040 (15271413.082.000) 12/18 14:30:12 Finished transferring output files
...
005 (15271413.082.000) 12/18 14:30:12 Job terminated.
	(1) Normal termination (return value 0)
		Usr 0 00:20:00, Sys 0 00:00:11  -  Run Remote Usage
		Usr 0 00:00:00, Sys 0 00:00:00  -  Run Local Usage
		Usr 0 00:20:00, Sys 0 00:00:11  -  Total Remote Usage
		Usr 0 00:00:00, Sys 0 00:00:00  -  Total Local Usage
	253349  -  Run Bytes Sent By Job
	269  -  Run Bytes Received By Job
	253349  -  Total Bytes Sent By Job
	269  -  Total Bytes Received By Job
	Partitionable Resources :    Usage  Request Allocated 
	   Cpus                 :     0.10        1         1 
	   Disk (KB)            :   292           1   2963802 
	   Memory (MB)          :  2572        2000      2000 

	Job terminated of its own accord at 2023-12-18T13:30:12Z.
...
