000 (14808124.018.000) 05/19 04:24:07 Job submitted from host: <188.184.90.241:9618?addrs=188.184.90.241-9618+[2001-1458-201-e4--100-2eb]-9618&alias=bigbird15.cern.ch&noUDP&sock=schedd_3273_9590>
...
040 (14808124.018.000) 05/19 04:35:46 Started transferring input files
	Transferring to host: <128.142.60.11:9618?addrs=128.142.60.11-9618&alias=b7s05p0674.cern.ch&noUDP&sock=slot1_12_3157_2459_33293>
...
040 (14808124.018.000) 05/19 04:35:46 Finished transferring input files
...
001 (14808124.018.000) 05/19 04:35:47 Job executing on host: <128.142.60.11:9618?addrs=128.142.60.11-9618&alias=b7s05p0674.cern.ch&noUDP&sock=startd_2781_1cf8>
...
006 (14808124.018.000) 05/19 04:35:55 Image size of job updated: 637468
	205  -  MemoryUsage of job (MB)
	209216  -  ResidentSetSize of job (KB)
...
006 (14808124.018.000) 05/19 04:37:11 Image size of job updated: 1419480
	205  -  MemoryUsage of job (MB)
	209216  -  ResidentSetSize of job (KB)
...
040 (14808124.018.000) 05/19 04:37:11 Started transferring output files
...
040 (14808124.018.000) 05/19 04:37:11 Finished transferring output files
...
005 (14808124.018.000) 05/19 04:37:11 Job terminated.
	(1) Normal termination (return value 0)
		Usr 0 00:00:51, Sys 0 00:00:02  -  Run Remote Usage
		Usr 0 00:00:00, Sys 0 00:00:00  -  Run Local Usage
		Usr 0 00:00:51, Sys 0 00:00:02  -  Total Remote Usage
		Usr 0 00:00:00, Sys 0 00:00:00  -  Total Local Usage
	92897  -  Run Bytes Sent By Job
	269  -  Run Bytes Received By Job
	92897  -  Total Bytes Sent By Job
	269  -  Total Bytes Received By Job
	Partitionable Resources :    Usage  Request Allocated 
	   Cpus                 :                 1         1 
	   Disk (KB)            :      104        1   1342010 
	   Memory (MB)          :      205     2000      2000 

	Job terminated of its own accord at 2023-05-19T02:37:11Z.
...
