000 (15151321.043.000) 10/02 14:58:31 Job submitted from host: <188.184.90.241:9618?addrs=188.184.90.241-9618+[2001-1458-201-e4--100-2eb]-9618&alias=bigbird15.cern.ch&noUDP&sock=schedd_2763_c443>
...
040 (15151321.043.000) 10/02 15:15:16 Started transferring input files
	Transferring to host: <188.184.163.71:9618?addrs=188.184.163.71-9618&alias=b7s12p7279.cern.ch&noUDP&sock=slot1_38_4908_e141_7907>
...
040 (15151321.043.000) 10/02 15:15:16 Finished transferring input files
...
001 (15151321.043.000) 10/02 15:15:17 Job executing on host: <188.184.163.71:9618?addrs=188.184.163.71-9618&alias=b7s12p7279.cern.ch&noUDP&sock=startd_4177_a72e>
...
006 (15151321.043.000) 10/02 15:15:26 Image size of job updated: 616524
	120  -  MemoryUsage of job (MB)
	122156  -  ResidentSetSize of job (KB)
...
006 (15151321.043.000) 10/02 15:16:48 Image size of job updated: 919136
	120  -  MemoryUsage of job (MB)
	122156  -  ResidentSetSize of job (KB)
...
040 (15151321.043.000) 10/02 15:16:48 Started transferring output files
...
040 (15151321.043.000) 10/02 15:16:48 Finished transferring output files
...
005 (15151321.043.000) 10/02 15:16:48 Job terminated.
	(1) Normal termination (return value 0)
		Usr 0 00:00:11, Sys 0 00:00:00  -  Run Remote Usage
		Usr 0 00:00:00, Sys 0 00:00:00  -  Run Local Usage
		Usr 0 00:00:11, Sys 0 00:00:00  -  Total Remote Usage
		Usr 0 00:00:00, Sys 0 00:00:00  -  Total Local Usage
	7891  -  Run Bytes Sent By Job
	374  -  Run Bytes Received By Job
	7891  -  Total Bytes Sent By Job
	374  -  Total Bytes Received By Job
	Partitionable Resources :    Usage  Request Allocated 
	   Cpus                 :                 1         1 
	   Disk (KB)            :       21        1   3075439 
	   Memory (MB)          :      120     2000      2000 

	Job terminated of its own accord at 2023-10-02T13:16:48Z.
...
