000 (15149113.008.000) 09/27 10:32:17 Job submitted from host: <188.184.90.241:9618?addrs=188.184.90.241-9618+[2001-1458-201-e4--100-2eb]-9618&alias=bigbird15.cern.ch&noUDP&sock=schedd_2763_c443>
...
040 (15149113.008.000) 09/27 10:47:10 Started transferring input files
	Transferring to host: <128.142.61.30:9618?addrs=128.142.61.30-9618+[2001-1458-301-23--100-1d]-9618&alias=b7s06p1081.cern.ch&noUDP&sock=slot1_11_38499_c737_30170>
...
040 (15149113.008.000) 09/27 10:47:10 Finished transferring input files
...
001 (15149113.008.000) 09/27 10:47:11 Job executing on host: <128.142.61.30:9618?addrs=128.142.61.30-9618+[2001-1458-301-23--100-1d]-9618&alias=b7s06p1081.cern.ch&noUDP&sock=startd_10925_3843>
...
006 (15149113.008.000) 09/27 10:47:20 Image size of job updated: 54700
	52  -  MemoryUsage of job (MB)
	52248  -  ResidentSetSize of job (KB)
...
006 (15149113.008.000) 09/27 10:52:21 Image size of job updated: 1156152
	58  -  MemoryUsage of job (MB)
	59076  -  ResidentSetSize of job (KB)
...
006 (15149113.008.000) 09/27 10:57:21 Image size of job updated: 3581000
	230  -  MemoryUsage of job (MB)
	234560  -  ResidentSetSize of job (KB)
...
006 (15149113.008.000) 09/27 11:02:21 Image size of job updated: 3830240
	433  -  MemoryUsage of job (MB)
	442584  -  ResidentSetSize of job (KB)
...
006 (15149113.008.000) 09/27 11:07:21 Image size of job updated: 3894636
	498  -  MemoryUsage of job (MB)
	509596  -  ResidentSetSize of job (KB)
...
006 (15149113.008.000) 09/27 11:07:50 Image size of job updated: 3904128
	498  -  MemoryUsage of job (MB)
	509596  -  ResidentSetSize of job (KB)
...
040 (15149113.008.000) 09/27 11:07:50 Started transferring output files
...
040 (15149113.008.000) 09/27 11:07:50 Finished transferring output files
...
005 (15149113.008.000) 09/27 11:07:50 Job terminated.
	(1) Normal termination (return value 0)
		Usr 0 00:05:05, Sys 0 00:00:12  -  Run Remote Usage
		Usr 0 00:00:00, Sys 0 00:00:00  -  Run Local Usage
		Usr 0 00:05:05, Sys 0 00:00:12  -  Total Remote Usage
		Usr 0 00:00:00, Sys 0 00:00:00  -  Total Local Usage
	73244  -  Run Bytes Sent By Job
	323  -  Run Bytes Received By Job
	73244  -  Total Bytes Sent By Job
	323  -  Total Bytes Received By Job
	Partitionable Resources :    Usage  Request Allocated 
	   Cpus                 :     0.05        1         1 
	   Disk (KB)            :    93           1   1303064 
	   Memory (MB)          :   498        2000      2000 

	Job terminated of its own accord at 2023-09-27T09:07:50Z.
...
