000 (15271413.028.000) 12/18 14:02:22 Job submitted from host: <188.184.90.241:9618?addrs=188.184.90.241-9618+[2001-1458-201-e4--100-2eb]-9618&alias=bigbird15.cern.ch&noUDP&sock=schedd_2763_c443>
...
040 (15271413.028.000) 12/18 14:05:58 Started transferring input files
	Transferring to host: <188.184.162.187:9618?addrs=188.184.162.187-9618+[2001-1458-301-4a--100-b5]-9618&alias=b9s11p1737.cern.ch&noUDP&sock=slot1_16_123736_f4a1_31194>
...
040 (15271413.028.000) 12/18 14:05:58 Finished transferring input files
...
001 (15271413.028.000) 12/18 14:05:59 Job executing on host: <188.184.162.187:9618?addrs=188.184.162.187-9618+[2001-1458-301-4a--100-b5]-9618&alias=b9s11p1737.cern.ch&noUDP&sock=startd_113503_3219>
...
006 (15271413.028.000) 12/18 14:06:08 Image size of job updated: 111024
	109  -  MemoryUsage of job (MB)
	111024  -  ResidentSetSize of job (KB)
...
006 (15271413.028.000) 12/18 14:11:10 Image size of job updated: 372588
	364  -  MemoryUsage of job (MB)
	372588  -  ResidentSetSize of job (KB)
...
006 (15271413.028.000) 12/18 14:16:10 Image size of job updated: 572872
	560  -  MemoryUsage of job (MB)
	572872  -  ResidentSetSize of job (KB)
...
006 (15271413.028.000) 12/18 14:21:10 Image size of job updated: 866196
	846  -  MemoryUsage of job (MB)
	866196  -  ResidentSetSize of job (KB)
...
006 (15271413.028.000) 12/18 14:26:11 Image size of job updated: 3463192
	3383  -  MemoryUsage of job (MB)
	3463192  -  ResidentSetSize of job (KB)
...
040 (15271413.028.000) 12/18 14:27:15 Started transferring output files
...
040 (15271413.028.000) 12/18 14:27:15 Finished transferring output files
...
005 (15271413.028.000) 12/18 14:27:15 Job terminated.
	(1) Normal termination (return value 0)
		Usr 0 00:16:59, Sys 0 00:00:10  -  Run Remote Usage
		Usr 0 00:00:00, Sys 0 00:00:00  -  Run Local Usage
		Usr 0 00:16:59, Sys 0 00:00:10  -  Total Remote Usage
		Usr 0 00:00:00, Sys 0 00:00:00  -  Total Local Usage
	218424  -  Run Bytes Sent By Job
	269  -  Run Bytes Received By Job
	218424  -  Total Bytes Sent By Job
	269  -  Total Bytes Received By Job
	Partitionable Resources :    Usage  Request Allocated 
	   Cpus                 :     0.96        1         1 
	   Disk (KB)            :   257           1   2995273 
	   Memory (MB)          :  3383        2000      2000 

	Job terminated of its own accord at 2023-12-18T13:27:15Z.
...
