000 (14839059.007.000) 06/21 14:43:38 Job submitted from host: <188.184.90.241:9618?addrs=188.184.90.241-9618+[2001-1458-201-e4--100-2eb]-9618&alias=bigbird15.cern.ch&noUDP&sock=schedd_1460210_2ef4>
...
040 (14839059.007.000) 06/21 14:57:05 Started transferring input files
	Transferring to host: <128.142.192.198:9618?addrs=128.142.192.198-9618+[2001-1458-301-56--100-42]-9618&alias=b7g18p1240.cern.ch&noUDP&sock=slot1_7_4168_7ba3_2620>
...
040 (14839059.007.000) 06/21 14:57:05 Finished transferring input files
...
001 (14839059.007.000) 06/21 14:57:06 Job executing on host: <128.142.192.198:9618?addrs=128.142.192.198-9618+[2001-1458-301-56--100-42]-9618&alias=b7g18p1240.cern.ch&noUDP&sock=startd_4038_4f84>
...
006 (14839059.007.000) 06/21 14:57:14 Image size of job updated: 48216
	47  -  MemoryUsage of job (MB)
	47700  -  ResidentSetSize of job (KB)
...
006 (14839059.007.000) 06/21 15:02:14 Image size of job updated: 1450336
	930  -  MemoryUsage of job (MB)
	951380  -  ResidentSetSize of job (KB)
...
006 (14839059.007.000) 06/21 15:07:14 Image size of job updated: 1626512
	930  -  MemoryUsage of job (MB)
	951380  -  ResidentSetSize of job (KB)
...
006 (14839059.007.000) 06/21 15:12:15 Image size of job updated: 4026988
	930  -  MemoryUsage of job (MB)
	951380  -  ResidentSetSize of job (KB)
...
006 (14839059.007.000) 06/21 15:17:15 Image size of job updated: 4317212
	930  -  MemoryUsage of job (MB)
	951380  -  ResidentSetSize of job (KB)
...
006 (14839059.007.000) 06/21 15:22:05 Image size of job updated: 4403312
	930  -  MemoryUsage of job (MB)
	951380  -  ResidentSetSize of job (KB)
...
040 (14839059.007.000) 06/21 15:22:05 Started transferring output files
...
040 (14839059.007.000) 06/21 15:22:05 Finished transferring output files
...
005 (14839059.007.000) 06/21 15:22:05 Job terminated.
	(1) Normal termination (return value 0)
		Usr 0 00:08:27, Sys 0 00:00:31  -  Run Remote Usage
		Usr 0 00:00:00, Sys 0 00:00:00  -  Run Local Usage
		Usr 0 00:08:27, Sys 0 00:00:31  -  Total Remote Usage
		Usr 0 00:00:00, Sys 0 00:00:00  -  Total Local Usage
	103608  -  Run Bytes Sent By Job
	323  -  Run Bytes Received By Job
	103608  -  Total Bytes Sent By Job
	323  -  Total Bytes Received By Job
	Partitionable Resources :    Usage  Request Allocated 
	   Cpus                 :     0.15        1         1 
	   Disk (KB)            :   122           1   3010880 
	   Memory (MB)          :   930        2000      2000 

	Job terminated of its own accord at 2023-06-21T13:22:05Z.
...
