000 (14807135.028.000) 05/13 19:23:40 Job submitted from host: <188.184.90.241:9618?addrs=188.184.90.241-9618+[2001-1458-201-e4--100-2eb]-9618&alias=bigbird15.cern.ch&noUDP&sock=schedd_3273_9590>
...
040 (14807135.028.000) 05/13 19:35:16 Started transferring input files
	Transferring to host: <188.184.162.76:9618?addrs=188.184.162.76-9618&alias=b7s11p5034.cern.ch&noUDP&sock=slot1_39_3707_aab0_60383>
...
040 (14807135.028.000) 05/13 19:35:16 Finished transferring input files
...
001 (14807135.028.000) 05/13 19:35:17 Job executing on host: <188.184.162.76:9618?addrs=188.184.162.76-9618&alias=b7s11p5034.cern.ch&noUDP&sock=startd_2913_a778>
...
006 (14807135.028.000) 05/13 19:35:25 Image size of job updated: 47812
	47  -  MemoryUsage of job (MB)
	47676  -  ResidentSetSize of job (KB)
...
006 (14807135.028.000) 05/13 19:40:25 Image size of job updated: 1878228
	1309  -  MemoryUsage of job (MB)
	1340076  -  ResidentSetSize of job (KB)
...
006 (14807135.028.000) 05/13 19:45:26 Image size of job updated: 1879476
	1309  -  MemoryUsage of job (MB)
	1340076  -  ResidentSetSize of job (KB)
...
006 (14807135.028.000) 05/13 19:50:26 Image size of job updated: 4471160
	1309  -  MemoryUsage of job (MB)
	1340076  -  ResidentSetSize of job (KB)
...
006 (14807135.028.000) 05/13 19:51:19 Image size of job updated: 4490056
	1309  -  MemoryUsage of job (MB)
	1340076  -  ResidentSetSize of job (KB)
...
040 (14807135.028.000) 05/13 19:51:19 Started transferring output files
...
040 (14807135.028.000) 05/13 19:51:19 Finished transferring output files
...
005 (14807135.028.000) 05/13 19:51:19 Job terminated.
	(1) Normal termination (return value 0)
		Usr 0 00:11:48, Sys 0 00:00:42  -  Run Remote Usage
		Usr 0 00:00:00, Sys 0 00:00:00  -  Run Local Usage
		Usr 0 00:11:48, Sys 0 00:00:42  -  Total Remote Usage
		Usr 0 00:00:00, Sys 0 00:00:00  -  Total Local Usage
	106543  -  Run Bytes Sent By Job
	323  -  Run Bytes Received By Job
	106543  -  Total Bytes Sent By Job
	323  -  Total Bytes Received By Job
	Partitionable Resources :    Usage  Request Allocated 
	   Cpus                 :     0.78        1         1 
	   Disk (KB)            :   125           1   3082992 
	   Memory (MB)          :  1309        2000      2000 

	Job terminated of its own accord at 2023-05-13T17:51:19Z.
...
