000 (14807135.026.000) 05/13 19:23:40 Job submitted from host: <188.184.90.241:9618?addrs=188.184.90.241-9618+[2001-1458-201-e4--100-2eb]-9618&alias=bigbird15.cern.ch&noUDP&sock=schedd_3273_9590>
...
040 (14807135.026.000) 05/13 19:35:16 Started transferring input files
	Transferring to host: <188.184.162.180:9618?addrs=188.184.162.180-9618+[2001-1458-301-4a--100-ae]-9618&alias=b7s11p6045.cern.ch&noUDP&sock=slot1_17_4779_fcdb_58911>
...
040 (14807135.026.000) 05/13 19:35:16 Finished transferring input files
...
001 (14807135.026.000) 05/13 19:35:17 Job executing on host: <188.184.162.180:9618?addrs=188.184.162.180-9618+[2001-1458-301-4a--100-ae]-9618&alias=b7s11p6045.cern.ch&noUDP&sock=startd_3205_f120>
...
006 (14807135.026.000) 05/13 19:35:25 Image size of job updated: 111736
	47  -  MemoryUsage of job (MB)
	47680  -  ResidentSetSize of job (KB)
...
006 (14807135.026.000) 05/13 19:40:25 Image size of job updated: 1881464
	1312  -  MemoryUsage of job (MB)
	1343280  -  ResidentSetSize of job (KB)
...
006 (14807135.026.000) 05/13 19:45:26 Image size of job updated: 1906520
	1312  -  MemoryUsage of job (MB)
	1343280  -  ResidentSetSize of job (KB)
...
006 (14807135.026.000) 05/13 19:50:27 Image size of job updated: 4407816
	1312  -  MemoryUsage of job (MB)
	1343280  -  ResidentSetSize of job (KB)
...
006 (14807135.026.000) 05/13 19:52:40 Image size of job updated: 4485500
	1312  -  MemoryUsage of job (MB)
	1343280  -  ResidentSetSize of job (KB)
...
040 (14807135.026.000) 05/13 19:52:40 Started transferring output files
...
040 (14807135.026.000) 05/13 19:52:40 Finished transferring output files
...
005 (14807135.026.000) 05/13 19:52:40 Job terminated.
	(1) Normal termination (return value 0)
		Usr 0 00:12:19, Sys 0 00:00:45  -  Run Remote Usage
		Usr 0 00:00:00, Sys 0 00:00:00  -  Run Local Usage
		Usr 0 00:12:19, Sys 0 00:00:45  -  Total Remote Usage
		Usr 0 00:00:00, Sys 0 00:00:00  -  Total Local Usage
	107556  -  Run Bytes Sent By Job
	323  -  Run Bytes Received By Job
	107556  -  Total Bytes Sent By Job
	323  -  Total Bytes Received By Job
	Partitionable Resources :    Usage  Request Allocated 
	   Cpus                 :     0.96        1         1 
	   Disk (KB)            :   126           1   3115563 
	   Memory (MB)          :  1312        2000      2000 

	Job terminated of its own accord at 2023-05-13T17:52:40Z.
...
