000 (15159756.101.000) 10/09 09:27:44 Job submitted from host: <188.184.90.241:9618?addrs=188.184.90.241-9618+[2001-1458-201-e4--100-2eb]-9618&alias=bigbird15.cern.ch&noUDP&sock=schedd_2763_c443>
...
040 (15159756.101.000) 10/09 11:15:20 Started transferring input files
	Transferring to host: <128.142.130.40:9618?addrs=128.142.130.40-9618+[2001-1458-301-58--100-1c]-9618&alias=b7g20p8621.cern.ch&noUDP&sock=slot1_3_8470_a192_202442>
...
040 (15159756.101.000) 10/09 11:15:20 Finished transferring input files
...
001 (15159756.101.000) 10/09 11:15:21 Job executing on host: <128.142.130.40:9618?addrs=128.142.130.40-9618+[2001-1458-301-58--100-1c]-9618&alias=b7g20p8621.cern.ch&noUDP&sock=startd_7488_b941>
...
006 (15159756.101.000) 10/09 11:15:30 Image size of job updated: 53744
	49  -  MemoryUsage of job (MB)
	50152  -  ResidentSetSize of job (KB)
...
006 (15159756.101.000) 10/09 11:20:31 Image size of job updated: 991800
	963  -  MemoryUsage of job (MB)
	985580  -  ResidentSetSize of job (KB)
...
006 (15159756.101.000) 10/09 11:22:05 Image size of job updated: 3066320
	963  -  MemoryUsage of job (MB)
	985580  -  ResidentSetSize of job (KB)
...
040 (15159756.101.000) 10/09 11:22:05 Started transferring output files
...
040 (15159756.101.000) 10/09 11:22:05 Finished transferring output files
...
005 (15159756.101.000) 10/09 11:22:05 Job terminated.
	(1) Normal termination (return value 0)
		Usr 0 00:05:23, Sys 0 00:00:05  -  Run Remote Usage
		Usr 0 00:00:00, Sys 0 00:00:00  -  Run Local Usage
		Usr 0 00:05:23, Sys 0 00:00:05  -  Total Remote Usage
		Usr 0 00:00:00, Sys 0 00:00:00  -  Total Local Usage
	110238  -  Run Bytes Sent By Job
	269  -  Run Bytes Received By Job
	110238  -  Total Bytes Sent By Job
	269  -  Total Bytes Received By Job
	Partitionable Resources :    Usage  Request Allocated 
	   Cpus                 :     0.94        1         1 
	   Disk (KB)            :   129           1   1617844 
	   Memory (MB)          :   963        2000      2000 

	Job terminated of its own accord at 2023-10-09T09:22:05Z.
...
