000 (15271413.121.000) 12/18 14:02:23 Job submitted from host: <188.184.90.241:9618?addrs=188.184.90.241-9618+[2001-1458-201-e4--100-2eb]-9618&alias=bigbird15.cern.ch&noUDP&sock=schedd_2763_c443>
...
040 (15271413.121.000) 12/18 14:06:30 Started transferring input files
	Transferring to host: <128.142.248.209:9618?addrs=128.142.248.209-9618+[2001-1458-301-73--100-d0]-9618&alias=b9g23p3672.cern.ch&noUDP&sock=slot1_10_136857_e316_11687>
...
040 (15271413.121.000) 12/18 14:06:30 Finished transferring input files
...
001 (15271413.121.000) 12/18 14:06:31 Job executing on host: <128.142.248.209:9618?addrs=128.142.248.209-9618+[2001-1458-301-73--100-d0]-9618&alias=b9g23p3672.cern.ch&noUDP&sock=startd_118638_60eb>
...
006 (15271413.121.000) 12/18 14:06:40 Image size of job updated: 398652
	368  -  MemoryUsage of job (MB)
	376004  -  ResidentSetSize of job (KB)
...
006 (15271413.121.000) 12/18 14:07:30 Image size of job updated: 742728
	368  -  MemoryUsage of job (MB)
	376004  -  ResidentSetSize of job (KB)
...
040 (15271413.121.000) 12/18 14:07:30 Started transferring output files
...
040 (15271413.121.000) 12/18 14:07:30 Finished transferring output files
...
005 (15271413.121.000) 12/18 14:07:30 Job terminated.
	(1) Normal termination (return value 0)
		Usr 0 00:00:06, Sys 0 00:00:03  -  Run Remote Usage
		Usr 0 00:00:00, Sys 0 00:00:00  -  Run Local Usage
		Usr 0 00:00:06, Sys 0 00:00:03  -  Total Remote Usage
		Usr 0 00:00:00, Sys 0 00:00:00  -  Total Local Usage
	20488  -  Run Bytes Sent By Job
	269  -  Run Bytes Received By Job
	20488  -  Total Bytes Sent By Job
	269  -  Total Bytes Received By Job
	Partitionable Resources :    Usage  Request Allocated 
	   Cpus                 :                 1         1 
	   Disk (KB)            :       34        1   3016146 
	   Memory (MB)          :      368     2000      2000 

	Job terminated of its own accord at 2023-12-18T13:07:30Z.
...
