000 (15151940.012.000) 10/03 13:48:53 Job submitted from host: <188.184.90.241:9618?addrs=188.184.90.241-9618+[2001-1458-201-e4--100-2eb]-9618&alias=bigbird15.cern.ch&noUDP&sock=schedd_2763_c443>
...
040 (15151940.012.000) 10/03 13:58:03 Started transferring input files
	Transferring to host: <188.184.163.186:9618?addrs=188.184.163.186-9618+[2001-1458-301-4d--100-b4]-9618&alias=b7s12p6759.cern.ch&noUDP&sock=slot1_3_19057_2160_10702>
...
040 (15151940.012.000) 10/03 13:58:03 Finished transferring input files
...
001 (15151940.012.000) 10/03 13:58:04 Job executing on host: <188.184.163.186:9618?addrs=188.184.163.186-9618+[2001-1458-301-4d--100-b4]-9618&alias=b7s12p6759.cern.ch&noUDP&sock=startd_288925_18c3>
...
006 (15151940.012.000) 10/03 13:58:13 Image size of job updated: 622364
	53  -  MemoryUsage of job (MB)
	53316  -  ResidentSetSize of job (KB)
...
006 (15151940.012.000) 10/03 14:03:14 Image size of job updated: 1013948
	59  -  MemoryUsage of job (MB)
	60364  -  ResidentSetSize of job (KB)
...
006 (15151940.012.000) 10/03 14:08:14 Image size of job updated: 3561844
	156  -  MemoryUsage of job (MB)
	159596  -  ResidentSetSize of job (KB)
...
006 (15151940.012.000) 10/03 14:13:15 Image size of job updated: 3812332
	402  -  MemoryUsage of job (MB)
	411416  -  ResidentSetSize of job (KB)
...
006 (15151940.012.000) 10/03 14:18:16 Image size of job updated: 3880696
	469  -  MemoryUsage of job (MB)
	480112  -  ResidentSetSize of job (KB)
...
006 (15151940.012.000) 10/03 14:18:28 Image size of job updated: 3883232
	469  -  MemoryUsage of job (MB)
	480112  -  ResidentSetSize of job (KB)
...
040 (15151940.012.000) 10/03 14:18:28 Started transferring output files
...
040 (15151940.012.000) 10/03 14:18:28 Finished transferring output files
...
005 (15151940.012.000) 10/03 14:18:28 Job terminated.
	(1) Normal termination (return value 0)
		Usr 0 00:04:49, Sys 0 00:00:11  -  Run Remote Usage
		Usr 0 00:00:00, Sys 0 00:00:00  -  Run Local Usage
		Usr 0 00:04:49, Sys 0 00:00:11  -  Total Remote Usage
		Usr 0 00:00:00, Sys 0 00:00:00  -  Total Local Usage
	69930  -  Run Bytes Sent By Job
	323  -  Run Bytes Received By Job
	69930  -  Total Bytes Sent By Job
	323  -  Total Bytes Received By Job
	Partitionable Resources :    Usage  Request Allocated 
	   Cpus                 :     0.15        1         1 
	   Disk (KB)            :    90           1   3111943 
	   Memory (MB)          :   469        2000      2000 

	Job terminated of its own accord at 2023-10-03T12:18:28Z.
...
