000 (15148591.014.000) 09/26 23:15:32 Job submitted from host: <188.184.90.241:9618?addrs=188.184.90.241-9618+[2001-1458-201-e4--100-2eb]-9618&alias=bigbird15.cern.ch&noUDP&sock=schedd_2763_c443>
...
040 (15148591.014.000) 09/26 23:30:23 Started transferring input files
	Transferring to host: <188.184.163.27:9618?addrs=188.184.163.27-9618+[2001-1458-301-4d--100-15]-9618&alias=b7s12p8102.cern.ch&noUDP&sock=slot1_18_4715_e4d9_6651>
...
040 (15148591.014.000) 09/26 23:30:23 Finished transferring input files
...
001 (15148591.014.000) 09/26 23:30:24 Job executing on host: <188.184.163.27:9618?addrs=188.184.163.27-9618+[2001-1458-301-4d--100-15]-9618&alias=b7s12p8102.cern.ch&noUDP&sock=startd_3127_70bc>
...
006 (15148591.014.000) 09/26 23:30:33 Image size of job updated: 623440
	60  -  MemoryUsage of job (MB)
	60548  -  ResidentSetSize of job (KB)
...
006 (15148591.014.000) 09/26 23:35:34 Image size of job updated: 1004948
	481  -  MemoryUsage of job (MB)
	491732  -  ResidentSetSize of job (KB)
...
006 (15148591.014.000) 09/26 23:40:35 Image size of job updated: 1100380
	481  -  MemoryUsage of job (MB)
	491732  -  ResidentSetSize of job (KB)
...
006 (15148591.014.000) 09/26 23:45:35 Image size of job updated: 3190064
	481  -  MemoryUsage of job (MB)
	491732  -  ResidentSetSize of job (KB)
...
006 (15148591.014.000) 09/26 23:50:36 Image size of job updated: 3398744
	481  -  MemoryUsage of job (MB)
	491732  -  ResidentSetSize of job (KB)
...
006 (15148591.014.000) 09/26 23:55:37 Image size of job updated: 3453076
	500  -  MemoryUsage of job (MB)
	511056  -  ResidentSetSize of job (KB)
...
006 (15148591.014.000) 09/26 23:57:13 Image size of job updated: 3462784
	500  -  MemoryUsage of job (MB)
	511056  -  ResidentSetSize of job (KB)
...
040 (15148591.014.000) 09/26 23:57:13 Started transferring output files
...
040 (15148591.014.000) 09/26 23:57:13 Finished transferring output files
...
005 (15148591.014.000) 09/26 23:57:13 Job terminated.
	(1) Normal termination (return value 0)
		Usr 0 00:11:49, Sys 0 00:00:20  -  Run Remote Usage
		Usr 0 00:00:00, Sys 0 00:00:00  -  Run Local Usage
		Usr 0 00:11:49, Sys 0 00:00:20  -  Total Remote Usage
		Usr 0 00:00:00, Sys 0 00:00:00  -  Total Local Usage
	75615  -  Run Bytes Sent By Job
	323  -  Run Bytes Received By Job
	75615  -  Total Bytes Sent By Job
	323  -  Total Bytes Received By Job
	Partitionable Resources :    Usage  Request Allocated 
	   Cpus                 :     0.07        1         1 
	   Disk (KB)            :    95           1   2933050 
	   Memory (MB)          :   500        2000      2000 

	Job terminated of its own accord at 2023-09-26T21:57:13Z.
...
