000 (14807272.021.000) 05/14 22:53:25 Job submitted from host: <188.184.90.241:9618?addrs=188.184.90.241-9618+[2001-1458-201-e4--100-2eb]-9618&alias=bigbird15.cern.ch&noUDP&sock=schedd_3273_9590>
...
040 (14807272.021.000) 05/14 23:06:20 Started transferring input files
	Transferring to host: <128.142.51.214:9618?addrs=128.142.51.214-9618+[2001-1458-301-3--100-13]-9618&alias=b7g02p3974.cern.ch&noUDP&sock=slot1_7_4060_631e_37300>
...
040 (14807272.021.000) 05/14 23:06:20 Finished transferring input files
...
001 (14807272.021.000) 05/14 23:06:21 Job executing on host: <128.142.51.214:9618?addrs=128.142.51.214-9618+[2001-1458-301-3--100-13]-9618&alias=b7g02p3974.cern.ch&noUDP&sock=startd_3018_acea>
...
006 (14807272.021.000) 05/14 23:06:29 Image size of job updated: 48112
	47  -  MemoryUsage of job (MB)
	47696  -  ResidentSetSize of job (KB)
...
006 (14807272.021.000) 05/14 23:11:29 Image size of job updated: 1476860
	916  -  MemoryUsage of job (MB)
	937104  -  ResidentSetSize of job (KB)
...
006 (14807272.021.000) 05/14 23:16:30 Image size of job updated: 1955576
	1286  -  MemoryUsage of job (MB)
	1315972  -  ResidentSetSize of job (KB)
...
006 (14807272.021.000) 05/14 23:21:30 Image size of job updated: 4097056
	1286  -  MemoryUsage of job (MB)
	1315972  -  ResidentSetSize of job (KB)
...
006 (14807272.021.000) 05/14 23:26:30 Image size of job updated: 4388784
	1286  -  MemoryUsage of job (MB)
	1315972  -  ResidentSetSize of job (KB)
...
006 (14807272.021.000) 05/14 23:30:01 Image size of job updated: 4479640
	1286  -  MemoryUsage of job (MB)
	1315972  -  ResidentSetSize of job (KB)
...
040 (14807272.021.000) 05/14 23:30:01 Started transferring output files
...
040 (14807272.021.000) 05/14 23:30:01 Finished transferring output files
...
005 (14807272.021.000) 05/14 23:30:01 Job terminated.
	(1) Normal termination (return value 0)
		Usr 0 00:11:52, Sys 0 00:00:46  -  Run Remote Usage
		Usr 0 00:00:00, Sys 0 00:00:00  -  Run Local Usage
		Usr 0 00:11:52, Sys 0 00:00:46  -  Total Remote Usage
		Usr 0 00:00:00, Sys 0 00:00:00  -  Total Local Usage
	105991  -  Run Bytes Sent By Job
	323  -  Run Bytes Received By Job
	105991  -  Total Bytes Sent By Job
	323  -  Total Bytes Received By Job
	Partitionable Resources :    Usage  Request Allocated 
	   Cpus                 :        0        1         1 
	   Disk (KB)            :      125        1   1320646 
	   Memory (MB)          :     1286     2000      2000 

	Job terminated of its own accord at 2023-05-14T21:30:01Z.
...
