000 (15151321.120.000) 10/02 14:58:31 Job submitted from host: <188.184.90.241:9618?addrs=188.184.90.241-9618+[2001-1458-201-e4--100-2eb]-9618&alias=bigbird15.cern.ch&noUDP&sock=schedd_2763_c443>
...
040 (15151321.120.000) 10/02 15:17:39 Started transferring input files
	Transferring to host: <128.142.61.127:9618?addrs=128.142.61.127-9618+[2001-1458-301-23--100-7e]-9618&alias=b7s06p4472.cern.ch&noUDP&sock=slot1_24_54020_ba0e_11669>
...
040 (15151321.120.000) 10/02 15:17:39 Finished transferring input files
...
001 (15151321.120.000) 10/02 15:17:40 Job executing on host: <128.142.61.127:9618?addrs=128.142.61.127-9618+[2001-1458-301-23--100-7e]-9618&alias=b7s06p4472.cern.ch&noUDP&sock=startd_3452_5d04>
...
006 (15151321.120.000) 10/02 15:17:49 Image size of job updated: 126848
	121  -  MemoryUsage of job (MB)
	123856  -  ResidentSetSize of job (KB)
...
006 (15151321.120.000) 10/02 15:19:18 Image size of job updated: 920248
	121  -  MemoryUsage of job (MB)
	123856  -  ResidentSetSize of job (KB)
...
040 (15151321.120.000) 10/02 15:19:18 Started transferring output files
...
040 (15151321.120.000) 10/02 15:19:18 Finished transferring output files
...
005 (15151321.120.000) 10/02 15:19:18 Job terminated.
	(1) Normal termination (return value 0)
		Usr 0 00:00:08, Sys 0 00:00:01  -  Run Remote Usage
		Usr 0 00:00:00, Sys 0 00:00:00  -  Run Local Usage
		Usr 0 00:00:08, Sys 0 00:00:01  -  Total Remote Usage
		Usr 0 00:00:00, Sys 0 00:00:00  -  Total Local Usage
	7945  -  Run Bytes Sent By Job
	374  -  Run Bytes Received By Job
	7945  -  Total Bytes Sent By Job
	374  -  Total Bytes Received By Job
	Partitionable Resources :    Usage  Request Allocated 
	   Cpus                 :                 1         1 
	   Disk (KB)            :       23        1   2953916 
	   Memory (MB)          :      121     2000      2000 

	Job terminated of its own accord at 2023-10-02T13:19:18Z.
...
