000 (15150662.012.000) 09/28 15:49:40 Job submitted from host: <188.184.90.241:9618?addrs=188.184.90.241-9618+[2001-1458-201-e4--100-2eb]-9618&alias=bigbird15.cern.ch&noUDP&sock=schedd_2763_c443>
...
040 (15150662.012.000) 09/28 16:00:51 Started transferring input files
	Transferring to host: <128.142.58.98:9618?addrs=128.142.58.98-9618+[2001-1458-301-16--100-61]-9618&alias=b7s03p1831.cern.ch&noUDP&sock=slot1_31_38067_6525_102107>
...
040 (15150662.012.000) 09/28 16:00:51 Finished transferring input files
...
001 (15150662.012.000) 09/28 16:00:52 Job executing on host: <128.142.58.98:9618?addrs=128.142.58.98-9618+[2001-1458-301-16--100-61]-9618&alias=b7s03p1831.cern.ch&noUDP&sock=startd_38029_4f32>
...
006 (15150662.012.000) 09/28 16:01:01 Image size of job updated: 744204
	130  -  MemoryUsage of job (MB)
	132680  -  ResidentSetSize of job (KB)
...
006 (15150662.012.000) 09/28 16:01:30 Image size of job updated: 922056
	130  -  MemoryUsage of job (MB)
	132680  -  ResidentSetSize of job (KB)
...
040 (15150662.012.000) 09/28 16:01:30 Started transferring output files
...
040 (15150662.012.000) 09/28 16:01:30 Finished transferring output files
...
005 (15150662.012.000) 09/28 16:01:30 Job terminated.
	(1) Normal termination (return value 0)
		Usr 0 00:00:06, Sys 0 00:00:01  -  Run Remote Usage
		Usr 0 00:00:00, Sys 0 00:00:00  -  Run Local Usage
		Usr 0 00:00:06, Sys 0 00:00:01  -  Total Remote Usage
		Usr 0 00:00:00, Sys 0 00:00:00  -  Total Local Usage
	8494  -  Run Bytes Sent By Job
	374  -  Run Bytes Received By Job
	8494  -  Total Bytes Sent By Job
	374  -  Total Bytes Received By Job
	Partitionable Resources :    Usage  Request Allocated 
	   Cpus                 :                 1         1 
	   Disk (KB)            :       22        1   2929039 
	   Memory (MB)          :      130     2000      2000 

	Job terminated of its own accord at 2023-09-28T14:01:30Z.
...
