000 (15153696.044.000) 10/03 22:27:19 Job submitted from host: <188.184.90.241:9618?addrs=188.184.90.241-9618+[2001-1458-201-e4--100-2eb]-9618&alias=bigbird15.cern.ch&noUDP&sock=schedd_2763_c443>
...
040 (15153696.044.000) 10/03 22:30:24 Started transferring input files
	Transferring to host: <188.184.163.74:9618?addrs=188.184.163.74-9618+[2001-1458-301-4d--100-44]-9618&alias=b7s12p5677.cern.ch&noUDP&sock=slot1_3_216385_8eb8_98690>
...
040 (15153696.044.000) 10/03 22:30:24 Finished transferring input files
...
001 (15153696.044.000) 10/03 22:30:25 Job executing on host: <188.184.163.74:9618?addrs=188.184.163.74-9618+[2001-1458-301-4d--100-44]-9618&alias=b7s12p5677.cern.ch&noUDP&sock=startd_216346_f088>
...
006 (15153696.044.000) 10/03 22:30:34 Image size of job updated: 909924
	120  -  MemoryUsage of job (MB)
	122060  -  ResidentSetSize of job (KB)
...
006 (15153696.044.000) 10/03 22:34:22 Image size of job updated: 919128
	120  -  MemoryUsage of job (MB)
	122060  -  ResidentSetSize of job (KB)
...
040 (15153696.044.000) 10/03 22:34:22 Started transferring output files
...
040 (15153696.044.000) 10/03 22:34:22 Finished transferring output files
...
005 (15153696.044.000) 10/03 22:34:22 Job terminated.
	(1) Normal termination (return value 0)
		Usr 0 00:00:11, Sys 0 00:00:01  -  Run Remote Usage
		Usr 0 00:00:00, Sys 0 00:00:00  -  Run Local Usage
		Usr 0 00:00:11, Sys 0 00:00:01  -  Total Remote Usage
		Usr 0 00:00:00, Sys 0 00:00:00  -  Total Local Usage
	7891  -  Run Bytes Sent By Job
	374  -  Run Bytes Received By Job
	7891  -  Total Bytes Sent By Job
	374  -  Total Bytes Received By Job
	Partitionable Resources :    Usage  Request Allocated 
	   Cpus                 :     0.08        1         1 
	   Disk (KB)            :    29           1   3015969 
	   Memory (MB)          :   120        2000      2000 

	Job terminated of its own accord at 2023-10-03T20:34:22Z.
...
