000 (15153696.060.000) 10/03 22:27:19 Job submitted from host: <188.184.90.241:9618?addrs=188.184.90.241-9618+[2001-1458-201-e4--100-2eb]-9618&alias=bigbird15.cern.ch&noUDP&sock=schedd_2763_c443>
...
040 (15153696.060.000) 10/03 22:30:38 Started transferring input files
	Transferring to host: <128.142.57.149:9618?addrs=128.142.57.149-9618&alias=b7s02p3502.cern.ch&noUDP&sock=slot1_10_3242_083d_105558>
...
040 (15153696.060.000) 10/03 22:30:38 Finished transferring input files
...
001 (15153696.060.000) 10/03 22:30:39 Job executing on host: <128.142.57.149:9618?addrs=128.142.57.149-9618&alias=b7s02p3502.cern.ch&noUDP&sock=startd_2820_dd29>
...
006 (15153696.060.000) 10/03 22:30:48 Image size of job updated: 911380
	121  -  MemoryUsage of job (MB)
	123572  -  ResidentSetSize of job (KB)
...
006 (15153696.060.000) 10/03 22:34:28 Image size of job updated: 922920
	121  -  MemoryUsage of job (MB)
	123572  -  ResidentSetSize of job (KB)
...
040 (15153696.060.000) 10/03 22:34:28 Started transferring output files
...
040 (15153696.060.000) 10/03 22:34:28 Finished transferring output files
...
005 (15153696.060.000) 10/03 22:34:28 Job terminated.
	(1) Normal termination (return value 0)
		Usr 0 00:00:09, Sys 0 00:00:00  -  Run Remote Usage
		Usr 0 00:00:00, Sys 0 00:00:00  -  Run Local Usage
		Usr 0 00:00:09, Sys 0 00:00:00  -  Total Remote Usage
		Usr 0 00:00:00, Sys 0 00:00:00  -  Total Local Usage
	7984  -  Run Bytes Sent By Job
	374  -  Run Bytes Received By Job
	7984  -  Total Bytes Sent By Job
	374  -  Total Bytes Received By Job
	Partitionable Resources :    Usage  Request Allocated 
	   Cpus                 :                 1         1 
	   Disk (KB)            :       21        1   2922726 
	   Memory (MB)          :      121     2000      2000 

	Job terminated of its own accord at 2023-10-03T20:34:28Z.
...
