000 (15151940.001.000) 10/03 13:48:53 Job submitted from host: <188.184.90.241:9618?addrs=188.184.90.241-9618+[2001-1458-201-e4--100-2eb]-9618&alias=bigbird15.cern.ch&noUDP&sock=schedd_2763_c443>
...
040 (15151940.001.000) 10/03 13:57:59 Started transferring input files
	Transferring to host: <188.184.162.80:9618?addrs=188.184.162.80-9618+[2001-1458-301-4a--100-4a]-9618&alias=b7s11p9449.cern.ch&noUDP&sock=slot1_2_212854_a609_28919>
...
040 (15151940.001.000) 10/03 13:57:59 Finished transferring input files
...
001 (15151940.001.000) 10/03 13:58:00 Job executing on host: <188.184.162.80:9618?addrs=188.184.162.80-9618+[2001-1458-301-4a--100-4a]-9618&alias=b7s11p9449.cern.ch&noUDP&sock=startd_212814_4807>
...
006 (15151940.001.000) 10/03 13:58:08 Image size of job updated: 623320
	63  -  MemoryUsage of job (MB)
	63608  -  ResidentSetSize of job (KB)
...
006 (15151940.001.000) 10/03 14:03:08 Image size of job updated: 1296264
	742  -  MemoryUsage of job (MB)
	759768  -  ResidentSetSize of job (KB)
...
006 (15151940.001.000) 10/03 14:06:07 Image size of job updated: 1396328
	742  -  MemoryUsage of job (MB)
	759768  -  ResidentSetSize of job (KB)
...
040 (15151940.001.000) 10/03 14:06:07 Started transferring output files
...
040 (15151940.001.000) 10/03 14:06:07 Finished transferring output files
...
005 (15151940.001.000) 10/03 14:06:07 Job terminated.
	(1) Normal termination (return value 0)
		Usr 0 00:07:20, Sys 0 00:00:16  -  Run Remote Usage
		Usr 0 00:00:00, Sys 0 00:00:00  -  Run Local Usage
		Usr 0 00:07:20, Sys 0 00:00:16  -  Total Remote Usage
		Usr 0 00:00:00, Sys 0 00:00:00  -  Total Local Usage
	55932  -  Run Bytes Sent By Job
	323  -  Run Bytes Received By Job
	55932  -  Total Bytes Sent By Job
	323  -  Total Bytes Received By Job
	Partitionable Resources :    Usage  Request Allocated 
	   Cpus                 :                 1         1 
	   Disk (KB)            :       68        1   3089494 
	   Memory (MB)          :      742     2000      2000 

	Job terminated of its own accord at 2023-10-03T12:06:07Z.
...
