000 (14832095.135.000) 06/12 15:17:57 Job submitted from host: <188.184.90.241:9618?addrs=188.184.90.241-9618+[2001-1458-201-e4--100-2eb]-9618&alias=bigbird15.cern.ch&noUDP&sock=schedd_1460210_2ef4>
...
040 (14832095.135.000) 06/12 15:20:19 Started transferring input files
	Transferring to host: <188.184.163.212:9618?addrs=188.184.163.212-9618&alias=b7s12p4714.cern.ch&noUDP&sock=slot1_10_4182_58e3_77331>
...
040 (14832095.135.000) 06/12 15:20:19 Finished transferring input files
...
001 (14832095.135.000) 06/12 15:20:20 Job executing on host: <188.184.163.212:9618?addrs=188.184.163.212-9618&alias=b7s12p4714.cern.ch&noUDP&sock=startd_4127_5b71>
...
006 (14832095.135.000) 06/12 15:20:29 Image size of job updated: 538064
	36  -  MemoryUsage of job (MB)
	36048  -  ResidentSetSize of job (KB)
...
006 (14832095.135.000) 06/12 15:25:29 Image size of job updated: 1471996
	961  -  MemoryUsage of job (MB)
	983804  -  ResidentSetSize of job (KB)
...
006 (14832095.135.000) 06/12 15:30:29 Image size of job updated: 1732908
	1167  -  MemoryUsage of job (MB)
	1194852  -  ResidentSetSize of job (KB)
...
006 (14832095.135.000) 06/12 15:50:32 Image size of job updated: 4040324
	1167  -  MemoryUsage of job (MB)
	1194852  -  ResidentSetSize of job (KB)
...
006 (14832095.135.000) 06/12 16:00:33 Image size of job updated: 4224704
	1167  -  MemoryUsage of job (MB)
	1194852  -  ResidentSetSize of job (KB)
...
006 (14832095.135.000) 06/12 16:05:33 Image size of job updated: 4326120
	1167  -  MemoryUsage of job (MB)
	1194852  -  ResidentSetSize of job (KB)
...
006 (14832095.135.000) 06/12 16:10:34 Image size of job updated: 4334996
	1167  -  MemoryUsage of job (MB)
	1194852  -  ResidentSetSize of job (KB)
...
006 (14832095.135.000) 06/12 16:15:34 Image size of job updated: 4395652
	1167  -  MemoryUsage of job (MB)
	1194852  -  ResidentSetSize of job (KB)
...
006 (14832095.135.000) 06/12 16:20:34 Image size of job updated: 4415664
	1167  -  MemoryUsage of job (MB)
	1194852  -  ResidentSetSize of job (KB)
...
040 (14832095.135.000) 06/12 16:20:38 Started transferring output files
...
040 (14832095.135.000) 06/12 16:20:38 Finished transferring output files
...
005 (14832095.135.000) 06/12 16:20:38 Job terminated.
	(1) Normal termination (return value 0)
		Usr 0 00:12:01, Sys 0 00:00:42  -  Run Remote Usage
		Usr 0 00:00:00, Sys 0 00:00:00  -  Run Local Usage
		Usr 0 00:12:01, Sys 0 00:00:42  -  Total Remote Usage
		Usr 0 00:00:00, Sys 0 00:00:00  -  Total Local Usage
	114211  -  Run Bytes Sent By Job
	323  -  Run Bytes Received By Job
	114211  -  Total Bytes Sent By Job
	323  -  Total Bytes Received By Job
	Partitionable Resources :    Usage  Request Allocated 
	   Cpus                 :     0.99        1         1 
	   Disk (KB)            :   132           1   3063734 
	   Memory (MB)          :  1167        2000      2000 

	Job terminated of its own accord at 2023-06-12T14:20:37Z.
...
