Error in <TSystem::ExpandFileName>: input: $HOME/.root.mimes, output: $HOME/.root.mimes
SysError in <TFile::Flush>: error flushing file /afs/cern.ch/user/s/spalluot/MTD/TB_CERN_Sep23/Lab5015Analysis/plots/moduleCharacterization_step1_HPK_2E14_LYSO300032_Vov0.80_angle64_T-35C.root No such file or directory
Error in <TSystem::ExpandFileName>: input: $HOME/.root.mimes, output: $HOME/.root.mimes
Error in <TFile::ReadBuffer>: error reading all requested bytes from file /afs/cern.ch/user/s/spalluot/MTD/TB_CERN_Sep23/Lab5015Analysis/plots/moduleCharacterization_step1_HPK_2E14_LYSO300032_Vov0.80_angle64_T-35C.root, got 63 of 300
Error in <TFile::Init>: /afs/cern.ch/user/s/spalluot/MTD/TB_CERN_Sep23/Lab5015Analysis/plots/moduleCharacterization_step1_HPK_2E14_LYSO300032_Vov0.80_angle64_T-35C.root failed to read the file type data.

 *** Break *** segmentation violation



===========================================================
There was a crash.
This is the entire stack trace of all threads:
===========================================================
    gdb.printing.register_pretty_printer(gdb.current_objfile(),
    gdb.printing.register_pretty_printer(gdb.current_objfile(),
#0  0x00002af68147460c in waitpid () from /lib64/libc.so.6
#1  0x00002af6813f1f62 in do_system () from /lib64/libc.so.6
#2  0x00002af67c96d3fc in TUnixSystem::StackTrace() () from /usr/lib64/root/libCore.so.6.24
#3  0x00002af67c96f31a in TUnixSystem::DispatchSignals(ESignals) () from /usr/lib64/root/libCore.so.6.24
#4  <signal handler called>
#5  0x0000000000458144 in main ()
===========================================================


The lines below might hint at the cause of the crash.
You may get help by asking at the ROOT forum https://root.cern.ch/forum
Only if you are really convinced it is a bug in ROOT then please submit a
report at https://root.cern.ch/bugs Please post the ENTIRE stack trace
from above as an attachment in addition to anything else
that might help us fixing this issue.
===========================================================
#5  0x0000000000458144 in main ()
===========================================================


