000 (14832095.080.000) 06/12 15:17:57 Job submitted from host: <188.184.90.241:9618?addrs=188.184.90.241-9618+[2001-1458-201-e4--100-2eb]-9618&alias=bigbird15.cern.ch&noUDP&sock=schedd_1460210_2ef4>
...
040 (14832095.080.000) 06/12 15:20:02 Started transferring input files
	Transferring to host: <188.184.162.77:9618?addrs=188.184.162.77-9618+[2001-1458-301-4a--100-47]-9618&alias=b7s11p0570.cern.ch&noUDP&sock=slot1_7_179423_7c19_64351>
...
040 (14832095.080.000) 06/12 15:20:02 Finished transferring input files
...
001 (14832095.080.000) 06/12 15:20:03 Job executing on host: <188.184.162.77:9618?addrs=188.184.162.77-9618+[2001-1458-301-4a--100-47]-9618&alias=b7s11p0570.cern.ch&noUDP&sock=startd_3269_d72f>
...
006 (14832095.080.000) 06/12 15:20:12 Image size of job updated: 554136
	47  -  MemoryUsage of job (MB)
	47692  -  ResidentSetSize of job (KB)
...
006 (14832095.080.000) 06/12 15:25:12 Image size of job updated: 1476380
	891  -  MemoryUsage of job (MB)
	911496  -  ResidentSetSize of job (KB)
...
006 (14832095.080.000) 06/12 15:29:02 Image size of job updated: 1501380
	891  -  MemoryUsage of job (MB)
	911496  -  ResidentSetSize of job (KB)
...
040 (14832095.080.000) 06/12 15:29:02 Started transferring output files
...
040 (14832095.080.000) 06/12 15:29:02 Finished transferring output files
...
005 (14832095.080.000) 06/12 15:29:02 Job terminated.
	(1) Normal termination (return value 0)
		Usr 0 00:07:06, Sys 0 00:00:29  -  Run Remote Usage
		Usr 0 00:00:00, Sys 0 00:00:00  -  Run Local Usage
		Usr 0 00:07:06, Sys 0 00:00:29  -  Total Remote Usage
		Usr 0 00:00:00, Sys 0 00:00:00  -  Total Local Usage
	61411  -  Run Bytes Sent By Job
	323  -  Run Bytes Received By Job
	61411  -  Total Bytes Sent By Job
	323  -  Total Bytes Received By Job
	Partitionable Resources :    Usage  Request Allocated 
	   Cpus                 :     0.85        1         1 
	   Disk (KB)            :    81           1   3006125 
	   Memory (MB)          :   891        2000      2000 

	Job terminated of its own accord at 2023-06-12T13:29:02Z.
...
