000 (15148591.079.000) 09/26 23:15:32 Job submitted from host: <188.184.90.241:9618?addrs=188.184.90.241-9618+[2001-1458-201-e4--100-2eb]-9618&alias=bigbird15.cern.ch&noUDP&sock=schedd_2763_c443>
...
040 (15148591.079.000) 09/26 23:30:44 Started transferring input files
	Transferring to host: <128.142.137.162:9618?addrs=128.142.137.162-9618+[2001-1458-301-5e--100-96]-9618&alias=b7g19p4762.cern.ch&noUDP&sock=slot1_23_3255_311d_58335>
...
040 (15148591.079.000) 09/26 23:30:44 Finished transferring input files
...
001 (15148591.079.000) 09/26 23:30:45 Job executing on host: <128.142.137.162:9618?addrs=128.142.137.162-9618+[2001-1458-301-5e--100-96]-9618&alias=b7g19p4762.cern.ch&noUDP&sock=startd_2713_7887>
...
006 (15148591.079.000) 09/26 23:30:54 Image size of job updated: 607884
	52  -  MemoryUsage of job (MB)
	52492  -  ResidentSetSize of job (KB)
...
006 (15148591.079.000) 09/26 23:35:56 Image size of job updated: 1051124
	528  -  MemoryUsage of job (MB)
	540040  -  ResidentSetSize of job (KB)
...
006 (15148591.079.000) 09/26 23:40:56 Image size of job updated: 1224152
	672  -  MemoryUsage of job (MB)
	687672  -  ResidentSetSize of job (KB)
...
006 (15148591.079.000) 09/26 23:45:56 Image size of job updated: 3939668
	672  -  MemoryUsage of job (MB)
	687672  -  ResidentSetSize of job (KB)
...
006 (15148591.079.000) 09/26 23:49:51 Image size of job updated: 4013896
	672  -  MemoryUsage of job (MB)
	687672  -  ResidentSetSize of job (KB)
...
040 (15148591.079.000) 09/26 23:49:51 Started transferring output files
...
040 (15148591.079.000) 09/26 23:49:51 Finished transferring output files
...
005 (15148591.079.000) 09/26 23:49:51 Job terminated.
	(1) Normal termination (return value 0)
		Usr 0 00:14:20, Sys 0 00:00:22  -  Run Remote Usage
		Usr 0 00:00:00, Sys 0 00:00:00  -  Run Local Usage
		Usr 0 00:14:20, Sys 0 00:00:22  -  Total Remote Usage
		Usr 0 00:00:00, Sys 0 00:00:00  -  Total Local Usage
	81186  -  Run Bytes Sent By Job
	323  -  Run Bytes Received By Job
	81186  -  Total Bytes Sent By Job
	323  -  Total Bytes Received By Job
	Partitionable Resources :    Usage  Request Allocated 
	   Cpus                 :     0.56        1         1 
	   Disk (KB)            :   101           1   1563474 
	   Memory (MB)          :   672        2000      2000 

	Job terminated of its own accord at 2023-09-26T21:49:51Z.
...
