000 (15150662.190.000) 09/28 15:49:40 Job submitted from host: <188.184.90.241:9618?addrs=188.184.90.241-9618+[2001-1458-201-e4--100-2eb]-9618&alias=bigbird15.cern.ch&noUDP&sock=schedd_2763_c443>
...
040 (15150662.190.000) 09/28 16:01:51 Started transferring input files
	Transferring to host: <188.184.162.56:9618?addrs=188.184.162.56-9618+[2001-1458-301-4a--100-32]-9618&alias=b7s11p5592.cern.ch&noUDP&sock=slot1_34_92333_b384_93134>
...
040 (15150662.190.000) 09/28 16:01:51 Finished transferring input files
...
001 (15150662.190.000) 09/28 16:01:52 Job executing on host: <188.184.162.56:9618?addrs=188.184.162.56-9618+[2001-1458-301-4a--100-32]-9618&alias=b7s11p5592.cern.ch&noUDP&sock=startd_112988_f2d3>
...
006 (15150662.190.000) 09/28 16:01:55 Image size of job updated: 92520
	0  -  MemoryUsage of job (MB)
	0  -  ResidentSetSize of job (KB)
...
040 (15150662.190.000) 09/28 16:01:55 Started transferring output files
...
040 (15150662.190.000) 09/28 16:01:55 Finished transferring output files
...
005 (15150662.190.000) 09/28 16:01:55 Job terminated.
	(1) Normal termination (return value 0)
		Usr 0 00:00:02, Sys 0 00:00:00  -  Run Remote Usage
		Usr 0 00:00:00, Sys 0 00:00:00  -  Run Local Usage
		Usr 0 00:00:02, Sys 0 00:00:00  -  Total Remote Usage
		Usr 0 00:00:00, Sys 0 00:00:00  -  Total Local Usage
	7655  -  Run Bytes Sent By Job
	374  -  Run Bytes Received By Job
	7655  -  Total Bytes Sent By Job
	374  -  Total Bytes Received By Job
	Partitionable Resources :    Usage  Request Allocated 
	   Cpus                 :                 1         1 
	   Disk (KB)            :       21        1   3094281 
	   Memory (MB)          :        0     2000      2000 

	Job terminated of its own accord at 2023-09-28T14:01:55Z.
...
