000 (14807272.008.000) 05/14 22:53:25 Job submitted from host: <188.184.90.241:9618?addrs=188.184.90.241-9618+[2001-1458-201-e4--100-2eb]-9618&alias=bigbird15.cern.ch&noUDP&sock=schedd_3273_9590>
...
040 (14807272.008.000) 05/14 23:06:14 Started transferring input files
	Transferring to host: <188.184.162.97:9618?addrs=188.184.162.97-9618+[2001-1458-301-4a--100-5b]-9618&alias=b7s11p5087.cern.ch&noUDP&sock=slot1_10_4098_2960_62052>
...
040 (14807272.008.000) 05/14 23:06:14 Finished transferring input files
...
001 (14807272.008.000) 05/14 23:06:15 Job executing on host: <188.184.162.97:9618?addrs=188.184.162.97-9618+[2001-1458-301-4a--100-5b]-9618&alias=b7s11p5087.cern.ch&noUDP&sock=startd_3270_86c8>
...
006 (14807272.008.000) 05/14 23:06:24 Image size of job updated: 554120
	47  -  MemoryUsage of job (MB)
	47680  -  ResidentSetSize of job (KB)
...
006 (14807272.008.000) 05/14 23:11:25 Image size of job updated: 1733236
	1168  -  MemoryUsage of job (MB)
	1195100  -  ResidentSetSize of job (KB)
...
006 (14807272.008.000) 05/14 23:21:26 Image size of job updated: 4393844
	1168  -  MemoryUsage of job (MB)
	1195100  -  ResidentSetSize of job (KB)
...
006 (14807272.008.000) 05/14 23:26:27 Image size of job updated: 4452548
	1168  -  MemoryUsage of job (MB)
	1195100  -  ResidentSetSize of job (KB)
...
006 (14807272.008.000) 05/14 23:28:41 Image size of job updated: 4480924
	1168  -  MemoryUsage of job (MB)
	1195100  -  ResidentSetSize of job (KB)
...
040 (14807272.008.000) 05/14 23:28:41 Started transferring output files
...
040 (14807272.008.000) 05/14 23:28:41 Finished transferring output files
...
005 (14807272.008.000) 05/14 23:28:41 Job terminated.
	(1) Normal termination (return value 0)
		Usr 0 00:09:37, Sys 0 00:00:35  -  Run Remote Usage
		Usr 0 00:00:00, Sys 0 00:00:00  -  Run Local Usage
		Usr 0 00:09:37, Sys 0 00:00:35  -  Total Remote Usage
		Usr 0 00:00:00, Sys 0 00:00:00  -  Total Local Usage
	100465  -  Run Bytes Sent By Job
	323  -  Run Bytes Received By Job
	100465  -  Total Bytes Sent By Job
	323  -  Total Bytes Received By Job
	Partitionable Resources :    Usage  Request Allocated 
	   Cpus                 :     0.93        1         1 
	   Disk (KB)            :   119           1   3073846 
	   Memory (MB)          :  1168        2000      2000 

	Job terminated of its own accord at 2023-05-14T21:28:41Z.
...
