000 (15271413.129.000) 12/18 14:02:23 Job submitted from host: <188.184.90.241:9618?addrs=188.184.90.241-9618+[2001-1458-201-e4--100-2eb]-9618&alias=bigbird15.cern.ch&noUDP&sock=schedd_2763_c443>
...
040 (15271413.129.000) 12/18 14:06:33 Started transferring input files
	Transferring to host: <128.142.61.99:9618?addrs=128.142.61.99-9618+[2001-1458-301-23--100-62]-9618&alias=b9s06p0806.cern.ch&noUDP&sock=slot1_10_123463_9a36_6549>
...
040 (15271413.129.000) 12/18 14:06:33 Finished transferring input files
...
001 (15271413.129.000) 12/18 14:06:34 Job executing on host: <128.142.61.99:9618?addrs=128.142.61.99-9618+[2001-1458-301-23--100-62]-9618&alias=b9s06p0806.cern.ch&noUDP&sock=startd_113266_a227>
...
006 (15271413.129.000) 12/18 14:06:43 Image size of job updated: 510372
	475  -  MemoryUsage of job (MB)
	485556  -  ResidentSetSize of job (KB)
...
006 (15271413.129.000) 12/18 14:11:44 Image size of job updated: 860272
	836  -  MemoryUsage of job (MB)
	855564  -  ResidentSetSize of job (KB)
...
006 (15271413.129.000) 12/18 14:16:45 Image size of job updated: 1508384
	1441  -  MemoryUsage of job (MB)
	1475396  -  ResidentSetSize of job (KB)
...
006 (15271413.129.000) 12/18 14:19:48 Image size of job updated: 3317936
	1441  -  MemoryUsage of job (MB)
	1475396  -  ResidentSetSize of job (KB)
...
040 (15271413.129.000) 12/18 14:19:48 Started transferring output files
...
040 (15271413.129.000) 12/18 14:19:48 Finished transferring output files
...
005 (15271413.129.000) 12/18 14:19:48 Job terminated.
	(1) Normal termination (return value 0)
		Usr 0 00:09:44, Sys 0 00:00:13  -  Run Remote Usage
		Usr 0 00:00:00, Sys 0 00:00:00  -  Run Local Usage
		Usr 0 00:09:44, Sys 0 00:00:13  -  Total Remote Usage
		Usr 0 00:00:00, Sys 0 00:00:00  -  Total Local Usage
	176706  -  Run Bytes Sent By Job
	269  -  Run Bytes Received By Job
	176706  -  Total Bytes Sent By Job
	269  -  Total Bytes Received By Job
	Partitionable Resources :    Usage  Request Allocated 
	   Cpus                 :     0.94        1         1 
	   Disk (KB)            :   216           1   3046666 
	   Memory (MB)          :  1441        2000      2000 

	Job terminated of its own accord at 2023-12-18T13:19:48Z.
...
