000 (15150654.006.000) 09/28 14:27:13 Job submitted from host: <188.184.90.241:9618?addrs=188.184.90.241-9618+[2001-1458-201-e4--100-2eb]-9618&alias=bigbird15.cern.ch&noUDP&sock=schedd_2763_c443>
...
040 (15150654.006.000) 09/28 14:45:56 Started transferring input files
	Transferring to host: <128.142.57.51:9618?addrs=128.142.57.51-9618+[2001-1458-301-7--100-32]-9618&alias=b7s02p1335.cern.ch&noUDP&sock=slot1_29_4791_715c_191394>
...
040 (15150654.006.000) 09/28 14:45:56 Finished transferring input files
...
001 (15150654.006.000) 09/28 14:45:57 Job executing on host: <128.142.57.51:9618?addrs=128.142.57.51-9618+[2001-1458-301-7--100-32]-9618&alias=b7s02p1335.cern.ch&noUDP&sock=startd_4247_aacf>
...
006 (15150654.006.000) 09/28 14:46:05 Image size of job updated: 744216
	128  -  MemoryUsage of job (MB)
	130236  -  ResidentSetSize of job (KB)
...
006 (15150654.006.000) 09/28 14:46:11 Image size of job updated: 915776
	128  -  MemoryUsage of job (MB)
	130236  -  ResidentSetSize of job (KB)
...
040 (15150654.006.000) 09/28 14:46:11 Started transferring output files
...
040 (15150654.006.000) 09/28 14:46:11 Finished transferring output files
...
005 (15150654.006.000) 09/28 14:46:11 Job terminated.
	(1) Normal termination (return value 0)
		Usr 0 00:00:04, Sys 0 00:00:00  -  Run Remote Usage
		Usr 0 00:00:00, Sys 0 00:00:00  -  Run Local Usage
		Usr 0 00:00:04, Sys 0 00:00:00  -  Total Remote Usage
		Usr 0 00:00:00, Sys 0 00:00:00  -  Total Local Usage
	7494  -  Run Bytes Sent By Job
	374  -  Run Bytes Received By Job
	7494  -  Total Bytes Sent By Job
	374  -  Total Bytes Received By Job
	Partitionable Resources :    Usage  Request Allocated 
	   Cpus                 :                 1         1 
	   Disk (KB)            :       21        1   1261822 
	   Memory (MB)          :      128     2000      2000 

	Job terminated of its own accord at 2023-09-28T12:46:11Z.
...
