000 (15150655.176.000) 09/28 15:00:14 Job submitted from host: <188.184.90.241:9618?addrs=188.184.90.241-9618+[2001-1458-201-e4--100-2eb]-9618&alias=bigbird15.cern.ch&noUDP&sock=schedd_2763_c443>
...
040 (15150655.176.000) 09/28 15:03:40 Started transferring input files
	Transferring to host: <128.142.60.151:9618?addrs=128.142.60.151-9618+[2001-1458-301-22--100-96]-9618&alias=b7s05p1265.cern.ch&noUDP&sock=slot1_44_4040_4b9d_191254>
...
040 (15150655.176.000) 09/28 15:03:40 Finished transferring input files
...
001 (15150655.176.000) 09/28 15:03:41 Job executing on host: <128.142.60.151:9618?addrs=128.142.60.151-9618+[2001-1458-301-22--100-96]-9618&alias=b7s05p1265.cern.ch&noUDP&sock=startd_3010_3028>
...
006 (15150655.176.000) 09/28 15:03:50 Image size of job updated: 911208
	121  -  MemoryUsage of job (MB)
	123296  -  ResidentSetSize of job (KB)
...
006 (15150655.176.000) 09/28 15:07:19 Image size of job updated: 922624
	121  -  MemoryUsage of job (MB)
	123296  -  ResidentSetSize of job (KB)
...
040 (15150655.176.000) 09/28 15:07:19 Started transferring output files
...
040 (15150655.176.000) 09/28 15:07:19 Finished transferring output files
...
005 (15150655.176.000) 09/28 15:07:19 Job terminated.
	(1) Normal termination (return value 0)
		Usr 0 00:00:12, Sys 0 00:00:00  -  Run Remote Usage
		Usr 0 00:00:00, Sys 0 00:00:00  -  Run Local Usage
		Usr 0 00:00:12, Sys 0 00:00:00  -  Total Remote Usage
		Usr 0 00:00:00, Sys 0 00:00:00  -  Total Local Usage
	7916  -  Run Bytes Sent By Job
	374  -  Run Bytes Received By Job
	7916  -  Total Bytes Sent By Job
	374  -  Total Bytes Received By Job
	Partitionable Resources :    Usage  Request Allocated 
	   Cpus                 :                 1         1 
	   Disk (KB)            :       22        1   1226297 
	   Memory (MB)          :      121     2000      2000 

	Job terminated of its own accord at 2023-09-28T13:07:19Z.
...
