000 (14807404.011.000) 05/15 22:32:17 Job submitted from host: <188.184.90.241:9618?addrs=188.184.90.241-9618+[2001-1458-201-e4--100-2eb]-9618&alias=bigbird15.cern.ch&noUDP&sock=schedd_3273_9590>
...
040 (14807404.011.000) 05/15 22:47:28 Started transferring input files
	Transferring to host: <128.142.248.63:9618?addrs=128.142.248.63-9618+[2001-1458-301-73--100-12f]-9618&alias=b7g23p9410.cern.ch&noUDP&sock=slot1_7_5147_46ea_36422>
...
040 (14807404.011.000) 05/15 22:47:28 Finished transferring input files
...
001 (14807404.011.000) 05/15 22:47:29 Job executing on host: <128.142.248.63:9618?addrs=128.142.248.63-9618+[2001-1458-301-73--100-12f]-9618&alias=b7g23p9410.cern.ch&noUDP&sock=startd_3655_9abe>
...
006 (14807404.011.000) 05/15 22:47:37 Image size of job updated: 553968
	47  -  MemoryUsage of job (MB)
	47624  -  ResidentSetSize of job (KB)
...
006 (14807404.011.000) 05/15 22:52:37 Image size of job updated: 1789224
	1241  -  MemoryUsage of job (MB)
	1269820  -  ResidentSetSize of job (KB)
...
006 (14807404.011.000) 05/15 23:02:39 Image size of job updated: 4322984
	1241  -  MemoryUsage of job (MB)
	1269820  -  ResidentSetSize of job (KB)
...
006 (14807404.011.000) 05/15 23:07:39 Image size of job updated: 4376044
	1241  -  MemoryUsage of job (MB)
	1269820  -  ResidentSetSize of job (KB)
...
006 (14807404.011.000) 05/15 23:11:17 Image size of job updated: 4420144
	1241  -  MemoryUsage of job (MB)
	1269820  -  ResidentSetSize of job (KB)
...
040 (14807404.011.000) 05/15 23:11:17 Started transferring output files
...
040 (14807404.011.000) 05/15 23:11:17 Finished transferring output files
...
005 (14807404.011.000) 05/15 23:11:17 Job terminated.
	(1) Normal termination (return value 0)
		Usr 0 00:09:04, Sys 0 00:00:37  -  Run Remote Usage
		Usr 0 00:00:00, Sys 0 00:00:00  -  Run Local Usage
		Usr 0 00:09:04, Sys 0 00:00:37  -  Total Remote Usage
		Usr 0 00:00:00, Sys 0 00:00:00  -  Total Local Usage
	117581  -  Run Bytes Sent By Job
	323  -  Run Bytes Received By Job
	117581  -  Total Bytes Sent By Job
	323  -  Total Bytes Received By Job
	Partitionable Resources :    Usage  Request Allocated 
	   Cpus                 :     0.24        1         1 
	   Disk (KB)            :   136           1   3066688 
	   Memory (MB)          :  1241        2000      2000 

	Job terminated of its own accord at 2023-05-15T21:11:17Z.
...
