000 (15153696.191.000) 10/03 22:27:19 Job submitted from host: <188.184.90.241:9618?addrs=188.184.90.241-9618+[2001-1458-201-e4--100-2eb]-9618&alias=bigbird15.cern.ch&noUDP&sock=schedd_2763_c443>
...
040 (15153696.191.000) 10/03 22:31:25 Started transferring input files
	Transferring to host: <128.142.56.75:9618?addrs=128.142.56.75-9618+[2001-1458-301-6--100-4a]-9618&alias=b7s01p4222.cern.ch&noUDP&sock=slot1_18_3964_bf1a_36342>
...
040 (15153696.191.000) 10/03 22:31:25 Finished transferring input files
...
001 (15153696.191.000) 10/03 22:31:26 Job executing on host: <128.142.56.75:9618?addrs=128.142.56.75-9618+[2001-1458-301-6--100-4a]-9618&alias=b7s01p4222.cern.ch&noUDP&sock=startd_2709_ba26>
...
006 (15153696.191.000) 10/03 22:31:34 Image size of job updated: 122328
	120  -  MemoryUsage of job (MB)
	122328  -  ResidentSetSize of job (KB)
...
006 (15153696.191.000) 10/03 22:33:59 Image size of job updated: 924092
	120  -  MemoryUsage of job (MB)
	122328  -  ResidentSetSize of job (KB)
...
040 (15153696.191.000) 10/03 22:33:59 Started transferring output files
...
040 (15153696.191.000) 10/03 22:33:59 Finished transferring output files
...
005 (15153696.191.000) 10/03 22:33:59 Job terminated.
	(1) Normal termination (return value 0)
		Usr 0 00:00:10, Sys 0 00:00:00  -  Run Remote Usage
		Usr 0 00:00:00, Sys 0 00:00:00  -  Run Local Usage
		Usr 0 00:00:10, Sys 0 00:00:00  -  Total Remote Usage
		Usr 0 00:00:00, Sys 0 00:00:00  -  Total Local Usage
	7951  -  Run Bytes Sent By Job
	374  -  Run Bytes Received By Job
	7951  -  Total Bytes Sent By Job
	374  -  Total Bytes Received By Job
	Partitionable Resources :    Usage  Request Allocated 
	   Cpus                 :                 1         1 
	   Disk (KB)            :       22        1   1327520 
	   Memory (MB)          :      120     2000      2000 

	Job terminated of its own accord at 2023-10-03T20:33:59Z.
...
