000 (14832095.033.000) 06/12 15:17:57 Job submitted from host: <188.184.90.241:9618?addrs=188.184.90.241-9618+[2001-1458-201-e4--100-2eb]-9618&alias=bigbird15.cern.ch&noUDP&sock=schedd_1460210_2ef4>
...
040 (14832095.033.000) 06/12 15:19:46 Started transferring input files
	Transferring to host: <128.142.128.107:9618?addrs=128.142.128.107-9618+[2001-1458-301-10--100-6a]-9618&alias=b7g25p8123.cern.ch&noUDP&sock=slot1_9_3635_efad_72513>
...
040 (14832095.033.000) 06/12 15:19:46 Finished transferring input files
...
001 (14832095.033.000) 06/12 15:19:47 Job executing on host: <128.142.128.107:9618?addrs=128.142.128.107-9618+[2001-1458-301-10--100-6a]-9618&alias=b7g25p8123.cern.ch&noUDP&sock=startd_3055_0deb>
...
006 (14832095.033.000) 06/12 15:19:56 Image size of job updated: 47812
	47  -  MemoryUsage of job (MB)
	47680  -  ResidentSetSize of job (KB)
...
006 (14832095.033.000) 06/12 15:24:57 Image size of job updated: 1100400
	58  -  MemoryUsage of job (MB)
	58884  -  ResidentSetSize of job (KB)
...
006 (14832095.033.000) 06/12 15:29:58 Image size of job updated: 1100400
	66  -  MemoryUsage of job (MB)
	67252  -  ResidentSetSize of job (KB)
...
006 (14832095.033.000) 06/12 15:34:58 Image size of job updated: 4075928
	114  -  MemoryUsage of job (MB)
	115772  -  ResidentSetSize of job (KB)
...
006 (14832095.033.000) 06/12 15:39:59 Image size of job updated: 4122316
	163  -  MemoryUsage of job (MB)
	166140  -  ResidentSetSize of job (KB)
...
006 (14832095.033.000) 06/12 15:45:00 Image size of job updated: 4127708
	164  -  MemoryUsage of job (MB)
	167204  -  ResidentSetSize of job (KB)
...
006 (14832095.033.000) 06/12 15:50:00 Image size of job updated: 4366912
	398  -  MemoryUsage of job (MB)
	406856  -  ResidentSetSize of job (KB)
...
006 (14832095.033.000) 06/12 15:55:00 Image size of job updated: 4373404
	405  -  MemoryUsage of job (MB)
	414540  -  ResidentSetSize of job (KB)
...
006 (14832095.033.000) 06/12 16:00:01 Image size of job updated: 4438696
	467  -  MemoryUsage of job (MB)
	477444  -  ResidentSetSize of job (KB)
...
006 (14832095.033.000) 06/12 16:05:01 Image size of job updated: 4446396
	476  -  MemoryUsage of job (MB)
	486512  -  ResidentSetSize of job (KB)
...
006 (14832095.033.000) 06/12 16:07:55 Image size of job updated: 4457704
	476  -  MemoryUsage of job (MB)
	486512  -  ResidentSetSize of job (KB)
...
040 (14832095.033.000) 06/12 16:07:55 Started transferring output files
...
040 (14832095.033.000) 06/12 16:07:55 Finished transferring output files
...
005 (14832095.033.000) 06/12 16:07:55 Job terminated.
	(1) Normal termination (return value 0)
		Usr 0 00:04:10, Sys 0 00:00:12  -  Run Remote Usage
		Usr 0 00:00:00, Sys 0 00:00:00  -  Run Local Usage
		Usr 0 00:04:10, Sys 0 00:00:12  -  Total Remote Usage
		Usr 0 00:00:00, Sys 0 00:00:00  -  Total Local Usage
	86587  -  Run Bytes Sent By Job
	323  -  Run Bytes Received By Job
	86587  -  Total Bytes Sent By Job
	323  -  Total Bytes Received By Job
	Partitionable Resources :    Usage  Request Allocated 
	   Cpus                 :     0.00        1         1 
	   Disk (KB)            :   106           1   2962903 
	   Memory (MB)          :   476        2000      2000 

	Job terminated of its own accord at 2023-06-12T14:07:55Z.
...
