000 (14810514.008.000) 05/31 15:37:52 Job submitted from host: <188.184.90.241:9618?addrs=188.184.90.241-9618+[2001-1458-201-e4--100-2eb]-9618&alias=bigbird15.cern.ch&noUDP&sock=schedd_3273_9590>
...
040 (14810514.008.000) 05/31 16:03:00 Started transferring input files
	Transferring to host: <128.142.132.42:9618?addrs=128.142.132.42-9618+[2001-1458-301-5a--100-1e]-9618&alias=b7g12p2658.cern.ch&noUDP&sock=slot1_4_4880_26c0_45307>
...
040 (14810514.008.000) 05/31 16:03:00 Finished transferring input files
...
001 (14810514.008.000) 05/31 16:03:01 Job executing on host: <128.142.132.42:9618?addrs=128.142.132.42-9618+[2001-1458-301-5a--100-1e]-9618&alias=b7g12p2658.cern.ch&noUDP&sock=startd_4223_3489>
...
006 (14810514.008.000) 05/31 16:03:10 Image size of job updated: 554140
	47  -  MemoryUsage of job (MB)
	47684  -  ResidentSetSize of job (KB)
...
006 (14810514.008.000) 05/31 16:08:11 Image size of job updated: 1656412
	969  -  MemoryUsage of job (MB)
	991764  -  ResidentSetSize of job (KB)
...
006 (14810514.008.000) 05/31 16:18:11 Image size of job updated: 4033552
	969  -  MemoryUsage of job (MB)
	991764  -  ResidentSetSize of job (KB)
...
006 (14810514.008.000) 05/31 16:23:12 Image size of job updated: 4323812
	969  -  MemoryUsage of job (MB)
	991764  -  ResidentSetSize of job (KB)
...
006 (14810514.008.000) 05/31 16:28:12 Image size of job updated: 4407956
	969  -  MemoryUsage of job (MB)
	991764  -  ResidentSetSize of job (KB)
...
040 (14810514.008.000) 05/31 16:28:17 Started transferring output files
...
040 (14810514.008.000) 05/31 16:28:17 Finished transferring output files
...
005 (14810514.008.000) 05/31 16:28:17 Job terminated.
	(1) Normal termination (return value 0)
		Usr 0 00:09:22, Sys 0 00:00:34  -  Run Remote Usage
		Usr 0 00:00:00, Sys 0 00:00:00  -  Run Local Usage
		Usr 0 00:09:22, Sys 0 00:00:34  -  Total Remote Usage
		Usr 0 00:00:00, Sys 0 00:00:00  -  Total Local Usage
	105992  -  Run Bytes Sent By Job
	323  -  Run Bytes Received By Job
	105992  -  Total Bytes Sent By Job
	323  -  Total Bytes Received By Job
	Partitionable Resources :    Usage  Request Allocated 
	   Cpus                 :     0.15        1         1 
	   Disk (KB)            :   125           1   1719300 
	   Memory (MB)          :   969        2000      2000 

	Job terminated of its own accord at 2023-05-31T14:28:16Z.
...
