000 (15155271.012.000) 10/07 16:55:47 Job submitted from host: <188.184.90.241:9618?addrs=188.184.90.241-9618+[2001-1458-201-e4--100-2eb]-9618&alias=bigbird15.cern.ch&noUDP&sock=schedd_2763_c443>
...
040 (15155271.012.000) 10/07 17:05:55 Started transferring input files
	Transferring to host: <128.142.61.52:9618?addrs=128.142.61.52-9618+[2001-1458-301-23--100-33]-9618&alias=b7s06p8124.cern.ch&noUDP&sock=slot1_2_4563_cbd3_317242>
...
040 (15155271.012.000) 10/07 17:05:55 Finished transferring input files
...
001 (15155271.012.000) 10/07 17:05:56 Job executing on host: <128.142.61.52:9618?addrs=128.142.61.52-9618+[2001-1458-301-23--100-33]-9618&alias=b7s06p8124.cern.ch&noUDP&sock=startd_3097_dce5>
...
006 (15155271.012.000) 10/07 17:06:04 Image size of job updated: 581076
	52  -  MemoryUsage of job (MB)
	53124  -  ResidentSetSize of job (KB)
...
006 (15155271.012.000) 10/07 17:11:04 Image size of job updated: 1105516
	573  -  MemoryUsage of job (MB)
	586112  -  ResidentSetSize of job (KB)
...
006 (15155271.012.000) 10/07 17:16:05 Image size of job updated: 1112660
	573  -  MemoryUsage of job (MB)
	586112  -  ResidentSetSize of job (KB)
...
006 (15155271.012.000) 10/07 17:21:06 Image size of job updated: 3630292
	573  -  MemoryUsage of job (MB)
	586112  -  ResidentSetSize of job (KB)
...
006 (15155271.012.000) 10/07 17:26:07 Image size of job updated: 3850312
	573  -  MemoryUsage of job (MB)
	586112  -  ResidentSetSize of job (KB)
...
006 (15155271.012.000) 10/07 17:31:07 Image size of job updated: 3918696
	573  -  MemoryUsage of job (MB)
	586112  -  ResidentSetSize of job (KB)
...
006 (15155271.012.000) 10/07 17:32:12 Image size of job updated: 3925568
	573  -  MemoryUsage of job (MB)
	586112  -  ResidentSetSize of job (KB)
...
040 (15155271.012.000) 10/07 17:32:12 Started transferring output files
...
040 (15155271.012.000) 10/07 17:32:12 Finished transferring output files
...
005 (15155271.012.000) 10/07 17:32:12 Job terminated.
	(1) Normal termination (return value 0)
		Usr 0 00:07:39, Sys 0 00:00:15  -  Run Remote Usage
		Usr 0 00:00:00, Sys 0 00:00:00  -  Run Local Usage
		Usr 0 00:07:39, Sys 0 00:00:15  -  Total Remote Usage
		Usr 0 00:00:00, Sys 0 00:00:00  -  Total Local Usage
	81787  -  Run Bytes Sent By Job
	323  -  Run Bytes Received By Job
	81787  -  Total Bytes Sent By Job
	323  -  Total Bytes Received By Job
	Partitionable Resources :    Usage  Request Allocated 
	   Cpus                 :     0.01        1         1 
	   Disk (KB)            :   101           1   1177249 
	   Memory (MB)          :   573        2000      2000 

	Job terminated of its own accord at 2023-10-07T15:32:12Z.
...
