000 (14808124.021.000) 05/19 04:24:07 Job submitted from host: <188.184.90.241:9618?addrs=188.184.90.241-9618+[2001-1458-201-e4--100-2eb]-9618&alias=bigbird15.cern.ch&noUDP&sock=schedd_3273_9590>
...
040 (14808124.021.000) 05/19 04:35:47 Started transferring input files
	Transferring to host: <128.142.192.215:9618?addrs=128.142.192.215-9618+[2001-1458-301-56--100-53]-9618&alias=b7g18p6011.cern.ch&noUDP&sock=slot1_14_6282_fcb9_44413>
...
040 (14808124.021.000) 05/19 04:35:47 Finished transferring input files
...
001 (14808124.021.000) 05/19 04:35:48 Job executing on host: <128.142.192.215:9618?addrs=128.142.192.215-9618+[2001-1458-301-56--100-53]-9618&alias=b7g18p6011.cern.ch&noUDP&sock=startd_5176_e24a>
...
006 (14808124.021.000) 05/19 04:35:57 Image size of job updated: 637476
	100  -  MemoryUsage of job (MB)
	101536  -  ResidentSetSize of job (KB)
...
006 (14808124.021.000) 05/19 04:37:38 Image size of job updated: 1393656
	100  -  MemoryUsage of job (MB)
	101652  -  ResidentSetSize of job (KB)
...
040 (14808124.021.000) 05/19 04:37:38 Started transferring output files
...
040 (14808124.021.000) 05/19 04:37:38 Finished transferring output files
...
005 (14808124.021.000) 05/19 04:37:38 Job terminated.
	(1) Normal termination (return value 0)
		Usr 0 00:00:48, Sys 0 00:00:03  -  Run Remote Usage
		Usr 0 00:00:00, Sys 0 00:00:00  -  Run Local Usage
		Usr 0 00:00:48, Sys 0 00:00:03  -  Total Remote Usage
		Usr 0 00:00:00, Sys 0 00:00:00  -  Total Local Usage
	88203  -  Run Bytes Sent By Job
	269  -  Run Bytes Received By Job
	88203  -  Total Bytes Sent By Job
	269  -  Total Bytes Received By Job
	Partitionable Resources :    Usage  Request Allocated 
	   Cpus                 :     0.83        1         1 
	   Disk (KB)            :   107           1   3068450 
	   Memory (MB)          :   100        2000      2000 

	Job terminated of its own accord at 2023-05-19T02:37:38Z.
...
