000 (14858748.006.000) 06/22 16:47:12 Job submitted from host: <188.184.90.241:9618?addrs=188.184.90.241-9618+[2001-1458-201-e4--100-2eb]-9618&alias=bigbird15.cern.ch&noUDP&sock=schedd_1460210_2ef4>
...
040 (14858748.006.000) 06/22 17:01:42 Started transferring input files
	Transferring to host: <188.184.162.79:9618?addrs=188.184.162.79-9618+[2001-1458-301-4a--100-49]-9618&alias=b7s11p0993.cern.ch&noUDP&sock=slot1_11_4395_6ccc_101237>
...
040 (14858748.006.000) 06/22 17:01:42 Finished transferring input files
...
001 (14858748.006.000) 06/22 17:01:43 Job executing on host: <188.184.162.79:9618?addrs=188.184.162.79-9618+[2001-1458-301-4a--100-49]-9618&alias=b7s11p0993.cern.ch&noUDP&sock=startd_3239_4358>
...
006 (14858748.006.000) 06/22 17:01:51 Image size of job updated: 50348
	47  -  MemoryUsage of job (MB)
	48000  -  ResidentSetSize of job (KB)
...
006 (14858748.006.000) 06/22 17:06:51 Image size of job updated: 884072
	379  -  MemoryUsage of job (MB)
	387368  -  ResidentSetSize of job (KB)
...
006 (14858748.006.000) 06/22 17:11:52 Image size of job updated: 1150676
	621  -  MemoryUsage of job (MB)
	635424  -  ResidentSetSize of job (KB)
...
006 (14858748.006.000) 06/22 17:16:53 Image size of job updated: 1400396
	878  -  MemoryUsage of job (MB)
	898240  -  ResidentSetSize of job (KB)
...
006 (14858748.006.000) 06/22 17:21:53 Image size of job updated: 1648548
	1117  -  MemoryUsage of job (MB)
	1143680  -  ResidentSetSize of job (KB)
...
006 (14858748.006.000) 06/22 17:26:53 Image size of job updated: 1891940
	1359  -  MemoryUsage of job (MB)
	1391524  -  ResidentSetSize of job (KB)
...
006 (14858748.006.000) 06/22 17:31:54 Image size of job updated: 2141224
	1601  -  MemoryUsage of job (MB)
	1639300  -  ResidentSetSize of job (KB)
...
006 (14858748.006.000) 06/22 17:36:55 Image size of job updated: 2377136
	1830  -  MemoryUsage of job (MB)
	1873644  -  ResidentSetSize of job (KB)
...
006 (14858748.006.000) 06/22 17:41:55 Image size of job updated: 2654892
	2122  -  MemoryUsage of job (MB)
	2172684  -  ResidentSetSize of job (KB)
...
006 (14858748.006.000) 06/22 17:46:56 Image size of job updated: 2856104
	2304  -  MemoryUsage of job (MB)
	2359032  -  ResidentSetSize of job (KB)
...
006 (14858748.006.000) 06/22 17:51:57 Image size of job updated: 3080032
	2522  -  MemoryUsage of job (MB)
	2582044  -  ResidentSetSize of job (KB)
...
006 (14858748.006.000) 06/22 17:56:57 Image size of job updated: 3325120
	2762  -  MemoryUsage of job (MB)
	2827912  -  ResidentSetSize of job (KB)
...
006 (14858748.006.000) 06/22 18:01:58 Image size of job updated: 3565264
	2994  -  MemoryUsage of job (MB)
	3065304  -  ResidentSetSize of job (KB)
...
006 (14858748.006.000) 06/22 18:06:59 Image size of job updated: 3794364
	3215  -  MemoryUsage of job (MB)
	3291296  -  ResidentSetSize of job (KB)
...
006 (14858748.006.000) 06/22 18:11:59 Image size of job updated: 4043068
	3457  -  MemoryUsage of job (MB)
	3539284  -  ResidentSetSize of job (KB)
...
006 (14858748.006.000) 06/22 18:16:59 Image size of job updated: 4281096
	3688  -  MemoryUsage of job (MB)
	3775840  -  ResidentSetSize of job (KB)
...
006 (14858748.006.000) 06/22 18:22:00 Image size of job updated: 4516088
	3916  -  MemoryUsage of job (MB)
	4009740  -  ResidentSetSize of job (KB)
...
006 (14858748.006.000) 06/22 18:27:00 Image size of job updated: 4755528
	4157  -  MemoryUsage of job (MB)
	4256192  -  ResidentSetSize of job (KB)
...
006 (14858748.006.000) 06/22 18:32:00 Image size of job updated: 4995416
	4387  -  MemoryUsage of job (MB)
	4492076  -  ResidentSetSize of job (KB)
...
006 (14858748.006.000) 06/22 18:37:01 Image size of job updated: 5244948
	4630  -  MemoryUsage of job (MB)
	4740812  -  ResidentSetSize of job (KB)
...
006 (14858748.006.000) 06/22 18:42:02 Image size of job updated: 5494904
	4874  -  MemoryUsage of job (MB)
	4990504  -  ResidentSetSize of job (KB)
...
006 (14858748.006.000) 06/22 18:47:02 Image size of job updated: 5735756
	5108  -  MemoryUsage of job (MB)
	5230216  -  ResidentSetSize of job (KB)
...
006 (14858748.006.000) 06/22 18:52:02 Image size of job updated: 5950648
	5328  -  MemoryUsage of job (MB)
	5454916  -  ResidentSetSize of job (KB)
...
006 (14858748.006.000) 06/22 18:57:03 Image size of job updated: 6209440
	5569  -  MemoryUsage of job (MB)
	5702072  -  ResidentSetSize of job (KB)
...
006 (14858748.006.000) 06/22 19:01:48 Image size of job updated: 6436616
	5569  -  MemoryUsage of job (MB)
	5702076  -  ResidentSetSize of job (KB)
...
040 (14858748.006.000) 06/22 19:01:48 Started transferring output files
...
040 (14858748.006.000) 06/22 19:01:48 Finished transferring output files
...
009 (14858748.006.000) 06/22 19:01:48 Job was aborted.
	Job removed by SYSTEM_PERIODIC_REMOVE due to wall time exceeded allowed max.
...
