000 (14759904.001.000) 03/28 14:31:39 Job submitted from host: <188.184.90.241:9618?addrs=188.184.90.241-9618+[2001-1458-201-e4--100-2eb]-9618&alias=bigbird15.cern.ch&noUDP&sock=schedd_3631588_e24a>
...
040 (14759904.001.000) 03/28 16:10:50 Started transferring input files
	Transferring to host: <188.184.162.176:9618?addrs=188.184.162.176-9618+[2001-1458-301-4a--100-aa]-9618&alias=b7s11p1798.cern.ch&noUDP&sock=slot1_34_4339_f7ca_13150>
...
040 (14759904.001.000) 03/28 16:10:50 Finished transferring input files
...
001 (14759904.001.000) 03/28 16:10:51 Job executing on host: <188.184.162.176:9618?addrs=188.184.162.176-9618+[2001-1458-301-4a--100-aa]-9618&alias=b7s11p1798.cern.ch&noUDP&sock=startd_3285_d0b3>
...
006 (14759904.001.000) 03/28 16:10:59 Image size of job updated: 50520
	47  -  MemoryUsage of job (MB)
	47856  -  ResidentSetSize of job (KB)
...
006 (14759904.001.000) 03/28 16:14:38 Image size of job updated: 3733084
	47  -  MemoryUsage of job (MB)
	47856  -  ResidentSetSize of job (KB)
...
040 (14759904.001.000) 03/28 16:14:43 Entered queue to transfer output files
...
040 (14759904.001.000) 03/28 16:15:44 Started transferring output files
...
040 (14759904.001.000) 03/28 16:15:44 Finished transferring output files
...
005 (14759904.001.000) 03/28 16:15:44 Job terminated.
	(1) Normal termination (return value 0)
		Usr 0 00:02:20, Sys 0 00:00:05  -  Run Remote Usage
		Usr 0 00:00:00, Sys 0 00:00:00  -  Run Local Usage
		Usr 0 00:02:20, Sys 0 00:00:05  -  Total Remote Usage
		Usr 0 00:00:00, Sys 0 00:00:00  -  Total Local Usage
	176997  -  Run Bytes Sent By Job
	269  -  Run Bytes Received By Job
	176997  -  Total Bytes Sent By Job
	269  -  Total Bytes Received By Job
	Partitionable Resources :    Usage  Request Allocated 
	   Cpus                 :                 1         1 
	   Disk (KB)            :      187        1   3026058 
	   Memory (MB)          :       47     2000      2000 

	Job terminated of its own accord at 2023-03-28T14:14:38Z.
...
