000 (14810514.005.000) 05/31 15:37:52 Job submitted from host: <188.184.90.241:9618?addrs=188.184.90.241-9618+[2001-1458-201-e4--100-2eb]-9618&alias=bigbird15.cern.ch&noUDP&sock=schedd_3273_9590>
...
040 (14810514.005.000) 05/31 16:03:00 Started transferring input files
	Transferring to host: <128.142.131.98:9618?addrs=128.142.131.98-9618+[2001-1458-301-59--100-56]-9618&alias=b7g11p1638.cern.ch&noUDP&sock=slot1_7_4528_22b1_44865>
...
040 (14810514.005.000) 05/31 16:03:00 Finished transferring input files
...
001 (14810514.005.000) 05/31 16:03:01 Job executing on host: <128.142.131.98:9618?addrs=128.142.131.98-9618+[2001-1458-301-59--100-56]-9618&alias=b7g11p1638.cern.ch&noUDP&sock=startd_3221_eaa3>
...
006 (14810514.005.000) 05/31 16:03:09 Image size of job updated: 50640
	47  -  MemoryUsage of job (MB)
	48048  -  ResidentSetSize of job (KB)
...
006 (14810514.005.000) 05/31 16:08:09 Image size of job updated: 1696624
	1164  -  MemoryUsage of job (MB)
	1191432  -  ResidentSetSize of job (KB)
...
006 (14810514.005.000) 05/31 16:13:10 Image size of job updated: 2545656
	1988  -  MemoryUsage of job (MB)
	2035492  -  ResidentSetSize of job (KB)
...
006 (14810514.005.000) 05/31 16:18:11 Image size of job updated: 2789468
	2226  -  MemoryUsage of job (MB)
	2279312  -  ResidentSetSize of job (KB)
...
006 (14810514.005.000) 05/31 16:23:11 Image size of job updated: 2789476
	2226  -  MemoryUsage of job (MB)
	2279312  -  ResidentSetSize of job (KB)
...
006 (14810514.005.000) 05/31 16:28:11 Image size of job updated: 4043796
	2226  -  MemoryUsage of job (MB)
	2279312  -  ResidentSetSize of job (KB)
...
006 (14810514.005.000) 05/31 16:33:12 Image size of job updated: 4325932
	2226  -  MemoryUsage of job (MB)
	2279312  -  ResidentSetSize of job (KB)
...
006 (14810514.005.000) 05/31 16:38:12 Image size of job updated: 4395616
	2226  -  MemoryUsage of job (MB)
	2279312  -  ResidentSetSize of job (KB)
...
006 (14810514.005.000) 05/31 16:41:45 Image size of job updated: 4418072
	2226  -  MemoryUsage of job (MB)
	2279312  -  ResidentSetSize of job (KB)
...
040 (14810514.005.000) 05/31 16:41:45 Started transferring output files
...
040 (14810514.005.000) 05/31 16:41:45 Finished transferring output files
...
005 (14810514.005.000) 05/31 16:41:45 Job terminated.
	(1) Normal termination (return value 0)
		Usr 0 00:16:38, Sys 0 00:01:32  -  Run Remote Usage
		Usr 0 00:00:00, Sys 0 00:00:00  -  Run Local Usage
		Usr 0 00:16:38, Sys 0 00:01:32  -  Total Remote Usage
		Usr 0 00:00:00, Sys 0 00:00:00  -  Total Local Usage
	160852  -  Run Bytes Sent By Job
	323  -  Run Bytes Received By Job
	160852  -  Total Bytes Sent By Job
	323  -  Total Bytes Received By Job
	Partitionable Resources :    Usage  Request Allocated 
	   Cpus                 :     0.07        1         1 
	   Disk (KB)            :   178           1   1670617 
	   Memory (MB)          :  2226        2000      2000 

	Job terminated of its own accord at 2023-05-31T14:41:45Z.
...
