000 (15159756.071.000) 10/09 09:27:44 Job submitted from host: <188.184.90.241:9618?addrs=188.184.90.241-9618+[2001-1458-201-e4--100-2eb]-9618&alias=bigbird15.cern.ch&noUDP&sock=schedd_2763_c443>
...
040 (15159756.071.000) 10/09 11:15:06 Started transferring input files
	Transferring to host: <188.184.163.87:9618?addrs=188.184.163.87-9618+[2001-1458-301-4d--100-51]-9618&alias=b7s12p6316.cern.ch&noUDP&sock=slot1_20_4103_af40_73670>
...
040 (15159756.071.000) 10/09 11:15:06 Finished transferring input files
...
001 (15159756.071.000) 10/09 11:15:08 Job executing on host: <188.184.163.87:9618?addrs=188.184.163.87-9618+[2001-1458-301-4d--100-51]-9618&alias=b7s12p6316.cern.ch&noUDP&sock=startd_3012_8f58>
...
006 (15159756.071.000) 10/09 11:15:16 Image size of job updated: 89200
	65  -  MemoryUsage of job (MB)
	65976  -  ResidentSetSize of job (KB)
...
006 (15159756.071.000) 10/09 11:20:16 Image size of job updated: 1003864
	459  -  MemoryUsage of job (MB)
	469548  -  ResidentSetSize of job (KB)
...
006 (15159756.071.000) 10/09 11:25:16 Image size of job updated: 1338856
	787  -  MemoryUsage of job (MB)
	805788  -  ResidentSetSize of job (KB)
...
006 (15159756.071.000) 10/09 11:27:46 Image size of job updated: 3559232
	787  -  MemoryUsage of job (MB)
	805788  -  ResidentSetSize of job (KB)
...
040 (15159756.071.000) 10/09 11:27:46 Started transferring output files
...
040 (15159756.071.000) 10/09 11:27:46 Finished transferring output files
...
005 (15159756.071.000) 10/09 11:27:46 Job terminated.
	(1) Normal termination (return value 0)
		Usr 0 00:10:51, Sys 0 00:00:13  -  Run Remote Usage
		Usr 0 00:00:00, Sys 0 00:00:00  -  Run Local Usage
		Usr 0 00:10:51, Sys 0 00:00:13  -  Total Remote Usage
		Usr 0 00:00:00, Sys 0 00:00:00  -  Total Local Usage
	210588  -  Run Bytes Sent By Job
	269  -  Run Bytes Received By Job
	210588  -  Total Bytes Sent By Job
	269  -  Total Bytes Received By Job
	Partitionable Resources :    Usage  Request Allocated 
	   Cpus                 :     0.97        1         1 
	   Disk (KB)            :   227           1   3086662 
	   Memory (MB)          :   787        2000      2000 

	Job terminated of its own accord at 2023-10-09T09:27:46Z.
...
