000 (15159766.042.000) 10/09 11:47:56 Job submitted from host: <188.184.90.241:9618?addrs=188.184.90.241-9618+[2001-1458-201-e4--100-2eb]-9618&alias=bigbird15.cern.ch&noUDP&sock=schedd_2763_c443>
...
040 (15159766.042.000) 10/09 14:24:39 Started transferring input files
	Transferring to host: <188.184.163.216:9618?addrs=188.184.163.216-9618+[2001-1458-301-4d--100-d2]-9618&alias=b7s12p8326.cern.ch&noUDP&sock=slot1_24_186640_839f_134857>
...
040 (15159766.042.000) 10/09 14:24:39 Finished transferring input files
...
001 (15159766.042.000) 10/09 14:24:40 Job executing on host: <188.184.163.216:9618?addrs=188.184.163.216-9618+[2001-1458-301-4d--100-d2]-9618&alias=b7s12p8326.cern.ch&noUDP&sock=startd_186601_57fa>
...
006 (15159766.042.000) 10/09 14:24:49 Image size of job updated: 908940
	119  -  MemoryUsage of job (MB)
	121148  -  ResidentSetSize of job (KB)
...
006 (15159766.042.000) 10/09 14:29:50 Image size of job updated: 919780
	127  -  MemoryUsage of job (MB)
	129496  -  ResidentSetSize of job (KB)
...
040 (15159766.042.000) 10/09 14:30:19 Started transferring output files
...
040 (15159766.042.000) 10/09 14:30:19 Finished transferring output files
...
005 (15159766.042.000) 10/09 14:30:19 Job terminated.
	(1) Normal termination (return value 0)
		Usr 0 00:00:12, Sys 0 00:00:01  -  Run Remote Usage
		Usr 0 00:00:00, Sys 0 00:00:00  -  Run Local Usage
		Usr 0 00:00:12, Sys 0 00:00:01  -  Total Remote Usage
		Usr 0 00:00:00, Sys 0 00:00:00  -  Total Local Usage
	10601  -  Run Bytes Sent By Job
	374  -  Run Bytes Received By Job
	10601  -  Total Bytes Sent By Job
	374  -  Total Bytes Received By Job
	Partitionable Resources :    Usage  Request Allocated 
	   Cpus                 :        0        1         1 
	   Disk (KB)            :       32        1   3058023 
	   Memory (MB)          :      127     2000      2000 

	Job terminated of its own accord at 2023-10-09T12:30:19Z.
...
