000 (15155271.004.000) 10/07 16:55:47 Job submitted from host: <188.184.90.241:9618?addrs=188.184.90.241-9618+[2001-1458-201-e4--100-2eb]-9618&alias=bigbird15.cern.ch&noUDP&sock=schedd_2763_c443>
...
040 (15155271.004.000) 10/07 17:05:54 Started transferring input files
	Transferring to host: <128.142.61.96:9618?addrs=128.142.61.96-9618+[2001-1458-301-23--100-5f]-9618&alias=b7s06p7602.cern.ch&noUDP&sock=slot1_2_12717_06de_37996>
...
040 (15155271.004.000) 10/07 17:05:54 Finished transferring input files
...
001 (15155271.004.000) 10/07 17:05:55 Job executing on host: <128.142.61.96:9618?addrs=128.142.61.96-9618+[2001-1458-301-23--100-5f]-9618&alias=b7s06p7602.cern.ch&noUDP&sock=startd_18882_0f58>
...
006 (15155271.004.000) 10/07 17:06:04 Image size of job updated: 547212
	41  -  MemoryUsage of job (MB)
	41140  -  ResidentSetSize of job (KB)
...
006 (15155271.004.000) 10/07 17:11:03 Image size of job updated: 1048136
	475  -  MemoryUsage of job (MB)
	486248  -  ResidentSetSize of job (KB)
...
006 (15155271.004.000) 10/07 17:16:03 Image size of job updated: 1049384
	475  -  MemoryUsage of job (MB)
	486248  -  ResidentSetSize of job (KB)
...
006 (15155271.004.000) 10/07 17:21:04 Image size of job updated: 3666108
	475  -  MemoryUsage of job (MB)
	486248  -  ResidentSetSize of job (KB)
...
006 (15155271.004.000) 10/07 17:26:05 Image size of job updated: 3912880
	475  -  MemoryUsage of job (MB)
	486248  -  ResidentSetSize of job (KB)
...
006 (15155271.004.000) 10/07 17:31:05 Image size of job updated: 3968560
	527  -  MemoryUsage of job (MB)
	538904  -  ResidentSetSize of job (KB)
...
006 (15155271.004.000) 10/07 17:36:05 Image size of job updated: 3990044
	547  -  MemoryUsage of job (MB)
	559940  -  ResidentSetSize of job (KB)
...
006 (15155271.004.000) 10/07 17:36:52 Image size of job updated: 3994480
	547  -  MemoryUsage of job (MB)
	559940  -  ResidentSetSize of job (KB)
...
040 (15155271.004.000) 10/07 17:36:52 Started transferring output files
...
040 (15155271.004.000) 10/07 17:36:52 Finished transferring output files
...
005 (15155271.004.000) 10/07 17:36:52 Job terminated.
	(1) Normal termination (return value 0)
		Usr 0 00:08:05, Sys 0 00:00:13  -  Run Remote Usage
		Usr 0 00:00:00, Sys 0 00:00:00  -  Run Local Usage
		Usr 0 00:08:05, Sys 0 00:00:13  -  Total Remote Usage
		Usr 0 00:00:00, Sys 0 00:00:00  -  Total Local Usage
	75927  -  Run Bytes Sent By Job
	323  -  Run Bytes Received By Job
	75927  -  Total Bytes Sent By Job
	323  -  Total Bytes Received By Job
	Partitionable Resources :    Usage  Request Allocated 
	   Cpus                 :     0.14        1         1 
	   Disk (KB)            :    95           1   1102775 
	   Memory (MB)          :   547        2000      2000 

	Job terminated of its own accord at 2023-10-07T15:36:52Z.
...
