000 (14807383.018.000) 05/15 18:20:36 Job submitted from host: <188.184.90.241:9618?addrs=188.184.90.241-9618+[2001-1458-201-e4--100-2eb]-9618&alias=bigbird15.cern.ch&noUDP&sock=schedd_3273_9590>
...
040 (14807383.018.000) 05/15 18:34:09 Started transferring input files
	Transferring to host: <128.142.60.91:9618?addrs=128.142.60.91-9618+[2001-1458-301-22--100-5a]-9618&alias=b7s05p9425.cern.ch&noUDP&sock=slot1_4_11980_be60_33272>
...
040 (14807383.018.000) 05/15 18:34:09 Finished transferring input files
...
001 (14807383.018.000) 05/15 18:34:10 Job executing on host: <128.142.60.91:9618?addrs=128.142.60.91-9618+[2001-1458-301-22--100-5a]-9618&alias=b7s05p9425.cern.ch&noUDP&sock=startd_11717_7745>
...
006 (14807383.018.000) 05/15 18:34:18 Image size of job updated: 553964
	47  -  MemoryUsage of job (MB)
	47624  -  ResidentSetSize of job (KB)
...
006 (14807383.018.000) 05/15 18:39:18 Image size of job updated: 1909260
	1241  -  MemoryUsage of job (MB)
	1269824  -  ResidentSetSize of job (KB)
...
006 (14807383.018.000) 05/15 18:44:19 Image size of job updated: 4043528
	1241  -  MemoryUsage of job (MB)
	1269824  -  ResidentSetSize of job (KB)
...
006 (14807383.018.000) 05/15 18:49:20 Image size of job updated: 4329612
	1241  -  MemoryUsage of job (MB)
	1269824  -  ResidentSetSize of job (KB)
...
006 (14807383.018.000) 05/15 18:54:20 Image size of job updated: 4403220
	1241  -  MemoryUsage of job (MB)
	1269824  -  ResidentSetSize of job (KB)
...
006 (14807383.018.000) 05/15 18:56:02 Image size of job updated: 4419692
	1241  -  MemoryUsage of job (MB)
	1269824  -  ResidentSetSize of job (KB)
...
040 (14807383.018.000) 05/15 18:56:02 Started transferring output files
...
040 (14807383.018.000) 05/15 18:56:02 Finished transferring output files
...
005 (14807383.018.000) 05/15 18:56:02 Job terminated.
	(1) Normal termination (return value 0)
		Usr 0 00:07:33, Sys 0 00:00:32  -  Run Remote Usage
		Usr 0 00:00:00, Sys 0 00:00:00  -  Run Local Usage
		Usr 0 00:07:33, Sys 0 00:00:32  -  Total Remote Usage
		Usr 0 00:00:00, Sys 0 00:00:00  -  Total Local Usage
	117701  -  Run Bytes Sent By Job
	323  -  Run Bytes Received By Job
	117701  -  Total Bytes Sent By Job
	323  -  Total Bytes Received By Job
	Partitionable Resources :    Usage  Request Allocated 
	   Cpus                 :        0        1         1 
	   Disk (KB)            :      136        1   3024779 
	   Memory (MB)          :     1241     2000      2000 

	Job terminated of its own accord at 2023-05-15T16:56:02Z.
...
