000 (14832095.125.000) 06/12 15:17:57 Job submitted from host: <188.184.90.241:9618?addrs=188.184.90.241-9618+[2001-1458-201-e4--100-2eb]-9618&alias=bigbird15.cern.ch&noUDP&sock=schedd_1460210_2ef4>
...
040 (14832095.125.000) 06/12 15:20:15 Started transferring input files
	Transferring to host: <128.142.63.31:9618?addrs=128.142.63.31-9618+[2001-1458-301-38--100-1c]-9618&alias=b7s08p7073.cern.ch&noUDP&sock=slot1_12_3278_65be_65189>
...
040 (14832095.125.000) 06/12 15:20:15 Finished transferring input files
...
001 (14832095.125.000) 06/12 15:20:16 Job executing on host: <128.142.63.31:9618?addrs=128.142.63.31-9618+[2001-1458-301-38--100-1c]-9618&alias=b7s08p7073.cern.ch&noUDP&sock=startd_2909_e917>
...
006 (14832095.125.000) 06/12 15:20:25 Image size of job updated: 554120
	47  -  MemoryUsage of job (MB)
	47660  -  ResidentSetSize of job (KB)
...
006 (14832095.125.000) 06/12 15:25:27 Image size of job updated: 1202784
	127  -  MemoryUsage of job (MB)
	129028  -  ResidentSetSize of job (KB)
...
006 (14832095.125.000) 06/12 15:26:40 Image size of job updated: 1216408
	127  -  MemoryUsage of job (MB)
	129028  -  ResidentSetSize of job (KB)
...
040 (14832095.125.000) 06/12 15:26:40 Started transferring output files
...
040 (14832095.125.000) 06/12 15:26:40 Finished transferring output files
...
005 (14832095.125.000) 06/12 15:26:40 Job terminated.
	(1) Normal termination (return value 0)
		Usr 0 00:01:56, Sys 0 00:00:06  -  Run Remote Usage
		Usr 0 00:00:00, Sys 0 00:00:00  -  Run Local Usage
		Usr 0 00:01:56, Sys 0 00:00:06  -  Total Remote Usage
		Usr 0 00:00:00, Sys 0 00:00:00  -  Total Local Usage
	48952  -  Run Bytes Sent By Job
	323  -  Run Bytes Received By Job
	48952  -  Total Bytes Sent By Job
	323  -  Total Bytes Received By Job
	Partitionable Resources :    Usage  Request Allocated 
	   Cpus                 :     0.05        1         1 
	   Disk (KB)            :    69           1   1306394 
	   Memory (MB)          :   127        2000      2000 

	Job terminated of its own accord at 2023-06-12T13:26:40Z.
...
