000 (14832095.104.000) 06/12 15:17:57 Job submitted from host: <188.184.90.241:9618?addrs=188.184.90.241-9618+[2001-1458-201-e4--100-2eb]-9618&alias=bigbird15.cern.ch&noUDP&sock=schedd_1460210_2ef4>
...
040 (14832095.104.000) 06/12 15:20:09 Started transferring input files
	Transferring to host: <128.142.192.193:9618?addrs=128.142.192.193-9618+[2001-1458-301-56--100-3d]-9618&alias=b7g18p5879.cern.ch&noUDP&sock=slot1_29_5019_16e5_59747>
...
040 (14832095.104.000) 06/12 15:20:09 Finished transferring input files
...
001 (14832095.104.000) 06/12 15:20:10 Job executing on host: <128.142.192.193:9618?addrs=128.142.192.193-9618+[2001-1458-301-56--100-3d]-9618&alias=b7g18p5879.cern.ch&noUDP&sock=startd_4630_5f95>
...
006 (14832095.104.000) 06/12 15:20:19 Image size of job updated: 538076
	47  -  MemoryUsage of job (MB)
	47684  -  ResidentSetSize of job (KB)
...
006 (14832095.104.000) 06/12 15:25:20 Image size of job updated: 1376256
	843  -  MemoryUsage of job (MB)
	863032  -  ResidentSetSize of job (KB)
...
006 (14832095.104.000) 06/12 15:30:20 Image size of job updated: 1528132
	843  -  MemoryUsage of job (MB)
	863032  -  ResidentSetSize of job (KB)
...
006 (14832095.104.000) 06/12 15:45:21 Image size of job updated: 4028772
	843  -  MemoryUsage of job (MB)
	863032  -  ResidentSetSize of job (KB)
...
006 (14832095.104.000) 06/12 15:55:22 Image size of job updated: 4078648
	843  -  MemoryUsage of job (MB)
	863032  -  ResidentSetSize of job (KB)
...
006 (14832095.104.000) 06/12 16:00:22 Image size of job updated: 4314564
	843  -  MemoryUsage of job (MB)
	863032  -  ResidentSetSize of job (KB)
...
006 (14832095.104.000) 06/12 16:05:22 Image size of job updated: 4324292
	843  -  MemoryUsage of job (MB)
	863032  -  ResidentSetSize of job (KB)
...
006 (14832095.104.000) 06/12 16:10:23 Image size of job updated: 4385456
	843  -  MemoryUsage of job (MB)
	863032  -  ResidentSetSize of job (KB)
...
006 (14832095.104.000) 06/12 16:15:24 Image size of job updated: 4402648
	843  -  MemoryUsage of job (MB)
	863032  -  ResidentSetSize of job (KB)
...
006 (14832095.104.000) 06/12 16:15:57 Image size of job updated: 4404192
	843  -  MemoryUsage of job (MB)
	863032  -  ResidentSetSize of job (KB)
...
040 (14832095.104.000) 06/12 16:15:57 Started transferring output files
...
040 (14832095.104.000) 06/12 16:15:57 Finished transferring output files
...
005 (14832095.104.000) 06/12 16:15:57 Job terminated.
	(1) Normal termination (return value 0)
		Usr 0 00:10:10, Sys 0 00:00:35  -  Run Remote Usage
		Usr 0 00:00:00, Sys 0 00:00:00  -  Run Local Usage
		Usr 0 00:10:10, Sys 0 00:00:35  -  Total Remote Usage
		Usr 0 00:00:00, Sys 0 00:00:00  -  Total Local Usage
	104395  -  Run Bytes Sent By Job
	323  -  Run Bytes Received By Job
	104395  -  Total Bytes Sent By Job
	323  -  Total Bytes Received By Job
	Partitionable Resources :    Usage  Request Allocated 
	   Cpus                 :     0.08        1         1 
	   Disk (KB)            :   123           1   3196105 
	   Memory (MB)          :   843        2000      2000 

	Job terminated of its own accord at 2023-06-12T14:15:57Z.
...
