000 (15150655.120.000) 09/28 15:00:14 Job submitted from host: <188.184.90.241:9618?addrs=188.184.90.241-9618+[2001-1458-201-e4--100-2eb]-9618&alias=bigbird15.cern.ch&noUDP&sock=schedd_2763_c443>
...
040 (15150655.120.000) 09/28 15:03:21 Started transferring input files
	Transferring to host: <128.142.63.48:9618?addrs=128.142.63.48-9618+[2001-1458-301-38--100-2d]-9618&alias=b7s08p7224.cern.ch&noUDP&sock=slot1_12_11182_7b00_34519>
...
040 (15150655.120.000) 09/28 15:03:21 Finished transferring input files
...
001 (15150655.120.000) 09/28 15:03:22 Job executing on host: <128.142.63.48:9618?addrs=128.142.63.48-9618+[2001-1458-301-38--100-2d]-9618&alias=b7s08p7224.cern.ch&noUDP&sock=startd_57757_1392>
...
006 (15150655.120.000) 09/28 15:03:31 Image size of job updated: 911600
	121  -  MemoryUsage of job (MB)
	123760  -  ResidentSetSize of job (KB)
...
006 (15150655.120.000) 09/28 15:06:09 Image size of job updated: 922192
	121  -  MemoryUsage of job (MB)
	123760  -  ResidentSetSize of job (KB)
...
040 (15150655.120.000) 09/28 15:06:09 Started transferring output files
...
040 (15150655.120.000) 09/28 15:06:09 Finished transferring output files
...
005 (15150655.120.000) 09/28 15:06:09 Job terminated.
	(1) Normal termination (return value 0)
		Usr 0 00:00:09, Sys 0 00:00:01  -  Run Remote Usage
		Usr 0 00:00:00, Sys 0 00:00:00  -  Run Local Usage
		Usr 0 00:00:09, Sys 0 00:00:01  -  Total Remote Usage
		Usr 0 00:00:00, Sys 0 00:00:00  -  Total Local Usage
	8015  -  Run Bytes Sent By Job
	374  -  Run Bytes Received By Job
	8015  -  Total Bytes Sent By Job
	374  -  Total Bytes Received By Job
	Partitionable Resources :    Usage  Request Allocated 
	   Cpus                 :                 1         1 
	   Disk (KB)            :       22        1   2666638 
	   Memory (MB)          :      121     2000      2000 

	Job terminated of its own accord at 2023-09-28T13:06:09Z.
...
