000 (15150662.127.000) 09/28 15:49:40 Job submitted from host: <188.184.90.241:9618?addrs=188.184.90.241-9618+[2001-1458-201-e4--100-2eb]-9618&alias=bigbird15.cern.ch&noUDP&sock=schedd_2763_c443>
...
040 (15150662.127.000) 09/28 16:01:30 Started transferring input files
	Transferring to host: <188.184.160.164:9618?addrs=188.184.160.164-9618+[2001-1458-301-48--100-9e]-9618&alias=b7s09p8815.cern.ch&noUDP&sock=slot1_10_4413_1b8d_97209>
...
040 (15150662.127.000) 09/28 16:01:30 Finished transferring input files
...
001 (15150662.127.000) 09/28 16:01:31 Job executing on host: <188.184.160.164:9618?addrs=188.184.160.164-9618+[2001-1458-301-48--100-9e]-9618&alias=b7s09p8815.cern.ch&noUDP&sock=startd_4374_c756>
...
006 (15150662.127.000) 09/28 16:01:39 Image size of job updated: 801828
	120  -  MemoryUsage of job (MB)
	122824  -  ResidentSetSize of job (KB)
...
006 (15150662.127.000) 09/28 16:05:10 Image size of job updated: 922884
	120  -  MemoryUsage of job (MB)
	122824  -  ResidentSetSize of job (KB)
...
040 (15150662.127.000) 09/28 16:05:10 Started transferring output files
...
040 (15150662.127.000) 09/28 16:05:10 Finished transferring output files
...
005 (15150662.127.000) 09/28 16:05:10 Job terminated.
	(1) Normal termination (return value 0)
		Usr 0 00:00:12, Sys 0 00:00:01  -  Run Remote Usage
		Usr 0 00:00:00, Sys 0 00:00:00  -  Run Local Usage
		Usr 0 00:00:12, Sys 0 00:00:01  -  Total Remote Usage
		Usr 0 00:00:00, Sys 0 00:00:00  -  Total Local Usage
	7936  -  Run Bytes Sent By Job
	374  -  Run Bytes Received By Job
	7936  -  Total Bytes Sent By Job
	374  -  Total Bytes Received By Job
	Partitionable Resources :    Usage  Request Allocated 
	   Cpus                 :                 1         1 
	   Disk (KB)            :       22        1   3002457 
	   Memory (MB)          :      120     2000      2000 

	Job terminated of its own accord at 2023-09-28T14:05:10Z.
...
