000 (15159756.092.000) 10/09 09:27:44 Job submitted from host: <188.184.90.241:9618?addrs=188.184.90.241-9618+[2001-1458-201-e4--100-2eb]-9618&alias=bigbird15.cern.ch&noUDP&sock=schedd_2763_c443>
...
040 (15159756.092.000) 10/09 11:15:13 Started transferring input files
	Transferring to host: <188.184.160.82:9618?addrs=188.184.160.82-9618+[2001-1458-301-48--100-4c]-9618&alias=b7s09p8903.cern.ch&noUDP&sock=slot1_17_45016_9820_119818>
...
040 (15159756.092.000) 10/09 11:15:13 Finished transferring input files
...
001 (15159756.092.000) 10/09 11:15:14 Job executing on host: <188.184.160.82:9618?addrs=188.184.160.82-9618+[2001-1458-301-48--100-4c]-9618&alias=b7s09p8903.cern.ch&noUDP&sock=startd_8840_154c>
...
006 (15159756.092.000) 10/09 11:15:16 Image size of job updated: 1
	0  -  MemoryUsage of job (MB)
	0  -  ResidentSetSize of job (KB)
...
040 (15159756.092.000) 10/09 11:15:16 Started transferring output files
...
040 (15159756.092.000) 10/09 11:15:16 Finished transferring output files
...
005 (15159756.092.000) 10/09 11:15:16 Job terminated.
	(1) Normal termination (return value 0)
		Usr 0 00:00:00, Sys 0 00:00:00  -  Run Remote Usage
		Usr 0 00:00:00, Sys 0 00:00:00  -  Run Local Usage
		Usr 0 00:00:00, Sys 0 00:00:00  -  Total Remote Usage
		Usr 0 00:00:00, Sys 0 00:00:00  -  Total Local Usage
	11798  -  Run Bytes Sent By Job
	269  -  Run Bytes Received By Job
	11798  -  Total Bytes Sent By Job
	269  -  Total Bytes Received By Job
	Partitionable Resources :    Usage  Request Allocated 
	   Cpus                 :                 1         1 
	   Disk (KB)            :       25        1   2995455 
	   Memory (MB)          :        0     2000      2000 

	Job terminated of its own accord at 2023-10-09T09:15:16Z.
...
