000 (15159766.134.000) 10/09 11:47:56 Job submitted from host: <188.184.90.241:9618?addrs=188.184.90.241-9618+[2001-1458-201-e4--100-2eb]-9618&alias=bigbird15.cern.ch&noUDP&sock=schedd_2763_c443>
...
040 (15159766.134.000) 10/09 14:25:02 Started transferring input files
	Transferring to host: <188.184.163.189:9618?addrs=188.184.163.189-9618&alias=b7s12p9170.cern.ch&noUDP&sock=slot1_24_7583_a8cd_14714>
...
040 (15159766.134.000) 10/09 14:25:02 Finished transferring input files
...
001 (15159766.134.000) 10/09 14:25:03 Job executing on host: <188.184.163.189:9618?addrs=188.184.163.189-9618&alias=b7s12p9170.cern.ch&noUDP&sock=startd_5821_4ce0>
...
006 (15159766.134.000) 10/09 14:25:11 Image size of job updated: 122672
	120  -  MemoryUsage of job (MB)
	122404  -  ResidentSetSize of job (KB)
...
006 (15159766.134.000) 10/09 14:28:48 Image size of job updated: 921460
	120  -  MemoryUsage of job (MB)
	122404  -  ResidentSetSize of job (KB)
...
040 (15159766.134.000) 10/09 14:28:48 Started transferring output files
...
040 (15159766.134.000) 10/09 14:28:48 Finished transferring output files
...
005 (15159766.134.000) 10/09 14:28:48 Job terminated.
	(1) Normal termination (return value 0)
		Usr 0 00:00:14, Sys 0 00:00:00  -  Run Remote Usage
		Usr 0 00:00:00, Sys 0 00:00:00  -  Run Local Usage
		Usr 0 00:00:14, Sys 0 00:00:00  -  Total Remote Usage
		Usr 0 00:00:00, Sys 0 00:00:00  -  Total Local Usage
	7875  -  Run Bytes Sent By Job
	374  -  Run Bytes Received By Job
	7875  -  Total Bytes Sent By Job
	374  -  Total Bytes Received By Job
	Partitionable Resources :    Usage  Request Allocated 
	   Cpus                 :     0.05        1         1 
	   Disk (KB)            :    28           1   2927512 
	   Memory (MB)          :   120        2000      2000 

	Job terminated of its own accord at 2023-10-09T12:28:48Z.
...
