000 (15151321.014.000) 10/02 14:58:31 Job submitted from host: <188.184.90.241:9618?addrs=188.184.90.241-9618+[2001-1458-201-e4--100-2eb]-9618&alias=bigbird15.cern.ch&noUDP&sock=schedd_2763_c443>
...
040 (15151321.014.000) 10/02 15:15:12 Started transferring input files
	Transferring to host: <188.184.163.144:9618?addrs=188.184.163.144-9618+[2001-1458-301-4d--100-8a]-9618&alias=b7s12p8659.cern.ch&noUDP&sock=slot1_14_96549_412f_13874>
...
040 (15151321.014.000) 10/02 15:15:12 Finished transferring input files
...
001 (15151321.014.000) 10/02 15:15:13 Job executing on host: <188.184.163.144:9618?addrs=188.184.163.144-9618+[2001-1458-301-4d--100-8a]-9618&alias=b7s12p8659.cern.ch&noUDP&sock=startd_2984_5ab1>
...
006 (15151321.014.000) 10/02 15:15:22 Image size of job updated: 744760
	122  -  MemoryUsage of job (MB)
	124636  -  ResidentSetSize of job (KB)
...
006 (15151321.014.000) 10/02 15:17:09 Image size of job updated: 927676
	122  -  MemoryUsage of job (MB)
	124636  -  ResidentSetSize of job (KB)
...
040 (15151321.014.000) 10/02 15:17:09 Started transferring output files
...
040 (15151321.014.000) 10/02 15:17:09 Finished transferring output files
...
005 (15151321.014.000) 10/02 15:17:09 Job terminated.
	(1) Normal termination (return value 0)
		Usr 0 00:00:15, Sys 0 00:00:00  -  Run Remote Usage
		Usr 0 00:00:00, Sys 0 00:00:00  -  Run Local Usage
		Usr 0 00:00:15, Sys 0 00:00:00  -  Total Remote Usage
		Usr 0 00:00:00, Sys 0 00:00:00  -  Total Local Usage
	8005  -  Run Bytes Sent By Job
	374  -  Run Bytes Received By Job
	8005  -  Total Bytes Sent By Job
	374  -  Total Bytes Received By Job
	Partitionable Resources :    Usage  Request Allocated 
	   Cpus                 :     0.19        1         1 
	   Disk (KB)            :    29           1   3116308 
	   Memory (MB)          :   122        2000      2000 

	Job terminated of its own accord at 2023-10-02T13:17:09Z.
...
