000 (15155243.016.000) 10/07 13:26:29 Job submitted from host: <188.184.90.241:9618?addrs=188.184.90.241-9618+[2001-1458-201-e4--100-2eb]-9618&alias=bigbird15.cern.ch&noUDP&sock=schedd_2763_c443>
...
040 (15155243.016.000) 10/07 13:31:50 Started transferring input files
	Transferring to host: <128.142.137.26:9618?addrs=128.142.137.26-9618+[2001-1458-301-5e--100-e]-9618&alias=b7g19p5896.cern.ch&noUDP&sock=slot1_14_3631_1e2d_17813>
...
040 (15155243.016.000) 10/07 13:31:50 Finished transferring input files
...
001 (15155243.016.000) 10/07 13:31:51 Job executing on host: <128.142.137.26:9618?addrs=128.142.137.26-9618+[2001-1458-301-5e--100-e]-9618&alias=b7g19p5896.cern.ch&noUDP&sock=startd_2965_5265>
...
006 (15155243.016.000) 10/07 13:32:00 Image size of job updated: 604620
	61  -  MemoryUsage of job (MB)
	62164  -  ResidentSetSize of job (KB)
...
006 (15155243.016.000) 10/07 13:37:00 Image size of job updated: 922524
	368  -  MemoryUsage of job (MB)
	376644  -  ResidentSetSize of job (KB)
...
006 (15155243.016.000) 10/07 13:42:00 Image size of job updated: 1265760
	737  -  MemoryUsage of job (MB)
	754564  -  ResidentSetSize of job (KB)
...
006 (15155243.016.000) 10/07 13:47:01 Image size of job updated: 1339176
	760  -  MemoryUsage of job (MB)
	777576  -  ResidentSetSize of job (KB)
...
006 (15155243.016.000) 10/07 13:57:02 Image size of job updated: 4105404
	760  -  MemoryUsage of job (MB)
	777576  -  ResidentSetSize of job (KB)
...
006 (15155243.016.000) 10/07 14:02:03 Image size of job updated: 4390768
	760  -  MemoryUsage of job (MB)
	777576  -  ResidentSetSize of job (KB)
...
006 (15155243.016.000) 10/07 14:07:03 Image size of job updated: 4451864
	760  -  MemoryUsage of job (MB)
	777576  -  ResidentSetSize of job (KB)
...
006 (15155243.016.000) 10/07 14:11:52 Image size of job updated: 4478124
	760  -  MemoryUsage of job (MB)
	777576  -  ResidentSetSize of job (KB)
...
040 (15155243.016.000) 10/07 14:11:52 Started transferring output files
...
040 (15155243.016.000) 10/07 14:11:52 Finished transferring output files
...
005 (15155243.016.000) 10/07 14:11:52 Job terminated.
	(1) Normal termination (return value 0)
		Usr 0 00:21:46, Sys 0 00:00:35  -  Run Remote Usage
		Usr 0 00:00:00, Sys 0 00:00:00  -  Run Local Usage
		Usr 0 00:21:46, Sys 0 00:00:35  -  Total Remote Usage
		Usr 0 00:00:00, Sys 0 00:00:00  -  Total Local Usage
	96480  -  Run Bytes Sent By Job
	323  -  Run Bytes Received By Job
	96480  -  Total Bytes Sent By Job
	323  -  Total Bytes Received By Job
	Partitionable Resources :    Usage  Request Allocated 
	   Cpus                 :     0.93        1         1 
	   Disk (KB)            :   116           1   1502306 
	   Memory (MB)          :   760        2000      2000 

	Job terminated of its own accord at 2023-10-07T12:11:52Z.
...
