000 (14807135.024.000) 05/13 19:23:40 Job submitted from host: <188.184.90.241:9618?addrs=188.184.90.241-9618+[2001-1458-201-e4--100-2eb]-9618&alias=bigbird15.cern.ch&noUDP&sock=schedd_3273_9590>
...
040 (14807135.024.000) 05/13 19:35:15 Started transferring input files
	Transferring to host: <188.184.163.214:9618?addrs=188.184.163.214-9618+[2001-1458-301-4d--100-d0]-9618&alias=b7s12p5222.cern.ch&noUDP&sock=slot1_10_123669_bf7e_59866>
...
040 (14807135.024.000) 05/13 19:35:15 Finished transferring input files
...
001 (14807135.024.000) 05/13 19:35:16 Job executing on host: <188.184.163.214:9618?addrs=188.184.163.214-9618+[2001-1458-301-4d--100-d0]-9618&alias=b7s12p5222.cern.ch&noUDP&sock=startd_28711_efb7>
...
006 (14807135.024.000) 05/13 19:35:24 Image size of job updated: 554132
	47  -  MemoryUsage of job (MB)
	47688  -  ResidentSetSize of job (KB)
...
006 (14807135.024.000) 05/13 19:40:24 Image size of job updated: 2193740
	1641  -  MemoryUsage of job (MB)
	1680352  -  ResidentSetSize of job (KB)
...
006 (14807135.024.000) 05/13 19:45:24 Image size of job updated: 2268796
	1665  -  MemoryUsage of job (MB)
	1704296  -  ResidentSetSize of job (KB)
...
040 (14807135.024.000) 05/13 19:48:42 Started transferring output files
...
040 (14807135.024.000) 05/13 19:48:42 Finished transferring output files
...
005 (14807135.024.000) 05/13 19:48:42 Job terminated.
	(1) Normal termination (return value 0)
		Usr 0 00:10:38, Sys 0 00:00:52  -  Run Remote Usage
		Usr 0 00:00:00, Sys 0 00:00:00  -  Run Local Usage
		Usr 0 00:10:38, Sys 0 00:00:52  -  Total Remote Usage
		Usr 0 00:00:00, Sys 0 00:00:00  -  Total Local Usage
	91234  -  Run Bytes Sent By Job
	323  -  Run Bytes Received By Job
	91234  -  Total Bytes Sent By Job
	323  -  Total Bytes Received By Job
	Partitionable Resources :    Usage  Request Allocated 
	   Cpus                 :     0.87        1         1 
	   Disk (KB)            :   110           1   2836457 
	   Memory (MB)          :  1665        2000      2000 

	Job terminated of its own accord at 2023-05-13T17:48:42Z.
...
