000 (14832095.157.000) 06/12 15:17:58 Job submitted from host: <188.184.90.241:9618?addrs=188.184.90.241-9618+[2001-1458-201-e4--100-2eb]-9618&alias=bigbird15.cern.ch&noUDP&sock=schedd_1460210_2ef4>
...
040 (14832095.157.000) 06/12 15:20:28 Started transferring input files
	Transferring to host: <188.184.162.67:9618?addrs=188.184.162.67-9618+[2001-1458-301-4a--100-3d]-9618&alias=b7s11p3422.cern.ch&noUDP&sock=slot1_11_159728_9358_67798>
...
040 (14832095.157.000) 06/12 15:20:28 Finished transferring input files
...
001 (14832095.157.000) 06/12 15:20:29 Job executing on host: <188.184.162.67:9618?addrs=188.184.162.67-9618+[2001-1458-301-4a--100-3d]-9618&alias=b7s11p3422.cern.ch&noUDP&sock=startd_3260_aad5>
...
006 (14832095.157.000) 06/12 15:20:38 Image size of job updated: 553972
	47  -  MemoryUsage of job (MB)
	47688  -  ResidentSetSize of job (KB)
...
006 (14832095.157.000) 06/12 15:25:39 Image size of job updated: 1788588
	1244  -  MemoryUsage of job (MB)
	1272868  -  ResidentSetSize of job (KB)
...
006 (14832095.157.000) 06/12 15:30:39 Image size of job updated: 2188644
	1473  -  MemoryUsage of job (MB)
	1507608  -  ResidentSetSize of job (KB)
...
006 (14832095.157.000) 06/12 15:35:39 Image size of job updated: 2213644
	1473  -  MemoryUsage of job (MB)
	1507620  -  ResidentSetSize of job (KB)
...
006 (14832095.157.000) 06/12 15:45:41 Image size of job updated: 4037388
	1473  -  MemoryUsage of job (MB)
	1507620  -  ResidentSetSize of job (KB)
...
006 (14832095.157.000) 06/12 15:50:41 Image size of job updated: 4086364
	1473  -  MemoryUsage of job (MB)
	1507620  -  ResidentSetSize of job (KB)
...
006 (14832095.157.000) 06/12 15:55:41 Image size of job updated: 4321628
	1473  -  MemoryUsage of job (MB)
	1507620  -  ResidentSetSize of job (KB)
...
006 (14832095.157.000) 06/12 16:00:42 Image size of job updated: 4328608
	1473  -  MemoryUsage of job (MB)
	1507620  -  ResidentSetSize of job (KB)
...
006 (14832095.157.000) 06/12 16:05:43 Image size of job updated: 4382568
	1473  -  MemoryUsage of job (MB)
	1507620  -  ResidentSetSize of job (KB)
...
006 (14832095.157.000) 06/12 16:10:43 Image size of job updated: 4401652
	1473  -  MemoryUsage of job (MB)
	1507620  -  ResidentSetSize of job (KB)
...
006 (14832095.157.000) 06/12 16:13:00 Image size of job updated: 4413340
	1473  -  MemoryUsage of job (MB)
	1507620  -  ResidentSetSize of job (KB)
...
040 (14832095.157.000) 06/12 16:13:00 Started transferring output files
...
040 (14832095.157.000) 06/12 16:13:00 Finished transferring output files
...
005 (14832095.157.000) 06/12 16:13:00 Job terminated.
	(1) Normal termination (return value 0)
		Usr 0 00:11:11, Sys 0 00:00:54  -  Run Remote Usage
		Usr 0 00:00:00, Sys 0 00:00:00  -  Run Local Usage
		Usr 0 00:11:11, Sys 0 00:00:54  -  Total Remote Usage
		Usr 0 00:00:00, Sys 0 00:00:00  -  Total Local Usage
	134189  -  Run Bytes Sent By Job
	323  -  Run Bytes Received By Job
	134189  -  Total Bytes Sent By Job
	323  -  Total Bytes Received By Job
	Partitionable Resources :    Usage  Request Allocated 
	   Cpus                 :     0.03        1         1 
	   Disk (KB)            :   152           1   3102318 
	   Memory (MB)          :  1473        2000      2000 

	Job terminated of its own accord at 2023-06-12T14:13:00Z.
...
