000 (15150662.169.000) 09/28 15:49:40 Job submitted from host: <188.184.90.241:9618?addrs=188.184.90.241-9618+[2001-1458-201-e4--100-2eb]-9618&alias=bigbird15.cern.ch&noUDP&sock=schedd_2763_c443>
...
040 (15150662.169.000) 09/28 16:01:44 Started transferring input files
	Transferring to host: <188.184.163.114:9618?addrs=188.184.163.114-9618+[2001-1458-301-4d--100-6c]-9618&alias=b7s12p3596.cern.ch&noUDP&sock=slot1_55_4840_f7be_214089>
...
040 (15150662.169.000) 09/28 16:01:44 Finished transferring input files
...
001 (15150662.169.000) 09/28 16:01:45 Job executing on host: <188.184.163.114:9618?addrs=188.184.163.114-9618+[2001-1458-301-4d--100-6c]-9618&alias=b7s12p3596.cern.ch&noUDP&sock=startd_3366_5fdf>
...
006 (15150662.169.000) 09/28 16:01:54 Image size of job updated: 117736
	115  -  MemoryUsage of job (MB)
	117736  -  ResidentSetSize of job (KB)
...
006 (15150662.169.000) 09/28 16:04:13 Image size of job updated: 912452
	115  -  MemoryUsage of job (MB)
	117736  -  ResidentSetSize of job (KB)
...
040 (15150662.169.000) 09/28 16:04:13 Started transferring output files
...
040 (15150662.169.000) 09/28 16:04:13 Finished transferring output files
...
005 (15150662.169.000) 09/28 16:04:13 Job terminated.
	(1) Normal termination (return value 0)
		Usr 0 00:00:07, Sys 0 00:00:00  -  Run Remote Usage
		Usr 0 00:00:00, Sys 0 00:00:00  -  Run Local Usage
		Usr 0 00:00:07, Sys 0 00:00:00  -  Total Remote Usage
		Usr 0 00:00:00, Sys 0 00:00:00  -  Total Local Usage
	7834  -  Run Bytes Sent By Job
	374  -  Run Bytes Received By Job
	7834  -  Total Bytes Sent By Job
	374  -  Total Bytes Received By Job
	Partitionable Resources :    Usage  Request Allocated 
	   Cpus                 :                 1         1 
	   Disk (KB)            :       21        1   3064205 
	   Memory (MB)          :      115     2000      2000 

	Job terminated of its own accord at 2023-09-28T14:04:13Z.
...
