000 (14807472.026.000) 05/16 11:28:54 Job submitted from host: <188.184.90.241:9618?addrs=188.184.90.241-9618+[2001-1458-201-e4--100-2eb]-9618&alias=bigbird15.cern.ch&noUDP&sock=schedd_3273_9590>
...
040 (14807472.026.000) 05/16 11:39:52 Started transferring input files
	Transferring to host: <128.142.56.30:9618?addrs=128.142.56.30-9618+[2001-1458-301-6--100-1d]-9618&alias=b7s01p7773.cern.ch&noUDP&sock=slot1_1_4874_ec7f_41527>
...
040 (14807472.026.000) 05/16 11:39:52 Finished transferring input files
...
001 (14807472.026.000) 05/16 11:39:53 Job executing on host: <128.142.56.30:9618?addrs=128.142.56.30-9618+[2001-1458-301-6--100-1d]-9618&alias=b7s01p7773.cern.ch&noUDP&sock=startd_4286_6b00>
...
006 (14807472.026.000) 05/16 11:40:02 Image size of job updated: 554240
	47  -  MemoryUsage of job (MB)
	47796  -  ResidentSetSize of job (KB)
...
006 (14807472.026.000) 05/16 11:45:03 Image size of job updated: 2169708
	1593  -  MemoryUsage of job (MB)
	1630860  -  ResidentSetSize of job (KB)
...
006 (14807472.026.000) 05/16 11:50:04 Image size of job updated: 2295828
	1593  -  MemoryUsage of job (MB)
	1630860  -  ResidentSetSize of job (KB)
...
006 (14807472.026.000) 05/16 11:55:04 Image size of job updated: 4095784
	1593  -  MemoryUsage of job (MB)
	1630860  -  ResidentSetSize of job (KB)
...
006 (14807472.026.000) 05/16 12:00:04 Image size of job updated: 4336616
	1593  -  MemoryUsage of job (MB)
	1630860  -  ResidentSetSize of job (KB)
...
006 (14807472.026.000) 05/16 12:05:05 Image size of job updated: 4407812
	1593  -  MemoryUsage of job (MB)
	1630860  -  ResidentSetSize of job (KB)
...
006 (14807472.026.000) 05/16 12:07:02 Image size of job updated: 4421760
	1593  -  MemoryUsage of job (MB)
	1630860  -  ResidentSetSize of job (KB)
...
040 (14807472.026.000) 05/16 12:07:03 Started transferring output files
...
040 (14807472.026.000) 05/16 12:07:03 Finished transferring output files
...
005 (14807472.026.000) 05/16 12:07:04 Job terminated.
	(1) Normal termination (return value 0)
		Usr 0 00:09:27, Sys 0 00:00:42  -  Run Remote Usage
		Usr 0 00:00:00, Sys 0 00:00:00  -  Run Local Usage
		Usr 0 00:09:27, Sys 0 00:00:42  -  Total Remote Usage
		Usr 0 00:00:00, Sys 0 00:00:00  -  Total Local Usage
	133412  -  Run Bytes Sent By Job
	323  -  Run Bytes Received By Job
	133412  -  Total Bytes Sent By Job
	323  -  Total Bytes Received By Job
	Partitionable Resources :    Usage  Request Allocated 
	   Cpus                 :     0.19        1         1 
	   Disk (KB)            :   152           1   1278364 
	   Memory (MB)          :  1593        2000      2000 

	Job terminated of its own accord at 2023-05-16T10:07:02Z.
...
