000 (15148591.009.000) 09/26 23:15:32 Job submitted from host: <188.184.90.241:9618?addrs=188.184.90.241-9618+[2001-1458-201-e4--100-2eb]-9618&alias=bigbird15.cern.ch&noUDP&sock=schedd_2763_c443>
...
040 (15148591.009.000) 09/26 23:30:20 Started transferring input files
	Transferring to host: <128.142.60.116:9618?addrs=128.142.60.116-9618+[2001-1458-301-22--100-73]-9618&alias=b7s05p9467.cern.ch&noUDP&sock=slot1_2_23483_a5d4_136085>
...
040 (15148591.009.000) 09/26 23:30:20 Finished transferring input files
...
001 (15148591.009.000) 09/26 23:30:21 Job executing on host: <128.142.60.116:9618?addrs=128.142.60.116-9618+[2001-1458-301-22--100-73]-9618&alias=b7s05p9467.cern.ch&noUDP&sock=startd_23445_e5fd>
...
006 (15148591.009.000) 09/26 23:30:30 Image size of job updated: 624056
	52  -  MemoryUsage of job (MB)
	52732  -  ResidentSetSize of job (KB)
...
006 (15148591.009.000) 09/26 23:35:31 Image size of job updated: 1079120
	505  -  MemoryUsage of job (MB)
	516696  -  ResidentSetSize of job (KB)
...
006 (15148591.009.000) 09/26 23:40:31 Image size of job updated: 3168480
	505  -  MemoryUsage of job (MB)
	516696  -  ResidentSetSize of job (KB)
...
006 (15148591.009.000) 09/26 23:45:31 Image size of job updated: 3377604
	505  -  MemoryUsage of job (MB)
	516696  -  ResidentSetSize of job (KB)
...
006 (15148591.009.000) 09/26 23:50:32 Image size of job updated: 3430136
	505  -  MemoryUsage of job (MB)
	516696  -  ResidentSetSize of job (KB)
...
006 (15148591.009.000) 09/26 23:52:18 Image size of job updated: 3442176
	505  -  MemoryUsage of job (MB)
	516696  -  ResidentSetSize of job (KB)
...
040 (15148591.009.000) 09/26 23:52:18 Started transferring output files
...
040 (15148591.009.000) 09/26 23:52:18 Finished transferring output files
...
005 (15148591.009.000) 09/26 23:52:18 Job terminated.
	(1) Normal termination (return value 0)
		Usr 0 00:07:28, Sys 0 00:00:16  -  Run Remote Usage
		Usr 0 00:00:00, Sys 0 00:00:00  -  Run Local Usage
		Usr 0 00:07:28, Sys 0 00:00:16  -  Total Remote Usage
		Usr 0 00:00:00, Sys 0 00:00:00  -  Total Local Usage
	74370  -  Run Bytes Sent By Job
	323  -  Run Bytes Received By Job
	74370  -  Total Bytes Sent By Job
	323  -  Total Bytes Received By Job
	Partitionable Resources :    Usage  Request Allocated 
	   Cpus                 :        0        1         1 
	   Disk (KB)            :       94        1   1301019 
	   Memory (MB)          :      505     2000      2000 

	Job terminated of its own accord at 2023-09-26T21:52:18Z.
...
