000 (15159743.024.000) 10/09 07:56:33 Job submitted from host: <188.184.90.241:9618?addrs=188.184.90.241-9618+[2001-1458-201-e4--100-2eb]-9618&alias=bigbird15.cern.ch&noUDP&sock=schedd_2763_c443>
...
040 (15159743.024.000) 10/09 08:09:45 Started transferring input files
	Transferring to host: <188.184.162.231:9618?addrs=188.184.162.231-9618+[2001-1458-301-4a--100-e1]-9618&alias=b7s11p2825.cern.ch&noUDP&sock=slot1_5_123344_c191_226528>
...
040 (15159743.024.000) 10/09 08:09:45 Finished transferring input files
...
001 (15159743.024.000) 10/09 08:09:46 Job executing on host: <188.184.162.231:9618?addrs=188.184.162.231-9618+[2001-1458-301-4a--100-e1]-9618&alias=b7s11p2825.cern.ch&noUDP&sock=startd_28849_97c9>
...
006 (15159743.024.000) 10/09 08:09:54 Image size of job updated: 59668
	54  -  MemoryUsage of job (MB)
	54544  -  ResidentSetSize of job (KB)
...
006 (15159743.024.000) 10/09 08:14:54 Image size of job updated: 882292
	378  -  MemoryUsage of job (MB)
	387052  -  ResidentSetSize of job (KB)
...
006 (15159743.024.000) 10/09 08:19:55 Image size of job updated: 1160908
	660  -  MemoryUsage of job (MB)
	674864  -  ResidentSetSize of job (KB)
...
006 (15159743.024.000) 10/09 08:24:55 Image size of job updated: 3896040
	3209  -  MemoryUsage of job (MB)
	3285136  -  ResidentSetSize of job (KB)
...
006 (15159743.024.000) 10/09 08:25:13 Image size of job updated: 3896628
	3209  -  MemoryUsage of job (MB)
	3285136  -  ResidentSetSize of job (KB)
...
040 (15159743.024.000) 10/09 08:25:13 Started transferring output files
...
040 (15159743.024.000) 10/09 08:25:13 Finished transferring output files
...
005 (15159743.024.000) 10/09 08:25:13 Job terminated.
	(1) Normal termination (return value 0)
		Usr 0 00:13:25, Sys 0 00:00:12  -  Run Remote Usage
		Usr 0 00:00:00, Sys 0 00:00:00  -  Run Local Usage
		Usr 0 00:13:25, Sys 0 00:00:12  -  Total Remote Usage
		Usr 0 00:00:00, Sys 0 00:00:00  -  Total Local Usage
	212276  -  Run Bytes Sent By Job
	269  -  Run Bytes Received By Job
	212276  -  Total Bytes Sent By Job
	269  -  Total Bytes Received By Job
	Partitionable Resources :    Usage  Request Allocated 
	   Cpus                 :     0.95        1         1 
	   Disk (KB)            :   229           1   3059527 
	   Memory (MB)          :  3209        2000      2000 

	Job terminated of its own accord at 2023-10-09T06:25:13Z.
...
