000 (15150662.186.000) 09/28 15:49:40 Job submitted from host: <188.184.90.241:9618?addrs=188.184.90.241-9618+[2001-1458-201-e4--100-2eb]-9618&alias=bigbird15.cern.ch&noUDP&sock=schedd_2763_c443>
...
040 (15150662.186.000) 09/28 16:01:50 Started transferring input files
	Transferring to host: <188.184.163.36:9618?addrs=188.184.163.36-9618+[2001-1458-301-4d--100-1e]-9618&alias=b7s12p5517.cern.ch&noUDP&sock=slot1_63_102533_8623_95111>
...
040 (15150662.186.000) 09/28 16:01:50 Finished transferring input files
...
001 (15150662.186.000) 09/28 16:01:51 Job executing on host: <188.184.163.36:9618?addrs=188.184.163.36-9618+[2001-1458-301-4d--100-1e]-9618&alias=b7s12p5517.cern.ch&noUDP&sock=startd_102495_9f91>
...
006 (15150662.186.000) 09/28 16:01:53 Image size of job updated: 744216
	0  -  MemoryUsage of job (MB)
	0  -  ResidentSetSize of job (KB)
...
040 (15150662.186.000) 09/28 16:01:54 Started transferring output files
...
040 (15150662.186.000) 09/28 16:01:54 Finished transferring output files
...
005 (15150662.186.000) 09/28 16:01:54 Job terminated.
	(1) Normal termination (return value 0)
		Usr 0 00:00:01, Sys 0 00:00:00  -  Run Remote Usage
		Usr 0 00:00:00, Sys 0 00:00:00  -  Run Local Usage
		Usr 0 00:00:01, Sys 0 00:00:00  -  Total Remote Usage
		Usr 0 00:00:00, Sys 0 00:00:00  -  Total Local Usage
	7656  -  Run Bytes Sent By Job
	374  -  Run Bytes Received By Job
	7656  -  Total Bytes Sent By Job
	374  -  Total Bytes Received By Job
	Partitionable Resources :    Usage  Request Allocated 
	   Cpus                 :                 1         1 
	   Disk (KB)            :       21        1   3016274 
	   Memory (MB)          :        0     2000      2000 

	Job terminated of its own accord at 2023-09-28T14:01:53Z.
...
