000 (15155256.050.000) 10/07 14:35:52 Job submitted from host: <188.184.90.241:9618?addrs=188.184.90.241-9618+[2001-1458-201-e4--100-2eb]-9618&alias=bigbird15.cern.ch&noUDP&sock=schedd_2763_c443>
...
040 (15155256.050.000) 10/07 14:38:02 Started transferring input files
	Transferring to host: <128.142.60.157:9618?addrs=128.142.60.157-9618+[2001-1458-301-22--100-9c]-9618&alias=b7s05p2820.cern.ch&noUDP&sock=slot1_18_3177_3bda_42659>
...
040 (15155256.050.000) 10/07 14:38:02 Finished transferring input files
...
001 (15155256.050.000) 10/07 14:38:03 Job executing on host: <128.142.60.157:9618?addrs=128.142.60.157-9618+[2001-1458-301-22--100-9c]-9618&alias=b7s05p2820.cern.ch&noUDP&sock=startd_2765_2374>
...
006 (15155256.050.000) 10/07 14:38:12 Image size of job updated: 66992
	64  -  MemoryUsage of job (MB)
	65236  -  ResidentSetSize of job (KB)
...
006 (15155256.050.000) 10/07 14:43:12 Image size of job updated: 1145908
	620  -  MemoryUsage of job (MB)
	634400  -  ResidentSetSize of job (KB)
...
006 (15155256.050.000) 10/07 14:48:12 Image size of job updated: 1195756
	620  -  MemoryUsage of job (MB)
	634400  -  ResidentSetSize of job (KB)
...
006 (15155256.050.000) 10/07 14:53:13 Image size of job updated: 3765672
	620  -  MemoryUsage of job (MB)
	634400  -  ResidentSetSize of job (KB)
...
006 (15155256.050.000) 10/07 14:58:14 Image size of job updated: 3968708
	620  -  MemoryUsage of job (MB)
	634400  -  ResidentSetSize of job (KB)
...
006 (15155256.050.000) 10/07 15:03:14 Image size of job updated: 4015484
	620  -  MemoryUsage of job (MB)
	634400  -  ResidentSetSize of job (KB)
...
006 (15155256.050.000) 10/07 15:04:42 Image size of job updated: 4024232
	620  -  MemoryUsage of job (MB)
	634400  -  ResidentSetSize of job (KB)
...
040 (15155256.050.000) 10/07 15:04:42 Started transferring output files
...
040 (15155256.050.000) 10/07 15:04:42 Finished transferring output files
...
005 (15155256.050.000) 10/07 15:04:42 Job terminated.
	(1) Normal termination (return value 0)
		Usr 0 00:09:20, Sys 0 00:00:14  -  Run Remote Usage
		Usr 0 00:00:00, Sys 0 00:00:00  -  Run Local Usage
		Usr 0 00:09:20, Sys 0 00:00:14  -  Total Remote Usage
		Usr 0 00:00:00, Sys 0 00:00:00  -  Total Local Usage
	79292  -  Run Bytes Sent By Job
	323  -  Run Bytes Received By Job
	79292  -  Total Bytes Sent By Job
	323  -  Total Bytes Received By Job
	Partitionable Resources :    Usage  Request Allocated 
	   Cpus                 :     0.09        1         1 
	   Disk (KB)            :    99           1   1228157 
	   Memory (MB)          :   620        2000      2000 

	Job terminated of its own accord at 2023-10-07T13:04:42Z.
...
