000 (15271413.127.000) 12/18 14:02:23 Job submitted from host: <188.184.90.241:9618?addrs=188.184.90.241-9618+[2001-1458-201-e4--100-2eb]-9618&alias=bigbird15.cern.ch&noUDP&sock=schedd_2763_c443>
...
040 (15271413.127.000) 12/18 14:06:32 Started transferring input files
	Transferring to host: <128.142.61.132:9618?addrs=128.142.61.132-9618+[2001-1458-301-23--100-83]-9618&alias=b9s06p9836.cern.ch&noUDP&sock=slot1_4_123361_bbf2_6380>
...
040 (15271413.127.000) 12/18 14:06:32 Finished transferring input files
...
001 (15271413.127.000) 12/18 14:06:33 Job executing on host: <128.142.61.132:9618?addrs=128.142.61.132-9618+[2001-1458-301-23--100-83]-9618&alias=b9s06p9836.cern.ch&noUDP&sock=startd_113098_663e>
...
006 (15271413.127.000) 12/18 14:06:42 Image size of job updated: 118904
	97  -  MemoryUsage of job (MB)
	98332  -  ResidentSetSize of job (KB)
...
006 (15271413.127.000) 12/18 14:11:43 Image size of job updated: 514572
	493  -  MemoryUsage of job (MB)
	503856  -  ResidentSetSize of job (KB)
...
006 (15271413.127.000) 12/18 14:15:24 Image size of job updated: 2793360
	493  -  MemoryUsage of job (MB)
	503856  -  ResidentSetSize of job (KB)
...
040 (15271413.127.000) 12/18 14:15:24 Started transferring output files
...
040 (15271413.127.000) 12/18 14:15:24 Finished transferring output files
...
005 (15271413.127.000) 12/18 14:15:24 Job terminated.
	(1) Normal termination (return value 0)
		Usr 0 00:06:37, Sys 0 00:00:05  -  Run Remote Usage
		Usr 0 00:00:00, Sys 0 00:00:00  -  Run Local Usage
		Usr 0 00:06:37, Sys 0 00:00:05  -  Total Remote Usage
		Usr 0 00:00:00, Sys 0 00:00:00  -  Total Local Usage
	146296  -  Run Bytes Sent By Job
	269  -  Run Bytes Received By Job
	146296  -  Total Bytes Sent By Job
	269  -  Total Bytes Received By Job
	Partitionable Resources :    Usage  Request Allocated 
	   Cpus                 :     0.95        1         1 
	   Disk (KB)            :   187           1   3041570 
	   Memory (MB)          :   493        2000      2000 

	Job terminated of its own accord at 2023-12-18T13:15:24Z.
...
