000 (15153696.051.000) 10/03 22:27:19 Job submitted from host: <188.184.90.241:9618?addrs=188.184.90.241-9618+[2001-1458-201-e4--100-2eb]-9618&alias=bigbird15.cern.ch&noUDP&sock=schedd_2763_c443>
...
040 (15153696.051.000) 10/03 22:30:35 Started transferring input files
	Transferring to host: <188.184.162.169:9618?addrs=188.184.162.169-9618+[2001-1458-301-4a--100-a3]-9618&alias=b7s11p9652.cern.ch&noUDP&sock=slot1_11_123164_ee0a_206093>
...
040 (15153696.051.000) 10/03 22:30:35 Finished transferring input files
...
001 (15153696.051.000) 10/03 22:30:36 Job executing on host: <188.184.162.169:9618?addrs=188.184.162.169-9618+[2001-1458-301-4a--100-a3]-9618&alias=b7s11p9652.cern.ch&noUDP&sock=startd_28845_d968>
...
006 (15153696.051.000) 10/03 22:30:40 Image size of job updated: 109972
	0  -  MemoryUsage of job (MB)
	0  -  ResidentSetSize of job (KB)
...
040 (15153696.051.000) 10/03 22:30:40 Started transferring output files
...
040 (15153696.051.000) 10/03 22:30:40 Finished transferring output files
...
005 (15153696.051.000) 10/03 22:30:40 Job terminated.
	(1) Normal termination (return value 0)
		Usr 0 00:00:01, Sys 0 00:00:00  -  Run Remote Usage
		Usr 0 00:00:00, Sys 0 00:00:00  -  Run Local Usage
		Usr 0 00:00:01, Sys 0 00:00:00  -  Total Remote Usage
		Usr 0 00:00:00, Sys 0 00:00:00  -  Total Local Usage
	7568  -  Run Bytes Sent By Job
	374  -  Run Bytes Received By Job
	7568  -  Total Bytes Sent By Job
	374  -  Total Bytes Received By Job
	Partitionable Resources :    Usage  Request Allocated 
	   Cpus                 :                 1         1 
	   Disk (KB)            :       21        1   3079520 
	   Memory (MB)          :        0     2000      2000 

	Job terminated of its own accord at 2023-10-03T20:30:40Z.
...
