000 (14832095.209.000) 06/12 15:17:58 Job submitted from host: <188.184.90.241:9618?addrs=188.184.90.241-9618+[2001-1458-201-e4--100-2eb]-9618&alias=bigbird15.cern.ch&noUDP&sock=schedd_1460210_2ef4>
...
040 (14832095.209.000) 06/12 15:20:48 Started transferring input files
	Transferring to host: <128.142.130.93:9618?addrs=128.142.130.93-9618+[2001-1458-301-58--100-51]-9618&alias=b7g20p9961.cern.ch&noUDP&sock=slot1_4_4638_a3f6_70100>
...
040 (14832095.209.000) 06/12 15:20:48 Finished transferring input files
...
001 (14832095.209.000) 06/12 15:20:49 Job executing on host: <128.142.130.93:9618?addrs=128.142.130.93-9618+[2001-1458-301-58--100-51]-9618&alias=b7g20p9961.cern.ch&noUDP&sock=startd_3328_4f46>
...
006 (14832095.209.000) 06/12 15:20:58 Image size of job updated: 538076
	47  -  MemoryUsage of job (MB)
	47680  -  ResidentSetSize of job (KB)
...
006 (14832095.209.000) 06/12 15:25:58 Image size of job updated: 1443648
	934  -  MemoryUsage of job (MB)
	955804  -  ResidentSetSize of job (KB)
...
006 (14832095.209.000) 06/12 15:30:58 Image size of job updated: 2243556
	1691  -  MemoryUsage of job (MB)
	1730740  -  ResidentSetSize of job (KB)
...
006 (14832095.209.000) 06/12 15:35:59 Image size of job updated: 2293612
	1715  -  MemoryUsage of job (MB)
	1755936  -  ResidentSetSize of job (KB)
...
006 (14832095.209.000) 06/12 15:51:00 Image size of job updated: 4078204
	1715  -  MemoryUsage of job (MB)
	1755936  -  ResidentSetSize of job (KB)
...
006 (14832095.209.000) 06/12 15:56:00 Image size of job updated: 4078208
	1715  -  MemoryUsage of job (MB)
	1755936  -  ResidentSetSize of job (KB)
...
006 (14832095.209.000) 06/12 16:01:00 Image size of job updated: 4360212
	1715  -  MemoryUsage of job (MB)
	1755936  -  ResidentSetSize of job (KB)
...
006 (14832095.209.000) 06/12 16:06:01 Image size of job updated: 4370344
	1715  -  MemoryUsage of job (MB)
	1755936  -  ResidentSetSize of job (KB)
...
006 (14832095.209.000) 06/12 16:11:02 Image size of job updated: 4435248
	1715  -  MemoryUsage of job (MB)
	1755936  -  ResidentSetSize of job (KB)
...
006 (14832095.209.000) 06/12 16:16:01 Image size of job updated: 4455416
	1715  -  MemoryUsage of job (MB)
	1755936  -  ResidentSetSize of job (KB)
...
040 (14832095.209.000) 06/12 16:16:01 Started transferring output files
...
040 (14832095.209.000) 06/12 16:16:01 Finished transferring output files
...
005 (14832095.209.000) 06/12 16:16:01 Job terminated.
	(1) Normal termination (return value 0)
		Usr 0 00:19:21, Sys 0 00:01:15  -  Run Remote Usage
		Usr 0 00:00:00, Sys 0 00:00:00  -  Run Local Usage
		Usr 0 00:19:21, Sys 0 00:01:15  -  Total Remote Usage
		Usr 0 00:00:00, Sys 0 00:00:00  -  Total Local Usage
	139055  -  Run Bytes Sent By Job
	323  -  Run Bytes Received By Job
	139055  -  Total Bytes Sent By Job
	323  -  Total Bytes Received By Job
	Partitionable Resources :    Usage  Request Allocated 
	   Cpus                 :     1.00        1         1 
	   Disk (KB)            :   157           1   1606445 
	   Memory (MB)          :  1715        2000      2000 

	Job terminated of its own accord at 2023-06-12T14:16:01Z.
...
