000 (15271413.147.000) 12/18 14:02:23 Job submitted from host: <188.184.90.241:9618?addrs=188.184.90.241-9618+[2001-1458-201-e4--100-2eb]-9618&alias=bigbird15.cern.ch&noUDP&sock=schedd_2763_c443>
...
040 (15271413.147.000) 12/18 14:06:38 Started transferring input files
	Transferring to host: <128.142.63.74:9618?addrs=128.142.63.74-9618+[2001-1458-301-38--100-47]-9618&alias=b9s08p4556.cern.ch&noUDP&sock=slot1_4_153296_a653_23728>
...
040 (15271413.147.000) 12/18 14:06:38 Finished transferring input files
...
001 (15271413.147.000) 12/18 14:06:39 Job executing on host: <128.142.63.74:9618?addrs=128.142.63.74-9618+[2001-1458-301-38--100-47]-9618&alias=b9s08p4556.cern.ch&noUDP&sock=startd_142472_8529>
...
006 (15271413.147.000) 12/18 14:06:48 Image size of job updated: 153360
	149  -  MemoryUsage of job (MB)
	152032  -  ResidentSetSize of job (KB)
...
006 (15271413.147.000) 12/18 14:11:49 Image size of job updated: 488848
	476  -  MemoryUsage of job (MB)
	487416  -  ResidentSetSize of job (KB)
...
006 (15271413.147.000) 12/18 14:15:33 Image size of job updated: 2509108
	476  -  MemoryUsage of job (MB)
	487416  -  ResidentSetSize of job (KB)
...
040 (15271413.147.000) 12/18 14:15:33 Started transferring output files
...
040 (15271413.147.000) 12/18 14:15:33 Finished transferring output files
...
005 (15271413.147.000) 12/18 14:15:33 Job terminated.
	(1) Normal termination (return value 0)
		Usr 0 00:07:33, Sys 0 00:00:07  -  Run Remote Usage
		Usr 0 00:00:00, Sys 0 00:00:00  -  Run Local Usage
		Usr 0 00:07:33, Sys 0 00:00:07  -  Total Remote Usage
		Usr 0 00:00:00, Sys 0 00:00:00  -  Total Local Usage
	146760  -  Run Bytes Sent By Job
	269  -  Run Bytes Received By Job
	146760  -  Total Bytes Sent By Job
	269  -  Total Bytes Received By Job
	Partitionable Resources :    Usage  Request Allocated 
	   Cpus                 :                 1         1 
	   Disk (KB)            :      180        1   2943518 
	   Memory (MB)          :      476     2000      2000 

	Job terminated of its own accord at 2023-12-18T13:15:33Z.
...
