Error in <TSystem::ExpandFileName>: input: $HOME/.root.mimes, output: $HOME/.root.mimes
Error in <TSystem::ExpandFileName>: input: $HOME/.root.mimes, output: $HOME/.root.mimes
Error in <TCanvas::Range>: illegal world coordinates range: x1=0.761875, y1=0.000000, x2=0.765781, y2=0.000000
Error in <TCanvas::RangeAxis>: illegal axis coordinates range: xmin=0.762500, ymin=0.000000, xmax=0.765000, ymax=0.000000
Error in <TCanvas::Range>: illegal world coordinates range: x1=0.761875, y1=0.000000, x2=0.765781, y2=0.000000
Error in <TCanvas::RangeAxis>: illegal axis coordinates range: xmin=0.762500, ymin=0.000000, xmax=0.765000, ymax=0.000000
Error in <TCanvas::Range>: illegal world coordinates range: x1=0.028750, y1=0.000000, x2=0.036562, y2=0.000000
Error in <TCanvas::RangeAxis>: illegal axis coordinates range: xmin=0.030000, ymin=0.000000, xmax=0.035000, ymax=0.000000
Error in <TCanvas::Range>: illegal world coordinates range: x1=0.028750, y1=0.000000, x2=0.036562, y2=0.000000
Error in <TCanvas::RangeAxis>: illegal axis coordinates range: xmin=0.030000, ymin=0.000000, xmax=0.035000, ymax=0.000000
Error in <TCanvas::Range>: illegal world coordinates range: x1=0.936875, y1=0.000000, x2=0.940781, y2=0.000000
Error in <TCanvas::RangeAxis>: illegal axis coordinates range: xmin=0.937500, ymin=0.000000, xmax=0.940000, ymax=0.000000
Error in <TCanvas::Range>: illegal world coordinates range: x1=0.936875, y1=0.000000, x2=0.940781, y2=0.000000
Error in <TCanvas::RangeAxis>: illegal axis coordinates range: xmin=0.937500, ymin=0.000000, xmax=0.940000, ymax=0.000000
Error in <TCanvas::Range>: illegal world coordinates range: x1=0.018750, y1=0.000000, x2=0.026562, y2=0.000000
Error in <TCanvas::RangeAxis>: illegal axis coordinates range: xmin=0.020000, ymin=0.000000, xmax=0.025000, ymax=0.000000
Error in <TCanvas::Range>: illegal world coordinates range: x1=0.018750, y1=0.000000, x2=0.026562, y2=0.000000
Error in <TCanvas::RangeAxis>: illegal axis coordinates range: xmin=0.020000, ymin=0.000000, xmax=0.025000, ymax=0.000000
Error in <TCanvas::Range>: illegal world coordinates range: x1=0.846875, y1=0.000000, x2=0.850781, y2=0.000000
Error in <TCanvas::RangeAxis>: illegal axis coordinates range: xmin=0.847500, ymin=0.000000, xmax=0.850000, ymax=0.000000
Error in <TCanvas::Range>: illegal world coordinates range: x1=0.846875, y1=0.000000, x2=0.850781, y2=0.000000
Error in <TCanvas::RangeAxis>: illegal axis coordinates range: xmin=0.847500, ymin=0.000000, xmax=0.850000, ymax=0.000000
Error in <TCanvas::Range>: illegal world coordinates range: x1=1.009375, y1=0.000000, x2=1.013281, y2=0.000000
Error in <TCanvas::RangeAxis>: illegal axis coordinates range: xmin=1.010000, ymin=0.000000, xmax=1.012500, ymax=0.000000
Error in <TCanvas::Range>: illegal world coordinates range: x1=1.009375, y1=0.000000, x2=1.013281, y2=0.000000
Error in <TCanvas::RangeAxis>: illegal axis coordinates range: xmin=1.010000, ymin=0.000000, xmax=1.012500, ymax=0.000000
Error in <TCanvas::Range>: illegal world coordinates range: x1=1.168750, y1=0.000000, x2=1.176562, y2=0.000000
Error in <TCanvas::RangeAxis>: illegal axis coordinates range: xmin=1.170000, ymin=0.000000, xmax=1.175000, ymax=0.000000
Error in <TCanvas::Range>: illegal world coordinates range: x1=1.168750, y1=0.000000, x2=1.176562, y2=0.000000
Error in <TCanvas::RangeAxis>: illegal axis coordinates range: xmin=1.170000, ymin=0.000000, xmax=1.175000, ymax=0.000000
Error in <TCanvas::Range>: illegal world coordinates range: x1=0.954375, y1=0.000000, x2=0.958281, y2=0.000000
Error in <TCanvas::RangeAxis>: illegal axis coordinates range: xmin=0.955000, ymin=0.000000, xmax=0.957500, ymax=0.000000
Error in <TCanvas::Range>: illegal world coordinates range: x1=0.954375, y1=0.000000, x2=0.958281, y2=0.000000
Error in <TCanvas::RangeAxis>: illegal axis coordinates range: xmin=0.955000, ymin=0.000000, xmax=0.957500, ymax=0.000000
Error in <TCanvas::Range>: illegal world coordinates range: x1=0.991875, y1=0.000000, x2=0.995781, y2=0.000000
Error in <TCanvas::RangeAxis>: illegal axis coordinates range: xmin=0.992500, ymin=0.000000, xmax=0.995000, ymax=0.000000
Error in <TCanvas::Range>: illegal world coordinates range: x1=0.991875, y1=0.000000, x2=0.995781, y2=0.000000
Error in <TCanvas::RangeAxis>: illegal axis coordinates range: xmin=0.992500, ymin=0.000000, xmax=0.995000, ymax=0.000000
Error in <TCanvas::Range>: illegal world coordinates range: x1=0.051875, y1=0.000000, x2=0.055781, y2=0.000000
Error in <TCanvas::RangeAxis>: illegal axis coordinates range: xmin=0.052500, ymin=0.000000, xmax=0.055000, ymax=0.000000
Error in <TCanvas::Range>: illegal world coordinates range: x1=0.051875, y1=0.000000, x2=0.055781, y2=0.000000
Error in <TCanvas::RangeAxis>: illegal axis coordinates range: xmin=0.052500, ymin=0.000000, xmax=0.055000, ymax=0.000000
Error in <TCanvas::Range>: illegal world coordinates range: x1=0.000000, y1=-0.160494, x2=0.000000, y2=1.074074
Error in <TCanvas::RangeAxis>: illegal axis coordinates range: xmin=0.000000, ymin=0.000000, xmax=0.000000, ymax=1.000000
Error in <TCanvas::Range>: illegal world coordinates range: x1=0.000000, y1=-0.160494, x2=0.000000, y2=1.074074
Error in <TCanvas::RangeAxis>: illegal axis coordinates range: xmin=0.000000, ymin=0.000000, xmax=0.000000, ymax=1.000000
Error in <TCanvas::Range>: illegal world coordinates range: x1=0.032500, y1=-0.160494, x2=0.032500, y2=1.074074
Error in <TCanvas::RangeAxis>: illegal axis coordinates range: xmin=0.032500, ymin=0.000000, xmax=0.032500, ymax=1.000000
Error in <TCanvas::Range>: illegal world coordinates range: x1=0.032500, y1=-0.160494, x2=0.032500, y2=1.074074
Error in <TCanvas::RangeAxis>: illegal axis coordinates range: xmin=0.032500, ymin=0.000000, xmax=0.032500, ymax=1.000000
Error in <TDecompChol::Decompose()>: matrix not positive definite
Error in <TDecompChol::Solve()>: Decomposition failed
Error in <TLinearFitter::Eval>: Matrix inversion failed
Error in <TDecompChol::Decompose()>: matrix not positive definite
Error in <TDecompChol::Solve()>: Decomposition failed
Error in <TLinearFitter::Eval>: Matrix inversion failed
Error in <TDecompChol::Decompose()>: matrix not positive definite
Error in <TDecompChol::Solve()>: Decomposition failed
Error in <TLinearFitter::Eval>: Matrix inversion failed
Error in <TDecompChol::Decompose()>: matrix not positive definite
Error in <TDecompChol::Solve()>: Decomposition failed
Error in <TLinearFitter::Eval>: Matrix inversion failed
Error in <TDecompChol::Decompose()>: matrix not positive definite
Error in <TDecompChol::Solve()>: Decomposition failed
Error in <TLinearFitter::Eval>: Matrix inversion failed
Error in <TCanvas::Range>: illegal world coordinates range: x1=0.022500, y1=-0.160494, x2=0.022500, y2=1.074074
Error in <TCanvas::RangeAxis>: illegal axis coordinates range: xmin=0.022500, ymin=0.000000, xmax=0.022500, ymax=1.000000
Error in <TCanvas::Range>: illegal world coordinates range: x1=0.022500, y1=-0.160494, x2=0.022500, y2=1.074074
Error in <TCanvas::RangeAxis>: illegal axis coordinates range: xmin=0.022500, ymin=0.000000, xmax=0.022500, ymax=1.000000
Error in <TCanvas::Range>: illegal world coordinates range: x1=0.000000, y1=-0.160494, x2=0.000000, y2=1.074074
Error in <TCanvas::RangeAxis>: illegal axis coordinates range: xmin=0.000000, ymin=0.000000, xmax=0.000000, ymax=1.000000
Error in <TCanvas::Range>: illegal world coordinates range: x1=0.000000, y1=-0.160494, x2=0.000000, y2=1.074074
Error in <TCanvas::RangeAxis>: illegal axis coordinates range: xmin=0.000000, ymin=0.000000, xmax=0.000000, ymax=1.000000
Error in <TCanvas::Range>: illegal world coordinates range: x1=1.172500, y1=-0.160494, x2=1.172500, y2=1.074074
Error in <TCanvas::RangeAxis>: illegal axis coordinates range: xmin=1.172500, ymin=0.000000, xmax=1.172500, ymax=1.000000
Error in <TCanvas::Range>: illegal world coordinates range: x1=1.172500, y1=-0.160494, x2=1.172500, y2=1.074074
Error in <TCanvas::RangeAxis>: illegal axis coordinates range: xmin=1.172500, ymin=0.000000, xmax=1.172500, ymax=1.000000
Error in <TCanvas::Range>: illegal world coordinates range: x1=0.000000, y1=-0.160494, x2=0.000000, y2=1.074074
Error in <TCanvas::RangeAxis>: illegal axis coordinates range: xmin=0.000000, ymin=0.000000, xmax=0.000000, ymax=1.000000
Error in <TCanvas::Range>: illegal world coordinates range: x1=0.000000, y1=-0.160494, x2=0.000000, y2=1.074074
Error in <TCanvas::RangeAxis>: illegal axis coordinates range: xmin=0.000000, ymin=0.000000, xmax=0.000000, ymax=1.000000
Error in <TCanvas::Range>: illegal world coordinates range: x1=0.000000, y1=-0.160494, x2=0.000000, y2=1.074074
Error in <TCanvas::RangeAxis>: illegal axis coordinates range: xmin=0.000000, ymin=0.000000, xmax=0.000000, ymax=1.000000
Error in <TCanvas::Range>: illegal world coordinates range: x1=0.000000, y1=-0.160494, x2=0.000000, y2=1.074074
Error in <TCanvas::RangeAxis>: illegal axis coordinates range: xmin=0.000000, ymin=0.000000, xmax=0.000000, ymax=1.000000
Error in <TDecompChol::Decompose()>: matrix not positive definite
Error in <TDecompChol::Solve()>: Decomposition failed
Error in <TLinearFitter::Eval>: Matrix inversion failed
Error in <TDecompChol::Decompose()>: matrix not positive definite
Error in <TDecompChol::Solve()>: Decomposition failed
Error in <TLinearFitter::Eval>: Matrix inversion failed
Error in <TDecompChol::Decompose()>: matrix not positive definite
Error in <TDecompChol::Solve()>: Decomposition failed
Error in <TLinearFitter::Eval>: Matrix inversion failed
Error in <TDecompChol::Decompose()>: matrix not positive definite
Error in <TDecompChol::Solve()>: Decomposition failed
Error in <TLinearFitter::Eval>: Matrix inversion failed
Error in <TDecompChol::Decompose()>: matrix not positive definite
Error in <TDecompChol::Solve()>: Decomposition failed
Error in <TLinearFitter::Eval>: Matrix inversion failed
Error in <TDecompChol::Decompose()>: matrix not positive definite
Error in <TDecompChol::Solve()>: Decomposition failed
Error in <TLinearFitter::Eval>: Matrix inversion failed
Error in <TDecompChol::Decompose()>: matrix not positive definite
Error in <TDecompChol::Solve()>: Decomposition failed
Error in <TLinearFitter::Eval>: Matrix inversion failed
