000 (15150662.120.000) 09/28 15:49:40 Job submitted from host: <188.184.90.241:9618?addrs=188.184.90.241-9618+[2001-1458-201-e4--100-2eb]-9618&alias=bigbird15.cern.ch&noUDP&sock=schedd_2763_c443>
...
040 (15150662.120.000) 09/28 16:01:26 Started transferring input files
	Transferring to host: <188.184.162.105:9618?addrs=188.184.162.105-9618+[2001-1458-301-4a--100-63]-9618&alias=b7s11p8419.cern.ch&noUDP&sock=slot1_18_164513_0a7b_59658>
...
040 (15150662.120.000) 09/28 16:01:26 Finished transferring input files
...
001 (15150662.120.000) 09/28 16:01:27 Job executing on host: <188.184.162.105:9618?addrs=188.184.162.105-9618+[2001-1458-301-4a--100-63]-9618&alias=b7s11p8419.cern.ch&noUDP&sock=startd_164475_bf7f>
...
006 (15150662.120.000) 09/28 16:01:36 Image size of job updated: 909964
	121  -  MemoryUsage of job (MB)
	123484  -  ResidentSetSize of job (KB)
...
006 (15150662.120.000) 09/28 16:05:02 Image size of job updated: 922332
	121  -  MemoryUsage of job (MB)
	123484  -  ResidentSetSize of job (KB)
...
040 (15150662.120.000) 09/28 16:05:02 Started transferring output files
...
040 (15150662.120.000) 09/28 16:05:02 Finished transferring output files
...
005 (15150662.120.000) 09/28 16:05:02 Job terminated.
	(1) Normal termination (return value 0)
		Usr 0 00:00:15, Sys 0 00:00:01  -  Run Remote Usage
		Usr 0 00:00:00, Sys 0 00:00:00  -  Run Local Usage
		Usr 0 00:00:15, Sys 0 00:00:01  -  Total Remote Usage
		Usr 0 00:00:00, Sys 0 00:00:00  -  Total Local Usage
	8077  -  Run Bytes Sent By Job
	374  -  Run Bytes Received By Job
	8077  -  Total Bytes Sent By Job
	374  -  Total Bytes Received By Job
	Partitionable Resources :    Usage  Request Allocated 
	   Cpus                 :        0        1         1 
	   Disk (KB)            :       29        1   3125994 
	   Memory (MB)          :      121     2000      2000 

	Job terminated of its own accord at 2023-09-28T14:05:02Z.
...
