000 (15271413.038.000) 12/18 14:02:22 Job submitted from host: <188.184.90.241:9618?addrs=188.184.90.241-9618+[2001-1458-201-e4--100-2eb]-9618&alias=bigbird15.cern.ch&noUDP&sock=schedd_2763_c443>
...
040 (15271413.038.000) 12/18 14:06:01 Started transferring input files
	Transferring to host: <188.184.184.238:9618?addrs=188.184.184.238-9618+[2001-1458-301-4f--100-ee]-9618&alias=b9g36p0939.cern.ch&noUDP&sock=slot1_11_6250_70b7_64933>
...
040 (15271413.038.000) 12/18 14:06:01 Finished transferring input files
...
001 (15271413.038.000) 12/18 14:06:02 Job executing on host: <188.184.184.238:9618?addrs=188.184.184.238-9618+[2001-1458-301-4f--100-ee]-9618&alias=b9g36p0939.cern.ch&noUDP&sock=startd_5546_ac55>
...
006 (15271413.038.000) 12/18 14:06:11 Image size of job updated: 451472
	441  -  MemoryUsage of job (MB)
	451472  -  ResidentSetSize of job (KB)
...
006 (15271413.038.000) 12/18 14:11:12 Image size of job updated: 1044092
	1020  -  MemoryUsage of job (MB)
	1044092  -  ResidentSetSize of job (KB)
...
040 (15271413.038.000) 12/18 14:15:01 Started transferring output files
...
040 (15271413.038.000) 12/18 14:15:01 Finished transferring output files
...
005 (15271413.038.000) 12/18 14:15:01 Job terminated.
	(1) Normal termination (return value 0)
		Usr 0 00:07:13, Sys 0 00:00:06  -  Run Remote Usage
		Usr 0 00:00:00, Sys 0 00:00:00  -  Run Local Usage
		Usr 0 00:07:13, Sys 0 00:00:06  -  Total Remote Usage
		Usr 0 00:00:00, Sys 0 00:00:00  -  Total Local Usage
	156711  -  Run Bytes Sent By Job
	269  -  Run Bytes Received By Job
	156711  -  Total Bytes Sent By Job
	269  -  Total Bytes Received By Job
	Partitionable Resources :    Usage  Request Allocated 
	   Cpus                 :                 1         1 
	   Disk (KB)            :      189        1   1350500 
	   Memory (MB)          :     1020     2000      2000 

	Job terminated of its own accord at 2023-12-18T13:15:01Z.
...
