000 (15155263.008.000) 10/07 15:36:06 Job submitted from host: <188.184.90.241:9618?addrs=188.184.90.241-9618+[2001-1458-201-e4--100-2eb]-9618&alias=bigbird15.cern.ch&noUDP&sock=schedd_2763_c443>
...
040 (15155263.008.000) 10/07 15:38:38 Started transferring input files
	Transferring to host: <128.142.61.123:9618?addrs=128.142.61.123-9618+[2001-1458-301-23--100-7a]-9618&alias=b7s06p7679.cern.ch&noUDP&sock=slot1_5_3708_5f10_298336>
...
040 (15155263.008.000) 10/07 15:38:38 Finished transferring input files
...
001 (15155263.008.000) 10/07 15:38:39 Job executing on host: <128.142.61.123:9618?addrs=128.142.61.123-9618+[2001-1458-301-23--100-7a]-9618&alias=b7s06p7679.cern.ch&noUDP&sock=startd_2863_5bbc>
...
006 (15155263.008.000) 10/07 15:38:47 Image size of job updated: 714912
	54  -  MemoryUsage of job (MB)
	55244  -  ResidentSetSize of job (KB)
...
006 (15155263.008.000) 10/07 15:39:07 Image size of job updated: 714912
	54  -  MemoryUsage of job (MB)
	55292  -  ResidentSetSize of job (KB)
...
040 (15155263.008.000) 10/07 15:39:07 Started transferring output files
...
040 (15155263.008.000) 10/07 15:39:07 Finished transferring output files
...
005 (15155263.008.000) 10/07 15:39:07 Job terminated.
	(1) Normal termination (return value 0)
		Usr 0 00:00:04, Sys 0 00:00:02  -  Run Remote Usage
		Usr 0 00:00:00, Sys 0 00:00:00  -  Run Local Usage
		Usr 0 00:00:04, Sys 0 00:00:02  -  Total Remote Usage
		Usr 0 00:00:00, Sys 0 00:00:00  -  Total Local Usage
	24115  -  Run Bytes Sent By Job
	323  -  Run Bytes Received By Job
	24115  -  Total Bytes Sent By Job
	323  -  Total Bytes Received By Job
	Partitionable Resources :    Usage  Request Allocated 
	   Cpus                 :                 1         1 
	   Disk (KB)            :       37        1   1208347 
	   Memory (MB)          :       54     2000      2000 

	Job terminated of its own accord at 2023-10-07T13:39:07Z.
...
