000 (15159743.090.000) 10/09 07:56:33 Job submitted from host: <188.184.90.241:9618?addrs=188.184.90.241-9618+[2001-1458-201-e4--100-2eb]-9618&alias=bigbird15.cern.ch&noUDP&sock=schedd_2763_c443>
...
040 (15159743.090.000) 10/09 08:10:06 Started transferring input files
	Transferring to host: <128.142.137.51:9618?addrs=128.142.137.51-9618+[2001-1458-301-5e--100-27]-9618&alias=b7g19p8673.cern.ch&noUDP&sock=slot1_23_4440_21ae_103958>
...
040 (15159743.090.000) 10/09 08:10:06 Finished transferring input files
...
001 (15159743.090.000) 10/09 08:10:07 Job executing on host: <128.142.137.51:9618?addrs=128.142.137.51-9618+[2001-1458-301-5e--100-27]-9618&alias=b7g19p8673.cern.ch&noUDP&sock=startd_3002_b366>
...
006 (15159743.090.000) 10/09 08:10:16 Image size of job updated: 624404
	51  -  MemoryUsage of job (MB)
	51536  -  ResidentSetSize of job (KB)
...
006 (15159743.090.000) 10/09 08:15:16 Image size of job updated: 881312
	361  -  MemoryUsage of job (MB)
	369028  -  ResidentSetSize of job (KB)
...
006 (15159743.090.000) 10/09 08:20:16 Image size of job updated: 1045264
	506  -  MemoryUsage of job (MB)
	517280  -  ResidentSetSize of job (KB)
...
006 (15159743.090.000) 10/09 08:22:45 Image size of job updated: 2957388
	506  -  MemoryUsage of job (MB)
	517284  -  ResidentSetSize of job (KB)
...
040 (15159743.090.000) 10/09 08:22:45 Started transferring output files
...
040 (15159743.090.000) 10/09 08:22:45 Finished transferring output files
...
005 (15159743.090.000) 10/09 08:22:45 Job terminated.
	(1) Normal termination (return value 0)
		Usr 0 00:10:58, Sys 0 00:00:11  -  Run Remote Usage
		Usr 0 00:00:00, Sys 0 00:00:00  -  Run Local Usage
		Usr 0 00:10:58, Sys 0 00:00:11  -  Total Remote Usage
		Usr 0 00:00:00, Sys 0 00:00:00  -  Total Local Usage
	147755  -  Run Bytes Sent By Job
	269  -  Run Bytes Received By Job
	147755  -  Total Bytes Sent By Job
	269  -  Total Bytes Received By Job
	Partitionable Resources :    Usage  Request Allocated 
	   Cpus                 :     0.97        1         1 
	   Disk (KB)            :   166           1   1707607 
	   Memory (MB)          :   506        2000      2000 

	Job terminated of its own accord at 2023-10-09T06:22:45Z.
...
