000 (14807221.027.000) 05/14 12:38:57 Job submitted from host: <188.184.90.241:9618?addrs=188.184.90.241-9618+[2001-1458-201-e4--100-2eb]-9618&alias=bigbird15.cern.ch&noUDP&sock=schedd_3273_9590>
...
040 (14807221.027.000) 05/14 12:50:10 Started transferring input files
	Transferring to host: <188.184.162.133:9618?addrs=188.184.162.133-9618&alias=b7s11p9436.cern.ch&noUDP&sock=slot1_23_4833_091e_61754>
...
040 (14807221.027.000) 05/14 12:50:10 Finished transferring input files
...
001 (14807221.027.000) 05/14 12:50:11 Job executing on host: <188.184.162.133:9618?addrs=188.184.162.133-9618&alias=b7s11p9436.cern.ch&noUDP&sock=startd_3338_2b38>
...
006 (14807221.027.000) 05/14 12:50:20 Image size of job updated: 554120
	47  -  MemoryUsage of job (MB)
	47680  -  ResidentSetSize of job (KB)
...
006 (14807221.027.000) 05/14 12:55:20 Image size of job updated: 1497348
	1010  -  MemoryUsage of job (MB)
	1034068  -  ResidentSetSize of job (KB)
...
006 (14807221.027.000) 05/14 13:00:20 Image size of job updated: 1945780
	1258  -  MemoryUsage of job (MB)
	1287840  -  ResidentSetSize of job (KB)
...
006 (14807221.027.000) 05/14 13:10:21 Image size of job updated: 4106296
	1258  -  MemoryUsage of job (MB)
	1287840  -  ResidentSetSize of job (KB)
...
006 (14807221.027.000) 05/14 13:15:21 Image size of job updated: 4106300
	1258  -  MemoryUsage of job (MB)
	1287840  -  ResidentSetSize of job (KB)
...
006 (14807221.027.000) 05/14 13:20:22 Image size of job updated: 4393756
	1258  -  MemoryUsage of job (MB)
	1287840  -  ResidentSetSize of job (KB)
...
006 (14807221.027.000) 05/14 13:25:22 Image size of job updated: 4403896
	1258  -  MemoryUsage of job (MB)
	1287840  -  ResidentSetSize of job (KB)
...
006 (14807221.027.000) 05/14 13:30:22 Image size of job updated: 4477108
	1258  -  MemoryUsage of job (MB)
	1287840  -  ResidentSetSize of job (KB)
...
006 (14807221.027.000) 05/14 13:33:32 Image size of job updated: 4488792
	1258  -  MemoryUsage of job (MB)
	1287840  -  ResidentSetSize of job (KB)
...
040 (14807221.027.000) 05/14 13:33:32 Started transferring output files
...
040 (14807221.027.000) 05/14 13:33:32 Finished transferring output files
...
005 (14807221.027.000) 05/14 13:33:32 Job terminated.
	(1) Normal termination (return value 0)
		Usr 0 00:12:56, Sys 0 00:00:44  -  Run Remote Usage
		Usr 0 00:00:00, Sys 0 00:00:00  -  Run Local Usage
		Usr 0 00:12:56, Sys 0 00:00:44  -  Total Remote Usage
		Usr 0 00:00:00, Sys 0 00:00:00  -  Total Local Usage
	104336  -  Run Bytes Sent By Job
	323  -  Run Bytes Received By Job
	104336  -  Total Bytes Sent By Job
	323  -  Total Bytes Received By Job
	Partitionable Resources :    Usage  Request Allocated 
	   Cpus                 :     0.04        1         1 
	   Disk (KB)            :   122           1   3096673 
	   Memory (MB)          :  1258        2000      2000 

	Job terminated of its own accord at 2023-05-14T11:33:32Z.
...
