000 (15150662.015.000) 09/28 15:49:40 Job submitted from host: <188.184.90.241:9618?addrs=188.184.90.241-9618+[2001-1458-201-e4--100-2eb]-9618&alias=bigbird15.cern.ch&noUDP&sock=schedd_2763_c443>
...
040 (15150662.015.000) 09/28 16:00:52 Started transferring input files
	Transferring to host: <128.142.57.31:9618?addrs=128.142.57.31-9618+[2001-1458-301-7--100-1e]-9618&alias=b7s02p0022.cern.ch&noUDP&sock=slot1_20_5654_811f_194663>
...
040 (15150662.015.000) 09/28 16:00:52 Finished transferring input files
...
001 (15150662.015.000) 09/28 16:00:53 Job executing on host: <128.142.57.31:9618?addrs=128.142.57.31-9618+[2001-1458-301-7--100-1e]-9618&alias=b7s02p0022.cern.ch&noUDP&sock=startd_4887_a76c>
...
006 (15150662.015.000) 09/28 16:01:02 Image size of job updated: 126164
	122  -  MemoryUsage of job (MB)
	124328  -  ResidentSetSize of job (KB)
...
006 (15150662.015.000) 09/28 16:04:43 Image size of job updated: 925608
	122  -  MemoryUsage of job (MB)
	124328  -  ResidentSetSize of job (KB)
...
040 (15150662.015.000) 09/28 16:04:43 Started transferring output files
...
040 (15150662.015.000) 09/28 16:04:43 Finished transferring output files
...
005 (15150662.015.000) 09/28 16:04:43 Job terminated.
	(1) Normal termination (return value 0)
		Usr 0 00:00:13, Sys 0 00:00:01  -  Run Remote Usage
		Usr 0 00:00:00, Sys 0 00:00:00  -  Run Local Usage
		Usr 0 00:00:13, Sys 0 00:00:01  -  Total Remote Usage
		Usr 0 00:00:00, Sys 0 00:00:00  -  Total Local Usage
	7963  -  Run Bytes Sent By Job
	374  -  Run Bytes Received By Job
	7963  -  Total Bytes Sent By Job
	374  -  Total Bytes Received By Job
	Partitionable Resources :    Usage  Request Allocated 
	   Cpus                 :                 1         1 
	   Disk (KB)            :       22        1   1222705 
	   Memory (MB)          :      122     2000      2000 

	Job terminated of its own accord at 2023-09-28T14:04:43Z.
...
