000 (14857949.011.000) 06/22 15:24:33 Job submitted from host: <188.184.90.241:9618?addrs=188.184.90.241-9618+[2001-1458-201-e4--100-2eb]-9618&alias=bigbird15.cern.ch&noUDP&sock=schedd_1460210_2ef4>
...
040 (14857949.011.000) 06/22 15:34:32 Started transferring input files
	Transferring to host: <128.142.56.53:9618?addrs=128.142.56.53-9618+[2001-1458-301-6--100-34]-9618&alias=b7s01p5821.cern.ch&noUDP&sock=slot1_31_4274_2b67_84556>
...
040 (14857949.011.000) 06/22 15:34:32 Finished transferring input files
...
001 (14857949.011.000) 06/22 15:34:33 Job executing on host: <128.142.56.53:9618?addrs=128.142.56.53-9618+[2001-1458-301-6--100-34]-9618&alias=b7s01p5821.cern.ch&noUDP&sock=startd_2967_b195>
...
006 (14857949.011.000) 06/22 15:34:41 Image size of job updated: 48792
	48  -  MemoryUsage of job (MB)
	48140  -  ResidentSetSize of job (KB)
...
006 (14857949.011.000) 06/22 15:39:41 Image size of job updated: 2307288
	1842  -  MemoryUsage of job (MB)
	1885428  -  ResidentSetSize of job (KB)
...
006 (14857949.011.000) 06/22 15:44:42 Image size of job updated: 4034860
	3512  -  MemoryUsage of job (MB)
	3595976  -  ResidentSetSize of job (KB)
...
006 (14857949.011.000) 06/22 15:49:43 Image size of job updated: 5579776
	4992  -  MemoryUsage of job (MB)
	5111068  -  ResidentSetSize of job (KB)
...
006 (14857949.011.000) 06/22 15:54:43 Image size of job updated: 7042596
	6398  -  MemoryUsage of job (MB)
	6551400  -  ResidentSetSize of job (KB)
...
006 (14857949.011.000) 06/22 15:59:44 Image size of job updated: 8245472
	7586  -  MemoryUsage of job (MB)
	7767072  -  ResidentSetSize of job (KB)
...
006 (14857949.011.000) 06/22 16:04:45 Image size of job updated: 9313916
	8612  -  MemoryUsage of job (MB)
	8818284  -  ResidentSetSize of job (KB)
...
006 (14857949.011.000) 06/22 16:09:45 Image size of job updated: 10654240
	9910  -  MemoryUsage of job (MB)
	10147416  -  ResidentSetSize of job (KB)
...
006 (14857949.011.000) 06/22 16:14:45 Image size of job updated: 11634792
	10868  -  MemoryUsage of job (MB)
	11127940  -  ResidentSetSize of job (KB)
...
006 (14857949.011.000) 06/22 16:24:46 Image size of job updated: 11659792
	10868  -  MemoryUsage of job (MB)
	11127940  -  ResidentSetSize of job (KB)
...
006 (14857949.011.000) 06/22 16:49:48 Image size of job updated: 11659792
	10868  -  MemoryUsage of job (MB)
	11128420  -  ResidentSetSize of job (KB)
...
040 (14857949.011.000) 06/22 17:08:08 Started transferring output files
...
040 (14857949.011.000) 06/22 17:08:08 Finished transferring output files
...
005 (14857949.011.000) 06/22 17:08:08 Job terminated.
	(1) Normal termination (return value 0)
		Usr 0 00:46:38, Sys 0 00:23:14  -  Run Remote Usage
		Usr 0 00:00:00, Sys 0 00:00:00  -  Run Local Usage
		Usr 0 00:46:38, Sys 0 00:23:14  -  Total Remote Usage
		Usr 0 00:00:00, Sys 0 00:00:00  -  Total Local Usage
	560272  -  Run Bytes Sent By Job
	323  -  Run Bytes Received By Job
	560272  -  Total Bytes Sent By Job
	323  -  Total Bytes Received By Job
	Partitionable Resources :    Usage  Request Allocated 
	   Cpus                 :     0.26        1         1 
	   Disk (KB)            :   568           1   1247646 
	   Memory (MB)          : 10868        2000      2000 

	Job terminated of its own accord at 2023-06-22T15:08:07Z.
...
