000 (15150654.190.000) 09/28 14:27:13 Job submitted from host: <188.184.90.241:9618?addrs=188.184.90.241-9618+[2001-1458-201-e4--100-2eb]-9618&alias=bigbird15.cern.ch&noUDP&sock=schedd_2763_c443>
...
040 (15150654.190.000) 09/28 14:46:59 Started transferring input files
	Transferring to host: <188.184.162.92:9618?addrs=188.184.162.92-9618&alias=b7s11p6730.cern.ch&noUDP&sock=slot1_27_4172_4d23_182928>
...
040 (15150654.190.000) 09/28 14:46:59 Finished transferring input files
...
001 (15150654.190.000) 09/28 14:47:00 Job executing on host: <188.184.162.92:9618?addrs=188.184.162.92-9618&alias=b7s11p6730.cern.ch&noUDP&sock=startd_3089_6023>
...
006 (15150654.190.000) 09/28 14:47:01 Image size of job updated: 1
	0  -  MemoryUsage of job (MB)
	0  -  ResidentSetSize of job (KB)
...
040 (15150654.190.000) 09/28 14:47:02 Started transferring output files
...
040 (15150654.190.000) 09/28 14:47:02 Finished transferring output files
...
005 (15150654.190.000) 09/28 14:47:02 Job terminated.
	(1) Normal termination (return value 0)
		Usr 0 00:00:01, Sys 0 00:00:00  -  Run Remote Usage
		Usr 0 00:00:00, Sys 0 00:00:00  -  Run Local Usage
		Usr 0 00:00:01, Sys 0 00:00:00  -  Total Remote Usage
		Usr 0 00:00:00, Sys 0 00:00:00  -  Total Local Usage
	6750  -  Run Bytes Sent By Job
	374  -  Run Bytes Received By Job
	6750  -  Total Bytes Sent By Job
	374  -  Total Bytes Received By Job
	Partitionable Resources :    Usage  Request Allocated 
	   Cpus                 :                 1         1 
	   Disk (KB)            :       20        1   3001633 
	   Memory (MB)          :        0     2000      2000 

	Job terminated of its own accord at 2023-09-28T12:47:01Z.
...
