000 (14807135.031.000) 05/13 19:23:40 Job submitted from host: <188.184.90.241:9618?addrs=188.184.90.241-9618+[2001-1458-201-e4--100-2eb]-9618&alias=bigbird15.cern.ch&noUDP&sock=schedd_3273_9590>
...
040 (14807135.031.000) 05/13 19:35:16 Started transferring input files
	Transferring to host: <188.184.162.167:9618?addrs=188.184.162.167-9618+[2001-1458-301-4a--100-a1]-9618&alias=b7s11p8576.cern.ch&noUDP&sock=slot1_4_4812_3d3d_61158>
...
040 (14807135.031.000) 05/13 19:35:16 Finished transferring input files
...
001 (14807135.031.000) 05/13 19:35:17 Job executing on host: <188.184.162.167:9618?addrs=188.184.162.167-9618+[2001-1458-301-4a--100-a1]-9618&alias=b7s11p8576.cern.ch&noUDP&sock=startd_3282_c1ea>
...
006 (14807135.031.000) 05/13 19:35:26 Image size of job updated: 48428
	47  -  MemoryUsage of job (MB)
	47676  -  ResidentSetSize of job (KB)
...
006 (14807135.031.000) 05/13 19:40:27 Image size of job updated: 1954276
	1383  -  MemoryUsage of job (MB)
	1415976  -  ResidentSetSize of job (KB)
...
040 (14807135.031.000) 05/13 19:47:52 Started transferring output files
...
040 (14807135.031.000) 05/13 19:47:52 Finished transferring output files
...
005 (14807135.031.000) 05/13 19:47:52 Job terminated.
	(1) Normal termination (return value 0)
		Usr 0 00:10:12, Sys 0 00:00:40  -  Run Remote Usage
		Usr 0 00:00:00, Sys 0 00:00:00  -  Run Local Usage
		Usr 0 00:10:12, Sys 0 00:00:40  -  Total Remote Usage
		Usr 0 00:00:00, Sys 0 00:00:00  -  Total Local Usage
	71974  -  Run Bytes Sent By Job
	323  -  Run Bytes Received By Job
	71974  -  Total Bytes Sent By Job
	323  -  Total Bytes Received By Job
	Partitionable Resources :    Usage  Request Allocated 
	   Cpus                 :     0.95        1         1 
	   Disk (KB)            :    92           1   3079698 
	   Memory (MB)          :  1383        2000      2000 

	Job terminated of its own accord at 2023-05-13T17:47:52Z.
...
