000 (15150655.105.000) 09/28 15:00:14 Job submitted from host: <188.184.90.241:9618?addrs=188.184.90.241-9618+[2001-1458-201-e4--100-2eb]-9618&alias=bigbird15.cern.ch&noUDP&sock=schedd_2763_c443>
...
040 (15150655.105.000) 09/28 15:05:05 Started transferring input files
	Transferring to host: <188.184.163.39:9618?addrs=188.184.163.39-9618+[2001-1458-301-4d--100-21]-9618&alias=b7s12p1233.cern.ch&noUDP&sock=slot1_10_252374_1050_8899>
...
040 (15150655.105.000) 09/28 15:05:05 Finished transferring input files
...
001 (15150655.105.000) 09/28 15:05:06 Job executing on host: <188.184.163.39:9618?addrs=188.184.163.39-9618+[2001-1458-301-4d--100-21]-9618&alias=b7s12p1233.cern.ch&noUDP&sock=startd_3303_2968>
...
006 (15150655.105.000) 09/28 15:05:15 Image size of job updated: 744192
	121  -  MemoryUsage of job (MB)
	123452  -  ResidentSetSize of job (KB)
...
006 (15150655.105.000) 09/28 15:09:30 Image size of job updated: 920812
	121  -  MemoryUsage of job (MB)
	123452  -  ResidentSetSize of job (KB)
...
040 (15150655.105.000) 09/28 15:09:30 Started transferring output files
...
040 (15150655.105.000) 09/28 15:09:30 Finished transferring output files
...
005 (15150655.105.000) 09/28 15:09:30 Job terminated.
	(1) Normal termination (return value 0)
		Usr 0 00:00:12, Sys 0 00:00:00  -  Run Remote Usage
		Usr 0 00:00:00, Sys 0 00:00:00  -  Run Local Usage
		Usr 0 00:00:12, Sys 0 00:00:00  -  Total Remote Usage
		Usr 0 00:00:00, Sys 0 00:00:00  -  Total Local Usage
	7970  -  Run Bytes Sent By Job
	374  -  Run Bytes Received By Job
	7970  -  Total Bytes Sent By Job
	374  -  Total Bytes Received By Job
	Partitionable Resources :    Usage  Request Allocated 
	   Cpus                 :        0        1         1 
	   Disk (KB)            :       29        1   2901110 
	   Memory (MB)          :      121     2000      2000 

	Job terminated of its own accord at 2023-09-28T13:09:30Z.
...
