000 (14832095.038.000) 06/12 15:17:57 Job submitted from host: <188.184.90.241:9618?addrs=188.184.90.241-9618+[2001-1458-201-e4--100-2eb]-9618&alias=bigbird15.cern.ch&noUDP&sock=schedd_1460210_2ef4>
...
040 (14832095.038.000) 06/12 15:19:47 Started transferring input files
	Transferring to host: <128.142.62.180:9618?addrs=128.142.62.180-9618+[2001-1458-301-37--100-b3]-9618&alias=b7s07p2499.cern.ch&noUDP&sock=slot1_14_4494_2df0_53291>
...
040 (14832095.038.000) 06/12 15:19:47 Finished transferring input files
...
001 (14832095.038.000) 06/12 15:19:48 Job executing on host: <128.142.62.180:9618?addrs=128.142.62.180-9618+[2001-1458-301-37--100-b3]-9618&alias=b7s07p2499.cern.ch&noUDP&sock=startd_3179_1ba9>
...
006 (14832095.038.000) 06/12 15:19:57 Image size of job updated: 48192
	47  -  MemoryUsage of job (MB)
	47648  -  ResidentSetSize of job (KB)
...
006 (14832095.038.000) 06/12 15:24:58 Image size of job updated: 1655912
	1115  -  MemoryUsage of job (MB)
	1140860  -  ResidentSetSize of job (KB)
...
006 (14832095.038.000) 06/12 15:29:58 Image size of job updated: 1664236
	1115  -  MemoryUsage of job (MB)
	1140860  -  ResidentSetSize of job (KB)
...
006 (14832095.038.000) 06/12 15:34:58 Image size of job updated: 4030120
	1115  -  MemoryUsage of job (MB)
	1140860  -  ResidentSetSize of job (KB)
...
006 (14832095.038.000) 06/12 15:39:59 Image size of job updated: 4079140
	1115  -  MemoryUsage of job (MB)
	1140860  -  ResidentSetSize of job (KB)
...
006 (14832095.038.000) 06/12 15:45:00 Image size of job updated: 4320708
	1115  -  MemoryUsage of job (MB)
	1140860  -  ResidentSetSize of job (KB)
...
006 (14832095.038.000) 06/12 15:50:00 Image size of job updated: 4385424
	1115  -  MemoryUsage of job (MB)
	1140860  -  ResidentSetSize of job (KB)
...
006 (14832095.038.000) 06/12 15:53:38 Image size of job updated: 4409132
	1115  -  MemoryUsage of job (MB)
	1140860  -  ResidentSetSize of job (KB)
...
040 (14832095.038.000) 06/12 15:53:38 Started transferring output files
...
040 (14832095.038.000) 06/12 15:53:38 Finished transferring output files
...
005 (14832095.038.000) 06/12 15:53:38 Job terminated.
	(1) Normal termination (return value 0)
		Usr 0 00:07:54, Sys 0 00:00:29  -  Run Remote Usage
		Usr 0 00:00:00, Sys 0 00:00:00  -  Run Local Usage
		Usr 0 00:07:54, Sys 0 00:00:29  -  Total Remote Usage
		Usr 0 00:00:00, Sys 0 00:00:00  -  Total Local Usage
	107958  -  Run Bytes Sent By Job
	323  -  Run Bytes Received By Job
	107958  -  Total Bytes Sent By Job
	323  -  Total Bytes Received By Job
	Partitionable Resources :    Usage  Request Allocated 
	   Cpus                 :     0.05        1         1 
	   Disk (KB)            :   127           1   1318458 
	   Memory (MB)          :  1115        2000      2000 

	Job terminated of its own accord at 2023-06-12T13:53:38Z.
...
