000 (15159766.000.000) 10/09 11:47:56 Job submitted from host: <188.184.90.241:9618?addrs=188.184.90.241-9618+[2001-1458-201-e4--100-2eb]-9618&alias=bigbird15.cern.ch&noUDP&sock=schedd_2763_c443>
...
040 (15159766.000.000) 10/09 14:24:17 Started transferring input files
	Transferring to host: <188.184.163.183:9618?addrs=188.184.163.183-9618&alias=b7s12p5086.cern.ch&noUDP&sock=slot1_1_4132_1e21_209820>
...
040 (15159766.000.000) 10/09 14:24:17 Finished transferring input files
...
001 (15159766.000.000) 10/09 14:24:18 Job executing on host: <188.184.163.183:9618?addrs=188.184.163.183-9618&alias=b7s12p5086.cern.ch&noUDP&sock=startd_4067_33c3>
...
006 (15159766.000.000) 10/09 14:24:27 Image size of job updated: 571008
	121  -  MemoryUsage of job (MB)
	123640  -  ResidentSetSize of job (KB)
...
006 (15159766.000.000) 10/09 14:29:28 Image size of job updated: 926472
	136  -  MemoryUsage of job (MB)
	138640  -  ResidentSetSize of job (KB)
...
006 (15159766.000.000) 10/09 14:31:40 Image size of job updated: 927804
	136  -  MemoryUsage of job (MB)
	138640  -  ResidentSetSize of job (KB)
...
040 (15159766.000.000) 10/09 14:31:40 Started transferring output files
...
040 (15159766.000.000) 10/09 14:31:40 Finished transferring output files
...
005 (15159766.000.000) 10/09 14:31:40 Job terminated.
	(1) Normal termination (return value 0)
		Usr 0 00:00:19, Sys 0 00:00:01  -  Run Remote Usage
		Usr 0 00:00:00, Sys 0 00:00:00  -  Run Local Usage
		Usr 0 00:00:19, Sys 0 00:00:01  -  Total Remote Usage
		Usr 0 00:00:00, Sys 0 00:00:00  -  Total Local Usage
	10675  -  Run Bytes Sent By Job
	374  -  Run Bytes Received By Job
	10675  -  Total Bytes Sent By Job
	374  -  Total Bytes Received By Job
	Partitionable Resources :    Usage  Request Allocated 
	   Cpus                 :     0.11        1         1 
	   Disk (KB)            :    31           1   3065929 
	   Memory (MB)          :   136        2000      2000 

	Job terminated of its own accord at 2023-10-09T12:31:40Z.
...
