000 (15150662.183.000) 09/28 15:49:40 Job submitted from host: <188.184.90.241:9618?addrs=188.184.90.241-9618+[2001-1458-201-e4--100-2eb]-9618&alias=bigbird15.cern.ch&noUDP&sock=schedd_2763_c443>
...
040 (15150662.183.000) 09/28 16:01:49 Started transferring input files
	Transferring to host: <128.142.56.86:9618?addrs=128.142.56.86-9618&alias=b7s01p8345.cern.ch&noUDP&sock=slot1_63_1389_6d12_32838>
...
040 (15150662.183.000) 09/28 16:01:49 Finished transferring input files
...
001 (15150662.183.000) 09/28 16:01:50 Job executing on host: <128.142.56.86:9618?addrs=128.142.56.86-9618&alias=b7s01p8345.cern.ch&noUDP&sock=startd_2682_3517>
...
006 (15150662.183.000) 09/28 16:01:59 Image size of job updated: 744700
	91  -  MemoryUsage of job (MB)
	92508  -  ResidentSetSize of job (KB)
...
040 (15150662.183.000) 09/28 16:02:03 Started transferring output files
...
040 (15150662.183.000) 09/28 16:02:03 Finished transferring output files
...
005 (15150662.183.000) 09/28 16:02:03 Job terminated.
	(1) Normal termination (return value 0)
		Usr 0 00:00:01, Sys 0 00:00:00  -  Run Remote Usage
		Usr 0 00:00:00, Sys 0 00:00:00  -  Run Local Usage
		Usr 0 00:00:01, Sys 0 00:00:00  -  Total Remote Usage
		Usr 0 00:00:00, Sys 0 00:00:00  -  Total Local Usage
	7703  -  Run Bytes Sent By Job
	374  -  Run Bytes Received By Job
	7703  -  Total Bytes Sent By Job
	374  -  Total Bytes Received By Job
	Partitionable Resources :    Usage  Request Allocated 
	   Cpus                 :                 1         1 
	   Disk (KB)            :       21        1   1284116 
	   Memory (MB)          :       91     2000      2000 

	Job terminated of its own accord at 2023-09-28T14:02:03Z.
...
