000 (15150654.031.000) 09/28 14:27:13 Job submitted from host: <188.184.90.241:9618?addrs=188.184.90.241-9618+[2001-1458-201-e4--100-2eb]-9618&alias=bigbird15.cern.ch&noUDP&sock=schedd_2763_c443>
...
040 (15150654.031.000) 09/28 14:46:09 Started transferring input files
	Transferring to host: <128.142.61.102:9618?addrs=128.142.61.102-9618+[2001-1458-301-23--100-65]-9618&alias=b7s06p9357.cern.ch&noUDP&sock=slot1_3_3557_fa6a_190300>
...
040 (15150654.031.000) 09/28 14:46:09 Finished transferring input files
...
001 (15150654.031.000) 09/28 14:46:10 Job executing on host: <128.142.61.102:9618?addrs=128.142.61.102-9618+[2001-1458-301-23--100-65]-9618&alias=b7s06p9357.cern.ch&noUDP&sock=startd_2874_e747>
...
006 (15150654.031.000) 09/28 14:46:19 Image size of job updated: 909280
	122  -  MemoryUsage of job (MB)
	124056  -  ResidentSetSize of job (KB)
...
006 (15150654.031.000) 09/28 14:49:43 Image size of job updated: 924560
	122  -  MemoryUsage of job (MB)
	124056  -  ResidentSetSize of job (KB)
...
040 (15150654.031.000) 09/28 14:49:43 Started transferring output files
...
040 (15150654.031.000) 09/28 14:49:43 Finished transferring output files
...
005 (15150654.031.000) 09/28 14:49:43 Job terminated.
	(1) Normal termination (return value 0)
		Usr 0 00:00:09, Sys 0 00:00:00  -  Run Remote Usage
		Usr 0 00:00:00, Sys 0 00:00:00  -  Run Local Usage
		Usr 0 00:00:09, Sys 0 00:00:00  -  Total Remote Usage
		Usr 0 00:00:00, Sys 0 00:00:00  -  Total Local Usage
	7929  -  Run Bytes Sent By Job
	374  -  Run Bytes Received By Job
	7929  -  Total Bytes Sent By Job
	374  -  Total Bytes Received By Job
	Partitionable Resources :    Usage  Request Allocated 
	   Cpus                 :     0.07        1         1 
	   Disk (KB)            :    29           1   1345728 
	   Memory (MB)          :   122        2000      2000 

	Job terminated of its own accord at 2023-09-28T12:49:43Z.
...
