000 (15159743.002.000) 10/09 07:56:33 Job submitted from host: <188.184.90.241:9618?addrs=188.184.90.241-9618+[2001-1458-201-e4--100-2eb]-9618&alias=bigbird15.cern.ch&noUDP&sock=schedd_2763_c443>
...
040 (15159743.002.000) 10/09 08:09:43 Started transferring input files
	Transferring to host: <188.184.162.135:9618?addrs=188.184.162.135-9618&alias=b7s11p9669.cern.ch&noUDP&sock=slot1_24_3768_a592_11123>
...
040 (15159743.002.000) 10/09 08:09:43 Finished transferring input files
...
001 (15159743.002.000) 10/09 08:09:44 Job executing on host: <188.184.162.135:9618?addrs=188.184.162.135-9618&alias=b7s11p9669.cern.ch&noUDP&sock=startd_2787_3a89>
...
006 (15159743.002.000) 10/09 08:09:52 Image size of job updated: 618220
	55  -  MemoryUsage of job (MB)
	56216  -  ResidentSetSize of job (KB)
...
006 (15159743.002.000) 10/09 08:14:52 Image size of job updated: 3412172
	2706  -  MemoryUsage of job (MB)
	2770212  -  ResidentSetSize of job (KB)
...
006 (15159743.002.000) 10/09 08:15:14 Image size of job updated: 3412756
	2706  -  MemoryUsage of job (MB)
	2770212  -  ResidentSetSize of job (KB)
...
040 (15159743.002.000) 10/09 08:15:14 Started transferring output files
...
040 (15159743.002.000) 10/09 08:15:14 Finished transferring output files
...
005 (15159743.002.000) 10/09 08:15:14 Job terminated.
	(1) Normal termination (return value 0)
		Usr 0 00:04:24, Sys 0 00:00:07  -  Run Remote Usage
		Usr 0 00:00:00, Sys 0 00:00:00  -  Run Local Usage
		Usr 0 00:04:24, Sys 0 00:00:07  -  Total Remote Usage
		Usr 0 00:00:00, Sys 0 00:00:00  -  Total Local Usage
	119370  -  Run Bytes Sent By Job
	269  -  Run Bytes Received By Job
	119370  -  Total Bytes Sent By Job
	269  -  Total Bytes Received By Job
	Partitionable Resources :    Usage  Request Allocated 
	   Cpus                 :     0.95        1         1 
	   Disk (KB)            :   137           1   2881496 
	   Memory (MB)          :  2706        2000      2000 

	Job terminated of its own accord at 2023-10-09T06:15:14Z.
...
