000 (15148580.001.000) 09/26 21:47:31 Job submitted from host: <188.184.90.241:9618?addrs=188.184.90.241-9618+[2001-1458-201-e4--100-2eb]-9618&alias=bigbird15.cern.ch&noUDP&sock=schedd_2763_c443>
...
040 (15148580.001.000) 09/26 22:02:54 Started transferring input files
	Transferring to host: <128.142.57.145:9618?addrs=128.142.57.145-9618+[2001-1458-301-7--100-90]-9618&alias=b7s02p1264.cern.ch&noUDP&sock=slot1_16_7021_adf7_199544>
...
040 (15148580.001.000) 09/26 22:02:54 Finished transferring input files
...
001 (15148580.001.000) 09/26 22:02:55 Job executing on host: <128.142.57.145:9618?addrs=128.142.57.145-9618+[2001-1458-301-7--100-90]-9618&alias=b7s02p1264.cern.ch&noUDP&sock=startd_5421_eefe>
...
006 (15148580.001.000) 09/26 22:03:04 Image size of job updated: 688336
	60  -  MemoryUsage of job (MB)
	61248  -  ResidentSetSize of job (KB)
...
006 (15148580.001.000) 09/26 22:08:05 Image size of job updated: 1107244
	573  -  MemoryUsage of job (MB)
	586052  -  ResidentSetSize of job (KB)
...
006 (15148580.001.000) 09/26 22:13:06 Image size of job updated: 1213296
	573  -  MemoryUsage of job (MB)
	586052  -  ResidentSetSize of job (KB)
...
006 (15148580.001.000) 09/26 22:18:06 Image size of job updated: 4075764
	573  -  MemoryUsage of job (MB)
	586052  -  ResidentSetSize of job (KB)
...
006 (15148580.001.000) 09/26 22:23:06 Image size of job updated: 4361704
	573  -  MemoryUsage of job (MB)
	586052  -  ResidentSetSize of job (KB)
...
006 (15148580.001.000) 09/26 22:28:07 Image size of job updated: 4438588
	573  -  MemoryUsage of job (MB)
	586052  -  ResidentSetSize of job (KB)
...
006 (15148580.001.000) 09/26 22:29:12 Image size of job updated: 4451776
	573  -  MemoryUsage of job (MB)
	586052  -  ResidentSetSize of job (KB)
...
040 (15148580.001.000) 09/26 22:29:12 Started transferring output files
...
040 (15148580.001.000) 09/26 22:29:12 Finished transferring output files
...
005 (15148580.001.000) 09/26 22:29:12 Job terminated.
	(1) Normal termination (return value 0)
		Usr 0 00:10:07, Sys 0 00:00:19  -  Run Remote Usage
		Usr 0 00:00:00, Sys 0 00:00:00  -  Run Local Usage
		Usr 0 00:10:07, Sys 0 00:00:19  -  Total Remote Usage
		Usr 0 00:00:00, Sys 0 00:00:00  -  Total Local Usage
	99620  -  Run Bytes Sent By Job
	323  -  Run Bytes Received By Job
	99620  -  Total Bytes Sent By Job
	323  -  Total Bytes Received By Job
	Partitionable Resources :    Usage  Request Allocated 
	   Cpus                 :     0.06        1         1 
	   Disk (KB)            :   119           1   1154614 
	   Memory (MB)          :   573        2000      2000 

	Job terminated of its own accord at 2023-09-26T20:29:12Z.
...
