000 (14832095.020.000) 06/12 15:17:57 Job submitted from host: <188.184.90.241:9618?addrs=188.184.90.241-9618+[2001-1458-201-e4--100-2eb]-9618&alias=bigbird15.cern.ch&noUDP&sock=schedd_1460210_2ef4>
...
040 (14832095.020.000) 06/12 15:19:41 Started transferring input files
	Transferring to host: <128.142.59.82:9618?addrs=128.142.59.82-9618+[2001-1458-301-21--100-51]-9618&alias=b7s04p3746.cern.ch&noUDP&sock=slot1_10_4005_a27c_52636>
...
040 (14832095.020.000) 06/12 15:19:41 Finished transferring input files
...
001 (14832095.020.000) 06/12 15:19:42 Job executing on host: <128.142.59.82:9618?addrs=128.142.59.82-9618+[2001-1458-301-21--100-51]-9618&alias=b7s04p3746.cern.ch&noUDP&sock=startd_2992_d773>
...
006 (14832095.020.000) 06/12 15:19:51 Image size of job updated: 703852
	187  -  MemoryUsage of job (MB)
	191000  -  ResidentSetSize of job (KB)
...
006 (14832095.020.000) 06/12 15:23:33 Image size of job updated: 1211624
	187  -  MemoryUsage of job (MB)
	191000  -  ResidentSetSize of job (KB)
...
040 (14832095.020.000) 06/12 15:23:33 Started transferring output files
...
040 (14832095.020.000) 06/12 15:23:33 Finished transferring output files
...
005 (14832095.020.000) 06/12 15:23:33 Job terminated.
	(1) Normal termination (return value 0)
		Usr 0 00:01:07, Sys 0 00:00:04  -  Run Remote Usage
		Usr 0 00:00:00, Sys 0 00:00:00  -  Run Local Usage
		Usr 0 00:01:07, Sys 0 00:00:04  -  Total Remote Usage
		Usr 0 00:00:00, Sys 0 00:00:00  -  Total Local Usage
	38861  -  Run Bytes Sent By Job
	323  -  Run Bytes Received By Job
	38861  -  Total Bytes Sent By Job
	323  -  Total Bytes Received By Job
	Partitionable Resources :    Usage  Request Allocated 
	   Cpus                 :     0.15        1         1 
	   Disk (KB)            :    59           1   1287475 
	   Memory (MB)          :   187        2000      2000 

	Job terminated of its own accord at 2023-06-12T13:23:33Z.
...
