000 (14832095.046.000) 06/12 15:17:57 Job submitted from host: <188.184.90.241:9618?addrs=188.184.90.241-9618+[2001-1458-201-e4--100-2eb]-9618&alias=bigbird15.cern.ch&noUDP&sock=schedd_1460210_2ef4>
...
040 (14832095.046.000) 06/12 15:19:51 Started transferring input files
	Transferring to host: <128.142.56.128:9618?addrs=128.142.56.128-9618+[2001-1458-301-6--100-7f]-9618&alias=b7s01p3274.cern.ch&noUDP&sock=slot1_7_3315_77a0_65085>
...
040 (14832095.046.000) 06/12 15:19:51 Finished transferring input files
...
001 (14832095.046.000) 06/12 15:19:52 Job executing on host: <128.142.56.128:9618?addrs=128.142.56.128-9618+[2001-1458-301-6--100-7f]-9618&alias=b7s01p3274.cern.ch&noUDP&sock=startd_2858_edc3>
...
006 (14832095.046.000) 06/12 15:20:00 Image size of job updated: 554156
	47  -  MemoryUsage of job (MB)
	47704  -  ResidentSetSize of job (KB)
...
006 (14832095.046.000) 06/12 15:25:00 Image size of job updated: 1700384
	1190  -  MemoryUsage of job (MB)
	1217836  -  ResidentSetSize of job (KB)
...
006 (14832095.046.000) 06/12 15:30:01 Image size of job updated: 2698048
	2005  -  MemoryUsage of job (MB)
	2052284  -  ResidentSetSize of job (KB)
...
006 (14832095.046.000) 06/12 15:35:02 Image size of job updated: 3609548
	2847  -  MemoryUsage of job (MB)
	2915052  -  ResidentSetSize of job (KB)
...
006 (14832095.046.000) 06/12 15:40:02 Image size of job updated: 3735668
	2929  -  MemoryUsage of job (MB)
	2998540  -  ResidentSetSize of job (KB)
...
006 (14832095.046.000) 06/12 16:00:05 Image size of job updated: 4033016
	2929  -  MemoryUsage of job (MB)
	2998540  -  ResidentSetSize of job (KB)
...
006 (14832095.046.000) 06/12 16:05:06 Image size of job updated: 4313244
	2929  -  MemoryUsage of job (MB)
	2998540  -  ResidentSetSize of job (KB)
...
006 (14832095.046.000) 06/12 16:10:06 Image size of job updated: 4327608
	2929  -  MemoryUsage of job (MB)
	2998540  -  ResidentSetSize of job (KB)
...
006 (14832095.046.000) 06/12 16:15:06 Image size of job updated: 4395920
	2929  -  MemoryUsage of job (MB)
	2998540  -  ResidentSetSize of job (KB)
...
006 (14832095.046.000) 06/12 16:17:12 Image size of job updated: 4408752
	2929  -  MemoryUsage of job (MB)
	2998540  -  ResidentSetSize of job (KB)
...
040 (14832095.046.000) 06/12 16:17:12 Started transferring output files
...
040 (14832095.046.000) 06/12 16:17:12 Finished transferring output files
...
005 (14832095.046.000) 06/12 16:17:12 Job terminated.
	(1) Normal termination (return value 0)
		Usr 0 00:18:40, Sys 0 00:02:16  -  Run Remote Usage
		Usr 0 00:00:00, Sys 0 00:00:00  -  Run Local Usage
		Usr 0 00:18:40, Sys 0 00:02:16  -  Total Remote Usage
		Usr 0 00:00:00, Sys 0 00:00:00  -  Total Local Usage
	192808  -  Run Bytes Sent By Job
	323  -  Run Bytes Received By Job
	192808  -  Total Bytes Sent By Job
	323  -  Total Bytes Received By Job
	Partitionable Resources :    Usage  Request Allocated 
	   Cpus                 :     0.07        1         1 
	   Disk (KB)            :   210           1   1149275 
	   Memory (MB)          :  2929        2000      2000 

	Job terminated of its own accord at 2023-06-12T14:17:12Z.
...
