000 (15149098.105.000) 09/27 08:23:39 Job submitted from host: <188.184.90.241:9618?addrs=188.184.90.241-9618+[2001-1458-201-e4--100-2eb]-9618&alias=bigbird15.cern.ch&noUDP&sock=schedd_2763_c443>
...
040 (15149098.105.000) 09/27 08:49:55 Started transferring input files
	Transferring to host: <188.184.162.28:9618?addrs=188.184.162.28-9618+[2001-1458-301-4a--100-16]-9618&alias=b7s11p9469.cern.ch&noUDP&sock=slot1_2_204228_d9ea_4302>
...
040 (15149098.105.000) 09/27 08:49:55 Finished transferring input files
...
001 (15149098.105.000) 09/27 08:49:56 Job executing on host: <188.184.162.28:9618?addrs=188.184.162.28-9618+[2001-1458-301-4a--100-16]-9618&alias=b7s11p9469.cern.ch&noUDP&sock=startd_146292_b8f1>
...
006 (15149098.105.000) 09/27 08:50:05 Image size of job updated: 609380
	50  -  MemoryUsage of job (MB)
	50860  -  ResidentSetSize of job (KB)
...
006 (15149098.105.000) 09/27 08:55:06 Image size of job updated: 851324
	134  -  MemoryUsage of job (MB)
	136272  -  ResidentSetSize of job (KB)
...
006 (15149098.105.000) 09/27 09:00:07 Image size of job updated: 3856160
	437  -  MemoryUsage of job (MB)
	447028  -  ResidentSetSize of job (KB)
...
006 (15149098.105.000) 09/27 09:01:05 Image size of job updated: 3868004
	437  -  MemoryUsage of job (MB)
	447028  -  ResidentSetSize of job (KB)
...
040 (15149098.105.000) 09/27 09:01:05 Started transferring output files
...
040 (15149098.105.000) 09/27 09:01:05 Finished transferring output files
...
005 (15149098.105.000) 09/27 09:01:05 Job terminated.
	(1) Normal termination (return value 0)
		Usr 0 00:05:39, Sys 0 00:00:10  -  Run Remote Usage
		Usr 0 00:00:00, Sys 0 00:00:00  -  Run Local Usage
		Usr 0 00:05:39, Sys 0 00:00:10  -  Total Remote Usage
		Usr 0 00:00:00, Sys 0 00:00:00  -  Total Local Usage
	70244  -  Run Bytes Sent By Job
	323  -  Run Bytes Received By Job
	70244  -  Total Bytes Sent By Job
	323  -  Total Bytes Received By Job
	Partitionable Resources :    Usage  Request Allocated 
	   Cpus                 :     0.93        1         1 
	   Disk (KB)            :    91           1   2941816 
	   Memory (MB)          :   437        2000      2000 

	Job terminated of its own accord at 2023-09-27T07:01:05Z.
...
