000 (15153696.121.000) 10/03 22:27:19 Job submitted from host: <188.184.90.241:9618?addrs=188.184.90.241-9618+[2001-1458-201-e4--100-2eb]-9618&alias=bigbird15.cern.ch&noUDP&sock=schedd_2763_c443>
...
040 (15153696.121.000) 10/03 22:30:59 Started transferring input files
	Transferring to host: <128.142.56.84:9618?addrs=128.142.56.84-9618+[2001-1458-301-6--100-53]-9618&alias=b7s01p5563.cern.ch&noUDP&sock=slot1_23_4522_e871_207814>
...
040 (15153696.121.000) 10/03 22:30:59 Finished transferring input files
...
001 (15153696.121.000) 10/03 22:31:00 Job executing on host: <128.142.56.84:9618?addrs=128.142.56.84-9618+[2001-1458-301-6--100-53]-9618&alias=b7s01p5563.cern.ch&noUDP&sock=startd_3339_dad0>
...
006 (15153696.121.000) 10/03 22:31:09 Image size of job updated: 911192
	121  -  MemoryUsage of job (MB)
	123464  -  ResidentSetSize of job (KB)
...
006 (15153696.121.000) 10/03 22:32:27 Image size of job updated: 922916
	121  -  MemoryUsage of job (MB)
	123464  -  ResidentSetSize of job (KB)
...
040 (15153696.121.000) 10/03 22:32:27 Started transferring output files
...
040 (15153696.121.000) 10/03 22:32:27 Finished transferring output files
...
005 (15153696.121.000) 10/03 22:32:27 Job terminated.
	(1) Normal termination (return value 0)
		Usr 0 00:00:10, Sys 0 00:00:00  -  Run Remote Usage
		Usr 0 00:00:00, Sys 0 00:00:00  -  Run Local Usage
		Usr 0 00:00:10, Sys 0 00:00:00  -  Total Remote Usage
		Usr 0 00:00:00, Sys 0 00:00:00  -  Total Local Usage
	7943  -  Run Bytes Sent By Job
	374  -  Run Bytes Received By Job
	7943  -  Total Bytes Sent By Job
	374  -  Total Bytes Received By Job
	Partitionable Resources :    Usage  Request Allocated 
	   Cpus                 :                 1         1 
	   Disk (KB)            :       22        1   2943091 
	   Memory (MB)          :      121     2000      2000 

	Job terminated of its own accord at 2023-10-03T20:32:27Z.
...
