000 (15153696.063.000) 10/03 22:27:19 Job submitted from host: <188.184.90.241:9618?addrs=188.184.90.241-9618+[2001-1458-201-e4--100-2eb]-9618&alias=bigbird15.cern.ch&noUDP&sock=schedd_2763_c443>
...
040 (15153696.063.000) 10/03 22:30:39 Started transferring input files
	Transferring to host: <188.184.163.73:9618?addrs=188.184.163.73-9618&alias=b7s12p9292.cern.ch&noUDP&sock=slot1_13_4725_f099_223302>
...
040 (15153696.063.000) 10/03 22:30:39 Finished transferring input files
...
001 (15153696.063.000) 10/03 22:30:40 Job executing on host: <188.184.163.73:9618?addrs=188.184.163.73-9618&alias=b7s12p9292.cern.ch&noUDP&sock=startd_3270_86c8>
...
006 (15153696.063.000) 10/03 22:30:48 Image size of job updated: 911380
	121  -  MemoryUsage of job (MB)
	123724  -  ResidentSetSize of job (KB)
...
006 (15153696.063.000) 10/03 22:35:30 Image size of job updated: 923628
	121  -  MemoryUsage of job (MB)
	123724  -  ResidentSetSize of job (KB)
...
040 (15153696.063.000) 10/03 22:35:30 Started transferring output files
...
040 (15153696.063.000) 10/03 22:35:30 Finished transferring output files
...
005 (15153696.063.000) 10/03 22:35:30 Job terminated.
	(1) Normal termination (return value 0)
		Usr 0 00:00:14, Sys 0 00:00:00  -  Run Remote Usage
		Usr 0 00:00:00, Sys 0 00:00:00  -  Run Local Usage
		Usr 0 00:00:14, Sys 0 00:00:00  -  Total Remote Usage
		Usr 0 00:00:00, Sys 0 00:00:00  -  Total Local Usage
	7985  -  Run Bytes Sent By Job
	374  -  Run Bytes Received By Job
	7985  -  Total Bytes Sent By Job
	374  -  Total Bytes Received By Job
	Partitionable Resources :    Usage  Request Allocated 
	   Cpus                 :     0.09        1         1 
	   Disk (KB)            :    29           1   3122327 
	   Memory (MB)          :   121        2000      2000 

	Job terminated of its own accord at 2023-10-03T20:35:30Z.
...
