000 (15149098.084.000) 09/27 08:23:39 Job submitted from host: <188.184.90.241:9618?addrs=188.184.90.241-9618+[2001-1458-201-e4--100-2eb]-9618&alias=bigbird15.cern.ch&noUDP&sock=schedd_2763_c443>
...
040 (15149098.084.000) 09/27 08:40:37 Started transferring input files
	Transferring to host: <128.142.61.38:9618?addrs=128.142.61.38-9618+[2001-1458-301-23--100-25]-9618&alias=b7s06p8377.cern.ch&noUDP&sock=slot1_18_37491_8d0e_2145>
...
040 (15149098.084.000) 09/27 08:40:37 Finished transferring input files
...
001 (15149098.084.000) 09/27 08:40:38 Job executing on host: <128.142.61.38:9618?addrs=128.142.61.38-9618+[2001-1458-301-23--100-25]-9618&alias=b7s06p8377.cern.ch&noUDP&sock=startd_37453_38a5>
...
006 (15149098.084.000) 09/27 08:40:47 Image size of job updated: 605392
	53  -  MemoryUsage of job (MB)
	53384  -  ResidentSetSize of job (KB)
...
006 (15149098.084.000) 09/27 08:45:48 Image size of job updated: 1108912
	584  -  MemoryUsage of job (MB)
	597040  -  ResidentSetSize of job (KB)
...
006 (15149098.084.000) 09/27 08:50:49 Image size of job updated: 1140084
	584  -  MemoryUsage of job (MB)
	597048  -  ResidentSetSize of job (KB)
...
006 (15149098.084.000) 09/27 08:55:49 Image size of job updated: 3864596
	584  -  MemoryUsage of job (MB)
	597048  -  ResidentSetSize of job (KB)
...
006 (15149098.084.000) 09/27 08:58:59 Image size of job updated: 3939852
	584  -  MemoryUsage of job (MB)
	597048  -  ResidentSetSize of job (KB)
...
040 (15149098.084.000) 09/27 08:58:59 Started transferring output files
...
040 (15149098.084.000) 09/27 08:58:59 Finished transferring output files
...
005 (15149098.084.000) 09/27 08:58:59 Job terminated.
	(1) Normal termination (return value 0)
		Usr 0 00:09:43, Sys 0 00:00:22  -  Run Remote Usage
		Usr 0 00:00:00, Sys 0 00:00:00  -  Run Local Usage
		Usr 0 00:09:43, Sys 0 00:00:22  -  Total Remote Usage
		Usr 0 00:00:00, Sys 0 00:00:00  -  Total Local Usage
	83206  -  Run Bytes Sent By Job
	323  -  Run Bytes Received By Job
	83206  -  Total Bytes Sent By Job
	323  -  Total Bytes Received By Job
	Partitionable Resources :    Usage  Request Allocated 
	   Cpus                 :     0.14        1         1 
	   Disk (KB)            :   102           1   1173086 
	   Memory (MB)          :   584        2000      2000 

	Job terminated of its own accord at 2023-09-27T06:58:58Z.
...
