000 (15153696.014.000) 10/03 22:27:19 Job submitted from host: <188.184.90.241:9618?addrs=188.184.90.241-9618+[2001-1458-201-e4--100-2eb]-9618&alias=bigbird15.cern.ch&noUDP&sock=schedd_2763_c443>
...
040 (15153696.014.000) 10/03 22:30:28 Started transferring input files
	Transferring to host: <128.142.58.101:9618?addrs=128.142.58.101-9618+[2001-1458-301-16--100-64]-9618&alias=b7s03p2983.cern.ch&noUDP&sock=slot1_8_5747_0803_201393>
...
040 (15153696.014.000) 10/03 22:30:28 Finished transferring input files
...
001 (15153696.014.000) 10/03 22:30:29 Job executing on host: <128.142.58.101:9618?addrs=128.142.58.101-9618+[2001-1458-301-16--100-64]-9618&alias=b7s03p2983.cern.ch&noUDP&sock=startd_5040_9969>
...
006 (15153696.014.000) 10/03 22:30:38 Image size of job updated: 912184
	122  -  MemoryUsage of job (MB)
	124292  -  ResidentSetSize of job (KB)
...
006 (15153696.014.000) 10/03 22:34:09 Image size of job updated: 928036
	122  -  MemoryUsage of job (MB)
	124292  -  ResidentSetSize of job (KB)
...
040 (15153696.014.000) 10/03 22:34:09 Started transferring output files
...
040 (15153696.014.000) 10/03 22:34:09 Finished transferring output files
...
005 (15153696.014.000) 10/03 22:34:09 Job terminated.
	(1) Normal termination (return value 0)
		Usr 0 00:00:11, Sys 0 00:00:00  -  Run Remote Usage
		Usr 0 00:00:00, Sys 0 00:00:00  -  Run Local Usage
		Usr 0 00:00:11, Sys 0 00:00:00  -  Total Remote Usage
		Usr 0 00:00:00, Sys 0 00:00:00  -  Total Local Usage
	8005  -  Run Bytes Sent By Job
	374  -  Run Bytes Received By Job
	8005  -  Total Bytes Sent By Job
	374  -  Total Bytes Received By Job
	Partitionable Resources :    Usage  Request Allocated 
	   Cpus                 :                 1         1 
	   Disk (KB)            :       22        1   1219745 
	   Memory (MB)          :      122     2000      2000 

	Job terminated of its own accord at 2023-10-03T20:34:09Z.
...
