000 (15153696.018.000) 10/03 22:27:19 Job submitted from host: <188.184.90.241:9618?addrs=188.184.90.241-9618+[2001-1458-201-e4--100-2eb]-9618&alias=bigbird15.cern.ch&noUDP&sock=schedd_2763_c443>
...
040 (15153696.018.000) 10/03 22:30:30 Started transferring input files
	Transferring to host: <188.184.162.142:9618?addrs=188.184.162.142-9618+[2001-1458-301-4a--100-88]-9618&alias=b7s11p5218.cern.ch&noUDP&sock=slot1_9_123233_8bec_224815>
...
040 (15153696.018.000) 10/03 22:30:30 Finished transferring input files
...
001 (15153696.018.000) 10/03 22:30:31 Job executing on host: <188.184.162.142:9618?addrs=188.184.162.142-9618+[2001-1458-301-4a--100-88]-9618&alias=b7s11p5218.cern.ch&noUDP&sock=startd_28727_e93b>
...
006 (15153696.018.000) 10/03 22:30:40 Image size of job updated: 912440
	122  -  MemoryUsage of job (MB)
	124636  -  ResidentSetSize of job (KB)
...
006 (15153696.018.000) 10/03 22:35:40 Image size of job updated: 926360
	133  -  MemoryUsage of job (MB)
	136160  -  ResidentSetSize of job (KB)
...
006 (15153696.018.000) 10/03 22:35:59 Image size of job updated: 927676
	133  -  MemoryUsage of job (MB)
	136160  -  ResidentSetSize of job (KB)
...
040 (15153696.018.000) 10/03 22:35:59 Started transferring output files
...
040 (15153696.018.000) 10/03 22:35:59 Finished transferring output files
...
005 (15153696.018.000) 10/03 22:35:59 Job terminated.
	(1) Normal termination (return value 0)
		Usr 0 00:00:17, Sys 0 00:00:01  -  Run Remote Usage
		Usr 0 00:00:00, Sys 0 00:00:00  -  Run Local Usage
		Usr 0 00:00:17, Sys 0 00:00:01  -  Total Remote Usage
		Usr 0 00:00:00, Sys 0 00:00:00  -  Total Local Usage
	8009  -  Run Bytes Sent By Job
	374  -  Run Bytes Received By Job
	8009  -  Total Bytes Sent By Job
	374  -  Total Bytes Received By Job
	Partitionable Resources :    Usage  Request Allocated 
	   Cpus                 :        0        1         1 
	   Disk (KB)            :       29        1   3005534 
	   Memory (MB)          :      133     2000      2000 

	Job terminated of its own accord at 2023-10-03T20:35:59Z.
...
