000 (15155243.043.000) 10/07 13:26:29 Job submitted from host: <188.184.90.241:9618?addrs=188.184.90.241-9618+[2001-1458-201-e4--100-2eb]-9618&alias=bigbird15.cern.ch&noUDP&sock=schedd_2763_c443>
...
040 (15155243.043.000) 10/07 13:32:01 Started transferring input files
	Transferring to host: <128.142.132.179:9618?addrs=128.142.132.179-9618+[2001-1458-301-5a--100-a7]-9618&alias=b7g12p4618.cern.ch&noUDP&sock=slot1_17_3205_f65b_127486>
...
040 (15155243.043.000) 10/07 13:32:01 Finished transferring input files
...
001 (15155243.043.000) 10/07 13:32:02 Job executing on host: <128.142.132.179:9618?addrs=128.142.132.179-9618+[2001-1458-301-5a--100-a7]-9618&alias=b7g12p4618.cern.ch&noUDP&sock=startd_2745_6b8f>
...
006 (15155243.043.000) 10/07 13:32:11 Image size of job updated: 549084
	98  -  MemoryUsage of job (MB)
	100016  -  ResidentSetSize of job (KB)
...
040 (15155243.043.000) 10/07 13:32:16 Started transferring output files
...
040 (15155243.043.000) 10/07 13:32:16 Finished transferring output files
...
005 (15155243.043.000) 10/07 13:32:16 Job terminated.
	(1) Normal termination (return value 0)
		Usr 0 00:00:04, Sys 0 00:00:01  -  Run Remote Usage
		Usr 0 00:00:00, Sys 0 00:00:00  -  Run Local Usage
		Usr 0 00:00:04, Sys 0 00:00:01  -  Total Remote Usage
		Usr 0 00:00:00, Sys 0 00:00:00  -  Total Local Usage
	25689  -  Run Bytes Sent By Job
	323  -  Run Bytes Received By Job
	25689  -  Total Bytes Sent By Job
	323  -  Total Bytes Received By Job
	Partitionable Resources :    Usage  Request Allocated 
	   Cpus                 :                 1         1 
	   Disk (KB)            :       39        1   1429024 
	   Memory (MB)          :       98     2000      2000 

	Job terminated of its own accord at 2023-10-07T11:32:16Z.
...
