000 (15159743.037.000) 10/09 07:56:33 Job submitted from host: <188.184.90.241:9618?addrs=188.184.90.241-9618+[2001-1458-201-e4--100-2eb]-9618&alias=bigbird15.cern.ch&noUDP&sock=schedd_2763_c443>
...
040 (15159743.037.000) 10/09 08:09:47 Started transferring input files
	Transferring to host: <128.142.132.146:9618?addrs=128.142.132.146-9618+[2001-1458-301-5a--100-86]-9618&alias=b7g12p8029.cern.ch&noUDP&sock=slot1_7_3785_9ff3_68892>
...
040 (15159743.037.000) 10/09 08:09:47 Finished transferring input files
...
001 (15159743.037.000) 10/09 08:09:48 Job executing on host: <128.142.132.146:9618?addrs=128.142.132.146-9618+[2001-1458-301-5a--100-86]-9618&alias=b7g12p8029.cern.ch&noUDP&sock=startd_3076_7568>
...
006 (15159743.037.000) 10/09 08:09:58 Image size of job updated: 102628
	100  -  MemoryUsage of job (MB)
	102276  -  ResidentSetSize of job (KB)
...
006 (15159743.037.000) 10/09 08:14:52 Image size of job updated: 3403380
	100  -  MemoryUsage of job (MB)
	102280  -  ResidentSetSize of job (KB)
...
040 (15159743.037.000) 10/09 08:14:52 Started transferring output files
...
040 (15159743.037.000) 10/09 08:14:52 Finished transferring output files
...
005 (15159743.037.000) 10/09 08:14:52 Job terminated.
	(1) Normal termination (return value 0)
		Usr 0 00:04:22, Sys 0 00:00:06  -  Run Remote Usage
		Usr 0 00:00:00, Sys 0 00:00:00  -  Run Local Usage
		Usr 0 00:04:22, Sys 0 00:00:06  -  Total Remote Usage
		Usr 0 00:00:00, Sys 0 00:00:00  -  Total Local Usage
	114687  -  Run Bytes Sent By Job
	269  -  Run Bytes Received By Job
	114687  -  Total Bytes Sent By Job
	269  -  Total Bytes Received By Job
	Partitionable Resources :    Usage  Request Allocated 
	   Cpus                 :     0.99        1         1 
	   Disk (KB)            :   133           1   1731843 
	   Memory (MB)          :   100        2000      2000 

	Job terminated of its own accord at 2023-10-09T06:14:52Z.
...
