000 (15159756.004.000) 10/09 09:27:43 Job submitted from host: <188.184.90.241:9618?addrs=188.184.90.241-9618+[2001-1458-201-e4--100-2eb]-9618&alias=bigbird15.cern.ch&noUDP&sock=schedd_2763_c443>
...
040 (15159756.004.000) 10/09 11:14:42 Started transferring input files
	Transferring to host: <128.142.63.43:9618?addrs=128.142.63.43-9618&alias=b7s08p8005.cern.ch&noUDP&sock=slot1_26_4515_f9d1_232135>
...
040 (15159756.004.000) 10/09 11:14:42 Finished transferring input files
...
001 (15159756.004.000) 10/09 11:14:43 Job executing on host: <128.142.63.43:9618?addrs=128.142.63.43-9618&alias=b7s08p8005.cern.ch&noUDP&sock=startd_3242_5221>
...
006 (15159756.004.000) 10/09 11:14:51 Image size of job updated: 688048
	59  -  MemoryUsage of job (MB)
	60232  -  ResidentSetSize of job (KB)
...
006 (15159756.004.000) 10/09 11:19:51 Image size of job updated: 941328
	417  -  MemoryUsage of job (MB)
	426748  -  ResidentSetSize of job (KB)
...
006 (15159756.004.000) 10/09 11:24:39 Image size of job updated: 3390032
	417  -  MemoryUsage of job (MB)
	426752  -  ResidentSetSize of job (KB)
...
040 (15159756.004.000) 10/09 11:24:39 Started transferring output files
...
040 (15159756.004.000) 10/09 11:24:39 Finished transferring output files
...
005 (15159756.004.000) 10/09 11:24:39 Job terminated.
	(1) Normal termination (return value 0)
		Usr 0 00:08:33, Sys 0 00:00:08  -  Run Remote Usage
		Usr 0 00:00:00, Sys 0 00:00:00  -  Run Local Usage
		Usr 0 00:08:33, Sys 0 00:00:08  -  Total Remote Usage
		Usr 0 00:00:00, Sys 0 00:00:00  -  Total Local Usage
	162306  -  Run Bytes Sent By Job
	269  -  Run Bytes Received By Job
	162306  -  Total Bytes Sent By Job
	269  -  Total Bytes Received By Job
	Partitionable Resources :    Usage  Request Allocated 
	   Cpus                 :     0.98        1         1 
	   Disk (KB)            :   179           1   2781566 
	   Memory (MB)          :   417        2000      2000 

	Job terminated of its own accord at 2023-10-09T09:24:39Z.
...
