000 (15150654.010.000) 09/28 14:27:13 Job submitted from host: <188.184.90.241:9618?addrs=188.184.90.241-9618+[2001-1458-201-e4--100-2eb]-9618&alias=bigbird15.cern.ch&noUDP&sock=schedd_2763_c443>
...
040 (15150654.010.000) 09/28 14:45:58 Started transferring input files
	Transferring to host: <128.142.58.41:9618?addrs=128.142.58.41-9618+[2001-1458-301-16--100-28]-9618&alias=b7s03p6982.cern.ch&noUDP&sock=slot1_21_11536_e7ce_206180>
...
040 (15150654.010.000) 09/28 14:45:58 Finished transferring input files
...
001 (15150654.010.000) 09/28 14:45:59 Job executing on host: <128.142.58.41:9618?addrs=128.142.58.41-9618+[2001-1458-301-16--100-28]-9618&alias=b7s03p6982.cern.ch&noUDP&sock=startd_11296_b1e5>
...
006 (15150654.010.000) 09/28 14:46:07 Image size of job updated: 810856
	126  -  MemoryUsage of job (MB)
	128788  -  ResidentSetSize of job (KB)
...
006 (15150654.010.000) 09/28 14:46:45 Image size of job updated: 918184
	126  -  MemoryUsage of job (MB)
	128788  -  ResidentSetSize of job (KB)
...
040 (15150654.010.000) 09/28 14:46:45 Started transferring output files
...
040 (15150654.010.000) 09/28 14:46:45 Finished transferring output files
...
005 (15150654.010.000) 09/28 14:46:45 Job terminated.
	(1) Normal termination (return value 0)
		Usr 0 00:00:04, Sys 0 00:00:00  -  Run Remote Usage
		Usr 0 00:00:00, Sys 0 00:00:00  -  Run Local Usage
		Usr 0 00:00:04, Sys 0 00:00:00  -  Total Remote Usage
		Usr 0 00:00:00, Sys 0 00:00:00  -  Total Local Usage
	7494  -  Run Bytes Sent By Job
	374  -  Run Bytes Received By Job
	7494  -  Total Bytes Sent By Job
	374  -  Total Bytes Received By Job
	Partitionable Resources :    Usage  Request Allocated 
	   Cpus                 :                 1         1 
	   Disk (KB)            :       21        1   1384107 
	   Memory (MB)          :      126     2000      2000 

	Job terminated of its own accord at 2023-09-28T12:46:45Z.
...
