000 (15271413.101.000) 12/18 14:02:23 Job submitted from host: <188.184.90.241:9618?addrs=188.184.90.241-9618+[2001-1458-201-e4--100-2eb]-9618&alias=bigbird15.cern.ch&noUDP&sock=schedd_2763_c443>
...
040 (15271413.101.000) 12/18 14:06:24 Started transferring input files
	Transferring to host: <128.142.61.101:9618?addrs=128.142.61.101-9618+[2001-1458-301-23--100-64]-9618&alias=b9s06p0968.cern.ch&noUDP&sock=slot1_5_125532_666a_6316>
...
040 (15271413.101.000) 12/18 14:06:24 Finished transferring input files
...
001 (15271413.101.000) 12/18 14:06:25 Job executing on host: <128.142.61.101:9618?addrs=128.142.61.101-9618+[2001-1458-301-23--100-64]-9618&alias=b9s06p0968.cern.ch&noUDP&sock=startd_113017_d712>
...
006 (15271413.101.000) 12/18 14:06:34 Image size of job updated: 126596
	123  -  MemoryUsage of job (MB)
	125392  -  ResidentSetSize of job (KB)
...
006 (15271413.101.000) 12/18 14:07:59 Image size of job updated: 132020
	123  -  MemoryUsage of job (MB)
	125392  -  ResidentSetSize of job (KB)
...
040 (15271413.101.000) 12/18 14:07:59 Started transferring output files
...
040 (15271413.101.000) 12/18 14:07:59 Finished transferring output files
...
005 (15271413.101.000) 12/18 14:07:59 Job terminated.
	(1) Normal termination (return value 0)
		Usr 0 00:00:00, Sys 0 00:00:00  -  Run Remote Usage
		Usr 0 00:00:00, Sys 0 00:00:00  -  Run Local Usage
		Usr 0 00:00:00, Sys 0 00:00:00  -  Total Remote Usage
		Usr 0 00:00:00, Sys 0 00:00:00  -  Total Local Usage
	11902  -  Run Bytes Sent By Job
	269  -  Run Bytes Received By Job
	11902  -  Total Bytes Sent By Job
	269  -  Total Bytes Received By Job
	Partitionable Resources :    Usage  Request Allocated 
	   Cpus                 :                 1         1 
	   Disk (KB)            :       26        1   3060368 
	   Memory (MB)          :      123     2000      2000 

	Job terminated of its own accord at 2023-12-18T13:07:59Z.
...
