000 (15159766.187.000) 10/09 11:47:57 Job submitted from host: <188.184.90.241:9618?addrs=188.184.90.241-9618+[2001-1458-201-e4--100-2eb]-9618&alias=bigbird15.cern.ch&noUDP&sock=schedd_2763_c443>
...
040 (15159766.187.000) 10/09 14:25:19 Started transferring input files
	Transferring to host: <128.142.56.70:9618?addrs=128.142.56.70-9618+[2001-1458-301-6--100-45]-9618&alias=b7s01p8046.cern.ch&noUDP&sock=slot1_38_12876_0e85_48579>
...
040 (15159766.187.000) 10/09 14:25:19 Finished transferring input files
...
001 (15159766.187.000) 10/09 14:25:20 Job executing on host: <128.142.56.70:9618?addrs=128.142.56.70-9618+[2001-1458-301-6--100-45]-9618&alias=b7s01p8046.cern.ch&noUDP&sock=startd_3087_00f3>
...
006 (15159766.187.000) 10/09 14:25:29 Image size of job updated: 123264
	121  -  MemoryUsage of job (MB)
	123264  -  ResidentSetSize of job (KB)
...
006 (15159766.187.000) 10/09 14:29:04 Image size of job updated: 923476
	121  -  MemoryUsage of job (MB)
	123264  -  ResidentSetSize of job (KB)
...
040 (15159766.187.000) 10/09 14:29:04 Started transferring output files
...
040 (15159766.187.000) 10/09 14:29:04 Finished transferring output files
...
005 (15159766.187.000) 10/09 14:29:04 Job terminated.
	(1) Normal termination (return value 0)
		Usr 0 00:00:11, Sys 0 00:00:00  -  Run Remote Usage
		Usr 0 00:00:00, Sys 0 00:00:00  -  Run Local Usage
		Usr 0 00:00:11, Sys 0 00:00:00  -  Total Remote Usage
		Usr 0 00:00:00, Sys 0 00:00:00  -  Total Local Usage
	7952  -  Run Bytes Sent By Job
	374  -  Run Bytes Received By Job
	7952  -  Total Bytes Sent By Job
	374  -  Total Bytes Received By Job
	Partitionable Resources :    Usage  Request Allocated 
	   Cpus                 :                 1         1 
	   Disk (KB)            :       22        1   1335899 
	   Memory (MB)          :      121     2000      2000 

	Job terminated of its own accord at 2023-10-09T12:29:04Z.
...
