000 (15150662.139.000) 09/28 15:49:40 Job submitted from host: <188.184.90.241:9618?addrs=188.184.90.241-9618+[2001-1458-201-e4--100-2eb]-9618&alias=bigbird15.cern.ch&noUDP&sock=schedd_2763_c443>
...
040 (15150662.139.000) 09/28 16:01:35 Started transferring input files
	Transferring to host: <128.142.137.206:9618?addrs=128.142.137.206-9618+[2001-1458-301-5e--100-c2]-9618&alias=b7g19p8821.cern.ch&noUDP&sock=slot1_25_12647_b49b_96574>
...
040 (15150662.139.000) 09/28 16:01:35 Finished transferring input files
...
001 (15150662.139.000) 09/28 16:01:36 Job executing on host: <128.142.137.206:9618?addrs=128.142.137.206-9618+[2001-1458-301-5e--100-c2]-9618&alias=b7g19p8821.cern.ch&noUDP&sock=startd_12607_ee8f>
...
006 (15150662.139.000) 09/28 16:01:44 Image size of job updated: 802000
	121  -  MemoryUsage of job (MB)
	123244  -  ResidentSetSize of job (KB)
...
006 (15150662.139.000) 09/28 16:04:09 Image size of job updated: 921272
	121  -  MemoryUsage of job (MB)
	123248  -  ResidentSetSize of job (KB)
...
040 (15150662.139.000) 09/28 16:04:09 Started transferring output files
...
040 (15150662.139.000) 09/28 16:04:09 Finished transferring output files
...
005 (15150662.139.000) 09/28 16:04:09 Job terminated.
	(1) Normal termination (return value 0)
		Usr 0 00:00:16, Sys 0 00:00:01  -  Run Remote Usage
		Usr 0 00:00:00, Sys 0 00:00:00  -  Run Local Usage
		Usr 0 00:00:16, Sys 0 00:00:01  -  Total Remote Usage
		Usr 0 00:00:00, Sys 0 00:00:00  -  Total Local Usage
	7989  -  Run Bytes Sent By Job
	374  -  Run Bytes Received By Job
	7989  -  Total Bytes Sent By Job
	374  -  Total Bytes Received By Job
	Partitionable Resources :    Usage  Request Allocated 
	   Cpus                 :                 1         1 
	   Disk (KB)            :       22        1   1485896 
	   Memory (MB)          :      121     2000      2000 

	Job terminated of its own accord at 2023-09-28T14:04:09Z.
...
