000 (15155263.048.000) 10/07 15:36:06 Job submitted from host: <188.184.90.241:9618?addrs=188.184.90.241-9618+[2001-1458-201-e4--100-2eb]-9618&alias=bigbird15.cern.ch&noUDP&sock=schedd_2763_c443>
...
040 (15155263.048.000) 10/07 15:38:56 Started transferring input files
	Transferring to host: <128.142.61.38:9618?addrs=128.142.61.38-9618+[2001-1458-301-23--100-25]-9618&alias=b7s06p8377.cern.ch&noUDP&sock=slot1_53_37491_8d0e_25070>
...
040 (15155263.048.000) 10/07 15:38:56 Finished transferring input files
...
001 (15155263.048.000) 10/07 15:38:57 Job executing on host: <128.142.61.38:9618?addrs=128.142.61.38-9618+[2001-1458-301-23--100-25]-9618&alias=b7s06p8377.cern.ch&noUDP&sock=startd_37453_38a5>
...
006 (15155263.048.000) 10/07 15:39:06 Image size of job updated: 565396
	83  -  MemoryUsage of job (MB)
	84720  -  ResidentSetSize of job (KB)
...
006 (15155263.048.000) 10/07 15:44:07 Image size of job updated: 1063248
	83  -  MemoryUsage of job (MB)
	84720  -  ResidentSetSize of job (KB)
...
006 (15155263.048.000) 10/07 15:49:07 Image size of job updated: 3558600
	152  -  MemoryUsage of job (MB)
	154696  -  ResidentSetSize of job (KB)
...
006 (15155263.048.000) 10/07 15:54:07 Image size of job updated: 3597420
	191  -  MemoryUsage of job (MB)
	194956  -  ResidentSetSize of job (KB)
...
006 (15155263.048.000) 10/07 15:59:08 Image size of job updated: 3810864
	399  -  MemoryUsage of job (MB)
	408116  -  ResidentSetSize of job (KB)
...
006 (15155263.048.000) 10/07 16:04:05 Image size of job updated: 3878228
	399  -  MemoryUsage of job (MB)
	408116  -  ResidentSetSize of job (KB)
...
040 (15155263.048.000) 10/07 16:04:05 Started transferring output files
...
040 (15155263.048.000) 10/07 16:04:05 Finished transferring output files
...
005 (15155263.048.000) 10/07 16:04:05 Job terminated.
	(1) Normal termination (return value 0)
		Usr 0 00:05:12, Sys 0 00:00:10  -  Run Remote Usage
		Usr 0 00:00:00, Sys 0 00:00:00  -  Run Local Usage
		Usr 0 00:05:12, Sys 0 00:00:10  -  Total Remote Usage
		Usr 0 00:00:00, Sys 0 00:00:00  -  Total Local Usage
	68791  -  Run Bytes Sent By Job
	323  -  Run Bytes Received By Job
	68791  -  Total Bytes Sent By Job
	323  -  Total Bytes Received By Job
	Partitionable Resources :    Usage  Request Allocated 
	   Cpus                 :     0.10        1         1 
	   Disk (KB)            :    88           1   1161895 
	   Memory (MB)          :   399        2000      2000 

	Job terminated of its own accord at 2023-10-07T14:04:05Z.
...
