000 (15148591.072.000) 09/26 23:15:32 Job submitted from host: <188.184.90.241:9618?addrs=188.184.90.241-9618+[2001-1458-201-e4--100-2eb]-9618&alias=bigbird15.cern.ch&noUDP&sock=schedd_2763_c443>
...
040 (15148591.072.000) 09/26 23:30:42 Started transferring input files
	Transferring to host: <128.142.132.40:9618?addrs=128.142.132.40-9618+[2001-1458-301-5a--100-1c]-9618&alias=b7g12p6726.cern.ch&noUDP&sock=slot1_12_5569_9d3c_181074>
...
040 (15148591.072.000) 09/26 23:30:42 Finished transferring input files
...
001 (15148591.072.000) 09/26 23:30:43 Job executing on host: <128.142.132.40:9618?addrs=128.142.132.40-9618+[2001-1458-301-5a--100-1c]-9618&alias=b7g12p6726.cern.ch&noUDP&sock=startd_4897_835e>
...
006 (15148591.072.000) 09/26 23:30:52 Image size of job updated: 54532
	52  -  MemoryUsage of job (MB)
	52756  -  ResidentSetSize of job (KB)
...
006 (15148591.072.000) 09/26 23:35:53 Image size of job updated: 984220
	449  -  MemoryUsage of job (MB)
	459568  -  ResidentSetSize of job (KB)
...
006 (15148591.072.000) 09/26 23:40:53 Image size of job updated: 1072808
	449  -  MemoryUsage of job (MB)
	459568  -  ResidentSetSize of job (KB)
...
006 (15148591.072.000) 09/26 23:45:53 Image size of job updated: 3703840
	449  -  MemoryUsage of job (MB)
	459568  -  ResidentSetSize of job (KB)
...
006 (15148591.072.000) 09/26 23:50:54 Image size of job updated: 3944020
	501  -  MemoryUsage of job (MB)
	512820  -  ResidentSetSize of job (KB)
...
006 (15148591.072.000) 09/26 23:55:52 Image size of job updated: 3993264
	501  -  MemoryUsage of job (MB)
	512820  -  ResidentSetSize of job (KB)
...
040 (15148591.072.000) 09/26 23:55:52 Started transferring output files
...
040 (15148591.072.000) 09/26 23:55:52 Finished transferring output files
...
005 (15148591.072.000) 09/26 23:55:52 Job terminated.
	(1) Normal termination (return value 0)
		Usr 0 00:12:51, Sys 0 00:00:20  -  Run Remote Usage
		Usr 0 00:00:00, Sys 0 00:00:00  -  Run Local Usage
		Usr 0 00:12:51, Sys 0 00:00:20  -  Total Remote Usage
		Usr 0 00:00:00, Sys 0 00:00:00  -  Total Local Usage
	79576  -  Run Bytes Sent By Job
	323  -  Run Bytes Received By Job
	79576  -  Total Bytes Sent By Job
	323  -  Total Bytes Received By Job
	Partitionable Resources :    Usage  Request Allocated 
	   Cpus                 :     0.21        1         1 
	   Disk (KB)            :    99           1   1585642 
	   Memory (MB)          :   501        2000      2000 

	Job terminated of its own accord at 2023-09-26T21:55:52Z.
...
