000 (15271413.018.000) 12/18 14:02:22 Job submitted from host: <188.184.90.241:9618?addrs=188.184.90.241-9618+[2001-1458-201-e4--100-2eb]-9618&alias=bigbird15.cern.ch&noUDP&sock=schedd_2763_c443>
...
040 (15271413.018.000) 12/18 14:05:55 Started transferring input files
	Transferring to host: <128.142.60.53:9618?addrs=128.142.60.53-9618+[2001-1458-301-22--100-34]-9618&alias=b9s05p5550.cern.ch&noUDP&sock=slot1_5_126345_3b6b_6344>
...
040 (15271413.018.000) 12/18 14:05:55 Finished transferring input files
...
001 (15271413.018.000) 12/18 14:05:56 Job executing on host: <128.142.60.53:9618?addrs=128.142.60.53-9618+[2001-1458-301-22--100-34]-9618&alias=b9s05p5550.cern.ch&noUDP&sock=startd_113497_1488>
...
006 (15271413.018.000) 12/18 14:06:04 Image size of job updated: 129072
	103  -  MemoryUsage of job (MB)
	104652  -  ResidentSetSize of job (KB)
...
006 (15271413.018.000) 12/18 14:11:04 Image size of job updated: 516052
	504  -  MemoryUsage of job (MB)
	515348  -  ResidentSetSize of job (KB)
...
006 (15271413.018.000) 12/18 14:16:04 Image size of job updated: 878760
	857  -  MemoryUsage of job (MB)
	876984  -  ResidentSetSize of job (KB)
...
006 (15271413.018.000) 12/18 14:20:36 Image size of job updated: 3434984
	857  -  MemoryUsage of job (MB)
	876984  -  ResidentSetSize of job (KB)
...
040 (15271413.018.000) 12/18 14:20:36 Started transferring output files
...
040 (15271413.018.000) 12/18 14:20:36 Finished transferring output files
...
005 (15271413.018.000) 12/18 14:20:36 Job terminated.
	(1) Normal termination (return value 0)
		Usr 0 00:10:00, Sys 0 00:00:08  -  Run Remote Usage
		Usr 0 00:00:00, Sys 0 00:00:00  -  Run Local Usage
		Usr 0 00:10:00, Sys 0 00:00:08  -  Total Remote Usage
		Usr 0 00:00:00, Sys 0 00:00:00  -  Total Local Usage
	207995  -  Run Bytes Sent By Job
	269  -  Run Bytes Received By Job
	207995  -  Total Bytes Sent By Job
	269  -  Total Bytes Received By Job
	Partitionable Resources :    Usage  Request Allocated 
	   Cpus                 :     0.94        1         1 
	   Disk (KB)            :   247           1   3018575 
	   Memory (MB)          :   857        2000      2000 

	Job terminated of its own accord at 2023-12-18T13:20:36Z.
...
