000 (15155243.025.000) 10/07 13:26:29 Job submitted from host: <188.184.90.241:9618?addrs=188.184.90.241-9618+[2001-1458-201-e4--100-2eb]-9618&alias=bigbird15.cern.ch&noUDP&sock=schedd_2763_c443>
...
040 (15155243.025.000) 10/07 13:31:53 Started transferring input files
	Transferring to host: <128.142.132.40:9618?addrs=128.142.132.40-9618+[2001-1458-301-5a--100-1c]-9618&alias=b7g12p6726.cern.ch&noUDP&sock=slot1_12_5569_9d3c_194708>
...
040 (15155243.025.000) 10/07 13:31:53 Finished transferring input files
...
001 (15155243.025.000) 10/07 13:31:54 Job executing on host: <128.142.132.40:9618?addrs=128.142.132.40-9618+[2001-1458-301-5a--100-1c]-9618&alias=b7g12p6726.cern.ch&noUDP&sock=startd_4897_835e>
...
006 (15155243.025.000) 10/07 13:32:03 Image size of job updated: 121092
	52  -  MemoryUsage of job (MB)
	52380  -  ResidentSetSize of job (KB)
...
006 (15155243.025.000) 10/07 13:37:04 Image size of job updated: 822420
	306  -  MemoryUsage of job (MB)
	313060  -  ResidentSetSize of job (KB)
...
006 (15155243.025.000) 10/07 13:42:05 Image size of job updated: 1234272
	707  -  MemoryUsage of job (MB)
	723732  -  ResidentSetSize of job (KB)
...
006 (15155243.025.000) 10/07 13:47:05 Image size of job updated: 1503352
	945  -  MemoryUsage of job (MB)
	967036  -  ResidentSetSize of job (KB)
...
006 (15155243.025.000) 10/07 13:57:06 Image size of job updated: 4186076
	945  -  MemoryUsage of job (MB)
	967036  -  ResidentSetSize of job (KB)
...
006 (15155243.025.000) 10/07 14:02:06 Image size of job updated: 4429816
	945  -  MemoryUsage of job (MB)
	967036  -  ResidentSetSize of job (KB)
...
006 (15155243.025.000) 10/07 14:07:06 Image size of job updated: 4494712
	945  -  MemoryUsage of job (MB)
	967036  -  ResidentSetSize of job (KB)
...
006 (15155243.025.000) 10/07 14:10:16 Image size of job updated: 4512644
	945  -  MemoryUsage of job (MB)
	967036  -  ResidentSetSize of job (KB)
...
040 (15155243.025.000) 10/07 14:10:16 Started transferring output files
...
040 (15155243.025.000) 10/07 14:10:16 Finished transferring output files
...
005 (15155243.025.000) 10/07 14:10:16 Job terminated.
	(1) Normal termination (return value 0)
		Usr 0 00:21:20, Sys 0 00:00:45  -  Run Remote Usage
		Usr 0 00:00:00, Sys 0 00:00:00  -  Run Local Usage
		Usr 0 00:21:20, Sys 0 00:00:45  -  Total Remote Usage
		Usr 0 00:00:00, Sys 0 00:00:00  -  Total Local Usage
	95061  -  Run Bytes Sent By Job
	323  -  Run Bytes Received By Job
	95061  -  Total Bytes Sent By Job
	323  -  Total Bytes Received By Job
	Partitionable Resources :    Usage  Request Allocated 
	   Cpus                 :     0.16        1         1 
	   Disk (KB)            :   114           1   1615657 
	   Memory (MB)          :   945        2000      2000 

	Job terminated of its own accord at 2023-10-07T12:10:16Z.
...
