000 (14807383.008.000) 05/15 18:20:36 Job submitted from host: <188.184.90.241:9618?addrs=188.184.90.241-9618+[2001-1458-201-e4--100-2eb]-9618&alias=bigbird15.cern.ch&noUDP&sock=schedd_3273_9590>
...
040 (14807383.008.000) 05/15 18:34:05 Started transferring input files
	Transferring to host: <128.142.195.54:9618?addrs=128.142.195.54-9618+[2001-1458-301-26--100-36]-9618&alias=b7g31p1733.cern.ch&noUDP&sock=slot1_27_4072_d79f_41379>
...
040 (14807383.008.000) 05/15 18:34:05 Finished transferring input files
...
001 (14807383.008.000) 05/15 18:34:06 Job executing on host: <128.142.195.54:9618?addrs=128.142.195.54-9618+[2001-1458-301-26--100-36]-9618&alias=b7g31p1733.cern.ch&noUDP&sock=startd_2825_4b22>
...
006 (14807383.008.000) 05/15 18:34:15 Image size of job updated: 48268
	47  -  MemoryUsage of job (MB)
	47696  -  ResidentSetSize of job (KB)
...
006 (14807383.008.000) 05/15 18:39:16 Image size of job updated: 1733184
	1168  -  MemoryUsage of job (MB)
	1195052  -  ResidentSetSize of job (KB)
...
006 (14807383.008.000) 05/15 18:49:16 Image size of job updated: 4093128
	1168  -  MemoryUsage of job (MB)
	1195052  -  ResidentSetSize of job (KB)
...
006 (14807383.008.000) 05/15 18:54:17 Image size of job updated: 4387896
	1168  -  MemoryUsage of job (MB)
	1195052  -  ResidentSetSize of job (KB)
...
006 (14807383.008.000) 05/15 18:59:18 Image size of job updated: 4402868
	1168  -  MemoryUsage of job (MB)
	1195052  -  ResidentSetSize of job (KB)
...
006 (14807383.008.000) 05/15 19:02:46 Image size of job updated: 4419788
	1168  -  MemoryUsage of job (MB)
	1195052  -  ResidentSetSize of job (KB)
...
040 (14807383.008.000) 05/15 19:02:46 Started transferring output files
...
040 (14807383.008.000) 05/15 19:02:46 Finished transferring output files
...
005 (14807383.008.000) 05/15 19:02:46 Job terminated.
	(1) Normal termination (return value 0)
		Usr 0 00:08:02, Sys 0 00:00:28  -  Run Remote Usage
		Usr 0 00:00:00, Sys 0 00:00:00  -  Run Local Usage
		Usr 0 00:08:02, Sys 0 00:00:28  -  Total Remote Usage
		Usr 0 00:00:00, Sys 0 00:00:00  -  Total Local Usage
	113902  -  Run Bytes Sent By Job
	323  -  Run Bytes Received By Job
	113902  -  Total Bytes Sent By Job
	323  -  Total Bytes Received By Job
	Partitionable Resources :    Usage  Request Allocated 
	   Cpus                 :     0.14        1         1 
	   Disk (KB)            :   133           1   1247511 
	   Memory (MB)          :  1168        2000      2000 

	Job terminated of its own accord at 2023-05-15T17:02:46Z.
...
