000 (15159766.068.000) 10/09 11:47:56 Job submitted from host: <188.184.90.241:9618?addrs=188.184.90.241-9618+[2001-1458-201-e4--100-2eb]-9618&alias=bigbird15.cern.ch&noUDP&sock=schedd_2763_c443>
...
040 (15159766.068.000) 10/09 14:24:38 Started transferring input files
	Transferring to host: <128.142.56.18:9618?addrs=128.142.56.18-9618&alias=b7s01p4277.cern.ch&noUDP&sock=slot1_25_6670_5e48_87245>
...
040 (15159766.068.000) 10/09 14:24:38 Finished transferring input files
...
001 (15159766.068.000) 10/09 14:24:39 Job executing on host: <128.142.56.18:9618?addrs=128.142.56.18-9618&alias=b7s01p4277.cern.ch&noUDP&sock=startd_5367_e4e1>
...
006 (15159766.068.000) 10/09 14:24:47 Image size of job updated: 123604
	121  -  MemoryUsage of job (MB)
	123604  -  ResidentSetSize of job (KB)
...
006 (15159766.068.000) 10/09 14:28:37 Image size of job updated: 924052
	121  -  MemoryUsage of job (MB)
	123604  -  ResidentSetSize of job (KB)
...
040 (15159766.068.000) 10/09 14:28:37 Started transferring output files
...
040 (15159766.068.000) 10/09 14:28:37 Finished transferring output files
...
005 (15159766.068.000) 10/09 14:28:37 Job terminated.
	(1) Normal termination (return value 0)
		Usr 0 00:00:11, Sys 0 00:00:00  -  Run Remote Usage
		Usr 0 00:00:00, Sys 0 00:00:00  -  Run Local Usage
		Usr 0 00:00:11, Sys 0 00:00:00  -  Total Remote Usage
		Usr 0 00:00:00, Sys 0 00:00:00  -  Total Local Usage
	11648  -  Run Bytes Sent By Job
	374  -  Run Bytes Received By Job
	11648  -  Total Bytes Sent By Job
	374  -  Total Bytes Received By Job
	Partitionable Resources :    Usage  Request Allocated 
	   Cpus                 :                 1         1 
	   Disk (KB)            :       25        1   1323185 
	   Memory (MB)          :      121     2000      2000 

	Job terminated of its own accord at 2023-10-09T12:28:37Z.
...
