000 (14832095.028.000) 06/12 15:17:57 Job submitted from host: <188.184.90.241:9618?addrs=188.184.90.241-9618+[2001-1458-201-e4--100-2eb]-9618&alias=bigbird15.cern.ch&noUDP&sock=schedd_1460210_2ef4>
...
040 (14832095.028.000) 06/12 15:19:44 Started transferring input files
	Transferring to host: <128.142.57.115:9618?addrs=128.142.57.115-9618+[2001-1458-301-7--100-72]-9618&alias=b7s02p3466.cern.ch&noUDP&sock=slot1_17_4233_4805_60677>
...
040 (14832095.028.000) 06/12 15:19:44 Finished transferring input files
...
001 (14832095.028.000) 06/12 15:19:45 Job executing on host: <128.142.57.115:9618?addrs=128.142.57.115-9618+[2001-1458-301-7--100-72]-9618&alias=b7s02p3466.cern.ch&noUDP&sock=startd_3012_8f58>
...
006 (14832095.028.000) 06/12 15:19:53 Image size of job updated: 553968
	47  -  MemoryUsage of job (MB)
	47636  -  ResidentSetSize of job (KB)
...
006 (14832095.028.000) 06/12 15:24:53 Image size of job updated: 1550044
	988  -  MemoryUsage of job (MB)
	1011028  -  ResidentSetSize of job (KB)
...
006 (14832095.028.000) 06/12 15:29:54 Image size of job updated: 2125104
	1551  -  MemoryUsage of job (MB)
	1587348  -  ResidentSetSize of job (KB)
...
006 (14832095.028.000) 06/12 15:44:55 Image size of job updated: 4103392
	1551  -  MemoryUsage of job (MB)
	1587348  -  ResidentSetSize of job (KB)
...
006 (14832095.028.000) 06/12 15:54:55 Image size of job updated: 4154688
	1551  -  MemoryUsage of job (MB)
	1587348  -  ResidentSetSize of job (KB)
...
006 (14832095.028.000) 06/12 15:59:56 Image size of job updated: 4389112
	1551  -  MemoryUsage of job (MB)
	1587348  -  ResidentSetSize of job (KB)
...
006 (14832095.028.000) 06/12 16:04:57 Image size of job updated: 4395800
	1551  -  MemoryUsage of job (MB)
	1587348  -  ResidentSetSize of job (KB)
...
006 (14832095.028.000) 06/12 16:09:57 Image size of job updated: 4455736
	1551  -  MemoryUsage of job (MB)
	1587348  -  ResidentSetSize of job (KB)
...
006 (14832095.028.000) 06/12 16:14:44 Image size of job updated: 4479380
	1551  -  MemoryUsage of job (MB)
	1587348  -  ResidentSetSize of job (KB)
...
040 (14832095.028.000) 06/12 16:14:45 Started transferring output files
...
040 (14832095.028.000) 06/12 16:14:45 Finished transferring output files
...
005 (14832095.028.000) 06/12 16:14:45 Job terminated.
	(1) Normal termination (return value 0)
		Usr 0 00:11:20, Sys 0 00:00:46  -  Run Remote Usage
		Usr 0 00:00:00, Sys 0 00:00:00  -  Run Local Usage
		Usr 0 00:11:20, Sys 0 00:00:46  -  Total Remote Usage
		Usr 0 00:00:00, Sys 0 00:00:00  -  Total Local Usage
	131455  -  Run Bytes Sent By Job
	323  -  Run Bytes Received By Job
	131455  -  Total Bytes Sent By Job
	323  -  Total Bytes Received By Job
	Partitionable Resources :    Usage  Request Allocated 
	   Cpus                 :     0.05        1         1 
	   Disk (KB)            :   150           1   1227707 
	   Memory (MB)          :  1551        2000      2000 

	Job terminated of its own accord at 2023-06-12T14:14:44Z.
...
