000 (14839060.001.000) 06/21 14:44:36 Job submitted from host: <188.184.90.241:9618?addrs=188.184.90.241-9618+[2001-1458-201-e4--100-2eb]-9618&alias=bigbird15.cern.ch&noUDP&sock=schedd_1460210_2ef4>
...
040 (14839060.001.000) 06/21 14:57:07 Started transferring input files
	Transferring to host: <128.142.137.96:9618?addrs=128.142.137.96-9618+[2001-1458-301-5e--100-54]-9618&alias=b7g19p6008.cern.ch&noUDP&sock=slot1_15_6233_7657_68815>
...
040 (14839060.001.000) 06/21 14:57:07 Finished transferring input files
...
001 (14839060.001.000) 06/21 14:57:08 Job executing on host: <128.142.137.96:9618?addrs=128.142.137.96-9618+[2001-1458-301-5e--100-54]-9618&alias=b7g19p6008.cern.ch&noUDP&sock=startd_5142_9012>
...
006 (14839060.001.000) 06/21 14:57:17 Image size of job updated: 554136
	47  -  MemoryUsage of job (MB)
	47656  -  ResidentSetSize of job (KB)
...
006 (14839060.001.000) 06/21 15:02:18 Image size of job updated: 890256
	343  -  MemoryUsage of job (MB)
	350624  -  ResidentSetSize of job (KB)
...
006 (14839060.001.000) 06/21 15:07:18 Image size of job updated: 1065256
	538  -  MemoryUsage of job (MB)
	550580  -  ResidentSetSize of job (KB)
...
006 (14839060.001.000) 06/21 15:12:19 Image size of job updated: 1240256
	733  -  MemoryUsage of job (MB)
	750580  -  ResidentSetSize of job (KB)
...
006 (14839060.001.000) 06/21 15:17:20 Image size of job updated: 1440964
	881  -  MemoryUsage of job (MB)
	901420  -  ResidentSetSize of job (KB)
...
006 (14839060.001.000) 06/21 15:22:20 Image size of job updated: 3989072
	3394  -  MemoryUsage of job (MB)
	3474436  -  ResidentSetSize of job (KB)
...
006 (14839060.001.000) 06/21 15:23:02 Image size of job updated: 4090296
	3394  -  MemoryUsage of job (MB)
	3474436  -  ResidentSetSize of job (KB)
...
040 (14839060.001.000) 06/21 15:23:02 Started transferring output files
...
040 (14839060.001.000) 06/21 15:23:02 Finished transferring output files
...
005 (14839060.001.000) 06/21 15:23:03 Job terminated.
	(1) Normal termination (return value 0)
		Usr 0 00:24:06, Sys 0 00:00:15  -  Run Remote Usage
		Usr 0 00:00:00, Sys 0 00:00:00  -  Run Local Usage
		Usr 0 00:24:06, Sys 0 00:00:15  -  Total Remote Usage
		Usr 0 00:00:00, Sys 0 00:00:00  -  Total Local Usage
	247076  -  Run Bytes Sent By Job
	269  -  Run Bytes Received By Job
	247076  -  Total Bytes Sent By Job
	269  -  Total Bytes Received By Job
	Partitionable Resources :    Usage  Request Allocated 
	   Cpus                 :     1.00        1         1 
	   Disk (KB)            :   262           1   1667423 
	   Memory (MB)          :  3394        2000      2000 

	Job terminated of its own accord at 2023-06-21T13:23:02Z.
...
