000 (15150662.045.000) 09/28 15:49:40 Job submitted from host: <188.184.90.241:9618?addrs=188.184.90.241-9618+[2001-1458-201-e4--100-2eb]-9618&alias=bigbird15.cern.ch&noUDP&sock=schedd_2763_c443>
...
040 (15150662.045.000) 09/28 16:01:02 Started transferring input files
	Transferring to host: <128.142.132.162:9618?addrs=128.142.132.162-9618+[2001-1458-301-5a--100-96]-9618&alias=b7g12p2505.cern.ch&noUDP&sock=slot1_13_4251_f6c6_57643>
...
040 (15150662.045.000) 09/28 16:01:02 Finished transferring input files
...
001 (15150662.045.000) 09/28 16:01:03 Job executing on host: <128.142.132.162:9618?addrs=128.142.132.162-9618+[2001-1458-301-5a--100-96]-9618&alias=b7g12p2505.cern.ch&noUDP&sock=startd_2980_9c50>
...
006 (15150662.045.000) 09/28 16:01:12 Image size of job updated: 624288
	122  -  MemoryUsage of job (MB)
	124668  -  ResidentSetSize of job (KB)
...
006 (15150662.045.000) 09/28 16:03:19 Image size of job updated: 923380
	122  -  MemoryUsage of job (MB)
	124668  -  ResidentSetSize of job (KB)
...
040 (15150662.045.000) 09/28 16:03:19 Started transferring output files
...
040 (15150662.045.000) 09/28 16:03:19 Finished transferring output files
...
005 (15150662.045.000) 09/28 16:03:19 Job terminated.
	(1) Normal termination (return value 0)
		Usr 0 00:00:12, Sys 0 00:00:01  -  Run Remote Usage
		Usr 0 00:00:00, Sys 0 00:00:00  -  Run Local Usage
		Usr 0 00:00:12, Sys 0 00:00:01  -  Total Remote Usage
		Usr 0 00:00:00, Sys 0 00:00:00  -  Total Local Usage
	8398  -  Run Bytes Sent By Job
	374  -  Run Bytes Received By Job
	8398  -  Total Bytes Sent By Job
	374  -  Total Bytes Received By Job
	Partitionable Resources :    Usage  Request Allocated 
	   Cpus                 :                 1         1 
	   Disk (KB)            :       22        1   1619982 
	   Memory (MB)          :      122     2000      2000 

	Job terminated of its own accord at 2023-09-28T14:03:19Z.
...
