000 (15159756.088.000) 10/09 09:27:44 Job submitted from host: <188.184.90.241:9618?addrs=188.184.90.241-9618+[2001-1458-201-e4--100-2eb]-9618&alias=bigbird15.cern.ch&noUDP&sock=schedd_2763_c443>
...
040 (15159756.088.000) 10/09 11:15:12 Started transferring input files
	Transferring to host: <188.184.163.18:9618?addrs=188.184.163.18-9618&alias=b7s12p9577.cern.ch&noUDP&sock=slot1_9_4107_80c0_179702>
...
040 (15159756.088.000) 10/09 11:15:12 Finished transferring input files
...
001 (15159756.088.000) 10/09 11:15:13 Job executing on host: <188.184.163.18:9618?addrs=188.184.163.18-9618&alias=b7s12p9577.cern.ch&noUDP&sock=startd_2989_c8ab>
...
006 (15159756.088.000) 10/09 11:15:22 Image size of job updated: 56644
	52  -  MemoryUsage of job (MB)
	52512  -  ResidentSetSize of job (KB)
...
006 (15159756.088.000) 10/09 11:20:22 Image size of job updated: 890316
	371  -  MemoryUsage of job (MB)
	378964  -  ResidentSetSize of job (KB)
...
006 (15159756.088.000) 10/09 11:25:22 Image size of job updated: 1136152
	611  -  MemoryUsage of job (MB)
	624936  -  ResidentSetSize of job (KB)
...
006 (15159756.088.000) 10/09 11:28:54 Image size of job updated: 3362044
	611  -  MemoryUsage of job (MB)
	624936  -  ResidentSetSize of job (KB)
...
040 (15159756.088.000) 10/09 11:28:54 Started transferring output files
...
040 (15159756.088.000) 10/09 11:28:54 Finished transferring output files
...
005 (15159756.088.000) 10/09 11:28:54 Job terminated.
	(1) Normal termination (return value 0)
		Usr 0 00:11:48, Sys 0 00:00:11  -  Run Remote Usage
		Usr 0 00:00:00, Sys 0 00:00:00  -  Run Local Usage
		Usr 0 00:11:48, Sys 0 00:00:11  -  Total Remote Usage
		Usr 0 00:00:00, Sys 0 00:00:00  -  Total Local Usage
	166425  -  Run Bytes Sent By Job
	269  -  Run Bytes Received By Job
	166425  -  Total Bytes Sent By Job
	269  -  Total Bytes Received By Job
	Partitionable Resources :    Usage  Request Allocated 
	   Cpus                 :     0.99        1         1 
	   Disk (KB)            :   183           1   3042084 
	   Memory (MB)          :   611        2000      2000 

	Job terminated of its own accord at 2023-10-09T09:28:54Z.
...
