000 (14832095.162.000) 06/12 15:17:58 Job submitted from host: <188.184.90.241:9618?addrs=188.184.90.241-9618+[2001-1458-201-e4--100-2eb]-9618&alias=bigbird15.cern.ch&noUDP&sock=schedd_1460210_2ef4>
...
040 (14832095.162.000) 06/12 15:20:31 Started transferring input files
	Transferring to host: <188.184.163.72:9618?addrs=188.184.163.72-9618+[2001-1458-301-4d--100-42]-9618&alias=b7s12p8477.cern.ch&noUDP&sock=slot1_48_4395_6ccc_92246>
...
040 (14832095.162.000) 06/12 15:20:31 Finished transferring input files
...
001 (14832095.162.000) 06/12 15:20:32 Job executing on host: <188.184.163.72:9618?addrs=188.184.163.72-9618+[2001-1458-301-4d--100-42]-9618&alias=b7s12p8477.cern.ch&noUDP&sock=startd_3237_e427>
...
006 (14832095.162.000) 06/12 15:20:40 Image size of job updated: 47676
	47  -  MemoryUsage of job (MB)
	47676  -  ResidentSetSize of job (KB)
...
006 (14832095.162.000) 06/12 15:25:40 Image size of job updated: 1444120
	904  -  MemoryUsage of job (MB)
	925304  -  ResidentSetSize of job (KB)
...
006 (14832095.162.000) 06/12 15:30:41 Image size of job updated: 1670424
	1043  -  MemoryUsage of job (MB)
	1067244  -  ResidentSetSize of job (KB)
...
006 (14832095.162.000) 06/12 15:35:41 Image size of job updated: 1695424
	1043  -  MemoryUsage of job (MB)
	1067244  -  ResidentSetSize of job (KB)
...
006 (14832095.162.000) 06/12 15:45:42 Image size of job updated: 4038272
	1043  -  MemoryUsage of job (MB)
	1067244  -  ResidentSetSize of job (KB)
...
006 (14832095.162.000) 06/12 15:50:43 Image size of job updated: 4086724
	1043  -  MemoryUsage of job (MB)
	1067244  -  ResidentSetSize of job (KB)
...
006 (14832095.162.000) 06/12 15:55:43 Image size of job updated: 4322232
	1043  -  MemoryUsage of job (MB)
	1067244  -  ResidentSetSize of job (KB)
...
006 (14832095.162.000) 06/12 16:00:43 Image size of job updated: 4331752
	1043  -  MemoryUsage of job (MB)
	1067244  -  ResidentSetSize of job (KB)
...
006 (14832095.162.000) 06/12 16:05:44 Image size of job updated: 4393276
	1043  -  MemoryUsage of job (MB)
	1067244  -  ResidentSetSize of job (KB)
...
006 (14832095.162.000) 06/12 16:10:17 Image size of job updated: 4413744
	1043  -  MemoryUsage of job (MB)
	1067244  -  ResidentSetSize of job (KB)
...
040 (14832095.162.000) 06/12 16:10:17 Started transferring output files
...
040 (14832095.162.000) 06/12 16:10:17 Finished transferring output files
...
005 (14832095.162.000) 06/12 16:10:17 Job terminated.
	(1) Normal termination (return value 0)
		Usr 0 00:11:09, Sys 0 00:00:41  -  Run Remote Usage
		Usr 0 00:00:00, Sys 0 00:00:00  -  Run Local Usage
		Usr 0 00:11:09, Sys 0 00:00:41  -  Total Remote Usage
		Usr 0 00:00:00, Sys 0 00:00:00  -  Total Local Usage
	111739  -  Run Bytes Sent By Job
	323  -  Run Bytes Received By Job
	111739  -  Total Bytes Sent By Job
	323  -  Total Bytes Received By Job
	Partitionable Resources :    Usage  Request Allocated 
	   Cpus                 :     0.14        1         1 
	   Disk (KB)            :   130           1   2908588 
	   Memory (MB)          :  1043        2000      2000 

	Job terminated of its own accord at 2023-06-12T14:10:17Z.
...
