000 (15148580.003.000) 09/26 21:47:31 Job submitted from host: <188.184.90.241:9618?addrs=188.184.90.241-9618+[2001-1458-201-e4--100-2eb]-9618&alias=bigbird15.cern.ch&noUDP&sock=schedd_2763_c443>
...
040 (15148580.003.000) 09/26 22:02:55 Started transferring input files
	Transferring to host: <128.142.57.23:9618?addrs=128.142.57.23-9618+[2001-1458-301-7--100-16]-9618&alias=b7s02p0355.cern.ch&noUDP&sock=slot1_27_6145_7553_186935>
...
040 (15148580.003.000) 09/26 22:02:55 Finished transferring input files
...
001 (15148580.003.000) 09/26 22:02:56 Job executing on host: <128.142.57.23:9618?addrs=128.142.57.23-9618+[2001-1458-301-7--100-16]-9618&alias=b7s02p0355.cern.ch&noUDP&sock=startd_5207_25ba>
...
006 (15148580.003.000) 09/26 22:03:05 Image size of job updated: 687360
	61  -  MemoryUsage of job (MB)
	62044  -  ResidentSetSize of job (KB)
...
006 (15148580.003.000) 09/26 22:08:06 Image size of job updated: 1137788
	586  -  MemoryUsage of job (MB)
	599792  -  ResidentSetSize of job (KB)
...
006 (15148580.003.000) 09/26 22:13:07 Image size of job updated: 1516800
	955  -  MemoryUsage of job (MB)
	977544  -  ResidentSetSize of job (KB)
...
006 (15148580.003.000) 09/26 22:18:07 Image size of job updated: 1564664
	955  -  MemoryUsage of job (MB)
	977544  -  ResidentSetSize of job (KB)
...
006 (15148580.003.000) 09/26 22:28:08 Image size of job updated: 4206824
	955  -  MemoryUsage of job (MB)
	977544  -  ResidentSetSize of job (KB)
...
006 (15148580.003.000) 09/26 22:33:08 Image size of job updated: 4449076
	955  -  MemoryUsage of job (MB)
	977544  -  ResidentSetSize of job (KB)
...
006 (15148580.003.000) 09/26 22:38:08 Image size of job updated: 4519808
	955  -  MemoryUsage of job (MB)
	977544  -  ResidentSetSize of job (KB)
...
006 (15148580.003.000) 09/26 22:40:38 Image size of job updated: 4532236
	955  -  MemoryUsage of job (MB)
	977544  -  ResidentSetSize of job (KB)
...
040 (15148580.003.000) 09/26 22:40:38 Started transferring output files
...
040 (15148580.003.000) 09/26 22:40:38 Finished transferring output files
...
005 (15148580.003.000) 09/26 22:40:38 Job terminated.
	(1) Normal termination (return value 0)
		Usr 0 00:17:10, Sys 0 00:00:36  -  Run Remote Usage
		Usr 0 00:00:00, Sys 0 00:00:00  -  Run Local Usage
		Usr 0 00:17:10, Sys 0 00:00:36  -  Total Remote Usage
		Usr 0 00:00:00, Sys 0 00:00:00  -  Total Local Usage
	110877  -  Run Bytes Sent By Job
	323  -  Run Bytes Received By Job
	110877  -  Total Bytes Sent By Job
	323  -  Total Bytes Received By Job
	Partitionable Resources :    Usage  Request Allocated 
	   Cpus                 :     1.00        1         1 
	   Disk (KB)            :   130           1   1254948 
	   Memory (MB)          :   955        2000      2000 

	Job terminated of its own accord at 2023-09-26T20:40:38Z.
...
