000 (15150655.168.000) 09/28 15:00:14 Job submitted from host: <188.184.90.241:9618?addrs=188.184.90.241-9618+[2001-1458-201-e4--100-2eb]-9618&alias=bigbird15.cern.ch&noUDP&sock=schedd_2763_c443>
...
040 (15150655.168.000) 09/28 15:03:37 Started transferring input files
	Transferring to host: <188.184.163.104:9618?addrs=188.184.163.104-9618&alias=b7s12p8333.cern.ch&noUDP&sock=slot1_37_4240_36a5_211681>
...
040 (15150655.168.000) 09/28 15:03:37 Finished transferring input files
...
001 (15150655.168.000) 09/28 15:03:38 Job executing on host: <188.184.163.104:9618?addrs=188.184.163.104-9618&alias=b7s12p8333.cern.ch&noUDP&sock=startd_2867_1a1d>
...
006 (15150655.168.000) 09/28 15:03:48 Image size of job updated: 911368
	121  -  MemoryUsage of job (MB)
	123572  -  ResidentSetSize of job (KB)
...
006 (15150655.168.000) 09/28 15:05:56 Image size of job updated: 922408
	121  -  MemoryUsage of job (MB)
	123572  -  ResidentSetSize of job (KB)
...
040 (15150655.168.000) 09/28 15:05:56 Started transferring output files
...
040 (15150655.168.000) 09/28 15:05:56 Finished transferring output files
...
005 (15150655.168.000) 09/28 15:05:56 Job terminated.
	(1) Normal termination (return value 0)
		Usr 0 00:00:14, Sys 0 00:00:00  -  Run Remote Usage
		Usr 0 00:00:00, Sys 0 00:00:00  -  Run Local Usage
		Usr 0 00:00:14, Sys 0 00:00:00  -  Total Remote Usage
		Usr 0 00:00:00, Sys 0 00:00:00  -  Total Local Usage
	7916  -  Run Bytes Sent By Job
	374  -  Run Bytes Received By Job
	7916  -  Total Bytes Sent By Job
	374  -  Total Bytes Received By Job
	Partitionable Resources :    Usage  Request Allocated 
	   Cpus                 :                 1         1 
	   Disk (KB)            :       21        1   2802918 
	   Memory (MB)          :      121     2000      2000 

	Job terminated of its own accord at 2023-09-28T13:05:56Z.
...
