000 (15159756.079.000) 10/09 09:27:44 Job submitted from host: <188.184.90.241:9618?addrs=188.184.90.241-9618+[2001-1458-201-e4--100-2eb]-9618&alias=bigbird15.cern.ch&noUDP&sock=schedd_2763_c443>
...
040 (15159756.079.000) 10/09 11:15:10 Started transferring input files
	Transferring to host: <188.184.160.42:9618?addrs=188.184.160.42-9618+[2001-1458-301-48--100-24]-9618&alias=b7s09p8636.cern.ch&noUDP&sock=slot1_16_222958_d4a4_105417>
...
040 (15159756.079.000) 10/09 11:15:10 Finished transferring input files
...
001 (15159756.079.000) 10/09 11:15:11 Job executing on host: <188.184.160.42:9618?addrs=188.184.160.42-9618+[2001-1458-301-48--100-24]-9618&alias=b7s09p8636.cern.ch&noUDP&sock=startd_222920_2823>
...
006 (15159756.079.000) 10/09 11:15:20 Image size of job updated: 687076
	53  -  MemoryUsage of job (MB)
	53480  -  ResidentSetSize of job (KB)
...
006 (15159756.079.000) 10/09 11:20:21 Image size of job updated: 907912
	388  -  MemoryUsage of job (MB)
	397132  -  ResidentSetSize of job (KB)
...
006 (15159756.079.000) 10/09 11:25:21 Image size of job updated: 1132912
	632  -  MemoryUsage of job (MB)
	647132  -  ResidentSetSize of job (KB)
...
006 (15159756.079.000) 10/09 11:27:42 Image size of job updated: 3372936
	632  -  MemoryUsage of job (MB)
	647132  -  ResidentSetSize of job (KB)
...
040 (15159756.079.000) 10/09 11:27:42 Started transferring output files
...
040 (15159756.079.000) 10/09 11:27:42 Finished transferring output files
...
005 (15159756.079.000) 10/09 11:27:42 Job terminated.
	(1) Normal termination (return value 0)
		Usr 0 00:10:23, Sys 0 00:00:13  -  Run Remote Usage
		Usr 0 00:00:00, Sys 0 00:00:00  -  Run Local Usage
		Usr 0 00:10:23, Sys 0 00:00:13  -  Total Remote Usage
		Usr 0 00:00:00, Sys 0 00:00:00  -  Total Local Usage
	166904  -  Run Bytes Sent By Job
	269  -  Run Bytes Received By Job
	166904  -  Total Bytes Sent By Job
	269  -  Total Bytes Received By Job
	Partitionable Resources :    Usage  Request Allocated 
	   Cpus                 :     0.99        1         1 
	   Disk (KB)            :   184           1   3066281 
	   Memory (MB)          :   632        2000      2000 

	Job terminated of its own accord at 2023-10-09T09:27:42Z.
...
