000 (15159766.100.000) 10/09 11:47:56 Job submitted from host: <188.184.90.241:9618?addrs=188.184.90.241-9618+[2001-1458-201-e4--100-2eb]-9618&alias=bigbird15.cern.ch&noUDP&sock=schedd_2763_c443>
...
040 (15159766.100.000) 10/09 14:24:49 Started transferring input files
	Transferring to host: <188.184.163.109:9618?addrs=188.184.163.109-9618+[2001-1458-301-4d--100-67]-9618&alias=b7s12p9144.cern.ch&noUDP&sock=slot1_9_22639_f932_135215>
...
040 (15159766.100.000) 10/09 14:24:49 Finished transferring input files
...
001 (15159766.100.000) 10/09 14:24:50 Job executing on host: <188.184.163.109:9618?addrs=188.184.163.109-9618+[2001-1458-301-4d--100-67]-9618&alias=b7s12p9144.cern.ch&noUDP&sock=startd_3264_6936>
...
006 (15159766.100.000) 10/09 14:24:59 Image size of job updated: 911512
	121  -  MemoryUsage of job (MB)
	123680  -  ResidentSetSize of job (KB)
...
006 (15159766.100.000) 10/09 14:28:35 Image size of job updated: 923428
	121  -  MemoryUsage of job (MB)
	123680  -  ResidentSetSize of job (KB)
...
040 (15159766.100.000) 10/09 14:28:35 Started transferring output files
...
040 (15159766.100.000) 10/09 14:28:35 Finished transferring output files
...
005 (15159766.100.000) 10/09 14:28:35 Job terminated.
	(1) Normal termination (return value 0)
		Usr 0 00:00:15, Sys 0 00:00:01  -  Run Remote Usage
		Usr 0 00:00:00, Sys 0 00:00:00  -  Run Local Usage
		Usr 0 00:00:15, Sys 0 00:00:01  -  Total Remote Usage
		Usr 0 00:00:00, Sys 0 00:00:00  -  Total Local Usage
	10746  -  Run Bytes Sent By Job
	374  -  Run Bytes Received By Job
	10746  -  Total Bytes Sent By Job
	374  -  Total Bytes Received By Job
	Partitionable Resources :    Usage  Request Allocated 
	   Cpus                 :                 1         1 
	   Disk (KB)            :       24        1   3059102 
	   Memory (MB)          :      121     2000      2000 

	Job terminated of its own accord at 2023-10-09T12:28:35Z.
...
