000 (15159743.093.000) 10/09 07:56:33 Job submitted from host: <188.184.90.241:9618?addrs=188.184.90.241-9618+[2001-1458-201-e4--100-2eb]-9618&alias=bigbird15.cern.ch&noUDP&sock=schedd_2763_c443>
...
040 (15159743.093.000) 10/09 08:10:05 Started transferring input files
	Transferring to host: <128.142.137.137:9618?addrs=128.142.137.137-9618+[2001-1458-301-5e--100-7d]-9618&alias=b7g19p0638.cern.ch&noUDP&sock=slot1_36_3534_c5c9_145420>
...
040 (15159743.093.000) 10/09 08:10:05 Finished transferring input files
...
001 (15159743.093.000) 10/09 08:10:06 Job executing on host: <128.142.137.137:9618?addrs=128.142.137.137-9618+[2001-1458-301-5e--100-7d]-9618&alias=b7g19p0638.cern.ch&noUDP&sock=startd_2986_b9e2>
...
006 (15159743.093.000) 10/09 08:10:15 Image size of job updated: 76388
	74  -  MemoryUsage of job (MB)
	74760  -  ResidentSetSize of job (KB)
...
006 (15159743.093.000) 10/09 08:15:16 Image size of job updated: 821612
	332  -  MemoryUsage of job (MB)
	339936  -  ResidentSetSize of job (KB)
...
006 (15159743.093.000) 10/09 08:20:17 Image size of job updated: 1048072
	525  -  MemoryUsage of job (MB)
	536748  -  ResidentSetSize of job (KB)
...
006 (15159743.093.000) 10/09 08:24:18 Image size of job updated: 3016360
	525  -  MemoryUsage of job (MB)
	536748  -  ResidentSetSize of job (KB)
...
040 (15159743.093.000) 10/09 08:24:18 Started transferring output files
...
040 (15159743.093.000) 10/09 08:24:18 Finished transferring output files
...
005 (15159743.093.000) 10/09 08:24:18 Job terminated.
	(1) Normal termination (return value 0)
		Usr 0 00:12:18, Sys 0 00:00:13  -  Run Remote Usage
		Usr 0 00:00:00, Sys 0 00:00:00  -  Run Local Usage
		Usr 0 00:12:18, Sys 0 00:00:13  -  Total Remote Usage
		Usr 0 00:00:00, Sys 0 00:00:00  -  Total Local Usage
	154187  -  Run Bytes Sent By Job
	269  -  Run Bytes Received By Job
	154187  -  Total Bytes Sent By Job
	269  -  Total Bytes Received By Job
	Partitionable Resources :    Usage  Request Allocated 
	   Cpus                 :     0.95        1         1 
	   Disk (KB)            :   172           1   1614938 
	   Memory (MB)          :   525        2000      2000 

	Job terminated of its own accord at 2023-10-09T06:24:18Z.
...
