000 (15271413.189.000) 12/18 14:02:23 Job submitted from host: <188.184.90.241:9618?addrs=188.184.90.241-9618+[2001-1458-201-e4--100-2eb]-9618&alias=bigbird15.cern.ch&noUDP&sock=schedd_2763_c443>
...
040 (15271413.189.000) 12/18 14:06:52 Started transferring input files
	Transferring to host: <188.184.165.86:9618?addrs=188.184.165.86-9618+[2001-1458-301-51--100-51]-9618&alias=b9s14p8347.cern.ch&noUDP&sock=slot1_6_10339_82be_27174>
...
040 (15271413.189.000) 12/18 14:06:52 Finished transferring input files
...
001 (15271413.189.000) 12/18 14:06:53 Job executing on host: <188.184.165.86:9618?addrs=188.184.165.86-9618+[2001-1458-301-51--100-51]-9618&alias=b9s14p8347.cern.ch&noUDP&sock=startd_8561_b660>
...
006 (15271413.189.000) 12/18 14:07:01 Image size of job updated: 485124
	445  -  MemoryUsage of job (MB)
	455436  -  ResidentSetSize of job (KB)
...
006 (15271413.189.000) 12/18 14:12:01 Image size of job updated: 846696
	827  -  MemoryUsage of job (MB)
	845908  -  ResidentSetSize of job (KB)
...
006 (15271413.189.000) 12/18 14:17:02 Image size of job updated: 1755004
	1714  -  MemoryUsage of job (MB)
	1755004  -  ResidentSetSize of job (KB)
...
006 (15271413.189.000) 12/18 14:19:39 Image size of job updated: 3207756
	1714  -  MemoryUsage of job (MB)
	1755004  -  ResidentSetSize of job (KB)
...
040 (15271413.189.000) 12/18 14:19:39 Started transferring output files
...
040 (15271413.189.000) 12/18 14:19:39 Finished transferring output files
...
005 (15271413.189.000) 12/18 14:19:39 Job terminated.
	(1) Normal termination (return value 0)
		Usr 0 00:10:56, Sys 0 00:00:07  -  Run Remote Usage
		Usr 0 00:00:00, Sys 0 00:00:00  -  Run Local Usage
		Usr 0 00:10:56, Sys 0 00:00:07  -  Total Remote Usage
		Usr 0 00:00:00, Sys 0 00:00:00  -  Total Local Usage
	166116  -  Run Bytes Sent By Job
	269  -  Run Bytes Received By Job
	166116  -  Total Bytes Sent By Job
	269  -  Total Bytes Received By Job
	Partitionable Resources :    Usage  Request Allocated 
	   Cpus                 :     0.98        1         1 
	   Disk (KB)            :   206           1   3085924 
	   Memory (MB)          :  1714        2000      2000 

	Job terminated of its own accord at 2023-12-18T13:19:39Z.
...
