000 (14832095.144.000) 06/12 15:17:57 Job submitted from host: <188.184.90.241:9618?addrs=188.184.90.241-9618+[2001-1458-201-e4--100-2eb]-9618&alias=bigbird15.cern.ch&noUDP&sock=schedd_1460210_2ef4>
...
040 (14832095.144.000) 06/12 15:20:22 Started transferring input files
	Transferring to host: <188.184.160.150:9618?addrs=188.184.160.150-9618+[2001-1458-301-48--100-90]-9618&alias=b7s09p5770.cern.ch&noUDP&sock=slot1_16_231283_8bd6_79170>
...
040 (14832095.144.000) 06/12 15:20:22 Finished transferring input files
...
001 (14832095.144.000) 06/12 15:20:23 Job executing on host: <188.184.160.150:9618?addrs=188.184.160.150-9618+[2001-1458-301-48--100-90]-9618&alias=b7s09p5770.cern.ch&noUDP&sock=startd_231245_6a12>
...
006 (14832095.144.000) 06/12 15:20:32 Image size of job updated: 222772
	47  -  MemoryUsage of job (MB)
	47620  -  ResidentSetSize of job (KB)
...
006 (14832095.144.000) 06/12 15:25:32 Image size of job updated: 1193952
	115  -  MemoryUsage of job (MB)
	117372  -  ResidentSetSize of job (KB)
...
006 (14832095.144.000) 06/12 15:27:01 Image size of job updated: 1207340
	115  -  MemoryUsage of job (MB)
	117372  -  ResidentSetSize of job (KB)
...
040 (14832095.144.000) 06/12 15:27:01 Started transferring output files
...
040 (14832095.144.000) 06/12 15:27:01 Finished transferring output files
...
005 (14832095.144.000) 06/12 15:27:01 Job terminated.
	(1) Normal termination (return value 0)
		Usr 0 00:02:41, Sys 0 00:00:09  -  Run Remote Usage
		Usr 0 00:00:00, Sys 0 00:00:00  -  Run Local Usage
		Usr 0 00:02:41, Sys 0 00:00:09  -  Total Remote Usage
		Usr 0 00:00:00, Sys 0 00:00:00  -  Total Local Usage
	44413  -  Run Bytes Sent By Job
	323  -  Run Bytes Received By Job
	44413  -  Total Bytes Sent By Job
	323  -  Total Bytes Received By Job
	Partitionable Resources :    Usage  Request Allocated 
	   Cpus                 :     0.59        1         1 
	   Disk (KB)            :    65           1   3162707 
	   Memory (MB)          :   115        2000      2000 

	Job terminated of its own accord at 2023-06-12T13:27:01Z.
...
