000 (15150655.044.000) 09/28 15:00:14 Job submitted from host: <188.184.90.241:9618?addrs=188.184.90.241-9618+[2001-1458-201-e4--100-2eb]-9618&alias=bigbird15.cern.ch&noUDP&sock=schedd_2763_c443>
...
040 (15150655.044.000) 09/28 15:02:55 Started transferring input files
	Transferring to host: <128.142.60.151:9618?addrs=128.142.60.151-9618+[2001-1458-301-22--100-96]-9618&alias=b7s05p1265.cern.ch&noUDP&sock=slot1_37_4040_4b9d_191243>
...
040 (15150655.044.000) 09/28 15:02:55 Finished transferring input files
...
001 (15150655.044.000) 09/28 15:02:56 Job executing on host: <128.142.60.151:9618?addrs=128.142.60.151-9618+[2001-1458-301-22--100-96]-9618&alias=b7s05p1265.cern.ch&noUDP&sock=startd_3010_3028>
...
006 (15150655.044.000) 09/28 15:03:05 Image size of job updated: 912440
	122  -  MemoryUsage of job (MB)
	124552  -  ResidentSetSize of job (KB)
...
006 (15150655.044.000) 09/28 15:08:04 Image size of job updated: 921808
	122  -  MemoryUsage of job (MB)
	124552  -  ResidentSetSize of job (KB)
...
040 (15150655.044.000) 09/28 15:08:04 Started transferring output files
...
040 (15150655.044.000) 09/28 15:08:04 Finished transferring output files
...
005 (15150655.044.000) 09/28 15:08:04 Job terminated.
	(1) Normal termination (return value 0)
		Usr 0 00:00:09, Sys 0 00:00:00  -  Run Remote Usage
		Usr 0 00:00:00, Sys 0 00:00:00  -  Run Local Usage
		Usr 0 00:00:09, Sys 0 00:00:00  -  Total Remote Usage
		Usr 0 00:00:00, Sys 0 00:00:00  -  Total Local Usage
	7785  -  Run Bytes Sent By Job
	374  -  Run Bytes Received By Job
	7785  -  Total Bytes Sent By Job
	374  -  Total Bytes Received By Job
	Partitionable Resources :    Usage  Request Allocated 
	   Cpus                 :                 1         1 
	   Disk (KB)            :       21        1   1226328 
	   Memory (MB)          :      122     2000      2000 

	Job terminated of its own accord at 2023-09-28T13:08:03Z.
...
