000 (14832095.165.000) 06/12 15:17:58 Job submitted from host: <188.184.90.241:9618?addrs=188.184.90.241-9618+[2001-1458-201-e4--100-2eb]-9618&alias=bigbird15.cern.ch&noUDP&sock=schedd_1460210_2ef4>
...
040 (14832095.165.000) 06/12 15:20:31 Started transferring input files
	Transferring to host: <188.184.162.141:9618?addrs=188.184.162.141-9618+[2001-1458-301-4a--100-87]-9618&alias=b7s11p2380.cern.ch&noUDP&sock=slot1_31_123596_501b_91874>
...
040 (14832095.165.000) 06/12 15:20:31 Finished transferring input files
...
001 (14832095.165.000) 06/12 15:20:32 Job executing on host: <188.184.162.141:9618?addrs=188.184.162.141-9618+[2001-1458-301-4a--100-87]-9618&alias=b7s11p2380.cern.ch&noUDP&sock=startd_29150_0dcb>
...
006 (14832095.165.000) 06/12 15:20:40 Image size of job updated: 545364
	47  -  MemoryUsage of job (MB)
	47672  -  ResidentSetSize of job (KB)
...
006 (14832095.165.000) 06/12 15:25:40 Image size of job updated: 1421484
	889  -  MemoryUsage of job (MB)
	910272  -  ResidentSetSize of job (KB)
...
006 (14832095.165.000) 06/12 15:30:41 Image size of job updated: 2243604
	1738  -  MemoryUsage of job (MB)
	1779264  -  ResidentSetSize of job (KB)
...
006 (14832095.165.000) 06/12 15:35:41 Image size of job updated: 2426888
	1819  -  MemoryUsage of job (MB)
	1861660  -  ResidentSetSize of job (KB)
...
006 (14832095.165.000) 06/12 15:40:41 Image size of job updated: 2552996
	1819  -  MemoryUsage of job (MB)
	1861660  -  ResidentSetSize of job (KB)
...
006 (14832095.165.000) 06/12 15:55:43 Image size of job updated: 4068480
	1819  -  MemoryUsage of job (MB)
	1861660  -  ResidentSetSize of job (KB)
...
006 (14832095.165.000) 06/12 16:00:45 Image size of job updated: 4118800
	1819  -  MemoryUsage of job (MB)
	1861660  -  ResidentSetSize of job (KB)
...
006 (14832095.165.000) 06/12 16:05:45 Image size of job updated: 4355688
	1819  -  MemoryUsage of job (MB)
	1861660  -  ResidentSetSize of job (KB)
...
006 (14832095.165.000) 06/12 16:10:45 Image size of job updated: 4378644
	1819  -  MemoryUsage of job (MB)
	1861660  -  ResidentSetSize of job (KB)
...
006 (14832095.165.000) 06/12 16:15:46 Image size of job updated: 4428636
	1819  -  MemoryUsage of job (MB)
	1861660  -  ResidentSetSize of job (KB)
...
006 (14832095.165.000) 06/12 16:19:25 Image size of job updated: 4446184
	1819  -  MemoryUsage of job (MB)
	1861660  -  ResidentSetSize of job (KB)
...
040 (14832095.165.000) 06/12 16:19:25 Started transferring output files
...
040 (14832095.165.000) 06/12 16:19:25 Finished transferring output files
...
005 (14832095.165.000) 06/12 16:19:25 Job terminated.
	(1) Normal termination (return value 0)
		Usr 0 00:17:38, Sys 0 00:01:25  -  Run Remote Usage
		Usr 0 00:00:00, Sys 0 00:00:00  -  Run Local Usage
		Usr 0 00:17:38, Sys 0 00:01:25  -  Total Remote Usage
		Usr 0 00:00:00, Sys 0 00:00:00  -  Total Local Usage
	145496  -  Run Bytes Sent By Job
	323  -  Run Bytes Received By Job
	145496  -  Total Bytes Sent By Job
	323  -  Total Bytes Received By Job
	Partitionable Resources :    Usage  Request Allocated 
	   Cpus                 :     0.17        1         1 
	   Disk (KB)            :   163           1   3112719 
	   Memory (MB)          :  1819        2000      2000 

	Job terminated of its own accord at 2023-06-12T14:19:25Z.
...
