000 (15149098.071.000) 09/27 08:23:39 Job submitted from host: <188.184.90.241:9618?addrs=188.184.90.241-9618+[2001-1458-201-e4--100-2eb]-9618&alias=bigbird15.cern.ch&noUDP&sock=schedd_2763_c443>
...
040 (15149098.071.000) 09/27 08:40:35 Started transferring input files
	Transferring to host: <128.142.61.95:9618?addrs=128.142.61.95-9618+[2001-1458-301-23--100-5e]-9618&alias=b7s06p7589.cern.ch&noUDP&sock=slot1_11_5573_6ebc_7573>
...
040 (15149098.071.000) 09/27 08:40:35 Finished transferring input files
...
001 (15149098.071.000) 09/27 08:40:36 Job executing on host: <128.142.61.95:9618?addrs=128.142.61.95-9618+[2001-1458-301-23--100-5e]-9618&alias=b7s06p7589.cern.ch&noUDP&sock=startd_4736_149f>
...
006 (15149098.071.000) 09/27 08:40:45 Image size of job updated: 638900
	53  -  MemoryUsage of job (MB)
	53320  -  ResidentSetSize of job (KB)
...
006 (15149098.071.000) 09/27 08:45:46 Image size of job updated: 1074084
	63  -  MemoryUsage of job (MB)
	63520  -  ResidentSetSize of job (KB)
...
006 (15149098.071.000) 09/27 08:50:47 Image size of job updated: 3915760
	474  -  MemoryUsage of job (MB)
	485376  -  ResidentSetSize of job (KB)
...
006 (15149098.071.000) 09/27 08:54:12 Image size of job updated: 3992884
	474  -  MemoryUsage of job (MB)
	485376  -  ResidentSetSize of job (KB)
...
040 (15149098.071.000) 09/27 08:54:12 Started transferring output files
...
040 (15149098.071.000) 09/27 08:54:12 Finished transferring output files
...
005 (15149098.071.000) 09/27 08:54:12 Job terminated.
	(1) Normal termination (return value 0)
		Usr 0 00:05:36, Sys 0 00:00:09  -  Run Remote Usage
		Usr 0 00:00:00, Sys 0 00:00:00  -  Run Local Usage
		Usr 0 00:05:36, Sys 0 00:00:09  -  Total Remote Usage
		Usr 0 00:00:00, Sys 0 00:00:00  -  Total Local Usage
	75958  -  Run Bytes Sent By Job
	323  -  Run Bytes Received By Job
	75958  -  Total Bytes Sent By Job
	323  -  Total Bytes Received By Job
	Partitionable Resources :    Usage  Request Allocated 
	   Cpus                 :     0.99        1         1 
	   Disk (KB)            :    95           1   1292622 
	   Memory (MB)          :   474        2000      2000 

	Job terminated of its own accord at 2023-09-27T06:54:12Z.
...
