000 (15151321.112.000) 10/02 14:58:31 Job submitted from host: <188.184.90.241:9618?addrs=188.184.90.241-9618+[2001-1458-201-e4--100-2eb]-9618&alias=bigbird15.cern.ch&noUDP&sock=schedd_2763_c443>
...
040 (15151321.112.000) 10/02 15:17:19 Started transferring input files
	Transferring to host: <128.142.61.131:9618?addrs=128.142.61.131-9618&alias=b7s06p8345.cern.ch&noUDP&sock=slot1_5_4623_1255_8466>
...
040 (15151321.112.000) 10/02 15:17:19 Finished transferring input files
...
001 (15151321.112.000) 10/02 15:17:20 Job executing on host: <128.142.61.131:9618?addrs=128.142.61.131-9618&alias=b7s06p8345.cern.ch&noUDP&sock=startd_3907_749c>
...
006 (15151321.112.000) 10/02 15:17:29 Image size of job updated: 910440
	122  -  MemoryUsage of job (MB)
	123924  -  ResidentSetSize of job (KB)
...
006 (15151321.112.000) 10/02 15:18:53 Image size of job updated: 923012
	122  -  MemoryUsage of job (MB)
	123924  -  ResidentSetSize of job (KB)
...
040 (15151321.112.000) 10/02 15:18:53 Started transferring output files
...
040 (15151321.112.000) 10/02 15:18:53 Finished transferring output files
...
005 (15151321.112.000) 10/02 15:18:53 Job terminated.
	(1) Normal termination (return value 0)
		Usr 0 00:00:10, Sys 0 00:00:00  -  Run Remote Usage
		Usr 0 00:00:00, Sys 0 00:00:00  -  Run Local Usage
		Usr 0 00:00:10, Sys 0 00:00:00  -  Total Remote Usage
		Usr 0 00:00:00, Sys 0 00:00:00  -  Total Local Usage
	7936  -  Run Bytes Sent By Job
	374  -  Run Bytes Received By Job
	7936  -  Total Bytes Sent By Job
	374  -  Total Bytes Received By Job
	Partitionable Resources :    Usage  Request Allocated 
	   Cpus                 :                 1         1 
	   Disk (KB)            :       22        1   1290381 
	   Memory (MB)          :      122     2000      2000 

	Job terminated of its own accord at 2023-10-02T13:18:53Z.
...
