000 (15149098.051.000) 09/27 08:23:39 Job submitted from host: <188.184.90.241:9618?addrs=188.184.90.241-9618+[2001-1458-201-e4--100-2eb]-9618&alias=bigbird15.cern.ch&noUDP&sock=schedd_2763_c443>
...
040 (15149098.051.000) 09/27 08:41:07 Started transferring input files
	Transferring to host: <188.184.163.167:9618?addrs=188.184.163.167-9618+[2001-1458-301-4d--100-a1]-9618&alias=b7s12p2509.cern.ch&noUDP&sock=slot1_14_156519_8b76_133851>
...
040 (15149098.051.000) 09/27 08:41:07 Finished transferring input files
...
001 (15149098.051.000) 09/27 08:41:08 Job executing on host: <188.184.163.167:9618?addrs=188.184.163.167-9618+[2001-1458-301-4d--100-a1]-9618&alias=b7s12p2509.cern.ch&noUDP&sock=startd_265913_c75e>
...
006 (15149098.051.000) 09/27 08:41:17 Image size of job updated: 565224
	52  -  MemoryUsage of job (MB)
	52284  -  ResidentSetSize of job (KB)
...
006 (15149098.051.000) 09/27 08:46:17 Image size of job updated: 1101076
	527  -  MemoryUsage of job (MB)
	539476  -  ResidentSetSize of job (KB)
...
006 (15149098.051.000) 09/27 08:56:18 Image size of job updated: 3844664
	527  -  MemoryUsage of job (MB)
	539476  -  ResidentSetSize of job (KB)
...
006 (15149098.051.000) 09/27 08:59:07 Image size of job updated: 3899876
	527  -  MemoryUsage of job (MB)
	539476  -  ResidentSetSize of job (KB)
...
040 (15149098.051.000) 09/27 08:59:07 Started transferring output files
...
040 (15149098.051.000) 09/27 08:59:07 Finished transferring output files
...
005 (15149098.051.000) 09/27 08:59:07 Job terminated.
	(1) Normal termination (return value 0)
		Usr 0 00:09:41, Sys 0 00:00:17  -  Run Remote Usage
		Usr 0 00:00:00, Sys 0 00:00:00  -  Run Local Usage
		Usr 0 00:09:41, Sys 0 00:00:17  -  Total Remote Usage
		Usr 0 00:00:00, Sys 0 00:00:00  -  Total Local Usage
	80707  -  Run Bytes Sent By Job
	323  -  Run Bytes Received By Job
	80707  -  Total Bytes Sent By Job
	323  -  Total Bytes Received By Job
	Partitionable Resources :    Usage  Request Allocated 
	   Cpus                 :     0.26        1         1 
	   Disk (KB)            :   100           1   3082992 
	   Memory (MB)          :   527        2000      2000 

	Job terminated of its own accord at 2023-09-27T06:59:07Z.
...
