000 (15148591.003.000) 09/26 23:15:32 Job submitted from host: <188.184.90.241:9618?addrs=188.184.90.241-9618+[2001-1458-201-e4--100-2eb]-9618&alias=bigbird15.cern.ch&noUDP&sock=schedd_2763_c443>
...
040 (15148591.003.000) 09/26 23:30:19 Started transferring input files
	Transferring to host: <128.142.60.116:9618?addrs=128.142.60.116-9618+[2001-1458-301-22--100-73]-9618&alias=b7s05p9467.cern.ch&noUDP&sock=slot1_1_23483_a5d4_136084>
...
040 (15148591.003.000) 09/26 23:30:19 Finished transferring input files
...
001 (15148591.003.000) 09/26 23:30:20 Job executing on host: <128.142.60.116:9618?addrs=128.142.60.116-9618+[2001-1458-301-22--100-73]-9618&alias=b7s05p9467.cern.ch&noUDP&sock=startd_23445_e5fd>
...
006 (15148591.003.000) 09/26 23:30:29 Image size of job updated: 581320
	61  -  MemoryUsage of job (MB)
	62048  -  ResidentSetSize of job (KB)
...
006 (15148591.003.000) 09/26 23:35:30 Image size of job updated: 1182676
	639  -  MemoryUsage of job (MB)
	654060  -  ResidentSetSize of job (KB)
...
006 (15148591.003.000) 09/26 23:40:31 Image size of job updated: 1564668
	980  -  MemoryUsage of job (MB)
	1002612  -  ResidentSetSize of job (KB)
...
006 (15148591.003.000) 09/26 23:50:31 Image size of job updated: 4156528
	980  -  MemoryUsage of job (MB)
	1002612  -  ResidentSetSize of job (KB)
...
006 (15148591.003.000) 09/27 00:00:32 Image size of job updated: 4440836
	980  -  MemoryUsage of job (MB)
	1002612  -  ResidentSetSize of job (KB)
...
006 (15148591.003.000) 09/27 00:05:32 Image size of job updated: 4483652
	980  -  MemoryUsage of job (MB)
	1002612  -  ResidentSetSize of job (KB)
...
006 (15148591.003.000) 09/27 00:10:33 Image size of job updated: 4524200
	980  -  MemoryUsage of job (MB)
	1002612  -  ResidentSetSize of job (KB)
...
006 (15148591.003.000) 09/27 00:11:41 Image size of job updated: 4532420
	980  -  MemoryUsage of job (MB)
	1002612  -  ResidentSetSize of job (KB)
...
040 (15148591.003.000) 09/27 00:11:41 Started transferring output files
...
040 (15148591.003.000) 09/27 00:11:41 Finished transferring output files
...
005 (15148591.003.000) 09/27 00:11:41 Job terminated.
	(1) Normal termination (return value 0)
		Usr 0 00:14:08, Sys 0 00:00:34  -  Run Remote Usage
		Usr 0 00:00:00, Sys 0 00:00:00  -  Run Local Usage
		Usr 0 00:14:08, Sys 0 00:00:34  -  Total Remote Usage
		Usr 0 00:00:00, Sys 0 00:00:00  -  Total Local Usage
	111008  -  Run Bytes Sent By Job
	323  -  Run Bytes Received By Job
	111008  -  Total Bytes Sent By Job
	323  -  Total Bytes Received By Job
	Partitionable Resources :    Usage  Request Allocated 
	   Cpus                 :     0.01        1         1 
	   Disk (KB)            :   130           1   1301044 
	   Memory (MB)          :   980        2000      2000 

	Job terminated of its own accord at 2023-09-26T22:11:41Z.
...
