000 (15153696.061.000) 10/03 22:27:19 Job submitted from host: <188.184.90.241:9618?addrs=188.184.90.241-9618+[2001-1458-201-e4--100-2eb]-9618&alias=bigbird15.cern.ch&noUDP&sock=schedd_2763_c443>
...
040 (15153696.061.000) 10/03 22:30:38 Started transferring input files
	Transferring to host: <188.184.162.142:9618?addrs=188.184.162.142-9618+[2001-1458-301-4a--100-88]-9618&alias=b7s11p5218.cern.ch&noUDP&sock=slot1_10_123233_8bec_224816>
...
040 (15153696.061.000) 10/03 22:30:38 Finished transferring input files
...
001 (15153696.061.000) 10/03 22:30:39 Job executing on host: <188.184.162.142:9618?addrs=188.184.162.142-9618+[2001-1458-301-4a--100-88]-9618&alias=b7s11p5218.cern.ch&noUDP&sock=startd_28727_e93b>
...
006 (15153696.061.000) 10/03 22:30:48 Image size of job updated: 910232
	120  -  MemoryUsage of job (MB)
	122648  -  ResidentSetSize of job (KB)
...
006 (15153696.061.000) 10/03 22:35:49 Image size of job updated: 922992
	133  -  MemoryUsage of job (MB)
	135200  -  ResidentSetSize of job (KB)
...
040 (15153696.061.000) 10/03 22:36:23 Started transferring output files
...
040 (15153696.061.000) 10/03 22:36:23 Finished transferring output files
...
005 (15153696.061.000) 10/03 22:36:23 Job terminated.
	(1) Normal termination (return value 0)
		Usr 0 00:00:14, Sys 0 00:00:01  -  Run Remote Usage
		Usr 0 00:00:00, Sys 0 00:00:00  -  Run Local Usage
		Usr 0 00:00:14, Sys 0 00:00:01  -  Total Remote Usage
		Usr 0 00:00:00, Sys 0 00:00:00  -  Total Local Usage
	7985  -  Run Bytes Sent By Job
	374  -  Run Bytes Received By Job
	7985  -  Total Bytes Sent By Job
	374  -  Total Bytes Received By Job
	Partitionable Resources :    Usage  Request Allocated 
	   Cpus                 :     0.04        1         1 
	   Disk (KB)            :    29           1   3005468 
	   Memory (MB)          :   133        2000      2000 

	Job terminated of its own accord at 2023-10-03T20:36:23Z.
...
