000 (15150662.049.000) 09/28 15:49:40 Job submitted from host: <188.184.90.241:9618?addrs=188.184.90.241-9618+[2001-1458-201-e4--100-2eb]-9618&alias=bigbird15.cern.ch&noUDP&sock=schedd_2763_c443>
...
040 (15150662.049.000) 09/28 16:01:04 Started transferring input files
	Transferring to host: <128.142.132.158:9618?addrs=128.142.132.158-9618+[2001-1458-301-5a--100-92]-9618&alias=b7g12p8068.cern.ch&noUDP&sock=slot1_6_7317_3d03_178010>
...
040 (15150662.049.000) 09/28 16:01:04 Finished transferring input files
...
001 (15150662.049.000) 09/28 16:01:05 Job executing on host: <128.142.132.158:9618?addrs=128.142.132.158-9618+[2001-1458-301-5a--100-92]-9618&alias=b7g12p8068.cern.ch&noUDP&sock=startd_5781_dd17>
...
006 (15150662.049.000) 09/28 16:01:13 Image size of job updated: 125136
	121  -  MemoryUsage of job (MB)
	123136  -  ResidentSetSize of job (KB)
...
006 (15150662.049.000) 09/28 16:03:45 Image size of job updated: 920292
	121  -  MemoryUsage of job (MB)
	123136  -  ResidentSetSize of job (KB)
...
040 (15150662.049.000) 09/28 16:03:45 Started transferring output files
...
040 (15150662.049.000) 09/28 16:03:45 Finished transferring output files
...
005 (15150662.049.000) 09/28 16:03:45 Job terminated.
	(1) Normal termination (return value 0)
		Usr 0 00:00:15, Sys 0 00:00:01  -  Run Remote Usage
		Usr 0 00:00:00, Sys 0 00:00:00  -  Run Local Usage
		Usr 0 00:00:15, Sys 0 00:00:01  -  Total Remote Usage
		Usr 0 00:00:00, Sys 0 00:00:00  -  Total Local Usage
	7932  -  Run Bytes Sent By Job
	374  -  Run Bytes Received By Job
	7932  -  Total Bytes Sent By Job
	374  -  Total Bytes Received By Job
	Partitionable Resources :    Usage  Request Allocated 
	   Cpus                 :                 1         1 
	   Disk (KB)            :       22        1   1656840 
	   Memory (MB)          :      121     2000      2000 

	Job terminated of its own accord at 2023-09-28T14:03:45Z.
...
