000 (15151337.029.000) 10/02 16:23:27 Job submitted from host: <188.184.90.241:9618?addrs=188.184.90.241-9618+[2001-1458-201-e4--100-2eb]-9618&alias=bigbird15.cern.ch&noUDP&sock=schedd_2763_c443>
...
040 (15151337.029.000) 10/02 16:27:13 Started transferring input files
	Transferring to host: <128.142.132.181:9618?addrs=128.142.132.181-9618+[2001-1458-301-5a--100-a9]-9618&alias=b7g12p3738.cern.ch&noUDP&sock=slot1_2_4956_b343_182512>
...
040 (15151337.029.000) 10/02 16:27:13 Finished transferring input files
...
001 (15151337.029.000) 10/02 16:27:14 Job executing on host: <128.142.132.181:9618?addrs=128.142.132.181-9618+[2001-1458-301-5a--100-a9]-9618&alias=b7g12p3738.cern.ch&noUDP&sock=startd_4280_4d6f>
...
006 (15151337.029.000) 10/02 16:27:22 Image size of job updated: 53888
	53  -  MemoryUsage of job (MB)
	53356  -  ResidentSetSize of job (KB)
...
006 (15151337.029.000) 10/02 16:32:23 Image size of job updated: 970944
	467  -  MemoryUsage of job (MB)
	477852  -  ResidentSetSize of job (KB)
...
006 (15151337.029.000) 10/02 16:37:24 Image size of job updated: 1133876
	561  -  MemoryUsage of job (MB)
	574148  -  ResidentSetSize of job (KB)
...
006 (15151337.029.000) 10/02 16:42:24 Image size of job updated: 1133888
	561  -  MemoryUsage of job (MB)
	574148  -  ResidentSetSize of job (KB)
...
006 (15151337.029.000) 10/02 16:52:25 Image size of job updated: 3627444
	561  -  MemoryUsage of job (MB)
	574148  -  ResidentSetSize of job (KB)
...
006 (15151337.029.000) 10/02 16:57:26 Image size of job updated: 3651144
	561  -  MemoryUsage of job (MB)
	574148  -  ResidentSetSize of job (KB)
...
006 (15151337.029.000) 10/02 17:02:26 Image size of job updated: 3835340
	561  -  MemoryUsage of job (MB)
	574148  -  ResidentSetSize of job (KB)
...
006 (15151337.029.000) 10/02 17:07:27 Image size of job updated: 3871220
	561  -  MemoryUsage of job (MB)
	574148  -  ResidentSetSize of job (KB)
...
006 (15151337.029.000) 10/02 17:12:28 Image size of job updated: 3874836
	561  -  MemoryUsage of job (MB)
	574148  -  ResidentSetSize of job (KB)
...
006 (15151337.029.000) 10/02 17:17:28 Image size of job updated: 3922328
	561  -  MemoryUsage of job (MB)
	574148  -  ResidentSetSize of job (KB)
...
006 (15151337.029.000) 10/02 17:22:29 Image size of job updated: 3933448
	564  -  MemoryUsage of job (MB)
	577400  -  ResidentSetSize of job (KB)
...
006 (15151337.029.000) 10/02 17:26:29 Image size of job updated: 3948412
	564  -  MemoryUsage of job (MB)
	577400  -  ResidentSetSize of job (KB)
...
040 (15151337.029.000) 10/02 17:26:29 Started transferring output files
...
040 (15151337.029.000) 10/02 17:26:29 Finished transferring output files
...
005 (15151337.029.000) 10/02 17:26:29 Job terminated.
	(1) Normal termination (return value 0)
		Usr 0 00:15:37, Sys 0 00:00:26  -  Run Remote Usage
		Usr 0 00:00:00, Sys 0 00:00:00  -  Run Local Usage
		Usr 0 00:15:37, Sys 0 00:00:26  -  Total Remote Usage
		Usr 0 00:00:00, Sys 0 00:00:00  -  Total Local Usage
	84648  -  Run Bytes Sent By Job
	323  -  Run Bytes Received By Job
	84648  -  Total Bytes Sent By Job
	323  -  Total Bytes Received By Job
	Partitionable Resources :    Usage  Request Allocated 
	   Cpus                 :     0.12        1         1 
	   Disk (KB)            :   104           1   1687483 
	   Memory (MB)          :   564        2000      2000 

	Job terminated of its own accord at 2023-10-02T15:26:29Z.
...
