000 (15159766.151.000) 10/09 11:47:57 Job submitted from host: <188.184.90.241:9618?addrs=188.184.90.241-9618+[2001-1458-201-e4--100-2eb]-9618&alias=bigbird15.cern.ch&noUDP&sock=schedd_2763_c443>
...
040 (15159766.151.000) 10/09 14:25:07 Started transferring input files
	Transferring to host: <128.142.58.57:9618?addrs=128.142.58.57-9618+[2001-1458-301-16--100-38]-9618&alias=b7s03p4795.cern.ch&noUDP&sock=slot1_29_4798_5ffc_204855>
...
040 (15159766.151.000) 10/09 14:25:07 Finished transferring input files
...
001 (15159766.151.000) 10/09 14:25:08 Job executing on host: <128.142.58.57:9618?addrs=128.142.58.57-9618+[2001-1458-301-16--100-38]-9618&alias=b7s03p4795.cern.ch&noUDP&sock=startd_4082_7dae>
...
006 (15159766.151.000) 10/09 14:25:17 Image size of job updated: 910000
	121  -  MemoryUsage of job (MB)
	123640  -  ResidentSetSize of job (KB)
...
006 (15159766.151.000) 10/09 14:30:17 Image size of job updated: 923088
	133  -  MemoryUsage of job (MB)
	135216  -  ResidentSetSize of job (KB)
...
006 (15159766.151.000) 10/09 14:31:27 Image size of job updated: 923120
	133  -  MemoryUsage of job (MB)
	135216  -  ResidentSetSize of job (KB)
...
040 (15159766.151.000) 10/09 14:31:27 Started transferring output files
...
040 (15159766.151.000) 10/09 14:31:27 Finished transferring output files
...
005 (15159766.151.000) 10/09 14:31:27 Job terminated.
	(1) Normal termination (return value 0)
		Usr 0 00:00:11, Sys 0 00:00:01  -  Run Remote Usage
		Usr 0 00:00:00, Sys 0 00:00:00  -  Run Local Usage
		Usr 0 00:00:11, Sys 0 00:00:01  -  Total Remote Usage
		Usr 0 00:00:00, Sys 0 00:00:00  -  Total Local Usage
	7933  -  Run Bytes Sent By Job
	374  -  Run Bytes Received By Job
	7933  -  Total Bytes Sent By Job
	374  -  Total Bytes Received By Job
	Partitionable Resources :    Usage  Request Allocated 
	   Cpus                 :                 1         1 
	   Disk (KB)            :       22        1   1271357 
	   Memory (MB)          :      133     2000      2000 

	Job terminated of its own accord at 2023-10-09T12:31:27Z.
...
