000 (14832095.009.000) 06/12 15:17:57 Job submitted from host: <188.184.90.241:9618?addrs=188.184.90.241-9618+[2001-1458-201-e4--100-2eb]-9618&alias=bigbird15.cern.ch&noUDP&sock=schedd_1460210_2ef4>
...
040 (14832095.009.000) 06/12 15:19:38 Started transferring input files
	Transferring to host: <128.142.60.48:9618?addrs=128.142.60.48-9618+[2001-1458-301-22--100-2f]-9618&alias=b7s05p3499.cern.ch&noUDP&sock=slot1_11_4584_97b3_56419>
...
040 (14832095.009.000) 06/12 15:19:38 Finished transferring input files
...
001 (14832095.009.000) 06/12 15:19:39 Job executing on host: <128.142.60.48:9618?addrs=128.142.60.48-9618+[2001-1458-301-22--100-2f]-9618&alias=b7s05p3499.cern.ch&noUDP&sock=startd_3113_d669>
...
006 (14832095.009.000) 06/12 15:19:48 Image size of job updated: 554136
	47  -  MemoryUsage of job (MB)
	47692  -  ResidentSetSize of job (KB)
...
006 (14832095.009.000) 06/12 15:24:49 Image size of job updated: 1545804
	984  -  MemoryUsage of job (MB)
	1007348  -  ResidentSetSize of job (KB)
...
006 (14832095.009.000) 06/12 15:39:51 Image size of job updated: 4031056
	984  -  MemoryUsage of job (MB)
	1007348  -  ResidentSetSize of job (KB)
...
006 (14832095.009.000) 06/12 15:44:51 Image size of job updated: 4080296
	984  -  MemoryUsage of job (MB)
	1007348  -  ResidentSetSize of job (KB)
...
006 (14832095.009.000) 06/12 15:49:51 Image size of job updated: 4313548
	984  -  MemoryUsage of job (MB)
	1007348  -  ResidentSetSize of job (KB)
...
006 (14832095.009.000) 06/12 15:54:52 Image size of job updated: 4319668
	984  -  MemoryUsage of job (MB)
	1007348  -  ResidentSetSize of job (KB)
...
006 (14832095.009.000) 06/12 15:59:52 Image size of job updated: 4381148
	984  -  MemoryUsage of job (MB)
	1007348  -  ResidentSetSize of job (KB)
...
006 (14832095.009.000) 06/12 16:04:52 Image size of job updated: 4397324
	984  -  MemoryUsage of job (MB)
	1007348  -  ResidentSetSize of job (KB)
...
006 (14832095.009.000) 06/12 16:06:41 Image size of job updated: 4406736
	984  -  MemoryUsage of job (MB)
	1007348  -  ResidentSetSize of job (KB)
...
040 (14832095.009.000) 06/12 16:06:41 Started transferring output files
...
040 (14832095.009.000) 06/12 16:06:41 Finished transferring output files
...
005 (14832095.009.000) 06/12 16:06:41 Job terminated.
	(1) Normal termination (return value 0)
		Usr 0 00:07:27, Sys 0 00:00:27  -  Run Remote Usage
		Usr 0 00:00:00, Sys 0 00:00:00  -  Run Local Usage
		Usr 0 00:07:27, Sys 0 00:00:27  -  Total Remote Usage
		Usr 0 00:00:00, Sys 0 00:00:00  -  Total Local Usage
	106144  -  Run Bytes Sent By Job
	323  -  Run Bytes Received By Job
	106144  -  Total Bytes Sent By Job
	323  -  Total Bytes Received By Job
	Partitionable Resources :    Usage  Request Allocated 
	   Cpus                 :     0.10        1         1 
	   Disk (KB)            :   125           1   1208397 
	   Memory (MB)          :   984        2000      2000 

	Job terminated of its own accord at 2023-06-12T14:06:41Z.
...
