000 (14759904.007.000) 03/28 14:31:39 Job submitted from host: <188.184.90.241:9618?addrs=188.184.90.241-9618+[2001-1458-201-e4--100-2eb]-9618&alias=bigbird15.cern.ch&noUDP&sock=schedd_3631588_e24a>
...
040 (14759904.007.000) 03/28 16:10:51 Started transferring input files
	Transferring to host: <128.142.61.113:9618?addrs=128.142.61.113-9618&alias=b7s06p7072.cern.ch&noUDP&sock=slot1_32_41625_53f6_63930>
...
040 (14759904.007.000) 03/28 16:10:51 Finished transferring input files
...
001 (14759904.007.000) 03/28 16:10:52 Job executing on host: <128.142.61.113:9618?addrs=128.142.61.113-9618&alias=b7s06p7072.cern.ch&noUDP&sock=startd_3842_def4>
...
006 (14759904.007.000) 03/28 16:11:00 Image size of job updated: 548452
	47  -  MemoryUsage of job (MB)
	47768  -  ResidentSetSize of job (KB)
...
006 (14759904.007.000) 03/28 16:12:42 Image size of job updated: 2792600
	47  -  MemoryUsage of job (MB)
	47768  -  ResidentSetSize of job (KB)
...
040 (14759904.007.000) 03/28 16:12:42 Started transferring output files
...
040 (14759904.007.000) 03/28 16:12:42 Finished transferring output files
...
005 (14759904.007.000) 03/28 16:12:42 Job terminated.
	(1) Normal termination (return value 0)
		Usr 0 00:00:47, Sys 0 00:00:02  -  Run Remote Usage
		Usr 0 00:00:00, Sys 0 00:00:00  -  Run Local Usage
		Usr 0 00:00:47, Sys 0 00:00:02  -  Total Remote Usage
		Usr 0 00:00:00, Sys 0 00:00:00  -  Total Local Usage
	124858  -  Run Bytes Sent By Job
	269  -  Run Bytes Received By Job
	124858  -  Total Bytes Sent By Job
	269  -  Total Bytes Received By Job
	Partitionable Resources :    Usage  Request Allocated 
	   Cpus                 :                 1         1 
	   Disk (KB)            :      135        1   1353814 
	   Memory (MB)          :       47     2000      2000 

	Job terminated of its own accord at 2023-03-28T14:12:42Z.
...
