000 (14808124.047.000) 05/19 04:24:07 Job submitted from host: <188.184.90.241:9618?addrs=188.184.90.241-9618+[2001-1458-201-e4--100-2eb]-9618&alias=bigbird15.cern.ch&noUDP&sock=schedd_3273_9590>
...
040 (14808124.047.000) 05/19 04:36:07 Started transferring input files
	Transferring to host: <128.142.195.45:9618?addrs=128.142.195.45-9618+[2001-1458-301-26--100-2d]-9618&alias=b7g31p0105.cern.ch&noUDP&sock=slot1_12_8663_9df9_34477>
...
040 (14808124.047.000) 05/19 04:36:07 Finished transferring input files
...
001 (14808124.047.000) 05/19 04:36:08 Job executing on host: <128.142.195.45:9618?addrs=128.142.195.45-9618+[2001-1458-301-26--100-2d]-9618&alias=b7g31p0105.cern.ch&noUDP&sock=startd_6667_9600>
...
006 (14808124.047.000) 05/19 04:36:16 Image size of job updated: 554136
	47  -  MemoryUsage of job (MB)
	47672  -  ResidentSetSize of job (KB)
...
006 (14808124.047.000) 05/19 04:41:16 Image size of job updated: 4724892
	4005  -  MemoryUsage of job (MB)
	4100760  -  ResidentSetSize of job (KB)
...
006 (14808124.047.000) 05/19 04:41:53 Image size of job updated: 4725492
	4005  -  MemoryUsage of job (MB)
	4100760  -  ResidentSetSize of job (KB)
...
040 (14808124.047.000) 05/19 04:41:53 Started transferring output files
...
040 (14808124.047.000) 05/19 04:41:53 Finished transferring output files
...
005 (14808124.047.000) 05/19 04:41:53 Job terminated.
	(1) Normal termination (return value 0)
		Usr 0 00:03:37, Sys 0 00:00:08  -  Run Remote Usage
		Usr 0 00:00:00, Sys 0 00:00:00  -  Run Local Usage
		Usr 0 00:03:37, Sys 0 00:00:08  -  Total Remote Usage
		Usr 0 00:00:00, Sys 0 00:00:00  -  Total Local Usage
	377951  -  Run Bytes Sent By Job
	269  -  Run Bytes Received By Job
	377951  -  Total Bytes Sent By Job
	269  -  Total Bytes Received By Job
	Partitionable Resources :    Usage  Request Allocated 
	   Cpus                 :     0.81        1         1 
	   Disk (KB)            :   390           1   1336256 
	   Memory (MB)          :  4005        2000      2000 

	Job terminated of its own accord at 2023-05-19T02:41:53Z.
...
