000 (15150662.001.000) 09/28 15:49:40 Job submitted from host: <188.184.90.241:9618?addrs=188.184.90.241-9618+[2001-1458-201-e4--100-2eb]-9618&alias=bigbird15.cern.ch&noUDP&sock=schedd_2763_c443>
...
040 (15150662.001.000) 09/28 16:00:48 Started transferring input files
	Transferring to host: <128.142.57.106:9618?addrs=128.142.57.106-9618+[2001-1458-301-7--100-69]-9618&alias=b7s02p8011.cern.ch&noUDP&sock=slot1_5_56933_32e4_98686>
...
040 (15150662.001.000) 09/28 16:00:48 Finished transferring input files
...
001 (15150662.001.000) 09/28 16:00:49 Job executing on host: <128.142.57.106:9618?addrs=128.142.57.106-9618+[2001-1458-301-7--100-69]-9618&alias=b7s02p8011.cern.ch&noUDP&sock=startd_29464_6e88>
...
006 (15150662.001.000) 09/28 16:00:57 Image size of job updated: 912648
	122  -  MemoryUsage of job (MB)
	124868  -  ResidentSetSize of job (KB)
...
006 (15150662.001.000) 09/28 16:03:41 Image size of job updated: 925776
	122  -  MemoryUsage of job (MB)
	124868  -  ResidentSetSize of job (KB)
...
040 (15150662.001.000) 09/28 16:03:41 Started transferring output files
...
040 (15150662.001.000) 09/28 16:03:41 Finished transferring output files
...
005 (15150662.001.000) 09/28 16:03:41 Job terminated.
	(1) Normal termination (return value 0)
		Usr 0 00:00:14, Sys 0 00:00:01  -  Run Remote Usage
		Usr 0 00:00:00, Sys 0 00:00:00  -  Run Local Usage
		Usr 0 00:00:14, Sys 0 00:00:01  -  Total Remote Usage
		Usr 0 00:00:00, Sys 0 00:00:00  -  Total Local Usage
	8137  -  Run Bytes Sent By Job
	374  -  Run Bytes Received By Job
	8137  -  Total Bytes Sent By Job
	374  -  Total Bytes Received By Job
	Partitionable Resources :    Usage  Request Allocated 
	   Cpus                 :        0        1         1 
	   Disk (KB)            :       29        1   2858941 
	   Memory (MB)          :      122     2000      2000 

	Job terminated of its own accord at 2023-09-28T14:03:41Z.
...
