000 (14832095.077.000) 06/12 15:17:57 Job submitted from host: <188.184.90.241:9618?addrs=188.184.90.241-9618+[2001-1458-201-e4--100-2eb]-9618&alias=bigbird15.cern.ch&noUDP&sock=schedd_1460210_2ef4>
...
040 (14832095.077.000) 06/12 15:20:00 Started transferring input files
	Transferring to host: <128.142.248.105:9618?addrs=128.142.248.105-9618+[2001-1458-301-73--100-159]-9618&alias=b7g23p1831.cern.ch&noUDP&sock=slot1_1_16984_83ac_87529>
...
040 (14832095.077.000) 06/12 15:20:00 Finished transferring input files
...
001 (14832095.077.000) 06/12 15:20:01 Job executing on host: <128.142.248.105:9618?addrs=128.142.248.105-9618+[2001-1458-301-73--100-159]-9618&alias=b7g23p1831.cern.ch&noUDP&sock=startd_16915_dc8e>
...
006 (14832095.077.000) 06/12 15:20:10 Image size of job updated: 47696
	47  -  MemoryUsage of job (MB)
	47696  -  ResidentSetSize of job (KB)
...
006 (14832095.077.000) 06/12 15:25:11 Image size of job updated: 1515144
	1003  -  MemoryUsage of job (MB)
	1026924  -  ResidentSetSize of job (KB)
...
006 (14832095.077.000) 06/12 15:30:11 Image size of job updated: 1915200
	1345  -  MemoryUsage of job (MB)
	1377120  -  ResidentSetSize of job (KB)
...
006 (14832095.077.000) 06/12 15:40:13 Image size of job updated: 4039632
	1345  -  MemoryUsage of job (MB)
	1377120  -  ResidentSetSize of job (KB)
...
006 (14832095.077.000) 06/12 15:45:13 Image size of job updated: 4041228
	1345  -  MemoryUsage of job (MB)
	1377120  -  ResidentSetSize of job (KB)
...
006 (14832095.077.000) 06/12 15:50:13 Image size of job updated: 4092644
	1345  -  MemoryUsage of job (MB)
	1377120  -  ResidentSetSize of job (KB)
...
006 (14832095.077.000) 06/12 15:55:14 Image size of job updated: 4328500
	1345  -  MemoryUsage of job (MB)
	1377120  -  ResidentSetSize of job (KB)
...
006 (14832095.077.000) 06/12 16:00:15 Image size of job updated: 4387480
	1345  -  MemoryUsage of job (MB)
	1377120  -  ResidentSetSize of job (KB)
...
006 (14832095.077.000) 06/12 16:05:15 Image size of job updated: 4406484
	1345  -  MemoryUsage of job (MB)
	1377120  -  ResidentSetSize of job (KB)
...
006 (14832095.077.000) 06/12 16:06:50 Image size of job updated: 4417168
	1345  -  MemoryUsage of job (MB)
	1377120  -  ResidentSetSize of job (KB)
...
040 (14832095.077.000) 06/12 16:06:50 Started transferring output files
...
040 (14832095.077.000) 06/12 16:06:50 Finished transferring output files
...
005 (14832095.077.000) 06/12 16:06:51 Job terminated.
	(1) Normal termination (return value 0)
		Usr 0 00:12:58, Sys 0 00:00:47  -  Run Remote Usage
		Usr 0 00:00:00, Sys 0 00:00:00  -  Run Local Usage
		Usr 0 00:12:58, Sys 0 00:00:47  -  Total Remote Usage
		Usr 0 00:00:00, Sys 0 00:00:00  -  Total Local Usage
	121505  -  Run Bytes Sent By Job
	323  -  Run Bytes Received By Job
	121505  -  Total Bytes Sent By Job
	323  -  Total Bytes Received By Job
	Partitionable Resources :    Usage  Request Allocated 
	   Cpus                 :     0.06        1         1 
	   Disk (KB)            :   140           1   3072151 
	   Memory (MB)          :  1345        2000      2000 

	Job terminated of its own accord at 2023-06-12T14:06:50Z.
...
