000 (15153696.110.000) 10/03 22:27:19 Job submitted from host: <188.184.90.241:9618?addrs=188.184.90.241-9618+[2001-1458-201-e4--100-2eb]-9618&alias=bigbird15.cern.ch&noUDP&sock=schedd_2763_c443>
...
040 (15153696.110.000) 10/03 22:30:55 Started transferring input files
	Transferring to host: <128.142.61.44:9618?addrs=128.142.61.44-9618+[2001-1458-301-23--100-2b]-9618&alias=b7s06p0363.cern.ch&noUDP&sock=slot1_14_4231_df45_205266>
...
040 (15153696.110.000) 10/03 22:30:55 Finished transferring input files
...
001 (15153696.110.000) 10/03 22:30:56 Job executing on host: <128.142.61.44:9618?addrs=128.142.61.44-9618+[2001-1458-301-23--100-2b]-9618&alias=b7s06p0363.cern.ch&noUDP&sock=startd_2953_1742>
...
006 (15153696.110.000) 10/03 22:31:05 Image size of job updated: 908680
	118  -  MemoryUsage of job (MB)
	120720  -  ResidentSetSize of job (KB)
...
006 (15153696.110.000) 10/03 22:33:33 Image size of job updated: 917596
	118  -  MemoryUsage of job (MB)
	120720  -  ResidentSetSize of job (KB)
...
040 (15153696.110.000) 10/03 22:33:33 Started transferring output files
...
040 (15153696.110.000) 10/03 22:33:33 Finished transferring output files
...
005 (15153696.110.000) 10/03 22:33:33 Job terminated.
	(1) Normal termination (return value 0)
		Usr 0 00:00:08, Sys 0 00:00:00  -  Run Remote Usage
		Usr 0 00:00:00, Sys 0 00:00:00  -  Run Local Usage
		Usr 0 00:00:08, Sys 0 00:00:00  -  Total Remote Usage
		Usr 0 00:00:00, Sys 0 00:00:00  -  Total Local Usage
	7926  -  Run Bytes Sent By Job
	374  -  Run Bytes Received By Job
	7926  -  Total Bytes Sent By Job
	374  -  Total Bytes Received By Job
	Partitionable Resources :    Usage  Request Allocated 
	   Cpus                 :        0        1         1 
	   Disk (KB)            :       29        1   1178685 
	   Memory (MB)          :      118     2000      2000 

	Job terminated of its own accord at 2023-10-03T20:33:33Z.
...
