000 (14832095.141.000) 06/12 15:17:57 Job submitted from host: <188.184.90.241:9618?addrs=188.184.90.241-9618+[2001-1458-201-e4--100-2eb]-9618&alias=bigbird15.cern.ch&noUDP&sock=schedd_1460210_2ef4>
...
040 (14832095.141.000) 06/12 15:20:21 Started transferring input files
	Transferring to host: <188.184.163.145:9618?addrs=188.184.163.145-9618&alias=b7s12p3939.cern.ch&noUDP&sock=slot1_22_3362_9542_116034>
...
040 (14832095.141.000) 06/12 15:20:21 Finished transferring input files
...
001 (14832095.141.000) 06/12 15:20:22 Job executing on host: <188.184.163.145:9618?addrs=188.184.163.145-9618&alias=b7s12p3939.cern.ch&noUDP&sock=startd_2924_3303>
...
006 (14832095.141.000) 06/12 15:20:31 Image size of job updated: 538892
	47  -  MemoryUsage of job (MB)
	47612  -  ResidentSetSize of job (KB)
...
006 (14832095.141.000) 06/12 15:25:32 Image size of job updated: 1156680
	83  -  MemoryUsage of job (MB)
	84496  -  ResidentSetSize of job (KB)
...
006 (14832095.141.000) 06/12 15:26:52 Image size of job updated: 1209424
	86  -  MemoryUsage of job (MB)
	87084  -  ResidentSetSize of job (KB)
...
040 (14832095.141.000) 06/12 15:26:52 Started transferring output files
...
040 (14832095.141.000) 06/12 15:26:52 Finished transferring output files
...
005 (14832095.141.000) 06/12 15:26:52 Job terminated.
	(1) Normal termination (return value 0)
		Usr 0 00:03:12, Sys 0 00:00:11  -  Run Remote Usage
		Usr 0 00:00:00, Sys 0 00:00:00  -  Run Local Usage
		Usr 0 00:03:12, Sys 0 00:00:11  -  Total Remote Usage
		Usr 0 00:00:00, Sys 0 00:00:00  -  Total Local Usage
	46095  -  Run Bytes Sent By Job
	323  -  Run Bytes Received By Job
	46095  -  Total Bytes Sent By Job
	323  -  Total Bytes Received By Job
	Partitionable Resources :    Usage  Request Allocated 
	   Cpus                 :     0.09        1         1 
	   Disk (KB)            :    65           1   2964585 
	   Memory (MB)          :    86        2000      2000 

	Job terminated of its own accord at 2023-06-12T13:26:52Z.
...
