000 (15149098.035.000) 09/27 08:23:39 Job submitted from host: <188.184.90.241:9618?addrs=188.184.90.241-9618+[2001-1458-201-e4--100-2eb]-9618&alias=bigbird15.cern.ch&noUDP&sock=schedd_2763_c443>
...
022 (15149098.035.000) 09/27 08:37:05 Job disconnected, attempting to reconnect
    Socket between submit and execute hosts closed unexpectedly
    Trying to reconnect to slot1_30@b7s11p8469.cern.ch <188.184.162.172:9618?addrs=188.184.162.172-9618+[2001-1458-301-4a--100-a6]-9618&alias=b7s11p8469.cern.ch&noUDP&sock=startd_183307_ef03>
...
024 (15149098.035.000) 09/27 08:37:14 Job reconnection failed
    Job not found at execution machine
    Can not reconnect to slot1_30@b7s11p8469.cern.ch, rescheduling job
...
040 (15149098.035.000) 09/27 08:46:58 Started transferring input files
	Transferring to host: <188.184.163.173:9618?addrs=188.184.163.173-9618+[2001-1458-301-4d--100-a7]-9618&alias=b7s12p3779.cern.ch&noUDP&sock=slot1_18_183815_0bcc_155169>
...
040 (15149098.035.000) 09/27 08:46:58 Finished transferring input files
...
001 (15149098.035.000) 09/27 08:46:59 Job executing on host: <188.184.163.173:9618?addrs=188.184.163.173-9618+[2001-1458-301-4d--100-a7]-9618&alias=b7s12p3779.cern.ch&noUDP&sock=startd_3363_5116>
...
006 (15149098.035.000) 09/27 08:47:04 Image size of job updated: 1
	0  -  MemoryUsage of job (MB)
	0  -  ResidentSetSize of job (KB)
...
040 (15149098.035.000) 09/27 08:47:04 Started transferring output files
...
040 (15149098.035.000) 09/27 08:47:04 Finished transferring output files
...
005 (15149098.035.000) 09/27 08:47:04 Job terminated.
	(1) Normal termination (return value 0)
		Usr 0 00:00:03, Sys 0 00:00:00  -  Run Remote Usage
		Usr 0 00:00:00, Sys 0 00:00:00  -  Run Local Usage
		Usr 0 00:00:03, Sys 0 00:00:00  -  Total Remote Usage
		Usr 0 00:00:00, Sys 0 00:00:00  -  Total Local Usage
	25689  -  Run Bytes Sent By Job
	323  -  Run Bytes Received By Job
	25689  -  Total Bytes Sent By Job
	323  -  Total Bytes Received By Job
	Partitionable Resources :    Usage  Request Allocated 
	   Cpus                 :                 1         1 
	   Disk (KB)            :       40        1   3084864 
	   Memory (MB)          :        0     2000      2000 

	Job terminated of its own accord at 2023-09-27T06:47:04Z.
...
