000 (15149098.083.000) 09/27 08:23:39 Job submitted from host: <188.184.90.241:9618?addrs=188.184.90.241-9618+[2001-1458-201-e4--100-2eb]-9618&alias=bigbird15.cern.ch&noUDP&sock=schedd_2763_c443>
...
040 (15149098.083.000) 09/27 08:40:36 Started transferring input files
	Transferring to host: <128.142.61.151:9618?addrs=128.142.61.151-9618+[2001-1458-301-23--100-96]-9618&alias=b7s06p7731.cern.ch&noUDP&sock=slot1_17_38505_0177_49873>
...
040 (15149098.083.000) 09/27 08:40:36 Finished transferring input files
...
001 (15149098.083.000) 09/27 08:40:37 Job executing on host: <128.142.61.151:9618?addrs=128.142.61.151-9618+[2001-1458-301-23--100-96]-9618&alias=b7s06p7731.cern.ch&noUDP&sock=startd_38466_0e15>
...
006 (15149098.083.000) 09/27 08:40:46 Image size of job updated: 53288
	53  -  MemoryUsage of job (MB)
	53288  -  ResidentSetSize of job (KB)
...
006 (15149098.083.000) 09/27 08:45:47 Image size of job updated: 1131360
	609  -  MemoryUsage of job (MB)
	622744  -  ResidentSetSize of job (KB)
...
006 (15149098.083.000) 09/27 08:50:47 Image size of job updated: 1222968
	609  -  MemoryUsage of job (MB)
	622744  -  ResidentSetSize of job (KB)
...
006 (15149098.083.000) 09/27 08:55:47 Image size of job updated: 3894140
	609  -  MemoryUsage of job (MB)
	622744  -  ResidentSetSize of job (KB)
...
006 (15149098.083.000) 09/27 08:59:27 Image size of job updated: 3970392
	609  -  MemoryUsage of job (MB)
	622744  -  ResidentSetSize of job (KB)
...
040 (15149098.083.000) 09/27 08:59:27 Started transferring output files
...
040 (15149098.083.000) 09/27 08:59:27 Finished transferring output files
...
005 (15149098.083.000) 09/27 08:59:27 Job terminated.
	(1) Normal termination (return value 0)
		Usr 0 00:10:07, Sys 0 00:00:19  -  Run Remote Usage
		Usr 0 00:00:00, Sys 0 00:00:00  -  Run Local Usage
		Usr 0 00:10:07, Sys 0 00:00:19  -  Total Remote Usage
		Usr 0 00:00:00, Sys 0 00:00:00  -  Total Local Usage
	90167  -  Run Bytes Sent By Job
	323  -  Run Bytes Received By Job
	90167  -  Total Bytes Sent By Job
	323  -  Total Bytes Received By Job
	Partitionable Resources :    Usage  Request Allocated 
	   Cpus                 :     0.98        1         1 
	   Disk (KB)            :   109           1   1190078 
	   Memory (MB)          :   609        2000      2000 

	Job terminated of its own accord at 2023-09-27T06:59:27Z.
...
