000 (15155271.000.000) 10/07 16:55:47 Job submitted from host: <188.184.90.241:9618?addrs=188.184.90.241-9618+[2001-1458-201-e4--100-2eb]-9618&alias=bigbird15.cern.ch&noUDP&sock=schedd_2763_c443>
...
040 (15155271.000.000) 10/07 17:06:14 Started transferring input files
	Transferring to host: <128.142.61.81:9618?addrs=128.142.61.81-9618+[2001-1458-301-23--100-50]-9618&alias=b7s06p7482.cern.ch&noUDP&sock=slot1_5_3133_3b58_100739>
...
040 (15155271.000.000) 10/07 17:06:14 Finished transferring input files
...
001 (15155271.000.000) 10/07 17:06:15 Job executing on host: <128.142.61.81:9618?addrs=128.142.61.81-9618+[2001-1458-301-23--100-50]-9618&alias=b7s06p7482.cern.ch&noUDP&sock=startd_2741_ad2e>
...
006 (15155271.000.000) 10/07 17:06:25 Image size of job updated: 127712
	51  -  MemoryUsage of job (MB)
	51396  -  ResidentSetSize of job (KB)
...
006 (15155271.000.000) 10/07 17:11:26 Image size of job updated: 1097936
	550  -  MemoryUsage of job (MB)
	562876  -  ResidentSetSize of job (KB)
...
006 (15155271.000.000) 10/07 17:16:27 Image size of job updated: 1147544
	550  -  MemoryUsage of job (MB)
	562876  -  ResidentSetSize of job (KB)
...
006 (15155271.000.000) 10/07 17:21:27 Image size of job updated: 3701540
	550  -  MemoryUsage of job (MB)
	562876  -  ResidentSetSize of job (KB)
...
006 (15155271.000.000) 10/07 17:26:27 Image size of job updated: 3918988
	550  -  MemoryUsage of job (MB)
	562876  -  ResidentSetSize of job (KB)
...
006 (15155271.000.000) 10/07 17:31:28 Image size of job updated: 3979636
	550  -  MemoryUsage of job (MB)
	562876  -  ResidentSetSize of job (KB)
...
006 (15155271.000.000) 10/07 17:33:11 Image size of job updated: 3989076
	550  -  MemoryUsage of job (MB)
	562876  -  ResidentSetSize of job (KB)
...
040 (15155271.000.000) 10/07 17:33:11 Started transferring output files
...
040 (15155271.000.000) 10/07 17:33:11 Finished transferring output files
...
005 (15155271.000.000) 10/07 17:33:11 Job terminated.
	(1) Normal termination (return value 0)
		Usr 0 00:08:35, Sys 0 00:00:12  -  Run Remote Usage
		Usr 0 00:00:00, Sys 0 00:00:00  -  Run Local Usage
		Usr 0 00:08:35, Sys 0 00:00:12  -  Total Remote Usage
		Usr 0 00:00:00, Sys 0 00:00:00  -  Total Local Usage
	75747  -  Run Bytes Sent By Job
	323  -  Run Bytes Received By Job
	75747  -  Total Bytes Sent By Job
	323  -  Total Bytes Received By Job
	Partitionable Resources :    Usage  Request Allocated 
	   Cpus                 :     0.08        1         1 
	   Disk (KB)            :    95           1   1148905 
	   Memory (MB)          :   550        2000      2000 

	Job terminated of its own accord at 2023-10-07T15:33:11Z.
...
