000 (14832095.090.000) 06/12 15:17:57 Job submitted from host: <188.184.90.241:9618?addrs=188.184.90.241-9618+[2001-1458-201-e4--100-2eb]-9618&alias=bigbird15.cern.ch&noUDP&sock=schedd_1460210_2ef4>
...
040 (14832095.090.000) 06/12 15:20:04 Started transferring input files
	Transferring to host: <188.184.163.89:9618?addrs=188.184.163.89-9618+[2001-1458-301-4d--100-53]-9618&alias=b7s12p1618.cern.ch&noUDP&sock=slot1_13_3629_b56d_90936>
...
040 (14832095.090.000) 06/12 15:20:04 Finished transferring input files
...
001 (14832095.090.000) 06/12 15:20:05 Job executing on host: <188.184.163.89:9618?addrs=188.184.163.89-9618+[2001-1458-301-4d--100-53]-9618&alias=b7s12p1618.cern.ch&noUDP&sock=startd_2992_d773>
...
006 (14832095.090.000) 06/12 15:20:14 Image size of job updated: 526916
	47  -  MemoryUsage of job (MB)
	47696  -  ResidentSetSize of job (KB)
...
006 (14832095.090.000) 06/12 15:25:15 Image size of job updated: 1571600
	1024  -  MemoryUsage of job (MB)
	1047616  -  ResidentSetSize of job (KB)
...
006 (14832095.090.000) 06/12 15:30:16 Image size of job updated: 1696656
	1024  -  MemoryUsage of job (MB)
	1047616  -  ResidentSetSize of job (KB)
...
006 (14832095.090.000) 06/12 15:40:17 Image size of job updated: 4034816
	1024  -  MemoryUsage of job (MB)
	1047616  -  ResidentSetSize of job (KB)
...
006 (14832095.090.000) 06/12 15:45:18 Image size of job updated: 4034820
	1024  -  MemoryUsage of job (MB)
	1047616  -  ResidentSetSize of job (KB)
...
006 (14832095.090.000) 06/12 15:50:18 Image size of job updated: 4084776
	1024  -  MemoryUsage of job (MB)
	1047616  -  ResidentSetSize of job (KB)
...
006 (14832095.090.000) 06/12 15:55:18 Image size of job updated: 4319484
	1024  -  MemoryUsage of job (MB)
	1047616  -  ResidentSetSize of job (KB)
...
006 (14832095.090.000) 06/12 16:00:19 Image size of job updated: 4329420
	1024  -  MemoryUsage of job (MB)
	1047616  -  ResidentSetSize of job (KB)
...
006 (14832095.090.000) 06/12 16:05:19 Image size of job updated: 4393856
	1024  -  MemoryUsage of job (MB)
	1047616  -  ResidentSetSize of job (KB)
...
006 (14832095.090.000) 06/12 16:09:13 Image size of job updated: 4410368
	1024  -  MemoryUsage of job (MB)
	1047616  -  ResidentSetSize of job (KB)
...
040 (14832095.090.000) 06/12 16:09:13 Started transferring output files
...
040 (14832095.090.000) 06/12 16:09:13 Finished transferring output files
...
005 (14832095.090.000) 06/12 16:09:13 Job terminated.
	(1) Normal termination (return value 0)
		Usr 0 00:10:28, Sys 0 00:00:41  -  Run Remote Usage
		Usr 0 00:00:00, Sys 0 00:00:00  -  Run Local Usage
		Usr 0 00:10:28, Sys 0 00:00:41  -  Total Remote Usage
		Usr 0 00:00:00, Sys 0 00:00:00  -  Total Local Usage
	111343  -  Run Bytes Sent By Job
	323  -  Run Bytes Received By Job
	111343  -  Total Bytes Sent By Job
	323  -  Total Bytes Received By Job
	Partitionable Resources :    Usage  Request Allocated 
	   Cpus                 :     0.10        1         1 
	   Disk (KB)            :   130           1   2993996 
	   Memory (MB)          :  1024        2000      2000 

	Job terminated of its own accord at 2023-06-12T14:09:13Z.
...
