000 (14807383.017.000) 05/15 18:20:36 Job submitted from host: <188.184.90.241:9618?addrs=188.184.90.241-9618+[2001-1458-201-e4--100-2eb]-9618&alias=bigbird15.cern.ch&noUDP&sock=schedd_3273_9590>
...
040 (14807383.017.000) 05/15 18:34:08 Started transferring input files
	Transferring to host: <128.142.192.151:9618?addrs=128.142.192.151-9618+[2001-1458-301-56--100-13]-9618&alias=b7g18p0500.cern.ch&noUDP&sock=slot1_11_6080_a8f0_59937>
...
040 (14807383.017.000) 05/15 18:34:08 Finished transferring input files
...
001 (14807383.017.000) 05/15 18:34:09 Job executing on host: <128.142.192.151:9618?addrs=128.142.192.151-9618+[2001-1458-301-56--100-13]-9618&alias=b7g18p0500.cern.ch&noUDP&sock=startd_5234_aac9>
...
006 (14807383.017.000) 05/15 18:34:17 Image size of job updated: 48156
	47  -  MemoryUsage of job (MB)
	47688  -  ResidentSetSize of job (KB)
...
006 (14807383.017.000) 05/15 18:39:17 Image size of job updated: 1845232
	1277  -  MemoryUsage of job (MB)
	1307224  -  ResidentSetSize of job (KB)
...
006 (14807383.017.000) 05/15 18:44:18 Image size of job updated: 1870232
	1277  -  MemoryUsage of job (MB)
	1307224  -  ResidentSetSize of job (KB)
...
006 (14807383.017.000) 05/15 18:49:19 Image size of job updated: 4045928
	1277  -  MemoryUsage of job (MB)
	1307224  -  ResidentSetSize of job (KB)
...
006 (14807383.017.000) 05/15 18:54:19 Image size of job updated: 4332364
	1277  -  MemoryUsage of job (MB)
	1307224  -  ResidentSetSize of job (KB)
...
006 (14807383.017.000) 05/15 18:59:20 Image size of job updated: 4413696
	1277  -  MemoryUsage of job (MB)
	1307224  -  ResidentSetSize of job (KB)
...
006 (14807383.017.000) 05/15 19:00:53 Image size of job updated: 4424948
	1277  -  MemoryUsage of job (MB)
	1307224  -  ResidentSetSize of job (KB)
...
040 (14807383.017.000) 05/15 19:00:54 Started transferring output files
...
040 (14807383.017.000) 05/15 19:00:54 Finished transferring output files
...
005 (14807383.017.000) 05/15 19:00:54 Job terminated.
	(1) Normal termination (return value 0)
		Usr 0 00:10:27, Sys 0 00:00:41  -  Run Remote Usage
		Usr 0 00:00:00, Sys 0 00:00:00  -  Run Local Usage
		Usr 0 00:10:27, Sys 0 00:00:41  -  Total Remote Usage
		Usr 0 00:00:00, Sys 0 00:00:00  -  Total Local Usage
	119468  -  Run Bytes Sent By Job
	323  -  Run Bytes Received By Job
	119468  -  Total Bytes Sent By Job
	323  -  Total Bytes Received By Job
	Partitionable Resources :    Usage  Request Allocated 
	   Cpus                 :     0.10        1         1 
	   Disk (KB)            :   138           1   3000195 
	   Memory (MB)          :  1277        2000      2000 

	Job terminated of its own accord at 2023-05-15T17:00:53Z.
...
