000 (15148591.077.000) 09/26 23:15:32 Job submitted from host: <188.184.90.241:9618?addrs=188.184.90.241-9618+[2001-1458-201-e4--100-2eb]-9618&alias=bigbird15.cern.ch&noUDP&sock=schedd_2763_c443>
...
040 (15148591.077.000) 09/26 23:30:43 Started transferring input files
	Transferring to host: <128.142.137.210:9618?addrs=128.142.137.210-9618+[2001-1458-301-5e--100-c6]-9618&alias=b7g19p8484.cern.ch&noUDP&sock=slot1_29_38758_4461_30069>
...
040 (15148591.077.000) 09/26 23:30:43 Finished transferring input files
...
001 (15148591.077.000) 09/26 23:30:44 Job executing on host: <128.142.137.210:9618?addrs=128.142.137.210-9618+[2001-1458-301-5e--100-c6]-9618&alias=b7g19p8484.cern.ch&noUDP&sock=startd_37424_5466>
...
006 (15148591.077.000) 09/26 23:30:53 Image size of job updated: 624276
	58  -  MemoryUsage of job (MB)
	59376  -  ResidentSetSize of job (KB)
...
006 (15148591.077.000) 09/26 23:35:54 Image size of job updated: 1037468
	514  -  MemoryUsage of job (MB)
	525912  -  ResidentSetSize of job (KB)
...
006 (15148591.077.000) 09/26 23:40:55 Image size of job updated: 1118124
	514  -  MemoryUsage of job (MB)
	525912  -  ResidentSetSize of job (KB)
...
006 (15148591.077.000) 09/26 23:45:55 Image size of job updated: 3927232
	514  -  MemoryUsage of job (MB)
	525912  -  ResidentSetSize of job (KB)
...
006 (15148591.077.000) 09/26 23:49:18 Image size of job updated: 4003996
	514  -  MemoryUsage of job (MB)
	525912  -  ResidentSetSize of job (KB)
...
040 (15148591.077.000) 09/26 23:49:18 Started transferring output files
...
040 (15148591.077.000) 09/26 23:49:18 Finished transferring output files
...
005 (15148591.077.000) 09/26 23:49:18 Job terminated.
	(1) Normal termination (return value 0)
		Usr 0 00:12:53, Sys 0 00:00:19  -  Run Remote Usage
		Usr 0 00:00:00, Sys 0 00:00:00  -  Run Local Usage
		Usr 0 00:12:53, Sys 0 00:00:19  -  Total Remote Usage
		Usr 0 00:00:00, Sys 0 00:00:00  -  Total Local Usage
	79810  -  Run Bytes Sent By Job
	323  -  Run Bytes Received By Job
	79810  -  Total Bytes Sent By Job
	323  -  Total Bytes Received By Job
	Partitionable Resources :    Usage  Request Allocated 
	   Cpus                 :     0.69        1         1 
	   Disk (KB)            :    99           1   1655035 
	   Memory (MB)          :   514        2000      2000 

	Job terminated of its own accord at 2023-09-26T21:49:18Z.
...
