000 (15155256.005.000) 10/07 14:35:52 Job submitted from host: <188.184.90.241:9618?addrs=188.184.90.241-9618+[2001-1458-201-e4--100-2eb]-9618&alias=bigbird15.cern.ch&noUDP&sock=schedd_2763_c443>
...
040 (15155256.005.000) 10/07 14:37:47 Started transferring input files
	Transferring to host: <128.142.63.31:9618?addrs=128.142.63.31-9618+[2001-1458-301-38--100-1c]-9618&alias=b7s08p7073.cern.ch&noUDP&sock=slot1_24_3278_65be_210628>
...
040 (15155256.005.000) 10/07 14:37:47 Finished transferring input files
...
001 (15155256.005.000) 10/07 14:37:48 Job executing on host: <128.142.63.31:9618?addrs=128.142.63.31-9618+[2001-1458-301-38--100-1c]-9618&alias=b7s08p7073.cern.ch&noUDP&sock=startd_2909_e917>
...
006 (15155256.005.000) 10/07 14:37:57 Image size of job updated: 565332
	52  -  MemoryUsage of job (MB)
	52688  -  ResidentSetSize of job (KB)
...
006 (15155256.005.000) 10/07 14:42:58 Image size of job updated: 2756796
	74  -  MemoryUsage of job (MB)
	74924  -  ResidentSetSize of job (KB)
...
006 (15155256.005.000) 10/07 14:47:58 Image size of job updated: 2900796
	212  -  MemoryUsage of job (MB)
	216384  -  ResidentSetSize of job (KB)
...
006 (15155256.005.000) 10/07 14:50:53 Image size of job updated: 2940776
	212  -  MemoryUsage of job (MB)
	216384  -  ResidentSetSize of job (KB)
...
040 (15155256.005.000) 10/07 14:50:53 Started transferring output files
...
040 (15155256.005.000) 10/07 14:50:53 Finished transferring output files
...
005 (15155256.005.000) 10/07 14:50:53 Job terminated.
	(1) Normal termination (return value 0)
		Usr 0 00:02:27, Sys 0 00:00:05  -  Run Remote Usage
		Usr 0 00:00:00, Sys 0 00:00:00  -  Run Local Usage
		Usr 0 00:02:27, Sys 0 00:00:05  -  Total Remote Usage
		Usr 0 00:00:00, Sys 0 00:00:00  -  Total Local Usage
	78530  -  Run Bytes Sent By Job
	323  -  Run Bytes Received By Job
	78530  -  Total Bytes Sent By Job
	323  -  Total Bytes Received By Job
	Partitionable Resources :    Usage  Request Allocated 
	   Cpus                 :     0.05        1         1 
	   Disk (KB)            :    98           1   1298894 
	   Memory (MB)          :   212        2000      2000 

	Job terminated of its own accord at 2023-10-07T12:50:53Z.
...
