000 (14760027.008.000) 03/28 18:08:20 Job submitted from host: <188.184.90.241:9618?addrs=188.184.90.241-9618+[2001-1458-201-e4--100-2eb]-9618&alias=bigbird15.cern.ch&noUDP&sock=schedd_3631588_e24a>
...
040 (14760027.008.000) 03/28 18:10:17 Started transferring input files
	Transferring to host: <128.142.196.46:9618?addrs=128.142.196.46-9618+[2001-1458-301-3c--100-2c]-9618&alias=b7g32p9395.cern.ch&noUDP&sock=slot1_7_4000_1c9c_136136>
...
040 (14760027.008.000) 03/28 18:10:17 Finished transferring input files
...
001 (14760027.008.000) 03/28 18:10:18 Job executing on host: <128.142.196.46:9618?addrs=128.142.196.46-9618+[2001-1458-301-3c--100-2c]-9618&alias=b7g32p9395.cern.ch&noUDP&sock=startd_3246_1082>
...
006 (14760027.008.000) 03/28 18:10:27 Image size of job updated: 554012
	47  -  MemoryUsage of job (MB)
	47772  -  ResidentSetSize of job (KB)
...
006 (14760027.008.000) 03/28 18:12:44 Image size of job updated: 3033620
	47  -  MemoryUsage of job (MB)
	47772  -  ResidentSetSize of job (KB)
...
040 (14760027.008.000) 03/28 18:12:44 Started transferring output files
...
040 (14760027.008.000) 03/28 18:12:44 Finished transferring output files
...
005 (14760027.008.000) 03/28 18:12:44 Job terminated.
	(1) Normal termination (return value 0)
		Usr 0 00:01:22, Sys 0 00:00:04  -  Run Remote Usage
		Usr 0 00:00:00, Sys 0 00:00:00  -  Run Local Usage
		Usr 0 00:01:22, Sys 0 00:00:04  -  Total Remote Usage
		Usr 0 00:00:00, Sys 0 00:00:00  -  Total Local Usage
	158715  -  Run Bytes Sent By Job
	269  -  Run Bytes Received By Job
	158715  -  Total Bytes Sent By Job
	269  -  Total Bytes Received By Job
	Partitionable Resources :    Usage  Request Allocated 
	   Cpus                 :     0.22        1         1 
	   Disk (KB)            :   177           1   2938819 
	   Memory (MB)          :    47        2000      2000 

	Job terminated of its own accord at 2023-03-28T16:12:44Z.
...
