000 (15148189.006.000) 09/26 21:00:55 Job submitted from host: <188.184.90.241:9618?addrs=188.184.90.241-9618+[2001-1458-201-e4--100-2eb]-9618&alias=bigbird15.cern.ch&noUDP&sock=schedd_2763_c443>
...
040 (15148189.006.000) 09/26 21:11:19 Started transferring input files
	Transferring to host: <188.184.162.141:9618?addrs=188.184.162.141-9618+[2001-1458-301-4a--100-87]-9618&alias=b7s11p2380.cern.ch&noUDP&sock=slot1_24_123596_501b_213623>
...
040 (15148189.006.000) 09/26 21:11:19 Finished transferring input files
...
001 (15148189.006.000) 09/26 21:11:20 Job executing on host: <188.184.162.141:9618?addrs=188.184.162.141-9618+[2001-1458-301-4a--100-87]-9618&alias=b7s11p2380.cern.ch&noUDP&sock=startd_29150_0dcb>
...
006 (15148189.006.000) 09/26 21:11:28 Image size of job updated: 56244
	53  -  MemoryUsage of job (MB)
	53712  -  ResidentSetSize of job (KB)
...
006 (15148189.006.000) 09/26 21:16:28 Image size of job updated: 1053596
	525  -  MemoryUsage of job (MB)
	536780  -  ResidentSetSize of job (KB)
...
006 (15148189.006.000) 09/26 21:21:28 Image size of job updated: 1055808
	525  -  MemoryUsage of job (MB)
	536780  -  ResidentSetSize of job (KB)
...
006 (15148189.006.000) 09/26 21:26:29 Image size of job updated: 3660436
	525  -  MemoryUsage of job (MB)
	536780  -  ResidentSetSize of job (KB)
...
006 (15148189.006.000) 09/26 21:31:29 Image size of job updated: 3908188
	525  -  MemoryUsage of job (MB)
	536780  -  ResidentSetSize of job (KB)
...
006 (15148189.006.000) 09/26 21:36:29 Image size of job updated: 3974700
	528  -  MemoryUsage of job (MB)
	539652  -  ResidentSetSize of job (KB)
...
006 (15148189.006.000) 09/26 21:38:18 Image size of job updated: 3988328
	528  -  MemoryUsage of job (MB)
	539652  -  ResidentSetSize of job (KB)
...
040 (15148189.006.000) 09/26 21:38:18 Started transferring output files
...
040 (15148189.006.000) 09/26 21:38:18 Finished transferring output files
...
005 (15148189.006.000) 09/26 21:38:18 Job terminated.
	(1) Normal termination (return value 0)
		Usr 0 00:07:02, Sys 0 00:00:15  -  Run Remote Usage
		Usr 0 00:00:00, Sys 0 00:00:00  -  Run Local Usage
		Usr 0 00:07:02, Sys 0 00:00:15  -  Total Remote Usage
		Usr 0 00:00:00, Sys 0 00:00:00  -  Total Local Usage
	84524  -  Run Bytes Sent By Job
	323  -  Run Bytes Received By Job
	84524  -  Total Bytes Sent By Job
	323  -  Total Bytes Received By Job
	Partitionable Resources :    Usage  Request Allocated 
	   Cpus                 :     0.36        1         1 
	   Disk (KB)            :   104           1   3065815 
	   Memory (MB)          :   528        2000      2000 

	Job terminated of its own accord at 2023-09-26T19:38:18Z.
...
