000 (14858748.003.000) 06/22 16:47:12 Job submitted from host: <188.184.90.241:9618?addrs=188.184.90.241-9618+[2001-1458-201-e4--100-2eb]-9618&alias=bigbird15.cern.ch&noUDP&sock=schedd_1460210_2ef4>
...
040 (14858748.003.000) 06/22 17:01:40 Started transferring input files
	Transferring to host: <188.184.162.35:9618?addrs=188.184.162.35-9618+[2001-1458-301-4a--100-1d]-9618&alias=b7s11p7586.cern.ch&noUDP&sock=slot1_18_4305_0308_100494>
...
040 (14858748.003.000) 06/22 17:01:40 Finished transferring input files
...
001 (14858748.003.000) 06/22 17:01:41 Job executing on host: <188.184.162.35:9618?addrs=188.184.162.35-9618+[2001-1458-301-4a--100-1d]-9618&alias=b7s11p7586.cern.ch&noUDP&sock=startd_3264_6936>
...
006 (14858748.003.000) 06/22 17:01:51 Image size of job updated: 554140
	47  -  MemoryUsage of job (MB)
	47672  -  ResidentSetSize of job (KB)
...
006 (14858748.003.000) 06/22 17:06:51 Image size of job updated: 931712
	386  -  MemoryUsage of job (MB)
	394876  -  ResidentSetSize of job (KB)
...
006 (14858748.003.000) 06/22 17:11:51 Image size of job updated: 1131712
	606  -  MemoryUsage of job (MB)
	619744  -  ResidentSetSize of job (KB)
...
006 (14858748.003.000) 06/22 17:16:52 Image size of job updated: 1358240
	827  -  MemoryUsage of job (MB)
	846272  -  ResidentSetSize of job (KB)
...
006 (14858748.003.000) 06/22 17:21:53 Image size of job updated: 1558240
	1022  -  MemoryUsage of job (MB)
	1046272  -  ResidentSetSize of job (KB)
...
006 (14858748.003.000) 06/22 17:26:53 Image size of job updated: 3298208
	3220  -  MemoryUsage of job (MB)
	3297168  -  ResidentSetSize of job (KB)
...
006 (14858748.003.000) 06/22 17:30:31 Image size of job updated: 4269368
	3225  -  MemoryUsage of job (MB)
	3301664  -  ResidentSetSize of job (KB)
...
040 (14858748.003.000) 06/22 17:30:31 Started transferring output files
...
040 (14858748.003.000) 06/22 17:30:31 Finished transferring output files
...
005 (14858748.003.000) 06/22 17:30:31 Job terminated.
	(1) Normal termination (return value 0)
		Usr 0 00:26:54, Sys 0 00:00:16  -  Run Remote Usage
		Usr 0 00:00:00, Sys 0 00:00:00  -  Run Local Usage
		Usr 0 00:26:54, Sys 0 00:00:16  -  Total Remote Usage
		Usr 0 00:00:00, Sys 0 00:00:00  -  Total Local Usage
	294047  -  Run Bytes Sent By Job
	269  -  Run Bytes Received By Job
	294047  -  Total Bytes Sent By Job
	269  -  Total Bytes Received By Job
	Partitionable Resources :    Usage  Request Allocated 
	   Cpus                 :     0.98        1         1 
	   Disk (KB)            :   308           1   3024332 
	   Memory (MB)          :  3225        2000      2000 

	Job terminated of its own accord at 2023-06-22T15:30:31Z.
...
