000 (15150662.082.000) 09/28 15:49:40 Job submitted from host: <188.184.90.241:9618?addrs=188.184.90.241-9618+[2001-1458-201-e4--100-2eb]-9618&alias=bigbird15.cern.ch&noUDP&sock=schedd_2763_c443>
...
040 (15150662.082.000) 09/28 16:01:14 Started transferring input files
	Transferring to host: <128.142.59.141:9618?addrs=128.142.59.141-9618+[2001-1458-301-21--100-8c]-9618&alias=b7s04p9566.cern.ch&noUDP&sock=slot1_3_24684_dc65_959>
...
040 (15150662.082.000) 09/28 16:01:14 Finished transferring input files
...
001 (15150662.082.000) 09/28 16:01:15 Job executing on host: <128.142.59.141:9618?addrs=128.142.59.141-9618+[2001-1458-301-21--100-8c]-9618&alias=b7s04p9566.cern.ch&noUDP&sock=startd_24646_af3c>
...
006 (15150662.082.000) 09/28 16:01:24 Image size of job updated: 127556
	123  -  MemoryUsage of job (MB)
	125036  -  ResidentSetSize of job (KB)
...
006 (15150662.082.000) 09/28 16:03:57 Image size of job updated: 922928
	123  -  MemoryUsage of job (MB)
	125036  -  ResidentSetSize of job (KB)
...
040 (15150662.082.000) 09/28 16:03:57 Started transferring output files
...
040 (15150662.082.000) 09/28 16:03:57 Finished transferring output files
...
005 (15150662.082.000) 09/28 16:03:57 Job terminated.
	(1) Normal termination (return value 0)
		Usr 0 00:00:10, Sys 0 00:00:01  -  Run Remote Usage
		Usr 0 00:00:00, Sys 0 00:00:00  -  Run Local Usage
		Usr 0 00:00:10, Sys 0 00:00:01  -  Total Remote Usage
		Usr 0 00:00:00, Sys 0 00:00:00  -  Total Local Usage
	7961  -  Run Bytes Sent By Job
	374  -  Run Bytes Received By Job
	7961  -  Total Bytes Sent By Job
	374  -  Total Bytes Received By Job
	Partitionable Resources :    Usage  Request Allocated 
	   Cpus                 :                 1         1 
	   Disk (KB)            :       22        1   2853406 
	   Memory (MB)          :      123     2000      2000 

	Job terminated of its own accord at 2023-09-28T14:03:57Z.
...
