000 (15155243.036.000) 10/07 13:26:29 Job submitted from host: <188.184.90.241:9618?addrs=188.184.90.241-9618+[2001-1458-201-e4--100-2eb]-9618&alias=bigbird15.cern.ch&noUDP&sock=schedd_2763_c443>
...
040 (15155243.036.000) 10/07 13:31:57 Started transferring input files
	Transferring to host: <128.142.132.37:9618?addrs=128.142.132.37-9618+[2001-1458-301-5a--100-19]-9618&alias=b7g12p7679.cern.ch&noUDP&sock=slot1_29_3205_f65b_121140>
...
040 (15155243.036.000) 10/07 13:31:57 Finished transferring input files
...
001 (15155243.036.000) 10/07 13:31:58 Job executing on host: <128.142.132.37:9618?addrs=128.142.132.37-9618+[2001-1458-301-5a--100-19]-9618&alias=b7g12p7679.cern.ch&noUDP&sock=startd_2740_fd96>
...
006 (15155243.036.000) 10/07 13:32:07 Image size of job updated: 56456
	54  -  MemoryUsage of job (MB)
	54688  -  ResidentSetSize of job (KB)
...
006 (15155243.036.000) 10/07 13:37:07 Image size of job updated: 999088
	477  -  MemoryUsage of job (MB)
	487536  -  ResidentSetSize of job (KB)
...
006 (15155243.036.000) 10/07 13:42:07 Image size of job updated: 3511828
	477  -  MemoryUsage of job (MB)
	487536  -  ResidentSetSize of job (KB)
...
006 (15155243.036.000) 10/07 13:47:08 Image size of job updated: 3767788
	477  -  MemoryUsage of job (MB)
	487536  -  ResidentSetSize of job (KB)
...
006 (15155243.036.000) 10/07 13:49:20 Image size of job updated: 3780128
	477  -  MemoryUsage of job (MB)
	487536  -  ResidentSetSize of job (KB)
...
040 (15155243.036.000) 10/07 13:49:20 Started transferring output files
...
040 (15155243.036.000) 10/07 13:49:20 Finished transferring output files
...
005 (15155243.036.000) 10/07 13:49:21 Job terminated.
	(1) Normal termination (return value 0)
		Usr 0 00:07:00, Sys 0 00:00:17  -  Run Remote Usage
		Usr 0 00:00:00, Sys 0 00:00:00  -  Run Local Usage
		Usr 0 00:07:00, Sys 0 00:00:17  -  Total Remote Usage
		Usr 0 00:00:00, Sys 0 00:00:00  -  Total Local Usage
	76237  -  Run Bytes Sent By Job
	323  -  Run Bytes Received By Job
	76237  -  Total Bytes Sent By Job
	323  -  Total Bytes Received By Job
	Partitionable Resources :    Usage  Request Allocated 
	   Cpus                 :     0.12        1         1 
	   Disk (KB)            :    96           1   1604897 
	   Memory (MB)          :   477        2000      2000 

	Job terminated of its own accord at 2023-10-07T11:49:20Z.
...
