000 (15149098.080.000) 09/27 08:23:39 Job submitted from host: <188.184.90.241:9618?addrs=188.184.90.241-9618+[2001-1458-201-e4--100-2eb]-9618&alias=bigbird15.cern.ch&noUDP&sock=schedd_2763_c443>
...
040 (15149098.080.000) 09/27 08:41:36 Started transferring input files
	Transferring to host: <188.184.162.105:9618?addrs=188.184.162.105-9618+[2001-1458-301-4a--100-63]-9618&alias=b7s11p8419.cern.ch&noUDP&sock=slot1_5_164513_0a7b_56963>
...
040 (15149098.080.000) 09/27 08:41:36 Finished transferring input files
...
001 (15149098.080.000) 09/27 08:41:37 Job executing on host: <188.184.162.105:9618?addrs=188.184.162.105-9618+[2001-1458-301-4a--100-63]-9618&alias=b7s11p8419.cern.ch&noUDP&sock=startd_164475_bf7f>
...
006 (15149098.080.000) 09/27 08:41:46 Image size of job updated: 687592
	54  -  MemoryUsage of job (MB)
	54372  -  ResidentSetSize of job (KB)
...
006 (15149098.080.000) 09/27 08:46:48 Image size of job updated: 1139496
	563  -  MemoryUsage of job (MB)
	576416  -  ResidentSetSize of job (KB)
...
006 (15149098.080.000) 09/27 08:51:48 Image size of job updated: 1163964
	563  -  MemoryUsage of job (MB)
	576416  -  ResidentSetSize of job (KB)
...
006 (15149098.080.000) 09/27 08:56:48 Image size of job updated: 3831300
	563  -  MemoryUsage of job (MB)
	576416  -  ResidentSetSize of job (KB)
...
006 (15149098.080.000) 09/27 09:00:15 Image size of job updated: 3903868
	563  -  MemoryUsage of job (MB)
	576416  -  ResidentSetSize of job (KB)
...
040 (15149098.080.000) 09/27 09:00:15 Started transferring output files
...
040 (15149098.080.000) 09/27 09:00:15 Finished transferring output files
...
005 (15149098.080.000) 09/27 09:00:15 Job terminated.
	(1) Normal termination (return value 0)
		Usr 0 00:09:27, Sys 0 00:00:27  -  Run Remote Usage
		Usr 0 00:00:00, Sys 0 00:00:00  -  Run Local Usage
		Usr 0 00:09:27, Sys 0 00:00:27  -  Total Remote Usage
		Usr 0 00:00:00, Sys 0 00:00:00  -  Total Local Usage
	88418  -  Run Bytes Sent By Job
	323  -  Run Bytes Received By Job
	88418  -  Total Bytes Sent By Job
	323  -  Total Bytes Received By Job
	Partitionable Resources :    Usage  Request Allocated 
	   Cpus                 :     0.71        1         1 
	   Disk (KB)            :   109           1   3141701 
	   Memory (MB)          :   563        2000      2000 

	Job terminated of its own accord at 2023-09-27T07:00:15Z.
...
