000 (15159743.096.000) 10/09 07:56:33 Job submitted from host: <188.184.90.241:9618?addrs=188.184.90.241-9618+[2001-1458-201-e4--100-2eb]-9618&alias=bigbird15.cern.ch&noUDP&sock=schedd_2763_c443>
...
040 (15159743.096.000) 10/09 08:10:06 Started transferring input files
	Transferring to host: <128.142.60.44:9618?addrs=128.142.60.44-9618+[2001-1458-301-22--100-2b]-9618&alias=b7s05p0395.cern.ch&noUDP&sock=slot1_27_3218_1f3c_43784>
...
040 (15159743.096.000) 10/09 08:10:06 Finished transferring input files
...
001 (15159743.096.000) 10/09 08:10:07 Job executing on host: <128.142.60.44:9618?addrs=128.142.60.44-9618+[2001-1458-301-22--100-2b]-9618&alias=b7s05p0395.cern.ch&noUDP&sock=startd_2746_1b27>
...
006 (15159743.096.000) 10/09 08:10:16 Image size of job updated: 84348
	59  -  MemoryUsage of job (MB)
	59880  -  ResidentSetSize of job (KB)
...
006 (15159743.096.000) 10/09 08:15:17 Image size of job updated: 964300
	443  -  MemoryUsage of job (MB)
	453348  -  ResidentSetSize of job (KB)
...
006 (15159743.096.000) 10/09 08:20:02 Image size of job updated: 2976572
	443  -  MemoryUsage of job (MB)
	453348  -  ResidentSetSize of job (KB)
...
040 (15159743.096.000) 10/09 08:20:02 Started transferring output files
...
040 (15159743.096.000) 10/09 08:20:02 Finished transferring output files
...
005 (15159743.096.000) 10/09 08:20:02 Job terminated.
	(1) Normal termination (return value 0)
		Usr 0 00:07:30, Sys 0 00:00:07  -  Run Remote Usage
		Usr 0 00:00:00, Sys 0 00:00:00  -  Run Local Usage
		Usr 0 00:07:30, Sys 0 00:00:07  -  Total Remote Usage
		Usr 0 00:00:00, Sys 0 00:00:00  -  Total Local Usage
	150400  -  Run Bytes Sent By Job
	269  -  Run Bytes Received By Job
	150400  -  Total Bytes Sent By Job
	269  -  Total Bytes Received By Job
	Partitionable Resources :    Usage  Request Allocated 
	   Cpus                 :     0.96        1         1 
	   Disk (KB)            :   168           1   1212845 
	   Memory (MB)          :   443        2000      2000 

	Job terminated of its own accord at 2023-10-09T06:20:02Z.
...
