000 (15148591.001.000) 09/26 23:15:32 Job submitted from host: <188.184.90.241:9618?addrs=188.184.90.241-9618+[2001-1458-201-e4--100-2eb]-9618&alias=bigbird15.cern.ch&noUDP&sock=schedd_2763_c443>
...
040 (15148591.001.000) 09/26 23:30:18 Started transferring input files
	Transferring to host: <128.142.61.96:9618?addrs=128.142.61.96-9618+[2001-1458-301-23--100-5f]-9618&alias=b7s06p7602.cern.ch&noUDP&sock=slot1_41_12717_06de_13853>
...
040 (15148591.001.000) 09/26 23:30:18 Finished transferring input files
...
001 (15148591.001.000) 09/26 23:30:19 Job executing on host: <128.142.61.96:9618?addrs=128.142.61.96-9618+[2001-1458-301-23--100-5f]-9618&alias=b7s06p7602.cern.ch&noUDP&sock=startd_18882_0f58>
...
006 (15148591.001.000) 09/26 23:30:28 Image size of job updated: 552588
	61  -  MemoryUsage of job (MB)
	61956  -  ResidentSetSize of job (KB)
...
006 (15148591.001.000) 09/26 23:35:29 Image size of job updated: 1107248
	572  -  MemoryUsage of job (MB)
	585180  -  ResidentSetSize of job (KB)
...
006 (15148591.001.000) 09/26 23:40:29 Image size of job updated: 1213288
	573  -  MemoryUsage of job (MB)
	586060  -  ResidentSetSize of job (KB)
...
006 (15148591.001.000) 09/26 23:45:29 Image size of job updated: 4074324
	573  -  MemoryUsage of job (MB)
	586060  -  ResidentSetSize of job (KB)
...
006 (15148591.001.000) 09/26 23:50:30 Image size of job updated: 4111392
	573  -  MemoryUsage of job (MB)
	586060  -  ResidentSetSize of job (KB)
...
006 (15148591.001.000) 09/26 23:55:30 Image size of job updated: 4357560
	573  -  MemoryUsage of job (MB)
	586060  -  ResidentSetSize of job (KB)
...
006 (15148591.001.000) 09/27 00:00:30 Image size of job updated: 4424000
	573  -  MemoryUsage of job (MB)
	586060  -  ResidentSetSize of job (KB)
...
006 (15148591.001.000) 09/27 00:04:44 Image size of job updated: 4451660
	573  -  MemoryUsage of job (MB)
	586060  -  ResidentSetSize of job (KB)
...
040 (15148591.001.000) 09/27 00:04:45 Started transferring output files
...
040 (15148591.001.000) 09/27 00:04:45 Finished transferring output files
...
005 (15148591.001.000) 09/27 00:04:45 Job terminated.
	(1) Normal termination (return value 0)
		Usr 0 00:10:45, Sys 0 00:00:20  -  Run Remote Usage
		Usr 0 00:00:00, Sys 0 00:00:00  -  Run Local Usage
		Usr 0 00:10:45, Sys 0 00:00:20  -  Total Remote Usage
		Usr 0 00:00:00, Sys 0 00:00:00  -  Total Local Usage
	99917  -  Run Bytes Sent By Job
	323  -  Run Bytes Received By Job
	99917  -  Total Bytes Sent By Job
	323  -  Total Bytes Received By Job
	Partitionable Resources :    Usage  Request Allocated 
	   Cpus                 :     0.08        1         1 
	   Disk (KB)            :   119           1   1216481 
	   Memory (MB)          :   573        2000      2000 

	Job terminated of its own accord at 2023-09-26T22:04:44Z.
...
