000 (15271413.196.000) 12/18 14:02:23 Job submitted from host: <188.184.90.241:9618?addrs=188.184.90.241-9618+[2001-1458-201-e4--100-2eb]-9618&alias=bigbird15.cern.ch&noUDP&sock=schedd_2763_c443>
...
040 (15271413.196.000) 12/18 14:06:54 Started transferring input files
	Transferring to host: <188.184.162.116:9618?addrs=188.184.162.116-9618+[2001-1458-301-4a--100-6e]-9618&alias=b9s11p9640.cern.ch&noUDP&sock=slot1_15_125731_9d12_31262>
...
040 (15271413.196.000) 12/18 14:06:54 Finished transferring input files
...
001 (15271413.196.000) 12/18 14:06:55 Job executing on host: <188.184.162.116:9618?addrs=188.184.162.116-9618+[2001-1458-301-4a--100-6e]-9618&alias=b9s11p9640.cern.ch&noUDP&sock=startd_114239_07cd>
...
006 (15271413.196.000) 12/18 14:06:57 Image size of job updated: 89956
	88  -  MemoryUsage of job (MB)
	89956  -  ResidentSetSize of job (KB)
...
040 (15271413.196.000) 12/18 14:06:57 Started transferring output files
...
040 (15271413.196.000) 12/18 14:06:57 Finished transferring output files
...
005 (15271413.196.000) 12/18 14:06:57 Job terminated.
	(1) Normal termination (return value 0)
		Usr 0 00:00:00, Sys 0 00:00:00  -  Run Remote Usage
		Usr 0 00:00:00, Sys 0 00:00:00  -  Run Local Usage
		Usr 0 00:00:00, Sys 0 00:00:00  -  Total Remote Usage
		Usr 0 00:00:00, Sys 0 00:00:00  -  Total Local Usage
	11831  -  Run Bytes Sent By Job
	269  -  Run Bytes Received By Job
	11831  -  Total Bytes Sent By Job
	269  -  Total Bytes Received By Job
	Partitionable Resources :    Usage  Request Allocated 
	   Cpus                 :                 1         1 
	   Disk (KB)            :       26        1   2945481 
	   Memory (MB)          :       88     2000      2000 

	Job terminated of its own accord at 2023-12-18T13:06:57Z.
...
