000 (15159743.063.000) 10/09 07:56:33 Job submitted from host: <188.184.90.241:9618?addrs=188.184.90.241-9618+[2001-1458-201-e4--100-2eb]-9618&alias=bigbird15.cern.ch&noUDP&sock=schedd_2763_c443>
...
040 (15159743.063.000) 10/09 08:09:56 Started transferring input files
	Transferring to host: <128.142.137.117:9618?addrs=128.142.137.117-9618+[2001-1458-301-5e--100-69]-9618&alias=b7g19p0613.cern.ch&noUDP&sock=slot1_35_6923_a133_12424>
...
040 (15159743.063.000) 10/09 08:09:56 Finished transferring input files
...
001 (15159743.063.000) 10/09 08:09:57 Job executing on host: <128.142.137.117:9618?addrs=128.142.137.117-9618+[2001-1458-301-5e--100-69]-9618&alias=b7g19p0613.cern.ch&noUDP&sock=startd_3087_00f3>
...
006 (15159743.063.000) 10/09 08:10:06 Image size of job updated: 619004
	101  -  MemoryUsage of job (MB)
	103168  -  ResidentSetSize of job (KB)
...
006 (15159743.063.000) 10/09 08:15:07 Image size of job updated: 3402788
	2712  -  MemoryUsage of job (MB)
	2777024  -  ResidentSetSize of job (KB)
...
006 (15159743.063.000) 10/09 08:15:35 Image size of job updated: 3403376
	2712  -  MemoryUsage of job (MB)
	2777024  -  ResidentSetSize of job (KB)
...
040 (15159743.063.000) 10/09 08:15:35 Started transferring output files
...
040 (15159743.063.000) 10/09 08:15:35 Finished transferring output files
...
005 (15159743.063.000) 10/09 08:15:35 Job terminated.
	(1) Normal termination (return value 0)
		Usr 0 00:04:37, Sys 0 00:00:06  -  Run Remote Usage
		Usr 0 00:00:00, Sys 0 00:00:00  -  Run Local Usage
		Usr 0 00:04:37, Sys 0 00:00:06  -  Total Remote Usage
		Usr 0 00:00:00, Sys 0 00:00:00  -  Total Local Usage
	114687  -  Run Bytes Sent By Job
	269  -  Run Bytes Received By Job
	114687  -  Total Bytes Sent By Job
	269  -  Total Bytes Received By Job
	Partitionable Resources :    Usage  Request Allocated 
	   Cpus                 :                 1         1 
	   Disk (KB)            :      126        1   1717907 
	   Memory (MB)          :     2712     2000      2000 

	Job terminated of its own accord at 2023-10-09T06:15:35Z.
...
