000 (15159766.170.000) 10/09 11:47:57 Job submitted from host: <188.184.90.241:9618?addrs=188.184.90.241-9618+[2001-1458-201-e4--100-2eb]-9618&alias=bigbird15.cern.ch&noUDP&sock=schedd_2763_c443>
...
040 (15159766.170.000) 10/09 14:25:14 Started transferring input files
	Transferring to host: <188.184.162.9:9618?addrs=188.184.162.9-9618+[2001-1458-301-4a--100-3]-9618&alias=b7s11p5581.cern.ch&noUDP&sock=slot1_17_4056_919e_43192>
...
040 (15159766.170.000) 10/09 14:25:14 Finished transferring input files
...
001 (15159766.170.000) 10/09 14:25:15 Job executing on host: <188.184.162.9:9618?addrs=188.184.162.9-9618+[2001-1458-301-4a--100-3]-9618&alias=b7s11p5581.cern.ch&noUDP&sock=startd_2947_f9b0>
...
006 (15159766.170.000) 10/09 14:25:23 Image size of job updated: 741292
	120  -  MemoryUsage of job (MB)
	122280  -  ResidentSetSize of job (KB)
...
006 (15159766.170.000) 10/09 14:30:23 Image size of job updated: 923404
	133  -  MemoryUsage of job (MB)
	135628  -  ResidentSetSize of job (KB)
...
006 (15159766.170.000) 10/09 14:31:11 Image size of job updated: 923480
	133  -  MemoryUsage of job (MB)
	135628  -  ResidentSetSize of job (KB)
...
040 (15159766.170.000) 10/09 14:31:11 Started transferring output files
...
040 (15159766.170.000) 10/09 14:31:11 Finished transferring output files
...
005 (15159766.170.000) 10/09 14:31:11 Job terminated.
	(1) Normal termination (return value 0)
		Usr 0 00:00:19, Sys 0 00:00:01  -  Run Remote Usage
		Usr 0 00:00:00, Sys 0 00:00:00  -  Run Local Usage
		Usr 0 00:00:19, Sys 0 00:00:01  -  Total Remote Usage
		Usr 0 00:00:00, Sys 0 00:00:00  -  Total Local Usage
	8274  -  Run Bytes Sent By Job
	374  -  Run Bytes Received By Job
	8274  -  Total Bytes Sent By Job
	374  -  Total Bytes Received By Job
	Partitionable Resources :    Usage  Request Allocated 
	   Cpus                 :                 1         1 
	   Disk (KB)            :       22        1   3004409 
	   Memory (MB)          :      133     2000      2000 

	Job terminated of its own accord at 2023-10-09T12:31:11Z.
...
