000 (15150654.047.000) 09/28 14:27:13 Job submitted from host: <188.184.90.241:9618?addrs=188.184.90.241-9618+[2001-1458-201-e4--100-2eb]-9618&alias=bigbird15.cern.ch&noUDP&sock=schedd_2763_c443>
...
040 (15150654.047.000) 09/28 14:46:10 Started transferring input files
	Transferring to host: <128.142.59.135:9618?addrs=128.142.59.135-9618+[2001-1458-301-21--100-86]-9618&alias=b7s04p9835.cern.ch&noUDP&sock=slot1_5_37038_5f1b_33765>
...
040 (15150654.047.000) 09/28 14:46:11 Finished transferring input files
...
001 (15150654.047.000) 09/28 14:46:12 Job executing on host: <128.142.59.135:9618?addrs=128.142.59.135-9618+[2001-1458-301-21--100-86]-9618&alias=b7s04p9835.cern.ch&noUDP&sock=startd_2866_6a85>
...
006 (15150654.047.000) 09/28 14:46:20 Image size of job updated: 911300
	121  -  MemoryUsage of job (MB)
	123400  -  ResidentSetSize of job (KB)
...
006 (15150654.047.000) 09/28 14:50:40 Image size of job updated: 920636
	121  -  MemoryUsage of job (MB)
	123400  -  ResidentSetSize of job (KB)
...
040 (15150654.047.000) 09/28 14:50:40 Started transferring output files
...
040 (15150654.047.000) 09/28 14:50:40 Finished transferring output files
...
005 (15150654.047.000) 09/28 14:50:40 Job terminated.
	(1) Normal termination (return value 0)
		Usr 0 00:00:07, Sys 0 00:00:00  -  Run Remote Usage
		Usr 0 00:00:00, Sys 0 00:00:00  -  Run Local Usage
		Usr 0 00:00:07, Sys 0 00:00:00  -  Total Remote Usage
		Usr 0 00:00:00, Sys 0 00:00:00  -  Total Local Usage
	7780  -  Run Bytes Sent By Job
	374  -  Run Bytes Received By Job
	7780  -  Total Bytes Sent By Job
	374  -  Total Bytes Received By Job
	Partitionable Resources :    Usage  Request Allocated 
	   Cpus                 :     0.02        1         1 
	   Disk (KB)            :    29           1   1283124 
	   Memory (MB)          :   121        2000      2000 

	Job terminated of its own accord at 2023-09-28T12:50:40Z.
...
