000 (15148591.029.000) 09/26 23:15:32 Job submitted from host: <188.184.90.241:9618?addrs=188.184.90.241-9618+[2001-1458-201-e4--100-2eb]-9618&alias=bigbird15.cern.ch&noUDP&sock=schedd_2763_c443>
...
040 (15148591.029.000) 09/26 23:39:59 Started transferring input files
	Transferring to host: <188.184.163.154:9618?addrs=188.184.163.154-9618&alias=b7s12p8445.cern.ch&noUDP&sock=slot1_17_117595_10c7_104220>
...
040 (15148591.029.000) 09/26 23:39:59 Finished transferring input files
...
001 (15148591.029.000) 09/26 23:40:00 Job executing on host: <188.184.163.154:9618?addrs=188.184.163.154-9618&alias=b7s12p8445.cern.ch&noUDP&sock=startd_3687_8dc6>
...
006 (15148591.029.000) 09/26 23:40:08 Image size of job updated: 168056
	165  -  MemoryUsage of job (MB)
	168056  -  ResidentSetSize of job (KB)
...
006 (15148591.029.000) 09/26 23:45:08 Image size of job updated: 1717344
	165  -  MemoryUsage of job (MB)
	168064  -  ResidentSetSize of job (KB)
...
006 (15148591.029.000) 09/26 23:47:02 Image size of job updated: 1743976
	165  -  MemoryUsage of job (MB)
	168064  -  ResidentSetSize of job (KB)
...
040 (15148591.029.000) 09/26 23:47:02 Started transferring output files
...
040 (15148591.029.000) 09/26 23:47:02 Finished transferring output files
...
005 (15148591.029.000) 09/26 23:47:02 Job terminated.
	(1) Normal termination (return value 0)
		Usr 0 00:01:14, Sys 0 00:00:02  -  Run Remote Usage
		Usr 0 00:00:00, Sys 0 00:00:00  -  Run Local Usage
		Usr 0 00:01:14, Sys 0 00:00:02  -  Total Remote Usage
		Usr 0 00:00:00, Sys 0 00:00:00  -  Total Local Usage
	37906  -  Run Bytes Sent By Job
	323  -  Run Bytes Received By Job
	37906  -  Total Bytes Sent By Job
	323  -  Total Bytes Received By Job
	Partitionable Resources :    Usage  Request Allocated 
	   Cpus                 :     0.06        1         1 
	   Disk (KB)            :    59           1   2984640 
	   Memory (MB)          :   165        2000      2000 

	Job terminated of its own accord at 2023-09-26T21:47:02Z.
...
