000 (15155271.017.000) 10/07 16:55:47 Job submitted from host: <188.184.90.241:9618?addrs=188.184.90.241-9618+[2001-1458-201-e4--100-2eb]-9618&alias=bigbird15.cern.ch&noUDP&sock=schedd_2763_c443>
...
040 (15155271.017.000) 10/07 17:06:02 Started transferring input files
	Transferring to host: <188.184.163.118:9618?addrs=188.184.163.118-9618+[2001-1458-301-4d--100-70]-9618&alias=b7s12p6879.cern.ch&noUDP&sock=slot1_2_122757_2959_35834>
...
040 (15155271.017.000) 10/07 17:06:02 Finished transferring input files
...
001 (15155271.017.000) 10/07 17:06:03 Job executing on host: <188.184.163.118:9618?addrs=188.184.163.118-9618+[2001-1458-301-4d--100-70]-9618&alias=b7s12p6879.cern.ch&noUDP&sock=startd_98380_1359>
...
006 (15155271.017.000) 10/07 17:06:12 Image size of job updated: 61424
	53  -  MemoryUsage of job (MB)
	53596  -  ResidentSetSize of job (KB)
...
006 (15155271.017.000) 10/07 17:11:13 Image size of job updated: 1027328
	503  -  MemoryUsage of job (MB)
	514128  -  ResidentSetSize of job (KB)
...
006 (15155271.017.000) 10/07 17:16:14 Image size of job updated: 1140336
	503  -  MemoryUsage of job (MB)
	514132  -  ResidentSetSize of job (KB)
...
006 (15155271.017.000) 10/07 17:21:18 Image size of job updated: 3618156
	503  -  MemoryUsage of job (MB)
	514132  -  ResidentSetSize of job (KB)
...
006 (15155271.017.000) 10/07 17:26:33 Image size of job updated: 3863092
	503  -  MemoryUsage of job (MB)
	514132  -  ResidentSetSize of job (KB)
...
006 (15155271.017.000) 10/07 17:31:15 Image size of job updated: 3924628
	550  -  MemoryUsage of job (MB)
	562628  -  ResidentSetSize of job (KB)
...
006 (15155271.017.000) 10/07 17:34:13 Image size of job updated: 3939228
	550  -  MemoryUsage of job (MB)
	562632  -  ResidentSetSize of job (KB)
...
040 (15155271.017.000) 10/07 17:34:13 Started transferring output files
...
040 (15155271.017.000) 10/07 17:34:13 Finished transferring output files
...
005 (15155271.017.000) 10/07 17:34:13 Job terminated.
	(1) Normal termination (return value 0)
		Usr 0 00:12:56, Sys 0 00:00:25  -  Run Remote Usage
		Usr 0 00:00:00, Sys 0 00:00:00  -  Run Local Usage
		Usr 0 00:12:56, Sys 0 00:00:25  -  Total Remote Usage
		Usr 0 00:00:00, Sys 0 00:00:00  -  Total Local Usage
	83098  -  Run Bytes Sent By Job
	323  -  Run Bytes Received By Job
	83098  -  Total Bytes Sent By Job
	323  -  Total Bytes Received By Job
	Partitionable Resources :    Usage  Request Allocated 
	   Cpus                 :     0.99        1         1 
	   Disk (KB)            :   102           1   2988015 
	   Memory (MB)          :   550        2000      2000 

	Job terminated of its own accord at 2023-10-07T15:34:13Z.
...
