000 (15271413.160.000) 12/18 14:02:23 Job submitted from host: <188.184.90.241:9618?addrs=188.184.90.241-9618+[2001-1458-201-e4--100-2eb]-9618&alias=bigbird15.cern.ch&noUDP&sock=schedd_2763_c443>
...
040 (15271413.160.000) 12/18 14:06:42 Started transferring input files
	Transferring to host: <128.142.194.182:9618?addrs=128.142.194.182-9618+[2001-1458-301-13--100-36]-9618&alias=b9g30p4602.cern.ch&noUDP&sock=slot1_6_147478_57a6_90059>
...
040 (15271413.160.000) 12/18 14:06:42 Finished transferring input files
...
001 (15271413.160.000) 12/18 14:06:43 Job executing on host: <128.142.194.182:9618?addrs=128.142.194.182-9618+[2001-1458-301-13--100-36]-9618&alias=b9g30p4602.cern.ch&noUDP&sock=startd_134614_95f4>
...
006 (15271413.160.000) 12/18 14:06:51 Image size of job updated: 145912
	143  -  MemoryUsage of job (MB)
	145912  -  ResidentSetSize of job (KB)
...
040 (15271413.160.000) 12/18 14:11:18 Started transferring output files
...
040 (15271413.160.000) 12/18 14:11:19 Finished transferring output files
...
005 (15271413.160.000) 12/18 14:11:19 Job terminated.
	(1) Normal termination (return value 0)
		Usr 0 00:02:46, Sys 0 00:00:05  -  Run Remote Usage
		Usr 0 00:00:00, Sys 0 00:00:00  -  Run Local Usage
		Usr 0 00:02:46, Sys 0 00:00:05  -  Total Remote Usage
		Usr 0 00:00:00, Sys 0 00:00:00  -  Total Local Usage
	112699  -  Run Bytes Sent By Job
	269  -  Run Bytes Received By Job
	112699  -  Total Bytes Sent By Job
	269  -  Total Bytes Received By Job
	Partitionable Resources :    Usage  Request Allocated 
	   Cpus                 :                 1         1 
	   Disk (KB)            :      146        1   2830067 
	   Memory (MB)          :      143     2000      2000 

	Job terminated of its own accord at 2023-12-18T13:11:18Z.
...
