000 (14808124.048.000) 05/19 04:24:07 Job submitted from host: <188.184.90.241:9618?addrs=188.184.90.241-9618+[2001-1458-201-e4--100-2eb]-9618&alias=bigbird15.cern.ch&noUDP&sock=schedd_3273_9590>
...
040 (14808124.048.000) 05/19 04:36:08 Started transferring input files
	Transferring to host: <128.142.137.98:9618?addrs=128.142.137.98-9618+[2001-1458-301-5e--100-56]-9618&alias=b7g19p4141.cern.ch&noUDP&sock=slot1_5_5326_6612_43788>
...
040 (14808124.048.000) 05/19 04:36:08 Finished transferring input files
...
001 (14808124.048.000) 05/19 04:36:09 Job executing on host: <128.142.137.98:9618?addrs=128.142.137.98-9618+[2001-1458-301-5e--100-56]-9618&alias=b7g19p4141.cern.ch&noUDP&sock=startd_4640_3b87>
...
006 (14808124.048.000) 05/19 04:36:18 Image size of job updated: 47928
	47  -  MemoryUsage of job (MB)
	47928  -  ResidentSetSize of job (KB)
...
006 (14808124.048.000) 05/19 04:41:19 Image size of job updated: 4569524
	3906  -  MemoryUsage of job (MB)
	3999192  -  ResidentSetSize of job (KB)
...
006 (14808124.048.000) 05/19 04:46:19 Image size of job updated: 4971764
	3906  -  MemoryUsage of job (MB)
	3999192  -  ResidentSetSize of job (KB)
...
006 (14808124.048.000) 05/19 04:48:16 Image size of job updated: 5073004
	3906  -  MemoryUsage of job (MB)
	3999192  -  ResidentSetSize of job (KB)
...
040 (14808124.048.000) 05/19 04:48:16 Started transferring output files
...
040 (14808124.048.000) 05/19 04:48:16 Finished transferring output files
...
005 (14808124.048.000) 05/19 04:48:16 Job terminated.
	(1) Normal termination (return value 0)
		Usr 0 00:06:19, Sys 0 00:00:25  -  Run Remote Usage
		Usr 0 00:00:00, Sys 0 00:00:00  -  Run Local Usage
		Usr 0 00:06:19, Sys 0 00:00:25  -  Total Remote Usage
		Usr 0 00:00:00, Sys 0 00:00:00  -  Total Local Usage
	448672  -  Run Bytes Sent By Job
	269  -  Run Bytes Received By Job
	448672  -  Total Bytes Sent By Job
	269  -  Total Bytes Received By Job
	Partitionable Resources :    Usage  Request Allocated 
	   Cpus                 :     0.67        1         1 
	   Disk (KB)            :   459           1   1509830 
	   Memory (MB)          :  3906        2000      2000 

	Job terminated of its own accord at 2023-05-19T02:48:16Z.
...
