000 (15155271.034.000) 10/07 16:55:47 Job submitted from host: <188.184.90.241:9618?addrs=188.184.90.241-9618+[2001-1458-201-e4--100-2eb]-9618&alias=bigbird15.cern.ch&noUDP&sock=schedd_2763_c443>
...
040 (15155271.034.000) 10/07 17:06:05 Started transferring input files
	Transferring to host: <128.142.61.96:9618?addrs=128.142.61.96-9618+[2001-1458-301-23--100-5f]-9618&alias=b7s06p7602.cern.ch&noUDP&sock=slot1_25_12717_06de_37998>
...
040 (15155271.034.000) 10/07 17:06:05 Finished transferring input files
...
001 (15155271.034.000) 10/07 17:06:06 Job executing on host: <128.142.61.96:9618?addrs=128.142.61.96-9618+[2001-1458-301-23--100-5f]-9618&alias=b7s06p7602.cern.ch&noUDP&sock=startd_18882_0f58>
...
006 (15155271.034.000) 10/07 17:06:14 Image size of job updated: 550440
	58  -  MemoryUsage of job (MB)
	59388  -  ResidentSetSize of job (KB)
...
006 (15155271.034.000) 10/07 17:11:14 Image size of job updated: 852524
	59  -  MemoryUsage of job (MB)
	60332  -  ResidentSetSize of job (KB)
...
006 (15155271.034.000) 10/07 17:16:15 Image size of job updated: 3450444
	147  -  MemoryUsage of job (MB)
	150376  -  ResidentSetSize of job (KB)
...
006 (15155271.034.000) 10/07 17:21:16 Image size of job updated: 3646948
	339  -  MemoryUsage of job (MB)
	346836  -  ResidentSetSize of job (KB)
...
006 (15155271.034.000) 10/07 17:26:16 Image size of job updated: 3712564
	403  -  MemoryUsage of job (MB)
	412612  -  ResidentSetSize of job (KB)
...
006 (15155271.034.000) 10/07 17:27:39 Image size of job updated: 3717624
	403  -  MemoryUsage of job (MB)
	412612  -  ResidentSetSize of job (KB)
...
040 (15155271.034.000) 10/07 17:27:39 Started transferring output files
...
040 (15155271.034.000) 10/07 17:27:39 Finished transferring output files
...
005 (15155271.034.000) 10/07 17:27:39 Job terminated.
	(1) Normal termination (return value 0)
		Usr 0 00:04:19, Sys 0 00:00:07  -  Run Remote Usage
		Usr 0 00:00:00, Sys 0 00:00:00  -  Run Local Usage
		Usr 0 00:04:19, Sys 0 00:00:07  -  Total Remote Usage
		Usr 0 00:00:00, Sys 0 00:00:00  -  Total Local Usage
	66073  -  Run Bytes Sent By Job
	323  -  Run Bytes Received By Job
	66073  -  Total Bytes Sent By Job
	323  -  Total Bytes Received By Job
	Partitionable Resources :    Usage  Request Allocated 
	   Cpus                 :     0.09        1         1 
	   Disk (KB)            :    86           1   1102653 
	   Memory (MB)          :   403        2000      2000 

	Job terminated of its own accord at 2023-10-07T15:27:39Z.
...
