000 (14832095.027.000) 06/12 15:17:57 Job submitted from host: <188.184.90.241:9618?addrs=188.184.90.241-9618+[2001-1458-201-e4--100-2eb]-9618&alias=bigbird15.cern.ch&noUDP&sock=schedd_1460210_2ef4>
...
040 (14832095.027.000) 06/12 15:19:44 Started transferring input files
	Transferring to host: <128.142.63.24:9618?addrs=128.142.63.24-9618+[2001-1458-301-38--100-15]-9618&alias=b7s08p8310.cern.ch&noUDP&sock=slot1_7_4133_d281_73655>
...
040 (14832095.027.000) 06/12 15:19:44 Finished transferring input files
...
001 (14832095.027.000) 06/12 15:19:45 Job executing on host: <128.142.63.24:9618?addrs=128.142.63.24-9618+[2001-1458-301-38--100-15]-9618&alias=b7s08p8310.cern.ch&noUDP&sock=startd_3145_c971>
...
006 (14832095.027.000) 06/12 15:19:53 Image size of job updated: 553984
	47  -  MemoryUsage of job (MB)
	47656  -  ResidentSetSize of job (KB)
...
006 (14832095.027.000) 06/12 15:24:53 Image size of job updated: 1750564
	1185  -  MemoryUsage of job (MB)
	1212700  -  ResidentSetSize of job (KB)
...
006 (14832095.027.000) 06/12 15:29:54 Image size of job updated: 1775564
	1185  -  MemoryUsage of job (MB)
	1212700  -  ResidentSetSize of job (KB)
...
006 (14832095.027.000) 06/12 15:39:55 Image size of job updated: 4054704
	1185  -  MemoryUsage of job (MB)
	1212700  -  ResidentSetSize of job (KB)
...
006 (14832095.027.000) 06/12 15:49:56 Image size of job updated: 4102724
	1185  -  MemoryUsage of job (MB)
	1212700  -  ResidentSetSize of job (KB)
...
006 (14832095.027.000) 06/12 15:54:56 Image size of job updated: 4334140
	1185  -  MemoryUsage of job (MB)
	1212700  -  ResidentSetSize of job (KB)
...
006 (14832095.027.000) 06/12 15:59:56 Image size of job updated: 4342596
	1185  -  MemoryUsage of job (MB)
	1212700  -  ResidentSetSize of job (KB)
...
006 (14832095.027.000) 06/12 16:04:57 Image size of job updated: 4347124
	1185  -  MemoryUsage of job (MB)
	1212700  -  ResidentSetSize of job (KB)
...
006 (14832095.027.000) 06/12 16:09:58 Image size of job updated: 4412796
	1185  -  MemoryUsage of job (MB)
	1212700  -  ResidentSetSize of job (KB)
...
006 (14832095.027.000) 06/12 16:14:25 Image size of job updated: 4430292
	1185  -  MemoryUsage of job (MB)
	1212700  -  ResidentSetSize of job (KB)
...
040 (14832095.027.000) 06/12 16:14:25 Started transferring output files
...
040 (14832095.027.000) 06/12 16:14:25 Finished transferring output files
...
005 (14832095.027.000) 06/12 16:14:25 Job terminated.
	(1) Normal termination (return value 0)
		Usr 0 00:08:06, Sys 0 00:00:32  -  Run Remote Usage
		Usr 0 00:00:00, Sys 0 00:00:00  -  Run Local Usage
		Usr 0 00:08:06, Sys 0 00:00:32  -  Total Remote Usage
		Usr 0 00:00:00, Sys 0 00:00:00  -  Total Local Usage
	114846  -  Run Bytes Sent By Job
	323  -  Run Bytes Received By Job
	114846  -  Total Bytes Sent By Job
	323  -  Total Bytes Received By Job
	Partitionable Resources :    Usage  Request Allocated 
	   Cpus                 :     0.02        1         1 
	   Disk (KB)            :   133           1   1309909 
	   Memory (MB)          :  1185        2000      2000 

	Job terminated of its own accord at 2023-06-12T14:14:25Z.
...
