000 (14807221.028.000) 05/14 12:38:57 Job submitted from host: <188.184.90.241:9618?addrs=188.184.90.241-9618+[2001-1458-201-e4--100-2eb]-9618&alias=bigbird15.cern.ch&noUDP&sock=schedd_3273_9590>
...
040 (14807221.028.000) 05/14 12:52:19 Started transferring input files
	Transferring to host: <188.184.162.105:9618?addrs=188.184.162.105-9618+[2001-1458-301-4a--100-63]-9618&alias=b7s11p8419.cern.ch&noUDP&sock=slot1_8_4288_08a7_27694>
...
040 (14807221.028.000) 05/14 12:52:19 Finished transferring input files
...
001 (14807221.028.000) 05/14 12:52:20 Job executing on host: <188.184.162.105:9618?addrs=188.184.162.105-9618+[2001-1458-301-4a--100-63]-9618&alias=b7s11p8419.cern.ch&noUDP&sock=startd_3342_e999>
...
006 (14807221.028.000) 05/14 12:52:29 Image size of job updated: 554120
	47  -  MemoryUsage of job (MB)
	47680  -  ResidentSetSize of job (KB)
...
006 (14807221.028.000) 05/14 12:57:30 Image size of job updated: 1753172
	1260  -  MemoryUsage of job (MB)
	1289888  -  ResidentSetSize of job (KB)
...
006 (14807221.028.000) 05/14 13:02:30 Image size of job updated: 1878228
	1309  -  MemoryUsage of job (MB)
	1340084  -  ResidentSetSize of job (KB)
...
006 (14807221.028.000) 05/14 13:12:32 Image size of job updated: 4107052
	1309  -  MemoryUsage of job (MB)
	1340084  -  ResidentSetSize of job (KB)
...
006 (14807221.028.000) 05/14 13:17:32 Image size of job updated: 4394380
	1309  -  MemoryUsage of job (MB)
	1340084  -  ResidentSetSize of job (KB)
...
006 (14807221.028.000) 05/14 13:22:32 Image size of job updated: 4449420
	1309  -  MemoryUsage of job (MB)
	1340084  -  ResidentSetSize of job (KB)
...
006 (14807221.028.000) 05/14 13:27:33 Image size of job updated: 4489584
	1309  -  MemoryUsage of job (MB)
	1340084  -  ResidentSetSize of job (KB)
...
040 (14807221.028.000) 05/14 13:27:40 Started transferring output files
...
040 (14807221.028.000) 05/14 13:27:40 Finished transferring output files
...
005 (14807221.028.000) 05/14 13:27:40 Job terminated.
	(1) Normal termination (return value 0)
		Usr 0 00:12:05, Sys 0 00:00:42  -  Run Remote Usage
		Usr 0 00:00:00, Sys 0 00:00:00  -  Run Local Usage
		Usr 0 00:12:05, Sys 0 00:00:42  -  Total Remote Usage
		Usr 0 00:00:00, Sys 0 00:00:00  -  Total Local Usage
	106581  -  Run Bytes Sent By Job
	323  -  Run Bytes Received By Job
	106581  -  Total Bytes Sent By Job
	323  -  Total Bytes Received By Job
	Partitionable Resources :    Usage  Request Allocated 
	   Cpus                 :        0        1         1 
	   Disk (KB)            :      125        1   2993684 
	   Memory (MB)          :     1309     2000      2000 

	Job terminated of its own accord at 2023-05-14T11:27:40Z.
...
