000 (15159743.014.000) 10/09 07:56:33 Job submitted from host: <188.184.90.241:9618?addrs=188.184.90.241-9618+[2001-1458-201-e4--100-2eb]-9618&alias=bigbird15.cern.ch&noUDP&sock=schedd_2763_c443>
...
040 (15159743.014.000) 10/09 08:09:38 Started transferring input files
	Transferring to host: <188.184.163.76:9618?addrs=188.184.163.76-9618+[2001-1458-301-4d--100-46]-9618&alias=b7s12p1957.cern.ch&noUDP&sock=slot1_12_4619_40d5_232576>
...
040 (15159743.014.000) 10/09 08:09:38 Finished transferring input files
...
001 (15159743.014.000) 10/09 08:09:39 Job executing on host: <188.184.163.76:9618?addrs=188.184.163.76-9618+[2001-1458-301-4d--100-46]-9618&alias=b7s12p1957.cern.ch&noUDP&sock=startd_3243_01b9>
...
006 (15159743.014.000) 10/09 08:09:48 Image size of job updated: 64264
	53  -  MemoryUsage of job (MB)
	54128  -  ResidentSetSize of job (KB)
...
006 (15159743.014.000) 10/09 08:14:49 Image size of job updated: 885936
	318  -  MemoryUsage of job (MB)
	325124  -  ResidentSetSize of job (KB)
...
006 (15159743.014.000) 10/09 08:19:49 Image size of job updated: 1121960
	597  -  MemoryUsage of job (MB)
	610792  -  ResidentSetSize of job (KB)
...
006 (15159743.014.000) 10/09 08:24:49 Image size of job updated: 1338748
	835  -  MemoryUsage of job (MB)
	854352  -  ResidentSetSize of job (KB)
...
006 (15159743.014.000) 10/09 08:28:23 Image size of job updated: 3937528
	835  -  MemoryUsage of job (MB)
	854352  -  ResidentSetSize of job (KB)
...
040 (15159743.014.000) 10/09 08:28:23 Started transferring output files
...
040 (15159743.014.000) 10/09 08:28:23 Finished transferring output files
...
005 (15159743.014.000) 10/09 08:28:23 Job terminated.
	(1) Normal termination (return value 0)
		Usr 0 00:16:28, Sys 0 00:00:12  -  Run Remote Usage
		Usr 0 00:00:00, Sys 0 00:00:00  -  Run Local Usage
		Usr 0 00:16:28, Sys 0 00:00:12  -  Total Remote Usage
		Usr 0 00:00:00, Sys 0 00:00:00  -  Total Local Usage
	221688  -  Run Bytes Sent By Job
	269  -  Run Bytes Received By Job
	221688  -  Total Bytes Sent By Job
	269  -  Total Bytes Received By Job
	Partitionable Resources :    Usage  Request Allocated 
	   Cpus                 :     0.96        1         1 
	   Disk (KB)            :   238           1   3104056 
	   Memory (MB)          :   835        2000      2000 

	Job terminated of its own accord at 2023-10-09T06:28:23Z.
...
