000 (15271413.114.000) 12/18 14:02:23 Job submitted from host: <188.184.90.241:9618?addrs=188.184.90.241-9618+[2001-1458-201-e4--100-2eb]-9618&alias=bigbird15.cern.ch&noUDP&sock=schedd_2763_c443>
...
040 (15271413.114.000) 12/18 14:06:28 Started transferring input files
	Transferring to host: <128.142.194.236:9618?addrs=128.142.194.236-9618+[2001-1458-301-13--100-6c]-9618&alias=b9g30p6179.cern.ch&noUDP&sock=slot1_10_6027_510e_10344>
...
040 (15271413.114.000) 12/18 14:06:28 Finished transferring input files
...
001 (15271413.114.000) 12/18 14:06:29 Job executing on host: <128.142.194.236:9618?addrs=128.142.194.236-9618+[2001-1458-301-13--100-6c]-9618&alias=b9g30p6179.cern.ch&noUDP&sock=startd_4841_1a10>
...
006 (15271413.114.000) 12/18 14:06:38 Image size of job updated: 135224
	116  -  MemoryUsage of job (MB)
	118060  -  ResidentSetSize of job (KB)
...
006 (15271413.114.000) 12/18 14:11:39 Image size of job updated: 655960
	640  -  MemoryUsage of job (MB)
	654504  -  ResidentSetSize of job (KB)
...
006 (15271413.114.000) 12/18 14:15:44 Image size of job updated: 2893880
	640  -  MemoryUsage of job (MB)
	654504  -  ResidentSetSize of job (KB)
...
040 (15271413.114.000) 12/18 14:15:44 Started transferring output files
...
040 (15271413.114.000) 12/18 14:15:44 Finished transferring output files
...
005 (15271413.114.000) 12/18 14:15:44 Job terminated.
	(1) Normal termination (return value 0)
		Usr 0 00:07:05, Sys 0 00:00:08  -  Run Remote Usage
		Usr 0 00:00:00, Sys 0 00:00:00  -  Run Local Usage
		Usr 0 00:07:05, Sys 0 00:00:08  -  Total Remote Usage
		Usr 0 00:00:00, Sys 0 00:00:00  -  Total Local Usage
	151676  -  Run Bytes Sent By Job
	269  -  Run Bytes Received By Job
	151676  -  Total Bytes Sent By Job
	269  -  Total Bytes Received By Job
	Partitionable Resources :    Usage  Request Allocated 
	   Cpus                 :     0.95        1         1 
	   Disk (KB)            :   192           1   2835121 
	   Memory (MB)          :   640        2000      2000 

	Job terminated of its own accord at 2023-12-18T13:15:44Z.
...
