000 (15151321.111.000) 10/02 14:58:31 Job submitted from host: <188.184.90.241:9618?addrs=188.184.90.241-9618+[2001-1458-201-e4--100-2eb]-9618&alias=bigbird15.cern.ch&noUDP&sock=schedd_2763_c443>
...
040 (15151321.111.000) 10/02 15:17:16 Started transferring input files
	Transferring to host: <128.142.61.11:9618?addrs=128.142.61.11-9618+[2001-1458-301-23--100-a]-9618&alias=b7s06p7354.cern.ch&noUDP&sock=slot1_42_4124_7b21_306095>
...
040 (15151321.111.000) 10/02 15:17:16 Finished transferring input files
...
001 (15151321.111.000) 10/02 15:17:17 Job executing on host: <128.142.61.11:9618?addrs=128.142.61.11-9618+[2001-1458-301-23--100-a]-9618&alias=b7s06p7354.cern.ch&noUDP&sock=startd_2863_5bbc>
...
006 (15151321.111.000) 10/02 15:17:25 Image size of job updated: 126248
	121  -  MemoryUsage of job (MB)
	123436  -  ResidentSetSize of job (KB)
...
006 (15151321.111.000) 10/02 15:19:11 Image size of job updated: 922988
	121  -  MemoryUsage of job (MB)
	123436  -  ResidentSetSize of job (KB)
...
040 (15151321.111.000) 10/02 15:19:11 Started transferring output files
...
040 (15151321.111.000) 10/02 15:19:11 Finished transferring output files
...
005 (15151321.111.000) 10/02 15:19:11 Job terminated.
	(1) Normal termination (return value 0)
		Usr 0 00:00:11, Sys 0 00:00:00  -  Run Remote Usage
		Usr 0 00:00:00, Sys 0 00:00:00  -  Run Local Usage
		Usr 0 00:00:11, Sys 0 00:00:00  -  Total Remote Usage
		Usr 0 00:00:00, Sys 0 00:00:00  -  Total Local Usage
	7936  -  Run Bytes Sent By Job
	374  -  Run Bytes Received By Job
	7936  -  Total Bytes Sent By Job
	374  -  Total Bytes Received By Job
	Partitionable Resources :    Usage  Request Allocated 
	   Cpus                 :        0        1         1 
	   Disk (KB)            :       30        1   1343758 
	   Memory (MB)          :      121     2000      2000 

	Job terminated of its own accord at 2023-10-02T13:19:11Z.
...
