000 (15155256.003.000) 10/07 14:35:52 Job submitted from host: <188.184.90.241:9618?addrs=188.184.90.241-9618+[2001-1458-201-e4--100-2eb]-9618&alias=bigbird15.cern.ch&noUDP&sock=schedd_2763_c443>
...
040 (15155256.003.000) 10/07 14:37:46 Started transferring input files
	Transferring to host: <128.142.63.14:9618?addrs=128.142.63.14-9618+[2001-1458-301-38--100-b]-9618&alias=b7s08p4647.cern.ch&noUDP&sock=slot1_20_4410_fe6c_201858>
...
040 (15155256.003.000) 10/07 14:37:46 Finished transferring input files
...
001 (15155256.003.000) 10/07 14:37:47 Job executing on host: <128.142.63.14:9618?addrs=128.142.63.14-9618+[2001-1458-301-38--100-b]-9618&alias=b7s08p4647.cern.ch&noUDP&sock=startd_3093_1e84>
...
006 (15155256.003.000) 10/07 14:37:55 Image size of job updated: 603644
	51  -  MemoryUsage of job (MB)
	52040  -  ResidentSetSize of job (KB)
...
006 (15155256.003.000) 10/07 14:42:55 Image size of job updated: 1095860
	583  -  MemoryUsage of job (MB)
	596672  -  ResidentSetSize of job (KB)
...
006 (15155256.003.000) 10/07 14:47:56 Image size of job updated: 1372648
	583  -  MemoryUsage of job (MB)
	596672  -  ResidentSetSize of job (KB)
...
006 (15155256.003.000) 10/07 14:52:56 Image size of job updated: 3675804
	583  -  MemoryUsage of job (MB)
	596672  -  ResidentSetSize of job (KB)
...
006 (15155256.003.000) 10/07 14:57:56 Image size of job updated: 3909552
	583  -  MemoryUsage of job (MB)
	596672  -  ResidentSetSize of job (KB)
...
006 (15155256.003.000) 10/07 15:02:57 Image size of job updated: 3952464
	586  -  MemoryUsage of job (MB)
	599720  -  ResidentSetSize of job (KB)
...
006 (15155256.003.000) 10/07 15:03:07 Image size of job updated: 3952600
	586  -  MemoryUsage of job (MB)
	599720  -  ResidentSetSize of job (KB)
...
040 (15155256.003.000) 10/07 15:03:07 Started transferring output files
...
040 (15155256.003.000) 10/07 15:03:07 Finished transferring output files
...
005 (15155256.003.000) 10/07 15:03:07 Job terminated.
	(1) Normal termination (return value 0)
		Usr 0 00:10:04, Sys 0 00:00:20  -  Run Remote Usage
		Usr 0 00:00:00, Sys 0 00:00:00  -  Run Local Usage
		Usr 0 00:10:04, Sys 0 00:00:20  -  Total Remote Usage
		Usr 0 00:00:00, Sys 0 00:00:00  -  Total Local Usage
	84843  -  Run Bytes Sent By Job
	323  -  Run Bytes Received By Job
	84843  -  Total Bytes Sent By Job
	323  -  Total Bytes Received By Job
	Partitionable Resources :    Usage  Request Allocated 
	   Cpus                 :     0.06        1         1 
	   Disk (KB)            :   104           1   1209743 
	   Memory (MB)          :   586        2000      2000 

	Job terminated of its own accord at 2023-10-07T13:03:07Z.
...
