000 (15151337.039.000) 10/02 16:23:27 Job submitted from host: <188.184.90.241:9618?addrs=188.184.90.241-9618+[2001-1458-201-e4--100-2eb]-9618&alias=bigbird15.cern.ch&noUDP&sock=schedd_2763_c443>
...
040 (15151337.039.000) 10/02 16:27:17 Started transferring input files
	Transferring to host: <128.142.58.126:9618?addrs=128.142.58.126-9618+[2001-1458-301-16--100-7d]-9618&alias=b7s03p2602.cern.ch&noUDP&sock=slot1_8_4409_4a0c_207803>
...
040 (15151337.039.000) 10/02 16:27:17 Finished transferring input files
...
001 (15151337.039.000) 10/02 16:27:18 Job executing on host: <128.142.58.126:9618?addrs=128.142.58.126-9618+[2001-1458-301-16--100-7d]-9618&alias=b7s03p2602.cern.ch&noUDP&sock=startd_3133_8e4e>
...
006 (15151337.039.000) 10/02 16:27:27 Image size of job updated: 122872
	53  -  MemoryUsage of job (MB)
	54148  -  ResidentSetSize of job (KB)
...
006 (15151337.039.000) 10/02 16:32:28 Image size of job updated: 1131900
	582  -  MemoryUsage of job (MB)
	595492  -  ResidentSetSize of job (KB)
...
006 (15151337.039.000) 10/02 16:37:28 Image size of job updated: 1181964
	582  -  MemoryUsage of job (MB)
	595492  -  ResidentSetSize of job (KB)
...
006 (15151337.039.000) 10/02 16:47:30 Image size of job updated: 3556072
	582  -  MemoryUsage of job (MB)
	595492  -  ResidentSetSize of job (KB)
...
006 (15151337.039.000) 10/02 16:52:30 Image size of job updated: 3793136
	582  -  MemoryUsage of job (MB)
	595492  -  ResidentSetSize of job (KB)
...
006 (15151337.039.000) 10/02 16:57:30 Image size of job updated: 3852648
	582  -  MemoryUsage of job (MB)
	595492  -  ResidentSetSize of job (KB)
...
006 (15151337.039.000) 10/02 17:02:31 Image size of job updated: 3867092
	582  -  MemoryUsage of job (MB)
	595492  -  ResidentSetSize of job (KB)
...
006 (15151337.039.000) 10/02 17:07:32 Image size of job updated: 3873720
	582  -  MemoryUsage of job (MB)
	595492  -  ResidentSetSize of job (KB)
...
006 (15151337.039.000) 10/02 17:10:40 Image size of job updated: 3874472
	582  -  MemoryUsage of job (MB)
	595492  -  ResidentSetSize of job (KB)
...
040 (15151337.039.000) 10/02 17:10:40 Started transferring output files
...
040 (15151337.039.000) 10/02 17:10:40 Finished transferring output files
...
005 (15151337.039.000) 10/02 17:10:40 Job terminated.
	(1) Normal termination (return value 0)
		Usr 0 00:09:29, Sys 0 00:00:17  -  Run Remote Usage
		Usr 0 00:00:00, Sys 0 00:00:00  -  Run Local Usage
		Usr 0 00:09:29, Sys 0 00:00:17  -  Total Remote Usage
		Usr 0 00:00:00, Sys 0 00:00:00  -  Total Local Usage
	84506  -  Run Bytes Sent By Job
	323  -  Run Bytes Received By Job
	84506  -  Total Bytes Sent By Job
	323  -  Total Bytes Received By Job
	Partitionable Resources :    Usage  Request Allocated 
	   Cpus                 :     0.03        1         1 
	   Disk (KB)            :   104           1   1310229 
	   Memory (MB)          :   582        2000      2000 

	Job terminated of its own accord at 2023-10-02T15:10:40Z.
...
