Error in <TSystem::ExpandFileName>: input: $HOME/.root.mimes, output: $HOME/.root.mimes
Error in <TTree::SetBranchStatus>: unknown branch -> channelIdx

 *** Break *** segmentation violation



===========================================================
There was a crash.
This is the entire stack trace of all threads:
===========================================================
    gdb.printing.register_pretty_printer(gdb.current_objfile(),
    gdb.printing.register_pretty_printer(gdb.current_objfile(),
#0  0x00002aca8880160c in waitpid () from /lib64/libc.so.6
#1  0x00002aca8877ef62 in do_system () from /lib64/libc.so.6
#2  0x00002aca83cfa3fc in TUnixSystem::StackTrace() () from /usr/lib64/root/libCore.so.6.24
#3  0x00002aca83cfc31a in TUnixSystem::DispatchSignals(ESignals) () from /usr/lib64/root/libCore.so.6.24
#4  <signal handler called>
#5  0x000000000042d180 in std::vector<float, std::allocator<float> >::operator[](unsigned long) ()
#6  0x000000000042664c in main ()
===========================================================


The lines below might hint at the cause of the crash.
You may get help by asking at the ROOT forum https://root.cern.ch/forum
Only if you are really convinced it is a bug in ROOT then please submit a
report at https://root.cern.ch/bugs Please post the ENTIRE stack trace
from above as an attachment in addition to anything else
that might help us fixing this issue.
===========================================================
#5  0x000000000042d180 in std::vector<float, std::allocator<float> >::operator[](unsigned long) ()
#6  0x000000000042664c in main ()
===========================================================


Error in <TSystem::ExpandFileName>: input: $HOME/.root.mimes, output: $HOME/.root.mimes
