000 (14832095.053.000) 06/12 15:17:57 Job submitted from host: <188.184.90.241:9618?addrs=188.184.90.241-9618+[2001-1458-201-e4--100-2eb]-9618&alias=bigbird15.cern.ch&noUDP&sock=schedd_1460210_2ef4>
...
040 (14832095.053.000) 06/12 15:19:53 Started transferring input files
	Transferring to host: <128.142.59.108:9618?addrs=128.142.59.108-9618&alias=b7s04p3712.cern.ch&noUDP&sock=slot1_11_4045_d17e_56340>
...
040 (14832095.053.000) 06/12 15:19:53 Finished transferring input files
...
001 (14832095.053.000) 06/12 15:19:54 Job executing on host: <128.142.59.108:9618?addrs=128.142.59.108-9618&alias=b7s04p3712.cern.ch&noUDP&sock=startd_3018_acea>
...
006 (14832095.053.000) 06/12 15:20:03 Image size of job updated: 554124
	47  -  MemoryUsage of job (MB)
	47672  -  ResidentSetSize of job (KB)
...
006 (14832095.053.000) 06/12 15:25:04 Image size of job updated: 1772428
	1206  -  MemoryUsage of job (MB)
	1234188  -  ResidentSetSize of job (KB)
...
006 (14832095.053.000) 06/12 15:40:06 Image size of job updated: 4038788
	1206  -  MemoryUsage of job (MB)
	1234188  -  ResidentSetSize of job (KB)
...
006 (14832095.053.000) 06/12 15:50:07 Image size of job updated: 4090336
	1206  -  MemoryUsage of job (MB)
	1234188  -  ResidentSetSize of job (KB)
...
006 (14832095.053.000) 06/12 15:55:08 Image size of job updated: 4325772
	1206  -  MemoryUsage of job (MB)
	1234188  -  ResidentSetSize of job (KB)
...
006 (14832095.053.000) 06/12 16:00:09 Image size of job updated: 4333228
	1206  -  MemoryUsage of job (MB)
	1234188  -  ResidentSetSize of job (KB)
...
006 (14832095.053.000) 06/12 16:05:09 Image size of job updated: 4401640
	1206  -  MemoryUsage of job (MB)
	1234188  -  ResidentSetSize of job (KB)
...
006 (14832095.053.000) 06/12 16:09:10 Image size of job updated: 4414508
	1206  -  MemoryUsage of job (MB)
	1234188  -  ResidentSetSize of job (KB)
...
040 (14832095.053.000) 06/12 16:09:10 Started transferring output files
...
040 (14832095.053.000) 06/12 16:09:10 Finished transferring output files
...
005 (14832095.053.000) 06/12 16:09:10 Job terminated.
	(1) Normal termination (return value 0)
		Usr 0 00:08:59, Sys 0 00:00:35  -  Run Remote Usage
		Usr 0 00:00:00, Sys 0 00:00:00  -  Run Local Usage
		Usr 0 00:08:59, Sys 0 00:00:35  -  Total Remote Usage
		Usr 0 00:00:00, Sys 0 00:00:00  -  Total Local Usage
	115455  -  Run Bytes Sent By Job
	323  -  Run Bytes Received By Job
	115455  -  Total Bytes Sent By Job
	323  -  Total Bytes Received By Job
	Partitionable Resources :    Usage  Request Allocated 
	   Cpus                 :     0.06        1         1 
	   Disk (KB)            :   134           1   2911431 
	   Memory (MB)          :  1206        2000      2000 

	Job terminated of its own accord at 2023-06-12T14:09:10Z.
...
