000 (14832095.092.000) 06/12 15:17:57 Job submitted from host: <188.184.90.241:9618?addrs=188.184.90.241-9618+[2001-1458-201-e4--100-2eb]-9618&alias=bigbird15.cern.ch&noUDP&sock=schedd_1460210_2ef4>
...
040 (14832095.092.000) 06/12 15:20:05 Started transferring input files
	Transferring to host: <188.184.160.165:9618?addrs=188.184.160.165-9618+[2001-1458-301-48--100-9f]-9618&alias=b7s09p8354.cern.ch&noUDP&sock=slot1_13_121942_eb98_92943>
...
040 (14832095.092.000) 06/12 15:20:05 Finished transferring input files
...
001 (14832095.092.000) 06/12 15:20:06 Job executing on host: <188.184.160.165:9618?addrs=188.184.160.165-9618+[2001-1458-301-48--100-9f]-9618&alias=b7s09p8354.cern.ch&noUDP&sock=startd_90614_3eda>
...
006 (14832095.092.000) 06/12 15:20:15 Image size of job updated: 61220
	47  -  MemoryUsage of job (MB)
	47628  -  ResidentSetSize of job (KB)
...
006 (14832095.092.000) 06/12 15:25:16 Image size of job updated: 1198088
	691  -  MemoryUsage of job (MB)
	707396  -  ResidentSetSize of job (KB)
...
006 (14832095.092.000) 06/12 15:30:17 Image size of job updated: 1855864
	1293  -  MemoryUsage of job (MB)
	1323408  -  ResidentSetSize of job (KB)
...
006 (14832095.092.000) 06/12 15:45:18 Image size of job updated: 4041852
	1293  -  MemoryUsage of job (MB)
	1323408  -  ResidentSetSize of job (KB)
...
006 (14832095.092.000) 06/12 15:55:19 Image size of job updated: 4321848
	1293  -  MemoryUsage of job (MB)
	1323408  -  ResidentSetSize of job (KB)
...
006 (14832095.092.000) 06/12 16:00:20 Image size of job updated: 4329212
	1293  -  MemoryUsage of job (MB)
	1323408  -  ResidentSetSize of job (KB)
...
006 (14832095.092.000) 06/12 16:05:21 Image size of job updated: 4395136
	1293  -  MemoryUsage of job (MB)
	1323408  -  ResidentSetSize of job (KB)
...
006 (14832095.092.000) 06/12 16:10:16 Image size of job updated: 4419388
	1293  -  MemoryUsage of job (MB)
	1323408  -  ResidentSetSize of job (KB)
...
040 (14832095.092.000) 06/12 16:10:16 Started transferring output files
...
040 (14832095.092.000) 06/12 16:10:16 Finished transferring output files
...
005 (14832095.092.000) 06/12 16:10:16 Job terminated.
	(1) Normal termination (return value 0)
		Usr 0 00:11:38, Sys 0 00:00:45  -  Run Remote Usage
		Usr 0 00:00:00, Sys 0 00:00:00  -  Run Local Usage
		Usr 0 00:11:38, Sys 0 00:00:45  -  Total Remote Usage
		Usr 0 00:00:00, Sys 0 00:00:00  -  Total Local Usage
	120835  -  Run Bytes Sent By Job
	323  -  Run Bytes Received By Job
	120835  -  Total Bytes Sent By Job
	323  -  Total Bytes Received By Job
	Partitionable Resources :    Usage  Request Allocated 
	   Cpus                 :     1.00        1         1 
	   Disk (KB)            :   139           1   3017200 
	   Memory (MB)          :  1293        2000      2000 

	Job terminated of its own accord at 2023-06-12T14:10:16Z.
...
