000 (15155263.032.000) 10/07 15:36:06 Job submitted from host: <188.184.90.241:9618?addrs=188.184.90.241-9618+[2001-1458-201-e4--100-2eb]-9618&alias=bigbird15.cern.ch&noUDP&sock=schedd_2763_c443>
...
040 (15155263.032.000) 10/07 15:38:46 Started transferring input files
	Transferring to host: <128.142.61.127:9618?addrs=128.142.61.127-9618&alias=b7s06p4472.cern.ch&noUDP&sock=slot1_32_4030_3fdd_1160>
...
040 (15155263.032.000) 10/07 15:38:46 Finished transferring input files
...
001 (15155263.032.000) 10/07 15:38:47 Job executing on host: <128.142.61.127:9618?addrs=128.142.61.127-9618&alias=b7s06p4472.cern.ch&noUDP&sock=startd_3968_4be2>
...
006 (15155263.032.000) 10/07 15:38:55 Image size of job updated: 624596
	55  -  MemoryUsage of job (MB)
	55320  -  ResidentSetSize of job (KB)
...
006 (15155263.032.000) 10/07 15:43:55 Image size of job updated: 1131624
	607  -  MemoryUsage of job (MB)
	621128  -  ResidentSetSize of job (KB)
...
006 (15155263.032.000) 10/07 15:48:56 Image size of job updated: 1231688
	607  -  MemoryUsage of job (MB)
	621128  -  ResidentSetSize of job (KB)
...
006 (15155263.032.000) 10/07 15:53:57 Image size of job updated: 2835572
	607  -  MemoryUsage of job (MB)
	621128  -  ResidentSetSize of job (KB)
...
006 (15155263.032.000) 10/07 15:58:57 Image size of job updated: 3660612
	607  -  MemoryUsage of job (MB)
	621128  -  ResidentSetSize of job (KB)
...
006 (15155263.032.000) 10/07 16:03:58 Image size of job updated: 3868236
	607  -  MemoryUsage of job (MB)
	621128  -  ResidentSetSize of job (KB)
...
006 (15155263.032.000) 10/07 16:08:59 Image size of job updated: 3923944
	607  -  MemoryUsage of job (MB)
	621128  -  ResidentSetSize of job (KB)
...
006 (15155263.032.000) 10/07 16:13:01 Image size of job updated: 3939832
	607  -  MemoryUsage of job (MB)
	621128  -  ResidentSetSize of job (KB)
...
040 (15155263.032.000) 10/07 16:13:01 Started transferring output files
...
040 (15155263.032.000) 10/07 16:13:01 Finished transferring output files
...
005 (15155263.032.000) 10/07 16:13:01 Job terminated.
	(1) Normal termination (return value 0)
		Usr 0 00:10:07, Sys 0 00:00:16  -  Run Remote Usage
		Usr 0 00:00:00, Sys 0 00:00:00  -  Run Local Usage
		Usr 0 00:10:07, Sys 0 00:00:16  -  Total Remote Usage
		Usr 0 00:00:00, Sys 0 00:00:00  -  Total Local Usage
	84365  -  Run Bytes Sent By Job
	323  -  Run Bytes Received By Job
	84365  -  Total Bytes Sent By Job
	323  -  Total Bytes Received By Job
	Partitionable Resources :    Usage  Request Allocated 
	   Cpus                 :     0.00        1         1 
	   Disk (KB)            :   103           1   2740891 
	   Memory (MB)          :   607        2000      2000 

	Job terminated of its own accord at 2023-10-07T14:13:01Z.
...
