000 (15148591.075.000) 09/26 23:15:32 Job submitted from host: <188.184.90.241:9618?addrs=188.184.90.241-9618+[2001-1458-201-e4--100-2eb]-9618&alias=bigbird15.cern.ch&noUDP&sock=schedd_2763_c443>
...
040 (15148591.075.000) 09/26 23:30:43 Started transferring input files
	Transferring to host: <128.142.137.203:9618?addrs=128.142.137.203-9618+[2001-1458-301-5e--100-bf]-9618&alias=b7g19p1376.cern.ch&noUDP&sock=slot1_33_3228_2afc_90772>
...
040 (15148591.075.000) 09/26 23:30:43 Finished transferring input files
...
001 (15148591.075.000) 09/26 23:30:44 Job executing on host: <128.142.137.203:9618?addrs=128.142.137.203-9618+[2001-1458-301-5e--100-bf]-9618&alias=b7g19p1376.cern.ch&noUDP&sock=startd_2705_fbc5>
...
006 (15148591.075.000) 09/26 23:30:53 Image size of job updated: 581468
	80  -  MemoryUsage of job (MB)
	81580  -  ResidentSetSize of job (KB)
...
006 (15148591.075.000) 09/26 23:35:54 Image size of job updated: 966692
	440  -  MemoryUsage of job (MB)
	450204  -  ResidentSetSize of job (KB)
...
006 (15148591.075.000) 09/26 23:40:54 Image size of job updated: 1228000
	676  -  MemoryUsage of job (MB)
	691236  -  ResidentSetSize of job (KB)
...
006 (15148591.075.000) 09/26 23:45:54 Image size of job updated: 3726720
	676  -  MemoryUsage of job (MB)
	691236  -  ResidentSetSize of job (KB)
...
006 (15148591.075.000) 09/26 23:50:55 Image size of job updated: 4003968
	676  -  MemoryUsage of job (MB)
	691236  -  ResidentSetSize of job (KB)
...
006 (15148591.075.000) 09/26 23:52:13 Image size of job updated: 4012712
	676  -  MemoryUsage of job (MB)
	691236  -  ResidentSetSize of job (KB)
...
040 (15148591.075.000) 09/26 23:52:13 Started transferring output files
...
040 (15148591.075.000) 09/26 23:52:13 Finished transferring output files
...
005 (15148591.075.000) 09/26 23:52:13 Job terminated.
	(1) Normal termination (return value 0)
		Usr 0 00:16:14, Sys 0 00:00:22  -  Run Remote Usage
		Usr 0 00:00:00, Sys 0 00:00:00  -  Run Local Usage
		Usr 0 00:16:14, Sys 0 00:00:22  -  Total Remote Usage
		Usr 0 00:00:00, Sys 0 00:00:00  -  Total Local Usage
	81635  -  Run Bytes Sent By Job
	323  -  Run Bytes Received By Job
	81635  -  Total Bytes Sent By Job
	323  -  Total Bytes Received By Job
	Partitionable Resources :    Usage  Request Allocated 
	   Cpus                 :     0.17        1         1 
	   Disk (KB)            :   101           1   1699304 
	   Memory (MB)          :   676        2000      2000 

	Job terminated of its own accord at 2023-09-26T21:52:13Z.
...
