000 (15155271.037.000) 10/07 16:55:47 Job submitted from host: <188.184.90.241:9618?addrs=188.184.90.241-9618+[2001-1458-201-e4--100-2eb]-9618&alias=bigbird15.cern.ch&noUDP&sock=schedd_2763_c443>
...
040 (15155271.037.000) 10/07 17:06:03 Started transferring input files
	Transferring to host: <188.184.163.25:9618?addrs=188.184.163.25-9618+[2001-1458-301-4d--100-13]-9618&alias=b7s12p8809.cern.ch&noUDP&sock=slot1_9_179586_5540_10878>
...
040 (15155271.037.000) 10/07 17:06:03 Finished transferring input files
...
001 (15155271.037.000) 10/07 17:06:04 Job executing on host: <188.184.163.25:9618?addrs=188.184.163.25-9618+[2001-1458-301-4d--100-13]-9618&alias=b7s12p8809.cern.ch&noUDP&sock=startd_179333_19a6>
...
006 (15155271.037.000) 10/07 17:06:13 Image size of job updated: 79456
	61  -  MemoryUsage of job (MB)
	61512  -  ResidentSetSize of job (KB)
...
006 (15155271.037.000) 10/07 17:11:14 Image size of job updated: 868848
	63  -  MemoryUsage of job (MB)
	64152  -  ResidentSetSize of job (KB)
...
006 (15155271.037.000) 10/07 17:16:14 Image size of job updated: 3553092
	142  -  MemoryUsage of job (MB)
	145296  -  ResidentSetSize of job (KB)
...
006 (15155271.037.000) 10/07 17:21:14 Image size of job updated: 3795072
	378  -  MemoryUsage of job (MB)
	386152  -  ResidentSetSize of job (KB)
...
006 (15155271.037.000) 10/07 17:26:15 Image size of job updated: 3852864
	436  -  MemoryUsage of job (MB)
	446336  -  ResidentSetSize of job (KB)
...
006 (15155271.037.000) 10/07 17:29:18 Image size of job updated: 3873748
	436  -  MemoryUsage of job (MB)
	446336  -  ResidentSetSize of job (KB)
...
040 (15155271.037.000) 10/07 17:29:19 Started transferring output files
...
040 (15155271.037.000) 10/07 17:29:19 Finished transferring output files
...
005 (15155271.037.000) 10/07 17:29:19 Job terminated.
	(1) Normal termination (return value 0)
		Usr 0 00:06:19, Sys 0 00:00:11  -  Run Remote Usage
		Usr 0 00:00:00, Sys 0 00:00:00  -  Run Local Usage
		Usr 0 00:06:19, Sys 0 00:00:11  -  Total Remote Usage
		Usr 0 00:00:00, Sys 0 00:00:00  -  Total Local Usage
	71642  -  Run Bytes Sent By Job
	323  -  Run Bytes Received By Job
	71642  -  Total Bytes Sent By Job
	323  -  Total Bytes Received By Job
	Partitionable Resources :    Usage  Request Allocated 
	   Cpus                 :     0.18        1         1 
	   Disk (KB)            :    91           1   2936007 
	   Memory (MB)          :   436        2000      2000 

	Job terminated of its own accord at 2023-10-07T15:29:18Z.
...
