000 (14807272.012.000) 05/14 22:53:25 Job submitted from host: <188.184.90.241:9618?addrs=188.184.90.241-9618+[2001-1458-201-e4--100-2eb]-9618&alias=bigbird15.cern.ch&noUDP&sock=schedd_3273_9590>
...
040 (14807272.012.000) 05/14 23:06:16 Started transferring input files
	Transferring to host: <188.184.160.170:9618?addrs=188.184.160.170-9618+[2001-1458-301-48--100-a4]-9618&alias=b7s09p8757.cern.ch&noUDP&sock=slot1_8_3850_6c56_62599>
...
040 (14807272.012.000) 05/14 23:06:16 Finished transferring input files
...
001 (14807272.012.000) 05/14 23:06:17 Job executing on host: <188.184.160.170:9618?addrs=188.184.160.170-9618+[2001-1458-301-48--100-a4]-9618&alias=b7s09p8757.cern.ch&noUDP&sock=startd_3019_5c82>
...
006 (14807272.012.000) 05/14 23:06:19 Image size of job updated: 1
	0  -  MemoryUsage of job (MB)
	0  -  ResidentSetSize of job (KB)
...
040 (14807272.012.000) 05/14 23:06:20 Started transferring output files
...
040 (14807272.012.000) 05/14 23:06:20 Finished transferring output files
...
005 (14807272.012.000) 05/14 23:06:20 Job terminated.
	(1) Normal termination (return value 0)
		Usr 0 00:00:00, Sys 0 00:00:00  -  Run Remote Usage
		Usr 0 00:00:00, Sys 0 00:00:00  -  Run Local Usage
		Usr 0 00:00:00, Sys 0 00:00:00  -  Total Remote Usage
		Usr 0 00:00:00, Sys 0 00:00:00  -  Total Local Usage
	11685  -  Run Bytes Sent By Job
	323  -  Run Bytes Received By Job
	11685  -  Total Bytes Sent By Job
	323  -  Total Bytes Received By Job
	Partitionable Resources :    Usage  Request Allocated 
	   Cpus                 :                 1         1 
	   Disk (KB)            :       25        1   3108271 
	   Memory (MB)          :        0     2000      2000 

	Job terminated of its own accord at 2023-05-14T21:06:19Z.
...
