000 (14832095.043.000) 06/12 15:17:57 Job submitted from host: <188.184.90.241:9618?addrs=188.184.90.241-9618+[2001-1458-201-e4--100-2eb]-9618&alias=bigbird15.cern.ch&noUDP&sock=schedd_1460210_2ef4>
...
040 (14832095.043.000) 06/12 15:19:51 Started transferring input files
	Transferring to host: <128.142.195.157:9618?addrs=128.142.195.157-9618+[2001-1458-301-50--100-16]-9618&alias=b7g33p7726.cern.ch&noUDP&sock=slot1_11_22850_a45a_21302>
...
040 (14832095.043.000) 06/12 15:19:51 Finished transferring input files
...
001 (14832095.043.000) 06/12 15:19:52 Job executing on host: <128.142.195.157:9618?addrs=128.142.195.157-9618+[2001-1458-301-50--100-16]-9618&alias=b7g33p7726.cern.ch&noUDP&sock=startd_16552_dfad>
...
006 (14832095.043.000) 06/12 15:20:00 Image size of job updated: 48260
	47  -  MemoryUsage of job (MB)
	47628  -  ResidentSetSize of job (KB)
...
006 (14832095.043.000) 06/12 15:25:00 Image size of job updated: 1223700
	716  -  MemoryUsage of job (MB)
	732564  -  ResidentSetSize of job (KB)
...
006 (14832095.043.000) 06/12 15:30:01 Image size of job updated: 1731072
	1182  -  MemoryUsage of job (MB)
	1209668  -  ResidentSetSize of job (KB)
...
006 (14832095.043.000) 06/12 15:35:01 Image size of job updated: 2376856
	1821  -  MemoryUsage of job (MB)
	1864196  -  ResidentSetSize of job (KB)
...
006 (14832095.043.000) 06/12 15:40:01 Image size of job updated: 2839584
	2300  -  MemoryUsage of job (MB)
	2355004  -  ResidentSetSize of job (KB)
...
006 (14832095.043.000) 06/12 15:45:02 Image size of job updated: 2898184
	2326  -  MemoryUsage of job (MB)
	2381312  -  ResidentSetSize of job (KB)
...
006 (14832095.043.000) 06/12 15:50:03 Image size of job updated: 3011448
	2326  -  MemoryUsage of job (MB)
	2381312  -  ResidentSetSize of job (KB)
...
006 (14832095.043.000) 06/12 16:10:05 Image size of job updated: 4108756
	2326  -  MemoryUsage of job (MB)
	2381312  -  ResidentSetSize of job (KB)
...
006 (14832095.043.000) 06/12 16:20:06 Image size of job updated: 4158252
	2326  -  MemoryUsage of job (MB)
	2381312  -  ResidentSetSize of job (KB)
...
006 (14832095.043.000) 06/12 16:25:06 Image size of job updated: 4391808
	2326  -  MemoryUsage of job (MB)
	2381312  -  ResidentSetSize of job (KB)
...
006 (14832095.043.000) 06/12 16:30:06 Image size of job updated: 4403108
	2326  -  MemoryUsage of job (MB)
	2381312  -  ResidentSetSize of job (KB)
...
006 (14832095.043.000) 06/12 16:35:07 Image size of job updated: 4465104
	2326  -  MemoryUsage of job (MB)
	2381312  -  ResidentSetSize of job (KB)
...
006 (14832095.043.000) 06/12 16:40:08 Image size of job updated: 4479276
	2326  -  MemoryUsage of job (MB)
	2381312  -  ResidentSetSize of job (KB)
...
006 (14832095.043.000) 06/12 16:42:52 Image size of job updated: 4493116
	2326  -  MemoryUsage of job (MB)
	2381312  -  ResidentSetSize of job (KB)
...
040 (14832095.043.000) 06/12 16:42:53 Started transferring output files
...
040 (14832095.043.000) 06/12 16:42:53 Finished transferring output files
...
005 (14832095.043.000) 06/12 16:42:53 Job terminated.
	(1) Normal termination (return value 0)
		Usr 0 00:14:00, Sys 0 00:01:29  -  Run Remote Usage
		Usr 0 00:00:00, Sys 0 00:00:00  -  Run Local Usage
		Usr 0 00:14:00, Sys 0 00:01:29  -  Total Remote Usage
		Usr 0 00:00:00, Sys 0 00:00:00  -  Total Local Usage
	162162  -  Run Bytes Sent By Job
	323  -  Run Bytes Received By Job
	162162  -  Total Bytes Sent By Job
	323  -  Total Bytes Received By Job
	Partitionable Resources :    Usage  Request Allocated 
	   Cpus                 :     0.10        1         1 
	   Disk (KB)            :   180           1   2824288 
	   Memory (MB)          :  2326        2000      2000 

	Job terminated of its own accord at 2023-06-12T14:42:52Z.
...
