000 (14832095.164.000) 06/12 15:17:58 Job submitted from host: <188.184.90.241:9618?addrs=188.184.90.241-9618+[2001-1458-201-e4--100-2eb]-9618&alias=bigbird15.cern.ch&noUDP&sock=schedd_1460210_2ef4>
...
040 (14832095.164.000) 06/12 15:20:31 Started transferring input files
	Transferring to host: <188.184.160.68:9618?addrs=188.184.160.68-9618+[2001-1458-301-48--100-3e]-9618&alias=b7s09p5205.cern.ch&noUDP&sock=slot1_38_4656_52b6_83428>
...
040 (14832095.164.000) 06/12 15:20:31 Finished transferring input files
...
001 (14832095.164.000) 06/12 15:20:32 Job executing on host: <188.184.160.68:9618?addrs=188.184.160.68-9618+[2001-1458-301-48--100-3e]-9618&alias=b7s09p5205.cern.ch&noUDP&sock=startd_3269_d72f>
...
006 (14832095.164.000) 06/12 15:20:40 Image size of job updated: 554128
	47  -  MemoryUsage of job (MB)
	47684  -  ResidentSetSize of job (KB)
...
006 (14832095.164.000) 06/12 15:25:40 Image size of job updated: 1536560
	1049  -  MemoryUsage of job (MB)
	1073316  -  ResidentSetSize of job (KB)
...
006 (14832095.164.000) 06/12 15:30:41 Image size of job updated: 2036744
	1456  -  MemoryUsage of job (MB)
	1490888  -  ResidentSetSize of job (KB)
...
006 (14832095.164.000) 06/12 15:45:42 Image size of job updated: 4064524
	1456  -  MemoryUsage of job (MB)
	1490888  -  ResidentSetSize of job (KB)
...
006 (14832095.164.000) 06/12 15:50:43 Image size of job updated: 4064528
	1456  -  MemoryUsage of job (MB)
	1490888  -  ResidentSetSize of job (KB)
...
006 (14832095.164.000) 06/12 15:55:43 Image size of job updated: 4113100
	1456  -  MemoryUsage of job (MB)
	1490888  -  ResidentSetSize of job (KB)
...
006 (14832095.164.000) 06/12 16:00:43 Image size of job updated: 4348848
	1456  -  MemoryUsage of job (MB)
	1490888  -  ResidentSetSize of job (KB)
...
006 (14832095.164.000) 06/12 16:05:44 Image size of job updated: 4356652
	1456  -  MemoryUsage of job (MB)
	1490888  -  ResidentSetSize of job (KB)
...
006 (14832095.164.000) 06/12 16:10:45 Image size of job updated: 4420384
	1456  -  MemoryUsage of job (MB)
	1490888  -  ResidentSetSize of job (KB)
...
006 (14832095.164.000) 06/12 16:15:20 Image size of job updated: 4440564
	1456  -  MemoryUsage of job (MB)
	1490888  -  ResidentSetSize of job (KB)
...
040 (14832095.164.000) 06/12 16:15:21 Started transferring output files
...
040 (14832095.164.000) 06/12 16:15:21 Finished transferring output files
...
005 (14832095.164.000) 06/12 16:15:21 Job terminated.
	(1) Normal termination (return value 0)
		Usr 0 00:13:29, Sys 0 00:00:57  -  Run Remote Usage
		Usr 0 00:00:00, Sys 0 00:00:00  -  Run Local Usage
		Usr 0 00:13:29, Sys 0 00:00:57  -  Total Remote Usage
		Usr 0 00:00:00, Sys 0 00:00:00  -  Total Local Usage
	127622  -  Run Bytes Sent By Job
	323  -  Run Bytes Received By Job
	127622  -  Total Bytes Sent By Job
	323  -  Total Bytes Received By Job
	Partitionable Resources :    Usage  Request Allocated 
	   Cpus                 :     0.13        1         1 
	   Disk (KB)            :   146           1   2917279 
	   Memory (MB)          :  1456        2000      2000 

	Job terminated of its own accord at 2023-06-12T14:15:20Z.
...
