000 (15159766.038.000) 10/09 11:47:56 Job submitted from host: <188.184.90.241:9618?addrs=188.184.90.241-9618+[2001-1458-201-e4--100-2eb]-9618&alias=bigbird15.cern.ch&noUDP&sock=schedd_2763_c443>
...
040 (15159766.038.000) 10/09 14:24:42 Started transferring input files
	Transferring to host: <128.142.58.166:9618?addrs=128.142.58.166-9618+[2001-1458-301-16--100-a5]-9618&alias=b7s03p2799.cern.ch&noUDP&sock=slot1_14_20573_4a1e_34236>
...
040 (15159766.038.000) 10/09 14:24:42 Finished transferring input files
...
001 (15159766.038.000) 10/09 14:24:43 Job executing on host: <128.142.58.166:9618?addrs=128.142.58.166-9618+[2001-1458-301-16--100-a5]-9618&alias=b7s03p2799.cern.ch&noUDP&sock=startd_3041_7397>
...
006 (15159766.038.000) 10/09 14:24:51 Image size of job updated: 910016
	120  -  MemoryUsage of job (MB)
	122100  -  ResidentSetSize of job (KB)
...
006 (15159766.038.000) 10/09 14:27:38 Image size of job updated: 919400
	120  -  MemoryUsage of job (MB)
	122100  -  ResidentSetSize of job (KB)
...
040 (15159766.038.000) 10/09 14:27:38 Started transferring output files
...
040 (15159766.038.000) 10/09 14:27:38 Finished transferring output files
...
005 (15159766.038.000) 10/09 14:27:38 Job terminated.
	(1) Normal termination (return value 0)
		Usr 0 00:00:08, Sys 0 00:00:00  -  Run Remote Usage
		Usr 0 00:00:00, Sys 0 00:00:00  -  Run Local Usage
		Usr 0 00:00:08, Sys 0 00:00:00  -  Total Remote Usage
		Usr 0 00:00:00, Sys 0 00:00:00  -  Total Local Usage
	10558  -  Run Bytes Sent By Job
	374  -  Run Bytes Received By Job
	10558  -  Total Bytes Sent By Job
	374  -  Total Bytes Received By Job
	Partitionable Resources :    Usage  Request Allocated 
	   Cpus                 :                 1         1 
	   Disk (KB)            :       24        1   1235085 
	   Memory (MB)          :      120     2000      2000 

	Job terminated of its own accord at 2023-10-09T12:27:38Z.
...
