000 (14808124.011.000) 05/19 04:24:07 Job submitted from host: <188.184.90.241:9618?addrs=188.184.90.241-9618+[2001-1458-201-e4--100-2eb]-9618&alias=bigbird15.cern.ch&noUDP&sock=schedd_3273_9590>
...
040 (14808124.011.000) 05/19 04:35:44 Started transferring input files
	Transferring to host: <128.142.57.118:9618?addrs=128.142.57.118-9618+[2001-1458-301-7--100-75]-9618&alias=b7s02p2058.cern.ch&noUDP&sock=slot1_41_6233_7657_34601>
...
040 (14808124.011.000) 05/19 04:35:44 Finished transferring input files
...
001 (14808124.011.000) 05/19 04:35:45 Job executing on host: <128.142.57.118:9618?addrs=128.142.57.118-9618+[2001-1458-301-7--100-75]-9618&alias=b7s02p2058.cern.ch&noUDP&sock=startd_4704_2197>
...
006 (14808124.011.000) 05/19 04:35:54 Image size of job updated: 47788
	47  -  MemoryUsage of job (MB)
	47668  -  ResidentSetSize of job (KB)
...
006 (14808124.011.000) 05/19 04:39:27 Image size of job updated: 4258196
	47  -  MemoryUsage of job (MB)
	47668  -  ResidentSetSize of job (KB)
...
040 (14808124.011.000) 05/19 04:39:27 Started transferring output files
...
040 (14808124.011.000) 05/19 04:39:27 Finished transferring output files
...
005 (14808124.011.000) 05/19 04:39:27 Job terminated.
	(1) Normal termination (return value 0)
		Usr 0 00:02:37, Sys 0 00:00:06  -  Run Remote Usage
		Usr 0 00:00:00, Sys 0 00:00:00  -  Run Local Usage
		Usr 0 00:02:37, Sys 0 00:00:06  -  Total Remote Usage
		Usr 0 00:00:00, Sys 0 00:00:00  -  Total Local Usage
	282424  -  Run Bytes Sent By Job
	269  -  Run Bytes Received By Job
	282424  -  Total Bytes Sent By Job
	269  -  Total Bytes Received By Job
	Partitionable Resources :    Usage  Request Allocated 
	   Cpus                 :                 1         1 
	   Disk (KB)            :      289        1   1314714 
	   Memory (MB)          :       47     2000      2000 

	Job terminated of its own accord at 2023-05-19T02:39:27Z.
...
