000 (14861550.002.000) 06/22 22:11:47 Job submitted from host: <188.184.90.241:9618?addrs=188.184.90.241-9618+[2001-1458-201-e4--100-2eb]-9618&alias=bigbird15.cern.ch&noUDP&sock=schedd_1460210_2ef4>
...
040 (14861550.002.000) 06/22 22:23:53 Started transferring input files
	Transferring to host: <128.142.192.136:9618?addrs=128.142.192.136-9618+[2001-1458-301-56--100-4]-9618&alias=b7g18p6321.cern.ch&noUDP&sock=slot1_47_3485_3f67_81226>
...
040 (14861550.002.000) 06/22 22:23:53 Finished transferring input files
...
001 (14861550.002.000) 06/22 22:23:54 Job executing on host: <128.142.192.136:9618?addrs=128.142.192.136-9618+[2001-1458-301-56--100-4]-9618&alias=b7g18p6321.cern.ch&noUDP&sock=startd_3080_33c9>
...
006 (14861550.002.000) 06/22 22:24:03 Image size of job updated: 115868
	47  -  MemoryUsage of job (MB)
	47676  -  ResidentSetSize of job (KB)
...
006 (14861550.002.000) 06/22 22:29:04 Image size of job updated: 165981072
	3113  -  MemoryUsage of job (MB)
	3187268  -  ResidentSetSize of job (KB)
...
006 (14861550.002.000) 06/22 22:31:04 Image size of job updated: 166160388
	3113  -  MemoryUsage of job (MB)
	3187276  -  ResidentSetSize of job (KB)
...
040 (14861550.002.000) 06/22 22:31:04 Started transferring output files
...
040 (14861550.002.000) 06/22 22:31:04 Finished transferring output files
...
005 (14861550.002.000) 06/22 22:31:04 Job terminated.
	(1) Normal termination (return value 0)
		Usr 0 00:05:38, Sys 0 00:00:50  -  Run Remote Usage
		Usr 0 00:00:00, Sys 0 00:00:00  -  Run Local Usage
		Usr 0 00:05:38, Sys 0 00:00:50  -  Total Remote Usage
		Usr 0 00:00:00, Sys 0 00:00:00  -  Total Local Usage
	77431  -  Run Bytes Sent By Job
	323  -  Run Bytes Received By Job
	77431  -  Total Bytes Sent By Job
	323  -  Total Bytes Received By Job
	Partitionable Resources :    Usage  Request Allocated 
	   Cpus                 :     0.93        1         1 
	   Disk (KB)            :    97           1   3054602 
	   Memory (MB)          :  3113        2000      2000 

	Job terminated of its own accord at 2023-06-22T20:31:04Z.
...
