000 (14832095.081.000) 06/12 15:17:57 Job submitted from host: <188.184.90.241:9618?addrs=188.184.90.241-9618+[2001-1458-201-e4--100-2eb]-9618&alias=bigbird15.cern.ch&noUDP&sock=schedd_1460210_2ef4>
...
040 (14832095.081.000) 06/12 15:20:01 Started transferring input files
	Transferring to host: <188.184.163.181:9618?addrs=188.184.163.181-9618+[2001-1458-301-4d--100-af]-9618&alias=b7s12p1140.cern.ch&noUDP&sock=slot1_1_4177_d303_72206>
...
040 (14832095.081.000) 06/12 15:20:01 Finished transferring input files
...
001 (14832095.081.000) 06/12 15:20:02 Job executing on host: <188.184.163.181:9618?addrs=188.184.163.181-9618+[2001-1458-301-4d--100-af]-9618&alias=b7s12p1140.cern.ch&noUDP&sock=startd_3063_8aad>
...
006 (14832095.081.000) 06/12 15:20:11 Image size of job updated: 553972
	47  -  MemoryUsage of job (MB)
	47648  -  ResidentSetSize of job (KB)
...
006 (14832095.081.000) 06/12 15:25:11 Image size of job updated: 1624352
	1060  -  MemoryUsage of job (MB)
	1084808  -  ResidentSetSize of job (KB)
...
006 (14832095.081.000) 06/12 15:30:11 Image size of job updated: 1724408
	1060  -  MemoryUsage of job (MB)
	1084808  -  ResidentSetSize of job (KB)
...
006 (14832095.081.000) 06/12 15:45:13 Image size of job updated: 4026292
	1060  -  MemoryUsage of job (MB)
	1084808  -  ResidentSetSize of job (KB)
...
006 (14832095.081.000) 06/12 15:50:14 Image size of job updated: 4026696
	1060  -  MemoryUsage of job (MB)
	1084808  -  ResidentSetSize of job (KB)
...
006 (14832095.081.000) 06/12 15:55:15 Image size of job updated: 4077284
	1060  -  MemoryUsage of job (MB)
	1084808  -  ResidentSetSize of job (KB)
...
006 (14832095.081.000) 06/12 16:00:15 Image size of job updated: 4310444
	1060  -  MemoryUsage of job (MB)
	1084808  -  ResidentSetSize of job (KB)
...
006 (14832095.081.000) 06/12 16:05:15 Image size of job updated: 4320724
	1060  -  MemoryUsage of job (MB)
	1084808  -  ResidentSetSize of job (KB)
...
006 (14832095.081.000) 06/12 16:10:16 Image size of job updated: 4392784
	1060  -  MemoryUsage of job (MB)
	1084808  -  ResidentSetSize of job (KB)
...
006 (14832095.081.000) 06/12 16:13:36 Image size of job updated: 4403300
	1060  -  MemoryUsage of job (MB)
	1084808  -  ResidentSetSize of job (KB)
...
040 (14832095.081.000) 06/12 16:13:37 Started transferring output files
...
040 (14832095.081.000) 06/12 16:13:37 Finished transferring output files
...
005 (14832095.081.000) 06/12 16:13:37 Job terminated.
	(1) Normal termination (return value 0)
		Usr 0 00:10:31, Sys 0 00:00:40  -  Run Remote Usage
		Usr 0 00:00:00, Sys 0 00:00:00  -  Run Local Usage
		Usr 0 00:10:31, Sys 0 00:00:40  -  Total Remote Usage
		Usr 0 00:00:00, Sys 0 00:00:00  -  Total Local Usage
	113592  -  Run Bytes Sent By Job
	323  -  Run Bytes Received By Job
	113592  -  Total Bytes Sent By Job
	323  -  Total Bytes Received By Job
	Partitionable Resources :    Usage  Request Allocated 
	   Cpus                 :        0        1         1 
	   Disk (KB)            :      132        1   3081031 
	   Memory (MB)          :     1060     2000      2000 

	Job terminated of its own accord at 2023-06-12T14:13:36Z.
...
