Error in <TSystem::ExpandFileName>: input: $HOME/.root.mimes, output: $HOME/.root.mimes
Error in <TSystem::ExpandFileName>: input: $HOME/.root.mimes, output: $HOME/.root.mimes
Error in <TCanvas::Range>: illegal world coordinates range: x1=1.688750, y1=0.000000, x2=1.696562, y2=0.000000
Error in <TCanvas::RangeAxis>: illegal axis coordinates range: xmin=1.690000, ymin=0.000000, xmax=1.695000, ymax=0.000000
Error in <TCanvas::Range>: illegal world coordinates range: x1=1.688750, y1=0.000000, x2=1.696562, y2=0.000000
Error in <TCanvas::RangeAxis>: illegal axis coordinates range: xmin=1.690000, ymin=0.000000, xmax=1.695000, ymax=0.000000
Error in <TCanvas::Range>: illegal world coordinates range: x1=1.121875, y1=0.000000, x2=1.125781, y2=0.000000
Error in <TCanvas::RangeAxis>: illegal axis coordinates range: xmin=1.122500, ymin=0.000000, xmax=1.125000, ymax=0.000000
Error in <TCanvas::Range>: illegal world coordinates range: x1=1.121875, y1=0.000000, x2=1.125781, y2=0.000000
Error in <TCanvas::RangeAxis>: illegal axis coordinates range: xmin=1.122500, ymin=0.000000, xmax=1.125000, ymax=0.000000
Error in <TCanvas::Range>: illegal world coordinates range: x1=0.361875, y1=0.000000, x2=0.365781, y2=0.000000
Error in <TCanvas::RangeAxis>: illegal axis coordinates range: xmin=0.362500, ymin=0.000000, xmax=0.365000, ymax=0.000000
Error in <TCanvas::Range>: illegal world coordinates range: x1=0.361875, y1=0.000000, x2=0.365781, y2=0.000000
Error in <TCanvas::RangeAxis>: illegal axis coordinates range: xmin=0.362500, ymin=0.000000, xmax=0.365000, ymax=0.000000
Error in <TCanvas::Range>: illegal world coordinates range: x1=1.692500, y1=-0.160494, x2=1.692500, y2=1.074074
Error in <TCanvas::RangeAxis>: illegal axis coordinates range: xmin=1.692500, ymin=0.000000, xmax=1.692500, ymax=1.000000
Error in <TCanvas::Range>: illegal world coordinates range: x1=1.692500, y1=-0.160494, x2=1.692500, y2=1.074074
Error in <TCanvas::RangeAxis>: illegal axis coordinates range: xmin=1.692500, ymin=0.000000, xmax=1.692500, ymax=1.000000
Error in <TCanvas::Range>: illegal world coordinates range: x1=0.000000, y1=-0.160494, x2=0.000000, y2=1.074074
Error in <TCanvas::RangeAxis>: illegal axis coordinates range: xmin=0.000000, ymin=0.000000, xmax=0.000000, ymax=1.000000
Error in <TCanvas::Range>: illegal world coordinates range: x1=0.000000, y1=-0.160494, x2=0.000000, y2=1.074074
Error in <TCanvas::RangeAxis>: illegal axis coordinates range: xmin=0.000000, ymin=0.000000, xmax=0.000000, ymax=1.000000
Error in <TDecompChol::Decompose()>: matrix not positive definite
Error in <TDecompChol::Solve()>: Decomposition failed
Error in <TLinearFitter::Eval>: Matrix inversion failed
Error in <TDecompChol::Decompose()>: matrix not positive definite
Error in <TDecompChol::Solve()>: Decomposition failed
Error in <TLinearFitter::Eval>: Matrix inversion failed
Error in <TDecompChol::Decompose()>: matrix not positive definite
Error in <TDecompChol::Solve()>: Decomposition failed
Error in <TLinearFitter::Eval>: Matrix inversion failed
Error in <TDecompChol::Decompose()>: matrix not positive definite
Error in <TDecompChol::Solve()>: Decomposition failed
Error in <TLinearFitter::Eval>: Matrix inversion failed
Error in <TDecompChol::Decompose()>: matrix not positive definite
Error in <TDecompChol::Solve()>: Decomposition failed
Error in <TLinearFitter::Eval>: Matrix inversion failed
Error in <TDecompChol::Decompose()>: matrix not positive definite
Error in <TDecompChol::Solve()>: Decomposition failed
Error in <TLinearFitter::Eval>: Matrix inversion failed
Error in <TDecompChol::Decompose()>: matrix not positive definite
Error in <TDecompChol::Solve()>: Decomposition failed
Error in <TLinearFitter::Eval>: Matrix inversion failed
Error in <TDecompChol::Decompose()>: matrix not positive definite
Error in <TDecompChol::Solve()>: Decomposition failed
Error in <TLinearFitter::Eval>: Matrix inversion failed
Error in <TDecompChol::Decompose()>: matrix not positive definite
Error in <TDecompChol::Solve()>: Decomposition failed
Error in <TLinearFitter::Eval>: Matrix inversion failed
Error in <TDecompChol::Decompose()>: matrix not positive definite
Error in <TDecompChol::Solve()>: Decomposition failed
Error in <TLinearFitter::Eval>: Matrix inversion failed
Error in <TDecompChol::Decompose()>: matrix not positive definite
Error in <TDecompChol::Solve()>: Decomposition failed
Error in <TLinearFitter::Eval>: Matrix inversion failed
