000 (15151321.074.000) 10/02 14:58:31 Job submitted from host: <188.184.90.241:9618?addrs=188.184.90.241-9618+[2001-1458-201-e4--100-2eb]-9618&alias=bigbird15.cern.ch&noUDP&sock=schedd_2763_c443>
...
040 (15151321.074.000) 10/02 15:16:37 Started transferring input files
	Transferring to host: <188.184.163.43:9618?addrs=188.184.163.43-9618&alias=b7s12p6469.cern.ch&noUDP&sock=slot1_10_292082_f11e_12934>
...
040 (15151321.074.000) 10/02 15:16:37 Finished transferring input files
...
001 (15151321.074.000) 10/02 15:16:38 Job executing on host: <188.184.163.43:9618?addrs=188.184.163.43-9618&alias=b7s12p6469.cern.ch&noUDP&sock=startd_2971_6ff6>
...
006 (15151321.074.000) 10/02 15:16:40 Image size of job updated: 1
	0  -  MemoryUsage of job (MB)
	0  -  ResidentSetSize of job (KB)
...
040 (15151321.074.000) 10/02 15:16:40 Started transferring output files
...
040 (15151321.074.000) 10/02 15:16:40 Finished transferring output files
...
005 (15151321.074.000) 10/02 15:16:40 Job terminated.
	(1) Normal termination (return value 0)
		Usr 0 00:00:01, Sys 0 00:00:00  -  Run Remote Usage
		Usr 0 00:00:00, Sys 0 00:00:00  -  Run Local Usage
		Usr 0 00:00:01, Sys 0 00:00:00  -  Total Remote Usage
		Usr 0 00:00:00, Sys 0 00:00:00  -  Total Local Usage
	7867  -  Run Bytes Sent By Job
	374  -  Run Bytes Received By Job
	7867  -  Total Bytes Sent By Job
	374  -  Total Bytes Received By Job
	Partitionable Resources :    Usage  Request Allocated 
	   Cpus                 :                 1         1 
	   Disk (KB)            :       22        1   3126692 
	   Memory (MB)          :        0     2000      2000 

	Job terminated of its own accord at 2023-10-02T13:16:40Z.
...
