000 (15271413.180.000) 12/18 14:02:23 Job submitted from host: <188.184.90.241:9618?addrs=188.184.90.241-9618+[2001-1458-201-e4--100-2eb]-9618&alias=bigbird15.cern.ch&noUDP&sock=schedd_2763_c443>
...
040 (15271413.180.000) 12/18 14:06:49 Started transferring input files
	Transferring to host: <128.142.194.156:9618?addrs=128.142.194.156-9618+[2001-1458-301-13--100-1c]-9618&alias=b9g30p5365.cern.ch&noUDP&sock=slot1_29_152296_0f2a_89762>
...
040 (15271413.180.000) 12/18 14:06:49 Finished transferring input files
...
001 (15271413.180.000) 12/18 14:06:50 Job executing on host: <128.142.194.156:9618?addrs=128.142.194.156-9618+[2001-1458-301-13--100-1c]-9618&alias=b9g30p5365.cern.ch&noUDP&sock=startd_134139_c678>
...
006 (15271413.180.000) 12/18 14:06:59 Image size of job updated: 157384
	154  -  MemoryUsage of job (MB)
	157384  -  ResidentSetSize of job (KB)
...
006 (15271413.180.000) 12/18 14:12:00 Image size of job updated: 643136
	629  -  MemoryUsage of job (MB)
	643136  -  ResidentSetSize of job (KB)
...
040 (15271413.180.000) 12/18 14:15:39 Started transferring output files
...
040 (15271413.180.000) 12/18 14:15:39 Finished transferring output files
...
005 (15271413.180.000) 12/18 14:15:39 Job terminated.
	(1) Normal termination (return value 0)
		Usr 0 00:06:44, Sys 0 00:00:06  -  Run Remote Usage
		Usr 0 00:00:00, Sys 0 00:00:00  -  Run Local Usage
		Usr 0 00:06:44, Sys 0 00:00:06  -  Total Remote Usage
		Usr 0 00:00:00, Sys 0 00:00:00  -  Total Local Usage
	156867  -  Run Bytes Sent By Job
	269  -  Run Bytes Received By Job
	156867  -  Total Bytes Sent By Job
	269  -  Total Bytes Received By Job
	Partitionable Resources :    Usage  Request Allocated 
	   Cpus                 :     0.95        1         1 
	   Disk (KB)            :   197           1   2891847 
	   Memory (MB)          :   629        2000      2000 

	Job terminated of its own accord at 2023-12-18T13:15:39Z.
...
