000 (15159743.028.000) 10/09 07:56:33 Job submitted from host: <188.184.90.241:9618?addrs=188.184.90.241-9618+[2001-1458-201-e4--100-2eb]-9618&alias=bigbird15.cern.ch&noUDP&sock=schedd_2763_c443>
...
040 (15159743.028.000) 10/09 08:09:44 Started transferring input files
	Transferring to host: <188.184.162.140:9618?addrs=188.184.162.140-9618+[2001-1458-301-4a--100-86]-9618&alias=b7s11p1911.cern.ch&noUDP&sock=slot1_23_4839_435e_231614>
...
040 (15159743.028.000) 10/09 08:09:44 Finished transferring input files
...
001 (15159743.028.000) 10/09 08:09:45 Job executing on host: <188.184.162.140:9618?addrs=188.184.162.140-9618+[2001-1458-301-4a--100-86]-9618&alias=b7s11p1911.cern.ch&noUDP&sock=startd_3383_08fb>
...
006 (15159743.028.000) 10/09 08:09:54 Image size of job updated: 624188
	54  -  MemoryUsage of job (MB)
	54604  -  ResidentSetSize of job (KB)
...
006 (15159743.028.000) 10/09 08:14:55 Image size of job updated: 867108
	349  -  MemoryUsage of job (MB)
	356640  -  ResidentSetSize of job (KB)
...
006 (15159743.028.000) 10/09 08:19:55 Image size of job updated: 1142980
	618  -  MemoryUsage of job (MB)
	632512  -  ResidentSetSize of job (KB)
...
006 (15159743.028.000) 10/09 08:24:56 Image size of job updated: 3340580
	3227  -  MemoryUsage of job (MB)
	3303844  -  ResidentSetSize of job (KB)
...
006 (15159743.028.000) 10/09 08:27:52 Image size of job updated: 3933684
	3227  -  MemoryUsage of job (MB)
	3303844  -  ResidentSetSize of job (KB)
...
040 (15159743.028.000) 10/09 08:27:52 Started transferring output files
...
040 (15159743.028.000) 10/09 08:27:52 Finished transferring output files
...
005 (15159743.028.000) 10/09 08:27:52 Job terminated.
	(1) Normal termination (return value 0)
		Usr 0 00:15:55, Sys 0 00:00:14  -  Run Remote Usage
		Usr 0 00:00:00, Sys 0 00:00:00  -  Run Local Usage
		Usr 0 00:15:55, Sys 0 00:00:14  -  Total Remote Usage
		Usr 0 00:00:00, Sys 0 00:00:00  -  Total Local Usage
	223046  -  Run Bytes Sent By Job
	269  -  Run Bytes Received By Job
	223046  -  Total Bytes Sent By Job
	269  -  Total Bytes Received By Job
	Partitionable Resources :    Usage  Request Allocated 
	   Cpus                 :     0.96        1         1 
	   Disk (KB)            :   239           1   3055440 
	   Memory (MB)          :  3227        2000      2000 

	Job terminated of its own accord at 2023-10-09T06:27:52Z.
...
