000 (15271413.062.000) 12/18 14:02:22 Job submitted from host: <188.184.90.241:9618?addrs=188.184.90.241-9618+[2001-1458-201-e4--100-2eb]-9618&alias=bigbird15.cern.ch&noUDP&sock=schedd_2763_c443>
...
040 (15271413.062.000) 12/18 14:06:10 Started transferring input files
	Transferring to host: <188.184.162.190:9618?addrs=188.184.162.190-9618+[2001-1458-301-4a--100-b8]-9618&alias=b9s11p7119.cern.ch&noUDP&sock=slot1_6_126757_85fc_31108>
...
040 (15271413.062.000) 12/18 14:06:10 Finished transferring input files
...
001 (15271413.062.000) 12/18 14:06:11 Job executing on host: <188.184.162.190:9618?addrs=188.184.162.190-9618+[2001-1458-301-4a--100-b8]-9618&alias=b9s11p7119.cern.ch&noUDP&sock=startd_116763_48d8>
...
006 (15271413.062.000) 12/18 14:06:20 Image size of job updated: 450072
	440  -  MemoryUsage of job (MB)
	450072  -  ResidentSetSize of job (KB)
...
040 (15271413.062.000) 12/18 14:10:10 Started transferring output files
...
040 (15271413.062.000) 12/18 14:10:10 Finished transferring output files
...
005 (15271413.062.000) 12/18 14:10:10 Job terminated.
	(1) Normal termination (return value 0)
		Usr 0 00:02:23, Sys 0 00:00:02  -  Run Remote Usage
		Usr 0 00:00:00, Sys 0 00:00:00  -  Run Local Usage
		Usr 0 00:02:23, Sys 0 00:00:02  -  Total Remote Usage
		Usr 0 00:00:00, Sys 0 00:00:00  -  Total Local Usage
	77744  -  Run Bytes Sent By Job
	269  -  Run Bytes Received By Job
	77744  -  Total Bytes Sent By Job
	269  -  Total Bytes Received By Job
	Partitionable Resources :    Usage  Request Allocated 
	   Cpus                 :                 1         1 
	   Disk (KB)            :      112        1   2917048 
	   Memory (MB)          :      440     2000      2000 

	Job terminated of its own accord at 2023-12-18T13:10:10Z.
...
