000 (15155256.053.000) 10/07 14:35:52 Job submitted from host: <188.184.90.241:9618?addrs=188.184.90.241-9618+[2001-1458-201-e4--100-2eb]-9618&alias=bigbird15.cern.ch&noUDP&sock=schedd_2763_c443>
...
040 (15155256.053.000) 10/07 14:38:04 Started transferring input files
	Transferring to host: <128.142.63.42:9618?addrs=128.142.63.42-9618+[2001-1458-301-38--100-27]-9618&alias=b7s08p6028.cern.ch&noUDP&sock=slot1_5_10189_d277_112241>
...
040 (15155256.053.000) 10/07 14:38:04 Finished transferring input files
...
001 (15155256.053.000) 10/07 14:38:05 Job executing on host: <128.142.63.42:9618?addrs=128.142.63.42-9618+[2001-1458-301-38--100-27]-9618&alias=b7s08p6028.cern.ch&noUDP&sock=startd_2816_1ec8>
...
006 (15155256.053.000) 10/07 14:38:13 Image size of job updated: 638392
	62  -  MemoryUsage of job (MB)
	62628  -  ResidentSetSize of job (KB)
...
006 (15155256.053.000) 10/07 14:43:13 Image size of job updated: 1110924
	614  -  MemoryUsage of job (MB)
	627840  -  ResidentSetSize of job (KB)
...
006 (15155256.053.000) 10/07 14:48:14 Image size of job updated: 1262380
	614  -  MemoryUsage of job (MB)
	627840  -  ResidentSetSize of job (KB)
...
006 (15155256.053.000) 10/07 14:53:15 Image size of job updated: 3630792
	614  -  MemoryUsage of job (MB)
	627840  -  ResidentSetSize of job (KB)
...
006 (15155256.053.000) 10/07 14:58:15 Image size of job updated: 3673500
	614  -  MemoryUsage of job (MB)
	627840  -  ResidentSetSize of job (KB)
...
006 (15155256.053.000) 10/07 15:03:15 Image size of job updated: 3883776
	614  -  MemoryUsage of job (MB)
	627840  -  ResidentSetSize of job (KB)
...
006 (15155256.053.000) 10/07 15:08:16 Image size of job updated: 3950360
	614  -  MemoryUsage of job (MB)
	627840  -  ResidentSetSize of job (KB)
...
006 (15155256.053.000) 10/07 15:09:07 Image size of job updated: 3959520
	614  -  MemoryUsage of job (MB)
	627840  -  ResidentSetSize of job (KB)
...
040 (15155256.053.000) 10/07 15:09:08 Started transferring output files
...
040 (15155256.053.000) 10/07 15:09:08 Finished transferring output files
...
005 (15155256.053.000) 10/07 15:09:08 Job terminated.
	(1) Normal termination (return value 0)
		Usr 0 00:10:47, Sys 0 00:00:19  -  Run Remote Usage
		Usr 0 00:00:00, Sys 0 00:00:00  -  Run Local Usage
		Usr 0 00:10:47, Sys 0 00:00:19  -  Total Remote Usage
		Usr 0 00:00:00, Sys 0 00:00:00  -  Total Local Usage
	85512  -  Run Bytes Sent By Job
	323  -  Run Bytes Received By Job
	85512  -  Total Bytes Sent By Job
	323  -  Total Bytes Received By Job
	Partitionable Resources :    Usage  Request Allocated 
	   Cpus                 :     0.13        1         1 
	   Disk (KB)            :   105           1    998513 
	   Memory (MB)          :   614        2000      2000 

	Job terminated of its own accord at 2023-10-07T13:09:07Z.
...
