000 (14808124.044.000) 05/19 04:24:07 Job submitted from host: <188.184.90.241:9618?addrs=188.184.90.241-9618+[2001-1458-201-e4--100-2eb]-9618&alias=bigbird15.cern.ch&noUDP&sock=schedd_3273_9590>
...
040 (14808124.044.000) 05/19 04:36:08 Started transferring input files
	Transferring to host: <128.142.137.132:9618?addrs=128.142.137.132-9618+[2001-1458-301-5e--100-78]-9618&alias=b7g19p0407.cern.ch&noUDP&sock=slot1_10_8858_0321_38099>
...
040 (14808124.044.000) 05/19 04:36:08 Finished transferring input files
...
001 (14808124.044.000) 05/19 04:36:09 Job executing on host: <128.142.137.132:9618?addrs=128.142.137.132-9618+[2001-1458-301-5e--100-78]-9618&alias=b7g19p0407.cern.ch&noUDP&sock=startd_7861_9214>
...
006 (14808124.044.000) 05/19 04:36:18 Image size of job updated: 538904
	47  -  MemoryUsage of job (MB)
	47672  -  ResidentSetSize of job (KB)
...
006 (14808124.044.000) 05/19 04:41:19 Image size of job updated: 4447076
	3793  -  MemoryUsage of job (MB)
	3883848  -  ResidentSetSize of job (KB)
...
006 (14808124.044.000) 05/19 04:44:11 Image size of job updated: 4547712
	3793  -  MemoryUsage of job (MB)
	3883848  -  ResidentSetSize of job (KB)
...
040 (14808124.044.000) 05/19 04:44:11 Started transferring output files
...
040 (14808124.044.000) 05/19 04:44:11 Finished transferring output files
...
005 (14808124.044.000) 05/19 04:44:11 Job terminated.
	(1) Normal termination (return value 0)
		Usr 0 00:06:15, Sys 0 00:00:16  -  Run Remote Usage
		Usr 0 00:00:00, Sys 0 00:00:00  -  Run Local Usage
		Usr 0 00:06:15, Sys 0 00:00:16  -  Total Remote Usage
		Usr 0 00:00:00, Sys 0 00:00:00  -  Total Local Usage
	341679  -  Run Bytes Sent By Job
	269  -  Run Bytes Received By Job
	341679  -  Total Bytes Sent By Job
	269  -  Total Bytes Received By Job
	Partitionable Resources :    Usage  Request Allocated 
	   Cpus                 :     0.83        1         1 
	   Disk (KB)            :   355           1   1618518 
	   Memory (MB)          :  3793        2000      2000 

	Job terminated of its own accord at 2023-05-19T02:44:11Z.
...
