000 (15151321.121.000) 10/02 14:58:31 Job submitted from host: <188.184.90.241:9618?addrs=188.184.90.241-9618+[2001-1458-201-e4--100-2eb]-9618&alias=bigbird15.cern.ch&noUDP&sock=schedd_2763_c443>
...
040 (15151321.121.000) 10/02 15:17:40 Started transferring input files
	Transferring to host: <128.142.61.15:9618?addrs=128.142.61.15-9618+[2001-1458-301-23--100-e]-9618&alias=b7s06p7712.cern.ch&noUDP&sock=slot1_32_26223_39c3_127790>
...
040 (15151321.121.000) 10/02 15:17:40 Finished transferring input files
...
001 (15151321.121.000) 10/02 15:17:41 Job executing on host: <128.142.61.15:9618?addrs=128.142.61.15-9618+[2001-1458-301-23--100-e]-9618&alias=b7s06p7712.cern.ch&noUDP&sock=startd_26086_679c>
...
006 (15151321.121.000) 10/02 15:17:50 Image size of job updated: 743080
	122  -  MemoryUsage of job (MB)
	124464  -  ResidentSetSize of job (KB)
...
006 (15151321.121.000) 10/02 15:20:14 Image size of job updated: 922624
	122  -  MemoryUsage of job (MB)
	124464  -  ResidentSetSize of job (KB)
...
040 (15151321.121.000) 10/02 15:20:14 Started transferring output files
...
040 (15151321.121.000) 10/02 15:20:14 Finished transferring output files
...
005 (15151321.121.000) 10/02 15:20:14 Job terminated.
	(1) Normal termination (return value 0)
		Usr 0 00:00:09, Sys 0 00:00:00  -  Run Remote Usage
		Usr 0 00:00:00, Sys 0 00:00:00  -  Run Local Usage
		Usr 0 00:00:09, Sys 0 00:00:00  -  Total Remote Usage
		Usr 0 00:00:00, Sys 0 00:00:00  -  Total Local Usage
	7943  -  Run Bytes Sent By Job
	374  -  Run Bytes Received By Job
	7943  -  Total Bytes Sent By Job
	374  -  Total Bytes Received By Job
	Partitionable Resources :    Usage  Request Allocated 
	   Cpus                 :                 1         1 
	   Disk (KB)            :       23        1   1304970 
	   Memory (MB)          :      122     2000      2000 

	Job terminated of its own accord at 2023-10-02T13:20:14Z.
...
