000 (15159766.080.000) 10/09 11:47:56 Job submitted from host: <188.184.90.241:9618?addrs=188.184.90.241-9618+[2001-1458-201-e4--100-2eb]-9618&alias=bigbird15.cern.ch&noUDP&sock=schedd_2763_c443>
...
040 (15159766.080.000) 10/09 14:24:42 Started transferring input files
	Transferring to host: <188.184.163.47:9618?addrs=188.184.163.47-9618&alias=b7s12p8185.cern.ch&noUDP&sock=slot1_26_5755_ab03_230671>
...
040 (15159766.080.000) 10/09 14:24:42 Finished transferring input files
...
001 (15159766.080.000) 10/09 14:24:43 Job executing on host: <188.184.163.47:9618?addrs=188.184.163.47-9618&alias=b7s12p8185.cern.ch&noUDP&sock=startd_4948_7eb3>
...
006 (15159766.080.000) 10/09 14:24:52 Image size of job updated: 123856
	121  -  MemoryUsage of job (MB)
	123856  -  ResidentSetSize of job (KB)
...
006 (15159766.080.000) 10/09 14:29:53 Image size of job updated: 923080
	133  -  MemoryUsage of job (MB)
	135252  -  ResidentSetSize of job (KB)
...
040 (15159766.080.000) 10/09 14:30:20 Started transferring output files
...
040 (15159766.080.000) 10/09 14:30:20 Finished transferring output files
...
005 (15159766.080.000) 10/09 14:30:20 Job terminated.
	(1) Normal termination (return value 0)
		Usr 0 00:00:16, Sys 0 00:00:01  -  Run Remote Usage
		Usr 0 00:00:00, Sys 0 00:00:00  -  Run Local Usage
		Usr 0 00:00:16, Sys 0 00:00:01  -  Total Remote Usage
		Usr 0 00:00:00, Sys 0 00:00:00  -  Total Local Usage
	10604  -  Run Bytes Sent By Job
	374  -  Run Bytes Received By Job
	10604  -  Total Bytes Sent By Job
	374  -  Total Bytes Received By Job
	Partitionable Resources :    Usage  Request Allocated 
	   Cpus                 :     0.08        1         1 
	   Disk (KB)            :    31           1   3081245 
	   Memory (MB)          :   133        2000      2000 

	Job terminated of its own accord at 2023-10-09T12:30:20Z.
...
