000 (14832095.145.000) 06/12 15:17:57 Job submitted from host: <188.184.90.241:9618?addrs=188.184.90.241-9618+[2001-1458-201-e4--100-2eb]-9618&alias=bigbird15.cern.ch&noUDP&sock=schedd_1460210_2ef4>
...
040 (14832095.145.000) 06/12 15:20:24 Started transferring input files
	Transferring to host: <128.142.248.105:9618?addrs=128.142.248.105-9618+[2001-1458-301-73--100-159]-9618&alias=b7g23p1831.cern.ch&noUDP&sock=slot1_10_16984_83ac_87530>
...
040 (14832095.145.000) 06/12 15:20:24 Finished transferring input files
...
001 (14832095.145.000) 06/12 15:20:25 Job executing on host: <128.142.248.105:9618?addrs=128.142.248.105-9618+[2001-1458-301-73--100-159]-9618&alias=b7g23p1831.cern.ch&noUDP&sock=startd_16915_dc8e>
...
006 (14832095.145.000) 06/12 15:20:33 Image size of job updated: 553976
	47  -  MemoryUsage of job (MB)
	47624  -  ResidentSetSize of job (KB)
...
006 (14832095.145.000) 06/12 15:25:33 Image size of job updated: 1201936
	120  -  MemoryUsage of job (MB)
	122036  -  ResidentSetSize of job (KB)
...
006 (14832095.145.000) 06/12 15:26:06 Image size of job updated: 1205620
	120  -  MemoryUsage of job (MB)
	122036  -  ResidentSetSize of job (KB)
...
040 (14832095.145.000) 06/12 15:26:06 Started transferring output files
...
040 (14832095.145.000) 06/12 15:26:06 Finished transferring output files
...
005 (14832095.145.000) 06/12 15:26:06 Job terminated.
	(1) Normal termination (return value 0)
		Usr 0 00:02:44, Sys 0 00:00:09  -  Run Remote Usage
		Usr 0 00:00:00, Sys 0 00:00:00  -  Run Local Usage
		Usr 0 00:02:44, Sys 0 00:00:09  -  Total Remote Usage
		Usr 0 00:00:00, Sys 0 00:00:00  -  Total Local Usage
	44802  -  Run Bytes Sent By Job
	323  -  Run Bytes Received By Job
	44802  -  Total Bytes Sent By Job
	323  -  Total Bytes Received By Job
	Partitionable Resources :    Usage  Request Allocated 
	   Cpus                 :     0.13        1         1 
	   Disk (KB)            :    65           1   3072150 
	   Memory (MB)          :   120        2000      2000 

	Job terminated of its own accord at 2023-06-12T13:26:06Z.
...
