000 (15271413.072.000) 12/18 14:02:23 Job submitted from host: <188.184.90.241:9618?addrs=188.184.90.241-9618+[2001-1458-201-e4--100-2eb]-9618&alias=bigbird15.cern.ch&noUDP&sock=schedd_2763_c443>
...
040 (15271413.072.000) 12/18 14:06:14 Started transferring input files
	Transferring to host: <128.142.61.84:9618?addrs=128.142.61.84-9618+[2001-1458-301-23--100-53]-9618&alias=b9s06p1578.cern.ch&noUDP&sock=slot1_17_129985_f0ff_6819>
...
040 (15271413.072.000) 12/18 14:06:14 Finished transferring input files
...
001 (15271413.072.000) 12/18 14:06:15 Job executing on host: <128.142.61.84:9618?addrs=128.142.61.84-9618+[2001-1458-301-23--100-53]-9618&alias=b9s06p1578.cern.ch&noUDP&sock=startd_112915_e069>
...
006 (15271413.072.000) 12/18 14:06:24 Image size of job updated: 261244
	246  -  MemoryUsage of job (MB)
	251404  -  ResidentSetSize of job (KB)
...
006 (15271413.072.000) 12/18 14:11:25 Image size of job updated: 511780
	500  -  MemoryUsage of job (MB)
	511108  -  ResidentSetSize of job (KB)
...
006 (15271413.072.000) 12/18 14:16:26 Image size of job updated: 735924
	719  -  MemoryUsage of job (MB)
	735260  -  ResidentSetSize of job (KB)
...
006 (15271413.072.000) 12/18 14:21:21 Image size of job updated: 3120244
	719  -  MemoryUsage of job (MB)
	735260  -  ResidentSetSize of job (KB)
...
040 (15271413.072.000) 12/18 14:21:21 Started transferring output files
...
040 (15271413.072.000) 12/18 14:21:21 Finished transferring output files
...
005 (15271413.072.000) 12/18 14:21:21 Job terminated.
	(1) Normal termination (return value 0)
		Usr 0 00:11:27, Sys 0 00:00:08  -  Run Remote Usage
		Usr 0 00:00:00, Sys 0 00:00:00  -  Run Local Usage
		Usr 0 00:11:27, Sys 0 00:00:08  -  Total Remote Usage
		Usr 0 00:00:00, Sys 0 00:00:00  -  Total Local Usage
	189572  -  Run Bytes Sent By Job
	269  -  Run Bytes Received By Job
	189572  -  Total Bytes Sent By Job
	269  -  Total Bytes Received By Job
	Partitionable Resources :    Usage  Request Allocated 
	   Cpus                 :     0.91        1         1 
	   Disk (KB)            :   229           1   3054086 
	   Memory (MB)          :   719        2000      2000 

	Job terminated of its own accord at 2023-12-18T13:21:21Z.
...
