000 (14807383.023.000) 05/15 18:20:36 Job submitted from host: <188.184.90.241:9618?addrs=188.184.90.241-9618+[2001-1458-201-e4--100-2eb]-9618&alias=bigbird15.cern.ch&noUDP&sock=schedd_3273_9590>
...
040 (14807383.023.000) 05/15 18:34:10 Started transferring input files
	Transferring to host: <128.142.193.199:9618?addrs=128.142.193.199-9618+[2001-1458-301-8--100-43]-9618&alias=b7g21p0348.cern.ch&noUDP&sock=slot1_3_4379_26cb_32685>
...
040 (14807383.023.000) 05/15 18:34:10 Finished transferring input files
...
001 (14807383.023.000) 05/15 18:34:11 Job executing on host: <128.142.193.199:9618?addrs=128.142.193.199-9618+[2001-1458-301-8--100-43]-9618&alias=b7g21p0348.cern.ch&noUDP&sock=startd_3237_e427>
...
006 (14807383.023.000) 05/15 18:34:20 Image size of job updated: 554132
	47  -  MemoryUsage of job (MB)
	47692  -  ResidentSetSize of job (KB)
...
006 (14807383.023.000) 05/15 18:39:21 Image size of job updated: 1822056
	1254  -  MemoryUsage of job (MB)
	1283764  -  ResidentSetSize of job (KB)
...
006 (14807383.023.000) 05/15 18:54:23 Image size of job updated: 4326964
	1254  -  MemoryUsage of job (MB)
	1283764  -  ResidentSetSize of job (KB)
...
006 (14807383.023.000) 05/15 18:59:24 Image size of job updated: 4395876
	1254  -  MemoryUsage of job (MB)
	1283764  -  ResidentSetSize of job (KB)
...
006 (14807383.023.000) 05/15 19:04:24 Image size of job updated: 4418804
	1254  -  MemoryUsage of job (MB)
	1283764  -  ResidentSetSize of job (KB)
...
006 (14807383.023.000) 05/15 19:05:40 Image size of job updated: 4420928
	1254  -  MemoryUsage of job (MB)
	1283764  -  ResidentSetSize of job (KB)
...
040 (14807383.023.000) 05/15 19:05:40 Started transferring output files
...
040 (14807383.023.000) 05/15 19:05:40 Finished transferring output files
...
005 (14807383.023.000) 05/15 19:05:40 Job terminated.
	(1) Normal termination (return value 0)
		Usr 0 00:10:38, Sys 0 00:00:42  -  Run Remote Usage
		Usr 0 00:00:00, Sys 0 00:00:00  -  Run Local Usage
		Usr 0 00:10:38, Sys 0 00:00:42  -  Total Remote Usage
		Usr 0 00:00:00, Sys 0 00:00:00  -  Total Local Usage
	117945  -  Run Bytes Sent By Job
	323  -  Run Bytes Received By Job
	117945  -  Total Bytes Sent By Job
	323  -  Total Bytes Received By Job
	Partitionable Resources :    Usage  Request Allocated 
	   Cpus                 :     0.36        1         1 
	   Disk (KB)            :   136           1   1345126 
	   Memory (MB)          :  1254        2000      2000 

	Job terminated of its own accord at 2023-05-15T17:05:40Z.
...
