Error in <TSystem::ExpandFileName>: input: $HOME/.root.mimes, output: $HOME/.root.mimes
Error in <TSystem::ExpandFileName>: input: $HOME/.root.mimes, output: $HOME/.root.mimes
Error in <TBasket::Streamer>: The value of fKeylen is incorrect (-28867) ; trying to recover by setting it to zero
Error in <TBasket::Streamer>: The value of fNbytes is incorrect (-508645091) ; trying to recover by setting it to zero
Error in <TBranchElement::GetBasket>: File: /afs/cern.ch/user/s/spalluot/MTD/TB_CERN_Sep23/Lab5015Analysis/plots/moduleCharacterization_step1_HPK_2E14_LYSO300032_Vov0.60_angle64_T-35C.root at byte:3717320523096127013, branch:event, entry:0, badread=1, nerrors=1, basketnumber=0
Error in <TBasket::Streamer>: The value of fKeylen is incorrect (-28867) ; trying to recover by setting it to zero
Error in <TBasket::Streamer>: The value of fNbytes is incorrect (-508645091) ; trying to recover by setting it to zero
Error in <TBranchElement::GetBasket>: File: /afs/cern.ch/user/s/spalluot/MTD/TB_CERN_Sep23/Lab5015Analysis/plots/moduleCharacterization_step1_HPK_2E14_LYSO300032_Vov0.60_angle64_T-35C.root at byte:3717320523096127013, branch:event, entry:1, badread=1, nerrors=2, basketnumber=0
Error in <TBasket::Streamer>: The value of fKeylen is incorrect (-28867) ; trying to recover by setting it to zero
Error in <TBasket::Streamer>: The value of fNbytes is incorrect (-508645091) ; trying to recover by setting it to zero
Error in <TBranchElement::GetBasket>: File: /afs/cern.ch/user/s/spalluot/MTD/TB_CERN_Sep23/Lab5015Analysis/plots/moduleCharacterization_step1_HPK_2E14_LYSO300032_Vov0.60_angle64_T-35C.root at byte:3717320523096127013, branch:event, entry:2, badread=1, nerrors=3, basketnumber=0
Error in <TBasket::Streamer>: The value of fKeylen is incorrect (-28867) ; trying to recover by setting it to zero
Error in <TBasket::Streamer>: The value of fNbytes is incorrect (-508645091) ; trying to recover by setting it to zero
Error in <TBranchElement::GetBasket>: File: /afs/cern.ch/user/s/spalluot/MTD/TB_CERN_Sep23/Lab5015Analysis/plots/moduleCharacterization_step1_HPK_2E14_LYSO300032_Vov0.60_angle64_T-35C.root at byte:3717320523096127013, branch:event, entry:3, badread=1, nerrors=4, basketnumber=0
Error in <TBasket::Streamer>: The value of fKeylen is incorrect (-28867) ; trying to recover by setting it to zero
Error in <TBasket::Streamer>: The value of fNbytes is incorrect (-508645091) ; trying to recover by setting it to zero
Error in <TBranchElement::GetBasket>: File: /afs/cern.ch/user/s/spalluot/MTD/TB_CERN_Sep23/Lab5015Analysis/plots/moduleCharacterization_step1_HPK_2E14_LYSO300032_Vov0.60_angle64_T-35C.root at byte:3717320523096127013, branch:event, entry:4, badread=1, nerrors=5, basketnumber=0
Error in <TBasket::Streamer>: The value of fKeylen is incorrect (-28867) ; trying to recover by setting it to zero
Error in <TBasket::Streamer>: The value of fNbytes is incorrect (-508645091) ; trying to recover by setting it to zero
Error in <TBranchElement::GetBasket>: File: /afs/cern.ch/user/s/spalluot/MTD/TB_CERN_Sep23/Lab5015Analysis/plots/moduleCharacterization_step1_HPK_2E14_LYSO300032_Vov0.60_angle64_T-35C.root at byte:3717320523096127013, branch:event, entry:5, badread=1, nerrors=6, basketnumber=0
Error in <TBasket::Streamer>: The value of fKeylen is incorrect (-28867) ; trying to recover by setting it to zero
Error in <TBasket::Streamer>: The value of fNbytes is incorrect (-508645091) ; trying to recover by setting it to zero
Error in <TBranchElement::GetBasket>: File: /afs/cern.ch/user/s/spalluot/MTD/TB_CERN_Sep23/Lab5015Analysis/plots/moduleCharacterization_step1_HPK_2E14_LYSO300032_Vov0.60_angle64_T-35C.root at byte:3717320523096127013, branch:event, entry:6, badread=1, nerrors=7, basketnumber=0
Error in <TBasket::Streamer>: The value of fKeylen is incorrect (-28867) ; trying to recover by setting it to zero
Error in <TBasket::Streamer>: The value of fNbytes is incorrect (-508645091) ; trying to recover by setting it to zero
Error in <TBranchElement::GetBasket>: File: /afs/cern.ch/user/s/spalluot/MTD/TB_CERN_Sep23/Lab5015Analysis/plots/moduleCharacterization_step1_HPK_2E14_LYSO300032_Vov0.60_angle64_T-35C.root at byte:3717320523096127013, branch:event, entry:7, badread=1, nerrors=8, basketnumber=0
Error in <TBasket::Streamer>: The value of fKeylen is incorrect (-28867) ; trying to recover by setting it to zero
Error in <TBasket::Streamer>: The value of fNbytes is incorrect (-508645091) ; trying to recover by setting it to zero
Error in <TBranchElement::GetBasket>: File: /afs/cern.ch/user/s/spalluot/MTD/TB_CERN_Sep23/Lab5015Analysis/plots/moduleCharacterization_step1_HPK_2E14_LYSO300032_Vov0.60_angle64_T-35C.root at byte:3717320523096127013, branch:event, entry:8, badread=1, nerrors=9, basketnumber=0
Error in <TBasket::Streamer>: The value of fKeylen is incorrect (-28867) ; trying to recover by setting it to zero
Error in <TBasket::Streamer>: The value of fNbytes is incorrect (-508645091) ; trying to recover by setting it to zero
Error in <TBranchElement::GetBasket>: File: /afs/cern.ch/user/s/spalluot/MTD/TB_CERN_Sep23/Lab5015Analysis/plots/moduleCharacterization_step1_HPK_2E14_LYSO300032_Vov0.60_angle64_T-35C.root at byte:3717320523096127013, branch:event, entry:9, badread=1, nerrors=10, basketnumber=0
Error in <TBasket::Streamer>: The value of fKeylen is incorrect (-28867) ; trying to recover by setting it to zero
Error in <TBasket::Streamer>: The value of fNbytes is incorrect (-508645091) ; trying to recover by setting it to zero
Error in <TBasket::Streamer>: The value of fKeylen is incorrect (-28867) ; trying to recover by setting it to zero
Error in <TBasket::Streamer>: The value of fNbytes is incorrect (-508645091) ; trying to recover by setting it to zero
Error in <TBasket::Streamer>: The value of fKeylen is incorrect (-28867) ; trying to recover by setting it to zero
Error in <TBasket::Streamer>: The value of fNbytes is incorrect (-508645091) ; trying to recover by setting it to zero
Error in <TBasket::Streamer>: The value of fKeylen is incorrect (-28867) ; trying to recover by setting it to zero
Error in <TBasket::Streamer>: The value of fNbytes is incorrect (-508645091) ; trying to recover by setting it to zero
Error in <TBasket::Streamer>: The value of fKeylen is incorrect (-28867) ; trying to recover by setting it to zero
Error in <TBasket::Streamer>: The value of fNbytes is incorrect (-508645091) ; trying to recover by setting it to zero
Error in <TBasket::Streamer>: The value of fKeylen is incorrect (-28867) ; trying to recover by setting it to zero
Error in <TBasket::Streamer>: The value of fNbytes is incorrect (-508645091) ; trying to recover by setting it to zero
Error in <TBasket::Streamer>: The value of fKeylen is incorrect (-28867) ; trying to recover by setting it to zero
Error in <TBasket::Streamer>: The value of fNbytes is incorrect (-508645091) ; trying to recover by setting it to zero
Error in <TBasket::Streamer>: The value of fKeylen is incorrect (-28867) ; trying to recover by setting it to zero
Error in <TBasket::Streamer>: The value of fNbytes is incorrect (-508645091) ; trying to recover by setting it to zero
Error in <TBasket::Streamer>: The value of fKeylen is incorrect (-28867) ; trying to recover by setting it to zero
Error in <TBasket::Streamer>: The value of fNbytes is incorrect (-508645091) ; trying to recover by setting it to zero
Error in <TBasket::Streamer>: The value of fKeylen is incorrect (-28867) ; trying to recover by setting it to zero
Error in <TBasket::Streamer>: The value of fNbytes is incorrect (-508645091) ; trying to recover by setting it to zero
Error in <TBasket::Streamer>: The value of fKeylen is incorrect (-28867) ; trying to recover by setting it to zero
Error in <TBasket::Streamer>: The value of fNbytes is incorrect (-508645091) ; trying to recover by setting it to zero
Error in <TBasket::Streamer>: The value of fKeylen is incorrect (-28867) ; trying to recover by setting it to zero
Error in <TBasket::Streamer>: The value of fNbytes is incorrect (-508645091) ; trying to recover by setting it to zero
Error in <TBasket::Streamer>: The value of fKeylen is incorrect (-28867) ; trying to recover by setting it to zero
Error in <TBasket::Streamer>: The value of fNbytes is incorrect (-508645091) ; trying to recover by setting it to zero
Error in <TBasket::Streamer>: The value of fKeylen is incorrect (-28867) ; trying to recover by setting it to zero
Error in <TBasket::Streamer>: The value of fNbytes is incorrect (-508645091) ; trying to recover by setting it to zero
Error in <TBasket::Streamer>: The value of fKeylen is incorrect (-28867) ; trying to recover by setting it to zero
Error in <TBasket::Streamer>: The value of fNbytes is incorrect (-508645091) ; trying to recover by setting it to zero
Error in <TBasket::Streamer>: The value of fKeylen is incorrect (-28867) ; trying to recover by setting it to zero
Error in <TBasket::Streamer>: The value of fNbytes is incorrect (-508645091) ; trying to recover by setting it to zero
Error in <TBasket::Streamer>: The value of fKeylen is incorrect (-28867) ; trying to recover by setting it to zero
Error in <TBasket::Streamer>: The value of fNbytes is incorrect (-508645091) ; trying to recover by setting it to zero
Error in <TBasket::Streamer>: The value of fKeylen is incorrect (-28867) ; trying to recover by setting it to zero
Error in <TBasket::Streamer>: The value of fNbytes is incorrect (-508645091) ; trying to recover by setting it to zero
Error in <TBasket::Streamer>: The value of fKeylen is incorrect (-28867) ; trying to recover by setting it to zero
Error in <TBasket::Streamer>: The value of fNbytes is incorrect (-508645091) ; trying to recover by setting it to zero
Error in <TBasket::Streamer>: The value of fKeylen is incorrect (-28867) ; trying to recover by setting it to zero
Error in <TBasket::Streamer>: The value of fNbytes is incorrect (-508645091) ; trying to recover by setting it to zero
Error in <TBasket::Streamer>: The value of fKeylen is incorrect (-28867) ; trying to recover by setting it to zero
Error in <TBasket::Streamer>: The value of fNbytes is incorrect (-508645091) ; trying to recover by setting it to zero
Error in <TBasket::Streamer>: The value of fKeylen is incorrect (-28867) ; trying to recover by setting it to zero
Error in <TBasket::Streamer>: The value of fNbytes is incorrect (-508645091) ; trying to recover by setting it to zero
Error in <TBasket::Streamer>: The value of fKeylen is incorrect (-28867) ; trying to recover by setting it to zero
Error in <TBasket::Streamer>: The value of fNbytes is incorrect (-508645091) ; trying to recover by setting it to zero
Error in <TBasket::Streamer>: The value of fKeylen is incorrect (-28867) ; trying to recover by setting it to zero
Error in <TBasket::Streamer>: The value of fNbytes is incorrect (-508645091) ; trying to recover by setting it to zero
Error in <TBasket::Streamer>: The value of fKeylen is incorrect (-28867) ; trying to recover by setting it to zero
Error in <TBasket::Streamer>: The value of fNbytes is incorrect (-508645091) ; trying to recover by setting it to zero
Error in <TBasket::Streamer>: The value of fKeylen is incorrect (-28867) ; trying to recover by setting it to zero
Error in <TBasket::Streamer>: The value of fNbytes is incorrect (-508645091) ; trying to recover by setting it to zero
Error in <TBasket::Streamer>: The value of fKeylen is incorrect (-28867) ; trying to recover by setting it to zero
Error in <TBasket::Streamer>: The value of fNbytes is incorrect (-508645091) ; trying to recover by setting it to zero
Error in <TBasket::Streamer>: The value of fKeylen is incorrect (-28867) ; trying to recover by setting it to zero
Error in <TBasket::Streamer>: The value of fNbytes is incorrect (-508645091) ; trying to recover by setting it to zero
Error in <TBasket::Streamer>: The value of fKeylen is incorrect (-28867) ; trying to recover by setting it to zero
Error in <TBasket::Streamer>: The value of fNbytes is incorrect (-508645091) ; trying to recover by setting it to zero
Error in <TBasket::Streamer>: The value of fKeylen is incorrect (-28867) ; trying to recover by setting it to zero
Error in <TBasket::Streamer>: The value of fNbytes is incorrect (-508645091) ; trying to recover by setting it to zero
Error in <TBasket::Streamer>: The value of fKeylen is incorrect (-28867) ; trying to recover by setting it to zero
Error in <TBasket::Streamer>: The value of fNbytes is incorrect (-508645091) ; trying to recover by setting it to zero
Error in <TBasket::Streamer>: The value of fKeylen is incorrect (-28867) ; trying to recover by setting it to zero
Error in <TBasket::Streamer>: The value of fNbytes is incorrect (-508645091) ; trying to recover by setting it to zero
Error in <TBasket::Streamer>: The value of fKeylen is incorrect (-28867) ; trying to recover by setting it to zero
Error in <TBasket::Streamer>: The value of fNbytes is incorrect (-508645091) ; trying to recover by setting it to zero
Error in <TBasket::Streamer>: The value of fKeylen is incorrect (-28867) ; trying to recover by setting it to zero
Error in <TBasket::Streamer>: The value of fNbytes is incorrect (-508645091) ; trying to recover by setting it to zero
Error in <TBasket::Streamer>: The value of fKeylen is incorrect (-28867) ; trying to recover by setting it to zero
Error in <TBasket::Streamer>: The value of fNbytes is incorrect (-508645091) ; trying to recover by setting it to zero
Error in <TBasket::Streamer>: The value of fKeylen is incorrect (-28867) ; trying to recover by setting it to zero
Error in <TBasket::Streamer>: The value of fNbytes is incorrect (-508645091) ; trying to recover by setting it to zero
Error in <TBasket::Streamer>: The value of fKeylen is incorrect (-28867) ; trying to recover by setting it to zero
Error in <TBasket::Streamer>: The value of fNbytes is incorrect (-508645091) ; trying to recover by setting it to zero
Error in <TBasket::Streamer>: The value of fKeylen is incorrect (-28867) ; trying to recover by setting it to zero
Error in <TBasket::Streamer>: The value of fNbytes is incorrect (-508645091) ; trying to recover by setting it to zero
Error in <TBasket::Streamer>: The value of fKeylen is incorrect (-28867) ; trying to recover by setting it to zero
Error in <TBasket::Streamer>: The value of fNbytes is incorrect (-508645091) ; trying to recover by setting it to zero
Error in <TBasket::Streamer>: The value of fKeylen is incorrect (-28867) ; trying to recover by setting it to zero
Error in <TBasket::Streamer>: The value of fNbytes is incorrect (-508645091) ; trying to recover by setting it to zero
Error in <TBasket::Streamer>: The value of fKeylen is incorrect (-28867) ; trying to recover by setting it to zero
Error in <TBasket::Streamer>: The value of fNbytes is incorrect (-508645091) ; trying to recover by setting it to zero
Error in <TBasket::Streamer>: The value of fKeylen is incorrect (-28867) ; trying to recover by setting it to zero
Error in <TBasket::Streamer>: The value of fNbytes is incorrect (-508645091) ; trying to recover by setting it to zero
Error in <TBasket::Streamer>: The value of fKeylen is incorrect (-28867) ; trying to recover by setting it to zero
Error in <TBasket::Streamer>: The value of fNbytes is incorrect (-508645091) ; trying to recover by setting it to zero
Error in <TBasket::Streamer>: The value of fKeylen is incorrect (-28867) ; trying to recover by setting it to zero
Error in <TBasket::Streamer>: The value of fNbytes is incorrect (-508645091) ; trying to recover by setting it to zero
Error in <TBasket::Streamer>: The value of fKeylen is incorrect (-28867) ; trying to recover by setting it to zero
Error in <TBasket::Streamer>: The value of fNbytes is incorrect (-508645091) ; trying to recover by setting it to zero
Error in <TBasket::Streamer>: The value of fKeylen is incorrect (-28867) ; trying to recover by setting it to zero
Error in <TBasket::Streamer>: The value of fNbytes is incorrect (-508645091) ; trying to recover by setting it to zero
Error in <TBasket::Streamer>: The value of fKeylen is incorrect (-28867) ; trying to recover by setting it to zero
Error in <TBasket::Streamer>: The value of fNbytes is incorrect (-508645091) ; trying to recover by setting it to zero
Error in <TBasket::Streamer>: The value of fKeylen is incorrect (-28867) ; trying to recover by setting it to zero
Error in <TBasket::Streamer>: The value of fNbytes is incorrect (-508645091) ; trying to recover by setting it to zero
Error in <TBasket::Streamer>: The value of fKeylen is incorrect (-28867) ; trying to recover by setting it to zero
Error in <TBasket::Streamer>: The value of fNbytes is incorrect (-508645091) ; trying to recover by setting it to zero
Error in <TBasket::Streamer>: The value of fKeylen is incorrect (-28867) ; trying to recover by setting it to zero
Error in <TBasket::Streamer>: The value of fNbytes is incorrect (-508645091) ; trying to recover by setting it to zero
Error in <TBasket::Streamer>: The value of fKeylen is incorrect (-28867) ; trying to recover by setting it to zero
Error in <TBasket::Streamer>: The value of fNbytes is incorrect (-508645091) ; trying to recover by setting it to zero
Error in <TBasket::Streamer>: The value of fKeylen is incorrect (-28867) ; trying to recover by setting it to zero
Error in <TBasket::Streamer>: The value of fNbytes is incorrect (-508645091) ; trying to recover by setting it to zero
Error in <TBasket::Streamer>: The value of fKeylen is incorrect (-28867) ; trying to recover by setting it to zero
Error in <TBasket::Streamer>: The value of fNbytes is incorrect (-508645091) ; trying to recover by setting it to zero
Error in <TBasket::Streamer>: The value of fKeylen is incorrect (-28867) ; trying to recover by setting it to zero
Error in <TBasket::Streamer>: The value of fNbytes is incorrect (-508645091) ; trying to recover by setting it to zero
Error in <TBasket::Streamer>: The value of fKeylen is incorrect (-28867) ; trying to recover by setting it to zero
Error in <TBasket::Streamer>: The value of fNbytes is incorrect (-508645091) ; trying to recover by setting it to zero
Error in <TBasket::Streamer>: The value of fKeylen is incorrect (-28867) ; trying to recover by setting it to zero
Error in <TBasket::Streamer>: The value of fNbytes is incorrect (-508645091) ; trying to recover by setting it to zero
Error in <TBasket::Streamer>: The value of fKeylen is incorrect (-28867) ; trying to recover by setting it to zero
Error in <TBasket::Streamer>: The value of fNbytes is incorrect (-508645091) ; trying to recover by setting it to zero
Error in <TBasket::Streamer>: The value of fKeylen is incorrect (-28867) ; trying to recover by setting it to zero
Error in <TBasket::Streamer>: The value of fNbytes is incorrect (-508645091) ; trying to recover by setting it to zero
Error in <TBasket::Streamer>: The value of fKeylen is incorrect (-28867) ; trying to recover by setting it to zero
Error in <TBasket::Streamer>: The value of fNbytes is incorrect (-508645091) ; trying to recover by setting it to zero
Error in <TBasket::Streamer>: The value of fKeylen is incorrect (-28867) ; trying to recover by setting it to zero
Error in <TBasket::Streamer>: The value of fNbytes is incorrect (-508645091) ; trying to recover by setting it to zero
Error in <TBasket::Streamer>: The value of fKeylen is incorrect (-28867) ; trying to recover by setting it to zero
Error in <TBasket::Streamer>: The value of fNbytes is incorrect (-508645091) ; trying to recover by setting it to zero
Error in <TBasket::Streamer>: The value of fKeylen is incorrect (-28867) ; trying to recover by setting it to zero
Error in <TBasket::Streamer>: The value of fNbytes is incorrect (-508645091) ; trying to recover by setting it to zero
Error in <TBasket::Streamer>: The value of fKeylen is incorrect (-28867) ; trying to recover by setting it to zero
Error in <TBasket::Streamer>: The value of fNbytes is incorrect (-508645091) ; trying to recover by setting it to zero
Error in <TBasket::Streamer>: The value of fKeylen is incorrect (-28867) ; trying to recover by setting it to zero
Error in <TBasket::Streamer>: The value of fNbytes is incorrect (-508645091) ; trying to recover by setting it to zero
Error in <TBasket::Streamer>: The value of fKeylen is incorrect (-28867) ; trying to recover by setting it to zero
Error in <TBasket::Streamer>: The value of fNbytes is incorrect (-508645091) ; trying to recover by setting it to zero
Error in <TBasket::Streamer>: The value of fKeylen is incorrect (-28867) ; trying to recover by setting it to zero
Error in <TBasket::Streamer>: The value of fNbytes is incorrect (-508645091) ; trying to recover by setting it to zero
Error in <TBasket::Streamer>: The value of fKeylen is incorrect (-28867) ; trying to recover by setting it to zero
Error in <TBasket::Streamer>: The value of fNbytes is incorrect (-508645091) ; trying to recover by setting it to zero
Error in <TBasket::Streamer>: The value of fKeylen is incorrect (-28867) ; trying to recover by setting it to zero
Error in <TBasket::Streamer>: The value of fNbytes is incorrect (-508645091) ; trying to recover by setting it to zero
Error in <TBasket::Streamer>: The value of fKeylen is incorrect (-28867) ; trying to recover by setting it to zero
Error in <TBasket::Streamer>: The value of fNbytes is incorrect (-508645091) ; trying to recover by setting it to zero
Error in <TBasket::Streamer>: The value of fKeylen is incorrect (-28867) ; trying to recover by setting it to zero
Error in <TBasket::Streamer>: The value of fNbytes is incorrect (-508645091) ; trying to recover by setting it to zero
Error in <TBasket::Streamer>: The value of fKeylen is incorrect (-28867) ; trying to recover by setting it to zero
Error in <TBasket::Streamer>: The value of fNbytes is incorrect (-508645091) ; trying to recover by setting it to zero
Error in <TBasket::Streamer>: The value of fKeylen is incorrect (-28867) ; trying to recover by setting it to zero
Error in <TBasket::Streamer>: The value of fNbytes is incorrect (-508645091) ; trying to recover by setting it to zero
Error in <TBasket::Streamer>: The value of fKeylen is incorrect (-28867) ; trying to recover by setting it to zero
Error in <TBasket::Streamer>: The value of fNbytes is incorrect (-508645091) ; trying to recover by setting it to zero
Error in <TBasket::Streamer>: The value of fKeylen is incorrect (-28867) ; trying to recover by setting it to zero
Error in <TBasket::Streamer>: The value of fNbytes is incorrect (-508645091) ; trying to recover by setting it to zero
Error in <TBasket::Streamer>: The value of fKeylen is incorrect (-28867) ; trying to recover by setting it to zero
Error in <TBasket::Streamer>: The value of fNbytes is incorrect (-508645091) ; trying to recover by setting it to zero
Error in <TBasket::Streamer>: The value of fKeylen is incorrect (-28867) ; trying to recover by setting it to zero
Error in <TBasket::Streamer>: The value of fNbytes is incorrect (-508645091) ; trying to recover by setting it to zero
Error in <TBasket::Streamer>: The value of fKeylen is incorrect (-28867) ; trying to recover by setting it to zero
Error in <TBasket::Streamer>: The value of fNbytes is incorrect (-508645091) ; trying to recover by setting it to zero
Error in <TBasket::Streamer>: The value of fKeylen is incorrect (-28867) ; trying to recover by setting it to zero
Error in <TBasket::Streamer>: The value of fNbytes is incorrect (-508645091) ; trying to recover by setting it to zero
Error in <TBasket::Streamer>: The value of fKeylen is incorrect (-28867) ; trying to recover by setting it to zero
Error in <TBasket::Streamer>: The value of fNbytes is incorrect (-508645091) ; trying to recover by setting it to zero
Error in <TBasket::Streamer>: The value of fKeylen is incorrect (-28867) ; trying to recover by setting it to zero
Error in <TBasket::Streamer>: The value of fNbytes is incorrect (-508645091) ; trying to recover by setting it to zero
Error in <TBasket::Streamer>: The value of fKeylen is incorrect (-28867) ; trying to recover by setting it to zero
Error in <TBasket::Streamer>: The value of fNbytes is incorrect (-508645091) ; trying to recover by setting it to zero
Error in <TBasket::Streamer>: The value of fKeylen is incorrect (-28867) ; trying to recover by setting it to zero
Error in <TBasket::Streamer>: The value of fNbytes is incorrect (-508645091) ; trying to recover by setting it to zero
Error in <TBasket::Streamer>: The value of fKeylen is incorrect (-28867) ; trying to recover by setting it to zero
Error in <TBasket::Streamer>: The value of fNbytes is incorrect (-508645091) ; trying to recover by setting it to zero
Error in <TBasket::Streamer>: The value of fKeylen is incorrect (-28867) ; trying to recover by setting it to zero
Error in <TBasket::Streamer>: The value of fNbytes is incorrect (-508645091) ; trying to recover by setting it to zero
Error in <TBasket::Streamer>: The value of fKeylen is incorrect (-28867) ; trying to recover by setting it to zero
Error in <TBasket::Streamer>: The value of fNbytes is incorrect (-508645091) ; trying to recover by setting it to zero
Error in <TBasket::Streamer>: The value of fKeylen is incorrect (-28867) ; trying to recover by setting it to zero
Error in <TBasket::Streamer>: The value of fNbytes is incorrect (-508645091) ; trying to recover by setting it to zero
Error in <TBasket::Streamer>: The value of fKeylen is incorrect (-28867) ; trying to recover by setting it to zero
Error in <TBasket::Streamer>: The value of fNbytes is incorrect (-508645091) ; trying to recover by setting it to zero
Error in <TBasket::Streamer>: The value of fKeylen is incorrect (-28867) ; trying to recover by setting it to zero
Error in <TBasket::Streamer>: The value of fNbytes is incorrect (-508645091) ; trying to recover by setting it to zero
Error in <TBasket::Streamer>: The value of fKeylen is incorrect (-28867) ; trying to recover by setting it to zero
Error in <TBasket::Streamer>: The value of fNbytes is incorrect (-508645091) ; trying to recover by setting it to zero
Error in <TBasket::Streamer>: The value of fKeylen is incorrect (-28867) ; trying to recover by setting it to zero
Error in <TBasket::Streamer>: The value of fNbytes is incorrect (-508645091) ; trying to recover by setting it to zero
Error in <TBasket::Streamer>: The value of fKeylen is incorrect (-28867) ; trying to recover by setting it to zero
Error in <TBasket::Streamer>: The value of fNbytes is incorrect (-508645091) ; trying to recover by setting it to zero
Error in <TBasket::Streamer>: The value of fKeylen is incorrect (-28867) ; trying to recover by setting it to zero
Error in <TBasket::Streamer>: The value of fNbytes is incorrect (-508645091) ; trying to recover by setting it to zero
Error in <TBasket::Streamer>: The value of fKeylen is incorrect (-28867) ; trying to recover by setting it to zero
Error in <TBasket::Streamer>: The value of fNbytes is incorrect (-508645091) ; trying to recover by setting it to zero
Error in <TBasket::Streamer>: The value of fKeylen is incorrect (-28867) ; trying to recover by setting it to zero
Error in <TBasket::Streamer>: The value of fNbytes is incorrect (-508645091) ; trying to recover by setting it to zero
Error in <TBasket::Streamer>: The value of fKeylen is incorrect (-28867) ; trying to recover by setting it to zero
Error in <TBasket::Streamer>: The value of fNbytes is incorrect (-508645091) ; trying to recover by setting it to zero
Error in <TBasket::Streamer>: The value of fKeylen is incorrect (-28867) ; trying to recover by setting it to zero
Error in <TBasket::Streamer>: The value of fNbytes is incorrect (-508645091) ; trying to recover by setting it to zero
Error in <TBasket::Streamer>: The value of fKeylen is incorrect (-28867) ; trying to recover by setting it to zero
Error in <TBasket::Streamer>: The value of fNbytes is incorrect (-508645091) ; trying to recover by setting it to zero
Error in <TBasket::Streamer>: The value of fKeylen is incorrect (-28867) ; trying to recover by setting it to zero
Error in <TBasket::Streamer>: The value of fNbytes is incorrect (-508645091) ; trying to recover by setting it to zero
Error in <TBasket::Streamer>: The value of fKeylen is incorrect (-28867) ; trying to recover by setting it to zero
Error in <TBasket::Streamer>: The value of fNbytes is incorrect (-508645091) ; trying to recover by setting it to zero
Error in <TBasket::Streamer>: The value of fKeylen is incorrect (-28867) ; trying to recover by setting it to zero
Error in <TBasket::Streamer>: The value of fNbytes is incorrect (-508645091) ; trying to recover by setting it to zero
Error in <TBasket::Streamer>: The value of fKeylen is incorrect (-28867) ; trying to recover by setting it to zero
Error in <TBasket::Streamer>: The value of fNbytes is incorrect (-508645091) ; trying to recover by setting it to zero
Error in <TBasket::Streamer>: The value of fKeylen is incorrect (-28867) ; trying to recover by setting it to zero
Error in <TBasket::Streamer>: The value of fNbytes is incorrect (-508645091) ; trying to recover by setting it to zero
Error in <TBasket::Streamer>: The value of fKeylen is incorrect (-28867) ; trying to recover by setting it to zero
Error in <TBasket::Streamer>: The value of fNbytes is incorrect (-508645091) ; trying to recover by setting it to zero
Error in <TBasket::Streamer>: The value of fKeylen is incorrect (-28867) ; trying to recover by setting it to zero
Error in <TBasket::Streamer>: The value of fNbytes is incorrect (-508645091) ; trying to recover by setting it to zero
Error in <TBasket::Streamer>: The value of fKeylen is incorrect (-28867) ; trying to recover by setting it to zero
Error in <TBasket::Streamer>: The value of fNbytes is incorrect (-508645091) ; trying to recover by setting it to zero
Error in <TBasket::Streamer>: The value of fKeylen is incorrect (-28867) ; trying to recover by setting it to zero
Error in <TBasket::Streamer>: The value of fNbytes is incorrect (-508645091) ; trying to recover by setting it to zero
Error in <TBasket::Streamer>: The value of fKeylen is incorrect (-28867) ; trying to recover by setting it to zero
Error in <TBasket::Streamer>: The value of fNbytes is incorrect (-508645091) ; trying to recover by setting it to zero
Error in <TBasket::Streamer>: The value of fKeylen is incorrect (-28867) ; trying to recover by setting it to zero
Error in <TBasket::Streamer>: The value of fNbytes is incorrect (-508645091) ; trying to recover by setting it to zero
Error in <TBasket::Streamer>: The value of fKeylen is incorrect (-28867) ; trying to recover by setting it to zero
Error in <TBasket::Streamer>: The value of fNbytes is incorrect (-508645091) ; trying to recover by setting it to zero
Error in <TBasket::Streamer>: The value of fKeylen is incorrect (-28867) ; trying to recover by setting it to zero
Error in <TBasket::Streamer>: The value of fNbytes is incorrect (-508645091) ; trying to recover by setting it to zero
Error in <TBasket::Streamer>: The value of fKeylen is incorrect (-28867) ; trying to recover by setting it to zero
Error in <TBasket::Streamer>: The value of fNbytes is incorrect (-508645091) ; trying to recover by setting it to zero
Error in <TBasket::Streamer>: The value of fKeylen is incorrect (-28867) ; trying to recover by setting it to zero
Error in <TBasket::Streamer>: The value of fNbytes is incorrect (-508645091) ; trying to recover by setting it to zero
Error in <TBasket::Streamer>: The value of fKeylen is incorrect (-28867) ; trying to recover by setting it to zero
Error in <TBasket::Streamer>: The value of fNbytes is incorrect (-508645091) ; trying to recover by setting it to zero
Error in <TBasket::Streamer>: The value of fKeylen is incorrect (-28867) ; trying to recover by setting it to zero
Error in <TBasket::Streamer>: The value of fNbytes is incorrect (-508645091) ; trying to recover by setting it to zero
Error in <TBasket::Streamer>: The value of fKeylen is incorrect (-28867) ; trying to recover by setting it to zero
Error in <TBasket::Streamer>: The value of fNbytes is incorrect (-508645091) ; trying to recover by setting it to zero
Error in <TBasket::Streamer>: The value of fKeylen is incorrect (-28867) ; trying to recover by setting it to zero
Error in <TBasket::Streamer>: The value of fNbytes is incorrect (-508645091) ; trying to recover by setting it to zero
Error in <TBasket::Streamer>: The value of fKeylen is incorrect (-28867) ; trying to recover by setting it to zero
Error in <TBasket::Streamer>: The value of fNbytes is incorrect (-508645091) ; trying to recover by setting it to zero
Error in <TBasket::Streamer>: The value of fKeylen is incorrect (-28867) ; trying to recover by setting it to zero
Error in <TBasket::Streamer>: The value of fNbytes is incorrect (-508645091) ; trying to recover by setting it to zero
Error in <TBasket::Streamer>: The value of fKeylen is incorrect (-28867) ; trying to recover by setting it to zero
Error in <TBasket::Streamer>: The value of fNbytes is incorrect (-508645091) ; trying to recover by setting it to zero
Error in <TBasket::Streamer>: The value of fKeylen is incorrect (-28867) ; trying to recover by setting it to zero
Error in <TBasket::Streamer>: The value of fNbytes is incorrect (-508645091) ; trying to recover by setting it to zero
Error in <TBasket::Streamer>: The value of fKeylen is incorrect (-28867) ; trying to recover by setting it to zero
Error in <TBasket::Streamer>: The value of fNbytes is incorrect (-508645091) ; trying to recover by setting it to zero
Error in <TBasket::Streamer>: The value of fKeylen is incorrect (-28867) ; trying to recover by setting it to zero
Error in <TBasket::Streamer>: The value of fNbytes is incorrect (-508645091) ; trying to recover by setting it to zero
Error in <TBasket::Streamer>: The value of fKeylen is incorrect (-28867) ; trying to recover by setting it to zero
Error in <TBasket::Streamer>: The value of fNbytes is incorrect (-508645091) ; trying to recover by setting it to zero
Error in <TBasket::Streamer>: The value of fKeylen is incorrect (-28867) ; trying to recover by setting it to zero
Error in <TBasket::Streamer>: The value of fNbytes is incorrect (-508645091) ; trying to recover by setting it to zero
Error in <TBasket::Streamer>: The value of fKeylen is incorrect (-28867) ; trying to recover by setting it to zero
Error in <TBasket::Streamer>: The value of fNbytes is incorrect (-508645091) ; trying to recover by setting it to zero
Error in <TBasket::Streamer>: The value of fKeylen is incorrect (-28867) ; trying to recover by setting it to zero
Error in <TBasket::Streamer>: The value of fNbytes is incorrect (-508645091) ; trying to recover by setting it to zero
Error in <TBasket::Streamer>: The value of fKeylen is incorrect (-28867) ; trying to recover by setting it to zero
Error in <TBasket::Streamer>: The value of fNbytes is incorrect (-508645091) ; trying to recover by setting it to zero
Error in <TBasket::Streamer>: The value of fKeylen is incorrect (-28867) ; trying to recover by setting it to zero
Error in <TBasket::Streamer>: The value of fNbytes is incorrect (-508645091) ; trying to recover by setting it to zero
Error in <TBasket::Streamer>: The value of fKeylen is incorrect (-28867) ; trying to recover by setting it to zero
Error in <TBasket::Streamer>: The value of fNbytes is incorrect (-508645091) ; trying to recover by setting it to zero
Error in <TBasket::Streamer>: The value of fKeylen is incorrect (-28867) ; trying to recover by setting it to zero
Error in <TBasket::Streamer>: The value of fNbytes is incorrect (-508645091) ; trying to recover by setting it to zero
Error in <TBasket::Streamer>: The value of fKeylen is incorrect (-28867) ; trying to recover by setting it to zero
Error in <TBasket::Streamer>: The value of fNbytes is incorrect (-508645091) ; trying to recover by setting it to zero
Error in <TBasket::Streamer>: The value of fKeylen is incorrect (-28867) ; trying to recover by setting it to zero
Error in <TBasket::Streamer>: The value of fNbytes is incorrect (-508645091) ; trying to recover by setting it to zero
Error in <TBasket::Streamer>: The value of fKeylen is incorrect (-28867) ; trying to recover by setting it to zero
Error in <TBasket::Streamer>: The value of fNbytes is incorrect (-508645091) ; trying to recover by setting it to zero
Error in <TBasket::Streamer>: The value of fKeylen is incorrect (-28867) ; trying to recover by setting it to zero
Error in <TBasket::Streamer>: The value of fNbytes is incorrect (-508645091) ; trying to recover by setting it to zero
Error in <TBasket::Streamer>: The value of fKeylen is incorrect (-28867) ; trying to recover by setting it to zero
Error in <TBasket::Streamer>: The value of fNbytes is incorrect (-508645091) ; trying to recover by setting it to zero
Error in <TBasket::Streamer>: The value of fKeylen is incorrect (-28867) ; trying to recover by setting it to zero
Error in <TBasket::Streamer>: The value of fNbytes is incorrect (-508645091) ; trying to recover by setting it to zero
Error in <TBasket::Streamer>: The value of fKeylen is incorrect (-28867) ; trying to recover by setting it to zero
Error in <TBasket::Streamer>: The value of fNbytes is incorrect (-508645091) ; trying to recover by setting it to zero
Error in <TBasket::Streamer>: The value of fKeylen is incorrect (-28867) ; trying to recover by setting it to zero
Error in <TBasket::Streamer>: The value of fNbytes is incorrect (-508645091) ; trying to recover by setting it to zero
Error in <TBasket::Streamer>: The value of fKeylen is incorrect (-28867) ; trying to recover by setting it to zero
Error in <TBasket::Streamer>: The value of fNbytes is incorrect (-508645091) ; trying to recover by setting it to zero
Error in <TBasket::Streamer>: The value of fKeylen is incorrect (-28867) ; trying to recover by setting it to zero
Error in <TBasket::Streamer>: The value of fNbytes is incorrect (-508645091) ; trying to recover by setting it to zero
Error in <TBasket::Streamer>: The value of fKeylen is incorrect (-28867) ; trying to recover by setting it to zero
Error in <TBasket::Streamer>: The value of fNbytes is incorrect (-508645091) ; trying to recover by setting it to zero
Error in <TBasket::Streamer>: The value of fKeylen is incorrect (-28867) ; trying to recover by setting it to zero
Error in <TBasket::Streamer>: The value of fNbytes is incorrect (-508645091) ; trying to recover by setting it to zero
Error in <TBasket::Streamer>: The value of fKeylen is incorrect (-28867) ; trying to recover by setting it to zero
Error in <TBasket::Streamer>: The value of fNbytes is incorrect (-508645091) ; trying to recover by setting it to zero
Error in <TBasket::Streamer>: The value of fKeylen is incorrect (-28867) ; trying to recover by setting it to zero
Error in <TBasket::Streamer>: The value of fNbytes is incorrect (-508645091) ; trying to recover by setting it to zero
Error in <TBasket::Streamer>: The value of fKeylen is incorrect (-28867) ; trying to recover by setting it to zero
Error in <TBasket::Streamer>: The value of fNbytes is incorrect (-508645091) ; trying to recover by setting it to zero
Error in <TBasket::Streamer>: The value of fKeylen is incorrect (-28867) ; trying to recover by setting it to zero
Error in <TBasket::Streamer>: The value of fNbytes is incorrect (-508645091) ; trying to recover by setting it to zero
Error in <TBasket::Streamer>: The value of fKeylen is incorrect (-28867) ; trying to recover by setting it to zero
Error in <TBasket::Streamer>: The value of fNbytes is incorrect (-508645091) ; trying to recover by setting it to zero
Error in <TBasket::Streamer>: The value of fKeylen is incorrect (-28867) ; trying to recover by setting it to zero
Error in <TBasket::Streamer>: The value of fNbytes is incorrect (-508645091) ; trying to recover by setting it to zero
Error in <TBasket::Streamer>: The value of fKeylen is incorrect (-28867) ; trying to recover by setting it to zero
Error in <TBasket::Streamer>: The value of fNbytes is incorrect (-508645091) ; trying to recover by setting it to zero
Error in <TBasket::Streamer>: The value of fKeylen is incorrect (-28867) ; trying to recover by setting it to zero
Error in <TBasket::Streamer>: The value of fNbytes is incorrect (-508645091) ; trying to recover by setting it to zero
Error in <TBasket::Streamer>: The value of fKeylen is incorrect (-28867) ; trying to recover by setting it to zero
Error in <TBasket::Streamer>: The value of fNbytes is incorrect (-508645091) ; trying to recover by setting it to zero
Error in <TBasket::Streamer>: The value of fKeylen is incorrect (-28867) ; trying to recover by setting it to zero
Error in <TBasket::Streamer>: The value of fNbytes is incorrect (-508645091) ; trying to recover by setting it to zero
Error in <TBasket::Streamer>: The value of fKeylen is incorrect (-28867) ; trying to recover by setting it to zero
Error in <TBasket::Streamer>: The value of fNbytes is incorrect (-508645091) ; trying to recover by setting it to zero
Error in <TBasket::Streamer>: The value of fKeylen is incorrect (-28867) ; trying to recover by setting it to zero
Error in <TBasket::Streamer>: The value of fNbytes is incorrect (-508645091) ; trying to recover by setting it to zero
Error in <TBasket::Streamer>: The value of fKeylen is incorrect (-28867) ; trying to recover by setting it to zero
Error in <TBasket::Streamer>: The value of fNbytes is incorrect (-508645091) ; trying to recover by setting it to zero
Error in <TBasket::Streamer>: The value of fKeylen is incorrect (-28867) ; trying to recover by setting it to zero
Error in <TBasket::Streamer>: The value of fNbytes is incorrect (-508645091) ; trying to recover by setting it to zero
Error in <TBasket::Streamer>: The value of fKeylen is incorrect (-28867) ; trying to recover by setting it to zero
Error in <TBasket::Streamer>: The value of fNbytes is incorrect (-508645091) ; trying to recover by setting it to zero
Error in <TBasket::Streamer>: The value of fKeylen is incorrect (-28867) ; trying to recover by setting it to zero
Error in <TBasket::Streamer>: The value of fNbytes is incorrect (-508645091) ; trying to recover by setting it to zero
Error in <TBasket::Streamer>: The value of fKeylen is incorrect (-28867) ; trying to recover by setting it to zero
Error in <TBasket::Streamer>: The value of fNbytes is incorrect (-508645091) ; trying to recover by setting it to zero
Error in <TBasket::Streamer>: The value of fKeylen is incorrect (-28867) ; trying to recover by setting it to zero
Error in <TBasket::Streamer>: The value of fNbytes is incorrect (-508645091) ; trying to recover by setting it to zero
Error in <TBasket::Streamer>: The value of fKeylen is incorrect (-28867) ; trying to recover by setting it to zero
Error in <TBasket::Streamer>: The value of fNbytes is incorrect (-508645091) ; trying to recover by setting it to zero
Error in <TBasket::Streamer>: The value of fKeylen is incorrect (-28867) ; trying to recover by setting it to zero
Error in <TBasket::Streamer>: The value of fNbytes is incorrect (-508645091) ; trying to recover by setting it to zero
Error in <TBasket::Streamer>: The value of fKeylen is incorrect (-28867) ; trying to recover by setting it to zero
Error in <TBasket::Streamer>: The value of fNbytes is incorrect (-508645091) ; trying to recover by setting it to zero
Error in <TBasket::Streamer>: The value of fKeylen is incorrect (-28867) ; trying to recover by setting it to zero
Error in <TBasket::Streamer>: The value of fNbytes is incorrect (-508645091) ; trying to recover by setting it to zero
Error in <TBasket::Streamer>: The value of fKeylen is incorrect (-28867) ; trying to recover by setting it to zero
Error in <TBasket::Streamer>: The value of fNbytes is incorrect (-508645091) ; trying to recover by setting it to zero
Error in <TBasket::Streamer>: The value of fKeylen is incorrect (-28867) ; trying to recover by setting it to zero
Error in <TBasket::Streamer>: The value of fNbytes is incorrect (-508645091) ; trying to recover by setting it to zero
Error in <TBasket::Streamer>: The value of fKeylen is incorrect (-28867) ; trying to recover by setting it to zero
Error in <TBasket::Streamer>: The value of fNbytes is incorrect (-508645091) ; trying to recover by setting it to zero
Error in <TBasket::Streamer>: The value of fKeylen is incorrect (-28867) ; trying to recover by setting it to zero
Error in <TBasket::Streamer>: The value of fNbytes is incorrect (-508645091) ; trying to recover by setting it to zero
Error in <TBasket::Streamer>: The value of fKeylen is incorrect (-28867) ; trying to recover by setting it to zero
Error in <TBasket::Streamer>: The value of fNbytes is incorrect (-508645091) ; trying to recover by setting it to zero
Error in <TBasket::Streamer>: The value of fKeylen is incorrect (-28867) ; trying to recover by setting it to zero
Error in <TBasket::Streamer>: The value of fNbytes is incorrect (-508645091) ; trying to recover by setting it to zero
Error in <TBasket::Streamer>: The value of fKeylen is incorrect (-28867) ; trying to recover by setting it to zero
Error in <TBasket::Streamer>: The value of fNbytes is incorrect (-508645091) ; trying to recover by setting it to zero
Error in <TBasket::Streamer>: The value of fKeylen is incorrect (-28867) ; trying to recover by setting it to zero
Error in <TBasket::Streamer>: The value of fNbytes is incorrect (-508645091) ; trying to recover by setting it to zero
Error in <TBasket::Streamer>: The value of fKeylen is incorrect (-28867) ; trying to recover by setting it to zero
Error in <TBasket::Streamer>: The value of fNbytes is incorrect (-508645091) ; trying to recover by setting it to zero
Error in <TBasket::Streamer>: The value of fKeylen is incorrect (-28867) ; trying to recover by setting it to zero
Error in <TBasket::Streamer>: The value of fNbytes is incorrect (-508645091) ; trying to recover by setting it to zero
Error in <TBasket::Streamer>: The value of fKeylen is incorrect (-28867) ; trying to recover by setting it to zero
Error in <TBasket::Streamer>: The value of fNbytes is incorrect (-508645091) ; trying to recover by setting it to zero
Error in <TBasket::Streamer>: The value of fKeylen is incorrect (-28867) ; trying to recover by setting it to zero
Error in <TBasket::Streamer>: The value of fNbytes is incorrect (-508645091) ; trying to recover by setting it to zero
Error in <TBasket::Streamer>: The value of fKeylen is incorrect (-28867) ; trying to recover by setting it to zero
Error in <TBasket::Streamer>: The value of fNbytes is incorrect (-508645091) ; trying to recover by setting it to zero
Error in <TBasket::Streamer>: The value of fKeylen is incorrect (-28867) ; trying to recover by setting it to zero
Error in <TBasket::Streamer>: The value of fNbytes is incorrect (-508645091) ; trying to recover by setting it to zero
Error in <TBasket::Streamer>: The value of fKeylen is incorrect (-28867) ; trying to recover by setting it to zero
Error in <TBasket::Streamer>: The value of fNbytes is incorrect (-508645091) ; trying to recover by setting it to zero
Error in <TBasket::Streamer>: The value of fKeylen is incorrect (-28867) ; trying to recover by setting it to zero
Error in <TBasket::Streamer>: The value of fNbytes is incorrect (-508645091) ; trying to recover by setting it to zero
Error in <TBasket::Streamer>: The value of fKeylen is incorrect (-28867) ; trying to recover by setting it to zero
Error in <TBasket::Streamer>: The value of fNbytes is incorrect (-508645091) ; trying to recover by setting it to zero
Error in <TBasket::Streamer>: The value of fKeylen is incorrect (-28867) ; trying to recover by setting it to zero
Error in <TBasket::Streamer>: The value of fNbytes is incorrect (-508645091) ; trying to recover by setting it to zero
Error in <TBasket::Streamer>: The value of fKeylen is incorrect (-28867) ; trying to recover by setting it to zero
Error in <TBasket::Streamer>: The value of fNbytes is incorrect (-508645091) ; trying to recover by setting it to zero
Error in <TBasket::Streamer>: The value of fKeylen is incorrect (-28867) ; trying to recover by setting it to zero
Error in <TBasket::Streamer>: The value of fNbytes is incorrect (-508645091) ; trying to recover by setting it to zero
Error in <TBasket::Streamer>: The value of fKeylen is incorrect (-28867) ; trying to recover by setting it to zero
Error in <TBasket::Streamer>: The value of fNbytes is incorrect (-508645091) ; trying to recover by setting it to zero
Error in <TBasket::Streamer>: The value of fKeylen is incorrect (-28867) ; trying to recover by setting it to zero
Error in <TBasket::Streamer>: The value of fNbytes is incorrect (-508645091) ; trying to recover by setting it to zero
Error in <TBasket::Streamer>: The value of fKeylen is incorrect (-28867) ; trying to recover by setting it to zero
Error in <TBasket::Streamer>: The value of fNbytes is incorrect (-508645091) ; trying to recover by setting it to zero
Error in <TBasket::Streamer>: The value of fKeylen is incorrect (-28867) ; trying to recover by setting it to zero
Error in <TBasket::Streamer>: The value of fNbytes is incorrect (-508645091) ; trying to recover by setting it to zero
Error in <TBasket::Streamer>: The value of fKeylen is incorrect (-28867) ; trying to recover by setting it to zero
Error in <TBasket::Streamer>: The value of fNbytes is incorrect (-508645091) ; trying to recover by setting it to zero
Error in <TBasket::Streamer>: The value of fKeylen is incorrect (-28867) ; trying to recover by setting it to zero
Error in <TBasket::Streamer>: The value of fNbytes is incorrect (-508645091) ; trying to recover by setting it to zero
Error in <TBasket::Streamer>: The value of fKeylen is incorrect (-28867) ; trying to recover by setting it to zero
Error in <TBasket::Streamer>: The value of fNbytes is incorrect (-508645091) ; trying to recover by setting it to zero
Error in <TBasket::Streamer>: The value of fKeylen is incorrect (-28867) ; trying to recover by setting it to zero
Error in <TBasket::Streamer>: The value of fNbytes is incorrect (-508645091) ; trying to recover by setting it to zero
Error in <TBasket::Streamer>: The value of fKeylen is incorrect (-28867) ; trying to recover by setting it to zero
Error in <TBasket::Streamer>: The value of fNbytes is incorrect (-508645091) ; trying to recover by setting it to zero
Error in <TBasket::Streamer>: The value of fKeylen is incorrect (-28867) ; trying to recover by setting it to zero
Error in <TBasket::Streamer>: The value of fNbytes is incorrect (-508645091) ; trying to recover by setting it to zero
Error in <TBasket::Streamer>: The value of fKeylen is incorrect (-28867) ; trying to recover by setting it to zero
Error in <TBasket::Streamer>: The value of fNbytes is incorrect (-508645091) ; trying to recover by setting it to zero
Error in <TBasket::Streamer>: The value of fKeylen is incorrect (-28867) ; trying to recover by setting it to zero
Error in <TBasket::Streamer>: The value of fNbytes is incorrect (-508645091) ; trying to recover by setting it to zero
Error in <TBasket::Streamer>: The value of fKeylen is incorrect (-28867) ; trying to recover by setting it to zero
Error in <TBasket::Streamer>: The value of fNbytes is incorrect (-508645091) ; trying to recover by setting it to zero
Error in <TBasket::Streamer>: The value of fKeylen is incorrect (-28867) ; trying to recover by setting it to zero
Error in <TBasket::Streamer>: The value of fNbytes is incorrect (-508645091) ; trying to recover by setting it to zero
Error in <TBasket::Streamer>: The value of fKeylen is incorrect (-28867) ; trying to recover by setting it to zero
Error in <TBasket::Streamer>: The value of fNbytes is incorrect (-508645091) ; trying to recover by setting it to zero
Error in <TBasket::Streamer>: The value of fKeylen is incorrect (-28867) ; trying to recover by setting it to zero
Error in <TBasket::Streamer>: The value of fNbytes is incorrect (-508645091) ; trying to recover by setting it to zero
Error in <TBasket::Streamer>: The value of fKeylen is incorrect (-28867) ; trying to recover by setting it to zero
Error in <TBasket::Streamer>: The value of fNbytes is incorrect (-508645091) ; trying to recover by setting it to zero
Error in <TBasket::Streamer>: The value of fKeylen is incorrect (-28867) ; trying to recover by setting it to zero
Error in <TBasket::Streamer>: The value of fNbytes is incorrect (-508645091) ; trying to recover by setting it to zero
Error in <TBasket::Streamer>: The value of fKeylen is incorrect (-28867) ; trying to recover by setting it to zero
Error in <TBasket::Streamer>: The value of fNbytes is incorrect (-508645091) ; trying to recover by setting it to zero
Error in <TBasket::Streamer>: The value of fKeylen is incorrect (-28867) ; trying to recover by setting it to zero
Error in <TBasket::Streamer>: The value of fNbytes is incorrect (-508645091) ; trying to recover by setting it to zero
Error in <TBasket::Streamer>: The value of fKeylen is incorrect (-28867) ; trying to recover by setting it to zero
Error in <TBasket::Streamer>: The value of fNbytes is incorrect (-508645091) ; trying to recover by setting it to zero
Error in <TBasket::Streamer>: The value of fKeylen is incorrect (-28867) ; trying to recover by setting it to zero
Error in <TBasket::Streamer>: The value of fNbytes is incorrect (-508645091) ; trying to recover by setting it to zero
Error in <TBasket::Streamer>: The value of fKeylen is incorrect (-28867) ; trying to recover by setting it to zero
Error in <TBasket::Streamer>: The value of fNbytes is incorrect (-508645091) ; trying to recover by setting it to zero
Error in <TBasket::Streamer>: The value of fKeylen is incorrect (-28867) ; trying to recover by setting it to zero
Error in <TBasket::Streamer>: The value of fNbytes is incorrect (-508645091) ; trying to recover by setting it to zero
Error in <TBasket::Streamer>: The value of fKeylen is incorrect (-28867) ; trying to recover by setting it to zero
Error in <TBasket::Streamer>: The value of fNbytes is incorrect (-508645091) ; trying to recover by setting it to zero
Error in <TBasket::Streamer>: The value of fKeylen is incorrect (-28867) ; trying to recover by setting it to zero
Error in <TBasket::Streamer>: The value of fNbytes is incorrect (-508645091) ; trying to recover by setting it to zero
Error in <TBasket::Streamer>: The value of fKeylen is incorrect (-28867) ; trying to recover by setting it to zero
Error in <TBasket::Streamer>: The value of fNbytes is incorrect (-508645091) ; trying to recover by setting it to zero
Error in <TBasket::Streamer>: The value of fKeylen is incorrect (-28867) ; trying to recover by setting it to zero
Error in <TBasket::Streamer>: The value of fNbytes is incorrect (-508645091) ; trying to recover by setting it to zero
Error in <TBasket::Streamer>: The value of fKeylen is incorrect (-28867) ; trying to recover by setting it to zero
Error in <TBasket::Streamer>: The value of fNbytes is incorrect (-508645091) ; trying to recover by setting it to zero
Error in <TBasket::Streamer>: The value of fKeylen is incorrect (-28867) ; trying to recover by setting it to zero
Error in <TBasket::Streamer>: The value of fNbytes is incorrect (-508645091) ; trying to recover by setting it to zero
Error in <TBasket::Streamer>: The value of fKeylen is incorrect (-28867) ; trying to recover by setting it to zero
Error in <TBasket::Streamer>: The value of fNbytes is incorrect (-508645091) ; trying to recover by setting it to zero
Error in <TBasket::Streamer>: The value of fKeylen is incorrect (-28867) ; trying to recover by setting it to zero
Error in <TBasket::Streamer>: The value of fNbytes is incorrect (-508645091) ; trying to recover by setting it to zero
Error in <TBasket::Streamer>: The value of fKeylen is incorrect (-28867) ; trying to recover by setting it to zero
Error in <TBasket::Streamer>: The value of fNbytes is incorrect (-508645091) ; trying to recover by setting it to zero
Error in <TBasket::Streamer>: The value of fKeylen is incorrect (-28867) ; trying to recover by setting it to zero
Error in <TBasket::Streamer>: The value of fNbytes is incorrect (-508645091) ; trying to recover by setting it to zero
Error in <TBasket::Streamer>: The value of fKeylen is incorrect (-28867) ; trying to recover by setting it to zero
Error in <TBasket::Streamer>: The value of fNbytes is incorrect (-508645091) ; trying to recover by setting it to zero
Error in <TBasket::Streamer>: The value of fKeylen is incorrect (-28867) ; trying to recover by setting it to zero
Error in <TBasket::Streamer>: The value of fNbytes is incorrect (-508645091) ; trying to recover by setting it to zero
Error in <TBasket::Streamer>: The value of fKeylen is incorrect (-28867) ; trying to recover by setting it to zero
Error in <TBasket::Streamer>: The value of fNbytes is incorrect (-508645091) ; trying to recover by setting it to zero
Error in <TBasket::Streamer>: The value of fKeylen is incorrect (-28867) ; trying to recover by setting it to zero
Error in <TBasket::Streamer>: The value of fNbytes is incorrect (-508645091) ; trying to recover by setting it to zero
Error in <TBasket::Streamer>: The value of fKeylen is incorrect (-28867) ; trying to recover by setting it to zero
Error in <TBasket::Streamer>: The value of fNbytes is incorrect (-508645091) ; trying to recover by setting it to zero
Error in <TBasket::Streamer>: The value of fKeylen is incorrect (-28867) ; trying to recover by setting it to zero
Error in <TBasket::Streamer>: The value of fNbytes is incorrect (-508645091) ; trying to recover by setting it to zero
Error in <TBasket::Streamer>: The value of fKeylen is incorrect (-28867) ; trying to recover by setting it to zero
Error in <TBasket::Streamer>: The value of fNbytes is incorrect (-508645091) ; trying to recover by setting it to zero
Error in <TBasket::Streamer>: The value of fKeylen is incorrect (-28867) ; trying to recover by setting it to zero
Error in <TBasket::Streamer>: The value of fNbytes is incorrect (-508645091) ; trying to recover by setting it to zero
Error in <TBasket::Streamer>: The value of fKeylen is incorrect (-28867) ; trying to recover by setting it to zero
Error in <TBasket::Streamer>: The value of fNbytes is incorrect (-508645091) ; trying to recover by setting it to zero
Error in <TBasket::Streamer>: The value of fKeylen is incorrect (-28867) ; trying to recover by setting it to zero
Error in <TBasket::Streamer>: The value of fNbytes is incorrect (-508645091) ; trying to recover by setting it to zero
Error in <TBasket::Streamer>: The value of fKeylen is incorrect (-28867) ; trying to recover by setting it to zero
Error in <TBasket::Streamer>: The value of fNbytes is incorrect (-508645091) ; trying to recover by setting it to zero
Error in <TBasket::Streamer>: The value of fKeylen is incorrect (-28867) ; trying to recover by setting it to zero
Error in <TBasket::Streamer>: The value of fNbytes is incorrect (-508645091) ; trying to recover by setting it to zero
Error in <TBasket::Streamer>: The value of fKeylen is incorrect (-28867) ; trying to recover by setting it to zero
Error in <TBasket::Streamer>: The value of fNbytes is incorrect (-508645091) ; trying to recover by setting it to zero
Error in <TBasket::Streamer>: The value of fKeylen is incorrect (-28867) ; trying to recover by setting it to zero
Error in <TBasket::Streamer>: The value of fNbytes is incorrect (-508645091) ; trying to recover by setting it to zero
Error in <TBasket::Streamer>: The value of fKeylen is incorrect (-28867) ; trying to recover by setting it to zero
Error in <TBasket::Streamer>: The value of fNbytes is incorrect (-508645091) ; trying to recover by setting it to zero
Error in <TBasket::Streamer>: The value of fKeylen is incorrect (-28867) ; trying to recover by setting it to zero
Error in <TBasket::Streamer>: The value of fNbytes is incorrect (-508645091) ; trying to recover by setting it to zero
Error in <TBasket::Streamer>: The value of fKeylen is incorrect (-28867) ; trying to recover by setting it to zero
Error in <TBasket::Streamer>: The value of fNbytes is incorrect (-508645091) ; trying to recover by setting it to zero
Error in <TBasket::Streamer>: The value of fKeylen is incorrect (-28867) ; trying to recover by setting it to zero
Error in <TBasket::Streamer>: The value of fNbytes is incorrect (-508645091) ; trying to recover by setting it to zero
Error in <TBasket::Streamer>: The value of fKeylen is incorrect (-28867) ; trying to recover by setting it to zero
Error in <TBasket::Streamer>: The value of fNbytes is incorrect (-508645091) ; trying to recover by setting it to zero
Error in <TBasket::Streamer>: The value of fKeylen is incorrect (-28867) ; trying to recover by setting it to zero
Error in <TBasket::Streamer>: The value of fNbytes is incorrect (-508645091) ; trying to recover by setting it to zero
Error in <TBasket::Streamer>: The value of fKeylen is incorrect (-28867) ; trying to recover by setting it to zero
Error in <TBasket::Streamer>: The value of fNbytes is incorrect (-508645091) ; trying to recover by setting it to zero
Error in <TBasket::Streamer>: The value of fKeylen is incorrect (-28867) ; trying to recover by setting it to zero
Error in <TBasket::Streamer>: The value of fNbytes is incorrect (-508645091) ; trying to recover by setting it to zero
Error in <TBasket::Streamer>: The value of fKeylen is incorrect (-28867) ; trying to recover by setting it to zero
Error in <TBasket::Streamer>: The value of fNbytes is incorrect (-508645091) ; trying to recover by setting it to zero
Error in <TBasket::Streamer>: The value of fKeylen is incorrect (-28867) ; trying to recover by setting it to zero
Error in <TBasket::Streamer>: The value of fNbytes is incorrect (-508645091) ; trying to recover by setting it to zero
Error in <TBasket::Streamer>: The value of fKeylen is incorrect (-28867) ; trying to recover by setting it to zero
Error in <TBasket::Streamer>: The value of fNbytes is incorrect (-508645091) ; trying to recover by setting it to zero
Error in <TBasket::Streamer>: The value of fKeylen is incorrect (-28867) ; trying to recover by setting it to zero
Error in <TBasket::Streamer>: The value of fNbytes is incorrect (-508645091) ; trying to recover by setting it to zero
Error in <TBasket::Streamer>: The value of fKeylen is incorrect (-28867) ; trying to recover by setting it to zero
Error in <TBasket::Streamer>: The value of fNbytes is incorrect (-508645091) ; trying to recover by setting it to zero
Error in <TBasket::Streamer>: The value of fKeylen is incorrect (-28867) ; trying to recover by setting it to zero
Error in <TBasket::Streamer>: The value of fNbytes is incorrect (-508645091) ; trying to recover by setting it to zero
Error in <TBasket::Streamer>: The value of fKeylen is incorrect (-28867) ; trying to recover by setting it to zero
Error in <TBasket::Streamer>: The value of fNbytes is incorrect (-508645091) ; trying to recover by setting it to zero
Error in <TBasket::Streamer>: The value of fKeylen is incorrect (-28867) ; trying to recover by setting it to zero
Error in <TBasket::Streamer>: The value of fNbytes is incorrect (-508645091) ; trying to recover by setting it to zero
Error in <TBasket::Streamer>: The value of fKeylen is incorrect (-28867) ; trying to recover by setting it to zero
Error in <TBasket::Streamer>: The value of fNbytes is incorrect (-508645091) ; trying to recover by setting it to zero
Error in <TBasket::Streamer>: The value of fKeylen is incorrect (-28867) ; trying to recover by setting it to zero
Error in <TBasket::Streamer>: The value of fNbytes is incorrect (-508645091) ; trying to recover by setting it to zero
Error in <TBasket::Streamer>: The value of fKeylen is incorrect (-28867) ; trying to recover by setting it to zero
Error in <TBasket::Streamer>: The value of fNbytes is incorrect (-508645091) ; trying to recover by setting it to zero
Error in <TBasket::Streamer>: The value of fKeylen is incorrect (-28867) ; trying to recover by setting it to zero
Error in <TBasket::Streamer>: The value of fNbytes is incorrect (-508645091) ; trying to recover by setting it to zero
Error in <TBasket::Streamer>: The value of fKeylen is incorrect (-28867) ; trying to recover by setting it to zero
Error in <TBasket::Streamer>: The value of fNbytes is incorrect (-508645091) ; trying to recover by setting it to zero
Error in <TBasket::Streamer>: The value of fKeylen is incorrect (-28867) ; trying to recover by setting it to zero
Error in <TBasket::Streamer>: The value of fNbytes is incorrect (-508645091) ; trying to recover by setting it to zero
Error in <TBasket::Streamer>: The value of fKeylen is incorrect (-28867) ; trying to recover by setting it to zero
Error in <TBasket::Streamer>: The value of fNbytes is incorrect (-508645091) ; trying to recover by setting it to zero
Error in <TBasket::Streamer>: The value of fKeylen is incorrect (-28867) ; trying to recover by setting it to zero
Error in <TBasket::Streamer>: The value of fNbytes is incorrect (-508645091) ; trying to recover by setting it to zero
Error in <TBasket::Streamer>: The value of fKeylen is incorrect (-28867) ; trying to recover by setting it to zero
Error in <TBasket::Streamer>: The value of fNbytes is incorrect (-508645091) ; trying to recover by setting it to zero
Error in <TBasket::Streamer>: The value of fKeylen is incorrect (-28867) ; trying to recover by setting it to zero
Error in <TBasket::Streamer>: The value of fNbytes is incorrect (-508645091) ; trying to recover by setting it to zero
Error in <TBasket::Streamer>: The value of fKeylen is incorrect (-28867) ; trying to recover by setting it to zero
Error in <TBasket::Streamer>: The value of fNbytes is incorrect (-508645091) ; trying to recover by setting it to zero
Error in <TBasket::Streamer>: The value of fKeylen is incorrect (-28867) ; trying to recover by setting it to zero
Error in <TBasket::Streamer>: The value of fNbytes is incorrect (-508645091) ; trying to recover by setting it to zero
Error in <TBasket::Streamer>: The value of fKeylen is incorrect (-28867) ; trying to recover by setting it to zero
Error in <TBasket::Streamer>: The value of fNbytes is incorrect (-508645091) ; trying to recover by setting it to zero
Error in <TBasket::Streamer>: The value of fKeylen is incorrect (-28867) ; trying to recover by setting it to zero
Error in <TBasket::Streamer>: The value of fNbytes is incorrect (-508645091) ; trying to recover by setting it to zero
Error in <TBasket::Streamer>: The value of fKeylen is incorrect (-28867) ; trying to recover by setting it to zero
Error in <TBasket::Streamer>: The value of fNbytes is incorrect (-508645091) ; trying to recover by setting it to zero
Error in <TBasket::Streamer>: The value of fKeylen is incorrect (-28867) ; trying to recover by setting it to zero
Error in <TBasket::Streamer>: The value of fNbytes is incorrect (-508645091) ; trying to recover by setting it to zero
Error in <TBasket::Streamer>: The value of fKeylen is incorrect (-28867) ; trying to recover by setting it to zero
Error in <TBasket::Streamer>: The value of fNbytes is incorrect (-508645091) ; trying to recover by setting it to zero
Error in <TBasket::Streamer>: The value of fKeylen is incorrect (-28867) ; trying to recover by setting it to zero
Error in <TBasket::Streamer>: The value of fNbytes is incorrect (-508645091) ; trying to recover by setting it to zero
Error in <TBasket::Streamer>: The value of fKeylen is incorrect (-28867) ; trying to recover by setting it to zero
Error in <TBasket::Streamer>: The value of fNbytes is incorrect (-508645091) ; trying to recover by setting it to zero
Error in <TBasket::Streamer>: The value of fKeylen is incorrect (-28867) ; trying to recover by setting it to zero
Error in <TBasket::Streamer>: The value of fNbytes is incorrect (-508645091) ; trying to recover by setting it to zero
Error in <TBasket::Streamer>: The value of fKeylen is incorrect (-28867) ; trying to recover by setting it to zero
Error in <TBasket::Streamer>: The value of fNbytes is incorrect (-508645091) ; trying to recover by setting it to zero
Error in <TBasket::Streamer>: The value of fKeylen is incorrect (-28867) ; trying to recover by setting it to zero
Error in <TBasket::Streamer>: The value of fNbytes is incorrect (-508645091) ; trying to recover by setting it to zero
Error in <TBasket::Streamer>: The value of fKeylen is incorrect (-28867) ; trying to recover by setting it to zero
Error in <TBasket::Streamer>: The value of fNbytes is incorrect (-508645091) ; trying to recover by setting it to zero
Error in <TBasket::Streamer>: The value of fKeylen is incorrect (-28867) ; trying to recover by setting it to zero
Error in <TBasket::Streamer>: The value of fNbytes is incorrect (-508645091) ; trying to recover by setting it to zero
Error in <TBasket::Streamer>: The value of fKeylen is incorrect (-28867) ; trying to recover by setting it to zero
Error in <TBasket::Streamer>: The value of fNbytes is incorrect (-508645091) ; trying to recover by setting it to zero
Error in <TBasket::Streamer>: The value of fKeylen is incorrect (-28867) ; trying to recover by setting it to zero
Error in <TBasket::Streamer>: The value of fNbytes is incorrect (-508645091) ; trying to recover by setting it to zero
Error in <TBasket::Streamer>: The value of fKeylen is incorrect (-28867) ; trying to recover by setting it to zero
Error in <TBasket::Streamer>: The value of fNbytes is incorrect (-508645091) ; trying to recover by setting it to zero
Error in <TBasket::Streamer>: The value of fKeylen is incorrect (-28867) ; trying to recover by setting it to zero
Error in <TBasket::Streamer>: The value of fNbytes is incorrect (-508645091) ; trying to recover by setting it to zero
Error in <TBasket::Streamer>: The value of fKeylen is incorrect (-28867) ; trying to recover by setting it to zero
Error in <TBasket::Streamer>: The value of fNbytes is incorrect (-508645091) ; trying to recover by setting it to zero
Error in <TBasket::Streamer>: The value of fKeylen is incorrect (-28867) ; trying to recover by setting it to zero
Error in <TBasket::Streamer>: The value of fNbytes is incorrect (-508645091) ; trying to recover by setting it to zero
Error in <TBasket::Streamer>: The value of fKeylen is incorrect (-28867) ; trying to recover by setting it to zero
Error in <TBasket::Streamer>: The value of fNbytes is incorrect (-508645091) ; trying to recover by setting it to zero
Error in <TBasket::Streamer>: The value of fKeylen is incorrect (-28867) ; trying to recover by setting it to zero
Error in <TBasket::Streamer>: The value of fNbytes is incorrect (-508645091) ; trying to recover by setting it to zero
Error in <TBasket::Streamer>: The value of fKeylen is incorrect (-28867) ; trying to recover by setting it to zero
Error in <TBasket::Streamer>: The value of fNbytes is incorrect (-508645091) ; trying to recover by setting it to zero
Error in <TBasket::Streamer>: The value of fKeylen is incorrect (-28867) ; trying to recover by setting it to zero
Error in <TBasket::Streamer>: The value of fNbytes is incorrect (-508645091) ; trying to recover by setting it to zero
Error in <TBasket::Streamer>: The value of fKeylen is incorrect (-28867) ; trying to recover by setting it to zero
Error in <TBasket::Streamer>: The value of fNbytes is incorrect (-508645091) ; trying to recover by setting it to zero
Error in <TBasket::Streamer>: The value of fKeylen is incorrect (-28867) ; trying to recover by setting it to zero
Error in <TBasket::Streamer>: The value of fNbytes is incorrect (-508645091) ; trying to recover by setting it to zero
Error in <TBasket::Streamer>: The value of fKeylen is incorrect (-28867) ; trying to recover by setting it to zero
Error in <TBasket::Streamer>: The value of fNbytes is incorrect (-508645091) ; trying to recover by setting it to zero
Error in <TBasket::Streamer>: The value of fKeylen is incorrect (-28867) ; trying to recover by setting it to zero
Error in <TBasket::Streamer>: The value of fNbytes is incorrect (-508645091) ; trying to recover by setting it to zero
Error in <TBasket::Streamer>: The value of fKeylen is incorrect (-28867) ; trying to recover by setting it to zero
Error in <TBasket::Streamer>: The value of fNbytes is incorrect (-508645091) ; trying to recover by setting it to zero
Error in <TBasket::Streamer>: The value of fKeylen is incorrect (-28867) ; trying to recover by setting it to zero
Error in <TBasket::Streamer>: The value of fNbytes is incorrect (-508645091) ; trying to recover by setting it to zero
Error in <TBasket::Streamer>: The value of fKeylen is incorrect (-28867) ; trying to recover by setting it to zero
Error in <TBasket::Streamer>: The value of fNbytes is incorrect (-508645091) ; trying to recover by setting it to zero
Error in <TBasket::Streamer>: The value of fKeylen is incorrect (-28867) ; trying to recover by setting it to zero
Error in <TBasket::Streamer>: The value of fNbytes is incorrect (-508645091) ; trying to recover by setting it to zero
Error in <TBasket::Streamer>: The value of fKeylen is incorrect (-28867) ; trying to recover by setting it to zero
Error in <TBasket::Streamer>: The value of fNbytes is incorrect (-508645091) ; trying to recover by setting it to zero
Error in <TBasket::Streamer>: The value of fKeylen is incorrect (-28867) ; trying to recover by setting it to zero
Error in <TBasket::Streamer>: The value of fNbytes is incorrect (-508645091) ; trying to recover by setting it to zero
Error in <TBasket::Streamer>: The value of fKeylen is incorrect (-28867) ; trying to recover by setting it to zero
Error in <TBasket::Streamer>: The value of fNbytes is incorrect (-508645091) ; trying to recover by setting it to zero
Error in <TBasket::Streamer>: The value of fKeylen is incorrect (-28867) ; trying to recover by setting it to zero
Error in <TBasket::Streamer>: The value of fNbytes is incorrect (-508645091) ; trying to recover by setting it to zero
Error in <TBasket::Streamer>: The value of fKeylen is incorrect (-28867) ; trying to recover by setting it to zero
Error in <TBasket::Streamer>: The value of fNbytes is incorrect (-508645091) ; trying to recover by setting it to zero
Error in <TBasket::Streamer>: The value of fKeylen is incorrect (-28867) ; trying to recover by setting it to zero
Error in <TBasket::Streamer>: The value of fNbytes is incorrect (-508645091) ; trying to recover by setting it to zero
Error in <TBasket::Streamer>: The value of fKeylen is incorrect (-28867) ; trying to recover by setting it to zero
Error in <TBasket::Streamer>: The value of fNbytes is incorrect (-508645091) ; trying to recover by setting it to zero
Error in <TBasket::Streamer>: The value of fKeylen is incorrect (-28867) ; trying to recover by setting it to zero
Error in <TBasket::Streamer>: The value of fNbytes is incorrect (-508645091) ; trying to recover by setting it to zero
Error in <TBasket::Streamer>: The value of fKeylen is incorrect (-28867) ; trying to recover by setting it to zero
Error in <TBasket::Streamer>: The value of fNbytes is incorrect (-508645091) ; trying to recover by setting it to zero
Error in <TBasket::Streamer>: The value of fKeylen is incorrect (-28867) ; trying to recover by setting it to zero
Error in <TBasket::Streamer>: The value of fNbytes is incorrect (-508645091) ; trying to recover by setting it to zero
Error in <TBasket::Streamer>: The value of fKeylen is incorrect (-28867) ; trying to recover by setting it to zero
Error in <TBasket::Streamer>: The value of fNbytes is incorrect (-508645091) ; trying to recover by setting it to zero
Error in <TBasket::Streamer>: The value of fKeylen is incorrect (-28867) ; trying to recover by setting it to zero
Error in <TBasket::Streamer>: The value of fNbytes is incorrect (-508645091) ; trying to recover by setting it to zero
Error in <TBasket::Streamer>: The value of fKeylen is incorrect (-28867) ; trying to recover by setting it to zero
Error in <TBasket::Streamer>: The value of fNbytes is incorrect (-508645091) ; trying to recover by setting it to zero
Error in <TBasket::Streamer>: The value of fKeylen is incorrect (-28867) ; trying to recover by setting it to zero
Error in <TBasket::Streamer>: The value of fNbytes is incorrect (-508645091) ; trying to recover by setting it to zero
Error in <TBasket::Streamer>: The value of fKeylen is incorrect (-28867) ; trying to recover by setting it to zero
Error in <TBasket::Streamer>: The value of fNbytes is incorrect (-508645091) ; trying to recover by setting it to zero
Error in <TBasket::Streamer>: The value of fKeylen is incorrect (-28867) ; trying to recover by setting it to zero
Error in <TBasket::Streamer>: The value of fNbytes is incorrect (-508645091) ; trying to recover by setting it to zero
Error in <TBasket::Streamer>: The value of fKeylen is incorrect (-28867) ; trying to recover by setting it to zero
Error in <TBasket::Streamer>: The value of fNbytes is incorrect (-508645091) ; trying to recover by setting it to zero
Error in <TBasket::Streamer>: The value of fKeylen is incorrect (-28867) ; trying to recover by setting it to zero
Error in <TBasket::Streamer>: The value of fNbytes is incorrect (-508645091) ; trying to recover by setting it to zero
Error in <TBasket::Streamer>: The value of fKeylen is incorrect (-28867) ; trying to recover by setting it to zero
Error in <TBasket::Streamer>: The value of fNbytes is incorrect (-508645091) ; trying to recover by setting it to zero
Error in <TBasket::Streamer>: The value of fKeylen is incorrect (-28867) ; trying to recover by setting it to zero
Error in <TBasket::Streamer>: The value of fNbytes is incorrect (-508645091) ; trying to recover by setting it to zero
Error in <TBasket::Streamer>: The value of fKeylen is incorrect (-28867) ; trying to recover by setting it to zero
Error in <TBasket::Streamer>: The value of fNbytes is incorrect (-508645091) ; trying to recover by setting it to zero
Error in <TBasket::Streamer>: The value of fKeylen is incorrect (-28867) ; trying to recover by setting it to zero
Error in <TBasket::Streamer>: The value of fNbytes is incorrect (-508645091) ; trying to recover by setting it to zero
Error in <TBasket::Streamer>: The value of fKeylen is incorrect (-28867) ; trying to recover by setting it to zero
Error in <TBasket::Streamer>: The value of fNbytes is incorrect (-508645091) ; trying to recover by setting it to zero
Error in <TBasket::Streamer>: The value of fKeylen is incorrect (-28867) ; trying to recover by setting it to zero
Error in <TBasket::Streamer>: The value of fNbytes is incorrect (-508645091) ; trying to recover by setting it to zero
Error in <TBasket::Streamer>: The value of fKeylen is incorrect (-28867) ; trying to recover by setting it to zero
Error in <TBasket::Streamer>: The value of fNbytes is incorrect (-508645091) ; trying to recover by setting it to zero
Error in <TBasket::Streamer>: The value of fKeylen is incorrect (-28867) ; trying to recover by setting it to zero
Error in <TBasket::Streamer>: The value of fNbytes is incorrect (-508645091) ; trying to recover by setting it to zero
Error in <TBasket::Streamer>: The value of fKeylen is incorrect (-28867) ; trying to recover by setting it to zero
Error in <TBasket::Streamer>: The value of fNbytes is incorrect (-508645091) ; trying to recover by setting it to zero
Error in <TBasket::Streamer>: The value of fKeylen is incorrect (-28867) ; trying to recover by setting it to zero
Error in <TBasket::Streamer>: The value of fNbytes is incorrect (-508645091) ; trying to recover by setting it to zero
Error in <TBasket::Streamer>: The value of fKeylen is incorrect (-28867) ; trying to recover by setting it to zero
Error in <TBasket::Streamer>: The value of fNbytes is incorrect (-508645091) ; trying to recover by setting it to zero
Error in <TBasket::Streamer>: The value of fKeylen is incorrect (-28867) ; trying to recover by setting it to zero
Error in <TBasket::Streamer>: The value of fNbytes is incorrect (-508645091) ; trying to recover by setting it to zero
Error in <TBasket::Streamer>: The value of fKeylen is incorrect (-28867) ; trying to recover by setting it to zero
Error in <TBasket::Streamer>: The value of fNbytes is incorrect (-508645091) ; trying to recover by setting it to zero
Error in <TBasket::Streamer>: The value of fKeylen is incorrect (-28867) ; trying to recover by setting it to zero
Error in <TBasket::Streamer>: The value of fNbytes is incorrect (-508645091) ; trying to recover by setting it to zero
Error in <TBasket::Streamer>: The value of fKeylen is incorrect (-28867) ; trying to recover by setting it to zero
Error in <TBasket::Streamer>: The value of fNbytes is incorrect (-508645091) ; trying to recover by setting it to zero
Error in <TBasket::Streamer>: The value of fKeylen is incorrect (-28867) ; trying to recover by setting it to zero
Error in <TBasket::Streamer>: The value of fNbytes is incorrect (-508645091) ; trying to recover by setting it to zero
Error in <TBasket::Streamer>: The value of fKeylen is incorrect (-28867) ; trying to recover by setting it to zero
Error in <TBasket::Streamer>: The value of fNbytes is incorrect (-508645091) ; trying to recover by setting it to zero
Error in <TBasket::Streamer>: The value of fKeylen is incorrect (-28867) ; trying to recover by setting it to zero
Error in <TBasket::Streamer>: The value of fNbytes is incorrect (-508645091) ; trying to recover by setting it to zero
Error in <TBasket::Streamer>: The value of fKeylen is incorrect (-28867) ; trying to recover by setting it to zero
Error in <TBasket::Streamer>: The value of fNbytes is incorrect (-508645091) ; trying to recover by setting it to zero
Error in <TBasket::Streamer>: The value of fKeylen is incorrect (-28867) ; trying to recover by setting it to zero
Error in <TBasket::Streamer>: The value of fNbytes is incorrect (-508645091) ; trying to recover by setting it to zero
Error in <TBasket::Streamer>: The value of fKeylen is incorrect (-28867) ; trying to recover by setting it to zero
Error in <TBasket::Streamer>: The value of fNbytes is incorrect (-508645091) ; trying to recover by setting it to zero
Error in <TBasket::Streamer>: The value of fKeylen is incorrect (-28867) ; trying to recover by setting it to zero
Error in <TBasket::Streamer>: The value of fNbytes is incorrect (-508645091) ; trying to recover by setting it to zero
Error in <TBasket::Streamer>: The value of fKeylen is incorrect (-28867) ; trying to recover by setting it to zero
Error in <TBasket::Streamer>: The value of fNbytes is incorrect (-508645091) ; trying to recover by setting it to zero
Error in <TBasket::Streamer>: The value of fKeylen is incorrect (-28867) ; trying to recover by setting it to zero
Error in <TBasket::Streamer>: The value of fNbytes is incorrect (-508645091) ; trying to recover by setting it to zero
Error in <TBasket::Streamer>: The value of fKeylen is incorrect (-28867) ; trying to recover by setting it to zero
Error in <TBasket::Streamer>: The value of fNbytes is incorrect (-508645091) ; trying to recover by setting it to zero
Error in <TBasket::Streamer>: The value of fKeylen is incorrect (-28867) ; trying to recover by setting it to zero
Error in <TBasket::Streamer>: The value of fNbytes is incorrect (-508645091) ; trying to recover by setting it to zero
Error in <TBasket::Streamer>: The value of fKeylen is incorrect (-28867) ; trying to recover by setting it to zero
Error in <TBasket::Streamer>: The value of fNbytes is incorrect (-508645091) ; trying to recover by setting it to zero
Error in <TBasket::Streamer>: The value of fKeylen is incorrect (-28867) ; trying to recover by setting it to zero
Error in <TBasket::Streamer>: The value of fNbytes is incorrect (-508645091) ; trying to recover by setting it to zero
Error in <TBasket::Streamer>: The value of fObjlen is incorrect (-1158582815) ; trying to recover by setting it to zero
Error in <TBasket::Streamer>: The value of fIOBits (00000000000000000000000000111110) contains unknown flags (supported flags are 00000000000000000000000000000001), indicating this was written with a newer version of ROOT utilizing critical IO features this version of ROOT does not support.  Refusing to deserialize.
Fatal in <TBuffer::TBuffer>: Request to create a buffer with a negative size, likely due to an integer overflow: 0xda63aff1 for a max of 0x7ffffffe.
aborting

 *** Break *** segmentation violation
condor_exec.exe: line 10:   634 Segmentation fault      (core dumped) ./bin/moduleCharacterization_step2.exe $1
