000 (15153696.184.000) 10/03 22:27:19 Job submitted from host: <188.184.90.241:9618?addrs=188.184.90.241-9618+[2001-1458-201-e4--100-2eb]-9618&alias=bigbird15.cern.ch&noUDP&sock=schedd_2763_c443>
...
040 (15153696.184.000) 10/03 22:33:01 Started transferring input files
	Transferring to host: <128.142.59.22:9618?addrs=128.142.59.22-9618+[2001-1458-301-21--100-15]-9618&alias=b7s04p2751.cern.ch&noUDP&sock=slot1_29_43230_3217_73037>
...
040 (15153696.184.000) 10/03 22:33:01 Finished transferring input files
...
001 (15153696.184.000) 10/03 22:33:02 Job executing on host: <128.142.59.22:9618?addrs=128.142.59.22-9618+[2001-1458-301-21--100-15]-9618&alias=b7s04p2751.cern.ch&noUDP&sock=startd_43182_d6b8>
...
006 (15153696.184.000) 10/03 22:33:10 Image size of job updated: 911340
	121  -  MemoryUsage of job (MB)
	123528  -  ResidentSetSize of job (KB)
...
006 (15153696.184.000) 10/03 22:37:07 Image size of job updated: 920524
	121  -  MemoryUsage of job (MB)
	123528  -  ResidentSetSize of job (KB)
...
040 (15153696.184.000) 10/03 22:37:07 Started transferring output files
...
040 (15153696.184.000) 10/03 22:37:07 Finished transferring output files
...
005 (15153696.184.000) 10/03 22:37:07 Job terminated.
	(1) Normal termination (return value 0)
		Usr 0 00:00:09, Sys 0 00:00:00  -  Run Remote Usage
		Usr 0 00:00:00, Sys 0 00:00:00  -  Run Local Usage
		Usr 0 00:00:09, Sys 0 00:00:00  -  Total Remote Usage
		Usr 0 00:00:00, Sys 0 00:00:00  -  Total Local Usage
	8012  -  Run Bytes Sent By Job
	374  -  Run Bytes Received By Job
	8012  -  Total Bytes Sent By Job
	374  -  Total Bytes Received By Job
	Partitionable Resources :    Usage  Request Allocated 
	   Cpus                 :                 1         1 
	   Disk (KB)            :       23        1   2929022 
	   Memory (MB)          :      121     2000      2000 

	Job terminated of its own accord at 2023-10-03T20:37:07Z.
...
