000 (15155263.043.000) 10/07 15:36:06 Job submitted from host: <188.184.90.241:9618?addrs=188.184.90.241-9618+[2001-1458-201-e4--100-2eb]-9618&alias=bigbird15.cern.ch&noUDP&sock=schedd_2763_c443>
...
040 (15155263.043.000) 10/07 15:38:54 Started transferring input files
	Transferring to host: <128.142.61.123:9618?addrs=128.142.61.123-9618+[2001-1458-301-23--100-7a]-9618&alias=b7s06p7679.cern.ch&noUDP&sock=slot1_25_3708_5f10_298342>
...
040 (15155263.043.000) 10/07 15:38:54 Finished transferring input files
...
001 (15155263.043.000) 10/07 15:38:55 Job executing on host: <128.142.61.123:9618?addrs=128.142.61.123-9618+[2001-1458-301-23--100-7a]-9618&alias=b7s06p7679.cern.ch&noUDP&sock=startd_2863_5bbc>
...
006 (15155263.043.000) 10/07 15:39:04 Image size of job updated: 608368
	52  -  MemoryUsage of job (MB)
	52788  -  ResidentSetSize of job (KB)
...
006 (15155263.043.000) 10/07 15:44:05 Image size of job updated: 1132004
	607  -  MemoryUsage of job (MB)
	621060  -  ResidentSetSize of job (KB)
...
006 (15155263.043.000) 10/07 15:49:06 Image size of job updated: 1208124
	607  -  MemoryUsage of job (MB)
	621060  -  ResidentSetSize of job (KB)
...
006 (15155263.043.000) 10/07 15:54:06 Image size of job updated: 3553504
	607  -  MemoryUsage of job (MB)
	621060  -  ResidentSetSize of job (KB)
...
006 (15155263.043.000) 10/07 15:59:06 Image size of job updated: 3794192
	607  -  MemoryUsage of job (MB)
	621060  -  ResidentSetSize of job (KB)
...
006 (15155263.043.000) 10/07 16:04:07 Image size of job updated: 3803756
	607  -  MemoryUsage of job (MB)
	621060  -  ResidentSetSize of job (KB)
...
006 (15155263.043.000) 10/07 16:09:07 Image size of job updated: 3860864
	607  -  MemoryUsage of job (MB)
	621060  -  ResidentSetSize of job (KB)
...
006 (15155263.043.000) 10/07 16:12:23 Image size of job updated: 3868540
	607  -  MemoryUsage of job (MB)
	621060  -  ResidentSetSize of job (KB)
...
040 (15155263.043.000) 10/07 16:12:23 Started transferring output files
...
040 (15155263.043.000) 10/07 16:12:23 Finished transferring output files
...
005 (15155263.043.000) 10/07 16:12:23 Job terminated.
	(1) Normal termination (return value 0)
		Usr 0 00:09:10, Sys 0 00:00:16  -  Run Remote Usage
		Usr 0 00:00:00, Sys 0 00:00:00  -  Run Local Usage
		Usr 0 00:09:10, Sys 0 00:00:16  -  Total Remote Usage
		Usr 0 00:00:00, Sys 0 00:00:00  -  Total Local Usage
	84714  -  Run Bytes Sent By Job
	323  -  Run Bytes Received By Job
	84714  -  Total Bytes Sent By Job
	323  -  Total Bytes Received By Job
	Partitionable Resources :    Usage  Request Allocated 
	   Cpus                 :        0        1         1 
	   Disk (KB)            :      104        1   1208142 
	   Memory (MB)          :      607     2000      2000 

	Job terminated of its own accord at 2023-10-07T14:12:23Z.
...
