000 (15271413.118.000) 12/18 14:02:23 Job submitted from host: <188.184.90.241:9618?addrs=188.184.90.241-9618+[2001-1458-201-e4--100-2eb]-9618&alias=bigbird15.cern.ch&noUDP&sock=schedd_2763_c443>
...
040 (15271413.118.000) 12/18 14:06:29 Started transferring input files
	Transferring to host: <128.142.60.134:9618?addrs=128.142.60.134-9618+[2001-1458-301-22--100-85]-9618&alias=b9s05p7181.cern.ch&noUDP&sock=slot1_30_131780_ae68_6443>
...
040 (15271413.118.000) 12/18 14:06:29 Finished transferring input files
...
001 (15271413.118.000) 12/18 14:06:30 Job executing on host: <128.142.60.134:9618?addrs=128.142.60.134-9618+[2001-1458-301-22--100-85]-9618&alias=b9s05p7181.cern.ch&noUDP&sock=startd_113887_9677>
...
006 (15271413.118.000) 12/18 14:06:39 Image size of job updated: 151604
	148  -  MemoryUsage of job (MB)
	151348  -  ResidentSetSize of job (KB)
...
006 (15271413.118.000) 12/18 14:11:40 Image size of job updated: 608280
	593  -  MemoryUsage of job (MB)
	607072  -  ResidentSetSize of job (KB)
...
006 (15271413.118.000) 12/18 14:14:29 Image size of job updated: 2833180
	593  -  MemoryUsage of job (MB)
	607072  -  ResidentSetSize of job (KB)
...
040 (15271413.118.000) 12/18 14:14:29 Started transferring output files
...
040 (15271413.118.000) 12/18 14:14:29 Finished transferring output files
...
005 (15271413.118.000) 12/18 14:14:29 Job terminated.
	(1) Normal termination (return value 0)
		Usr 0 00:06:30, Sys 0 00:00:05  -  Run Remote Usage
		Usr 0 00:00:00, Sys 0 00:00:00  -  Run Local Usage
		Usr 0 00:06:30, Sys 0 00:00:05  -  Total Remote Usage
		Usr 0 00:00:00, Sys 0 00:00:00  -  Total Local Usage
	151010  -  Run Bytes Sent By Job
	269  -  Run Bytes Received By Job
	151010  -  Total Bytes Sent By Job
	269  -  Total Bytes Received By Job
	Partitionable Resources :    Usage  Request Allocated 
	   Cpus                 :     0.21        1         1 
	   Disk (KB)            :   191           1   3038372 
	   Memory (MB)          :   593        2000      2000 

	Job terminated of its own accord at 2023-12-18T13:14:29Z.
...
