000 (14759981.003.000) 03/28 17:09:37 Job submitted from host: <188.184.90.241:9618?addrs=188.184.90.241-9618+[2001-1458-201-e4--100-2eb]-9618&alias=bigbird15.cern.ch&noUDP&sock=schedd_3631588_e24a>
...
040 (14759981.003.000) 03/28 17:53:37 Started transferring input files
	Transferring to host: <188.184.160.172:9618?addrs=188.184.160.172-9618+[2001-1458-301-48--100-a6]-9618&alias=b7s09p8037.cern.ch&noUDP&sock=slot1_12_123270_9dce_12950>
...
040 (14759981.003.000) 03/28 17:53:37 Finished transferring input files
...
001 (14759981.003.000) 03/28 17:53:38 Job executing on host: <188.184.160.172:9618?addrs=188.184.160.172-9618+[2001-1458-301-48--100-a6]-9618&alias=b7s09p8037.cern.ch&noUDP&sock=startd_28440_0d8d>
...
006 (14759981.003.000) 03/28 17:53:46 Image size of job updated: 148536
	138  -  MemoryUsage of job (MB)
	140792  -  ResidentSetSize of job (KB)
...
006 (14759981.003.000) 03/28 17:56:04 Image size of job updated: 2828204
	138  -  MemoryUsage of job (MB)
	140792  -  ResidentSetSize of job (KB)
...
040 (14759981.003.000) 03/28 17:56:05 Started transferring output files
...
040 (14759981.003.000) 03/28 17:56:05 Finished transferring output files
...
005 (14759981.003.000) 03/28 17:56:05 Job terminated.
	(1) Normal termination (return value 0)
		Usr 0 00:01:28, Sys 0 00:00:05  -  Run Remote Usage
		Usr 0 00:00:00, Sys 0 00:00:00  -  Run Local Usage
		Usr 0 00:01:28, Sys 0 00:00:05  -  Total Remote Usage
		Usr 0 00:00:00, Sys 0 00:00:00  -  Total Local Usage
	114792  -  Run Bytes Sent By Job
	269  -  Run Bytes Received By Job
	114792  -  Total Bytes Sent By Job
	269  -  Total Bytes Received By Job
	Partitionable Resources :    Usage  Request Allocated 
	   Cpus                 :                 1         1 
	   Disk (KB)            :      126        1   3116470 
	   Memory (MB)          :      138     2000      2000 

	Job terminated of its own accord at 2023-03-28T15:56:04Z.
...
