000 (15155243.026.000) 10/07 13:26:29 Job submitted from host: <188.184.90.241:9618?addrs=188.184.90.241-9618+[2001-1458-201-e4--100-2eb]-9618&alias=bigbird15.cern.ch&noUDP&sock=schedd_2763_c443>
...
040 (15155243.026.000) 10/07 13:31:53 Started transferring input files
	Transferring to host: <128.142.137.199:9618?addrs=128.142.137.199-9618+[2001-1458-301-5e--100-bb]-9618&alias=b7g19p7731.cern.ch&noUDP&sock=slot1_14_4597_c094_96553>
...
040 (15155243.026.000) 10/07 13:31:53 Finished transferring input files
...
001 (15155243.026.000) 10/07 13:31:54 Job executing on host: <128.142.137.199:9618?addrs=128.142.137.199-9618+[2001-1458-301-5e--100-bb]-9618&alias=b7g19p7731.cern.ch&noUDP&sock=startd_3942_766c>
...
006 (15155243.026.000) 10/07 13:32:03 Image size of job updated: 532452
	52  -  MemoryUsage of job (MB)
	52300  -  ResidentSetSize of job (KB)
...
006 (15155243.026.000) 10/07 13:37:04 Image size of job updated: 827052
	333  -  MemoryUsage of job (MB)
	340508  -  ResidentSetSize of job (KB)
...
006 (15155243.026.000) 10/07 13:42:05 Image size of job updated: 1217108
	713  -  MemoryUsage of job (MB)
	730056  -  ResidentSetSize of job (KB)
...
006 (15155243.026.000) 10/07 13:47:05 Image size of job updated: 1526372
	1015  -  MemoryUsage of job (MB)
	1038624  -  ResidentSetSize of job (KB)
...
006 (15155243.026.000) 10/07 13:52:05 Image size of job updated: 1675540
	1087  -  MemoryUsage of job (MB)
	1112960  -  ResidentSetSize of job (KB)
...
006 (15155243.026.000) 10/07 14:02:06 Image size of job updated: 4225400
	1087  -  MemoryUsage of job (MB)
	1112960  -  ResidentSetSize of job (KB)
...
006 (15155243.026.000) 10/07 14:07:06 Image size of job updated: 4482012
	1087  -  MemoryUsage of job (MB)
	1112960  -  ResidentSetSize of job (KB)
...
006 (15155243.026.000) 10/07 14:12:07 Image size of job updated: 4543768
	1087  -  MemoryUsage of job (MB)
	1112960  -  ResidentSetSize of job (KB)
...
006 (15155243.026.000) 10/07 14:14:44 Image size of job updated: 4552048
	1087  -  MemoryUsage of job (MB)
	1112960  -  ResidentSetSize of job (KB)
...
040 (15155243.026.000) 10/07 14:14:44 Started transferring output files
...
040 (15155243.026.000) 10/07 14:14:44 Finished transferring output files
...
005 (15155243.026.000) 10/07 14:14:44 Job terminated.
	(1) Normal termination (return value 0)
		Usr 0 00:26:04, Sys 0 00:00:52  -  Run Remote Usage
		Usr 0 00:00:00, Sys 0 00:00:00  -  Run Local Usage
		Usr 0 00:26:04, Sys 0 00:00:52  -  Total Remote Usage
		Usr 0 00:00:00, Sys 0 00:00:00  -  Total Local Usage
	101980  -  Run Bytes Sent By Job
	323  -  Run Bytes Received By Job
	101980  -  Total Bytes Sent By Job
	323  -  Total Bytes Received By Job
	Partitionable Resources :    Usage  Request Allocated 
	   Cpus                 :     1.00        1         1 
	   Disk (KB)            :   121           1   1662245 
	   Memory (MB)          :  1087        2000      2000 

	Job terminated of its own accord at 2023-10-07T12:14:44Z.
...
