Error in <TNetXNGFile::ReadBuffer>: error reading all requested bytes, got 284 of 300
Error in <TNetXNGFile::Init>: root://eoscms.cern.ch//eos/cms/store/group/dpg_mtd/comm_mtd/TB/MTDTB_H8_Sep2023/TOFHIR2/h8/reco/6097/81_e.root failed to read the file type data.
Error in <TNetXNGFile::TNetXNGFile>: Object is in 'zombie' state
Error in <TFile::ReadBuffer>: error reading all requested bytes from file /eos/cms/store/group/dpg_mtd/comm_mtd/TB/MTDTB_H8_Sep2023/TOFHIR2/h8/reco//6097/81_e.root, got 284 of 300
Error in <TFile::Init>: /eos/cms/store/group/dpg_mtd/comm_mtd/TB/MTDTB_H8_Sep2023/TOFHIR2/h8/reco//6097/81_e.root failed to read the file type data.

 *** Break *** segmentation violation



===========================================================
There was a crash.
This is the entire stack trace of all threads:
===========================================================

Thread 15 (Thread 0x14ffce1f2640 (LWP 142) "drawPulseShapeT"):
#0  0x000014ffe649c39a in __futex_abstimed_wait_common () from /lib64/libc.so.6
#1  0x000014ffe64a7838 in __new_sem_wait_slow64.constprop.0 () from /lib64/libc.so.6
#2  0x000014ffcfd9a586 in XrdCl::JobManager::RunJobs() () from /lib64/libXrdCl.so.3
#3  0x000014ffcfd9a62d in RunRunnerThread () from /lib64/libXrdCl.so.3
#4  0x000014ffe649f802 in start_thread () from /lib64/libc.so.6
#5  0x000014ffe643f450 in clone3 () from /lib64/libc.so.6

Thread 14 (Thread 0x14ffce3f3640 (LWP 141) "drawPulseShapeT"):
#0  0x000014ffe649c39a in __futex_abstimed_wait_common () from /lib64/libc.so.6
#1  0x000014ffe64a7838 in __new_sem_wait_slow64.constprop.0 () from /lib64/libc.so.6
#2  0x000014ffcfd9a586 in XrdCl::JobManager::RunJobs() () from /lib64/libXrdCl.so.3
#3  0x000014ffcfd9a62d in RunRunnerThread () from /lib64/libXrdCl.so.3
#4  0x000014ffe649f802 in start_thread () from /lib64/libc.so.6
#5  0x000014ffe643f450 in clone3 () from /lib64/libc.so.6

Thread 13 (Thread 0x14ffce5f4640 (LWP 140) "drawPulseShapeT"):
#0  0x000014ffe649c39a in __futex_abstimed_wait_common () from /lib64/libc.so.6
#1  0x000014ffe64a7838 in __new_sem_wait_slow64.constprop.0 () from /lib64/libc.so.6
#2  0x000014ffcfd9a586 in XrdCl::JobManager::RunJobs() () from /lib64/libXrdCl.so.3
#3  0x000014ffcfd9a62d in RunRunnerThread () from /lib64/libXrdCl.so.3
#4  0x000014ffe649f802 in start_thread () from /lib64/libc.so.6
#5  0x000014ffe643f450 in clone3 () from /lib64/libc.so.6

Thread 12 (Thread 0x14ffce7f5640 (LWP 139) "drawPulseShapeT"):
#0  0x000014ffe6513975 in clock_nanosleep
GLIBC_2.2.5 () from /lib64/libc.so.6
#1  0x000014ffe6518527 in nanosleep () from /lib64/libc.so.6
#2  0x000014ffd007f3e0 in XrdSysTimer::Wait(int) () from /lib64/libXrdUtils.so.3
#3  0x000014ffcfd21fad in XrdCl::TaskManager::RunTasks() () from /lib64/libXrdCl.so.3
#4  0x000014ffcfd220fd in RunRunnerThread () from /lib64/libXrdCl.so.3
#5  0x000014ffe649f802 in start_thread () from /lib64/libc.so.6
#6  0x000014ffe643f450 in clone3 () from /lib64/libc.so.6

Thread 11 (Thread 0x14ffce9f6640 (LWP 138) "drawPulseShapeT"):
#0  0x000014ffe654e84e in epoll_wait () from /lib64/libc.so.6
#1  0x000014ffd0077174 in XrdSys::IOEvents::PollE::Begin(XrdSysSemaphore*, int&, char const**) () from /lib64/libXrdUtils.so.3
#2  0x000014ffd0073d31 in XrdSys::IOEvents::BootStrap::Start(void*) () from /lib64/libXrdUtils.so.3
#3  0x000014ffd007bb1c in XrdSysThread_Xeq () from /lib64/libXrdUtils.so.3
#4  0x000014ffe649f802 in start_thread () from /lib64/libc.so.6
#5  0x000014ffe643f450 in clone3 () from /lib64/libc.so.6

Thread 10 (Thread 0x14ffcebf7640 (LWP 137) "drawPulseShapeT"):
#0  0x000014ffe654e84e in epoll_wait () from /lib64/libc.so.6
#1  0x000014ffd0077174 in XrdSys::IOEvents::PollE::Begin(XrdSysSemaphore*, int&, char const**) () from /lib64/libXrdUtils.so.3
#2  0x000014ffd0073d31 in XrdSys::IOEvents::BootStrap::Start(void*) () from /lib64/libXrdUtils.so.3
#3  0x000014ffd007bb1c in XrdSysThread_Xeq () from /lib64/libXrdUtils.so.3
#4  0x000014ffe649f802 in start_thread () from /lib64/libc.so.6
#5  0x000014ffe643f450 in clone3 () from /lib64/libc.so.6

Thread 9 (Thread 0x14ffcedf8640 (LWP 136) "drawPulseShapeT"):
#0  0x000014ffe654e84e in epoll_wait () from /lib64/libc.so.6
#1  0x000014ffd0077174 in XrdSys::IOEvents::PollE::Begin(XrdSysSemaphore*, int&, char const**) () from /lib64/libXrdUtils.so.3
#2  0x000014ffd0073d31 in XrdSys::IOEvents::BootStrap::Start(void*) () from /lib64/libXrdUtils.so.3
#3  0x000014ffd007bb1c in XrdSysThread_Xeq () from /lib64/libXrdUtils.so.3
#4  0x000014ffe649f802 in start_thread () from /lib64/libc.so.6
#5  0x000014ffe643f450 in clone3 () from /lib64/libc.so.6

Thread 8 (Thread 0x14ffceff9640 (LWP 135) "drawPulseShapeT"):
#0  0x000014ffe654e84e in epoll_wait () from /lib64/libc.so.6
#1  0x000014ffd0077174 in XrdSys::IOEvents::PollE::Begin(XrdSysSemaphore*, int&, char const**) () from /lib64/libXrdUtils.so.3
#2  0x000014ffd0073d31 in XrdSys::IOEvents::BootStrap::Start(void*) () from /lib64/libXrdUtils.so.3
#3  0x000014ffd007bb1c in XrdSysThread_Xeq () from /lib64/libXrdUtils.so.3
#4  0x000014ffe649f802 in start_thread () from /lib64/libc.so.6
#5  0x000014ffe643f450 in clone3 () from /lib64/libc.so.6

Thread 7 (Thread 0x14ffcf1fa640 (LWP 134) "drawPulseShapeT"):
#0  0x000014ffe654e84e in epoll_wait () from /lib64/libc.so.6
#1  0x000014ffd0077174 in XrdSys::IOEvents::PollE::Begin(XrdSysSemaphore*, int&, char const**) () from /lib64/libXrdUtils.so.3
#2  0x000014ffd0073d31 in XrdSys::IOEvents::BootStrap::Start(void*) () from /lib64/libXrdUtils.so.3
#3  0x000014ffd007bb1c in XrdSysThread_Xeq () from /lib64/libXrdUtils.so.3
#4  0x000014ffe649f802 in start_thread () from /lib64/libc.so.6
#5  0x000014ffe643f450 in clone3 () from /lib64/libc.so.6

Thread 6 (Thread 0x14ffcf3fb640 (LWP 133) "drawPulseShapeT"):
#0  0x000014ffe654e84e in epoll_wait () from /lib64/libc.so.6
#1  0x000014ffd0077174 in XrdSys::IOEvents::PollE::Begin(XrdSysSemaphore*, int&, char const**) () from /lib64/libXrdUtils.so.3
#2  0x000014ffd0073d31 in XrdSys::IOEvents::BootStrap::Start(void*) () from /lib64/libXrdUtils.so.3
#3  0x000014ffd007bb1c in XrdSysThread_Xeq () from /lib64/libXrdUtils.so.3
#4  0x000014ffe649f802 in start_thread () from /lib64/libc.so.6
#5  0x000014ffe643f450 in clone3 () from /lib64/libc.so.6

Thread 5 (Thread 0x14ffcf5fc640 (LWP 132) "drawPulseShapeT"):
#0  0x000014ffe654e84e in epoll_wait () from /lib64/libc.so.6
#1  0x000014ffd0077174 in XrdSys::IOEvents::PollE::Begin(XrdSysSemaphore*, int&, char const**) () from /lib64/libXrdUtils.so.3
#2  0x000014ffd0073d31 in XrdSys::IOEvents::BootStrap::Start(void*) () from /lib64/libXrdUtils.so.3
#3  0x000014ffd007bb1c in XrdSysThread_Xeq () from /lib64/libXrdUtils.so.3
#4  0x000014ffe649f802 in start_thread () from /lib64/libc.so.6
#5  0x000014ffe643f450 in clone3 () from /lib64/libc.so.6

Thread 4 (Thread 0x14ffcf7fd640 (LWP 131) "drawPulseShapeT"):
#0  0x000014ffe654e84e in epoll_wait () from /lib64/libc.so.6
#1  0x000014ffd0077174 in XrdSys::IOEvents::PollE::Begin(XrdSysSemaphore*, int&, char const**) () from /lib64/libXrdUtils.so.3
#2  0x000014ffd0073d31 in XrdSys::IOEvents::BootStrap::Start(void*) () from /lib64/libXrdUtils.so.3
#3  0x000014ffd007bb1c in XrdSysThread_Xeq () from /lib64/libXrdUtils.so.3
#4  0x000014ffe649f802 in start_thread () from /lib64/libc.so.6
#5  0x000014ffe643f450 in clone3 () from /lib64/libc.so.6

Thread 3 (Thread 0x14ffcf9fe640 (LWP 130) "drawPulseShapeT"):
#0  0x000014ffe654e84e in epoll_wait () from /lib64/libc.so.6
#1  0x000014ffd0077174 in XrdSys::IOEvents::PollE::Begin(XrdSysSemaphore*, int&, char const**) () from /lib64/libXrdUtils.so.3
#2  0x000014ffd0073d31 in XrdSys::IOEvents::BootStrap::Start(void*) () from /lib64/libXrdUtils.so.3
#3  0x000014ffd007bb1c in XrdSysThread_Xeq () from /lib64/libXrdUtils.so.3
#4  0x000014ffe649f802 in start_thread () from /lib64/libc.so.6
#5  0x000014ffe643f450 in clone3 () from /lib64/libc.so.6

Thread 2 (Thread 0x14ffcfbff640 (LWP 129) "drawPulseShapeT"):
#0  0x000014ffe654e84e in epoll_wait () from /lib64/libc.so.6
#1  0x000014ffd0077174 in XrdSys::IOEvents::PollE::Begin(XrdSysSemaphore*, int&, char const**) () from /lib64/libXrdUtils.so.3
#2  0x000014ffd0073d31 in XrdSys::IOEvents::BootStrap::Start(void*) () from /lib64/libXrdUtils.so.3
#3  0x000014ffd007bb1c in XrdSysThread_Xeq () from /lib64/libXrdUtils.so.3
#4  0x000014ffe649f802 in start_thread () from /lib64/libc.so.6
#5  0x000014ffe643f450 in clone3 () from /lib64/libc.so.6

Thread 1 (Thread 0x14ffe660fc40 (LWP 114) "drawPulseShapeT"):
#0  0x000014ffe651830f in wait4 () from /lib64/libc.so.6
#1  0x000014ffe6461953 in do_system () from /lib64/libc.so.6
#2  0x000014ffe8508c94 in TUnixSystem::StackTrace() () from /usr/lib64/root/libCore.so.6.30
#3  0x000014ffe8505bb5 in TUnixSystem::DispatchSignals(ESignals) () from /usr/lib64/root/libCore.so.6.30
#4  <signal handler called>
#5  0x000000000043212d in TTree* TDirectory::Get<TTree>(char const*) ()
#6  0x00000000004305bd in TTree* TDirectoryFile::Get<TTree>(char const*) ()
#7  0x00000000004228bf in main ()
===========================================================


The lines below might hint at the cause of the crash. If you see question
marks as part of the stack trace, try to recompile with debugging information
enabled and export CLING_DEBUG=1 environment variable before running.
You may get help by asking at the ROOT forum https://root.cern/forum
preferably using the command (.forum bug) in the ROOT prompt.
Only if you are really convinced it is a bug in ROOT then please submit a
report at https://root.cern/bugs or (preferably) using the command (.gh bug) in
the ROOT prompt. Please post the ENTIRE stack trace
from above as an attachment in addition to anything else
that might help us fixing this issue.
===========================================================
#5  0x000000000043212d in TTree* TDirectory::Get<TTree>(char const*) ()
#6  0x00000000004305bd in TTree* TDirectoryFile::Get<TTree>(char const*) ()
#7  0x00000000004228bf in main ()
===========================================================


