000 (14832095.129.000) 06/12 15:17:57 Job submitted from host: <188.184.90.241:9618?addrs=188.184.90.241-9618+[2001-1458-201-e4--100-2eb]-9618&alias=bigbird15.cern.ch&noUDP&sock=schedd_1460210_2ef4>
...
040 (14832095.129.000) 06/12 15:20:17 Started transferring input files
	Transferring to host: <188.184.160.196:9618?addrs=188.184.160.196-9618+[2001-1458-301-48--100-be]-9618&alias=b7s09p2132.cern.ch&noUDP&sock=slot1_32_121563_e168_89815>
...
040 (14832095.129.000) 06/12 15:20:17 Finished transferring input files
...
001 (14832095.129.000) 06/12 15:20:18 Job executing on host: <188.184.160.196:9618?addrs=188.184.160.196-9618+[2001-1458-301-48--100-be]-9618&alias=b7s09p2132.cern.ch&noUDP&sock=startd_28734_b665>
...
006 (14832095.129.000) 06/12 15:20:26 Image size of job updated: 554120
	47  -  MemoryUsage of job (MB)
	47676  -  ResidentSetSize of job (KB)
...
006 (14832095.129.000) 06/12 15:25:26 Image size of job updated: 1198192
	116  -  MemoryUsage of job (MB)
	118496  -  ResidentSetSize of job (KB)
...
006 (14832095.129.000) 06/12 15:26:13 Image size of job updated: 1207780
	116  -  MemoryUsage of job (MB)
	118496  -  ResidentSetSize of job (KB)
...
040 (14832095.129.000) 06/12 15:26:13 Started transferring output files
...
040 (14832095.129.000) 06/12 15:26:13 Finished transferring output files
...
005 (14832095.129.000) 06/12 15:26:13 Job terminated.
	(1) Normal termination (return value 0)
		Usr 0 00:02:55, Sys 0 00:00:09  -  Run Remote Usage
		Usr 0 00:00:00, Sys 0 00:00:00  -  Run Local Usage
		Usr 0 00:02:55, Sys 0 00:00:09  -  Total Remote Usage
		Usr 0 00:00:00, Sys 0 00:00:00  -  Total Local Usage
	44473  -  Run Bytes Sent By Job
	323  -  Run Bytes Received By Job
	44473  -  Total Bytes Sent By Job
	323  -  Total Bytes Received By Job
	Partitionable Resources :    Usage  Request Allocated 
	   Cpus                 :     0.20        1         1 
	   Disk (KB)            :    65           1   3085260 
	   Memory (MB)          :   116        2000      2000 

	Job terminated of its own accord at 2023-06-12T13:26:13Z.
...
