000 (15159756.014.000) 10/09 09:27:43 Job submitted from host: <188.184.90.241:9618?addrs=188.184.90.241-9618+[2001-1458-201-e4--100-2eb]-9618&alias=bigbird15.cern.ch&noUDP&sock=schedd_2763_c443>
...
040 (15159756.014.000) 10/09 11:14:44 Started transferring input files
	Transferring to host: <128.142.60.112:9618?addrs=128.142.60.112-9618+[2001-1458-301-22--100-6f]-9618&alias=b7s05p0973.cern.ch&noUDP&sock=slot1_4_4378_726b_213290>
...
040 (15159756.014.000) 10/09 11:14:44 Finished transferring input files
...
001 (15159756.014.000) 10/09 11:14:45 Job executing on host: <128.142.60.112:9618?addrs=128.142.60.112-9618+[2001-1458-301-22--100-6f]-9618&alias=b7s05p0973.cern.ch&noUDP&sock=startd_3178_6c11>
...
006 (15159756.014.000) 10/09 11:14:54 Image size of job updated: 624480
	53  -  MemoryUsage of job (MB)
	53788  -  ResidentSetSize of job (KB)
...
006 (15159756.014.000) 10/09 11:19:55 Image size of job updated: 1003448
	481  -  MemoryUsage of job (MB)
	492496  -  ResidentSetSize of job (KB)
...
006 (15159756.014.000) 10/09 11:23:19 Image size of job updated: 3365572
	481  -  MemoryUsage of job (MB)
	492496  -  ResidentSetSize of job (KB)
...
040 (15159756.014.000) 10/09 11:23:19 Started transferring output files
...
040 (15159756.014.000) 10/09 11:23:19 Finished transferring output files
...
005 (15159756.014.000) 10/09 11:23:19 Job terminated.
	(1) Normal termination (return value 0)
		Usr 0 00:07:19, Sys 0 00:00:05  -  Run Remote Usage
		Usr 0 00:00:00, Sys 0 00:00:00  -  Run Local Usage
		Usr 0 00:07:19, Sys 0 00:00:05  -  Total Remote Usage
		Usr 0 00:00:00, Sys 0 00:00:00  -  Total Local Usage
	151743  -  Run Bytes Sent By Job
	269  -  Run Bytes Received By Job
	151743  -  Total Bytes Sent By Job
	269  -  Total Bytes Received By Job
	Partitionable Resources :    Usage  Request Allocated 
	   Cpus                 :                 1         1 
	   Disk (KB)            :      162        1   1270983 
	   Memory (MB)          :      481     2000      2000 

	Job terminated of its own accord at 2023-10-09T09:23:19Z.
...
