000 (15159743.009.000) 10/09 07:56:33 Job submitted from host: <188.184.90.241:9618?addrs=188.184.90.241-9618+[2001-1458-201-e4--100-2eb]-9618&alias=bigbird15.cern.ch&noUDP&sock=schedd_2763_c443>
...
040 (15159743.009.000) 10/09 08:09:37 Started transferring input files
	Transferring to host: <188.184.162.69:9618?addrs=188.184.162.69-9618+[2001-1458-301-4a--100-3f]-9618&alias=b7s11p3901.cern.ch&noUDP&sock=slot1_33_123108_7907_214557>
...
040 (15159743.009.000) 10/09 08:09:37 Finished transferring input files
...
001 (15159743.009.000) 10/09 08:09:38 Job executing on host: <188.184.162.69:9618?addrs=188.184.162.69-9618+[2001-1458-301-4a--100-3f]-9618&alias=b7s11p3901.cern.ch&noUDP&sock=startd_28756_cd7a>
...
006 (15159743.009.000) 10/09 08:09:47 Image size of job updated: 565156
	50  -  MemoryUsage of job (MB)
	50432  -  ResidentSetSize of job (KB)
...
006 (15159743.009.000) 10/09 08:14:48 Image size of job updated: 938408
	445  -  MemoryUsage of job (MB)
	454664  -  ResidentSetSize of job (KB)
...
006 (15159743.009.000) 10/09 08:19:48 Image size of job updated: 1189116
	658  -  MemoryUsage of job (MB)
	673460  -  ResidentSetSize of job (KB)
...
006 (15159743.009.000) 10/09 08:24:48 Image size of job updated: 3897992
	3192  -  MemoryUsage of job (MB)
	3268112  -  ResidentSetSize of job (KB)
...
006 (15159743.009.000) 10/09 08:25:51 Image size of job updated: 3898576
	3192  -  MemoryUsage of job (MB)
	3268112  -  ResidentSetSize of job (KB)
...
040 (15159743.009.000) 10/09 08:25:51 Started transferring output files
...
040 (15159743.009.000) 10/09 08:25:51 Finished transferring output files
...
005 (15159743.009.000) 10/09 08:25:51 Job terminated.
	(1) Normal termination (return value 0)
		Usr 0 00:14:08, Sys 0 00:00:10  -  Run Remote Usage
		Usr 0 00:00:00, Sys 0 00:00:00  -  Run Local Usage
		Usr 0 00:14:08, Sys 0 00:00:10  -  Total Remote Usage
		Usr 0 00:00:00, Sys 0 00:00:00  -  Total Local Usage
	210053  -  Run Bytes Sent By Job
	269  -  Run Bytes Received By Job
	210053  -  Total Bytes Sent By Job
	269  -  Total Bytes Received By Job
	Partitionable Resources :    Usage  Request Allocated 
	   Cpus                 :     1.00        1         1 
	   Disk (KB)            :   227           1   2992765 
	   Memory (MB)          :  3192        2000      2000 

	Job terminated of its own accord at 2023-10-09T06:25:51Z.
...
