000 (15148591.052.000) 09/26 23:15:32 Job submitted from host: <188.184.90.241:9618?addrs=188.184.90.241-9618+[2001-1458-201-e4--100-2eb]-9618&alias=bigbird15.cern.ch&noUDP&sock=schedd_2763_c443>
...
040 (15148591.052.000) 09/26 23:30:35 Started transferring input files
	Transferring to host: <188.184.162.224:9618?addrs=188.184.162.224-9618&alias=b7s11p8141.cern.ch&noUDP&sock=slot1_16_4804_9a3c_212156>
...
040 (15148591.052.000) 09/26 23:30:35 Finished transferring input files
...
001 (15148591.052.000) 09/26 23:30:36 Job executing on host: <188.184.162.224:9618?addrs=188.184.162.224-9618&alias=b7s11p8141.cern.ch&noUDP&sock=startd_3339_dad0>
...
006 (15148591.052.000) 09/26 23:30:45 Image size of job updated: 608668
	52  -  MemoryUsage of job (MB)
	52832  -  ResidentSetSize of job (KB)
...
006 (15148591.052.000) 09/26 23:35:46 Image size of job updated: 928248
	429  -  MemoryUsage of job (MB)
	438464  -  ResidentSetSize of job (KB)
...
006 (15148591.052.000) 09/26 23:40:46 Image size of job updated: 1411336
	880  -  MemoryUsage of job (MB)
	900228  -  ResidentSetSize of job (KB)
...
006 (15148591.052.000) 09/26 23:45:46 Image size of job updated: 1678576
	1099  -  MemoryUsage of job (MB)
	1124460  -  ResidentSetSize of job (KB)
...
006 (15148591.052.000) 09/26 23:55:48 Image size of job updated: 4174144
	1099  -  MemoryUsage of job (MB)
	1124460  -  ResidentSetSize of job (KB)
...
006 (15148591.052.000) 09/27 00:00:48 Image size of job updated: 4224200
	1099  -  MemoryUsage of job (MB)
	1124460  -  ResidentSetSize of job (KB)
...
006 (15148591.052.000) 09/27 00:05:49 Image size of job updated: 4467324
	1099  -  MemoryUsage of job (MB)
	1124460  -  ResidentSetSize of job (KB)
...
006 (15148591.052.000) 09/27 00:10:50 Image size of job updated: 4540180
	1099  -  MemoryUsage of job (MB)
	1124460  -  ResidentSetSize of job (KB)
...
006 (15148591.052.000) 09/27 00:12:58 Image size of job updated: 4550448
	1099  -  MemoryUsage of job (MB)
	1124460  -  ResidentSetSize of job (KB)
...
040 (15148591.052.000) 09/27 00:12:58 Started transferring output files
...
040 (15148591.052.000) 09/27 00:12:58 Finished transferring output files
...
005 (15148591.052.000) 09/27 00:12:58 Job terminated.
	(1) Normal termination (return value 0)
		Usr 0 00:21:03, Sys 0 00:00:46  -  Run Remote Usage
		Usr 0 00:00:00, Sys 0 00:00:00  -  Run Local Usage
		Usr 0 00:21:03, Sys 0 00:00:46  -  Total Remote Usage
		Usr 0 00:00:00, Sys 0 00:00:00  -  Total Local Usage
	102692  -  Run Bytes Sent By Job
	323  -  Run Bytes Received By Job
	102692  -  Total Bytes Sent By Job
	323  -  Total Bytes Received By Job
	Partitionable Resources :    Usage  Request Allocated 
	   Cpus                 :     1.00        1         1 
	   Disk (KB)            :   121           1   2977693 
	   Memory (MB)          :  1099        2000      2000 

	Job terminated of its own accord at 2023-09-26T22:12:58Z.
...
