000 (15155243.024.000) 10/07 13:26:29 Job submitted from host: <188.184.90.241:9618?addrs=188.184.90.241-9618+[2001-1458-201-e4--100-2eb]-9618&alias=bigbird15.cern.ch&noUDP&sock=schedd_2763_c443>
...
040 (15155243.024.000) 10/07 13:31:54 Started transferring input files
	Transferring to host: <128.142.137.36:9618?addrs=128.142.137.36-9618+[2001-1458-301-5e--100-18]-9618&alias=b7g19p6399.cern.ch&noUDP&sock=slot1_19_3181_0d5a_15592>
...
040 (15155243.024.000) 10/07 13:31:54 Finished transferring input files
...
001 (15155243.024.000) 10/07 13:31:55 Job executing on host: <128.142.137.36:9618?addrs=128.142.137.36-9618+[2001-1458-301-5e--100-18]-9618&alias=b7g19p6399.cern.ch&noUDP&sock=startd_2698_2e9b>
...
006 (15155243.024.000) 10/07 13:32:03 Image size of job updated: 146804
	77  -  MemoryUsage of job (MB)
	78052  -  ResidentSetSize of job (KB)
...
006 (15155243.024.000) 10/07 13:37:03 Image size of job updated: 830588
	312  -  MemoryUsage of job (MB)
	318752  -  ResidentSetSize of job (KB)
...
006 (15155243.024.000) 10/07 13:42:04 Image size of job updated: 1196900
	694  -  MemoryUsage of job (MB)
	709640  -  ResidentSetSize of job (KB)
...
006 (15155243.024.000) 10/07 13:47:04 Image size of job updated: 1515068
	981  -  MemoryUsage of job (MB)
	1004032  -  ResidentSetSize of job (KB)
...
006 (15155243.024.000) 10/07 13:57:05 Image size of job updated: 4140476
	981  -  MemoryUsage of job (MB)
	1004032  -  ResidentSetSize of job (KB)
...
006 (15155243.024.000) 10/07 14:02:05 Image size of job updated: 4430208
	981  -  MemoryUsage of job (MB)
	1004032  -  ResidentSetSize of job (KB)
...
006 (15155243.024.000) 10/07 14:07:05 Image size of job updated: 4483600
	981  -  MemoryUsage of job (MB)
	1004032  -  ResidentSetSize of job (KB)
...
006 (15155243.024.000) 10/07 14:12:06 Image size of job updated: 4507780
	981  -  MemoryUsage of job (MB)
	1004032  -  ResidentSetSize of job (KB)
...
006 (15155243.024.000) 10/07 14:13:10 Image size of job updated: 4516440
	981  -  MemoryUsage of job (MB)
	1004032  -  ResidentSetSize of job (KB)
...
040 (15155243.024.000) 10/07 14:13:10 Started transferring output files
...
040 (15155243.024.000) 10/07 14:13:10 Finished transferring output files
...
005 (15155243.024.000) 10/07 14:13:10 Job terminated.
	(1) Normal termination (return value 0)
		Usr 0 00:23:00, Sys 0 00:00:45  -  Run Remote Usage
		Usr 0 00:00:00, Sys 0 00:00:00  -  Run Local Usage
		Usr 0 00:23:00, Sys 0 00:00:45  -  Total Remote Usage
		Usr 0 00:00:00, Sys 0 00:00:00  -  Total Local Usage
	94812  -  Run Bytes Sent By Job
	323  -  Run Bytes Received By Job
	94812  -  Total Bytes Sent By Job
	323  -  Total Bytes Received By Job
	Partitionable Resources :    Usage  Request Allocated 
	   Cpus                 :        0        1         1 
	   Disk (KB)            :      114        1   1521294 
	   Memory (MB)          :      981     2000      2000 

	Job terminated of its own accord at 2023-10-07T12:13:10Z.
...
