000 (15150662.034.000) 09/28 15:49:40 Job submitted from host: <188.184.90.241:9618?addrs=188.184.90.241-9618+[2001-1458-201-e4--100-2eb]-9618&alias=bigbird15.cern.ch&noUDP&sock=schedd_2763_c443>
...
040 (15150662.034.000) 09/28 16:01:00 Started transferring input files
	Transferring to host: <188.184.163.71:9618?addrs=188.184.163.71-9618&alias=b7s12p7279.cern.ch&noUDP&sock=slot1_35_4908_e141_477>
...
040 (15150662.034.000) 09/28 16:01:00 Finished transferring input files
...
001 (15150662.034.000) 09/28 16:01:01 Job executing on host: <188.184.163.71:9618?addrs=188.184.163.71-9618&alias=b7s12p7279.cern.ch&noUDP&sock=startd_4177_a72e>
...
006 (15150662.034.000) 09/28 16:01:10 Image size of job updated: 912356
	122  -  MemoryUsage of job (MB)
	124880  -  ResidentSetSize of job (KB)
...
006 (15150662.034.000) 09/28 16:04:38 Image size of job updated: 925252
	122  -  MemoryUsage of job (MB)
	124880  -  ResidentSetSize of job (KB)
...
040 (15150662.034.000) 09/28 16:04:38 Started transferring output files
...
040 (15150662.034.000) 09/28 16:04:38 Finished transferring output files
...
005 (15150662.034.000) 09/28 16:04:38 Job terminated.
	(1) Normal termination (return value 0)
		Usr 0 00:00:21, Sys 0 00:00:01  -  Run Remote Usage
		Usr 0 00:00:00, Sys 0 00:00:00  -  Run Local Usage
		Usr 0 00:00:21, Sys 0 00:00:01  -  Total Remote Usage
		Usr 0 00:00:00, Sys 0 00:00:00  -  Total Local Usage
	7965  -  Run Bytes Sent By Job
	374  -  Run Bytes Received By Job
	7965  -  Total Bytes Sent By Job
	374  -  Total Bytes Received By Job
	Partitionable Resources :    Usage  Request Allocated 
	   Cpus                 :                 1         1 
	   Disk (KB)            :       21        1   2989593 
	   Memory (MB)          :      122     2000      2000 

	Job terminated of its own accord at 2023-09-28T14:04:38Z.
...
