000 (14832095.117.000) 06/12 15:17:57 Job submitted from host: <188.184.90.241:9618?addrs=188.184.90.241-9618+[2001-1458-201-e4--100-2eb]-9618&alias=bigbird15.cern.ch&noUDP&sock=schedd_1460210_2ef4>
...
040 (14832095.117.000) 06/12 15:20:14 Started transferring input files
	Transferring to host: <128.142.57.128:9618?addrs=128.142.57.128-9618+[2001-1458-301-7--100-7f]-9618&alias=b7s02p6962.cern.ch&noUDP&sock=slot1_11_4027_22bd_65038>
...
040 (14832095.117.000) 06/12 15:20:14 Finished transferring input files
...
001 (14832095.117.000) 06/12 15:20:15 Job executing on host: <128.142.57.128:9618?addrs=128.142.57.128-9618+[2001-1458-301-7--100-7f]-9618&alias=b7s02p6962.cern.ch&noUDP&sock=startd_3040_c3ff>
...
006 (14832095.117.000) 06/12 15:20:24 Image size of job updated: 554368
	48  -  MemoryUsage of job (MB)
	48228  -  ResidentSetSize of job (KB)
...
006 (14832095.117.000) 06/12 15:25:25 Image size of job updated: 2326428
	1776  -  MemoryUsage of job (MB)
	1818596  -  ResidentSetSize of job (KB)
...
006 (14832095.117.000) 06/12 15:30:26 Image size of job updated: 4046408
	3472  -  MemoryUsage of job (MB)
	3555144  -  ResidentSetSize of job (KB)
...
006 (14832095.117.000) 06/12 15:35:26 Image size of job updated: 5479580
	4853  -  MemoryUsage of job (MB)
	4969244  -  ResidentSetSize of job (KB)
...
006 (14832095.117.000) 06/12 15:40:26 Image size of job updated: 6516312
	5873  -  MemoryUsage of job (MB)
	6013484  -  ResidentSetSize of job (KB)
...
006 (14832095.117.000) 06/12 15:45:27 Image size of job updated: 7909208
	7290  -  MemoryUsage of job (MB)
	7464784  -  ResidentSetSize of job (KB)
...
006 (14832095.117.000) 06/12 15:50:27 Image size of job updated: 9012140
	7675  -  MemoryUsage of job (MB)
	7858480  -  ResidentSetSize of job (KB)
...
006 (14832095.117.000) 06/12 15:55:27 Image size of job updated: 9138252
	8217  -  MemoryUsage of job (MB)
	8413912  -  ResidentSetSize of job (KB)
...
040 (14832095.117.000) 06/12 16:41:33 Started transferring output files
...
040 (14832095.117.000) 06/12 16:41:33 Finished transferring output files
...
005 (14832095.117.000) 06/12 16:41:33 Job terminated.
	(1) Normal termination (return value 0)
		Usr 0 00:36:01, Sys 0 00:12:08  -  Run Remote Usage
		Usr 0 00:00:00, Sys 0 00:00:00  -  Run Local Usage
		Usr 0 00:36:01, Sys 0 00:12:08  -  Total Remote Usage
		Usr 0 00:00:00, Sys 0 00:00:00  -  Total Local Usage
	436679  -  Run Bytes Sent By Job
	323  -  Run Bytes Received By Job
	436679  -  Total Bytes Sent By Job
	323  -  Total Bytes Received By Job
	Partitionable Resources :    Usage  Request Allocated 
	   Cpus                 :        0        1         1 
	   Disk (KB)            :      448        1   1139639 
	   Memory (MB)          :     8217     2000      2000 

	Job terminated of its own accord at 2023-06-12T14:41:33Z.
...
