000 (14839060.011.000) 06/21 14:44:36 Job submitted from host: <188.184.90.241:9618?addrs=188.184.90.241-9618+[2001-1458-201-e4--100-2eb]-9618&alias=bigbird15.cern.ch&noUDP&sock=schedd_1460210_2ef4>
...
040 (14839060.011.000) 06/21 14:57:11 Started transferring input files
	Transferring to host: <128.142.132.146:9618?addrs=128.142.132.146-9618+[2001-1458-301-5a--100-86]-9618&alias=b7g12p8029.cern.ch&noUDP&sock=slot1_2_4295_f748_27596>
...
040 (14839060.011.000) 06/21 14:57:11 Finished transferring input files
...
001 (14839060.011.000) 06/21 14:57:12 Job executing on host: <128.142.132.146:9618?addrs=128.142.132.146-9618+[2001-1458-301-5a--100-86]-9618&alias=b7g12p8029.cern.ch&noUDP&sock=startd_3064_3a45>
...
006 (14839060.011.000) 06/21 14:57:20 Image size of job updated: 48468
	47  -  MemoryUsage of job (MB)
	47612  -  ResidentSetSize of job (KB)
...
006 (14839060.011.000) 06/21 15:02:20 Image size of job updated: 951044
	429  -  MemoryUsage of job (MB)
	438664  -  ResidentSetSize of job (KB)
...
006 (14839060.011.000) 06/21 15:07:20 Image size of job updated: 1170876
	644  -  MemoryUsage of job (MB)
	658496  -  ResidentSetSize of job (KB)
...
006 (14839060.011.000) 06/21 15:12:21 Image size of job updated: 1370872
	863  -  MemoryUsage of job (MB)
	883492  -  ResidentSetSize of job (KB)
...
006 (14839060.011.000) 06/21 15:17:21 Image size of job updated: 1596172
	1083  -  MemoryUsage of job (MB)
	1108792  -  ResidentSetSize of job (KB)
...
006 (14839060.011.000) 06/21 15:22:07 Image size of job updated: 4227804
	1083  -  MemoryUsage of job (MB)
	1108792  -  ResidentSetSize of job (KB)
...
040 (14839060.011.000) 06/21 15:22:07 Started transferring output files
...
040 (14839060.011.000) 06/21 15:22:07 Finished transferring output files
...
005 (14839060.011.000) 06/21 15:22:07 Job terminated.
	(1) Normal termination (return value 0)
		Usr 0 00:23:07, Sys 0 00:00:19  -  Run Remote Usage
		Usr 0 00:00:00, Sys 0 00:00:00  -  Run Local Usage
		Usr 0 00:23:07, Sys 0 00:00:19  -  Total Remote Usage
		Usr 0 00:00:00, Sys 0 00:00:00  -  Total Local Usage
	275589  -  Run Bytes Sent By Job
	269  -  Run Bytes Received By Job
	275589  -  Total Bytes Sent By Job
	269  -  Total Bytes Received By Job
	Partitionable Resources :    Usage  Request Allocated 
	   Cpus                 :     0.95        1         1 
	   Disk (KB)            :   290           1   1738679 
	   Memory (MB)          :  1083        2000      2000 

	Job terminated of its own accord at 2023-06-21T13:22:07Z.
...
