000 (15151953.006.000) 10/03 14:45:29 Job submitted from host: <188.184.90.241:9618?addrs=188.184.90.241-9618+[2001-1458-201-e4--100-2eb]-9618&alias=bigbird15.cern.ch&noUDP&sock=schedd_2763_c443>
...
040 (15151953.006.000) 10/03 14:52:18 Started transferring input files
	Transferring to host: <128.142.61.38:9618?addrs=128.142.61.38-9618+[2001-1458-301-23--100-25]-9618&alias=b7s06p8377.cern.ch&noUDP&sock=slot1_9_37491_8d0e_16851>
...
040 (15151953.006.000) 10/03 14:52:18 Finished transferring input files
...
001 (15151953.006.000) 10/03 14:52:19 Job executing on host: <128.142.61.38:9618?addrs=128.142.61.38-9618+[2001-1458-301-23--100-25]-9618&alias=b7s06p8377.cern.ch&noUDP&sock=startd_37453_38a5>
...
006 (15151953.006.000) 10/03 14:52:27 Image size of job updated: 54264
	52  -  MemoryUsage of job (MB)
	52876  -  ResidentSetSize of job (KB)
...
006 (15151953.006.000) 10/03 14:57:27 Image size of job updated: 892612
	378  -  MemoryUsage of job (MB)
	386052  -  ResidentSetSize of job (KB)
...
006 (15151953.006.000) 10/03 15:02:28 Image size of job updated: 1227016
	704  -  MemoryUsage of job (MB)
	720460  -  ResidentSetSize of job (KB)
...
006 (15151953.006.000) 10/03 15:07:29 Image size of job updated: 1399852
	704  -  MemoryUsage of job (MB)
	720468  -  ResidentSetSize of job (KB)
...
006 (15151953.006.000) 10/03 15:17:29 Image size of job updated: 4181524
	704  -  MemoryUsage of job (MB)
	720468  -  ResidentSetSize of job (KB)
...
006 (15151953.006.000) 10/03 15:22:30 Image size of job updated: 4232564
	704  -  MemoryUsage of job (MB)
	720468  -  ResidentSetSize of job (KB)
...
006 (15151953.006.000) 10/03 15:27:31 Image size of job updated: 4471076
	704  -  MemoryUsage of job (MB)
	720468  -  ResidentSetSize of job (KB)
...
006 (15151953.006.000) 10/03 15:32:31 Image size of job updated: 4531824
	724  -  MemoryUsage of job (MB)
	741344  -  ResidentSetSize of job (KB)
...
006 (15151953.006.000) 10/03 15:37:28 Image size of job updated: 4557528
	724  -  MemoryUsage of job (MB)
	741344  -  ResidentSetSize of job (KB)
...
040 (15151953.006.000) 10/03 15:37:28 Started transferring output files
...
040 (15151953.006.000) 10/03 15:37:28 Finished transferring output files
...
005 (15151953.006.000) 10/03 15:37:28 Job terminated.
	(1) Normal termination (return value 0)
		Usr 0 00:12:39, Sys 0 00:00:28  -  Run Remote Usage
		Usr 0 00:00:00, Sys 0 00:00:00  -  Run Local Usage
		Usr 0 00:12:39, Sys 0 00:00:28  -  Total Remote Usage
		Usr 0 00:00:00, Sys 0 00:00:00  -  Total Local Usage
	98412  -  Run Bytes Sent By Job
	323  -  Run Bytes Received By Job
	98412  -  Total Bytes Sent By Job
	323  -  Total Bytes Received By Job
	Partitionable Resources :    Usage  Request Allocated 
	   Cpus                 :        0        1         1 
	   Disk (KB)            :      117        1   1347331 
	   Memory (MB)          :      724     2000      2000 

	Job terminated of its own accord at 2023-10-03T13:37:28Z.
...
