000 (15150654.040.000) 09/28 14:27:13 Job submitted from host: <188.184.90.241:9618?addrs=188.184.90.241-9618+[2001-1458-201-e4--100-2eb]-9618&alias=bigbird15.cern.ch&noUDP&sock=schedd_2763_c443>
...
040 (15150654.040.000) 09/28 14:46:07 Started transferring input files
	Transferring to host: <188.184.163.165:9618?addrs=188.184.163.165-9618&alias=b7s12p6775.cern.ch&noUDP&sock=slot1_1_4207_f644_40>
...
040 (15150654.040.000) 09/28 14:46:07 Finished transferring input files
...
001 (15150654.040.000) 09/28 14:46:08 Job executing on host: <188.184.163.165:9618?addrs=188.184.163.165-9618&alias=b7s12p6775.cern.ch&noUDP&sock=startd_4063_7562>
...
006 (15150654.040.000) 09/28 14:46:17 Image size of job updated: 804828
	122  -  MemoryUsage of job (MB)
	124544  -  ResidentSetSize of job (KB)
...
006 (15150654.040.000) 09/28 14:49:06 Image size of job updated: 919068
	122  -  MemoryUsage of job (MB)
	124544  -  ResidentSetSize of job (KB)
...
040 (15150654.040.000) 09/28 14:49:06 Started transferring output files
...
040 (15150654.040.000) 09/28 14:49:06 Finished transferring output files
...
005 (15150654.040.000) 09/28 14:49:07 Job terminated.
	(1) Normal termination (return value 0)
		Usr 0 00:00:06, Sys 0 00:00:00  -  Run Remote Usage
		Usr 0 00:00:00, Sys 0 00:00:00  -  Run Local Usage
		Usr 0 00:00:06, Sys 0 00:00:00  -  Total Remote Usage
		Usr 0 00:00:00, Sys 0 00:00:00  -  Total Local Usage
	7926  -  Run Bytes Sent By Job
	374  -  Run Bytes Received By Job
	7926  -  Total Bytes Sent By Job
	374  -  Total Bytes Received By Job
	Partitionable Resources :    Usage  Request Allocated 
	   Cpus                 :                 1         1 
	   Disk (KB)            :       21        1   3020713 
	   Memory (MB)          :      122     2000      2000 

	Job terminated of its own accord at 2023-09-28T12:49:06Z.
...
