000 (15148591.040.000) 09/26 23:15:32 Job submitted from host: <188.184.90.241:9618?addrs=188.184.90.241-9618+[2001-1458-201-e4--100-2eb]-9618&alias=bigbird15.cern.ch&noUDP&sock=schedd_2763_c443>
...
040 (15148591.040.000) 09/26 23:30:32 Started transferring input files
	Transferring to host: <188.184.163.207:9618?addrs=188.184.163.207-9618+[2001-1458-301-4d--100-c9]-9618&alias=b7s12p8943.cern.ch&noUDP&sock=slot1_10_260934_5bac_67549>
...
040 (15148591.040.000) 09/26 23:30:32 Finished transferring input files
...
001 (15148591.040.000) 09/26 23:30:33 Job executing on host: <188.184.163.207:9618?addrs=188.184.163.207-9618+[2001-1458-301-4d--100-c9]-9618&alias=b7s12p8943.cern.ch&noUDP&sock=startd_260896_88b9>
...
006 (15148591.040.000) 09/26 23:30:42 Image size of job updated: 624288
	54  -  MemoryUsage of job (MB)
	54756  -  ResidentSetSize of job (KB)
...
006 (15148591.040.000) 09/26 23:35:43 Image size of job updated: 1065060
	508  -  MemoryUsage of job (MB)
	520072  -  ResidentSetSize of job (KB)
...
006 (15148591.040.000) 09/26 23:40:44 Image size of job updated: 1278648
	669  -  MemoryUsage of job (MB)
	684768  -  ResidentSetSize of job (KB)
...
006 (15148591.040.000) 09/26 23:45:44 Image size of job updated: 1278648
	669  -  MemoryUsage of job (MB)
	684776  -  ResidentSetSize of job (KB)
...
006 (15148591.040.000) 09/26 23:50:44 Image size of job updated: 4102604
	669  -  MemoryUsage of job (MB)
	684776  -  ResidentSetSize of job (KB)
...
006 (15148591.040.000) 09/26 23:55:45 Image size of job updated: 4148924
	669  -  MemoryUsage of job (MB)
	684776  -  ResidentSetSize of job (KB)
...
006 (15148591.040.000) 09/27 00:00:46 Image size of job updated: 4390160
	669  -  MemoryUsage of job (MB)
	684776  -  ResidentSetSize of job (KB)
...
006 (15148591.040.000) 09/27 00:05:46 Image size of job updated: 4452408
	669  -  MemoryUsage of job (MB)
	684776  -  ResidentSetSize of job (KB)
...
006 (15148591.040.000) 09/27 00:10:25 Image size of job updated: 4478248
	669  -  MemoryUsage of job (MB)
	684776  -  ResidentSetSize of job (KB)
...
040 (15148591.040.000) 09/27 00:10:25 Started transferring output files
...
040 (15148591.040.000) 09/27 00:10:25 Finished transferring output files
...
005 (15148591.040.000) 09/27 00:10:25 Job terminated.
	(1) Normal termination (return value 0)
		Usr 0 00:15:05, Sys 0 00:00:29  -  Run Remote Usage
		Usr 0 00:00:00, Sys 0 00:00:00  -  Run Local Usage
		Usr 0 00:15:05, Sys 0 00:00:29  -  Total Remote Usage
		Usr 0 00:00:00, Sys 0 00:00:00  -  Total Local Usage
	93361  -  Run Bytes Sent By Job
	323  -  Run Bytes Received By Job
	93361  -  Total Bytes Sent By Job
	323  -  Total Bytes Received By Job
	Partitionable Resources :    Usage  Request Allocated 
	   Cpus                 :     0.11        1         1 
	   Disk (KB)            :   113           1   2982860 
	   Memory (MB)          :   669        2000      2000 

	Job terminated of its own accord at 2023-09-26T22:10:25Z.
...
