000 (14808124.045.000) 05/19 04:24:07 Job submitted from host: <188.184.90.241:9618?addrs=188.184.90.241-9618+[2001-1458-201-e4--100-2eb]-9618&alias=bigbird15.cern.ch&noUDP&sock=schedd_3273_9590>
...
040 (14808124.045.000) 05/19 04:35:56 Started transferring input files
	Transferring to host: <188.184.160.77:9618?addrs=188.184.160.77-9618+[2001-1458-301-48--100-47]-9618&alias=b7s09p8543.cern.ch&noUDP&sock=slot1_16_122912_5f7f_64736>
...
040 (14808124.045.000) 05/19 04:35:56 Finished transferring input files
...
001 (14808124.045.000) 05/19 04:35:57 Job executing on host: <188.184.160.77:9618?addrs=188.184.160.77-9618+[2001-1458-301-48--100-47]-9618&alias=b7s09p8543.cern.ch&noUDP&sock=startd_28396_df62>
...
006 (14808124.045.000) 05/19 04:36:06 Image size of job updated: 554132
	47  -  MemoryUsage of job (MB)
	47676  -  ResidentSetSize of job (KB)
...
006 (14808124.045.000) 05/19 04:40:50 Image size of job updated: 4526756
	47  -  MemoryUsage of job (MB)
	47676  -  ResidentSetSize of job (KB)
...
040 (14808124.045.000) 05/19 04:40:50 Started transferring output files
...
040 (14808124.045.000) 05/19 04:40:50 Finished transferring output files
...
005 (14808124.045.000) 05/19 04:40:50 Job terminated.
	(1) Normal termination (return value 0)
		Usr 0 00:03:18, Sys 0 00:00:10  -  Run Remote Usage
		Usr 0 00:00:00, Sys 0 00:00:00  -  Run Local Usage
		Usr 0 00:03:18, Sys 0 00:00:10  -  Total Remote Usage
		Usr 0 00:00:00, Sys 0 00:00:00  -  Total Local Usage
	337786  -  Run Bytes Sent By Job
	269  -  Run Bytes Received By Job
	337786  -  Total Bytes Sent By Job
	269  -  Total Bytes Received By Job
	Partitionable Resources :    Usage  Request Allocated 
	   Cpus                 :                 1         1 
	   Disk (KB)            :      344        1   3087288 
	   Memory (MB)          :       47     2000      2000 

	Job terminated of its own accord at 2023-05-19T02:40:50Z.
...
