000 (14832095.226.000) 06/12 15:17:58 Job submitted from host: <188.184.90.241:9618?addrs=188.184.90.241-9618+[2001-1458-201-e4--100-2eb]-9618&alias=bigbird15.cern.ch&noUDP&sock=schedd_1460210_2ef4>
...
040 (14832095.226.000) 06/12 15:20:55 Started transferring input files
	Transferring to host: <128.142.131.178:9618?addrs=128.142.131.178-9618+[2001-1458-301-59--100-a6]-9618&alias=b7g11p5119.cern.ch&noUDP&sock=slot1_22_7674_c6f1_57785>
...
040 (14832095.226.000) 06/12 15:20:55 Finished transferring input files
...
001 (14832095.226.000) 06/12 15:20:56 Job executing on host: <128.142.131.178:9618?addrs=128.142.131.178-9618+[2001-1458-301-59--100-a6]-9618&alias=b7g11p5119.cern.ch&noUDP&sock=startd_6445_4ff9>
...
006 (14832095.226.000) 06/12 15:21:05 Image size of job updated: 554140
	47  -  MemoryUsage of job (MB)
	47688  -  ResidentSetSize of job (KB)
...
006 (14832095.226.000) 06/12 15:26:06 Image size of job updated: 1476384
	891  -  MemoryUsage of job (MB)
	911484  -  ResidentSetSize of job (KB)
...
006 (14832095.226.000) 06/12 15:31:06 Image size of job updated: 1501384
	891  -  MemoryUsage of job (MB)
	911484  -  ResidentSetSize of job (KB)
...
006 (14832095.226.000) 06/12 15:41:08 Image size of job updated: 4025588
	891  -  MemoryUsage of job (MB)
	911484  -  ResidentSetSize of job (KB)
...
006 (14832095.226.000) 06/12 15:46:08 Image size of job updated: 4077188
	891  -  MemoryUsage of job (MB)
	911484  -  ResidentSetSize of job (KB)
...
006 (14832095.226.000) 06/12 15:51:08 Image size of job updated: 4313888
	891  -  MemoryUsage of job (MB)
	911484  -  ResidentSetSize of job (KB)
...
006 (14832095.226.000) 06/12 15:56:09 Image size of job updated: 4378908
	891  -  MemoryUsage of job (MB)
	911484  -  ResidentSetSize of job (KB)
...
006 (14832095.226.000) 06/12 16:01:09 Image size of job updated: 4389700
	891  -  MemoryUsage of job (MB)
	911484  -  ResidentSetSize of job (KB)
...
006 (14832095.226.000) 06/12 16:03:52 Image size of job updated: 4401616
	891  -  MemoryUsage of job (MB)
	911484  -  ResidentSetSize of job (KB)
...
040 (14832095.226.000) 06/12 16:03:52 Started transferring output files
...
040 (14832095.226.000) 06/12 16:03:52 Finished transferring output files
...
005 (14832095.226.000) 06/12 16:03:52 Job terminated.
	(1) Normal termination (return value 0)
		Usr 0 00:10:08, Sys 0 00:00:31  -  Run Remote Usage
		Usr 0 00:00:00, Sys 0 00:00:00  -  Run Local Usage
		Usr 0 00:10:08, Sys 0 00:00:31  -  Total Remote Usage
		Usr 0 00:00:00, Sys 0 00:00:00  -  Total Local Usage
	103105  -  Run Bytes Sent By Job
	323  -  Run Bytes Received By Job
	103105  -  Total Bytes Sent By Job
	323  -  Total Bytes Received By Job
	Partitionable Resources :    Usage  Request Allocated 
	   Cpus                 :        0        1         1 
	   Disk (KB)            :      122        1   1700439 
	   Memory (MB)          :      891     2000      2000 

	Job terminated of its own accord at 2023-06-12T14:03:52Z.
...
