000 (15159756.026.000) 10/09 09:27:43 Job submitted from host: <188.184.90.241:9618?addrs=188.184.90.241-9618+[2001-1458-201-e4--100-2eb]-9618&alias=bigbird15.cern.ch&noUDP&sock=schedd_2763_c443>
...
040 (15159756.026.000) 10/09 11:14:49 Started transferring input files
	Transferring to host: <128.142.56.170:9618?addrs=128.142.56.170-9618+[2001-1458-301-6--100-a9]-9618&alias=b7s01p7657.cern.ch&noUDP&sock=slot1_9_3527_d729_44921>
...
040 (15159756.026.000) 10/09 11:14:49 Finished transferring input files
...
001 (15159756.026.000) 10/09 11:14:50 Job executing on host: <128.142.56.170:9618?addrs=128.142.56.170-9618+[2001-1458-301-6--100-a9]-9618&alias=b7s01p7657.cern.ch&noUDP&sock=startd_2765_2374>
...
006 (15159756.026.000) 10/09 11:14:59 Image size of job updated: 565352
	50  -  MemoryUsage of job (MB)
	50852  -  ResidentSetSize of job (KB)
...
006 (15159756.026.000) 10/09 11:19:59 Image size of job updated: 1030960
	508  -  MemoryUsage of job (MB)
	519776  -  ResidentSetSize of job (KB)
...
006 (15159756.026.000) 10/09 11:22:01 Image size of job updated: 3370184
	508  -  MemoryUsage of job (MB)
	519780  -  ResidentSetSize of job (KB)
...
040 (15159756.026.000) 10/09 11:22:01 Started transferring output files
...
040 (15159756.026.000) 10/09 11:22:01 Finished transferring output files
...
005 (15159756.026.000) 10/09 11:22:01 Job terminated.
	(1) Normal termination (return value 0)
		Usr 0 00:05:47, Sys 0 00:00:04  -  Run Remote Usage
		Usr 0 00:00:00, Sys 0 00:00:00  -  Run Local Usage
		Usr 0 00:05:47, Sys 0 00:00:04  -  Total Remote Usage
		Usr 0 00:00:00, Sys 0 00:00:00  -  Total Local Usage
	155884  -  Run Bytes Sent By Job
	269  -  Run Bytes Received By Job
	155884  -  Total Bytes Sent By Job
	269  -  Total Bytes Received By Job
	Partitionable Resources :    Usage  Request Allocated 
	   Cpus                 :                 1         1 
	   Disk (KB)            :      166        1   1300637 
	   Memory (MB)          :      508     2000      2000 

	Job terminated of its own accord at 2023-10-09T09:22:01Z.
...
