000 (14807472.022.000) 05/16 11:28:54 Job submitted from host: <188.184.90.241:9618?addrs=188.184.90.241-9618+[2001-1458-201-e4--100-2eb]-9618&alias=bigbird15.cern.ch&noUDP&sock=schedd_3273_9590>
...
040 (14807472.022.000) 05/16 11:39:49 Started transferring input files
	Transferring to host: <128.142.60.100:9618?addrs=128.142.60.100-9618+[2001-1458-301-22--100-63]-9618&alias=b7s05p0240.cern.ch&noUDP&sock=slot1_2_11438_db0a_43062>
...
040 (14807472.022.000) 05/16 11:39:49 Finished transferring input files
...
001 (14807472.022.000) 05/16 11:39:50 Job executing on host: <128.142.60.100:9618?addrs=128.142.60.100-9618+[2001-1458-301-22--100-63]-9618&alias=b7s05p0240.cern.ch&noUDP&sock=startd_11173_53bf>
...
006 (14807472.022.000) 05/16 11:39:59 Image size of job updated: 554136
	47  -  MemoryUsage of job (MB)
	47688  -  ResidentSetSize of job (KB)
...
006 (14807472.022.000) 05/16 11:45:00 Image size of job updated: 1512148
	56  -  MemoryUsage of job (MB)
	56396  -  ResidentSetSize of job (KB)
...
006 (14807472.022.000) 05/16 11:50:01 Image size of job updated: 4032252
	183  -  MemoryUsage of job (MB)
	186596  -  ResidentSetSize of job (KB)
...
006 (14807472.022.000) 05/16 11:55:01 Image size of job updated: 4383984
	481  -  MemoryUsage of job (MB)
	491580  -  ResidentSetSize of job (KB)
...
006 (14807472.022.000) 05/16 11:57:21 Image size of job updated: 4406028
	481  -  MemoryUsage of job (MB)
	491580  -  ResidentSetSize of job (KB)
...
040 (14807472.022.000) 05/16 11:57:21 Started transferring output files
...
040 (14807472.022.000) 05/16 11:57:21 Finished transferring output files
...
005 (14807472.022.000) 05/16 11:57:21 Job terminated.
	(1) Normal termination (return value 0)
		Usr 0 00:06:12, Sys 0 00:00:25  -  Run Remote Usage
		Usr 0 00:00:00, Sys 0 00:00:00  -  Run Local Usage
		Usr 0 00:06:12, Sys 0 00:00:25  -  Total Remote Usage
		Usr 0 00:00:00, Sys 0 00:00:00  -  Total Local Usage
	105408  -  Run Bytes Sent By Job
	323  -  Run Bytes Received By Job
	105408  -  Total Bytes Sent By Job
	323  -  Total Bytes Received By Job
	Partitionable Resources :    Usage  Request Allocated 
	   Cpus                 :     0.17        1         1 
	   Disk (KB)            :   124           1   1318836 
	   Memory (MB)          :   481        2000      2000 

	Job terminated of its own accord at 2023-05-16T09:57:21Z.
...
