000 (15148580.007.000) 09/26 21:47:31 Job submitted from host: <188.184.90.241:9618?addrs=188.184.90.241-9618+[2001-1458-201-e4--100-2eb]-9618&alias=bigbird15.cern.ch&noUDP&sock=schedd_2763_c443>
...
040 (15148580.007.000) 09/26 22:02:57 Started transferring input files
	Transferring to host: <128.142.56.100:9618?addrs=128.142.56.100-9618+[2001-1458-301-6--100-63]-9618&alias=b7s01p9274.cern.ch&noUDP&sock=slot1_6_3529_3fe9_66674>
...
040 (15148580.007.000) 09/26 22:02:57 Finished transferring input files
...
001 (15148580.007.000) 09/26 22:02:58 Job executing on host: <128.142.56.100:9618?addrs=128.142.56.100-9618+[2001-1458-301-6--100-63]-9618&alias=b7s01p9274.cern.ch&noUDP&sock=startd_3047_9129>
...
006 (15148580.007.000) 09/26 22:03:07 Image size of job updated: 565140
	52  -  MemoryUsage of job (MB)
	52816  -  ResidentSetSize of job (KB)
...
006 (15148580.007.000) 09/26 22:08:08 Image size of job updated: 1018324
	496  -  MemoryUsage of job (MB)
	507472  -  ResidentSetSize of job (KB)
...
006 (15148580.007.000) 09/26 22:13:08 Image size of job updated: 1503020
	945  -  MemoryUsage of job (MB)
	967344  -  ResidentSetSize of job (KB)
...
006 (15148580.007.000) 09/26 22:23:09 Image size of job updated: 4136780
	945  -  MemoryUsage of job (MB)
	967344  -  ResidentSetSize of job (KB)
...
006 (15148580.007.000) 09/26 22:28:09 Image size of job updated: 4421012
	945  -  MemoryUsage of job (MB)
	967344  -  ResidentSetSize of job (KB)
...
006 (15148580.007.000) 09/26 22:33:09 Image size of job updated: 4429548
	945  -  MemoryUsage of job (MB)
	967344  -  ResidentSetSize of job (KB)
...
006 (15148580.007.000) 09/26 22:38:09 Image size of job updated: 4497268
	945  -  MemoryUsage of job (MB)
	967344  -  ResidentSetSize of job (KB)
...
006 (15148580.007.000) 09/26 22:41:33 Image size of job updated: 4515772
	945  -  MemoryUsage of job (MB)
	967344  -  ResidentSetSize of job (KB)
...
040 (15148580.007.000) 09/26 22:41:33 Started transferring output files
...
040 (15148580.007.000) 09/26 22:41:33 Finished transferring output files
...
005 (15148580.007.000) 09/26 22:41:33 Job terminated.
	(1) Normal termination (return value 0)
		Usr 0 00:12:35, Sys 0 00:00:26  -  Run Remote Usage
		Usr 0 00:00:00, Sys 0 00:00:00  -  Run Local Usage
		Usr 0 00:12:35, Sys 0 00:00:26  -  Total Remote Usage
		Usr 0 00:00:00, Sys 0 00:00:00  -  Total Local Usage
	93949  -  Run Bytes Sent By Job
	323  -  Run Bytes Received By Job
	93949  -  Total Bytes Sent By Job
	323  -  Total Bytes Received By Job
	Partitionable Resources :    Usage  Request Allocated 
	   Cpus                 :     0.07        1         1 
	   Disk (KB)            :   113           1   1335677 
	   Memory (MB)          :   945        2000      2000 

	Job terminated of its own accord at 2023-09-26T20:41:33Z.
...
