000 (14808124.029.000) 05/19 04:24:07 Job submitted from host: <188.184.90.241:9618?addrs=188.184.90.241-9618+[2001-1458-201-e4--100-2eb]-9618&alias=bigbird15.cern.ch&noUDP&sock=schedd_3273_9590>
...
040 (14808124.029.000) 05/19 04:35:50 Started transferring input files
	Transferring to host: <188.184.162.179:9618?addrs=188.184.162.179-9618+[2001-1458-301-4a--100-ad]-9618&alias=b7s11p3916.cern.ch&noUDP&sock=slot1_14_4846_31fe_67776>
...
040 (14808124.029.000) 05/19 04:35:50 Finished transferring input files
...
001 (14808124.029.000) 05/19 04:35:51 Job executing on host: <188.184.162.179:9618?addrs=188.184.162.179-9618+[2001-1458-301-4a--100-ad]-9618&alias=b7s11p3916.cern.ch&noUDP&sock=startd_3358_e31d>
...
006 (14808124.029.000) 05/19 04:35:59 Image size of job updated: 538864
	135  -  MemoryUsage of job (MB)
	137580  -  ResidentSetSize of job (KB)
...
006 (14808124.029.000) 05/19 04:37:50 Image size of job updated: 1391180
	135  -  MemoryUsage of job (MB)
	137580  -  ResidentSetSize of job (KB)
...
040 (14808124.029.000) 05/19 04:37:50 Started transferring output files
...
040 (14808124.029.000) 05/19 04:37:50 Finished transferring output files
...
005 (14808124.029.000) 05/19 04:37:50 Job terminated.
	(1) Normal termination (return value 0)
		Usr 0 00:01:34, Sys 0 00:00:04  -  Run Remote Usage
		Usr 0 00:00:00, Sys 0 00:00:00  -  Run Local Usage
		Usr 0 00:01:34, Sys 0 00:00:04  -  Total Remote Usage
		Usr 0 00:00:00, Sys 0 00:00:00  -  Total Local Usage
	106946  -  Run Bytes Sent By Job
	269  -  Run Bytes Received By Job
	106946  -  Total Bytes Sent By Job
	269  -  Total Bytes Received By Job
	Partitionable Resources :    Usage  Request Allocated 
	   Cpus                 :     0.81        1         1 
	   Disk (KB)            :   126           1   3071282 
	   Memory (MB)          :   135        2000      2000 

	Job terminated of its own accord at 2023-05-19T02:37:50Z.
...
