Error in <TSystem::ExpandFileName>: input: $HOME/.root.mimes, output: $HOME/.root.mimes
Error in <TSystem::ExpandFileName>: input: $HOME/.root.mimes, output: $HOME/.root.mimes
Error in <TCanvas::Range>: illegal world coordinates range: x1=1.131875, y1=0.000000, x2=1.135781, y2=0.000000
Error in <TCanvas::RangeAxis>: illegal axis coordinates range: xmin=1.132500, ymin=0.000000, xmax=1.135000, ymax=0.000000
Error in <TCanvas::Range>: illegal world coordinates range: x1=1.131875, y1=0.000000, x2=1.135781, y2=0.000000
Error in <TCanvas::RangeAxis>: illegal axis coordinates range: xmin=1.132500, ymin=0.000000, xmax=1.135000, ymax=0.000000
Error in <TCanvas::Range>: illegal world coordinates range: x1=1.611875, y1=0.000000, x2=1.615781, y2=0.000000
Error in <TCanvas::RangeAxis>: illegal axis coordinates range: xmin=1.612500, ymin=0.000000, xmax=1.615000, ymax=0.000000
Error in <TCanvas::Range>: illegal world coordinates range: x1=1.611875, y1=0.000000, x2=1.615781, y2=0.000000
Error in <TCanvas::RangeAxis>: illegal axis coordinates range: xmin=1.612500, ymin=0.000000, xmax=1.615000, ymax=0.000000
Error in <TDecompChol::Decompose()>: matrix not positive definite
Error in <TDecompChol::Solve()>: Decomposition failed
Error in <TLinearFitter::Eval>: Matrix inversion failed
Error in <TDecompChol::Decompose()>: matrix not positive definite
Error in <TDecompChol::Solve()>: Decomposition failed
Error in <TLinearFitter::Eval>: Matrix inversion failed
Error in <TDecompChol::Decompose()>: matrix not positive definite
Error in <TDecompChol::Solve()>: Decomposition failed
Error in <TLinearFitter::Eval>: Matrix inversion failed
Error in <TCanvas::Range>: illegal world coordinates range: x1=0.000000, y1=-0.160494, x2=0.000000, y2=1.074074
Error in <TCanvas::RangeAxis>: illegal axis coordinates range: xmin=0.000000, ymin=0.000000, xmax=0.000000, ymax=1.000000
Error in <TCanvas::Range>: illegal world coordinates range: x1=0.000000, y1=-0.160494, x2=0.000000, y2=1.074074
Error in <TCanvas::RangeAxis>: illegal axis coordinates range: xmin=0.000000, ymin=0.000000, xmax=0.000000, ymax=1.000000
Error in <TCanvas::Range>: illegal world coordinates range: x1=0.000000, y1=-0.160494, x2=0.000000, y2=1.074074
Error in <TCanvas::RangeAxis>: illegal axis coordinates range: xmin=0.000000, ymin=0.000000, xmax=0.000000, ymax=1.000000
Error in <TCanvas::Range>: illegal world coordinates range: x1=0.000000, y1=-0.160494, x2=0.000000, y2=1.074074
Error in <TCanvas::RangeAxis>: illegal axis coordinates range: xmin=0.000000, ymin=0.000000, xmax=0.000000, ymax=1.000000
Error in <TCanvas::Range>: illegal world coordinates range: x1=0.000000, y1=-0.160494, x2=0.000000, y2=1.074074
Error in <TCanvas::RangeAxis>: illegal axis coordinates range: xmin=0.000000, ymin=0.000000, xmax=0.000000, ymax=1.000000
Error in <TCanvas::Range>: illegal world coordinates range: x1=0.000000, y1=-0.160494, x2=0.000000, y2=1.074074
Error in <TCanvas::RangeAxis>: illegal axis coordinates range: xmin=0.000000, ymin=0.000000, xmax=0.000000, ymax=1.000000
Error in <TDecompChol::Decompose()>: matrix not positive definite
Error in <TDecompChol::Solve()>: Decomposition failed
Error in <TLinearFitter::Eval>: Matrix inversion failed
Error in <TDecompChol::Decompose()>: matrix not positive definite
Error in <TDecompChol::Solve()>: Decomposition failed
Error in <TLinearFitter::Eval>: Matrix inversion failed
