000 (15148585.004.000) 09/26 22:42:55 Job submitted from host: <188.184.90.241:9618?addrs=188.184.90.241-9618+[2001-1458-201-e4--100-2eb]-9618&alias=bigbird15.cern.ch&noUDP&sock=schedd_2763_c443>
...
040 (15148585.004.000) 09/26 23:21:28 Started transferring input files
	Transferring to host: <128.142.58.89:9618?addrs=128.142.58.89-9618+[2001-1458-301-16--100-58]-9618&alias=b7s03p1122.cern.ch&noUDP&sock=slot1_2_4511_2851_201016>
...
040 (15148585.004.000) 09/26 23:21:28 Finished transferring input files
...
001 (15148585.004.000) 09/26 23:21:29 Job executing on host: <128.142.58.89:9618?addrs=128.142.58.89-9618+[2001-1458-301-16--100-58]-9618&alias=b7s03p1122.cern.ch&noUDP&sock=startd_3167_e086>
...
006 (15148585.004.000) 09/26 23:21:37 Image size of job updated: 51960
	51  -  MemoryUsage of job (MB)
	51960  -  ResidentSetSize of job (KB)
...
006 (15148585.004.000) 09/26 23:26:37 Image size of job updated: 1149972
	612  -  MemoryUsage of job (MB)
	626476  -  ResidentSetSize of job (KB)
...
006 (15148585.004.000) 09/26 23:36:39 Image size of job updated: 3612068
	612  -  MemoryUsage of job (MB)
	626476  -  ResidentSetSize of job (KB)
...
006 (15148585.004.000) 09/26 23:41:39 Image size of job updated: 3857616
	612  -  MemoryUsage of job (MB)
	626476  -  ResidentSetSize of job (KB)
...
006 (15148585.004.000) 09/26 23:46:39 Image size of job updated: 3919604
	612  -  MemoryUsage of job (MB)
	626476  -  ResidentSetSize of job (KB)
...
006 (15148585.004.000) 09/26 23:49:11 Image size of job updated: 3933420
	612  -  MemoryUsage of job (MB)
	626476  -  ResidentSetSize of job (KB)
...
040 (15148585.004.000) 09/26 23:49:11 Started transferring output files
...
040 (15148585.004.000) 09/26 23:49:11 Finished transferring output files
...
005 (15148585.004.000) 09/26 23:49:11 Job terminated.
	(1) Normal termination (return value 0)
		Usr 0 00:08:10, Sys 0 00:00:15  -  Run Remote Usage
		Usr 0 00:00:00, Sys 0 00:00:00  -  Run Local Usage
		Usr 0 00:08:10, Sys 0 00:00:15  -  Total Remote Usage
		Usr 0 00:00:00, Sys 0 00:00:00  -  Total Local Usage
	85780  -  Run Bytes Sent By Job
	323  -  Run Bytes Received By Job
	85780  -  Total Bytes Sent By Job
	323  -  Total Bytes Received By Job
	Partitionable Resources :    Usage  Request Allocated 
	   Cpus                 :     0.01        1         1 
	   Disk (KB)            :   105           1   1270172 
	   Memory (MB)          :   612        2000      2000 

	Job terminated of its own accord at 2023-09-26T21:49:11Z.
...
