Error in <TNetXNGFile::ReadBuffer>: error reading all requested bytes, got 284 of 300
Error in <TNetXNGFile::Init>: root://eoscms.cern.ch//eos/cms/store/group/dpg_mtd/comm_mtd/TB/MTDTB_H8_Sep2023/TOFHIR2/h8/reco/6097/81_e.root failed to read the file type data.
Error in <TNetXNGFile::TNetXNGFile>: Object is in 'zombie' state
Error in <TFile::ReadBuffer>: error reading all requested bytes from file /eos/cms/store/group/dpg_mtd/comm_mtd/TB/MTDTB_H8_Sep2023/TOFHIR2/h8/reco//6097/81_e.root, got 284 of 300
Error in <TFile::Init>: /eos/cms/store/group/dpg_mtd/comm_mtd/TB/MTDTB_H8_Sep2023/TOFHIR2/h8/reco//6097/81_e.root failed to read the file type data.

 *** Break *** segmentation violation



===========================================================
There was a crash.
This is the entire stack trace of all threads:
===========================================================

Thread 15 (Thread 0x14b00fdf2640 (LWP 142) "drawPulseShapeT"):
#0  0x000014b027e9c39a in __futex_abstimed_wait_common () from /lib64/libc.so.6
#1  0x000014b027ea7838 in __new_sem_wait_slow64.constprop.0 () from /lib64/libc.so.6
#2  0x000014b01199a586 in XrdCl::JobManager::RunJobs() () from /lib64/libXrdCl.so.3
#3  0x000014b01199a62d in RunRunnerThread () from /lib64/libXrdCl.so.3
#4  0x000014b027e9f802 in start_thread () from /lib64/libc.so.6
#5  0x000014b027e3f450 in clone3 () from /lib64/libc.so.6

Thread 14 (Thread 0x14b00fff3640 (LWP 141) "drawPulseShapeT"):
#0  0x000014b027e9c39a in __futex_abstimed_wait_common () from /lib64/libc.so.6
#1  0x000014b027ea7838 in __new_sem_wait_slow64.constprop.0 () from /lib64/libc.so.6
#2  0x000014b01199a586 in XrdCl::JobManager::RunJobs() () from /lib64/libXrdCl.so.3
#3  0x000014b01199a62d in RunRunnerThread () from /lib64/libXrdCl.so.3
#4  0x000014b027e9f802 in start_thread () from /lib64/libc.so.6
#5  0x000014b027e3f450 in clone3 () from /lib64/libc.so.6

Thread 13 (Thread 0x14b0101f4640 (LWP 140) "drawPulseShapeT"):
#0  0x000014b027e9c39a in __futex_abstimed_wait_common () from /lib64/libc.so.6
#1  0x000014b027ea7838 in __new_sem_wait_slow64.constprop.0 () from /lib64/libc.so.6
#2  0x000014b01199a586 in XrdCl::JobManager::RunJobs() () from /lib64/libXrdCl.so.3
#3  0x000014b01199a62d in RunRunnerThread () from /lib64/libXrdCl.so.3
#4  0x000014b027e9f802 in start_thread () from /lib64/libc.so.6
#5  0x000014b027e3f450 in clone3 () from /lib64/libc.so.6

Thread 12 (Thread 0x14b0103f5640 (LWP 139) "drawPulseShapeT"):
#0  0x000014b027f13975 in clock_nanosleep
GLIBC_2.2.5 () from /lib64/libc.so.6
#1  0x000014b027f18527 in nanosleep () from /lib64/libc.so.6
#2  0x000014b011c7f3e0 in XrdSysTimer::Wait(int) () from /lib64/libXrdUtils.so.3
#3  0x000014b011921fad in XrdCl::TaskManager::RunTasks() () from /lib64/libXrdCl.so.3
#4  0x000014b0119220fd in RunRunnerThread () from /lib64/libXrdCl.so.3
#5  0x000014b027e9f802 in start_thread () from /lib64/libc.so.6
#6  0x000014b027e3f450 in clone3 () from /lib64/libc.so.6

Thread 11 (Thread 0x14b0105f6640 (LWP 138) "drawPulseShapeT"):
#0  0x000014b027f4e84e in epoll_wait () from /lib64/libc.so.6
#1  0x000014b011c77174 in XrdSys::IOEvents::PollE::Begin(XrdSysSemaphore*, int&, char const**) () from /lib64/libXrdUtils.so.3
#2  0x000014b011c73d31 in XrdSys::IOEvents::BootStrap::Start(void*) () from /lib64/libXrdUtils.so.3
#3  0x000014b011c7bb1c in XrdSysThread_Xeq () from /lib64/libXrdUtils.so.3
#4  0x000014b027e9f802 in start_thread () from /lib64/libc.so.6
#5  0x000014b027e3f450 in clone3 () from /lib64/libc.so.6

Thread 10 (Thread 0x14b0107f7640 (LWP 137) "drawPulseShapeT"):
#0  0x000014b027f4e84e in epoll_wait () from /lib64/libc.so.6
#1  0x000014b011c77174 in XrdSys::IOEvents::PollE::Begin(XrdSysSemaphore*, int&, char const**) () from /lib64/libXrdUtils.so.3
#2  0x000014b011c73d31 in XrdSys::IOEvents::BootStrap::Start(void*) () from /lib64/libXrdUtils.so.3
#3  0x000014b011c7bb1c in XrdSysThread_Xeq () from /lib64/libXrdUtils.so.3
#4  0x000014b027e9f802 in start_thread () from /lib64/libc.so.6
#5  0x000014b027e3f450 in clone3 () from /lib64/libc.so.6

Thread 9 (Thread 0x14b0109f8640 (LWP 136) "drawPulseShapeT"):
#0  0x000014b027f4e84e in epoll_wait () from /lib64/libc.so.6
#1  0x000014b011c77174 in XrdSys::IOEvents::PollE::Begin(XrdSysSemaphore*, int&, char const**) () from /lib64/libXrdUtils.so.3
#2  0x000014b011c73d31 in XrdSys::IOEvents::BootStrap::Start(void*) () from /lib64/libXrdUtils.so.3
#3  0x000014b011c7bb1c in XrdSysThread_Xeq () from /lib64/libXrdUtils.so.3
#4  0x000014b027e9f802 in start_thread () from /lib64/libc.so.6
#5  0x000014b027e3f450 in clone3 () from /lib64/libc.so.6

Thread 8 (Thread 0x14b010bf9640 (LWP 135) "drawPulseShapeT"):
#0  0x000014b027f4e84e in epoll_wait () from /lib64/libc.so.6
#1  0x000014b011c77174 in XrdSys::IOEvents::PollE::Begin(XrdSysSemaphore*, int&, char const**) () from /lib64/libXrdUtils.so.3
#2  0x000014b011c73d31 in XrdSys::IOEvents::BootStrap::Start(void*) () from /lib64/libXrdUtils.so.3
#3  0x000014b011c7bb1c in XrdSysThread_Xeq () from /lib64/libXrdUtils.so.3
#4  0x000014b027e9f802 in start_thread () from /lib64/libc.so.6
#5  0x000014b027e3f450 in clone3 () from /lib64/libc.so.6

Thread 7 (Thread 0x14b010dfa640 (LWP 134) "drawPulseShapeT"):
#0  0x000014b027f4e84e in epoll_wait () from /lib64/libc.so.6
#1  0x000014b011c77174 in XrdSys::IOEvents::PollE::Begin(XrdSysSemaphore*, int&, char const**) () from /lib64/libXrdUtils.so.3
#2  0x000014b011c73d31 in XrdSys::IOEvents::BootStrap::Start(void*) () from /lib64/libXrdUtils.so.3
#3  0x000014b011c7bb1c in XrdSysThread_Xeq () from /lib64/libXrdUtils.so.3
#4  0x000014b027e9f802 in start_thread () from /lib64/libc.so.6
#5  0x000014b027e3f450 in clone3 () from /lib64/libc.so.6

Thread 6 (Thread 0x14b010ffb640 (LWP 133) "drawPulseShapeT"):
#0  0x000014b027f4e84e in epoll_wait () from /lib64/libc.so.6
#1  0x000014b011c77174 in XrdSys::IOEvents::PollE::Begin(XrdSysSemaphore*, int&, char const**) () from /lib64/libXrdUtils.so.3
#2  0x000014b011c73d31 in XrdSys::IOEvents::BootStrap::Start(void*) () from /lib64/libXrdUtils.so.3
#3  0x000014b011c7bb1c in XrdSysThread_Xeq () from /lib64/libXrdUtils.so.3
#4  0x000014b027e9f802 in start_thread () from /lib64/libc.so.6
#5  0x000014b027e3f450 in clone3 () from /lib64/libc.so.6

Thread 5 (Thread 0x14b0111fc640 (LWP 132) "drawPulseShapeT"):
#0  0x000014b027f4e84e in epoll_wait () from /lib64/libc.so.6
#1  0x000014b011c77174 in XrdSys::IOEvents::PollE::Begin(XrdSysSemaphore*, int&, char const**) () from /lib64/libXrdUtils.so.3
#2  0x000014b011c73d31 in XrdSys::IOEvents::BootStrap::Start(void*) () from /lib64/libXrdUtils.so.3
#3  0x000014b011c7bb1c in XrdSysThread_Xeq () from /lib64/libXrdUtils.so.3
#4  0x000014b027e9f802 in start_thread () from /lib64/libc.so.6
#5  0x000014b027e3f450 in clone3 () from /lib64/libc.so.6

Thread 4 (Thread 0x14b0113fd640 (LWP 131) "drawPulseShapeT"):
#0  0x000014b027f4e84e in epoll_wait () from /lib64/libc.so.6
#1  0x000014b011c77174 in XrdSys::IOEvents::PollE::Begin(XrdSysSemaphore*, int&, char const**) () from /lib64/libXrdUtils.so.3
#2  0x000014b011c73d31 in XrdSys::IOEvents::BootStrap::Start(void*) () from /lib64/libXrdUtils.so.3
#3  0x000014b011c7bb1c in XrdSysThread_Xeq () from /lib64/libXrdUtils.so.3
#4  0x000014b027e9f802 in start_thread () from /lib64/libc.so.6
#5  0x000014b027e3f450 in clone3 () from /lib64/libc.so.6

Thread 3 (Thread 0x14b0115fe640 (LWP 130) "drawPulseShapeT"):
#0  0x000014b027f4e84e in epoll_wait () from /lib64/libc.so.6
#1  0x000014b011c77174 in XrdSys::IOEvents::PollE::Begin(XrdSysSemaphore*, int&, char const**) () from /lib64/libXrdUtils.so.3
#2  0x000014b011c73d31 in XrdSys::IOEvents::BootStrap::Start(void*) () from /lib64/libXrdUtils.so.3
#3  0x000014b011c7bb1c in XrdSysThread_Xeq () from /lib64/libXrdUtils.so.3
#4  0x000014b027e9f802 in start_thread () from /lib64/libc.so.6
#5  0x000014b027e3f450 in clone3 () from /lib64/libc.so.6

Thread 2 (Thread 0x14b0117ff640 (LWP 129) "drawPulseShapeT"):
#0  0x000014b027f4e84e in epoll_wait () from /lib64/libc.so.6
#1  0x000014b011c77174 in XrdSys::IOEvents::PollE::Begin(XrdSysSemaphore*, int&, char const**) () from /lib64/libXrdUtils.so.3
#2  0x000014b011c73d31 in XrdSys::IOEvents::BootStrap::Start(void*) () from /lib64/libXrdUtils.so.3
#3  0x000014b011c7bb1c in XrdSysThread_Xeq () from /lib64/libXrdUtils.so.3
#4  0x000014b027e9f802 in start_thread () from /lib64/libc.so.6
#5  0x000014b027e3f450 in clone3 () from /lib64/libc.so.6

Thread 1 (Thread 0x14b028436c40 (LWP 114) "drawPulseShapeT"):
#0  0x000014b027f1830f in wait4 () from /lib64/libc.so.6
#1  0x000014b027e61953 in do_system () from /lib64/libc.so.6
#2  0x000014b029f08c94 in TUnixSystem::StackTrace() () from /usr/lib64/root/libCore.so.6.30
#3  0x000014b029f05bb5 in TUnixSystem::DispatchSignals(ESignals) () from /usr/lib64/root/libCore.so.6.30
#4  <signal handler called>
#5  0x000000000043212d in TTree* TDirectory::Get<TTree>(char const*) ()
#6  0x00000000004305bd in TTree* TDirectoryFile::Get<TTree>(char const*) ()
#7  0x00000000004228bf in main ()
===========================================================


The lines below might hint at the cause of the crash. If you see question
marks as part of the stack trace, try to recompile with debugging information
enabled and export CLING_DEBUG=1 environment variable before running.
You may get help by asking at the ROOT forum https://root.cern/forum
preferably using the command (.forum bug) in the ROOT prompt.
Only if you are really convinced it is a bug in ROOT then please submit a
report at https://root.cern/bugs or (preferably) using the command (.gh bug) in
the ROOT prompt. Please post the ENTIRE stack trace
from above as an attachment in addition to anything else
that might help us fixing this issue.
===========================================================
#5  0x000000000043212d in TTree* TDirectory::Get<TTree>(char const*) ()
#6  0x00000000004305bd in TTree* TDirectoryFile::Get<TTree>(char const*) ()
#7  0x00000000004228bf in main ()
===========================================================


