000 (15150655.165.000) 09/28 15:00:14 Job submitted from host: <188.184.90.241:9618?addrs=188.184.90.241-9618+[2001-1458-201-e4--100-2eb]-9618&alias=bigbird15.cern.ch&noUDP&sock=schedd_2763_c443>
...
040 (15150655.165.000) 09/28 15:03:36 Started transferring input files
	Transferring to host: <128.142.63.29:9618?addrs=128.142.63.29-9618+[2001-1458-301-38--100-1a]-9618&alias=b7s08p2254.cern.ch&noUDP&sock=slot1_44_3285_545f_43943>
...
040 (15150655.165.000) 09/28 15:03:36 Finished transferring input files
...
001 (15150655.165.000) 09/28 15:03:37 Job executing on host: <128.142.63.29:9618?addrs=128.142.63.29-9618+[2001-1458-301-38--100-1a]-9618&alias=b7s08p2254.cern.ch&noUDP&sock=startd_2664_dc63>
...
006 (15150655.165.000) 09/28 15:03:46 Image size of job updated: 912460
	122  -  MemoryUsage of job (MB)
	124716  -  ResidentSetSize of job (KB)
...
006 (15150655.165.000) 09/28 15:04:50 Image size of job updated: 924428
	122  -  MemoryUsage of job (MB)
	124716  -  ResidentSetSize of job (KB)
...
040 (15150655.165.000) 09/28 15:04:50 Started transferring output files
...
040 (15150655.165.000) 09/28 15:04:50 Finished transferring output files
...
005 (15150655.165.000) 09/28 15:04:50 Job terminated.
	(1) Normal termination (return value 0)
		Usr 0 00:00:10, Sys 0 00:00:00  -  Run Remote Usage
		Usr 0 00:00:00, Sys 0 00:00:00  -  Run Local Usage
		Usr 0 00:00:10, Sys 0 00:00:00  -  Total Remote Usage
		Usr 0 00:00:00, Sys 0 00:00:00  -  Total Local Usage
	7915  -  Run Bytes Sent By Job
	374  -  Run Bytes Received By Job
	7915  -  Total Bytes Sent By Job
	374  -  Total Bytes Received By Job
	Partitionable Resources :    Usage  Request Allocated 
	   Cpus                 :     0.13        1         1 
	   Disk (KB)            :    29           1   1240354 
	   Memory (MB)          :   122        2000      2000 

	Job terminated of its own accord at 2023-09-28T13:04:50Z.
...
