000 (15159756.067.000) 10/09 09:27:44 Job submitted from host: <188.184.90.241:9618?addrs=188.184.90.241-9618+[2001-1458-201-e4--100-2eb]-9618&alias=bigbird15.cern.ch&noUDP&sock=schedd_2763_c443>
...
040 (15159756.067.000) 10/09 11:15:08 Started transferring input files
	Transferring to host: <188.184.162.43:9618?addrs=188.184.162.43-9618+[2001-1458-301-4a--100-25]-9618&alias=b7s11p9594.cern.ch&noUDP&sock=slot1_19_7446_2168_104307>
...
040 (15159756.067.000) 10/09 11:15:08 Finished transferring input files
...
001 (15159756.067.000) 10/09 11:15:09 Job executing on host: <188.184.162.43:9618?addrs=188.184.162.43-9618+[2001-1458-301-4a--100-25]-9618&alias=b7s11p9594.cern.ch&noUDP&sock=startd_5927_01ea>
...
006 (15159756.067.000) 10/09 11:15:18 Image size of job updated: 57500
	52  -  MemoryUsage of job (MB)
	52584  -  ResidentSetSize of job (KB)
...
006 (15159756.067.000) 10/09 11:20:18 Image size of job updated: 917592
	396  -  MemoryUsage of job (MB)
	405088  -  ResidentSetSize of job (KB)
...
006 (15159756.067.000) 10/09 11:24:06 Image size of job updated: 3227296
	396  -  MemoryUsage of job (MB)
	405088  -  ResidentSetSize of job (KB)
...
040 (15159756.067.000) 10/09 11:24:07 Started transferring output files
...
040 (15159756.067.000) 10/09 11:24:07 Finished transferring output files
...
005 (15159756.067.000) 10/09 11:24:07 Job terminated.
	(1) Normal termination (return value 0)
		Usr 0 00:07:28, Sys 0 00:00:08  -  Run Remote Usage
		Usr 0 00:00:00, Sys 0 00:00:00  -  Run Local Usage
		Usr 0 00:07:28, Sys 0 00:00:08  -  Total Remote Usage
		Usr 0 00:00:00, Sys 0 00:00:00  -  Total Local Usage
	129877  -  Run Bytes Sent By Job
	269  -  Run Bytes Received By Job
	129877  -  Total Bytes Sent By Job
	269  -  Total Bytes Received By Job
	Partitionable Resources :    Usage  Request Allocated 
	   Cpus                 :     0.95        1         1 
	   Disk (KB)            :   148           1   3012052 
	   Memory (MB)          :   396        2000      2000 

	Job terminated of its own accord at 2023-10-09T09:24:06Z.
...
