000 (14832095.040.000) 06/12 15:17:57 Job submitted from host: <188.184.90.241:9618?addrs=188.184.90.241-9618+[2001-1458-201-e4--100-2eb]-9618&alias=bigbird15.cern.ch&noUDP&sock=schedd_1460210_2ef4>
...
040 (14832095.040.000) 06/12 15:19:48 Started transferring input files
	Transferring to host: <128.142.194.204:9618?addrs=128.142.194.204-9618+[2001-1458-301-13--100-4c]-9618&alias=b7g30p2257.cern.ch&noUDP&sock=slot1_7_4091_3abf_61292>
...
040 (14832095.040.000) 06/12 15:19:48 Finished transferring input files
...
001 (14832095.040.000) 06/12 15:19:49 Job executing on host: <128.142.194.204:9618?addrs=128.142.194.204-9618+[2001-1458-301-13--100-4c]-9618&alias=b7g30p2257.cern.ch&noUDP&sock=startd_2979_ecb8>
...
006 (14832095.040.000) 06/12 15:19:58 Image size of job updated: 48392
	47  -  MemoryUsage of job (MB)
	47700  -  ResidentSetSize of job (KB)
...
006 (14832095.040.000) 06/12 15:24:59 Image size of job updated: 1722416
	1144  -  MemoryUsage of job (MB)
	1170488  -  ResidentSetSize of job (KB)
...
006 (14832095.040.000) 06/12 15:29:59 Image size of job updated: 1747416
	1144  -  MemoryUsage of job (MB)
	1170488  -  ResidentSetSize of job (KB)
...
006 (14832095.040.000) 06/12 15:34:59 Image size of job updated: 4085168
	1144  -  MemoryUsage of job (MB)
	1170488  -  ResidentSetSize of job (KB)
...
006 (14832095.040.000) 06/12 15:40:00 Image size of job updated: 4085172
	1144  -  MemoryUsage of job (MB)
	1170488  -  ResidentSetSize of job (KB)
...
006 (14832095.040.000) 06/12 15:45:01 Image size of job updated: 4135580
	1144  -  MemoryUsage of job (MB)
	1170488  -  ResidentSetSize of job (KB)
...
006 (14832095.040.000) 06/12 15:50:01 Image size of job updated: 4372124
	1144  -  MemoryUsage of job (MB)
	1170488  -  ResidentSetSize of job (KB)
...
006 (14832095.040.000) 06/12 15:55:02 Image size of job updated: 4377552
	1144  -  MemoryUsage of job (MB)
	1170488  -  ResidentSetSize of job (KB)
...
006 (14832095.040.000) 06/12 16:00:03 Image size of job updated: 4440808
	1144  -  MemoryUsage of job (MB)
	1170488  -  ResidentSetSize of job (KB)
...
006 (14832095.040.000) 06/12 16:05:03 Image size of job updated: 4456448
	1144  -  MemoryUsage of job (MB)
	1170488  -  ResidentSetSize of job (KB)
...
006 (14832095.040.000) 06/12 16:07:45 Image size of job updated: 4466980
	1144  -  MemoryUsage of job (MB)
	1170488  -  ResidentSetSize of job (KB)
...
040 (14832095.040.000) 06/12 16:07:45 Started transferring output files
...
040 (14832095.040.000) 06/12 16:07:45 Finished transferring output files
...
005 (14832095.040.000) 06/12 16:07:45 Job terminated.
	(1) Normal termination (return value 0)
		Usr 0 00:06:21, Sys 0 00:00:31  -  Run Remote Usage
		Usr 0 00:00:00, Sys 0 00:00:00  -  Run Local Usage
		Usr 0 00:06:21, Sys 0 00:00:31  -  Total Remote Usage
		Usr 0 00:00:00, Sys 0 00:00:00  -  Total Local Usage
	109462  -  Run Bytes Sent By Job
	323  -  Run Bytes Received By Job
	109462  -  Total Bytes Sent By Job
	323  -  Total Bytes Received By Job
	Partitionable Resources :    Usage  Request Allocated 
	   Cpus                 :     0.10        1         1 
	   Disk (KB)            :   128           1   1309189 
	   Memory (MB)          :  1144        2000      2000 

	Job terminated of its own accord at 2023-06-12T14:07:45Z.
...
