000 (15149098.057.000) 09/27 08:23:39 Job submitted from host: <188.184.90.241:9618?addrs=188.184.90.241-9618+[2001-1458-201-e4--100-2eb]-9618&alias=bigbird15.cern.ch&noUDP&sock=schedd_2763_c443>
...
040 (15149098.057.000) 09/27 08:40:29 Started transferring input files
	Transferring to host: <128.142.248.50:9618?addrs=128.142.248.50-9618+[2001-1458-301-73--100-122]-9618&alias=b7g23p4729.cern.ch&noUDP&sock=slot1_6_67923_a5e3_134978>
...
040 (15149098.057.000) 09/27 08:40:29 Finished transferring input files
...
001 (15149098.057.000) 09/27 08:40:30 Job executing on host: <128.142.248.50:9618?addrs=128.142.248.50-9618+[2001-1458-301-73--100-122]-9618&alias=b7g23p4729.cern.ch&noUDP&sock=startd_67885_0ac3>
...
006 (15149098.057.000) 09/27 08:40:39 Image size of job updated: 565392
	51  -  MemoryUsage of job (MB)
	51980  -  ResidentSetSize of job (KB)
...
006 (15149098.057.000) 09/27 08:45:39 Image size of job updated: 1117976
	59  -  MemoryUsage of job (MB)
	60324  -  ResidentSetSize of job (KB)
...
006 (15149098.057.000) 09/27 09:36:21 Image size of job updated: 3563848
	59  -  MemoryUsage of job (MB)
	60324  -  ResidentSetSize of job (KB)
...
040 (15149098.057.000) 09/27 09:36:22 Started transferring output files
...
040 (15149098.057.000) 09/27 09:36:22 Finished transferring output files
...
005 (15149098.057.000) 09/27 09:36:22 Job terminated.
	(1) Normal termination (return value 0)
		Usr 0 00:06:07, Sys 0 00:00:16  -  Run Remote Usage
		Usr 0 00:00:00, Sys 0 00:00:00  -  Run Local Usage
		Usr 0 00:06:07, Sys 0 00:00:16  -  Total Remote Usage
		Usr 0 00:00:00, Sys 0 00:00:00  -  Total Local Usage
	69251  -  Run Bytes Sent By Job
	323  -  Run Bytes Received By Job
	69251  -  Total Bytes Sent By Job
	323  -  Total Bytes Received By Job
	Partitionable Resources :    Usage  Request Allocated 
	   Cpus                 :                 1         1 
	   Disk (KB)            :       82        1   2961551 
	   Memory (MB)          :       59     2000      2000 

	Job terminated of its own accord at 2023-09-27T07:36:21Z.
...
