000 (15150654.077.000) 09/28 14:27:13 Job submitted from host: <188.184.90.241:9618?addrs=188.184.90.241-9618+[2001-1458-201-e4--100-2eb]-9618&alias=bigbird15.cern.ch&noUDP&sock=schedd_2763_c443>
...
040 (15150654.077.000) 09/28 14:46:19 Started transferring input files
	Transferring to host: <128.142.57.77:9618?addrs=128.142.57.77-9618+[2001-1458-301-7--100-4c]-9618&alias=b7s02p0412.cern.ch&noUDP&sock=slot1_2_4315_0ec9_43417>
...
040 (15150654.077.000) 09/28 14:46:19 Finished transferring input files
...
001 (15150654.077.000) 09/28 14:46:20 Job executing on host: <128.142.57.77:9618?addrs=128.142.57.77-9618+[2001-1458-301-7--100-4c]-9618&alias=b7s02p0412.cern.ch&noUDP&sock=startd_2984_5ab1>
...
006 (15150654.077.000) 09/28 14:46:28 Image size of job updated: 910016
	123  -  MemoryUsage of job (MB)
	125080  -  ResidentSetSize of job (KB)
...
006 (15150654.077.000) 09/28 14:48:02 Image size of job updated: 922764
	123  -  MemoryUsage of job (MB)
	125080  -  ResidentSetSize of job (KB)
...
040 (15150654.077.000) 09/28 14:48:03 Started transferring output files
...
040 (15150654.077.000) 09/28 14:48:03 Finished transferring output files
...
005 (15150654.077.000) 09/28 14:48:03 Job terminated.
	(1) Normal termination (return value 0)
		Usr 0 00:00:08, Sys 0 00:00:00  -  Run Remote Usage
		Usr 0 00:00:00, Sys 0 00:00:00  -  Run Local Usage
		Usr 0 00:00:08, Sys 0 00:00:00  -  Total Remote Usage
		Usr 0 00:00:00, Sys 0 00:00:00  -  Total Local Usage
	7285  -  Run Bytes Sent By Job
	374  -  Run Bytes Received By Job
	7285  -  Total Bytes Sent By Job
	374  -  Total Bytes Received By Job
	Partitionable Resources :    Usage  Request Allocated 
	   Cpus                 :     0.05        1         1 
	   Disk (KB)            :    28           1   2946268 
	   Memory (MB)          :   123        2000      2000 

	Job terminated of its own accord at 2023-09-28T12:48:02Z.
...
