000 (15151321.124.000) 10/02 14:58:31 Job submitted from host: <188.184.90.241:9618?addrs=188.184.90.241-9618+[2001-1458-201-e4--100-2eb]-9618&alias=bigbird15.cern.ch&noUDP&sock=schedd_2763_c443>
...
040 (15151321.124.000) 10/02 15:17:43 Started transferring input files
	Transferring to host: <128.142.61.81:9618?addrs=128.142.61.81-9618+[2001-1458-301-23--100-50]-9618&alias=b7s06p7482.cern.ch&noUDP&sock=slot1_11_3133_3b58_90412>
...
040 (15151321.124.000) 10/02 15:17:43 Finished transferring input files
...
001 (15151321.124.000) 10/02 15:17:44 Job executing on host: <128.142.61.81:9618?addrs=128.142.61.81-9618+[2001-1458-301-23--100-50]-9618&alias=b7s06p7482.cern.ch&noUDP&sock=startd_2741_ad2e>
...
006 (15151321.124.000) 10/02 15:17:53 Image size of job updated: 910216
	123  -  MemoryUsage of job (MB)
	125052  -  ResidentSetSize of job (KB)
...
006 (15151321.124.000) 10/02 15:20:28 Image size of job updated: 922972
	123  -  MemoryUsage of job (MB)
	125052  -  ResidentSetSize of job (KB)
...
040 (15151321.124.000) 10/02 15:20:28 Started transferring output files
...
040 (15151321.124.000) 10/02 15:20:28 Finished transferring output files
...
005 (15151321.124.000) 10/02 15:20:28 Job terminated.
	(1) Normal termination (return value 0)
		Usr 0 00:00:08, Sys 0 00:00:00  -  Run Remote Usage
		Usr 0 00:00:00, Sys 0 00:00:00  -  Run Local Usage
		Usr 0 00:00:08, Sys 0 00:00:00  -  Total Remote Usage
		Usr 0 00:00:00, Sys 0 00:00:00  -  Total Local Usage
	7940  -  Run Bytes Sent By Job
	374  -  Run Bytes Received By Job
	7940  -  Total Bytes Sent By Job
	374  -  Total Bytes Received By Job
	Partitionable Resources :    Usage  Request Allocated 
	   Cpus                 :                 1         1 
	   Disk (KB)            :       22        1   1377364 
	   Memory (MB)          :      123     2000      2000 

	Job terminated of its own accord at 2023-10-02T13:20:28Z.
...
