000 (15155263.007.000) 10/07 15:36:06 Job submitted from host: <188.184.90.241:9618?addrs=188.184.90.241-9618+[2001-1458-201-e4--100-2eb]-9618&alias=bigbird15.cern.ch&noUDP&sock=schedd_2763_c443>
...
040 (15155263.007.000) 10/07 15:38:37 Started transferring input files
	Transferring to host: <128.142.61.127:9618?addrs=128.142.61.127-9618&alias=b7s06p4472.cern.ch&noUDP&sock=slot1_20_4030_3fdd_1156>
...
040 (15155263.007.000) 10/07 15:38:37 Finished transferring input files
...
001 (15155263.007.000) 10/07 15:38:38 Job executing on host: <128.142.61.127:9618?addrs=128.142.61.127-9618&alias=b7s06p4472.cern.ch&noUDP&sock=startd_3968_4be2>
...
006 (15155263.007.000) 10/07 15:38:46 Image size of job updated: 675212
	86  -  MemoryUsage of job (MB)
	87740  -  ResidentSetSize of job (KB)
...
006 (15155263.007.000) 10/07 15:39:07 Image size of job updated: 686192
	86  -  MemoryUsage of job (MB)
	87740  -  ResidentSetSize of job (KB)
...
040 (15155263.007.000) 10/07 15:39:07 Started transferring output files
...
040 (15155263.007.000) 10/07 15:39:07 Finished transferring output files
...
005 (15155263.007.000) 10/07 15:39:07 Job terminated.
	(1) Normal termination (return value 0)
		Usr 0 00:00:04, Sys 0 00:00:02  -  Run Remote Usage
		Usr 0 00:00:00, Sys 0 00:00:00  -  Run Local Usage
		Usr 0 00:00:04, Sys 0 00:00:02  -  Total Remote Usage
		Usr 0 00:00:00, Sys 0 00:00:00  -  Total Local Usage
	24026  -  Run Bytes Sent By Job
	323  -  Run Bytes Received By Job
	24026  -  Total Bytes Sent By Job
	323  -  Total Bytes Received By Job
	Partitionable Resources :    Usage  Request Allocated 
	   Cpus                 :     0.11        1         1 
	   Disk (KB)            :    44           1   2742998 
	   Memory (MB)          :    86        2000      2000 

	Job terminated of its own accord at 2023-10-07T13:39:07Z.
...
