000 (15151953.004.000) 10/03 14:45:29 Job submitted from host: <188.184.90.241:9618?addrs=188.184.90.241-9618+[2001-1458-201-e4--100-2eb]-9618&alias=bigbird15.cern.ch&noUDP&sock=schedd_2763_c443>
...
040 (15151953.004.000) 10/03 14:52:16 Started transferring input files
	Transferring to host: <128.142.61.96:9618?addrs=128.142.61.96-9618+[2001-1458-301-23--100-5f]-9618&alias=b7s06p7602.cern.ch&noUDP&sock=slot1_3_12717_06de_29494>
...
040 (15151953.004.000) 10/03 14:52:16 Finished transferring input files
...
001 (15151953.004.000) 10/03 14:52:17 Job executing on host: <128.142.61.96:9618?addrs=128.142.61.96-9618+[2001-1458-301-23--100-5f]-9618&alias=b7s06p7602.cern.ch&noUDP&sock=startd_18882_0f58>
...
006 (15151953.004.000) 10/03 14:52:26 Image size of job updated: 544756
	52  -  MemoryUsage of job (MB)
	52556  -  ResidentSetSize of job (KB)
...
006 (15151953.004.000) 10/03 14:57:27 Image size of job updated: 845688
	327  -  MemoryUsage of job (MB)
	334304  -  ResidentSetSize of job (KB)
...
006 (15151953.004.000) 10/03 15:02:28 Image size of job updated: 1209888
	658  -  MemoryUsage of job (MB)
	673656  -  ResidentSetSize of job (KB)
...
006 (15151953.004.000) 10/03 15:07:28 Image size of job updated: 1356056
	771  -  MemoryUsage of job (MB)
	789140  -  ResidentSetSize of job (KB)
...
006 (15151953.004.000) 10/03 15:12:28 Image size of job updated: 1358544
	771  -  MemoryUsage of job (MB)
	789140  -  ResidentSetSize of job (KB)
...
006 (15151953.004.000) 10/03 15:17:29 Image size of job updated: 4163440
	771  -  MemoryUsage of job (MB)
	789140  -  ResidentSetSize of job (KB)
...
006 (15151953.004.000) 10/03 15:22:29 Image size of job updated: 4213476
	771  -  MemoryUsage of job (MB)
	789140  -  ResidentSetSize of job (KB)
...
006 (15151953.004.000) 10/03 15:27:29 Image size of job updated: 4449732
	771  -  MemoryUsage of job (MB)
	789140  -  ResidentSetSize of job (KB)
...
006 (15151953.004.000) 10/03 15:32:30 Image size of job updated: 4489672
	771  -  MemoryUsage of job (MB)
	789140  -  ResidentSetSize of job (KB)
...
006 (15151953.004.000) 10/03 15:37:30 Image size of job updated: 4531028
	771  -  MemoryUsage of job (MB)
	789140  -  ResidentSetSize of job (KB)
...
006 (15151953.004.000) 10/03 15:40:18 Image size of job updated: 4542476
	771  -  MemoryUsage of job (MB)
	789140  -  ResidentSetSize of job (KB)
...
040 (15151953.004.000) 10/03 15:40:18 Started transferring output files
...
040 (15151953.004.000) 10/03 15:40:18 Finished transferring output files
...
005 (15151953.004.000) 10/03 15:40:18 Job terminated.
	(1) Normal termination (return value 0)
		Usr 0 00:17:26, Sys 0 00:00:32  -  Run Remote Usage
		Usr 0 00:00:00, Sys 0 00:00:00  -  Run Local Usage
		Usr 0 00:17:26, Sys 0 00:00:32  -  Total Remote Usage
		Usr 0 00:00:00, Sys 0 00:00:00  -  Total Local Usage
	96652  -  Run Bytes Sent By Job
	323  -  Run Bytes Received By Job
	96652  -  Total Bytes Sent By Job
	323  -  Total Bytes Received By Job
	Partitionable Resources :    Usage  Request Allocated 
	   Cpus                 :     0.99        1         1 
	   Disk (KB)            :   116           1   1327711 
	   Memory (MB)          :   771        2000      2000 

	Job terminated of its own accord at 2023-10-03T13:40:18Z.
...
