000 (15159743.074.000) 10/09 07:56:33 Job submitted from host: <188.184.90.241:9618?addrs=188.184.90.241-9618+[2001-1458-201-e4--100-2eb]-9618&alias=bigbird15.cern.ch&noUDP&sock=schedd_2763_c443>
...
040 (15159743.074.000) 10/09 08:10:00 Started transferring input files
	Transferring to host: <128.142.137.41:9618?addrs=128.142.137.41-9618+[2001-1458-301-5e--100-1d]-9618&alias=b7g19p5601.cern.ch&noUDP&sock=slot1_6_28683_84a7_7502>
...
040 (15159743.074.000) 10/09 08:10:00 Finished transferring input files
...
001 (15159743.074.000) 10/09 08:10:01 Job executing on host: <128.142.137.41:9618?addrs=128.142.137.41-9618+[2001-1458-301-5e--100-1d]-9618&alias=b7g19p5601.cern.ch&noUDP&sock=startd_28645_aa77>
...
006 (15159743.074.000) 10/09 08:10:10 Image size of job updated: 59708
	52  -  MemoryUsage of job (MB)
	53144  -  ResidentSetSize of job (KB)
...
006 (15159743.074.000) 10/09 08:15:10 Image size of job updated: 844764
	322  -  MemoryUsage of job (MB)
	329228  -  ResidentSetSize of job (KB)
...
006 (15159743.074.000) 10/09 08:20:10 Image size of job updated: 1046340
	525  -  MemoryUsage of job (MB)
	537280  -  ResidentSetSize of job (KB)
...
006 (15159743.074.000) 10/09 08:25:12 Image size of job updated: 1223216
	693  -  MemoryUsage of job (MB)
	709400  -  ResidentSetSize of job (KB)
...
006 (15159743.074.000) 10/09 08:28:16 Image size of job updated: 3528500
	693  -  MemoryUsage of job (MB)
	709524  -  ResidentSetSize of job (KB)
...
040 (15159743.074.000) 10/09 08:28:16 Started transferring output files
...
040 (15159743.074.000) 10/09 08:28:16 Finished transferring output files
...
005 (15159743.074.000) 10/09 08:28:16 Job terminated.
	(1) Normal termination (return value 0)
		Usr 0 00:16:18, Sys 0 00:00:15  -  Run Remote Usage
		Usr 0 00:00:00, Sys 0 00:00:00  -  Run Local Usage
		Usr 0 00:16:18, Sys 0 00:00:15  -  Total Remote Usage
		Usr 0 00:00:00, Sys 0 00:00:00  -  Total Local Usage
	190355  -  Run Bytes Sent By Job
	269  -  Run Bytes Received By Job
	190355  -  Total Bytes Sent By Job
	269  -  Total Bytes Received By Job
	Partitionable Resources :    Usage  Request Allocated 
	   Cpus                 :     0.98        1         1 
	   Disk (KB)            :   207           1   1674714 
	   Memory (MB)          :   693        2000      2000 

	Job terminated of its own accord at 2023-10-09T06:28:16Z.
...
