000 (14807404.000.000) 05/15 22:32:17 Job submitted from host: <188.184.90.241:9618?addrs=188.184.90.241-9618+[2001-1458-201-e4--100-2eb]-9618&alias=bigbird15.cern.ch&noUDP&sock=schedd_3273_9590>
...
040 (14807404.000.000) 05/15 22:59:43 Started transferring input files
	Transferring to host: <128.142.58.158:9618?addrs=128.142.58.158-9618+[2001-1458-301-16--100-9d]-9618&alias=b7s03p3524.cern.ch&noUDP&sock=slot1_24_3767_f132_41750>
...
040 (14807404.000.000) 05/15 22:59:43 Finished transferring input files
...
001 (14807404.000.000) 05/15 22:59:44 Job executing on host: <128.142.58.158:9618?addrs=128.142.58.158-9618+[2001-1458-301-16--100-9d]-9618&alias=b7s03p3524.cern.ch&noUDP&sock=startd_2902_1bed>
...
006 (14807404.000.000) 05/15 22:59:52 Image size of job updated: 553972
	47  -  MemoryUsage of job (MB)
	47640  -  ResidentSetSize of job (KB)
...
006 (14807404.000.000) 05/15 23:04:52 Image size of job updated: 1724404
	1159  -  MemoryUsage of job (MB)
	1185860  -  ResidentSetSize of job (KB)
...
006 (14807404.000.000) 05/15 23:09:53 Image size of job updated: 4032080
	1159  -  MemoryUsage of job (MB)
	1185860  -  ResidentSetSize of job (KB)
...
006 (14807404.000.000) 05/15 23:14:54 Image size of job updated: 4313208
	1159  -  MemoryUsage of job (MB)
	1185860  -  ResidentSetSize of job (KB)
...
006 (14807404.000.000) 05/15 23:19:54 Image size of job updated: 4383616
	1159  -  MemoryUsage of job (MB)
	1185860  -  ResidentSetSize of job (KB)
...
006 (14807404.000.000) 05/15 23:22:34 Image size of job updated: 4408008
	1159  -  MemoryUsage of job (MB)
	1185860  -  ResidentSetSize of job (KB)
...
040 (14807404.000.000) 05/15 23:22:34 Started transferring output files
...
040 (14807404.000.000) 05/15 23:22:34 Finished transferring output files
...
005 (14807404.000.000) 05/15 23:22:34 Job terminated.
	(1) Normal termination (return value 0)
		Usr 0 00:05:51, Sys 0 00:00:24  -  Run Remote Usage
		Usr 0 00:00:00, Sys 0 00:00:00  -  Run Local Usage
		Usr 0 00:05:51, Sys 0 00:00:24  -  Total Remote Usage
		Usr 0 00:00:00, Sys 0 00:00:00  -  Total Local Usage
	113517  -  Run Bytes Sent By Job
	323  -  Run Bytes Received By Job
	113517  -  Total Bytes Sent By Job
	323  -  Total Bytes Received By Job
	Partitionable Resources :    Usage  Request Allocated 
	   Cpus                 :     0.19        1         1 
	   Disk (KB)            :   132           1   1281427 
	   Memory (MB)          :  1159        2000      2000 

	Job terminated of its own accord at 2023-05-15T21:22:34Z.
...
