000 (14832095.015.000) 06/12 15:17:57 Job submitted from host: <188.184.90.241:9618?addrs=188.184.90.241-9618+[2001-1458-201-e4--100-2eb]-9618&alias=bigbird15.cern.ch&noUDP&sock=schedd_1460210_2ef4>
...
040 (14832095.015.000) 06/12 15:19:41 Started transferring input files
	Transferring to host: <128.142.196.52:9618?addrs=128.142.196.52-9618+[2001-1458-301-3c--100-32]-9618&alias=b7g32p6971.cern.ch&noUDP&sock=slot1_28_5016_f9c5_72524>
...
040 (14832095.015.000) 06/12 15:19:41 Finished transferring input files
...
001 (14832095.015.000) 06/12 15:19:42 Job executing on host: <128.142.196.52:9618?addrs=128.142.196.52-9618+[2001-1458-301-3c--100-32]-9618&alias=b7g32p6971.cern.ch&noUDP&sock=startd_4225_93b9>
...
006 (14832095.015.000) 06/12 15:19:50 Image size of job updated: 530776
	47  -  MemoryUsage of job (MB)
	47672  -  ResidentSetSize of job (KB)
...
006 (14832095.015.000) 06/12 15:24:50 Image size of job updated: 1074912
	61  -  MemoryUsage of job (MB)
	61520  -  ResidentSetSize of job (KB)
...
006 (14832095.015.000) 06/12 15:29:51 Image size of job updated: 3104732
	101  -  MemoryUsage of job (MB)
	102856  -  ResidentSetSize of job (KB)
...
006 (14832095.015.000) 06/12 15:34:51 Image size of job updated: 3310316
	302  -  MemoryUsage of job (MB)
	308896  -  ResidentSetSize of job (KB)
...
006 (14832095.015.000) 06/12 15:39:51 Image size of job updated: 3315676
	309  -  MemoryUsage of job (MB)
	315456  -  ResidentSetSize of job (KB)
...
006 (14832095.015.000) 06/12 15:44:52 Image size of job updated: 3362660
	355  -  MemoryUsage of job (MB)
	362560  -  ResidentSetSize of job (KB)
...
006 (14832095.015.000) 06/12 15:48:23 Image size of job updated: 3377960
	355  -  MemoryUsage of job (MB)
	362560  -  ResidentSetSize of job (KB)
...
040 (14832095.015.000) 06/12 15:48:23 Started transferring output files
...
040 (14832095.015.000) 06/12 15:48:23 Finished transferring output files
...
005 (14832095.015.000) 06/12 15:48:23 Job terminated.
	(1) Normal termination (return value 0)
		Usr 0 00:03:48, Sys 0 00:00:11  -  Run Remote Usage
		Usr 0 00:00:00, Sys 0 00:00:00  -  Run Local Usage
		Usr 0 00:03:48, Sys 0 00:00:11  -  Total Remote Usage
		Usr 0 00:00:00, Sys 0 00:00:00  -  Total Local Usage
	71964  -  Run Bytes Sent By Job
	323  -  Run Bytes Received By Job
	71964  -  Total Bytes Sent By Job
	323  -  Total Bytes Received By Job
	Partitionable Resources :    Usage  Request Allocated 
	   Cpus                 :     0.09        1         1 
	   Disk (KB)            :    92           1   3013023 
	   Memory (MB)          :   355        2000      2000 

	Job terminated of its own accord at 2023-06-12T13:48:23Z.
...
