000 (14832095.098.000) 06/12 15:17:57 Job submitted from host: <188.184.90.241:9618?addrs=188.184.90.241-9618+[2001-1458-201-e4--100-2eb]-9618&alias=bigbird15.cern.ch&noUDP&sock=schedd_1460210_2ef4>
...
040 (14832095.098.000) 06/12 15:20:07 Started transferring input files
	Transferring to host: <188.184.160.68:9618?addrs=188.184.160.68-9618+[2001-1458-301-48--100-3e]-9618&alias=b7s09p5205.cern.ch&noUDP&sock=slot1_25_4656_52b6_83427>
...
040 (14832095.098.000) 06/12 15:20:07 Finished transferring input files
...
001 (14832095.098.000) 06/12 15:20:08 Job executing on host: <188.184.160.68:9618?addrs=188.184.160.68-9618+[2001-1458-301-48--100-3e]-9618&alias=b7s09p5205.cern.ch&noUDP&sock=startd_3269_d72f>
...
006 (14832095.098.000) 06/12 15:20:17 Image size of job updated: 554128
	47  -  MemoryUsage of job (MB)
	47688  -  ResidentSetSize of job (KB)
...
006 (14832095.098.000) 06/12 15:25:17 Image size of job updated: 1529472
	1017  -  MemoryUsage of job (MB)
	1041168  -  ResidentSetSize of job (KB)
...
006 (14832095.098.000) 06/12 15:30:17 Image size of job updated: 1804528
	1226  -  MemoryUsage of job (MB)
	1254948  -  ResidentSetSize of job (KB)
...
006 (14832095.098.000) 06/12 15:45:18 Image size of job updated: 4038600
	1226  -  MemoryUsage of job (MB)
	1254948  -  ResidentSetSize of job (KB)
...
006 (14832095.098.000) 06/12 15:50:19 Image size of job updated: 4086704
	1226  -  MemoryUsage of job (MB)
	1254948  -  ResidentSetSize of job (KB)
...
006 (14832095.098.000) 06/12 15:55:20 Image size of job updated: 4322300
	1226  -  MemoryUsage of job (MB)
	1254948  -  ResidentSetSize of job (KB)
...
006 (14832095.098.000) 06/12 16:00:20 Image size of job updated: 4329908
	1226  -  MemoryUsage of job (MB)
	1254948  -  ResidentSetSize of job (KB)
...
006 (14832095.098.000) 06/12 16:05:21 Image size of job updated: 4394620
	1226  -  MemoryUsage of job (MB)
	1254948  -  ResidentSetSize of job (KB)
...
006 (14832095.098.000) 06/12 16:10:22 Image size of job updated: 4411388
	1226  -  MemoryUsage of job (MB)
	1254948  -  ResidentSetSize of job (KB)
...
006 (14832095.098.000) 06/12 16:11:25 Image size of job updated: 4413980
	1226  -  MemoryUsage of job (MB)
	1254948  -  ResidentSetSize of job (KB)
...
040 (14832095.098.000) 06/12 16:11:25 Started transferring output files
...
040 (14832095.098.000) 06/12 16:11:25 Finished transferring output files
...
005 (14832095.098.000) 06/12 16:11:25 Job terminated.
	(1) Normal termination (return value 0)
		Usr 0 00:11:32, Sys 0 00:00:45  -  Run Remote Usage
		Usr 0 00:00:00, Sys 0 00:00:00  -  Run Local Usage
		Usr 0 00:11:32, Sys 0 00:00:45  -  Total Remote Usage
		Usr 0 00:00:00, Sys 0 00:00:00  -  Total Local Usage
	117316  -  Run Bytes Sent By Job
	323  -  Run Bytes Received By Job
	117316  -  Total Bytes Sent By Job
	323  -  Total Bytes Received By Job
	Partitionable Resources :    Usage  Request Allocated 
	   Cpus                 :        0        1         1 
	   Disk (KB)            :      136        1   2913532 
	   Memory (MB)          :     1226     2000      2000 

	Job terminated of its own accord at 2023-06-12T14:11:25Z.
...
