000 (15271413.096.000) 12/18 14:02:23 Job submitted from host: <188.184.90.241:9618?addrs=188.184.90.241-9618+[2001-1458-201-e4--100-2eb]-9618&alias=bigbird15.cern.ch&noUDP&sock=schedd_2763_c443>
...
040 (15271413.096.000) 12/18 14:06:22 Started transferring input files
	Transferring to host: <188.184.162.163:9618?addrs=188.184.162.163-9618+[2001-1458-301-4a--100-9d]-9618&alias=b9s11p9597.cern.ch&noUDP&sock=slot1_9_124828_5e4d_30741>
...
040 (15271413.096.000) 12/18 14:06:22 Finished transferring input files
...
001 (15271413.096.000) 12/18 14:06:23 Job executing on host: <188.184.162.163:9618?addrs=188.184.162.163-9618+[2001-1458-301-4a--100-9d]-9618&alias=b9s11p9597.cern.ch&noUDP&sock=startd_113667_afa1>
...
006 (15271413.096.000) 12/18 14:06:32 Image size of job updated: 455096
	445  -  MemoryUsage of job (MB)
	455096  -  ResidentSetSize of job (KB)
...
006 (15271413.096.000) 12/18 14:11:33 Image size of job updated: 776728
	759  -  MemoryUsage of job (MB)
	776728  -  ResidentSetSize of job (KB)
...
006 (15271413.096.000) 12/18 14:16:34 Image size of job updated: 2418576
	2362  -  MemoryUsage of job (MB)
	2418576  -  ResidentSetSize of job (KB)
...
040 (15271413.096.000) 12/18 14:17:46 Started transferring output files
...
040 (15271413.096.000) 12/18 14:17:46 Finished transferring output files
...
005 (15271413.096.000) 12/18 14:17:46 Job terminated.
	(1) Normal termination (return value 0)
		Usr 0 00:08:37, Sys 0 00:00:06  -  Run Remote Usage
		Usr 0 00:00:00, Sys 0 00:00:00  -  Run Local Usage
		Usr 0 00:08:37, Sys 0 00:00:06  -  Total Remote Usage
		Usr 0 00:00:00, Sys 0 00:00:00  -  Total Local Usage
	147339  -  Run Bytes Sent By Job
	269  -  Run Bytes Received By Job
	147339  -  Total Bytes Sent By Job
	269  -  Total Bytes Received By Job
	Partitionable Resources :    Usage  Request Allocated 
	   Cpus                 :     0.73        1         1 
	   Disk (KB)            :   188           1   2972894 
	   Memory (MB)          :  2362        2000      2000 

	Job terminated of its own accord at 2023-12-18T13:17:46Z.
...
