000 (14807383.020.000) 05/15 18:20:36 Job submitted from host: <188.184.90.241:9618?addrs=188.184.90.241-9618+[2001-1458-201-e4--100-2eb]-9618&alias=bigbird15.cern.ch&noUDP&sock=schedd_3273_9590>
...
040 (14807383.020.000) 05/15 18:34:09 Started transferring input files
	Transferring to host: <128.142.58.169:9618?addrs=128.142.58.169-9618+[2001-1458-301-16--100-a8]-9618&alias=b7s03p2376.cern.ch&noUDP&sock=slot1_3_4342_14ea_35620>
...
040 (14807383.020.000) 05/15 18:34:09 Finished transferring input files
...
001 (14807383.020.000) 05/15 18:34:10 Job executing on host: <128.142.58.169:9618?addrs=128.142.58.169-9618+[2001-1458-301-16--100-a8]-9618&alias=b7s03p2376.cern.ch&noUDP&sock=startd_2916_b641>
...
006 (14807383.020.000) 05/15 18:34:18 Image size of job updated: 554704
	48  -  MemoryUsage of job (MB)
	48256  -  ResidentSetSize of job (KB)
...
006 (14807383.020.000) 05/15 18:39:18 Image size of job updated: 2674656
	2137  -  MemoryUsage of job (MB)
	2187936  -  ResidentSetSize of job (KB)
...
006 (14807383.020.000) 05/15 18:44:19 Image size of job updated: 4696320
	4105  -  MemoryUsage of job (MB)
	4203180  -  ResidentSetSize of job (KB)
...
006 (14807383.020.000) 05/15 18:49:20 Image size of job updated: 6440652
	5369  -  MemoryUsage of job (MB)
	5497708  -  ResidentSetSize of job (KB)
...
006 (14807383.020.000) 05/15 18:54:20 Image size of job updated: 8231216
	5737  -  MemoryUsage of job (MB)
	5874384  -  ResidentSetSize of job (KB)
...
006 (14807383.020.000) 05/15 18:59:21 Image size of job updated: 10027404
	7507  -  MemoryUsage of job (MB)
	7686884  -  ResidentSetSize of job (KB)
...
006 (14807383.020.000) 05/15 19:04:22 Image size of job updated: 11822544
	7507  -  MemoryUsage of job (MB)
	7686884  -  ResidentSetSize of job (KB)
...
006 (14807383.020.000) 05/15 19:09:22 Image size of job updated: 13602116
	7507  -  MemoryUsage of job (MB)
	7686884  -  ResidentSetSize of job (KB)
...
006 (14807383.020.000) 05/15 19:14:22 Image size of job updated: 15244548
	7507  -  MemoryUsage of job (MB)
	7686884  -  ResidentSetSize of job (KB)
...
006 (14807383.020.000) 05/15 19:19:24 Image size of job updated: 16884204
	7507  -  MemoryUsage of job (MB)
	7686884  -  ResidentSetSize of job (KB)
...
006 (14807383.020.000) 05/15 19:24:24 Image size of job updated: 18385108
	7507  -  MemoryUsage of job (MB)
	7686884  -  ResidentSetSize of job (KB)
...
006 (14807383.020.000) 05/15 19:29:24 Image size of job updated: 20130280
	7507  -  MemoryUsage of job (MB)
	7686884  -  ResidentSetSize of job (KB)
...
006 (14807383.020.000) 05/15 19:34:25 Image size of job updated: 21654320
	7507  -  MemoryUsage of job (MB)
	7686884  -  ResidentSetSize of job (KB)
...
006 (14807383.020.000) 05/15 19:39:26 Image size of job updated: 23110740
	7529  -  MemoryUsage of job (MB)
	7708988  -  ResidentSetSize of job (KB)
...
006 (14807383.020.000) 05/15 19:44:26 Image size of job updated: 24354404
	8847  -  MemoryUsage of job (MB)
	9059296  -  ResidentSetSize of job (KB)
...
006 (14807383.020.000) 05/15 19:49:27 Image size of job updated: 24354404
	10215  -  MemoryUsage of job (MB)
	10459664  -  ResidentSetSize of job (KB)
...
006 (14807383.020.000) 05/15 19:54:28 Image size of job updated: 24354404
	11569  -  MemoryUsage of job (MB)
	11846540  -  ResidentSetSize of job (KB)
...
006 (14807383.020.000) 05/15 19:59:28 Image size of job updated: 24354404
	12835  -  MemoryUsage of job (MB)
	13142200  -  ResidentSetSize of job (KB)
...
006 (14807383.020.000) 05/15 20:04:28 Image size of job updated: 24354404
	14044  -  MemoryUsage of job (MB)
	14380612  -  ResidentSetSize of job (KB)
...
006 (14807383.020.000) 05/15 20:09:29 Image size of job updated: 24354404
	14670  -  MemoryUsage of job (MB)
	15021544  -  ResidentSetSize of job (KB)
...
006 (14807383.020.000) 05/15 20:14:30 Image size of job updated: 24354404
	15728  -  MemoryUsage of job (MB)
	16105124  -  ResidentSetSize of job (KB)
...
006 (14807383.020.000) 05/15 20:19:30 Image size of job updated: 24379404
	16685  -  MemoryUsage of job (MB)
	17085352  -  ResidentSetSize of job (KB)
...
006 (14807383.020.000) 05/15 20:24:31 Image size of job updated: 24379404
	17649  -  MemoryUsage of job (MB)
	18072116  -  ResidentSetSize of job (KB)
...
006 (14807383.020.000) 05/15 20:29:32 Image size of job updated: 24379404
	18559  -  MemoryUsage of job (MB)
	19003744  -  ResidentSetSize of job (KB)
...
040 (14807383.020.000) 05/15 20:34:20 Started transferring output files
...
040 (14807383.020.000) 05/15 20:34:20 Finished transferring output files
...
009 (14807383.020.000) 05/15 20:34:21 Job was aborted.
	Job removed by SYSTEM_PERIODIC_REMOVE due to wall time exceeded allowed max.
...
