000 (15159766.117.000) 10/09 11:47:56 Job submitted from host: <188.184.90.241:9618?addrs=188.184.90.241-9618+[2001-1458-201-e4--100-2eb]-9618&alias=bigbird15.cern.ch&noUDP&sock=schedd_2763_c443>
...
040 (15159766.117.000) 10/09 14:24:55 Started transferring input files
	Transferring to host: <188.184.160.28:9618?addrs=188.184.160.28-9618+[2001-1458-301-48--100-16]-9618&alias=b7s09p7464.cern.ch&noUDP&sock=slot1_30_256186_f66b_96962>
...
040 (15159766.117.000) 10/09 14:24:55 Finished transferring input files
...
001 (15159766.117.000) 10/09 14:24:56 Job executing on host: <188.184.160.28:9618?addrs=188.184.160.28-9618+[2001-1458-301-48--100-16]-9618&alias=b7s09p7464.cern.ch&noUDP&sock=startd_3122_02c3>
...
006 (15159766.117.000) 10/09 14:25:05 Image size of job updated: 910168
	120  -  MemoryUsage of job (MB)
	122564  -  ResidentSetSize of job (KB)
...
006 (15159766.117.000) 10/09 14:29:47 Image size of job updated: 923224
	120  -  MemoryUsage of job (MB)
	122564  -  ResidentSetSize of job (KB)
...
040 (15159766.117.000) 10/09 14:29:47 Started transferring output files
...
040 (15159766.117.000) 10/09 14:29:47 Finished transferring output files
...
005 (15159766.117.000) 10/09 14:29:47 Job terminated.
	(1) Normal termination (return value 0)
		Usr 0 00:00:14, Sys 0 00:00:01  -  Run Remote Usage
		Usr 0 00:00:00, Sys 0 00:00:00  -  Run Local Usage
		Usr 0 00:00:14, Sys 0 00:00:01  -  Total Remote Usage
		Usr 0 00:00:00, Sys 0 00:00:00  -  Total Local Usage
	10604  -  Run Bytes Sent By Job
	374  -  Run Bytes Received By Job
	10604  -  Total Bytes Sent By Job
	374  -  Total Bytes Received By Job
	Partitionable Resources :    Usage  Request Allocated 
	   Cpus                 :     0.13        1         1 
	   Disk (KB)            :    32           1   2977512 
	   Memory (MB)          :   120        2000      2000 

	Job terminated of its own accord at 2023-10-09T12:29:47Z.
...
