000 (15271413.207.000) 12/18 14:02:23 Job submitted from host: <188.184.90.241:9618?addrs=188.184.90.241-9618+[2001-1458-201-e4--100-2eb]-9618&alias=bigbird15.cern.ch&noUDP&sock=schedd_2763_c443>
...
040 (15271413.207.000) 12/18 14:06:59 Started transferring input files
	Transferring to host: <128.142.194.153:9618?addrs=128.142.194.153-9618+[2001-1458-301-13--100-19]-9618&alias=b9g30p6567.cern.ch&noUDP&sock=slot1_15_3416_a184_9595>
...
040 (15271413.207.000) 12/18 14:06:59 Finished transferring input files
...
001 (15271413.207.000) 12/18 14:07:00 Job executing on host: <128.142.194.153:9618?addrs=128.142.194.153-9618+[2001-1458-301-13--100-19]-9618&alias=b9g30p6567.cern.ch&noUDP&sock=startd_3142_baa8>
...
006 (15271413.207.000) 12/18 14:07:09 Image size of job updated: 111868
	80  -  MemoryUsage of job (MB)
	81124  -  ResidentSetSize of job (KB)
...
006 (15271413.207.000) 12/18 14:12:10 Image size of job updated: 2504972
	2445  -  MemoryUsage of job (MB)
	2503000  -  ResidentSetSize of job (KB)
...
006 (15271413.207.000) 12/18 14:12:17 Image size of job updated: 2505236
	2445  -  MemoryUsage of job (MB)
	2503000  -  ResidentSetSize of job (KB)
...
040 (15271413.207.000) 12/18 14:12:17 Started transferring output files
...
040 (15271413.207.000) 12/18 14:12:17 Finished transferring output files
...
005 (15271413.207.000) 12/18 14:12:17 Job terminated.
	(1) Normal termination (return value 0)
		Usr 0 00:02:43, Sys 0 00:00:03  -  Run Remote Usage
		Usr 0 00:00:00, Sys 0 00:00:00  -  Run Local Usage
		Usr 0 00:02:43, Sys 0 00:00:03  -  Total Remote Usage
		Usr 0 00:00:00, Sys 0 00:00:00  -  Total Local Usage
	107296  -  Run Bytes Sent By Job
	269  -  Run Bytes Received By Job
	107296  -  Total Bytes Sent By Job
	269  -  Total Bytes Received By Job
	Partitionable Resources :    Usage  Request Allocated 
	   Cpus                 :                 1         1 
	   Disk (KB)            :      141        1   2885507 
	   Memory (MB)          :     2445     2000      2000 

	Job terminated of its own accord at 2023-12-18T13:12:17Z.
...
