000 (14807272.006.000) 05/14 22:53:25 Job submitted from host: <188.184.90.241:9618?addrs=188.184.90.241-9618+[2001-1458-201-e4--100-2eb]-9618&alias=bigbird15.cern.ch&noUDP&sock=schedd_3273_9590>
...
040 (14807272.006.000) 05/14 23:06:13 Started transferring input files
	Transferring to host: <128.142.58.65:9618?addrs=128.142.58.65-9618+[2001-1458-301-16--100-40]-9618&alias=b7s03p9741.cern.ch&noUDP&sock=slot1_16_4227_0dc5_36818>
...
040 (14807272.006.000) 05/14 23:06:13 Finished transferring input files
...
001 (14807272.006.000) 05/14 23:06:14 Job executing on host: <128.142.58.65:9618?addrs=128.142.58.65-9618+[2001-1458-301-16--100-40]-9618&alias=b7s03p9741.cern.ch&noUDP&sock=startd_2911_4848>
...
006 (14807272.006.000) 05/14 23:06:23 Image size of job updated: 48740
	48  -  MemoryUsage of job (MB)
	48220  -  ResidentSetSize of job (KB)
...
006 (14807272.006.000) 05/14 23:11:24 Image size of job updated: 2658400
	2150  -  MemoryUsage of job (MB)
	2200940  -  ResidentSetSize of job (KB)
...
006 (14807272.006.000) 05/14 23:16:24 Image size of job updated: 4525144
	3947  -  MemoryUsage of job (MB)
	4041724  -  ResidentSetSize of job (KB)
...
006 (14807272.006.000) 05/14 23:21:25 Image size of job updated: 6253796
	5633  -  MemoryUsage of job (MB)
	5767340  -  ResidentSetSize of job (KB)
...
006 (14807272.006.000) 05/14 23:26:26 Image size of job updated: 7899256
	7218  -  MemoryUsage of job (MB)
	7390836  -  ResidentSetSize of job (KB)
...
006 (14807272.006.000) 05/14 23:31:26 Image size of job updated: 8447016
	7748  -  MemoryUsage of job (MB)
	7933540  -  ResidentSetSize of job (KB)
...
006 (14807272.006.000) 05/14 23:51:27 Image size of job updated: 8573128
	7748  -  MemoryUsage of job (MB)
	7933556  -  ResidentSetSize of job (KB)
...
040 (14807272.006.000) 05/15 00:01:39 Started transferring output files
...
040 (14807272.006.000) 05/15 00:01:39 Finished transferring output files
...
005 (14807272.006.000) 05/15 00:01:39 Job terminated.
	(1) Normal termination (return value 0)
		Usr 0 00:33:44, Sys 0 00:11:21  -  Run Remote Usage
		Usr 0 00:00:00, Sys 0 00:00:00  -  Run Local Usage
		Usr 0 00:33:44, Sys 0 00:11:21  -  Total Remote Usage
		Usr 0 00:00:00, Sys 0 00:00:00  -  Total Local Usage
	396292  -  Run Bytes Sent By Job
	323  -  Run Bytes Received By Job
	396292  -  Total Bytes Sent By Job
	323  -  Total Bytes Received By Job
	Partitionable Resources :    Usage  Request Allocated 
	   Cpus                 :     0.16        1         1 
	   Disk (KB)            :   408           1   1323759 
	   Memory (MB)          :  7748        2000      2000 

	Job terminated of its own accord at 2023-05-14T22:01:39Z.
...
