000 (15155256.019.000) 10/07 14:35:52 Job submitted from host: <188.184.90.241:9618?addrs=188.184.90.241-9618+[2001-1458-201-e4--100-2eb]-9618&alias=bigbird15.cern.ch&noUDP&sock=schedd_2763_c443>
...
040 (15155256.019.000) 10/07 14:37:51 Started transferring input files
	Transferring to host: <128.142.56.75:9618?addrs=128.142.56.75-9618+[2001-1458-301-6--100-4a]-9618&alias=b7s01p4222.cern.ch&noUDP&sock=slot1_36_3964_bf1a_42482>
...
040 (15155256.019.000) 10/07 14:37:51 Finished transferring input files
...
001 (15155256.019.000) 10/07 14:37:52 Job executing on host: <128.142.56.75:9618?addrs=128.142.56.75-9618+[2001-1458-301-6--100-4a]-9618&alias=b7s01p4222.cern.ch&noUDP&sock=startd_2709_ba26>
...
006 (15155256.019.000) 10/07 14:38:01 Image size of job updated: 607128
	52  -  MemoryUsage of job (MB)
	52352  -  ResidentSetSize of job (KB)
...
006 (15155256.019.000) 10/07 14:43:02 Image size of job updated: 1132448
	579  -  MemoryUsage of job (MB)
	592016  -  ResidentSetSize of job (KB)
...
006 (15155256.019.000) 10/07 14:48:02 Image size of job updated: 1270828
	579  -  MemoryUsage of job (MB)
	592016  -  ResidentSetSize of job (KB)
...
006 (15155256.019.000) 10/07 14:58:03 Image size of job updated: 3738728
	579  -  MemoryUsage of job (MB)
	592016  -  ResidentSetSize of job (KB)
...
006 (15155256.019.000) 10/07 15:03:03 Image size of job updated: 3979080
	579  -  MemoryUsage of job (MB)
	592016  -  ResidentSetSize of job (KB)
...
006 (15155256.019.000) 10/07 15:08:03 Image size of job updated: 4018820
	595  -  MemoryUsage of job (MB)
	608856  -  ResidentSetSize of job (KB)
...
006 (15155256.019.000) 10/07 15:08:32 Image size of job updated: 4022488
	595  -  MemoryUsage of job (MB)
	608856  -  ResidentSetSize of job (KB)
...
040 (15155256.019.000) 10/07 15:08:32 Started transferring output files
...
040 (15155256.019.000) 10/07 15:08:32 Finished transferring output files
...
005 (15155256.019.000) 10/07 15:08:32 Job terminated.
	(1) Normal termination (return value 0)
		Usr 0 00:11:28, Sys 0 00:00:20  -  Run Remote Usage
		Usr 0 00:00:00, Sys 0 00:00:00  -  Run Local Usage
		Usr 0 00:11:28, Sys 0 00:00:20  -  Total Remote Usage
		Usr 0 00:00:00, Sys 0 00:00:00  -  Total Local Usage
	90249  -  Run Bytes Sent By Job
	323  -  Run Bytes Received By Job
	90249  -  Total Bytes Sent By Job
	323  -  Total Bytes Received By Job
	Partitionable Resources :    Usage  Request Allocated 
	   Cpus                 :     0.06        1         1 
	   Disk (KB)            :   110           1   1118802 
	   Memory (MB)          :   595        2000      2000 

	Job terminated of its own accord at 2023-10-07T13:08:32Z.
...
