000 (14832095.200.000) 06/12 15:17:58 Job submitted from host: <188.184.90.241:9618?addrs=188.184.90.241-9618+[2001-1458-201-e4--100-2eb]-9618&alias=bigbird15.cern.ch&noUDP&sock=schedd_1460210_2ef4>
...
040 (14832095.200.000) 06/12 15:20:46 Started transferring input files
	Transferring to host: <128.142.132.34:9618?addrs=128.142.132.34-9618+[2001-1458-301-5a--100-16]-9618&alias=b7g12p8693.cern.ch&noUDP&sock=slot1_35_4416_38ad_69665>
...
040 (14832095.200.000) 06/12 15:20:46 Finished transferring input files
...
001 (14832095.200.000) 06/12 15:20:47 Job executing on host: <128.142.132.34:9618?addrs=128.142.132.34-9618+[2001-1458-301-5a--100-16]-9618&alias=b7g12p8693.cern.ch&noUDP&sock=startd_3272_e5f8>
...
006 (14832095.200.000) 06/12 15:20:55 Image size of job updated: 538076
	47  -  MemoryUsage of job (MB)
	47684  -  ResidentSetSize of job (KB)
...
006 (14832095.200.000) 06/12 15:25:55 Image size of job updated: 1445600
	887  -  MemoryUsage of job (MB)
	907704  -  ResidentSetSize of job (KB)
...
006 (14832095.200.000) 06/12 15:30:56 Image size of job updated: 2020656
	1438  -  MemoryUsage of job (MB)
	1472084  -  ResidentSetSize of job (KB)
...
006 (14832095.200.000) 06/12 15:50:58 Image size of job updated: 4094748
	1438  -  MemoryUsage of job (MB)
	1472084  -  ResidentSetSize of job (KB)
...
006 (14832095.200.000) 06/12 15:55:58 Image size of job updated: 4146380
	1438  -  MemoryUsage of job (MB)
	1472084  -  ResidentSetSize of job (KB)
...
006 (14832095.200.000) 06/12 16:00:59 Image size of job updated: 4385344
	1438  -  MemoryUsage of job (MB)
	1472084  -  ResidentSetSize of job (KB)
...
006 (14832095.200.000) 06/12 16:06:00 Image size of job updated: 4420552
	1438  -  MemoryUsage of job (MB)
	1472084  -  ResidentSetSize of job (KB)
...
006 (14832095.200.000) 06/12 16:11:00 Image size of job updated: 4464208
	1438  -  MemoryUsage of job (MB)
	1472084  -  ResidentSetSize of job (KB)
...
006 (14832095.200.000) 06/12 16:13:06 Image size of job updated: 4474076
	1438  -  MemoryUsage of job (MB)
	1472084  -  ResidentSetSize of job (KB)
...
040 (14832095.200.000) 06/12 16:13:06 Started transferring output files
...
040 (14832095.200.000) 06/12 16:13:07 Finished transferring output files
...
005 (14832095.200.000) 06/12 16:13:07 Job terminated.
	(1) Normal termination (return value 0)
		Usr 0 00:15:35, Sys 0 00:00:58  -  Run Remote Usage
		Usr 0 00:00:00, Sys 0 00:00:00  -  Run Local Usage
		Usr 0 00:15:35, Sys 0 00:00:58  -  Total Remote Usage
		Usr 0 00:00:00, Sys 0 00:00:00  -  Total Local Usage
	127701  -  Run Bytes Sent By Job
	323  -  Run Bytes Received By Job
	127701  -  Total Bytes Sent By Job
	323  -  Total Bytes Received By Job
	Partitionable Resources :    Usage  Request Allocated 
	   Cpus                 :     0.17        1         1 
	   Disk (KB)            :   146           1   1610397 
	   Memory (MB)          :  1438        2000      2000 

	Job terminated of its own accord at 2023-06-12T14:13:06Z.
...
