000 (15151321.029.000) 10/02 14:58:31 Job submitted from host: <188.184.90.241:9618?addrs=188.184.90.241-9618+[2001-1458-201-e4--100-2eb]-9618&alias=bigbird15.cern.ch&noUDP&sock=schedd_2763_c443>
...
040 (15151321.029.000) 10/02 15:15:11 Started transferring input files
	Transferring to host: <128.142.61.113:9618?addrs=128.142.61.113-9618+[2001-1458-301-23--100-70]-9618&alias=b7s06p7072.cern.ch&noUDP&sock=slot1_17_13153_3a70_28487>
...
040 (15151321.029.000) 10/02 15:15:11 Finished transferring input files
...
001 (15151321.029.000) 10/02 15:15:12 Job executing on host: <128.142.61.113:9618?addrs=128.142.61.113-9618+[2001-1458-301-23--100-70]-9618&alias=b7s06p7072.cern.ch&noUDP&sock=startd_13075_f0e1>
...
006 (15151321.029.000) 10/02 15:15:20 Image size of job updated: 124568
	122  -  MemoryUsage of job (MB)
	124568  -  ResidentSetSize of job (KB)
...
006 (15151321.029.000) 10/02 15:16:33 Image size of job updated: 925528
	122  -  MemoryUsage of job (MB)
	124568  -  ResidentSetSize of job (KB)
...
040 (15151321.029.000) 10/02 15:16:34 Started transferring output files
...
040 (15151321.029.000) 10/02 15:16:34 Finished transferring output files
...
005 (15151321.029.000) 10/02 15:16:34 Job terminated.
	(1) Normal termination (return value 0)
		Usr 0 00:00:09, Sys 0 00:00:00  -  Run Remote Usage
		Usr 0 00:00:00, Sys 0 00:00:00  -  Run Local Usage
		Usr 0 00:00:09, Sys 0 00:00:00  -  Total Remote Usage
		Usr 0 00:00:00, Sys 0 00:00:00  -  Total Local Usage
	8005  -  Run Bytes Sent By Job
	374  -  Run Bytes Received By Job
	8005  -  Total Bytes Sent By Job
	374  -  Total Bytes Received By Job
	Partitionable Resources :    Usage  Request Allocated 
	   Cpus                 :                 1         1 
	   Disk (KB)            :       22        1   1295924 
	   Memory (MB)          :      122     2000      2000 

	Job terminated of its own accord at 2023-10-02T13:16:33Z.
...
