000 (15155243.010.000) 10/07 13:26:28 Job submitted from host: <188.184.90.241:9618?addrs=188.184.90.241-9618+[2001-1458-201-e4--100-2eb]-9618&alias=bigbird15.cern.ch&noUDP&sock=schedd_2763_c443>
...
040 (15155243.010.000) 10/07 13:31:48 Started transferring input files
	Transferring to host: <188.184.163.43:9618?addrs=188.184.163.43-9618&alias=b7s12p6469.cern.ch&noUDP&sock=slot1_10_292082_f11e_24232>
...
040 (15155243.010.000) 10/07 13:31:48 Finished transferring input files
...
001 (15155243.010.000) 10/07 13:31:49 Job executing on host: <188.184.163.43:9618?addrs=188.184.163.43-9618&alias=b7s12p6469.cern.ch&noUDP&sock=startd_2971_6ff6>
...
006 (15155243.010.000) 10/07 13:31:58 Image size of job updated: 581120
	53  -  MemoryUsage of job (MB)
	53900  -  ResidentSetSize of job (KB)
...
006 (15155243.010.000) 10/07 13:36:59 Image size of job updated: 1000468
	481  -  MemoryUsage of job (MB)
	491776  -  ResidentSetSize of job (KB)
...
006 (15155243.010.000) 10/07 13:42:00 Image size of job updated: 1350996
	803  -  MemoryUsage of job (MB)
	821968  -  ResidentSetSize of job (KB)
...
006 (15155243.010.000) 10/07 13:47:00 Image size of job updated: 1351124
	803  -  MemoryUsage of job (MB)
	821968  -  ResidentSetSize of job (KB)
...
006 (15155243.010.000) 10/07 13:52:01 Image size of job updated: 4112576
	803  -  MemoryUsage of job (MB)
	821968  -  ResidentSetSize of job (KB)
...
006 (15155243.010.000) 10/07 13:57:02 Image size of job updated: 4158884
	803  -  MemoryUsage of job (MB)
	821968  -  ResidentSetSize of job (KB)
...
006 (15155243.010.000) 10/07 14:02:02 Image size of job updated: 4407896
	803  -  MemoryUsage of job (MB)
	821968  -  ResidentSetSize of job (KB)
...
006 (15155243.010.000) 10/07 14:07:02 Image size of job updated: 4480144
	803  -  MemoryUsage of job (MB)
	821968  -  ResidentSetSize of job (KB)
...
006 (15155243.010.000) 10/07 14:07:43 Image size of job updated: 4490736
	803  -  MemoryUsage of job (MB)
	821968  -  ResidentSetSize of job (KB)
...
040 (15155243.010.000) 10/07 14:07:43 Started transferring output files
...
040 (15155243.010.000) 10/07 14:07:43 Finished transferring output files
...
005 (15155243.010.000) 10/07 14:07:43 Job terminated.
	(1) Normal termination (return value 0)
		Usr 0 00:15:40, Sys 0 00:00:36  -  Run Remote Usage
		Usr 0 00:00:00, Sys 0 00:00:00  -  Run Local Usage
		Usr 0 00:15:40, Sys 0 00:00:36  -  Total Remote Usage
		Usr 0 00:00:00, Sys 0 00:00:00  -  Total Local Usage
	96490  -  Run Bytes Sent By Job
	323  -  Run Bytes Received By Job
	96490  -  Total Bytes Sent By Job
	323  -  Total Bytes Received By Job
	Partitionable Resources :    Usage  Request Allocated 
	   Cpus                 :     0.14        1         1 
	   Disk (KB)            :   115           1   2893028 
	   Memory (MB)          :   803        2000      2000 

	Job terminated of its own accord at 2023-10-07T12:07:43Z.
...
