000 (14807135.022.000) 05/13 19:23:40 Job submitted from host: <188.184.90.241:9618?addrs=188.184.90.241-9618+[2001-1458-201-e4--100-2eb]-9618&alias=bigbird15.cern.ch&noUDP&sock=schedd_3273_9590>
...
040 (14807135.022.000) 05/13 19:35:13 Started transferring input files
	Transferring to host: <188.184.162.155:9618?addrs=188.184.162.155-9618+[2001-1458-301-4a--100-95]-9618&alias=b7s11p1600.cern.ch&noUDP&sock=slot1_32_4833_091e_57161>
...
040 (14807135.022.000) 05/13 19:35:13 Finished transferring input files
...
001 (14807135.022.000) 05/13 19:35:14 Job executing on host: <188.184.162.155:9618?addrs=188.184.162.155-9618+[2001-1458-301-4a--100-95]-9618&alias=b7s11p1600.cern.ch&noUDP&sock=startd_3376_3bd1>
...
006 (14807135.022.000) 05/13 19:35:23 Image size of job updated: 48916
	47  -  MemoryUsage of job (MB)
	47684  -  ResidentSetSize of job (KB)
...
006 (14807135.022.000) 05/13 19:40:24 Image size of job updated: 1913172
	1318  -  MemoryUsage of job (MB)
	1348932  -  ResidentSetSize of job (KB)
...
006 (14807135.022.000) 05/13 19:50:25 Image size of job updated: 4409120
	1318  -  MemoryUsage of job (MB)
	1348932  -  ResidentSetSize of job (KB)
...
006 (14807135.022.000) 05/13 19:52:45 Image size of job updated: 4489512
	1318  -  MemoryUsage of job (MB)
	1348932  -  ResidentSetSize of job (KB)
...
040 (14807135.022.000) 05/13 19:52:45 Started transferring output files
...
040 (14807135.022.000) 05/13 19:52:45 Finished transferring output files
...
005 (14807135.022.000) 05/13 19:52:45 Job terminated.
	(1) Normal termination (return value 0)
		Usr 0 00:11:55, Sys 0 00:00:40  -  Run Remote Usage
		Usr 0 00:00:00, Sys 0 00:00:00  -  Run Local Usage
		Usr 0 00:11:55, Sys 0 00:00:40  -  Total Remote Usage
		Usr 0 00:00:00, Sys 0 00:00:00  -  Total Local Usage
	108468  -  Run Bytes Sent By Job
	323  -  Run Bytes Received By Job
	108468  -  Total Bytes Sent By Job
	323  -  Total Bytes Received By Job
	Partitionable Resources :    Usage  Request Allocated 
	   Cpus                 :     0.91        1         1 
	   Disk (KB)            :   127           1   2982518 
	   Memory (MB)          :  1318        2000      2000 

	Job terminated of its own accord at 2023-05-13T17:52:45Z.
...
