000 (15159743.094.000) 10/09 07:56:33 Job submitted from host: <188.184.90.241:9618?addrs=188.184.90.241-9618+[2001-1458-201-e4--100-2eb]-9618&alias=bigbird15.cern.ch&noUDP&sock=schedd_2763_c443>
...
040 (15159743.094.000) 10/09 08:10:06 Started transferring input files
	Transferring to host: <128.142.132.72:9618?addrs=128.142.132.72-9618+[2001-1458-301-5a--100-3c]-9618&alias=b7g12p7806.cern.ch&noUDP&sock=slot1_22_12432_37f3_142865>
...
040 (15159743.094.000) 10/09 08:10:06 Finished transferring input files
...
001 (15159743.094.000) 10/09 08:10:07 Job executing on host: <128.142.132.72:9618?addrs=128.142.132.72-9618+[2001-1458-301-5a--100-3c]-9618&alias=b7g12p7806.cern.ch&noUDP&sock=startd_32094_649c>
...
006 (15159743.094.000) 10/09 08:10:16 Image size of job updated: 52024
	51  -  MemoryUsage of job (MB)
	51260  -  ResidentSetSize of job (KB)
...
006 (15159743.094.000) 10/09 08:15:17 Image size of job updated: 883836
	290  -  MemoryUsage of job (MB)
	296796  -  ResidentSetSize of job (KB)
...
006 (15159743.094.000) 10/09 08:20:17 Image size of job updated: 1051996
	530  -  MemoryUsage of job (MB)
	541944  -  ResidentSetSize of job (KB)
...
006 (15159743.094.000) 10/09 08:24:23 Image size of job updated: 3021912
	530  -  MemoryUsage of job (MB)
	541944  -  ResidentSetSize of job (KB)
...
040 (15159743.094.000) 10/09 08:24:23 Started transferring output files
...
040 (15159743.094.000) 10/09 08:24:23 Finished transferring output files
...
005 (15159743.094.000) 10/09 08:24:23 Job terminated.
	(1) Normal termination (return value 0)
		Usr 0 00:12:27, Sys 0 00:00:15  -  Run Remote Usage
		Usr 0 00:00:00, Sys 0 00:00:00  -  Run Local Usage
		Usr 0 00:12:27, Sys 0 00:00:15  -  Total Remote Usage
		Usr 0 00:00:00, Sys 0 00:00:00  -  Total Local Usage
	154233  -  Run Bytes Sent By Job
	269  -  Run Bytes Received By Job
	154233  -  Total Bytes Sent By Job
	269  -  Total Bytes Received By Job
	Partitionable Resources :    Usage  Request Allocated 
	   Cpus                 :     0.99        1         1 
	   Disk (KB)            :   172           1   1687499 
	   Memory (MB)          :   530        2000      2000 

	Job terminated of its own accord at 2023-10-09T06:24:23Z.
...
