000 (14858748.004.000) 06/22 16:47:12 Job submitted from host: <188.184.90.241:9618?addrs=188.184.90.241-9618+[2001-1458-201-e4--100-2eb]-9618&alias=bigbird15.cern.ch&noUDP&sock=schedd_1460210_2ef4>
...
040 (14858748.004.000) 06/22 17:01:41 Started transferring input files
	Transferring to host: <188.184.162.67:9618?addrs=188.184.162.67-9618+[2001-1458-301-4a--100-3d]-9618&alias=b7s11p3422.cern.ch&noUDP&sock=slot1_19_159728_9358_79351>
...
040 (14858748.004.000) 06/22 17:01:41 Finished transferring input files
...
001 (14858748.004.000) 06/22 17:01:42 Job executing on host: <188.184.162.67:9618?addrs=188.184.162.67-9618+[2001-1458-301-4a--100-3d]-9618&alias=b7s11p3422.cern.ch&noUDP&sock=startd_3260_aad5>
...
006 (14858748.004.000) 06/22 17:01:51 Image size of job updated: 554136
	47  -  MemoryUsage of job (MB)
	47668  -  ResidentSetSize of job (KB)
...
006 (14858748.004.000) 06/22 17:06:51 Image size of job updated: 916296
	395  -  MemoryUsage of job (MB)
	404032  -  ResidentSetSize of job (KB)
...
006 (14858748.004.000) 06/22 17:11:51 Image size of job updated: 1116296
	615  -  MemoryUsage of job (MB)
	629336  -  ResidentSetSize of job (KB)
...
006 (14858748.004.000) 06/22 17:16:52 Image size of job updated: 1316296
	810  -  MemoryUsage of job (MB)
	829336  -  ResidentSetSize of job (KB)
...
006 (14858748.004.000) 06/22 17:21:52 Image size of job updated: 1516296
	981  -  MemoryUsage of job (MB)
	1004336  -  ResidentSetSize of job (KB)
...
006 (14858748.004.000) 06/22 17:26:52 Image size of job updated: 4127784
	3482  -  MemoryUsage of job (MB)
	3564744  -  ResidentSetSize of job (KB)
...
006 (14858748.004.000) 06/22 17:29:32 Image size of job updated: 4229008
	3482  -  MemoryUsage of job (MB)
	3564744  -  ResidentSetSize of job (KB)
...
040 (14858748.004.000) 06/22 17:29:32 Started transferring output files
...
040 (14858748.004.000) 06/22 17:29:32 Finished transferring output files
...
005 (14858748.004.000) 06/22 17:29:32 Job terminated.
	(1) Normal termination (return value 0)
		Usr 0 00:25:26, Sys 0 00:00:15  -  Run Remote Usage
		Usr 0 00:00:00, Sys 0 00:00:00  -  Run Local Usage
		Usr 0 00:25:26, Sys 0 00:00:15  -  Total Remote Usage
		Usr 0 00:00:00, Sys 0 00:00:00  -  Total Local Usage
	276184  -  Run Bytes Sent By Job
	269  -  Run Bytes Received By Job
	276184  -  Total Bytes Sent By Job
	269  -  Total Bytes Received By Job
	Partitionable Resources :    Usage  Request Allocated 
	   Cpus                 :     0.95        1         1 
	   Disk (KB)            :   291           1   2761733 
	   Memory (MB)          :  3482        2000      2000 

	Job terminated of its own accord at 2023-06-22T15:29:32Z.
...
