000 (15153696.070.000) 10/03 22:27:19 Job submitted from host: <188.184.90.241:9618?addrs=188.184.90.241-9618+[2001-1458-201-e4--100-2eb]-9618&alias=bigbird15.cern.ch&noUDP&sock=schedd_2763_c443>
...
040 (15153696.070.000) 10/03 22:30:42 Started transferring input files
	Transferring to host: <128.142.58.40:9618?addrs=128.142.58.40-9618+[2001-1458-301-16--100-27]-9618&alias=b7s03p8703.cern.ch&noUDP&sock=slot1_35_4557_9192_203991>
...
040 (15153696.070.000) 10/03 22:30:42 Finished transferring input files
...
001 (15153696.070.000) 10/03 22:30:43 Job executing on host: <128.142.58.40:9618?addrs=128.142.58.40-9618+[2001-1458-301-16--100-27]-9618&alias=b7s03p8703.cern.ch&noUDP&sock=startd_3177_bc79>
...
006 (15153696.070.000) 10/03 22:30:51 Image size of job updated: 910076
	120  -  MemoryUsage of job (MB)
	122316  -  ResidentSetSize of job (KB)
...
006 (15153696.070.000) 10/03 22:34:28 Image size of job updated: 923328
	120  -  MemoryUsage of job (MB)
	122316  -  ResidentSetSize of job (KB)
...
040 (15153696.070.000) 10/03 22:34:28 Started transferring output files
...
040 (15153696.070.000) 10/03 22:34:28 Finished transferring output files
...
005 (15153696.070.000) 10/03 22:34:28 Job terminated.
	(1) Normal termination (return value 0)
		Usr 0 00:00:08, Sys 0 00:00:00  -  Run Remote Usage
		Usr 0 00:00:00, Sys 0 00:00:00  -  Run Local Usage
		Usr 0 00:00:08, Sys 0 00:00:00  -  Total Remote Usage
		Usr 0 00:00:00, Sys 0 00:00:00  -  Total Local Usage
	8308  -  Run Bytes Sent By Job
	374  -  Run Bytes Received By Job
	8308  -  Total Bytes Sent By Job
	374  -  Total Bytes Received By Job
	Partitionable Resources :    Usage  Request Allocated 
	   Cpus                 :     0.15        1         1 
	   Disk (KB)            :    29           1   1344439 
	   Memory (MB)          :   120        2000      2000 

	Job terminated of its own accord at 2023-10-03T20:34:28Z.
...
