000 (15148580.006.000) 09/26 21:47:31 Job submitted from host: <188.184.90.241:9618?addrs=188.184.90.241-9618+[2001-1458-201-e4--100-2eb]-9618&alias=bigbird15.cern.ch&noUDP&sock=schedd_2763_c443>
...
040 (15148580.006.000) 09/26 22:02:56 Started transferring input files
	Transferring to host: <128.142.56.89:9618?addrs=128.142.56.89-9618+[2001-1458-301-6--100-58]-9618&alias=b7s01p8007.cern.ch&noUDP&sock=slot1_19_48832_4fbb_107769>
...
040 (15148580.006.000) 09/26 22:02:56 Finished transferring input files
...
001 (15148580.006.000) 09/26 22:02:57 Job executing on host: <128.142.56.89:9618?addrs=128.142.56.89-9618+[2001-1458-301-6--100-58]-9618&alias=b7s01p8007.cern.ch&noUDP&sock=startd_48794_3437>
...
006 (15148580.006.000) 09/26 22:03:06 Image size of job updated: 565140
	52  -  MemoryUsage of job (MB)
	53196  -  ResidentSetSize of job (KB)
...
006 (15148580.006.000) 09/26 22:08:07 Image size of job updated: 1099756
	623  -  MemoryUsage of job (MB)
	637572  -  ResidentSetSize of job (KB)
...
006 (15148580.006.000) 09/26 22:13:08 Image size of job updated: 1515068
	623  -  MemoryUsage of job (MB)
	637572  -  ResidentSetSize of job (KB)
...
006 (15148580.006.000) 09/26 22:23:09 Image size of job updated: 4140476
	623  -  MemoryUsage of job (MB)
	637572  -  ResidentSetSize of job (KB)
...
006 (15148580.006.000) 09/26 22:28:10 Image size of job updated: 4427472
	623  -  MemoryUsage of job (MB)
	637572  -  ResidentSetSize of job (KB)
...
006 (15148580.006.000) 09/26 22:33:10 Image size of job updated: 4489616
	655  -  MemoryUsage of job (MB)
	670136  -  ResidentSetSize of job (KB)
...
006 (15148580.006.000) 09/26 22:36:42 Image size of job updated: 4518088
	655  -  MemoryUsage of job (MB)
	670136  -  ResidentSetSize of job (KB)
...
040 (15148580.006.000) 09/26 22:36:42 Started transferring output files
...
040 (15148580.006.000) 09/26 22:36:42 Finished transferring output files
...
005 (15148580.006.000) 09/26 22:36:42 Job terminated.
	(1) Normal termination (return value 0)
		Usr 0 00:10:19, Sys 0 00:00:25  -  Run Remote Usage
		Usr 0 00:00:00, Sys 0 00:00:00  -  Run Local Usage
		Usr 0 00:10:19, Sys 0 00:00:25  -  Total Remote Usage
		Usr 0 00:00:00, Sys 0 00:00:00  -  Total Local Usage
	94726  -  Run Bytes Sent By Job
	323  -  Run Bytes Received By Job
	94726  -  Total Bytes Sent By Job
	323  -  Total Bytes Received By Job
	Partitionable Resources :    Usage  Request Allocated 
	   Cpus                 :     0.11        1         1 
	   Disk (KB)            :   114           1   1244998 
	   Memory (MB)          :   655        2000      2000 

	Job terminated of its own accord at 2023-09-26T20:36:42Z.
...
