000 (15153696.114.000) 10/03 22:27:19 Job submitted from host: <188.184.90.241:9618?addrs=188.184.90.241-9618+[2001-1458-201-e4--100-2eb]-9618&alias=bigbird15.cern.ch&noUDP&sock=schedd_2763_c443>
...
040 (15153696.114.000) 10/03 22:30:57 Started transferring input files
	Transferring to host: <128.142.58.40:9618?addrs=128.142.58.40-9618+[2001-1458-301-16--100-27]-9618&alias=b7s03p8703.cern.ch&noUDP&sock=slot1_37_4557_9192_203995>
...
040 (15153696.114.000) 10/03 22:30:57 Finished transferring input files
...
001 (15153696.114.000) 10/03 22:30:58 Job executing on host: <128.142.58.40:9618?addrs=128.142.58.40-9618+[2001-1458-301-16--100-27]-9618&alias=b7s03p8703.cern.ch&noUDP&sock=startd_3177_bc79>
...
006 (15153696.114.000) 10/03 22:31:06 Image size of job updated: 744700
	121  -  MemoryUsage of job (MB)
	123256  -  ResidentSetSize of job (KB)
...
006 (15153696.114.000) 10/03 22:33:41 Image size of job updated: 923004
	121  -  MemoryUsage of job (MB)
	123256  -  ResidentSetSize of job (KB)
...
040 (15153696.114.000) 10/03 22:33:41 Started transferring output files
...
040 (15153696.114.000) 10/03 22:33:41 Finished transferring output files
...
005 (15153696.114.000) 10/03 22:33:41 Job terminated.
	(1) Normal termination (return value 0)
		Usr 0 00:00:09, Sys 0 00:00:00  -  Run Remote Usage
		Usr 0 00:00:00, Sys 0 00:00:00  -  Run Local Usage
		Usr 0 00:00:09, Sys 0 00:00:00  -  Total Remote Usage
		Usr 0 00:00:00, Sys 0 00:00:00  -  Total Local Usage
	7936  -  Run Bytes Sent By Job
	374  -  Run Bytes Received By Job
	7936  -  Total Bytes Sent By Job
	374  -  Total Bytes Received By Job
	Partitionable Resources :    Usage  Request Allocated 
	   Cpus                 :     0.67        1         1 
	   Disk (KB)            :    29           1   1344364 
	   Memory (MB)          :   121        2000      2000 

	Job terminated of its own accord at 2023-10-03T20:33:41Z.
...
