000 (14832095.167.000) 06/12 15:17:58 Job submitted from host: <188.184.90.241:9618?addrs=188.184.90.241-9618+[2001-1458-201-e4--100-2eb]-9618&alias=bigbird15.cern.ch&noUDP&sock=schedd_1460210_2ef4>
...
040 (14832095.167.000) 06/12 15:20:31 Started transferring input files
	Transferring to host: <128.142.192.149:9618?addrs=128.142.192.149-9618+[2001-1458-301-56--100-11]-9618&alias=b7g18p8268.cern.ch&noUDP&sock=slot1_4_8283_df6a_60624>
...
040 (14832095.167.000) 06/12 15:20:31 Finished transferring input files
...
001 (14832095.167.000) 06/12 15:20:32 Job executing on host: <128.142.192.149:9618?addrs=128.142.192.149-9618+[2001-1458-301-56--100-11]-9618&alias=b7g18p8268.cern.ch&noUDP&sock=startd_6979_978c>
...
006 (14832095.167.000) 06/12 15:20:41 Image size of job updated: 554140
	47  -  MemoryUsage of job (MB)
	47704  -  ResidentSetSize of job (KB)
...
006 (14832095.167.000) 06/12 15:25:42 Image size of job updated: 1437788
	903  -  MemoryUsage of job (MB)
	924384  -  ResidentSetSize of job (KB)
...
006 (14832095.167.000) 06/12 15:30:43 Image size of job updated: 1983244
	1412  -  MemoryUsage of job (MB)
	1445040  -  ResidentSetSize of job (KB)
...
006 (14832095.167.000) 06/12 15:45:44 Image size of job updated: 4028956
	1412  -  MemoryUsage of job (MB)
	1445040  -  ResidentSetSize of job (KB)
...
006 (14832095.167.000) 06/12 15:55:44 Image size of job updated: 4077424
	1412  -  MemoryUsage of job (MB)
	1445040  -  ResidentSetSize of job (KB)
...
006 (14832095.167.000) 06/12 16:00:45 Image size of job updated: 4312636
	1412  -  MemoryUsage of job (MB)
	1445040  -  ResidentSetSize of job (KB)
...
006 (14832095.167.000) 06/12 16:05:45 Image size of job updated: 4317848
	1412  -  MemoryUsage of job (MB)
	1445040  -  ResidentSetSize of job (KB)
...
006 (14832095.167.000) 06/12 16:10:45 Image size of job updated: 4376768
	1412  -  MemoryUsage of job (MB)
	1445040  -  ResidentSetSize of job (KB)
...
006 (14832095.167.000) 06/12 16:15:46 Image size of job updated: 4396112
	1412  -  MemoryUsage of job (MB)
	1445040  -  ResidentSetSize of job (KB)
...
006 (14832095.167.000) 06/12 16:18:04 Image size of job updated: 4405256
	1412  -  MemoryUsage of job (MB)
	1445040  -  ResidentSetSize of job (KB)
...
040 (14832095.167.000) 06/12 16:18:04 Started transferring output files
...
040 (14832095.167.000) 06/12 16:18:04 Finished transferring output files
...
005 (14832095.167.000) 06/12 16:18:04 Job terminated.
	(1) Normal termination (return value 0)
		Usr 0 00:13:21, Sys 0 00:00:52  -  Run Remote Usage
		Usr 0 00:00:00, Sys 0 00:00:00  -  Run Local Usage
		Usr 0 00:13:21, Sys 0 00:00:52  -  Total Remote Usage
		Usr 0 00:00:00, Sys 0 00:00:00  -  Total Local Usage
	124719  -  Run Bytes Sent By Job
	323  -  Run Bytes Received By Job
	124719  -  Total Bytes Sent By Job
	323  -  Total Bytes Received By Job
	Partitionable Resources :    Usage  Request Allocated 
	   Cpus                 :     0.23        1         1 
	   Disk (KB)            :   143           1   3187692 
	   Memory (MB)          :  1412        2000      2000 

	Job terminated of its own accord at 2023-06-12T14:18:04Z.
...
