000 (15148591.043.000) 09/26 23:15:32 Job submitted from host: <188.184.90.241:9618?addrs=188.184.90.241-9618+[2001-1458-201-e4--100-2eb]-9618&alias=bigbird15.cern.ch&noUDP&sock=schedd_2763_c443>
...
040 (15148591.043.000) 09/26 23:30:45 Started transferring input files
	Transferring to host: <188.184.162.145:9618?addrs=188.184.162.145-9618+[2001-1458-301-4a--100-8b]-9618&alias=b7s11p2401.cern.ch&noUDP&sock=slot1_21_137226_e185_92583>
...
040 (15148591.043.000) 09/26 23:30:45 Finished transferring input files
...
001 (15148591.043.000) 09/26 23:30:46 Job executing on host: <188.184.162.145:9618?addrs=188.184.162.145-9618+[2001-1458-301-4a--100-8b]-9618&alias=b7s11p2401.cern.ch&noUDP&sock=startd_137188_22bb>
...
006 (15148591.043.000) 09/26 23:30:55 Image size of job updated: 581152
	66  -  MemoryUsage of job (MB)
	67552  -  ResidentSetSize of job (KB)
...
006 (15148591.043.000) 09/26 23:35:56 Image size of job updated: 994372
	440  -  MemoryUsage of job (MB)
	450064  -  ResidentSetSize of job (KB)
...
006 (15148591.043.000) 09/26 23:40:57 Image size of job updated: 1377040
	828  -  MemoryUsage of job (MB)
	847684  -  ResidentSetSize of job (KB)
...
006 (15148591.043.000) 09/26 23:45:57 Image size of job updated: 1382472
	828  -  MemoryUsage of job (MB)
	847684  -  ResidentSetSize of job (KB)
...
006 (15148591.043.000) 09/26 23:55:58 Image size of job updated: 4159424
	828  -  MemoryUsage of job (MB)
	847684  -  ResidentSetSize of job (KB)
...
006 (15148591.043.000) 09/27 00:00:58 Image size of job updated: 4442904
	828  -  MemoryUsage of job (MB)
	847684  -  ResidentSetSize of job (KB)
...
006 (15148591.043.000) 09/27 00:05:58 Image size of job updated: 4477616
	828  -  MemoryUsage of job (MB)
	847684  -  ResidentSetSize of job (KB)
...
006 (15148591.043.000) 09/27 00:09:55 Image size of job updated: 4536532
	828  -  MemoryUsage of job (MB)
	847684  -  ResidentSetSize of job (KB)
...
040 (15148591.043.000) 09/27 00:09:55 Started transferring output files
...
040 (15148591.043.000) 09/27 00:09:55 Finished transferring output files
...
005 (15148591.043.000) 09/27 00:09:55 Job terminated.
	(1) Normal termination (return value 0)
		Usr 0 00:17:17, Sys 0 00:00:35  -  Run Remote Usage
		Usr 0 00:00:00, Sys 0 00:00:00  -  Run Local Usage
		Usr 0 00:17:17, Sys 0 00:00:35  -  Total Remote Usage
		Usr 0 00:00:00, Sys 0 00:00:00  -  Total Local Usage
	97614  -  Run Bytes Sent By Job
	323  -  Run Bytes Received By Job
	97614  -  Total Bytes Sent By Job
	323  -  Total Bytes Received By Job
	Partitionable Resources :    Usage  Request Allocated 
	   Cpus                 :     0.13        1         1 
	   Disk (KB)            :   117           1   2980735 
	   Memory (MB)          :   828        2000      2000 

	Job terminated of its own accord at 2023-09-26T22:09:55Z.
...
