000 (15159766.112.000) 10/09 11:47:56 Job submitted from host: <188.184.90.241:9618?addrs=188.184.90.241-9618+[2001-1458-201-e4--100-2eb]-9618&alias=bigbird15.cern.ch&noUDP&sock=schedd_2763_c443>
...
040 (15159766.112.000) 10/09 14:24:54 Started transferring input files
	Transferring to host: <188.184.163.183:9618?addrs=188.184.163.183-9618&alias=b7s12p5086.cern.ch&noUDP&sock=slot1_19_4132_1e21_209822>
...
040 (15159766.112.000) 10/09 14:24:54 Finished transferring input files
...
001 (15159766.112.000) 10/09 14:24:55 Job executing on host: <188.184.163.183:9618?addrs=188.184.163.183-9618&alias=b7s12p5086.cern.ch&noUDP&sock=startd_4067_33c3>
...
006 (15159766.112.000) 10/09 14:25:03 Image size of job updated: 123792
	121  -  MemoryUsage of job (MB)
	123792  -  ResidentSetSize of job (KB)
...
006 (15159766.112.000) 10/09 14:30:03 Image size of job updated: 922376
	131  -  MemoryUsage of job (MB)
	133252  -  ResidentSetSize of job (KB)
...
006 (15159766.112.000) 10/09 14:31:34 Image size of job updated: 923516
	131  -  MemoryUsage of job (MB)
	133252  -  ResidentSetSize of job (KB)
...
040 (15159766.112.000) 10/09 14:31:34 Started transferring output files
...
040 (15159766.112.000) 10/09 14:31:34 Finished transferring output files
...
005 (15159766.112.000) 10/09 14:31:34 Job terminated.
	(1) Normal termination (return value 0)
		Usr 0 00:00:16, Sys 0 00:00:01  -  Run Remote Usage
		Usr 0 00:00:00, Sys 0 00:00:00  -  Run Local Usage
		Usr 0 00:00:16, Sys 0 00:00:01  -  Total Remote Usage
		Usr 0 00:00:00, Sys 0 00:00:00  -  Total Local Usage
	10605  -  Run Bytes Sent By Job
	374  -  Run Bytes Received By Job
	10605  -  Total Bytes Sent By Job
	374  -  Total Bytes Received By Job
	Partitionable Resources :    Usage  Request Allocated 
	   Cpus                 :     0.00        1         1 
	   Disk (KB)            :    31           1   3066158 
	   Memory (MB)          :   131        2000      2000 

	Job terminated of its own accord at 2023-10-09T12:31:34Z.
...
