000 (15155271.013.000) 10/07 16:55:47 Job submitted from host: <188.184.90.241:9618?addrs=188.184.90.241-9618+[2001-1458-201-e4--100-2eb]-9618&alias=bigbird15.cern.ch&noUDP&sock=schedd_2763_c443>
...
040 (15155271.013.000) 10/07 17:05:55 Started transferring input files
	Transferring to host: <128.142.61.151:9618?addrs=128.142.61.151-9618+[2001-1458-301-23--100-96]-9618&alias=b7s06p7731.cern.ch&noUDP&sock=slot1_9_38505_0177_73902>
...
040 (15155271.013.000) 10/07 17:05:55 Finished transferring input files
...
001 (15155271.013.000) 10/07 17:05:56 Job executing on host: <128.142.61.151:9618?addrs=128.142.61.151-9618+[2001-1458-301-23--100-96]-9618&alias=b7s06p7731.cern.ch&noUDP&sock=startd_38466_0e15>
...
006 (15155271.013.000) 10/07 17:06:04 Image size of job updated: 676844
	52  -  MemoryUsage of job (MB)
	53120  -  ResidentSetSize of job (KB)
...
006 (15155271.013.000) 10/07 17:11:04 Image size of job updated: 1163296
	587  -  MemoryUsage of job (MB)
	600640  -  ResidentSetSize of job (KB)
...
006 (15155271.013.000) 10/07 17:16:04 Image size of job updated: 3128496
	587  -  MemoryUsage of job (MB)
	600640  -  ResidentSetSize of job (KB)
...
006 (15155271.013.000) 10/07 17:21:05 Image size of job updated: 3588092
	587  -  MemoryUsage of job (MB)
	600640  -  ResidentSetSize of job (KB)
...
006 (15155271.013.000) 10/07 17:26:06 Image size of job updated: 3830900
	587  -  MemoryUsage of job (MB)
	600640  -  ResidentSetSize of job (KB)
...
006 (15155271.013.000) 10/07 17:31:06 Image size of job updated: 3885972
	587  -  MemoryUsage of job (MB)
	600640  -  ResidentSetSize of job (KB)
...
006 (15155271.013.000) 10/07 17:33:31 Image size of job updated: 3905168
	587  -  MemoryUsage of job (MB)
	600640  -  ResidentSetSize of job (KB)
...
040 (15155271.013.000) 10/07 17:33:31 Started transferring output files
...
040 (15155271.013.000) 10/07 17:33:31 Finished transferring output files
...
005 (15155271.013.000) 10/07 17:33:31 Job terminated.
	(1) Normal termination (return value 0)
		Usr 0 00:07:09, Sys 0 00:00:16  -  Run Remote Usage
		Usr 0 00:00:00, Sys 0 00:00:00  -  Run Local Usage
		Usr 0 00:07:09, Sys 0 00:00:16  -  Total Remote Usage
		Usr 0 00:00:00, Sys 0 00:00:00  -  Total Local Usage
	88356  -  Run Bytes Sent By Job
	323  -  Run Bytes Received By Job
	88356  -  Total Bytes Sent By Job
	323  -  Total Bytes Received By Job
	Partitionable Resources :    Usage  Request Allocated 
	   Cpus                 :        0        1         1 
	   Disk (KB)            :      108        1   1280808 
	   Memory (MB)          :      587     2000      2000 

	Job terminated of its own accord at 2023-10-07T15:33:31Z.
...
