000 (15159766.138.000) 10/09 11:47:56 Job submitted from host: <188.184.90.241:9618?addrs=188.184.90.241-9618+[2001-1458-201-e4--100-2eb]-9618&alias=bigbird15.cern.ch&noUDP&sock=schedd_2763_c443>
...
040 (15159766.138.000) 10/09 14:25:02 Started transferring input files
	Transferring to host: <128.142.137.154:9618?addrs=128.142.137.154-9618+[2001-1458-301-5e--100-8e]-9618&alias=b7g19p6696.cern.ch&noUDP&sock=slot1_25_42474_8678_122900>
...
040 (15159766.138.000) 10/09 14:25:02 Finished transferring input files
...
001 (15159766.138.000) 10/09 14:25:03 Job executing on host: <128.142.137.154:9618?addrs=128.142.137.154-9618+[2001-1458-301-5e--100-8e]-9618&alias=b7g19p6696.cern.ch&noUDP&sock=startd_42436_2511>
...
006 (15159766.138.000) 10/09 14:25:11 Image size of job updated: 744212
	120  -  MemoryUsage of job (MB)
	122344  -  ResidentSetSize of job (KB)
...
006 (15159766.138.000) 10/09 14:30:11 Image size of job updated: 922216
	132  -  MemoryUsage of job (MB)
	134452  -  ResidentSetSize of job (KB)
...
040 (15159766.138.000) 10/09 14:31:05 Started transferring output files
...
040 (15159766.138.000) 10/09 14:31:05 Finished transferring output files
...
005 (15159766.138.000) 10/09 14:31:05 Job terminated.
	(1) Normal termination (return value 0)
		Usr 0 00:00:14, Sys 0 00:00:01  -  Run Remote Usage
		Usr 0 00:00:00, Sys 0 00:00:00  -  Run Local Usage
		Usr 0 00:00:14, Sys 0 00:00:01  -  Total Remote Usage
		Usr 0 00:00:00, Sys 0 00:00:00  -  Total Local Usage
	7875  -  Run Bytes Sent By Job
	374  -  Run Bytes Received By Job
	7875  -  Total Bytes Sent By Job
	374  -  Total Bytes Received By Job
	Partitionable Resources :    Usage  Request Allocated 
	   Cpus                 :        0        1         1 
	   Disk (KB)            :       29        1   1647371 
	   Memory (MB)          :      132     2000      2000 

	Job terminated of its own accord at 2023-10-09T12:31:05Z.
...
