000 (15159743.044.000) 10/09 07:56:33 Job submitted from host: <188.184.90.241:9618?addrs=188.184.90.241-9618+[2001-1458-201-e4--100-2eb]-9618&alias=bigbird15.cern.ch&noUDP&sock=schedd_2763_c443>
...
040 (15159743.044.000) 10/09 08:09:50 Started transferring input files
	Transferring to host: <128.142.137.139:9618?addrs=128.142.137.139-9618+[2001-1458-301-5e--100-7f]-9618&alias=b7g19p8461.cern.ch&noUDP&sock=slot1_26_14173_e919_104978>
...
040 (15159743.044.000) 10/09 08:09:50 Finished transferring input files
...
001 (15159743.044.000) 10/09 08:09:51 Job executing on host: <128.142.137.139:9618?addrs=128.142.137.139-9618+[2001-1458-301-5e--100-7f]-9618&alias=b7g19p8461.cern.ch&noUDP&sock=startd_14134_53ad>
...
006 (15159743.044.000) 10/09 08:10:00 Image size of job updated: 56816
	51  -  MemoryUsage of job (MB)
	51808  -  ResidentSetSize of job (KB)
...
006 (15159743.044.000) 10/09 08:15:01 Image size of job updated: 978692
	471  -  MemoryUsage of job (MB)
	481804  -  ResidentSetSize of job (KB)
...
006 (15159743.044.000) 10/09 08:17:36 Image size of job updated: 3117456
	471  -  MemoryUsage of job (MB)
	481804  -  ResidentSetSize of job (KB)
...
040 (15159743.044.000) 10/09 08:17:36 Started transferring output files
...
040 (15159743.044.000) 10/09 08:17:36 Finished transferring output files
...
005 (15159743.044.000) 10/09 08:17:36 Job terminated.
	(1) Normal termination (return value 0)
		Usr 0 00:06:19, Sys 0 00:00:11  -  Run Remote Usage
		Usr 0 00:00:00, Sys 0 00:00:00  -  Run Local Usage
		Usr 0 00:06:19, Sys 0 00:00:11  -  Total Remote Usage
		Usr 0 00:00:00, Sys 0 00:00:00  -  Total Local Usage
	121382  -  Run Bytes Sent By Job
	269  -  Run Bytes Received By Job
	121382  -  Total Bytes Sent By Job
	269  -  Total Bytes Received By Job
	Partitionable Resources :    Usage  Request Allocated 
	   Cpus                 :     0.96        1         1 
	   Disk (KB)            :   140           1   1678735 
	   Memory (MB)          :   471        2000      2000 

	Job terminated of its own accord at 2023-10-09T06:17:36Z.
...
