000 (15150654.005.000) 09/28 14:27:13 Job submitted from host: <188.184.90.241:9618?addrs=188.184.90.241-9618+[2001-1458-201-e4--100-2eb]-9618&alias=bigbird15.cern.ch&noUDP&sock=schedd_2763_c443>
...
040 (15150654.005.000) 09/28 14:45:56 Started transferring input files
	Transferring to host: <188.184.162.180:9618?addrs=188.184.162.180-9618+[2001-1458-301-4a--100-ae]-9618&alias=b7s11p6045.cern.ch&noUDP&sock=slot1_5_4779_fcdb_217010>
...
040 (15150654.005.000) 09/28 14:45:56 Finished transferring input files
...
001 (15150654.005.000) 09/28 14:45:57 Job executing on host: <188.184.162.180:9618?addrs=188.184.162.180-9618+[2001-1458-301-4a--100-ae]-9618&alias=b7s11p6045.cern.ch&noUDP&sock=startd_3205_f120>
...
006 (15150654.005.000) 09/28 14:46:05 Image size of job updated: 664596
	124  -  MemoryUsage of job (MB)
	126668  -  ResidentSetSize of job (KB)
...
006 (15150654.005.000) 09/28 14:46:23 Image size of job updated: 918428
	124  -  MemoryUsage of job (MB)
	126668  -  ResidentSetSize of job (KB)
...
040 (15150654.005.000) 09/28 14:46:23 Started transferring output files
...
040 (15150654.005.000) 09/28 14:46:23 Finished transferring output files
...
005 (15150654.005.000) 09/28 14:46:23 Job terminated.
	(1) Normal termination (return value 0)
		Usr 0 00:00:05, Sys 0 00:00:00  -  Run Remote Usage
		Usr 0 00:00:00, Sys 0 00:00:00  -  Run Local Usage
		Usr 0 00:00:05, Sys 0 00:00:00  -  Total Remote Usage
		Usr 0 00:00:00, Sys 0 00:00:00  -  Total Local Usage
	7673  -  Run Bytes Sent By Job
	374  -  Run Bytes Received By Job
	7673  -  Total Bytes Sent By Job
	374  -  Total Bytes Received By Job
	Partitionable Resources :    Usage  Request Allocated 
	   Cpus                 :                 1         1 
	   Disk (KB)            :       21        1   3005219 
	   Memory (MB)          :      124     2000      2000 

	Job terminated of its own accord at 2023-09-28T12:46:23Z.
...
