000 (15159743.069.000) 10/09 07:56:33 Job submitted from host: <188.184.90.241:9618?addrs=188.184.90.241-9618+[2001-1458-201-e4--100-2eb]-9618&alias=bigbird15.cern.ch&noUDP&sock=schedd_2763_c443>
...
040 (15159743.069.000) 10/09 08:09:57 Started transferring input files
	Transferring to host: <128.142.132.180:9618?addrs=128.142.132.180-9618+[2001-1458-301-5a--100-a8]-9618&alias=b7g12p6365.cern.ch&noUDP&sock=slot1_4_3552_748a_31230>
...
040 (15159743.069.000) 10/09 08:09:57 Finished transferring input files
...
001 (15159743.069.000) 10/09 08:09:58 Job executing on host: <128.142.132.180:9618?addrs=128.142.132.180-9618+[2001-1458-301-5a--100-a8]-9618&alias=b7g12p6365.cern.ch&noUDP&sock=startd_2961_9404>
...
006 (15159743.069.000) 10/09 08:10:07 Image size of job updated: 59564
	58  -  MemoryUsage of job (MB)
	59264  -  ResidentSetSize of job (KB)
...
006 (15159743.069.000) 10/09 08:15:08 Image size of job updated: 910460
	392  -  MemoryUsage of job (MB)
	401348  -  ResidentSetSize of job (KB)
...
006 (15159743.069.000) 10/09 08:20:08 Image size of job updated: 1065336
	566  -  MemoryUsage of job (MB)
	578820  -  ResidentSetSize of job (KB)
...
006 (15159743.069.000) 10/09 08:25:09 Image size of job updated: 3470392
	2796  -  MemoryUsage of job (MB)
	2862156  -  ResidentSetSize of job (KB)
...
006 (15159743.069.000) 10/09 08:25:48 Image size of job updated: 3470996
	2796  -  MemoryUsage of job (MB)
	2862156  -  ResidentSetSize of job (KB)
...
040 (15159743.069.000) 10/09 08:25:48 Started transferring output files
...
040 (15159743.069.000) 10/09 08:25:48 Finished transferring output files
...
005 (15159743.069.000) 10/09 08:25:48 Job terminated.
	(1) Normal termination (return value 0)
		Usr 0 00:14:02, Sys 0 00:00:10  -  Run Remote Usage
		Usr 0 00:00:00, Sys 0 00:00:00  -  Run Local Usage
		Usr 0 00:14:02, Sys 0 00:00:10  -  Total Remote Usage
		Usr 0 00:00:00, Sys 0 00:00:00  -  Total Local Usage
	179415  -  Run Bytes Sent By Job
	269  -  Run Bytes Received By Job
	179415  -  Total Bytes Sent By Job
	269  -  Total Bytes Received By Job
	Partitionable Resources :    Usage  Request Allocated 
	   Cpus                 :     0.92        1         1 
	   Disk (KB)            :   197           1   1636957 
	   Memory (MB)          :  2796        2000      2000 

	Job terminated of its own accord at 2023-10-09T06:25:48Z.
...
