000 (15149098.075.000) 09/27 08:23:39 Job submitted from host: <188.184.90.241:9618?addrs=188.184.90.241-9618+[2001-1458-201-e4--100-2eb]-9618&alias=bigbird15.cern.ch&noUDP&sock=schedd_2763_c443>
...
040 (15149098.075.000) 09/27 08:40:34 Started transferring input files
	Transferring to host: <188.184.163.186:9618?addrs=188.184.163.186-9618+[2001-1458-301-4d--100-b4]-9618&alias=b7s12p6759.cern.ch&noUDP&sock=slot1_11_51014_ba54_39411>
...
040 (15149098.075.000) 09/27 08:40:34 Finished transferring input files
...
001 (15149098.075.000) 09/27 08:40:35 Job executing on host: <188.184.163.186:9618?addrs=188.184.163.186-9618+[2001-1458-301-4d--100-b4]-9618&alias=b7s12p6759.cern.ch&noUDP&sock=startd_288925_18c3>
...
006 (15149098.075.000) 09/27 08:40:44 Image size of job updated: 69072
	53  -  MemoryUsage of job (MB)
	53676  -  ResidentSetSize of job (KB)
...
006 (15149098.075.000) 09/27 08:45:45 Image size of job updated: 1076216
	502  -  MemoryUsage of job (MB)
	513384  -  ResidentSetSize of job (KB)
...
006 (15149098.075.000) 09/27 08:50:45 Image size of job updated: 1101216
	502  -  MemoryUsage of job (MB)
	513384  -  ResidentSetSize of job (KB)
...
006 (15149098.075.000) 09/27 08:55:45 Image size of job updated: 3889064
	502  -  MemoryUsage of job (MB)
	513384  -  ResidentSetSize of job (KB)
...
006 (15149098.075.000) 09/27 08:57:46 Image size of job updated: 3911996
	502  -  MemoryUsage of job (MB)
	513384  -  ResidentSetSize of job (KB)
...
040 (15149098.075.000) 09/27 08:57:46 Started transferring output files
...
040 (15149098.075.000) 09/27 08:57:46 Finished transferring output files
...
005 (15149098.075.000) 09/27 08:57:46 Job terminated.
	(1) Normal termination (return value 0)
		Usr 0 00:06:38, Sys 0 00:00:20  -  Run Remote Usage
		Usr 0 00:00:00, Sys 0 00:00:00  -  Run Local Usage
		Usr 0 00:06:38, Sys 0 00:00:20  -  Total Remote Usage
		Usr 0 00:00:00, Sys 0 00:00:00  -  Total Local Usage
	77484  -  Run Bytes Sent By Job
	323  -  Run Bytes Received By Job
	77484  -  Total Bytes Sent By Job
	323  -  Total Bytes Received By Job
	Partitionable Resources :    Usage  Request Allocated 
	   Cpus                 :     0.08        1         1 
	   Disk (KB)            :    97           1   2899370 
	   Memory (MB)          :   502        2000      2000 

	Job terminated of its own accord at 2023-09-27T06:57:46Z.
...
