000 (15271413.076.000) 12/18 14:02:23 Job submitted from host: <188.184.90.241:9618?addrs=188.184.90.241-9618+[2001-1458-201-e4--100-2eb]-9618&alias=bigbird15.cern.ch&noUDP&sock=schedd_2763_c443>
...
040 (15271413.076.000) 12/18 14:06:16 Started transferring input files
	Transferring to host: <128.142.61.134:9618?addrs=128.142.61.134-9618+[2001-1458-301-23--100-85]-9618&alias=b9s06p1423.cern.ch&noUDP&sock=slot1_7_123185_b9ea_6838>
...
040 (15271413.076.000) 12/18 14:06:16 Finished transferring input files
...
001 (15271413.076.000) 12/18 14:06:17 Job executing on host: <128.142.61.134:9618?addrs=128.142.61.134-9618+[2001-1458-301-23--100-85]-9618&alias=b9s06p1423.cern.ch&noUDP&sock=startd_112907_63a7>
...
006 (15271413.076.000) 12/18 14:06:26 Image size of job updated: 151580
	96  -  MemoryUsage of job (MB)
	98008  -  ResidentSetSize of job (KB)
...
006 (15271413.076.000) 12/18 14:11:27 Image size of job updated: 547792
	515  -  MemoryUsage of job (MB)
	527232  -  ResidentSetSize of job (KB)
...
006 (15271413.076.000) 12/18 14:16:27 Image size of job updated: 2674556
	2584  -  MemoryUsage of job (MB)
	2645548  -  ResidentSetSize of job (KB)
...
006 (15271413.076.000) 12/18 14:19:10 Image size of job updated: 3062032
	2584  -  MemoryUsage of job (MB)
	2645548  -  ResidentSetSize of job (KB)
...
040 (15271413.076.000) 12/18 14:19:10 Started transferring output files
...
040 (15271413.076.000) 12/18 14:19:10 Finished transferring output files
...
005 (15271413.076.000) 12/18 14:19:10 Job terminated.
	(1) Normal termination (return value 0)
		Usr 0 00:09:55, Sys 0 00:00:07  -  Run Remote Usage
		Usr 0 00:00:00, Sys 0 00:00:00  -  Run Local Usage
		Usr 0 00:09:55, Sys 0 00:00:07  -  Total Remote Usage
		Usr 0 00:00:00, Sys 0 00:00:00  -  Total Local Usage
	193935  -  Run Bytes Sent By Job
	269  -  Run Bytes Received By Job
	193935  -  Total Bytes Sent By Job
	269  -  Total Bytes Received By Job
	Partitionable Resources :    Usage  Request Allocated 
	   Cpus                 :     0.93        1         1 
	   Disk (KB)            :   233           1   3008997 
	   Memory (MB)          :  2584        2000      2000 

	Job terminated of its own accord at 2023-12-18T13:19:10Z.
...
