000 (15150662.036.000) 09/28 15:49:40 Job submitted from host: <188.184.90.241:9618?addrs=188.184.90.241-9618+[2001-1458-201-e4--100-2eb]-9618&alias=bigbird15.cern.ch&noUDP&sock=schedd_2763_c443>
...
040 (15150662.036.000) 09/28 16:00:59 Started transferring input files
	Transferring to host: <188.184.160.141:9618?addrs=188.184.160.141-9618+[2001-1458-301-48--100-87]-9618&alias=b7s09p6513.cern.ch&noUDP&sock=slot1_13_4810_d47d_27519>
...
040 (15150662.036.000) 09/28 16:00:59 Finished transferring input files
...
001 (15150662.036.000) 09/28 16:01:00 Job executing on host: <188.184.160.141:9618?addrs=188.184.160.141-9618+[2001-1458-301-48--100-87]-9618&alias=b7s09p6513.cern.ch&noUDP&sock=startd_3228_b7cd>
...
006 (15150662.036.000) 09/28 16:01:08 Image size of job updated: 126768
	122  -  MemoryUsage of job (MB)
	124776  -  ResidentSetSize of job (KB)
...
006 (15150662.036.000) 09/28 16:04:06 Image size of job updated: 924480
	122  -  MemoryUsage of job (MB)
	124776  -  ResidentSetSize of job (KB)
...
040 (15150662.036.000) 09/28 16:04:06 Started transferring output files
...
040 (15150662.036.000) 09/28 16:04:06 Finished transferring output files
...
005 (15150662.036.000) 09/28 16:04:06 Job terminated.
	(1) Normal termination (return value 0)
		Usr 0 00:00:14, Sys 0 00:00:00  -  Run Remote Usage
		Usr 0 00:00:00, Sys 0 00:00:00  -  Run Local Usage
		Usr 0 00:00:14, Sys 0 00:00:00  -  Total Remote Usage
		Usr 0 00:00:00, Sys 0 00:00:00  -  Total Local Usage
	7966  -  Run Bytes Sent By Job
	374  -  Run Bytes Received By Job
	7966  -  Total Bytes Sent By Job
	374  -  Total Bytes Received By Job
	Partitionable Resources :    Usage  Request Allocated 
	   Cpus                 :                 1         1 
	   Disk (KB)            :       22        1   2916131 
	   Memory (MB)          :      122     2000      2000 

	Job terminated of its own accord at 2023-09-28T14:04:06Z.
...
