000 (14832095.059.000) 06/12 15:17:57 Job submitted from host: <188.184.90.241:9618?addrs=188.184.90.241-9618+[2001-1458-201-e4--100-2eb]-9618&alias=bigbird15.cern.ch&noUDP&sock=schedd_1460210_2ef4>
...
040 (14832095.059.000) 06/12 15:19:54 Started transferring input files
	Transferring to host: <188.184.160.196:9618?addrs=188.184.160.196-9618+[2001-1458-301-48--100-be]-9618&alias=b7s09p2132.cern.ch&noUDP&sock=slot1_14_121563_e168_89814>
...
040 (14832095.059.000) 06/12 15:19:54 Finished transferring input files
...
001 (14832095.059.000) 06/12 15:19:55 Job executing on host: <188.184.160.196:9618?addrs=188.184.160.196-9618+[2001-1458-301-48--100-be]-9618&alias=b7s09p2132.cern.ch&noUDP&sock=startd_28734_b665>
...
006 (14832095.059.000) 06/12 15:20:04 Image size of job updated: 48132
	48  -  MemoryUsage of job (MB)
	48132  -  ResidentSetSize of job (KB)
...
006 (14832095.059.000) 06/12 15:25:04 Image size of job updated: 1855492
	1346  -  MemoryUsage of job (MB)
	1378092  -  ResidentSetSize of job (KB)
...
006 (14832095.059.000) 06/12 15:30:04 Image size of job updated: 3065620
	2512  -  MemoryUsage of job (MB)
	2571284  -  ResidentSetSize of job (KB)
...
006 (14832095.059.000) 06/12 15:35:05 Image size of job updated: 4294316
	3735  -  MemoryUsage of job (MB)
	3824004  -  ResidentSetSize of job (KB)
...
006 (14832095.059.000) 06/12 15:40:05 Image size of job updated: 5517336
	4895  -  MemoryUsage of job (MB)
	5011992  -  ResidentSetSize of job (KB)
...
006 (14832095.059.000) 06/12 15:45:05 Image size of job updated: 6660504
	6021  -  MemoryUsage of job (MB)
	6165252  -  ResidentSetSize of job (KB)
...
006 (14832095.059.000) 06/12 15:50:07 Image size of job updated: 7852620
	7176  -  MemoryUsage of job (MB)
	7347700  -  ResidentSetSize of job (KB)
...
006 (14832095.059.000) 06/12 15:55:07 Image size of job updated: 8957996
	8278  -  MemoryUsage of job (MB)
	8475936  -  ResidentSetSize of job (KB)
...
006 (14832095.059.000) 06/12 16:00:07 Image size of job updated: 9857112
	9140  -  MemoryUsage of job (MB)
	9358864  -  ResidentSetSize of job (KB)
...
006 (14832095.059.000) 06/12 16:05:08 Image size of job updated: 10974460
	10122  -  MemoryUsage of job (MB)
	10363928  -  ResidentSetSize of job (KB)
...
006 (14832095.059.000) 06/12 16:10:09 Image size of job updated: 11634796
	10714  -  MemoryUsage of job (MB)
	10970224  -  ResidentSetSize of job (KB)
...
006 (14832095.059.000) 06/12 16:15:09 Image size of job updated: 11634796
	10779  -  MemoryUsage of job (MB)
	11037672  -  ResidentSetSize of job (KB)
...
006 (14832095.059.000) 06/12 16:20:10 Image size of job updated: 11760904
	10779  -  MemoryUsage of job (MB)
	11037688  -  ResidentSetSize of job (KB)
...
006 (14832095.059.000) 06/12 16:25:11 Image size of job updated: 11760904
	10780  -  MemoryUsage of job (MB)
	11037716  -  ResidentSetSize of job (KB)
...
040 (14832095.059.000) 06/12 17:19:59 Started transferring output files
...
040 (14832095.059.000) 06/12 17:19:59 Finished transferring output files
...
009 (14832095.059.000) 06/12 17:19:59 Job was aborted.
	Job removed by SYSTEM_PERIODIC_REMOVE due to wall time exceeded allowed max.
...
