040 (14780183.007.000) 04/12 12:03:03 Started transferring input files
	Transferring to host: <188.184.162.135:9618?addrs=188.184.162.135-9618&alias=b7s11p9669.cern.ch&noUDP&sock=slot1_58_162512_27ca_38313>
...
040 (14780183.007.000) 04/12 12:03:03 Finished transferring input files
...
001 (14780183.007.000) 04/12 12:03:04 Job executing on host: <188.184.162.135:9618?addrs=188.184.162.135-9618&alias=b7s11p9669.cern.ch&noUDP&sock=startd_5246_e5ec>
...
006 (14780183.007.000) 04/12 12:03:13 Image size of job updated: 517524
	128  -  MemoryUsage of job (MB)
	130108  -  ResidentSetSize of job (KB)
...
006 (14780183.007.000) 04/12 12:08:14 Image size of job updated: 1191808
	128  -  MemoryUsage of job (MB)
	130108  -  ResidentSetSize of job (KB)
...
006 (14780183.007.000) 04/12 12:13:15 Image size of job updated: 3339956
	351  -  MemoryUsage of job (MB)
	359008  -  ResidentSetSize of job (KB)
...
006 (14780183.007.000) 04/12 12:18:15 Image size of job updated: 3402356
	411  -  MemoryUsage of job (MB)
	420700  -  ResidentSetSize of job (KB)
...
006 (14780183.007.000) 04/12 12:19:04 Image size of job updated: 3410424
	411  -  MemoryUsage of job (MB)
	420700  -  ResidentSetSize of job (KB)
...
040 (14780183.007.000) 04/12 12:19:04 Started transferring output files
...
040 (14780183.007.000) 04/12 12:19:04 Finished transferring output files
...
005 (14780183.007.000) 04/12 12:19:04 Job terminated.
	(1) Normal termination (return value 0)
		Usr 0 00:06:31, Sys 0 00:00:15  -  Run Remote Usage
		Usr 0 00:00:00, Sys 0 00:00:00  -  Run Local Usage
		Usr 0 00:06:31, Sys 0 00:00:15  -  Total Remote Usage
		Usr 0 00:00:00, Sys 0 00:00:00  -  Total Local Usage
	88576  -  Run Bytes Sent By Job
	323  -  Run Bytes Received By Job
	88576  -  Total Bytes Sent By Job
	323  -  Total Bytes Received By Job
	Partitionable Resources :    Usage  Request Allocated 
	   Cpus                 :     0.22        1         1 
	   Disk (KB)            :   107           1   3033163 
	   Memory (MB)          :   411        2000      2000 

	Job terminated of its own accord at 2023-04-12T10:19:04Z.
...
