000 (15151953.003.000) 10/03 14:45:29 Job submitted from host: <188.184.90.241:9618?addrs=188.184.90.241-9618+[2001-1458-201-e4--100-2eb]-9618&alias=bigbird15.cern.ch&noUDP&sock=schedd_2763_c443>
...
040 (15151953.003.000) 10/03 14:52:15 Started transferring input files
	Transferring to host: <188.184.163.96:9618?addrs=188.184.163.96-9618&alias=b7s12p7679.cern.ch&noUDP&sock=slot1_16_240714_89f6_169835>
...
040 (15151953.003.000) 10/03 14:52:15 Finished transferring input files
...
001 (15151953.003.000) 10/03 14:52:16 Job executing on host: <188.184.163.96:9618?addrs=188.184.163.96-9618&alias=b7s12p7679.cern.ch&noUDP&sock=startd_5209_84ea>
...
006 (15151953.003.000) 10/03 14:52:24 Image size of job updated: 79420
	77  -  MemoryUsage of job (MB)
	78800  -  ResidentSetSize of job (KB)
...
006 (15151953.003.000) 10/03 14:57:24 Image size of job updated: 992500
	471  -  MemoryUsage of job (MB)
	481688  -  ResidentSetSize of job (KB)
...
006 (15151953.003.000) 10/03 15:02:26 Image size of job updated: 1292452
	788  -  MemoryUsage of job (MB)
	806660  -  ResidentSetSize of job (KB)
...
006 (15151953.003.000) 10/03 15:07:26 Image size of job updated: 1342452
	788  -  MemoryUsage of job (MB)
	806660  -  ResidentSetSize of job (KB)
...
006 (15151953.003.000) 10/03 15:12:26 Image size of job updated: 4148800
	788  -  MemoryUsage of job (MB)
	806660  -  ResidentSetSize of job (KB)
...
006 (15151953.003.000) 10/03 15:17:27 Image size of job updated: 4397432
	788  -  MemoryUsage of job (MB)
	806660  -  ResidentSetSize of job (KB)
...
006 (15151953.003.000) 10/03 15:22:28 Image size of job updated: 4467424
	788  -  MemoryUsage of job (MB)
	806660  -  ResidentSetSize of job (KB)
...
006 (15151953.003.000) 10/03 15:27:28 Image size of job updated: 4514684
	788  -  MemoryUsage of job (MB)
	806660  -  ResidentSetSize of job (KB)
...
006 (15151953.003.000) 10/03 15:30:15 Image size of job updated: 4524512
	788  -  MemoryUsage of job (MB)
	806660  -  ResidentSetSize of job (KB)
...
040 (15151953.003.000) 10/03 15:30:16 Started transferring output files
...
040 (15151953.003.000) 10/03 15:30:16 Finished transferring output files
...
005 (15151953.003.000) 10/03 15:30:16 Job terminated.
	(1) Normal termination (return value 0)
		Usr 0 00:17:39, Sys 0 00:00:31  -  Run Remote Usage
		Usr 0 00:00:00, Sys 0 00:00:00  -  Run Local Usage
		Usr 0 00:17:39, Sys 0 00:00:31  -  Total Remote Usage
		Usr 0 00:00:00, Sys 0 00:00:00  -  Total Local Usage
	93343  -  Run Bytes Sent By Job
	323  -  Run Bytes Received By Job
	93343  -  Total Bytes Sent By Job
	323  -  Total Bytes Received By Job
	Partitionable Resources :    Usage  Request Allocated 
	   Cpus                 :     0.00        1         1 
	   Disk (KB)            :   112           1   3062619 
	   Memory (MB)          :   788        2000      2000 

	Job terminated of its own accord at 2023-10-03T13:30:15Z.
...
