000 (15159756.015.000) 10/09 09:27:43 Job submitted from host: <188.184.90.241:9618?addrs=188.184.90.241-9618+[2001-1458-201-e4--100-2eb]-9618&alias=bigbird15.cern.ch&noUDP&sock=schedd_2763_c443>
...
040 (15159756.015.000) 10/09 11:14:46 Started transferring input files
	Transferring to host: <128.142.63.25:9618?addrs=128.142.63.25-9618+[2001-1458-301-38--100-16]-9618&alias=b7s08p4690.cern.ch&noUDP&sock=slot1_10_3306_2040_218319>
...
040 (15159756.015.000) 10/09 11:14:46 Finished transferring input files
...
001 (15159756.015.000) 10/09 11:14:47 Job executing on host: <128.142.63.25:9618?addrs=128.142.63.25-9618+[2001-1458-301-38--100-16]-9618&alias=b7s08p4690.cern.ch&noUDP&sock=startd_2943_3b4f>
...
006 (15159756.015.000) 10/09 11:14:56 Image size of job updated: 581300
	54  -  MemoryUsage of job (MB)
	54676  -  ResidentSetSize of job (KB)
...
006 (15159756.015.000) 10/09 11:15:19 Image size of job updated: 687888
	54  -  MemoryUsage of job (MB)
	54676  -  ResidentSetSize of job (KB)
...
040 (15159756.015.000) 10/09 11:15:20 Started transferring output files
...
040 (15159756.015.000) 10/09 11:15:20 Finished transferring output files
...
005 (15159756.015.000) 10/09 11:15:20 Job terminated.
	(1) Normal termination (return value 0)
		Usr 0 00:00:02, Sys 0 00:00:02  -  Run Remote Usage
		Usr 0 00:00:00, Sys 0 00:00:00  -  Run Local Usage
		Usr 0 00:00:02, Sys 0 00:00:02  -  Total Remote Usage
		Usr 0 00:00:00, Sys 0 00:00:00  -  Total Local Usage
	14894  -  Run Bytes Sent By Job
	269  -  Run Bytes Received By Job
	14894  -  Total Bytes Sent By Job
	269  -  Total Bytes Received By Job
	Partitionable Resources :    Usage  Request Allocated 
	   Cpus                 :                 1         1 
	   Disk (KB)            :       28        1   1302265 
	   Memory (MB)          :       54     2000      2000 

	Job terminated of its own accord at 2023-10-09T09:15:19Z.
...
