000 (14832095.127.000) 06/12 15:17:57 Job submitted from host: <188.184.90.241:9618?addrs=188.184.90.241-9618+[2001-1458-201-e4--100-2eb]-9618&alias=bigbird15.cern.ch&noUDP&sock=schedd_1460210_2ef4>
...
040 (14832095.127.000) 06/12 15:20:15 Started transferring input files
	Transferring to host: <188.184.162.198:9618?addrs=188.184.162.198-9618+[2001-1458-301-4a--100-c0]-9618&alias=b7s11p1132.cern.ch&noUDP&sock=slot1_26_4813_f19d_91361>
...
040 (14832095.127.000) 06/12 15:20:15 Finished transferring input files
...
001 (14832095.127.000) 06/12 15:20:16 Job executing on host: <188.184.162.198:9618?addrs=188.184.162.198-9618+[2001-1458-301-4a--100-c0]-9618&alias=b7s11p1132.cern.ch&noUDP&sock=startd_3361_f1e6>
...
006 (14832095.127.000) 06/12 15:20:25 Image size of job updated: 47660
	47  -  MemoryUsage of job (MB)
	47660  -  ResidentSetSize of job (KB)
...
006 (14832095.127.000) 06/12 15:25:25 Image size of job updated: 1195704
	114  -  MemoryUsage of job (MB)
	116352  -  ResidentSetSize of job (KB)
...
006 (14832095.127.000) 06/12 15:26:04 Image size of job updated: 1206716
	114  -  MemoryUsage of job (MB)
	116352  -  ResidentSetSize of job (KB)
...
040 (14832095.127.000) 06/12 15:26:04 Started transferring output files
...
040 (14832095.127.000) 06/12 15:26:04 Finished transferring output files
...
005 (14832095.127.000) 06/12 15:26:04 Job terminated.
	(1) Normal termination (return value 0)
		Usr 0 00:02:11, Sys 0 00:00:06  -  Run Remote Usage
		Usr 0 00:00:00, Sys 0 00:00:00  -  Run Local Usage
		Usr 0 00:02:11, Sys 0 00:00:06  -  Total Remote Usage
		Usr 0 00:00:00, Sys 0 00:00:00  -  Total Local Usage
	41530  -  Run Bytes Sent By Job
	323  -  Run Bytes Received By Job
	41530  -  Total Bytes Sent By Job
	323  -  Total Bytes Received By Job
	Partitionable Resources :    Usage  Request Allocated 
	   Cpus                 :     0.17        1         1 
	   Disk (KB)            :    62           1   3063971 
	   Memory (MB)          :   114        2000      2000 

	Job terminated of its own accord at 2023-06-12T13:26:04Z.
...
