000 (14760027.005.000) 03/28 18:08:20 Job submitted from host: <188.184.90.241:9618?addrs=188.184.90.241-9618+[2001-1458-201-e4--100-2eb]-9618&alias=bigbird15.cern.ch&noUDP&sock=schedd_3631588_e24a>
...
040 (14760027.005.000) 03/28 18:09:13 Started transferring input files
	Transferring to host: <128.142.56.91:9618?addrs=128.142.56.91-9618&alias=b7s01p5298.cern.ch&noUDP&sock=slot1_10_4128_4ca1_53128>
...
040 (14760027.005.000) 03/28 18:09:13 Finished transferring input files
...
001 (14760027.005.000) 03/28 18:09:14 Job executing on host: <128.142.56.91:9618?addrs=128.142.56.91-9618&alias=b7s01p5298.cern.ch&noUDP&sock=startd_2899_0d25>
...
006 (14760027.005.000) 03/28 18:09:23 Image size of job updated: 48292
	47  -  MemoryUsage of job (MB)
	47812  -  ResidentSetSize of job (KB)
...
006 (14760027.005.000) 03/28 18:13:20 Image size of job updated: 2808724
	47  -  MemoryUsage of job (MB)
	47812  -  ResidentSetSize of job (KB)
...
040 (14760027.005.000) 03/28 18:13:20 Started transferring output files
...
040 (14760027.005.000) 03/28 18:13:20 Finished transferring output files
...
005 (14760027.005.000) 03/28 18:13:20 Job terminated.
	(1) Normal termination (return value 0)
		Usr 0 00:01:01, Sys 0 00:00:02  -  Run Remote Usage
		Usr 0 00:00:00, Sys 0 00:00:00  -  Run Local Usage
		Usr 0 00:01:01, Sys 0 00:00:02  -  Total Remote Usage
		Usr 0 00:00:00, Sys 0 00:00:00  -  Total Local Usage
	126503  -  Run Bytes Sent By Job
	269  -  Run Bytes Received By Job
	126503  -  Total Bytes Sent By Job
	269  -  Total Bytes Received By Job
	Partitionable Resources :    Usage  Request Allocated 
	   Cpus                 :     0.66        1         1 
	   Disk (KB)            :   144           1   1310902 
	   Memory (MB)          :    47        2000      2000 

	Job terminated of its own accord at 2023-03-28T16:13:20Z.
...
