000 (15150655.177.000) 09/28 15:00:14 Job submitted from host: <188.184.90.241:9618?addrs=188.184.90.241-9618+[2001-1458-201-e4--100-2eb]-9618&alias=bigbird15.cern.ch&noUDP&sock=schedd_2763_c443>
...
040 (15150655.177.000) 09/28 15:03:40 Started transferring input files
	Transferring to host: <128.142.57.81:9618?addrs=128.142.57.81-9618+[2001-1458-301-7--100-50]-9618&alias=b7s02p2228.cern.ch&noUDP&sock=slot1_43_4231_df45_187201>
...
040 (15150655.177.000) 09/28 15:03:40 Finished transferring input files
...
001 (15150655.177.000) 09/28 15:03:41 Job executing on host: <128.142.57.81:9618?addrs=128.142.57.81-9618+[2001-1458-301-7--100-50]-9618&alias=b7s02p2228.cern.ch&noUDP&sock=startd_2927_41cb>
...
006 (15150655.177.000) 09/28 15:03:43 Image size of job updated: 57864
	0  -  MemoryUsage of job (MB)
	0  -  ResidentSetSize of job (KB)
...
040 (15150655.177.000) 09/28 15:03:43 Started transferring output files
...
040 (15150655.177.000) 09/28 15:03:43 Finished transferring output files
...
005 (15150655.177.000) 09/28 15:03:43 Job terminated.
	(1) Normal termination (return value 0)
		Usr 0 00:00:00, Sys 0 00:00:00  -  Run Remote Usage
		Usr 0 00:00:00, Sys 0 00:00:00  -  Run Local Usage
		Usr 0 00:00:00, Sys 0 00:00:00  -  Total Remote Usage
		Usr 0 00:00:00, Sys 0 00:00:00  -  Total Local Usage
	7836  -  Run Bytes Sent By Job
	374  -  Run Bytes Received By Job
	7836  -  Total Bytes Sent By Job
	374  -  Total Bytes Received By Job
	Partitionable Resources :    Usage  Request Allocated 
	   Cpus                 :                 1         1 
	   Disk (KB)            :       21        1    982391 
	   Memory (MB)          :        0     2000      2000 

	Job terminated of its own accord at 2023-09-28T13:03:43Z.
...
