000 (14839060.000.000) 06/21 14:44:36 Job submitted from host: <188.184.90.241:9618?addrs=188.184.90.241-9618+[2001-1458-201-e4--100-2eb]-9618&alias=bigbird15.cern.ch&noUDP&sock=schedd_1460210_2ef4>
...
040 (14839060.000.000) 06/21 14:57:06 Started transferring input files
	Transferring to host: <128.142.131.94:9618?addrs=128.142.131.94-9618+[2001-1458-301-59--100-52]-9618&alias=b7g11p1140.cern.ch&noUDP&sock=slot1_8_5423_be76_78321>
...
040 (14839060.000.000) 06/21 14:57:06 Finished transferring input files
...
001 (14839060.000.000) 06/21 14:57:07 Job executing on host: <128.142.131.94:9618?addrs=128.142.131.94-9618+[2001-1458-301-59--100-52]-9618&alias=b7g11p1140.cern.ch&noUDP&sock=startd_4769_b73f>
...
006 (14839060.000.000) 06/21 14:57:16 Image size of job updated: 554140
	47  -  MemoryUsage of job (MB)
	47676  -  ResidentSetSize of job (KB)
...
006 (14839060.000.000) 06/21 15:02:17 Image size of job updated: 922748
	346  -  MemoryUsage of job (MB)
	353324  -  ResidentSetSize of job (KB)
...
006 (14839060.000.000) 06/21 15:07:18 Image size of job updated: 1122748
	541  -  MemoryUsage of job (MB)
	553496  -  ResidentSetSize of job (KB)
...
006 (14839060.000.000) 06/21 15:12:18 Image size of job updated: 1297748
	762  -  MemoryUsage of job (MB)
	779612  -  ResidentSetSize of job (KB)
...
006 (14839060.000.000) 06/21 15:17:19 Image size of job updated: 3925532
	3308  -  MemoryUsage of job (MB)
	3386396  -  ResidentSetSize of job (KB)
...
006 (14839060.000.000) 06/21 15:19:47 Image size of job updated: 4026756
	3308  -  MemoryUsage of job (MB)
	3386396  -  ResidentSetSize of job (KB)
...
040 (14839060.000.000) 06/21 15:19:47 Started transferring output files
...
040 (14839060.000.000) 06/21 15:19:47 Finished transferring output files
...
005 (14839060.000.000) 06/21 15:19:47 Job terminated.
	(1) Normal termination (return value 0)
		Usr 0 00:20:55, Sys 0 00:00:13  -  Run Remote Usage
		Usr 0 00:00:00, Sys 0 00:00:00  -  Run Local Usage
		Usr 0 00:20:55, Sys 0 00:00:13  -  Total Remote Usage
		Usr 0 00:00:00, Sys 0 00:00:00  -  Total Local Usage
	232590  -  Run Bytes Sent By Job
	269  -  Run Bytes Received By Job
	232590  -  Total Bytes Sent By Job
	269  -  Total Bytes Received By Job
	Partitionable Resources :    Usage  Request Allocated 
	   Cpus                 :     0.99        1         1 
	   Disk (KB)            :   248           1   1650712 
	   Memory (MB)          :  3308        2000      2000 

	Job terminated of its own accord at 2023-06-21T13:19:47Z.
...
