000 (15155256.042.000) 10/07 14:35:52 Job submitted from host: <188.184.90.241:9618?addrs=188.184.90.241-9618+[2001-1458-201-e4--100-2eb]-9618&alias=bigbird15.cern.ch&noUDP&sock=schedd_2763_c443>
...
040 (15155256.042.000) 10/07 14:38:00 Started transferring input files
	Transferring to host: <128.142.56.85:9618?addrs=128.142.56.85-9618+[2001-1458-301-6--100-54]-9618&alias=b7s01p8820.cern.ch&noUDP&sock=slot1_16_7723_4d53_156898>
...
040 (15155256.042.000) 10/07 14:38:00 Finished transferring input files
...
001 (15155256.042.000) 10/07 14:38:01 Job executing on host: <128.142.56.85:9618?addrs=128.142.56.85-9618+[2001-1458-301-6--100-54]-9618&alias=b7s01p8820.cern.ch&noUDP&sock=startd_6374_9cc0>
...
006 (15155256.042.000) 10/07 14:38:08 Image size of job updated: 50236
	0  -  MemoryUsage of job (MB)
	0  -  ResidentSetSize of job (KB)
...
040 (15155256.042.000) 10/07 14:38:08 Started transferring output files
...
040 (15155256.042.000) 10/07 14:38:08 Finished transferring output files
...
005 (15155256.042.000) 10/07 14:38:08 Job terminated.
	(1) Normal termination (return value 0)
		Usr 0 00:00:00, Sys 0 00:00:00  -  Run Remote Usage
		Usr 0 00:00:00, Sys 0 00:00:00  -  Run Local Usage
		Usr 0 00:00:00, Sys 0 00:00:00  -  Total Remote Usage
		Usr 0 00:00:00, Sys 0 00:00:00  -  Total Local Usage
	22111  -  Run Bytes Sent By Job
	323  -  Run Bytes Received By Job
	22111  -  Total Bytes Sent By Job
	323  -  Total Bytes Received By Job
	Partitionable Resources :    Usage  Request Allocated 
	   Cpus                 :                 1         1 
	   Disk (KB)            :       36        1   1304836 
	   Memory (MB)          :        0     2000      2000 

	Job terminated of its own accord at 2023-10-07T12:38:08Z.
...
