000 (15271413.140.000) 12/18 14:02:23 Job submitted from host: <188.184.90.241:9618?addrs=188.184.90.241-9618+[2001-1458-201-e4--100-2eb]-9618&alias=bigbird15.cern.ch&noUDP&sock=schedd_2763_c443>
...
040 (15271413.140.000) 12/18 14:06:37 Started transferring input files
	Transferring to host: <128.142.194.142:9618?addrs=128.142.194.142-9618+[2001-1458-301-13--100-e]-9618&alias=b9g30p6183.cern.ch&noUDP&sock=slot1_4_8030_9c80_10368>
...
040 (15271413.140.000) 12/18 14:06:37 Finished transferring input files
...
001 (15271413.140.000) 12/18 14:06:38 Job executing on host: <128.142.194.142:9618?addrs=128.142.194.142-9618+[2001-1458-301-13--100-e]-9618&alias=b9g30p6183.cern.ch&noUDP&sock=startd_6852_7b05>
...
006 (15271413.140.000) 12/18 14:06:46 Image size of job updated: 140376
	116  -  MemoryUsage of job (MB)
	118276  -  ResidentSetSize of job (KB)
...
006 (15271413.140.000) 12/18 14:11:46 Image size of job updated: 512152
	501  -  MemoryUsage of job (MB)
	512108  -  ResidentSetSize of job (KB)
...
006 (15271413.140.000) 12/18 14:16:47 Image size of job updated: 2959312
	2888  -  MemoryUsage of job (MB)
	2956600  -  ResidentSetSize of job (KB)
...
040 (15271413.140.000) 12/18 14:16:51 Started transferring output files
...
040 (15271413.140.000) 12/18 14:16:51 Finished transferring output files
...
005 (15271413.140.000) 12/18 14:16:51 Job terminated.
	(1) Normal termination (return value 0)
		Usr 0 00:07:16, Sys 0 00:00:06  -  Run Remote Usage
		Usr 0 00:00:00, Sys 0 00:00:00  -  Run Local Usage
		Usr 0 00:07:16, Sys 0 00:00:06  -  Total Remote Usage
		Usr 0 00:00:00, Sys 0 00:00:00  -  Total Local Usage
	169832  -  Run Bytes Sent By Job
	269  -  Run Bytes Received By Job
	169832  -  Total Bytes Sent By Job
	269  -  Total Bytes Received By Job
	Partitionable Resources :    Usage  Request Allocated 
	   Cpus                 :     0.71        1         1 
	   Disk (KB)            :   210           1   2836093 
	   Memory (MB)          :  2888        2000      2000 

	Job terminated of its own accord at 2023-12-18T13:16:51Z.
...
