mkdir: cannot create directory ‘/eos/home-s/spalluot/www/MTD/MTDTB_CERN_Sep23/ModuleCharacterization/HPK_2E14_LYSO300032_Vov2.00_angle64_T-35C/summaryPlots/’: File exists
mkdir: cannot create directory ‘/eos/home-s/spalluot/www/MTD/MTDTB_CERN_Sep23/ModuleCharacterization/HPK_2E14_LYSO300032_Vov2.00_angle64_T-35C/summaryPlots/tot/’: File exists
mkdir: cannot create directory ‘/eos/home-s/spalluot/www/MTD/MTDTB_CERN_Sep23/ModuleCharacterization/HPK_2E14_LYSO300032_Vov2.00_angle64_T-35C/summaryPlots/energy/’: File exists
mkdir: cannot create directory ‘/eos/home-s/spalluot/www/MTD/MTDTB_CERN_Sep23/ModuleCharacterization/HPK_2E14_LYSO300032_Vov2.00_angle64_T-35C/summaryPlots/timeResolution/’: File exists
mkdir: cannot create directory ‘/eos/home-s/spalluot/www/MTD/MTDTB_CERN_Sep23/ModuleCharacterization/HPK_2E14_LYSO300032_Vov2.00_angle64_T-35C/summaryPlots/timeResolution/fit/’: File exists
Fit:0: RuntimeWarning: Fit data is empty 
Fit:0: RuntimeWarning: Fit data is empty 
Fit:0: RuntimeWarning: Fit data is empty 
Fit:0: RuntimeWarning: Fit data is empty 
Fit:0: RuntimeWarning: Fit data is empty 
Fit:0: RuntimeWarning: Fit data is empty 
Fit:0: RuntimeWarning: Fit data is empty 
Fit:0: RuntimeWarning: Fit data is empty 
Fit:0: RuntimeWarning: Fit data is empty 
Fit:0: RuntimeWarning: Fit data is empty 
Fit:0: RuntimeWarning: Fit data is empty 
Fit:0: RuntimeWarning: Fit data is empty 
Fit:0: RuntimeWarning: Fit data is empty 
Fit:0: RuntimeWarning: Fit data is empty 
Fit:0: RuntimeWarning: Fit data is empty 
Fit:0: RuntimeWarning: Fit data is empty 
Fit:0: RuntimeWarning: Fit data is empty 
Fit:0: RuntimeWarning: Fit data is empty 
Fit:0: RuntimeWarning: Fit data is empty 
Fit:0: RuntimeWarning: Fit data is empty 
Fit:0: RuntimeWarning: Fit data is empty 
