000 (15271413.198.000) 12/18 14:02:23 Job submitted from host: <188.184.90.241:9618?addrs=188.184.90.241-9618+[2001-1458-201-e4--100-2eb]-9618&alias=bigbird15.cern.ch&noUDP&sock=schedd_2763_c443>
...
040 (15271413.198.000) 12/18 14:06:55 Started transferring input files
	Transferring to host: <128.142.61.91:9618?addrs=128.142.61.91-9618+[2001-1458-301-23--100-5a]-9618&alias=b9s06p4397.cern.ch&noUDP&sock=slot1_19_126052_c97f_6246>
...
040 (15271413.198.000) 12/18 14:06:55 Finished transferring input files
...
001 (15271413.198.000) 12/18 14:06:56 Job executing on host: <128.142.61.91:9618?addrs=128.142.61.91-9618+[2001-1458-301-23--100-5a]-9618&alias=b9s06p4397.cern.ch&noUDP&sock=startd_113042_fcf0>
...
006 (15271413.198.000) 12/18 14:06:58 Image size of job updated: 58712
	3  -  MemoryUsage of job (MB)
	2380  -  ResidentSetSize of job (KB)
...
040 (15271413.198.000) 12/18 14:06:58 Started transferring output files
...
040 (15271413.198.000) 12/18 14:06:58 Finished transferring output files
...
005 (15271413.198.000) 12/18 14:06:58 Job terminated.
	(1) Normal termination (return value 0)
		Usr 0 00:00:00, Sys 0 00:00:00  -  Run Remote Usage
		Usr 0 00:00:00, Sys 0 00:00:00  -  Run Local Usage
		Usr 0 00:00:00, Sys 0 00:00:00  -  Total Remote Usage
		Usr 0 00:00:00, Sys 0 00:00:00  -  Total Local Usage
	11830  -  Run Bytes Sent By Job
	269  -  Run Bytes Received By Job
	11830  -  Total Bytes Sent By Job
	269  -  Total Bytes Received By Job
	Partitionable Resources :    Usage  Request Allocated 
	   Cpus                 :                 1         1 
	   Disk (KB)            :       26        1   3058201 
	   Memory (MB)          :        3     2000      2000 

	Job terminated of its own accord at 2023-12-18T13:06:58Z.
...
