000 (15271413.134.000) 12/18 14:02:23 Job submitted from host: <188.184.90.241:9618?addrs=188.184.90.241-9618+[2001-1458-201-e4--100-2eb]-9618&alias=bigbird15.cern.ch&noUDP&sock=schedd_2763_c443>
...
040 (15271413.134.000) 12/18 14:06:34 Started transferring input files
	Transferring to host: <128.142.194.235:9618?addrs=128.142.194.235-9618+[2001-1458-301-13--100-6b]-9618&alias=b9g30p5616.cern.ch&noUDP&sock=slot1_10_12386_ceb1_48537>
...
040 (15271413.134.000) 12/18 14:06:34 Finished transferring input files
...
001 (15271413.134.000) 12/18 14:06:35 Job executing on host: <128.142.194.235:9618?addrs=128.142.194.235-9618+[2001-1458-301-13--100-6b]-9618&alias=b9g30p5616.cern.ch&noUDP&sock=startd_11240_4898>
...
006 (15271413.134.000) 12/18 14:06:44 Image size of job updated: 79880
	79  -  MemoryUsage of job (MB)
	79880  -  ResidentSetSize of job (KB)
...
006 (15271413.134.000) 12/18 14:11:45 Image size of job updated: 410444
	401  -  MemoryUsage of job (MB)
	410444  -  ResidentSetSize of job (KB)
...
006 (15271413.134.000) 12/18 14:16:45 Image size of job updated: 2523876
	2465  -  MemoryUsage of job (MB)
	2523876  -  ResidentSetSize of job (KB)
...
040 (15271413.134.000) 12/18 14:16:45 Started transferring output files
...
040 (15271413.134.000) 12/18 14:16:45 Finished transferring output files
...
005 (15271413.134.000) 12/18 14:16:45 Job terminated.
	(1) Normal termination (return value 0)
		Usr 0 00:07:19, Sys 0 00:00:06  -  Run Remote Usage
		Usr 0 00:00:00, Sys 0 00:00:00  -  Run Local Usage
		Usr 0 00:07:19, Sys 0 00:00:06  -  Total Remote Usage
		Usr 0 00:00:00, Sys 0 00:00:00  -  Total Local Usage
	152191  -  Run Bytes Sent By Job
	269  -  Run Bytes Received By Job
	152191  -  Total Bytes Sent By Job
	269  -  Total Bytes Received By Job
	Partitionable Resources :    Usage  Request Allocated 
	   Cpus                 :        0        1         1 
	   Disk (KB)            :      192        1   2928915 
	   Memory (MB)          :     2465     2000      2000 

	Job terminated of its own accord at 2023-12-18T13:16:45Z.
...
