000 (15151953.000.000) 10/03 14:45:29 Job submitted from host: <188.184.90.241:9618?addrs=188.184.90.241-9618+[2001-1458-201-e4--100-2eb]-9618&alias=bigbird15.cern.ch&noUDP&sock=schedd_2763_c443>
...
040 (15151953.000.000) 10/03 14:52:13 Started transferring input files
	Transferring to host: <188.184.163.201:9618?addrs=188.184.163.201-9618+[2001-1458-301-4d--100-c3]-9618&alias=b7s12p7699.cern.ch&noUDP&sock=slot1_26_3655_072e_9777>
...
040 (15151953.000.000) 10/03 14:52:13 Finished transferring input files
...
001 (15151953.000.000) 10/03 14:52:14 Job executing on host: <188.184.163.201:9618?addrs=188.184.163.201-9618+[2001-1458-301-4d--100-c3]-9618&alias=b7s12p7699.cern.ch&noUDP&sock=startd_3037_b536>
...
006 (15151953.000.000) 10/03 14:52:23 Image size of job updated: 642124
	52  -  MemoryUsage of job (MB)
	52688  -  ResidentSetSize of job (KB)
...
006 (15151953.000.000) 10/03 14:57:24 Image size of job updated: 900968
	381  -  MemoryUsage of job (MB)
	389392  -  ResidentSetSize of job (KB)
...
006 (15151953.000.000) 10/03 15:02:24 Image size of job updated: 1264484
	736  -  MemoryUsage of job (MB)
	753256  -  ResidentSetSize of job (KB)
...
006 (15151953.000.000) 10/03 15:07:24 Image size of job updated: 1585184
	1049  -  MemoryUsage of job (MB)
	1073976  -  ResidentSetSize of job (KB)
...
006 (15151953.000.000) 10/03 15:12:25 Image size of job updated: 1811164
	1049  -  MemoryUsage of job (MB)
	1073976  -  ResidentSetSize of job (KB)
...
006 (15151953.000.000) 10/03 15:17:25 Image size of job updated: 4145144
	1049  -  MemoryUsage of job (MB)
	1073976  -  ResidentSetSize of job (KB)
...
006 (15151953.000.000) 10/03 15:22:25 Image size of job updated: 4424296
	1049  -  MemoryUsage of job (MB)
	1073976  -  ResidentSetSize of job (KB)
...
006 (15151953.000.000) 10/03 15:27:26 Image size of job updated: 4436744
	1049  -  MemoryUsage of job (MB)
	1073976  -  ResidentSetSize of job (KB)
...
006 (15151953.000.000) 10/03 15:32:27 Image size of job updated: 4499480
	1049  -  MemoryUsage of job (MB)
	1073976  -  ResidentSetSize of job (KB)
...
006 (15151953.000.000) 10/03 15:36:51 Image size of job updated: 4521296
	1049  -  MemoryUsage of job (MB)
	1073976  -  ResidentSetSize of job (KB)
...
040 (15151953.000.000) 10/03 15:36:51 Started transferring output files
...
040 (15151953.000.000) 10/03 15:36:51 Finished transferring output files
...
005 (15151953.000.000) 10/03 15:36:51 Job terminated.
	(1) Normal termination (return value 0)
		Usr 0 00:21:34, Sys 0 00:00:53  -  Run Remote Usage
		Usr 0 00:00:00, Sys 0 00:00:00  -  Run Local Usage
		Usr 0 00:21:34, Sys 0 00:00:53  -  Total Remote Usage
		Usr 0 00:00:00, Sys 0 00:00:00  -  Total Local Usage
	102858  -  Run Bytes Sent By Job
	323  -  Run Bytes Received By Job
	102858  -  Total Bytes Sent By Job
	323  -  Total Bytes Received By Job
	Partitionable Resources :    Usage  Request Allocated 
	   Cpus                 :     0.12        1         1 
	   Disk (KB)            :   122           1   3105369 
	   Memory (MB)          :  1049        2000      2000 

	Job terminated of its own accord at 2023-10-03T13:36:51Z.
...
