Error in <TSystem::ExpandFileName>: input: $HOME/.root.mimes, output: $HOME/.root.mimes
Error in <TFile::ReadBuffer>: error reading all requested bytes from file /eos/cms/store/group/dpg_mtd/comm_mtd/TB/MTDTB_H8_Sep2023/TOFHIR2/h8/reco//6097/81_e.root, got 284 of 300
Error in <TFile::Init>: /eos/cms/store/group/dpg_mtd/comm_mtd/TB/MTDTB_H8_Sep2023/TOFHIR2/h8/reco//6097/81_e.root failed to read the file type data.

 *** Break *** segmentation violation



===========================================================
There was a crash.
This is the entire stack trace of all threads:
===========================================================
    gdb.printing.register_pretty_printer(gdb.current_objfile(),
    gdb.printing.register_pretty_printer(gdb.current_objfile(),
#0  0x00002b99c8abf60c in waitpid () from /lib64/libc.so.6
#1  0x00002b99c8a3cf62 in do_system () from /lib64/libc.so.6
#2  0x00002b99c3fb83fc in TUnixSystem::StackTrace() () from /usr/lib64/root/libCore.so.6.24
#3  0x00002b99c3fba31a in TUnixSystem::DispatchSignals(ESignals) () from /usr/lib64/root/libCore.so.6.24
#4  <signal handler called>
#5  0x000000000042ed25 in TTree* TDirectory::Get<TTree>(char const*) ()
#6  0x000000000042cf47 in TTree* TDirectoryFile::Get<TTree>(char const*) ()
#7  0x000000000042486f in main ()
===========================================================


The lines below might hint at the cause of the crash.
You may get help by asking at the ROOT forum https://root.cern.ch/forum
Only if you are really convinced it is a bug in ROOT then please submit a
report at https://root.cern.ch/bugs Please post the ENTIRE stack trace
from above as an attachment in addition to anything else
that might help us fixing this issue.
===========================================================
#5  0x000000000042ed25 in TTree* TDirectory::Get<TTree>(char const*) ()
#6  0x000000000042cf47 in TTree* TDirectoryFile::Get<TTree>(char const*) ()
#7  0x000000000042486f in main ()
===========================================================


Error in <TSystem::ExpandFileName>: input: $HOME/.root.mimes, output: $HOME/.root.mimes
Error in <TFile::TFile>: file /afs/cern.ch/user/s/spalluot/MTD/TB_CERN_Sep23/Lab5015Analysis/plots/moduleCharacterization_step1_HPK_2E14_LYSO200104_Vov2.00_angle52_T-30C.root does not exist

 *** Break *** segmentation violation



===========================================================
There was a crash.
This is the entire stack trace of all threads:
===========================================================
    gdb.printing.register_pretty_printer(gdb.current_objfile(),
    gdb.printing.register_pretty_printer(gdb.current_objfile(),
#0  0x00002b1a6b35260c in waitpid () from /lib64/libc.so.6
#1  0x00002b1a6b2cff62 in do_system () from /lib64/libc.so.6
#2  0x00002b1a6684b3fc in TUnixSystem::StackTrace() () from /usr/lib64/root/libCore.so.6.24
#3  0x00002b1a6684d31a in TUnixSystem::DispatchSignals(ESignals) () from /usr/lib64/root/libCore.so.6.24
#4  <signal handler called>
#5  0x0000000000458144 in main ()
===========================================================


The lines below might hint at the cause of the crash.
You may get help by asking at the ROOT forum https://root.cern.ch/forum
Only if you are really convinced it is a bug in ROOT then please submit a
report at https://root.cern.ch/bugs Please post the ENTIRE stack trace
from above as an attachment in addition to anything else
that might help us fixing this issue.
===========================================================
#5  0x0000000000458144 in main ()
===========================================================


