000 (15150662.077.000) 09/28 15:49:40 Job submitted from host: <188.184.90.241:9618?addrs=188.184.90.241-9618+[2001-1458-201-e4--100-2eb]-9618&alias=bigbird15.cern.ch&noUDP&sock=schedd_2763_c443>
...
040 (15150662.077.000) 09/28 16:01:13 Started transferring input files
	Transferring to host: <128.142.57.120:9618?addrs=128.142.57.120-9618+[2001-1458-301-7--100-77]-9618&alias=b7s02p9663.cern.ch&noUDP&sock=slot1_3_4212_7c24_48269>
...
040 (15150662.077.000) 09/28 16:01:13 Finished transferring input files
...
001 (15150662.077.000) 09/28 16:01:14 Job executing on host: <128.142.57.120:9618?addrs=128.142.57.120-9618+[2001-1458-301-7--100-77]-9618&alias=b7s02p9663.cern.ch&noUDP&sock=startd_3029_3874>
...
006 (15150662.077.000) 09/28 16:01:23 Image size of job updated: 911096
	121  -  MemoryUsage of job (MB)
	123188  -  ResidentSetSize of job (KB)
...
006 (15150662.077.000) 09/28 16:03:29 Image size of job updated: 922660
	121  -  MemoryUsage of job (MB)
	123188  -  ResidentSetSize of job (KB)
...
040 (15150662.077.000) 09/28 16:03:29 Started transferring output files
...
040 (15150662.077.000) 09/28 16:03:29 Finished transferring output files
...
005 (15150662.077.000) 09/28 16:03:29 Job terminated.
	(1) Normal termination (return value 0)
		Usr 0 00:00:08, Sys 0 00:00:00  -  Run Remote Usage
		Usr 0 00:00:00, Sys 0 00:00:00  -  Run Local Usage
		Usr 0 00:00:08, Sys 0 00:00:00  -  Total Remote Usage
		Usr 0 00:00:00, Sys 0 00:00:00  -  Total Local Usage
	8242  -  Run Bytes Sent By Job
	374  -  Run Bytes Received By Job
	8242  -  Total Bytes Sent By Job
	374  -  Total Bytes Received By Job
	Partitionable Resources :    Usage  Request Allocated 
	   Cpus                 :                 1         1 
	   Disk (KB)            :       22        1   1186360 
	   Memory (MB)          :      121     2000      2000 

	Job terminated of its own accord at 2023-09-28T14:03:29Z.
...
