000 (15151337.013.000) 10/02 16:23:27 Job submitted from host: <188.184.90.241:9618?addrs=188.184.90.241-9618+[2001-1458-201-e4--100-2eb]-9618&alias=bigbird15.cern.ch&noUDP&sock=schedd_2763_c443>
...
040 (15151337.013.000) 10/02 16:27:07 Started transferring input files
	Transferring to host: <188.184.163.174:9618?addrs=188.184.163.174-9618+[2001-1458-301-4d--100-a8]-9618&alias=b7s12p3744.cern.ch&noUDP&sock=slot1_15_4843_14de_224677>
...
040 (15151337.013.000) 10/02 16:27:07 Finished transferring input files
...
001 (15151337.013.000) 10/02 16:27:08 Job executing on host: <188.184.163.174:9618?addrs=188.184.163.174-9618+[2001-1458-301-4d--100-a8]-9618&alias=b7s12p3744.cern.ch&noUDP&sock=startd_3394_9486>
...
006 (15151337.013.000) 10/02 16:27:17 Image size of job updated: 581044
	59  -  MemoryUsage of job (MB)
	59708  -  ResidentSetSize of job (KB)
...
006 (15151337.013.000) 10/02 16:32:18 Image size of job updated: 872712
	59  -  MemoryUsage of job (MB)
	60380  -  ResidentSetSize of job (KB)
...
006 (15151337.013.000) 10/02 16:37:19 Image size of job updated: 872712
	65  -  MemoryUsage of job (MB)
	65880  -  ResidentSetSize of job (KB)
...
006 (15151337.013.000) 10/02 16:42:19 Image size of job updated: 3461436
	163  -  MemoryUsage of job (MB)
	166848  -  ResidentSetSize of job (KB)
...
006 (15151337.013.000) 10/02 16:47:20 Image size of job updated: 3653468
	353  -  MemoryUsage of job (MB)
	360692  -  ResidentSetSize of job (KB)
...
006 (15151337.013.000) 10/02 16:52:21 Image size of job updated: 3659140
	358  -  MemoryUsage of job (MB)
	366132  -  ResidentSetSize of job (KB)
...
006 (15151337.013.000) 10/02 16:57:21 Image size of job updated: 3663760
	363  -  MemoryUsage of job (MB)
	371624  -  ResidentSetSize of job (KB)
...
006 (15151337.013.000) 10/02 17:02:21 Image size of job updated: 3714860
	413  -  MemoryUsage of job (MB)
	421916  -  ResidentSetSize of job (KB)
...
006 (15151337.013.000) 10/02 17:07:22 Image size of job updated: 3726284
	424  -  MemoryUsage of job (MB)
	434172  -  ResidentSetSize of job (KB)
...
006 (15151337.013.000) 10/02 17:07:57 Image size of job updated: 3729172
	424  -  MemoryUsage of job (MB)
	434172  -  ResidentSetSize of job (KB)
...
040 (15151337.013.000) 10/02 17:07:57 Started transferring output files
...
040 (15151337.013.000) 10/02 17:07:57 Finished transferring output files
...
005 (15151337.013.000) 10/02 17:07:57 Job terminated.
	(1) Normal termination (return value 0)
		Usr 0 00:05:28, Sys 0 00:00:07  -  Run Remote Usage
		Usr 0 00:00:00, Sys 0 00:00:00  -  Run Local Usage
		Usr 0 00:05:28, Sys 0 00:00:07  -  Total Remote Usage
		Usr 0 00:00:00, Sys 0 00:00:00  -  Total Local Usage
	66902  -  Run Bytes Sent By Job
	323  -  Run Bytes Received By Job
	66902  -  Total Bytes Sent By Job
	323  -  Total Bytes Received By Job
	Partitionable Resources :    Usage  Request Allocated 
	   Cpus                 :        0        1         1 
	   Disk (KB)            :       87        1   2932024 
	   Memory (MB)          :      424     2000      2000 

	Job terminated of its own accord at 2023-10-02T15:07:57Z.
...
