000 (15159743.025.000) 10/09 07:56:33 Job submitted from host: <188.184.90.241:9618?addrs=188.184.90.241-9618+[2001-1458-201-e4--100-2eb]-9618&alias=bigbird15.cern.ch&noUDP&sock=schedd_2763_c443>
...
040 (15159743.025.000) 10/09 08:09:43 Started transferring input files
	Transferring to host: <188.184.162.23:9618?addrs=188.184.162.23-9618&alias=b7s11p6431.cern.ch&noUDP&sock=slot1_15_3814_0ed4_227867>
...
040 (15159743.025.000) 10/09 08:09:43 Finished transferring input files
...
001 (15159743.025.000) 10/09 08:09:44 Job executing on host: <188.184.162.23:9618?addrs=188.184.162.23-9618&alias=b7s11p6431.cern.ch&noUDP&sock=startd_2920_74a2>
...
006 (15159743.025.000) 10/09 08:09:53 Image size of job updated: 61504
	54  -  MemoryUsage of job (MB)
	54924  -  ResidentSetSize of job (KB)
...
006 (15159743.025.000) 10/09 08:14:54 Image size of job updated: 903996
	409  -  MemoryUsage of job (MB)
	417932  -  ResidentSetSize of job (KB)
...
006 (15159743.025.000) 10/09 08:19:55 Image size of job updated: 1128996
	604  -  MemoryUsage of job (MB)
	618000  -  ResidentSetSize of job (KB)
...
006 (15159743.025.000) 10/09 08:24:55 Image size of job updated: 1353996
	824  -  MemoryUsage of job (MB)
	843068  -  ResidentSetSize of job (KB)
...
006 (15159743.025.000) 10/09 08:29:06 Image size of job updated: 3977264
	824  -  MemoryUsage of job (MB)
	843068  -  ResidentSetSize of job (KB)
...
040 (15159743.025.000) 10/09 08:29:06 Started transferring output files
...
040 (15159743.025.000) 10/09 08:29:06 Finished transferring output files
...
005 (15159743.025.000) 10/09 08:29:06 Job terminated.
	(1) Normal termination (return value 0)
		Usr 0 00:16:46, Sys 0 00:00:13  -  Run Remote Usage
		Usr 0 00:00:00, Sys 0 00:00:00  -  Run Local Usage
		Usr 0 00:16:46, Sys 0 00:00:13  -  Total Remote Usage
		Usr 0 00:00:00, Sys 0 00:00:00  -  Total Local Usage
	226474  -  Run Bytes Sent By Job
	269  -  Run Bytes Received By Job
	226474  -  Total Bytes Sent By Job
	269  -  Total Bytes Received By Job
	Partitionable Resources :    Usage  Request Allocated 
	   Cpus                 :     0.97        1         1 
	   Disk (KB)            :   242           1   3106081 
	   Memory (MB)          :   824        2000      2000 

	Job terminated of its own accord at 2023-10-09T06:29:06Z.
...
