000 (14832095.134.000) 06/12 15:17:57 Job submitted from host: <188.184.90.241:9618?addrs=188.184.90.241-9618+[2001-1458-201-e4--100-2eb]-9618&alias=bigbird15.cern.ch&noUDP&sock=schedd_1460210_2ef4>
...
040 (14832095.134.000) 06/12 15:20:19 Started transferring input files
	Transferring to host: <188.184.162.75:9618?addrs=188.184.162.75-9618+[2001-1458-301-4a--100-45]-9618&alias=b7s11p6502.cern.ch&noUDP&sock=slot1_22_211044_56ff_19429>
...
040 (14832095.134.000) 06/12 15:20:19 Finished transferring input files
...
001 (14832095.134.000) 06/12 15:20:20 Job executing on host: <188.184.162.75:9618?addrs=188.184.162.75-9618+[2001-1458-301-4a--100-45]-9618&alias=b7s11p6502.cern.ch&noUDP&sock=startd_210991_dae1>
...
006 (14832095.134.000) 06/12 15:20:29 Image size of job updated: 553964
	47  -  MemoryUsage of job (MB)
	47612  -  ResidentSetSize of job (KB)
...
006 (14832095.134.000) 06/12 15:25:30 Image size of job updated: 1470340
	1010  -  MemoryUsage of job (MB)
	1033384  -  ResidentSetSize of job (KB)
...
006 (14832095.134.000) 06/12 15:30:30 Image size of job updated: 1771648
	1205  -  MemoryUsage of job (MB)
	1233584  -  ResidentSetSize of job (KB)
...
006 (14832095.134.000) 06/12 15:40:32 Image size of job updated: 4036864
	1205  -  MemoryUsage of job (MB)
	1233584  -  ResidentSetSize of job (KB)
...
006 (14832095.134.000) 06/12 15:45:32 Image size of job updated: 4036868
	1205  -  MemoryUsage of job (MB)
	1233584  -  ResidentSetSize of job (KB)
...
006 (14832095.134.000) 06/12 15:50:32 Image size of job updated: 4086996
	1205  -  MemoryUsage of job (MB)
	1233584  -  ResidentSetSize of job (KB)
...
006 (14832095.134.000) 06/12 15:55:33 Image size of job updated: 4324212
	1205  -  MemoryUsage of job (MB)
	1233584  -  ResidentSetSize of job (KB)
...
006 (14832095.134.000) 06/12 16:00:34 Image size of job updated: 4332244
	1205  -  MemoryUsage of job (MB)
	1233584  -  ResidentSetSize of job (KB)
...
006 (14832095.134.000) 06/12 16:05:34 Image size of job updated: 4392180
	1205  -  MemoryUsage of job (MB)
	1233584  -  ResidentSetSize of job (KB)
...
006 (14832095.134.000) 06/12 16:10:35 Image size of job updated: 4409748
	1205  -  MemoryUsage of job (MB)
	1233584  -  ResidentSetSize of job (KB)
...
006 (14832095.134.000) 06/12 16:11:00 Image size of job updated: 4415864
	1205  -  MemoryUsage of job (MB)
	1233584  -  ResidentSetSize of job (KB)
...
040 (14832095.134.000) 06/12 16:11:00 Started transferring output files
...
040 (14832095.134.000) 06/12 16:11:00 Finished transferring output files
...
005 (14832095.134.000) 06/12 16:11:00 Job terminated.
	(1) Normal termination (return value 0)
		Usr 0 00:11:18, Sys 0 00:00:41  -  Run Remote Usage
		Usr 0 00:00:00, Sys 0 00:00:00  -  Run Local Usage
		Usr 0 00:11:18, Sys 0 00:00:41  -  Total Remote Usage
		Usr 0 00:00:00, Sys 0 00:00:00  -  Total Local Usage
	115211  -  Run Bytes Sent By Job
	323  -  Run Bytes Received By Job
	115211  -  Total Bytes Sent By Job
	323  -  Total Bytes Received By Job
	Partitionable Resources :    Usage  Request Allocated 
	   Cpus                 :        0        1         1 
	   Disk (KB)            :      134        1   3063264 
	   Memory (MB)          :     1205     2000      2000 

	Job terminated of its own accord at 2023-06-12T14:11:00Z.
...
