000 (15150654.016.000) 09/28 14:27:13 Job submitted from host: <188.184.90.241:9618?addrs=188.184.90.241-9618+[2001-1458-201-e4--100-2eb]-9618&alias=bigbird15.cern.ch&noUDP&sock=schedd_2763_c443>
...
040 (15150654.016.000) 09/28 14:46:00 Started transferring input files
	Transferring to host: <128.142.63.70:9618?addrs=128.142.63.70-9618+[2001-1458-301-38--100-43]-9618&alias=b7s08p5235.cern.ch&noUDP&sock=slot1_15_20809_92a7_72727>
...
040 (15150654.016.000) 09/28 14:46:00 Finished transferring input files
...
001 (15150654.016.000) 09/28 14:46:01 Job executing on host: <128.142.63.70:9618?addrs=128.142.63.70-9618+[2001-1458-301-38--100-43]-9618&alias=b7s08p5235.cern.ch&noUDP&sock=startd_4693_960c>
...
006 (15150654.016.000) 09/28 14:46:10 Image size of job updated: 912132
	122  -  MemoryUsage of job (MB)
	124248  -  ResidentSetSize of job (KB)
...
006 (15150654.016.000) 09/28 14:49:26 Image size of job updated: 924756
	122  -  MemoryUsage of job (MB)
	124248  -  ResidentSetSize of job (KB)
...
040 (15150654.016.000) 09/28 14:49:26 Started transferring output files
...
040 (15150654.016.000) 09/28 14:49:26 Finished transferring output files
...
005 (15150654.016.000) 09/28 14:49:26 Job terminated.
	(1) Normal termination (return value 0)
		Usr 0 00:00:10, Sys 0 00:00:00  -  Run Remote Usage
		Usr 0 00:00:00, Sys 0 00:00:00  -  Run Local Usage
		Usr 0 00:00:10, Sys 0 00:00:00  -  Total Remote Usage
		Usr 0 00:00:00, Sys 0 00:00:00  -  Total Local Usage
	7926  -  Run Bytes Sent By Job
	374  -  Run Bytes Received By Job
	7926  -  Total Bytes Sent By Job
	374  -  Total Bytes Received By Job
	Partitionable Resources :    Usage  Request Allocated 
	   Cpus                 :     0.00        1         1 
	   Disk (KB)            :    29           1   1274087 
	   Memory (MB)          :   122        2000      2000 

	Job terminated of its own accord at 2023-09-28T12:49:26Z.
...
