000 (15151337.030.000) 10/02 16:23:27 Job submitted from host: <188.184.90.241:9618?addrs=188.184.90.241-9618+[2001-1458-201-e4--100-2eb]-9618&alias=bigbird15.cern.ch&noUDP&sock=schedd_2763_c443>
...
040 (15151337.030.000) 10/02 16:27:14 Started transferring input files
	Transferring to host: <128.142.137.76:9618?addrs=128.142.137.76-9618+[2001-1458-301-5e--100-40]-9618&alias=b7g19p7608.cern.ch&noUDP&sock=slot1_6_3762_6b52_116617>
...
040 (15151337.030.000) 10/02 16:27:14 Finished transferring input files
...
001 (15151337.030.000) 10/02 16:27:15 Job executing on host: <128.142.137.76:9618?addrs=128.142.137.76-9618+[2001-1458-301-5e--100-40]-9618&alias=b7g19p7608.cern.ch&noUDP&sock=startd_3144_19d9>
...
006 (15151337.030.000) 10/02 16:27:24 Image size of job updated: 685800
	53  -  MemoryUsage of job (MB)
	53384  -  ResidentSetSize of job (KB)
...
006 (15151337.030.000) 10/02 16:32:25 Image size of job updated: 1057768
	500  -  MemoryUsage of job (MB)
	511308  -  ResidentSetSize of job (KB)
...
006 (15151337.030.000) 10/02 16:37:26 Image size of job updated: 1225228
	500  -  MemoryUsage of job (MB)
	511308  -  ResidentSetSize of job (KB)
...
006 (15151337.030.000) 10/02 16:42:26 Image size of job updated: 3648520
	500  -  MemoryUsage of job (MB)
	511308  -  ResidentSetSize of job (KB)
...
006 (15151337.030.000) 10/02 16:47:26 Image size of job updated: 3689768
	500  -  MemoryUsage of job (MB)
	511308  -  ResidentSetSize of job (KB)
...
006 (15151337.030.000) 10/02 16:52:27 Image size of job updated: 3892568
	539  -  MemoryUsage of job (MB)
	551640  -  ResidentSetSize of job (KB)
...
006 (15151337.030.000) 10/02 16:57:28 Image size of job updated: 3920656
	567  -  MemoryUsage of job (MB)
	580184  -  ResidentSetSize of job (KB)
...
006 (15151337.030.000) 10/02 17:02:28 Image size of job updated: 3952592
	598  -  MemoryUsage of job (MB)
	611692  -  ResidentSetSize of job (KB)
...
006 (15151337.030.000) 10/02 17:07:29 Image size of job updated: 3966344
	614  -  MemoryUsage of job (MB)
	628688  -  ResidentSetSize of job (KB)
...
006 (15151337.030.000) 10/02 17:08:38 Image size of job updated: 3969860
	614  -  MemoryUsage of job (MB)
	628688  -  ResidentSetSize of job (KB)
...
040 (15151337.030.000) 10/02 17:08:38 Started transferring output files
...
040 (15151337.030.000) 10/02 17:08:38 Finished transferring output files
...
005 (15151337.030.000) 10/02 17:08:38 Job terminated.
	(1) Normal termination (return value 0)
		Usr 0 00:13:43, Sys 0 00:00:25  -  Run Remote Usage
		Usr 0 00:00:00, Sys 0 00:00:00  -  Run Local Usage
		Usr 0 00:13:43, Sys 0 00:00:25  -  Total Remote Usage
		Usr 0 00:00:00, Sys 0 00:00:00  -  Total Local Usage
	90952  -  Run Bytes Sent By Job
	323  -  Run Bytes Received By Job
	90952  -  Total Bytes Sent By Job
	323  -  Total Bytes Received By Job
	Partitionable Resources :    Usage  Request Allocated 
	   Cpus                 :     1.00        1         1 
	   Disk (KB)            :   110           1   1708634 
	   Memory (MB)          :   614        2000      2000 

	Job terminated of its own accord at 2023-10-02T15:08:38Z.
...
