000 (14832095.130.000) 06/12 15:17:57 Job submitted from host: <188.184.90.241:9618?addrs=188.184.90.241-9618+[2001-1458-201-e4--100-2eb]-9618&alias=bigbird15.cern.ch&noUDP&sock=schedd_1460210_2ef4>
...
040 (14832095.130.000) 06/12 15:20:17 Started transferring input files
	Transferring to host: <188.184.163.190:9618?addrs=188.184.163.190-9618+[2001-1458-301-4d--100-b8]-9618&alias=b7s12p3826.cern.ch&noUDP&sock=slot1_10_18486_cf29_57551>
...
040 (14832095.130.000) 06/12 15:20:17 Finished transferring input files
...
001 (14832095.130.000) 06/12 15:20:18 Job executing on host: <188.184.163.190:9618?addrs=188.184.163.190-9618+[2001-1458-301-4d--100-b8]-9618&alias=b7s12p3826.cern.ch&noUDP&sock=startd_100654_d9b6>
...
006 (14832095.130.000) 06/12 15:20:26 Image size of job updated: 552972
	47  -  MemoryUsage of job (MB)
	47684  -  ResidentSetSize of job (KB)
...
006 (14832095.130.000) 06/12 15:25:26 Image size of job updated: 1154760
	74  -  MemoryUsage of job (MB)
	75736  -  ResidentSetSize of job (KB)
...
006 (14832095.130.000) 06/12 15:27:03 Image size of job updated: 1207584
	74  -  MemoryUsage of job (MB)
	75736  -  ResidentSetSize of job (KB)
...
040 (14832095.130.000) 06/12 15:27:03 Started transferring output files
...
040 (14832095.130.000) 06/12 15:27:03 Finished transferring output files
...
005 (14832095.130.000) 06/12 15:27:03 Job terminated.
	(1) Normal termination (return value 0)
		Usr 0 00:03:13, Sys 0 00:00:10  -  Run Remote Usage
		Usr 0 00:00:00, Sys 0 00:00:00  -  Run Local Usage
		Usr 0 00:03:13, Sys 0 00:00:10  -  Total Remote Usage
		Usr 0 00:00:00, Sys 0 00:00:00  -  Total Local Usage
	44483  -  Run Bytes Sent By Job
	323  -  Run Bytes Received By Job
	44483  -  Total Bytes Sent By Job
	323  -  Total Bytes Received By Job
	Partitionable Resources :    Usage  Request Allocated 
	   Cpus                 :                 1         1 
	   Disk (KB)            :       57        1   3098609 
	   Memory (MB)          :       74     2000      2000 

	Job terminated of its own accord at 2023-06-12T13:27:03Z.
...
