000 (15148591.035.000) 09/26 23:15:32 Job submitted from host: <188.184.90.241:9618?addrs=188.184.90.241-9618+[2001-1458-201-e4--100-2eb]-9618&alias=bigbird15.cern.ch&noUDP&sock=schedd_2763_c443>
...
040 (15148591.035.000) 09/26 23:30:30 Started transferring input files
	Transferring to host: <188.184.163.157:9618?addrs=188.184.163.157-9618&alias=b7s12p0877.cern.ch&noUDP&sock=slot1_6_3554_dd4a_58841>
...
040 (15148591.035.000) 09/26 23:30:30 Finished transferring input files
...
001 (15148591.035.000) 09/26 23:30:31 Job executing on host: <188.184.163.157:9618?addrs=188.184.163.157-9618&alias=b7s12p0877.cern.ch&noUDP&sock=startd_2844_536f>
...
006 (15148591.035.000) 09/26 23:30:40 Image size of job updated: 625360
	76  -  MemoryUsage of job (MB)
	77168  -  ResidentSetSize of job (KB)
...
006 (15148591.035.000) 09/26 23:35:41 Image size of job updated: 958160
	404  -  MemoryUsage of job (MB)
	413108  -  ResidentSetSize of job (KB)
...
006 (15148591.035.000) 09/26 23:40:42 Image size of job updated: 1338084
	802  -  MemoryUsage of job (MB)
	820860  -  ResidentSetSize of job (KB)
...
006 (15148591.035.000) 09/26 23:45:42 Image size of job updated: 1351108
	802  -  MemoryUsage of job (MB)
	820860  -  ResidentSetSize of job (KB)
...
006 (15148591.035.000) 09/26 23:55:43 Image size of job updated: 4112580
	802  -  MemoryUsage of job (MB)
	820860  -  ResidentSetSize of job (KB)
...
006 (15148591.035.000) 09/27 00:00:43 Image size of job updated: 4393952
	802  -  MemoryUsage of job (MB)
	820860  -  ResidentSetSize of job (KB)
...
006 (15148591.035.000) 09/27 00:05:43 Image size of job updated: 4436576
	802  -  MemoryUsage of job (MB)
	820860  -  ResidentSetSize of job (KB)
...
006 (15148591.035.000) 09/27 00:10:38 Image size of job updated: 4488344
	802  -  MemoryUsage of job (MB)
	820860  -  ResidentSetSize of job (KB)
...
040 (15148591.035.000) 09/27 00:10:38 Started transferring output files
...
040 (15148591.035.000) 09/27 00:10:38 Finished transferring output files
...
005 (15148591.035.000) 09/27 00:10:38 Job terminated.
	(1) Normal termination (return value 0)
		Usr 0 00:18:08, Sys 0 00:00:32  -  Run Remote Usage
		Usr 0 00:00:00, Sys 0 00:00:00  -  Run Local Usage
		Usr 0 00:18:08, Sys 0 00:00:32  -  Total Remote Usage
		Usr 0 00:00:00, Sys 0 00:00:00  -  Total Local Usage
	96569  -  Run Bytes Sent By Job
	323  -  Run Bytes Received By Job
	96569  -  Total Bytes Sent By Job
	323  -  Total Bytes Received By Job
	Partitionable Resources :    Usage  Request Allocated 
	   Cpus                 :     0.46        1         1 
	   Disk (KB)            :   115           1   2857159 
	   Memory (MB)          :   802        2000      2000 

	Job terminated of its own accord at 2023-09-26T22:10:38Z.
...
