000 (15150654.145.000) 09/28 14:27:13 Job submitted from host: <188.184.90.241:9618?addrs=188.184.90.241-9618+[2001-1458-201-e4--100-2eb]-9618&alias=bigbird15.cern.ch&noUDP&sock=schedd_2763_c443>
...
040 (15150654.145.000) 09/28 14:46:43 Started transferring input files
	Transferring to host: <128.142.57.128:9618?addrs=128.142.57.128-9618+[2001-1458-301-7--100-7f]-9618&alias=b7s02p6962.cern.ch&noUDP&sock=slot1_9_4027_22bd_199142>
...
040 (15150654.145.000) 09/28 14:46:43 Finished transferring input files
...
001 (15150654.145.000) 09/28 14:46:44 Job executing on host: <128.142.57.128:9618?addrs=128.142.57.128-9618+[2001-1458-301-7--100-7f]-9618&alias=b7s02p6962.cern.ch&noUDP&sock=startd_3040_c3ff>
...
006 (15150654.145.000) 09/28 14:46:53 Image size of job updated: 910092
	121  -  MemoryUsage of job (MB)
	123500  -  ResidentSetSize of job (KB)
...
006 (15150654.145.000) 09/28 14:51:07 Image size of job updated: 920040
	121  -  MemoryUsage of job (MB)
	123500  -  ResidentSetSize of job (KB)
...
040 (15150654.145.000) 09/28 14:51:07 Started transferring output files
...
040 (15150654.145.000) 09/28 14:51:07 Finished transferring output files
...
005 (15150654.145.000) 09/28 14:51:07 Job terminated.
	(1) Normal termination (return value 0)
		Usr 0 00:00:06, Sys 0 00:00:00  -  Run Remote Usage
		Usr 0 00:00:00, Sys 0 00:00:00  -  Run Local Usage
		Usr 0 00:00:06, Sys 0 00:00:00  -  Total Remote Usage
		Usr 0 00:00:00, Sys 0 00:00:00  -  Total Local Usage
	7933  -  Run Bytes Sent By Job
	374  -  Run Bytes Received By Job
	7933  -  Total Bytes Sent By Job
	374  -  Total Bytes Received By Job
	Partitionable Resources :    Usage  Request Allocated 
	   Cpus                 :                 1         1 
	   Disk (KB)            :       22        1   1298835 
	   Memory (MB)          :      121     2000      2000 

	Job terminated of its own accord at 2023-09-28T12:51:07Z.
...
