000 (14807272.011.000) 05/14 22:53:25 Job submitted from host: <188.184.90.241:9618?addrs=188.184.90.241-9618+[2001-1458-201-e4--100-2eb]-9618&alias=bigbird15.cern.ch&noUDP&sock=schedd_3273_9590>
...
040 (14807272.011.000) 05/14 23:06:16 Started transferring input files
	Transferring to host: <188.184.163.148:9618?addrs=188.184.163.148-9618+[2001-1458-301-4d--100-8e]-9618&alias=b7s12p8607.cern.ch&noUDP&sock=slot1_20_3842_c955_55868>
...
040 (14807272.011.000) 05/14 23:06:16 Finished transferring input files
...
001 (14807272.011.000) 05/14 23:06:17 Job executing on host: <188.184.163.148:9618?addrs=188.184.163.148-9618+[2001-1458-301-4d--100-8e]-9618&alias=b7s12p8607.cern.ch&noUDP&sock=startd_3226_589d>
...
006 (14807272.011.000) 05/14 23:06:25 Image size of job updated: 553960
	47  -  MemoryUsage of job (MB)
	47632  -  ResidentSetSize of job (KB)
...
006 (14807272.011.000) 05/14 23:11:25 Image size of job updated: 1786692
	1229  -  MemoryUsage of job (MB)
	1258152  -  ResidentSetSize of job (KB)
...
006 (14807272.011.000) 05/14 23:21:27 Image size of job updated: 4154092
	1229  -  MemoryUsage of job (MB)
	1258152  -  ResidentSetSize of job (KB)
...
006 (14807272.011.000) 05/14 23:26:27 Image size of job updated: 4388260
	1229  -  MemoryUsage of job (MB)
	1258152  -  ResidentSetSize of job (KB)
...
006 (14807272.011.000) 05/14 23:30:00 Image size of job updated: 4487704
	1229  -  MemoryUsage of job (MB)
	1258152  -  ResidentSetSize of job (KB)
...
040 (14807272.011.000) 05/14 23:30:00 Started transferring output files
...
040 (14807272.011.000) 05/14 23:30:00 Finished transferring output files
...
005 (14807272.011.000) 05/14 23:30:00 Job terminated.
	(1) Normal termination (return value 0)
		Usr 0 00:08:51, Sys 0 00:00:37  -  Run Remote Usage
		Usr 0 00:00:00, Sys 0 00:00:00  -  Run Local Usage
		Usr 0 00:08:51, Sys 0 00:00:37  -  Total Remote Usage
		Usr 0 00:00:00, Sys 0 00:00:00  -  Total Local Usage
	103923  -  Run Bytes Sent By Job
	323  -  Run Bytes Received By Job
	103923  -  Total Bytes Sent By Job
	323  -  Total Bytes Received By Job
	Partitionable Resources :    Usage  Request Allocated 
	   Cpus                 :        0        1         1 
	   Disk (KB)            :      123        1   3037128 
	   Memory (MB)          :     1229     2000      2000 

	Job terminated of its own accord at 2023-05-14T21:30:00Z.
...
