000 (15150662.106.000) 09/28 15:49:40 Job submitted from host: <188.184.90.241:9618?addrs=188.184.90.241-9618+[2001-1458-201-e4--100-2eb]-9618&alias=bigbird15.cern.ch&noUDP&sock=schedd_2763_c443>
...
040 (15150662.106.000) 09/28 16:01:22 Started transferring input files
	Transferring to host: <128.142.63.38:9618?addrs=128.142.63.38-9618+[2001-1458-301-38--100-23]-9618&alias=b7s08p9126.cern.ch&noUDP&sock=slot1_37_59121_d7bd_104593>
...
040 (15150662.106.000) 09/28 16:01:22 Finished transferring input files
...
001 (15150662.106.000) 09/28 16:01:23 Job executing on host: <128.142.63.38:9618?addrs=128.142.63.38-9618+[2001-1458-301-38--100-23]-9618&alias=b7s08p9126.cern.ch&noUDP&sock=startd_59083_9a27>
...
006 (15150662.106.000) 09/28 16:01:31 Image size of job updated: 123500
	121  -  MemoryUsage of job (MB)
	123500  -  ResidentSetSize of job (KB)
...
006 (15150662.106.000) 09/28 16:06:00 Image size of job updated: 922760
	121  -  MemoryUsage of job (MB)
	123500  -  ResidentSetSize of job (KB)
...
040 (15150662.106.000) 09/28 16:06:00 Started transferring output files
...
040 (15150662.106.000) 09/28 16:06:00 Finished transferring output files
...
005 (15150662.106.000) 09/28 16:06:00 Job terminated.
	(1) Normal termination (return value 0)
		Usr 0 00:00:10, Sys 0 00:00:01  -  Run Remote Usage
		Usr 0 00:00:00, Sys 0 00:00:00  -  Run Local Usage
		Usr 0 00:00:10, Sys 0 00:00:01  -  Total Remote Usage
		Usr 0 00:00:00, Sys 0 00:00:00  -  Total Local Usage
	7937  -  Run Bytes Sent By Job
	374  -  Run Bytes Received By Job
	7937  -  Total Bytes Sent By Job
	374  -  Total Bytes Received By Job
	Partitionable Resources :    Usage  Request Allocated 
	   Cpus                 :                 1         1 
	   Disk (KB)            :       22        1   1304119 
	   Memory (MB)          :      121     2000      2000 

	Job terminated of its own accord at 2023-09-28T14:06:00Z.
...
