000 (14759904.006.000) 03/28 14:31:39 Job submitted from host: <188.184.90.241:9618?addrs=188.184.90.241-9618+[2001-1458-201-e4--100-2eb]-9618&alias=bigbird15.cern.ch&noUDP&sock=schedd_3631588_e24a>
...
040 (14759904.006.000) 03/28 16:10:50 Started transferring input files
	Transferring to host: <128.142.59.59:9618?addrs=128.142.59.59-9618+[2001-1458-301-21--100-3a]-9618&alias=b7s04p1125.cern.ch&noUDP&sock=slot1_28_4094_57e0_53003>
...
040 (14759904.006.000) 03/28 16:10:50 Finished transferring input files
...
001 (14759904.006.000) 03/28 16:10:51 Job executing on host: <128.142.59.59:9618?addrs=128.142.59.59-9618+[2001-1458-301-21--100-3a]-9618&alias=b7s04p1125.cern.ch&noUDP&sock=startd_3084_f22a>
...
006 (14759904.006.000) 03/28 16:11:00 Image size of job updated: 554192
	47  -  MemoryUsage of job (MB)
	47744  -  ResidentSetSize of job (KB)
...
006 (14759904.006.000) 03/28 16:14:05 Image size of job updated: 3839804
	47  -  MemoryUsage of job (MB)
	47744  -  ResidentSetSize of job (KB)
...
040 (14759904.006.000) 03/28 16:14:10 Entered queue to transfer output files
...
040 (14759904.006.000) 03/28 16:14:11 Started transferring output files
...
040 (14759904.006.000) 03/28 16:14:11 Finished transferring output files
...
005 (14759904.006.000) 03/28 16:14:12 Job terminated.
	(1) Normal termination (return value 0)
		Usr 0 00:01:52, Sys 0 00:00:06  -  Run Remote Usage
		Usr 0 00:00:00, Sys 0 00:00:00  -  Run Local Usage
		Usr 0 00:01:52, Sys 0 00:00:06  -  Total Remote Usage
		Usr 0 00:00:00, Sys 0 00:00:00  -  Total Local Usage
	195546  -  Run Bytes Sent By Job
	269  -  Run Bytes Received By Job
	195546  -  Total Bytes Sent By Job
	269  -  Total Bytes Received By Job
	Partitionable Resources :    Usage  Request Allocated 
	   Cpus                 :                 1         1 
	   Disk (KB)            :      205        1   1233649 
	   Memory (MB)          :       47     2000      2000 

	Job terminated of its own accord at 2023-03-28T14:14:05Z.
...
