000 (15159766.190.000) 10/09 11:47:57 Job submitted from host: <188.184.90.241:9618?addrs=188.184.90.241-9618+[2001-1458-201-e4--100-2eb]-9618&alias=bigbird15.cern.ch&noUDP&sock=schedd_2763_c443>
...
040 (15159766.190.000) 10/09 14:25:21 Started transferring input files
	Transferring to host: <188.184.162.93:9618?addrs=188.184.162.93-9618+[2001-1458-301-4a--100-57]-9618&alias=b7s11p7795.cern.ch&noUDP&sock=slot1_19_134009_36a3_227011>
...
040 (15159766.190.000) 10/09 14:25:21 Finished transferring input files
...
001 (15159766.190.000) 10/09 14:25:22 Job executing on host: <188.184.162.93:9618?addrs=188.184.162.93-9618+[2001-1458-301-4a--100-57]-9618&alias=b7s11p7795.cern.ch&noUDP&sock=startd_40500_35b7>
...
006 (15159766.190.000) 10/09 14:25:30 Image size of job updated: 123276
	121  -  MemoryUsage of job (MB)
	123276  -  ResidentSetSize of job (KB)
...
006 (15159766.190.000) 10/09 14:29:48 Image size of job updated: 924116
	121  -  MemoryUsage of job (MB)
	123276  -  ResidentSetSize of job (KB)
...
040 (15159766.190.000) 10/09 14:29:48 Started transferring output files
...
040 (15159766.190.000) 10/09 14:29:48 Finished transferring output files
...
005 (15159766.190.000) 10/09 14:29:48 Job terminated.
	(1) Normal termination (return value 0)
		Usr 0 00:00:15, Sys 0 00:00:00  -  Run Remote Usage
		Usr 0 00:00:00, Sys 0 00:00:00  -  Run Local Usage
		Usr 0 00:00:15, Sys 0 00:00:00  -  Total Remote Usage
		Usr 0 00:00:00, Sys 0 00:00:00  -  Total Local Usage
	7952  -  Run Bytes Sent By Job
	374  -  Run Bytes Received By Job
	7952  -  Total Bytes Sent By Job
	374  -  Total Bytes Received By Job
	Partitionable Resources :    Usage  Request Allocated 
	   Cpus                 :        0        1         1 
	   Disk (KB)            :       29        1   2946118 
	   Memory (MB)          :      121     2000      2000 

	Job terminated of its own accord at 2023-10-09T12:29:48Z.
...
