000 (15159766.166.000) 10/09 11:47:57 Job submitted from host: <188.184.90.241:9618?addrs=188.184.90.241-9618+[2001-1458-201-e4--100-2eb]-9618&alias=bigbird15.cern.ch&noUDP&sock=schedd_2763_c443>
...
040 (15159766.166.000) 10/09 14:25:21 Started transferring input files
	Transferring to host: <188.184.160.106:9618?addrs=188.184.160.106-9618+[2001-1458-301-48--100-64]-9618&alias=b7s09p4431.cern.ch&noUDP&sock=slot1_27_122802_de3b_232123>
...
040 (15159766.166.000) 10/09 14:25:21 Finished transferring input files
...
001 (15159766.166.000) 10/09 14:25:22 Job executing on host: <188.184.160.106:9618?addrs=188.184.160.106-9618+[2001-1458-301-48--100-64]-9618&alias=b7s09p4431.cern.ch&noUDP&sock=startd_28406_bb55>
...
006 (15159766.166.000) 10/09 14:25:27 Image size of job updated: 143160
	0  -  MemoryUsage of job (MB)
	0  -  ResidentSetSize of job (KB)
...
040 (15159766.166.000) 10/09 14:25:27 Started transferring output files
...
040 (15159766.166.000) 10/09 14:25:27 Finished transferring output files
...
005 (15159766.166.000) 10/09 14:25:27 Job terminated.
	(1) Normal termination (return value 0)
		Usr 0 00:00:01, Sys 0 00:00:00  -  Run Remote Usage
		Usr 0 00:00:00, Sys 0 00:00:00  -  Run Local Usage
		Usr 0 00:00:01, Sys 0 00:00:00  -  Total Remote Usage
		Usr 0 00:00:00, Sys 0 00:00:00  -  Total Local Usage
	7655  -  Run Bytes Sent By Job
	374  -  Run Bytes Received By Job
	7655  -  Total Bytes Sent By Job
	374  -  Total Bytes Received By Job
	Partitionable Resources :    Usage  Request Allocated 
	   Cpus                 :                 1         1 
	   Disk (KB)            :       21        1   2995556 
	   Memory (MB)          :        0     2000      2000 

	Job terminated of its own accord at 2023-10-09T12:25:27Z.
...
