000 (14857949.028.000) 06/22 15:24:33 Job submitted from host: <188.184.90.241:9618?addrs=188.184.90.241-9618+[2001-1458-201-e4--100-2eb]-9618&alias=bigbird15.cern.ch&noUDP&sock=schedd_1460210_2ef4>
...
040 (14857949.028.000) 06/22 15:34:27 Started transferring input files
	Transferring to host: <128.142.58.175:9618?addrs=128.142.58.175-9618+[2001-1458-301-16--100-ae]-9618&alias=b7s03p3472.cern.ch&noUDP&sock=slot1_36_39942_8091_7602>
...
040 (14857949.028.000) 06/22 15:34:27 Finished transferring input files
...
001 (14857949.028.000) 06/22 15:34:28 Job executing on host: <128.142.58.175:9618?addrs=128.142.58.175-9618+[2001-1458-301-16--100-ae]-9618&alias=b7s03p3472.cern.ch&noUDP&sock=startd_39904_6745>
...
006 (14857949.028.000) 06/22 15:34:36 Image size of job updated: 48280
	47  -  MemoryUsage of job (MB)
	47680  -  ResidentSetSize of job (KB)
...
006 (14857949.028.000) 06/22 15:39:36 Image size of job updated: 1853184
	1309  -  MemoryUsage of job (MB)
	1340088  -  ResidentSetSize of job (KB)
...
006 (14857949.028.000) 06/22 15:44:37 Image size of job updated: 1878248
	1309  -  MemoryUsage of job (MB)
	1340088  -  ResidentSetSize of job (KB)
...
006 (14857949.028.000) 06/22 15:49:37 Image size of job updated: 4326732
	1309  -  MemoryUsage of job (MB)
	1340088  -  ResidentSetSize of job (KB)
...
006 (14857949.028.000) 06/22 15:53:54 Image size of job updated: 4416328
	1309  -  MemoryUsage of job (MB)
	1340088  -  ResidentSetSize of job (KB)
...
040 (14857949.028.000) 06/22 15:53:54 Started transferring output files
...
040 (14857949.028.000) 06/22 15:53:54 Finished transferring output files
...
005 (14857949.028.000) 06/22 15:53:54 Job terminated.
	(1) Normal termination (return value 0)
		Usr 0 00:09:27, Sys 0 00:00:39  -  Run Remote Usage
		Usr 0 00:00:00, Sys 0 00:00:00  -  Run Local Usage
		Usr 0 00:09:27, Sys 0 00:00:39  -  Total Remote Usage
		Usr 0 00:00:00, Sys 0 00:00:00  -  Total Local Usage
	120525  -  Run Bytes Sent By Job
	323  -  Run Bytes Received By Job
	120525  -  Total Bytes Sent By Job
	323  -  Total Bytes Received By Job
	Partitionable Resources :    Usage  Request Allocated 
	   Cpus                 :     0.22        1         1 
	   Disk (KB)            :   139           1   1303280 
	   Memory (MB)          :  1309        2000      2000 

	Job terminated of its own accord at 2023-06-22T13:53:54Z.
...
