000 (15155263.010.000) 10/07 15:36:06 Job submitted from host: <188.184.90.241:9618?addrs=188.184.90.241-9618+[2001-1458-201-e4--100-2eb]-9618&alias=bigbird15.cern.ch&noUDP&sock=schedd_2763_c443>
...
040 (15155263.010.000) 10/07 15:38:38 Started transferring input files
	Transferring to host: <128.142.61.65:9618?addrs=128.142.61.65-9618+[2001-1458-301-23--100-40]-9618&alias=b7s06p7861.cern.ch&noUDP&sock=slot1_6_3159_8d1a_35375>
...
040 (15155263.010.000) 10/07 15:38:38 Finished transferring input files
...
001 (15155263.010.000) 10/07 15:38:39 Job executing on host: <128.142.61.65:9618?addrs=128.142.61.65-9618+[2001-1458-301-23--100-40]-9618&alias=b7s06p7861.cern.ch&noUDP&sock=startd_2809_519f>
...
006 (15155263.010.000) 10/07 15:38:47 Image size of job updated: 631384
	55  -  MemoryUsage of job (MB)
	55376  -  ResidentSetSize of job (KB)
...
006 (15155263.010.000) 10/07 15:39:07 Image size of job updated: 637936
	57  -  MemoryUsage of job (MB)
	58116  -  ResidentSetSize of job (KB)
...
040 (15155263.010.000) 10/07 15:39:07 Started transferring output files
...
040 (15155263.010.000) 10/07 15:39:07 Finished transferring output files
...
005 (15155263.010.000) 10/07 15:39:07 Job terminated.
	(1) Normal termination (return value 0)
		Usr 0 00:00:03, Sys 0 00:00:02  -  Run Remote Usage
		Usr 0 00:00:00, Sys 0 00:00:00  -  Run Local Usage
		Usr 0 00:00:03, Sys 0 00:00:02  -  Total Remote Usage
		Usr 0 00:00:00, Sys 0 00:00:00  -  Total Local Usage
	23956  -  Run Bytes Sent By Job
	323  -  Run Bytes Received By Job
	23956  -  Total Bytes Sent By Job
	323  -  Total Bytes Received By Job
	Partitionable Resources :    Usage  Request Allocated 
	   Cpus                 :                 1         1 
	   Disk (KB)            :       37        1   1223380 
	   Memory (MB)          :       57     2000      2000 

	Job terminated of its own accord at 2023-10-07T13:39:07Z.
...
