000 (14808124.070.000) 05/19 04:24:07 Job submitted from host: <188.184.90.241:9618?addrs=188.184.90.241-9618+[2001-1458-201-e4--100-2eb]-9618&alias=bigbird15.cern.ch&noUDP&sock=schedd_3273_9590>
...
040 (14808124.070.000) 05/19 04:36:06 Started transferring input files
	Transferring to host: <188.184.162.179:9618?addrs=188.184.162.179-9618+[2001-1458-301-4a--100-ad]-9618&alias=b7s11p3916.cern.ch&noUDP&sock=slot1_19_4846_31fe_67779>
...
040 (14808124.070.000) 05/19 04:36:06 Finished transferring input files
...
001 (14808124.070.000) 05/19 04:36:07 Job executing on host: <188.184.162.179:9618?addrs=188.184.162.179-9618+[2001-1458-301-4a--100-ad]-9618&alias=b7s11p3916.cern.ch&noUDP&sock=startd_3358_e31d>
...
006 (14808124.070.000) 05/19 04:36:16 Image size of job updated: 644780
	125  -  MemoryUsage of job (MB)
	126980  -  ResidentSetSize of job (KB)
...
006 (14808124.070.000) 05/19 04:41:17 Image size of job updated: 4670496
	4067  -  MemoryUsage of job (MB)
	4163660  -  ResidentSetSize of job (KB)
...
006 (14808124.070.000) 05/19 04:43:27 Image size of job updated: 4796032
	4067  -  MemoryUsage of job (MB)
	4163660  -  ResidentSetSize of job (KB)
...
040 (14808124.070.000) 05/19 04:43:27 Started transferring output files
...
040 (14808124.070.000) 05/19 04:43:27 Finished transferring output files
...
005 (14808124.070.000) 05/19 04:43:27 Job terminated.
	(1) Normal termination (return value 0)
		Usr 0 00:05:40, Sys 0 00:00:08  -  Run Remote Usage
		Usr 0 00:00:00, Sys 0 00:00:00  -  Run Local Usage
		Usr 0 00:05:40, Sys 0 00:00:08  -  Total Remote Usage
		Usr 0 00:00:00, Sys 0 00:00:00  -  Total Local Usage
	391626  -  Run Bytes Sent By Job
	269  -  Run Bytes Received By Job
	391626  -  Total Bytes Sent By Job
	269  -  Total Bytes Received By Job
	Partitionable Resources :    Usage  Request Allocated 
	   Cpus                 :     0.83        1         1 
	   Disk (KB)            :   404           1   3071281 
	   Memory (MB)          :  4067        2000      2000 

	Job terminated of its own accord at 2023-05-19T02:43:27Z.
...
