000 (15153696.155.000) 10/03 22:27:19 Job submitted from host: <188.184.90.241:9618?addrs=188.184.90.241-9618+[2001-1458-201-e4--100-2eb]-9618&alias=bigbird15.cern.ch&noUDP&sock=schedd_2763_c443>
...
040 (15153696.155.000) 10/03 22:31:11 Started transferring input files
	Transferring to host: <128.142.63.37:9618?addrs=128.142.63.37-9618+[2001-1458-301-38--100-22]-9618&alias=b7s08p3742.cern.ch&noUDP&sock=slot1_16_4408_95ac_204064>
...
040 (15153696.155.000) 10/03 22:31:11 Finished transferring input files
...
001 (15153696.155.000) 10/03 22:31:12 Job executing on host: <128.142.63.37:9618?addrs=128.142.63.37-9618+[2001-1458-301-38--100-22]-9618&alias=b7s08p3742.cern.ch&noUDP&sock=startd_3190_a734>
...
006 (15153696.155.000) 10/03 22:31:20 Image size of job updated: 911296
	121  -  MemoryUsage of job (MB)
	123388  -  ResidentSetSize of job (KB)
...
006 (15153696.155.000) 10/03 22:35:42 Image size of job updated: 923492
	121  -  MemoryUsage of job (MB)
	123388  -  ResidentSetSize of job (KB)
...
040 (15153696.155.000) 10/03 22:35:42 Started transferring output files
...
040 (15153696.155.000) 10/03 22:35:42 Finished transferring output files
...
005 (15153696.155.000) 10/03 22:35:42 Job terminated.
	(1) Normal termination (return value 0)
		Usr 0 00:00:10, Sys 0 00:00:00  -  Run Remote Usage
		Usr 0 00:00:00, Sys 0 00:00:00  -  Run Local Usage
		Usr 0 00:00:10, Sys 0 00:00:00  -  Total Remote Usage
		Usr 0 00:00:00, Sys 0 00:00:00  -  Total Local Usage
	7933  -  Run Bytes Sent By Job
	374  -  Run Bytes Received By Job
	7933  -  Total Bytes Sent By Job
	374  -  Total Bytes Received By Job
	Partitionable Resources :    Usage  Request Allocated 
	   Cpus                 :                 1         1 
	   Disk (KB)            :       22        1   1284716 
	   Memory (MB)          :      121     2000      2000 

	Job terminated of its own accord at 2023-10-03T20:35:42Z.
...
