000 (15150662.089.000) 09/28 15:49:40 Job submitted from host: <188.184.90.241:9618?addrs=188.184.90.241-9618+[2001-1458-201-e4--100-2eb]-9618&alias=bigbird15.cern.ch&noUDP&sock=schedd_2763_c443>
...
040 (15150662.089.000) 09/28 16:01:17 Started transferring input files
	Transferring to host: <128.142.59.21:9618?addrs=128.142.59.21-9618+[2001-1458-301-21--100-14]-9618&alias=b7s04p2966.cern.ch&noUDP&sock=slot1_45_14233_2f9c_96262>
...
040 (15150662.089.000) 09/28 16:01:17 Finished transferring input files
...
001 (15150662.089.000) 09/28 16:01:18 Job executing on host: <128.142.59.21:9618?addrs=128.142.59.21-9618+[2001-1458-301-21--100-14]-9618&alias=b7s04p2966.cern.ch&noUDP&sock=startd_14195_2af4>
...
006 (15150662.089.000) 09/28 16:01:27 Image size of job updated: 126276
	121  -  MemoryUsage of job (MB)
	123552  -  ResidentSetSize of job (KB)
...
006 (15150662.089.000) 09/28 16:04:19 Image size of job updated: 923008
	121  -  MemoryUsage of job (MB)
	123552  -  ResidentSetSize of job (KB)
...
040 (15150662.089.000) 09/28 16:04:19 Started transferring output files
...
040 (15150662.089.000) 09/28 16:04:19 Finished transferring output files
...
005 (15150662.089.000) 09/28 16:04:19 Job terminated.
	(1) Normal termination (return value 0)
		Usr 0 00:00:11, Sys 0 00:00:00  -  Run Remote Usage
		Usr 0 00:00:00, Sys 0 00:00:00  -  Run Local Usage
		Usr 0 00:00:11, Sys 0 00:00:00  -  Total Remote Usage
		Usr 0 00:00:00, Sys 0 00:00:00  -  Total Local Usage
	7963  -  Run Bytes Sent By Job
	374  -  Run Bytes Received By Job
	7963  -  Total Bytes Sent By Job
	374  -  Total Bytes Received By Job
	Partitionable Resources :    Usage  Request Allocated 
	   Cpus                 :                 1         1 
	   Disk (KB)            :       22        1   2839874 
	   Memory (MB)          :      121     2000      2000 

	Job terminated of its own accord at 2023-09-28T14:04:19Z.
...
