000 (14832095.143.000) 06/12 15:17:57 Job submitted from host: <188.184.90.241:9618?addrs=188.184.90.241-9618+[2001-1458-201-e4--100-2eb]-9618&alias=bigbird15.cern.ch&noUDP&sock=schedd_1460210_2ef4>
...
040 (14832095.143.000) 06/12 15:20:22 Started transferring input files
	Transferring to host: <188.184.163.13:9618?addrs=188.184.163.13-9618+[2001-1458-301-4d--100-7]-9618&alias=b7s12p4423.cern.ch&noUDP&sock=slot1_27_4609_3515_91238>
...
040 (14832095.143.000) 06/12 15:20:22 Finished transferring input files
...
001 (14832095.143.000) 06/12 15:20:23 Job executing on host: <188.184.163.13:9618?addrs=188.184.163.13-9618+[2001-1458-301-4d--100-7]-9618&alias=b7s12p4423.cern.ch&noUDP&sock=startd_3277_53f1>
...
006 (14832095.143.000) 06/12 15:20:32 Image size of job updated: 47616
	47  -  MemoryUsage of job (MB)
	47616  -  ResidentSetSize of job (KB)
...
006 (14832095.143.000) 06/12 15:25:32 Image size of job updated: 1194096
	115  -  MemoryUsage of job (MB)
	117644  -  ResidentSetSize of job (KB)
...
006 (14832095.143.000) 06/12 15:26:59 Image size of job updated: 1208012
	115  -  MemoryUsage of job (MB)
	117644  -  ResidentSetSize of job (KB)
...
040 (14832095.143.000) 06/12 15:26:59 Started transferring output files
...
040 (14832095.143.000) 06/12 15:26:59 Finished transferring output files
...
005 (14832095.143.000) 06/12 15:26:59 Job terminated.
	(1) Normal termination (return value 0)
		Usr 0 00:02:33, Sys 0 00:00:08  -  Run Remote Usage
		Usr 0 00:00:00, Sys 0 00:00:00  -  Run Local Usage
		Usr 0 00:02:33, Sys 0 00:00:08  -  Total Remote Usage
		Usr 0 00:00:00, Sys 0 00:00:00  -  Total Local Usage
	44430  -  Run Bytes Sent By Job
	323  -  Run Bytes Received By Job
	44430  -  Total Bytes Sent By Job
	323  -  Total Bytes Received By Job
	Partitionable Resources :    Usage  Request Allocated 
	   Cpus                 :                 1         1 
	   Disk (KB)            :       57        1   3061201 
	   Memory (MB)          :      115     2000      2000 

	Job terminated of its own accord at 2023-06-12T13:26:59Z.
...
