000 (15271413.003.000) 12/18 14:02:22 Job submitted from host: <188.184.90.241:9618?addrs=188.184.90.241-9618+[2001-1458-201-e4--100-2eb]-9618&alias=bigbird15.cern.ch&noUDP&sock=schedd_2763_c443>
...
040 (15271413.003.000) 12/18 14:05:48 Started transferring input files
	Transferring to host: <188.184.164.231:9618?addrs=188.184.164.231-9618+[2001-1458-301-4e--100-e1]-9618&alias=b9s13p9925.cern.ch&noUDP&sock=slot1_17_6050_85af_66101>
...
040 (15271413.003.000) 12/18 14:05:48 Finished transferring input files
...
001 (15271413.003.000) 12/18 14:05:49 Job executing on host: <188.184.164.231:9618?addrs=188.184.164.231-9618+[2001-1458-301-4e--100-e1]-9618&alias=b9s13p9925.cern.ch&noUDP&sock=startd_5462_0e60>
...
006 (15271413.003.000) 12/18 14:05:58 Image size of job updated: 461080
	451  -  MemoryUsage of job (MB)
	461080  -  ResidentSetSize of job (KB)
...
040 (15271413.003.000) 12/18 14:10:37 Started transferring output files
...
040 (15271413.003.000) 12/18 14:10:37 Finished transferring output files
...
005 (15271413.003.000) 12/18 14:10:37 Job terminated.
	(1) Normal termination (return value 0)
		Usr 0 00:03:41, Sys 0 00:00:04  -  Run Remote Usage
		Usr 0 00:00:00, Sys 0 00:00:00  -  Run Local Usage
		Usr 0 00:03:41, Sys 0 00:00:04  -  Total Remote Usage
		Usr 0 00:00:00, Sys 0 00:00:00  -  Total Local Usage
	112886  -  Run Bytes Sent By Job
	269  -  Run Bytes Received By Job
	112886  -  Total Bytes Sent By Job
	269  -  Total Bytes Received By Job
	Partitionable Resources :    Usage  Request Allocated 
	   Cpus                 :     0.95        1         1 
	   Disk (KB)            :   154           1   3042109 
	   Memory (MB)          :   451        2000      2000 

	Job terminated of its own accord at 2023-12-18T13:10:37Z.
...
