000 (15271413.174.000) 12/18 14:02:23 Job submitted from host: <188.184.90.241:9618?addrs=188.184.90.241-9618+[2001-1458-201-e4--100-2eb]-9618&alias=bigbird15.cern.ch&noUDP&sock=schedd_2763_c443>
...
040 (15271413.174.000) 12/18 14:06:47 Started transferring input files
	Transferring to host: <128.142.60.122:9618?addrs=128.142.60.122-9618+[2001-1458-301-22--100-79]-9618&alias=b9s05p3778.cern.ch&noUDP&sock=slot1_5_125320_06e1_7969>
...
040 (15271413.174.000) 12/18 14:06:47 Finished transferring input files
...
001 (15271413.174.000) 12/18 14:06:48 Job executing on host: <128.142.60.122:9618?addrs=128.142.60.122-9618+[2001-1458-301-22--100-79]-9618&alias=b9s05p3778.cern.ch&noUDP&sock=startd_113223_2394>
...
006 (15271413.174.000) 12/18 14:06:56 Image size of job updated: 289212
	250  -  MemoryUsage of job (MB)
	255128  -  ResidentSetSize of job (KB)
...
006 (15271413.174.000) 12/18 14:11:56 Image size of job updated: 3259636
	3183  -  MemoryUsage of job (MB)
	3259376  -  ResidentSetSize of job (KB)
...
006 (15271413.174.000) 12/18 14:12:35 Image size of job updated: 3264152
	3183  -  MemoryUsage of job (MB)
	3259376  -  ResidentSetSize of job (KB)
...
040 (15271413.174.000) 12/18 14:12:35 Started transferring output files
...
040 (15271413.174.000) 12/18 14:12:35 Finished transferring output files
...
005 (15271413.174.000) 12/18 14:12:35 Job terminated.
	(1) Normal termination (return value 0)
		Usr 0 00:04:07, Sys 0 00:00:04  -  Run Remote Usage
		Usr 0 00:00:00, Sys 0 00:00:00  -  Run Local Usage
		Usr 0 00:04:07, Sys 0 00:00:04  -  Total Remote Usage
		Usr 0 00:00:00, Sys 0 00:00:00  -  Total Local Usage
	142442  -  Run Bytes Sent By Job
	269  -  Run Bytes Received By Job
	142442  -  Total Bytes Sent By Job
	269  -  Total Bytes Received By Job
	Partitionable Resources :    Usage  Request Allocated 
	   Cpus                 :                 1         1 
	   Disk (KB)            :      175        1   3100711 
	   Memory (MB)          :     3183     2000      2000 

	Job terminated of its own accord at 2023-12-18T13:12:35Z.
...
