000 (15151337.019.000) 10/02 16:23:27 Job submitted from host: <188.184.90.241:9618?addrs=188.184.90.241-9618+[2001-1458-201-e4--100-2eb]-9618&alias=bigbird15.cern.ch&noUDP&sock=schedd_2763_c443>
...
040 (15151337.019.000) 10/02 16:27:10 Started transferring input files
	Transferring to host: <128.142.137.218:9618?addrs=128.142.137.218-9618+[2001-1458-301-5e--100-ce]-9618&alias=b7g19p8045.cern.ch&noUDP&sock=slot1_2_12723_411e_99619>
...
040 (15151337.019.000) 10/02 16:27:10 Finished transferring input files
...
001 (15151337.019.000) 10/02 16:27:11 Job executing on host: <128.142.137.218:9618?addrs=128.142.137.218-9618+[2001-1458-301-5e--100-ce]-9618&alias=b7g19p8045.cern.ch&noUDP&sock=startd_12680_00f8>
...
006 (15151337.019.000) 10/02 16:27:13 Image size of job updated: 655472
	0  -  MemoryUsage of job (MB)
	0  -  ResidentSetSize of job (KB)
...
040 (15151337.019.000) 10/02 16:27:13 Started transferring output files
...
040 (15151337.019.000) 10/02 16:27:13 Finished transferring output files
...
005 (15151337.019.000) 10/02 16:27:13 Job terminated.
	(1) Normal termination (return value 0)
		Usr 0 00:00:00, Sys 0 00:00:00  -  Run Remote Usage
		Usr 0 00:00:00, Sys 0 00:00:00  -  Run Local Usage
		Usr 0 00:00:00, Sys 0 00:00:00  -  Total Remote Usage
		Usr 0 00:00:00, Sys 0 00:00:00  -  Total Local Usage
	22163  -  Run Bytes Sent By Job
	323  -  Run Bytes Received By Job
	22163  -  Total Bytes Sent By Job
	323  -  Total Bytes Received By Job
	Partitionable Resources :    Usage  Request Allocated 
	   Cpus                 :                 1         1 
	   Disk (KB)            :       36        1   1683329 
	   Memory (MB)          :        0     2000      2000 

	Job terminated of its own accord at 2023-10-02T14:27:13Z.
...
