000 (14808124.001.000) 05/19 04:24:07 Job submitted from host: <188.184.90.241:9618?addrs=188.184.90.241-9618+[2001-1458-201-e4--100-2eb]-9618&alias=bigbird15.cern.ch&noUDP&sock=schedd_3273_9590>
...
040 (14808124.001.000) 05/19 04:35:40 Started transferring input files
	Transferring to host: <128.142.56.152:9618?addrs=128.142.56.152-9618+[2001-1458-301-6--100-97]-9618&alias=b7s01p7132.cern.ch&noUDP&sock=slot1_13_5138_ef8a_46400>
...
040 (14808124.001.000) 05/19 04:35:40 Finished transferring input files
...
001 (14808124.001.000) 05/19 04:35:41 Job executing on host: <128.142.56.152:9618?addrs=128.142.56.152-9618+[2001-1458-301-6--100-97]-9618&alias=b7s01p7132.cern.ch&noUDP&sock=startd_4383_f3b0>
...
006 (14808124.001.000) 05/19 04:35:50 Image size of job updated: 687844
	200  -  MemoryUsage of job (MB)
	203872  -  ResidentSetSize of job (KB)
...
006 (14808124.001.000) 05/19 04:38:22 Image size of job updated: 1610188
	200  -  MemoryUsage of job (MB)
	203872  -  ResidentSetSize of job (KB)
...
040 (14808124.001.000) 05/19 04:38:22 Started transferring output files
...
040 (14808124.001.000) 05/19 04:38:22 Finished transferring output files
...
005 (14808124.001.000) 05/19 04:38:22 Job terminated.
	(1) Normal termination (return value 0)
		Usr 0 00:01:10, Sys 0 00:00:03  -  Run Remote Usage
		Usr 0 00:00:00, Sys 0 00:00:00  -  Run Local Usage
		Usr 0 00:01:10, Sys 0 00:00:03  -  Total Remote Usage
		Usr 0 00:00:00, Sys 0 00:00:00  -  Total Local Usage
	130632  -  Run Bytes Sent By Job
	269  -  Run Bytes Received By Job
	130632  -  Total Bytes Sent By Job
	269  -  Total Bytes Received By Job
	Partitionable Resources :    Usage  Request Allocated 
	   Cpus                 :                 1         1 
	   Disk (KB)            :      141        1   1343722 
	   Memory (MB)          :      200     2000      2000 

	Job terminated of its own accord at 2023-05-19T02:38:22Z.
...
