000 (15151337.028.000) 10/02 16:23:27 Job submitted from host: <188.184.90.241:9618?addrs=188.184.90.241-9618+[2001-1458-201-e4--100-2eb]-9618&alias=bigbird15.cern.ch&noUDP&sock=schedd_2763_c443>
...
040 (15151337.028.000) 10/02 16:27:13 Started transferring input files
	Transferring to host: <128.142.130.38:9618?addrs=128.142.130.38-9618+[2001-1458-301-58--100-1a]-9618&alias=b7g20p8951.cern.ch&noUDP&sock=slot1_17_3895_2137_78583>
...
040 (15151337.028.000) 10/02 16:27:13 Finished transferring input files
...
001 (15151337.028.000) 10/02 16:27:14 Job executing on host: <128.142.130.38:9618?addrs=128.142.130.38-9618+[2001-1458-301-58--100-1a]-9618&alias=b7g20p8951.cern.ch&noUDP&sock=startd_3760_a030>
...
006 (15151337.028.000) 10/02 16:27:23 Image size of job updated: 53944
	53  -  MemoryUsage of job (MB)
	53616  -  ResidentSetSize of job (KB)
...
006 (15151337.028.000) 10/02 16:32:24 Image size of job updated: 974848
	429  -  MemoryUsage of job (MB)
	438396  -  ResidentSetSize of job (KB)
...
006 (15151337.028.000) 10/02 16:37:25 Image size of job updated: 1199820
	648  -  MemoryUsage of job (MB)
	663340  -  ResidentSetSize of job (KB)
...
006 (15151337.028.000) 10/02 16:42:25 Image size of job updated: 1199912
	648  -  MemoryUsage of job (MB)
	663340  -  ResidentSetSize of job (KB)
...
006 (15151337.028.000) 10/02 16:52:26 Image size of job updated: 3652828
	648  -  MemoryUsage of job (MB)
	663340  -  ResidentSetSize of job (KB)
...
006 (15151337.028.000) 10/02 16:57:26 Image size of job updated: 3655092
	648  -  MemoryUsage of job (MB)
	663340  -  ResidentSetSize of job (KB)
...
006 (15151337.028.000) 10/02 17:02:26 Image size of job updated: 3855724
	648  -  MemoryUsage of job (MB)
	663340  -  ResidentSetSize of job (KB)
...
006 (15151337.028.000) 10/02 17:07:27 Image size of job updated: 3861820
	648  -  MemoryUsage of job (MB)
	663340  -  ResidentSetSize of job (KB)
...
006 (15151337.028.000) 10/02 17:12:27 Image size of job updated: 3887372
	648  -  MemoryUsage of job (MB)
	663340  -  ResidentSetSize of job (KB)
...
006 (15151337.028.000) 10/02 17:17:27 Image size of job updated: 3916640
	648  -  MemoryUsage of job (MB)
	663340  -  ResidentSetSize of job (KB)
...
006 (15151337.028.000) 10/02 17:22:08 Image size of job updated: 3932604
	648  -  MemoryUsage of job (MB)
	663340  -  ResidentSetSize of job (KB)
...
040 (15151337.028.000) 10/02 17:22:08 Started transferring output files
...
040 (15151337.028.000) 10/02 17:22:08 Finished transferring output files
...
005 (15151337.028.000) 10/02 17:22:08 Job terminated.
	(1) Normal termination (return value 0)
		Usr 0 00:16:12, Sys 0 00:00:24  -  Run Remote Usage
		Usr 0 00:00:00, Sys 0 00:00:00  -  Run Local Usage
		Usr 0 00:16:12, Sys 0 00:00:24  -  Total Remote Usage
		Usr 0 00:00:00, Sys 0 00:00:00  -  Total Local Usage
	84484  -  Run Bytes Sent By Job
	323  -  Run Bytes Received By Job
	84484  -  Total Bytes Sent By Job
	323  -  Total Bytes Received By Job
	Partitionable Resources :    Usage  Request Allocated 
	   Cpus                 :        0        1         1 
	   Disk (KB)            :      104        1   1677604 
	   Memory (MB)          :      648     2000      2000 

	Job terminated of its own accord at 2023-10-02T15:22:08Z.
...
