000 (14832095.011.000) 06/12 15:17:57 Job submitted from host: <188.184.90.241:9618?addrs=188.184.90.241-9618+[2001-1458-201-e4--100-2eb]-9618&alias=bigbird15.cern.ch&noUDP&sock=schedd_1460210_2ef4>
...
040 (14832095.011.000) 06/12 15:19:39 Started transferring input files
	Transferring to host: <128.142.58.63:9618?addrs=128.142.58.63-9618+[2001-1458-301-16--100-3e]-9618&alias=b7s03p2161.cern.ch&noUDP&sock=slot1_41_11634_f492_74189>
...
040 (14832095.011.000) 06/12 15:19:39 Finished transferring input files
...
001 (14832095.011.000) 06/12 15:19:40 Job executing on host: <128.142.58.63:9618?addrs=128.142.58.63-9618+[2001-1458-301-16--100-3e]-9618&alias=b7s03p2161.cern.ch&noUDP&sock=startd_9914_c203>
...
006 (14832095.011.000) 06/12 15:19:48 Image size of job updated: 48180
	47  -  MemoryUsage of job (MB)
	47636  -  ResidentSetSize of job (KB)
...
006 (14832095.011.000) 06/12 15:24:48 Image size of job updated: 1680200
	1115  -  MemoryUsage of job (MB)
	1141712  -  ResidentSetSize of job (KB)
...
006 (14832095.011.000) 06/12 15:29:49 Image size of job updated: 1705196
	1115  -  MemoryUsage of job (MB)
	1141712  -  ResidentSetSize of job (KB)
...
006 (14832095.011.000) 06/12 15:39:50 Image size of job updated: 4038940
	1115  -  MemoryUsage of job (MB)
	1141712  -  ResidentSetSize of job (KB)
...
006 (14832095.011.000) 06/12 15:49:51 Image size of job updated: 4091108
	1115  -  MemoryUsage of job (MB)
	1141712  -  ResidentSetSize of job (KB)
...
006 (14832095.011.000) 06/12 15:54:51 Image size of job updated: 4327824
	1115  -  MemoryUsage of job (MB)
	1141712  -  ResidentSetSize of job (KB)
...
006 (14832095.011.000) 06/12 15:59:51 Image size of job updated: 4396936
	1115  -  MemoryUsage of job (MB)
	1141712  -  ResidentSetSize of job (KB)
...
006 (14832095.011.000) 06/12 16:04:52 Image size of job updated: 4410192
	1115  -  MemoryUsage of job (MB)
	1141712  -  ResidentSetSize of job (KB)
...
006 (14832095.011.000) 06/12 16:06:24 Image size of job updated: 4415060
	1115  -  MemoryUsage of job (MB)
	1141712  -  ResidentSetSize of job (KB)
...
040 (14832095.011.000) 06/12 16:06:24 Started transferring output files
...
040 (14832095.011.000) 06/12 16:06:24 Finished transferring output files
...
005 (14832095.011.000) 06/12 16:06:24 Job terminated.
	(1) Normal termination (return value 0)
		Usr 0 00:08:07, Sys 0 00:00:31  -  Run Remote Usage
		Usr 0 00:00:00, Sys 0 00:00:00  -  Run Local Usage
		Usr 0 00:08:07, Sys 0 00:00:31  -  Total Remote Usage
		Usr 0 00:00:00, Sys 0 00:00:00  -  Total Local Usage
	111929  -  Run Bytes Sent By Job
	323  -  Run Bytes Received By Job
	111929  -  Total Bytes Sent By Job
	323  -  Total Bytes Received By Job
	Partitionable Resources :    Usage  Request Allocated 
	   Cpus                 :     0.05        1         1 
	   Disk (KB)            :   131           1   1205454 
	   Memory (MB)          :  1115        2000      2000 

	Job terminated of its own accord at 2023-06-12T14:06:24Z.
...
