000 (15150654.118.000) 09/28 14:27:13 Job submitted from host: <188.184.90.241:9618?addrs=188.184.90.241-9618+[2001-1458-201-e4--100-2eb]-9618&alias=bigbird15.cern.ch&noUDP&sock=schedd_2763_c443>
...
040 (15150654.118.000) 09/28 14:46:34 Started transferring input files
	Transferring to host: <128.142.57.77:9618?addrs=128.142.57.77-9618+[2001-1458-301-7--100-4c]-9618&alias=b7s02p0412.cern.ch&noUDP&sock=slot1_4_4315_0ec9_43418>
...
040 (15150654.118.000) 09/28 14:46:34 Finished transferring input files
...
001 (15150654.118.000) 09/28 14:46:35 Job executing on host: <128.142.57.77:9618?addrs=128.142.57.77-9618+[2001-1458-301-7--100-4c]-9618&alias=b7s02p0412.cern.ch&noUDP&sock=startd_2984_5ab1>
...
006 (15150654.118.000) 09/28 14:46:43 Image size of job updated: 909848
	121  -  MemoryUsage of job (MB)
	123372  -  ResidentSetSize of job (KB)
...
006 (15150654.118.000) 09/28 14:48:27 Image size of job updated: 920536
	121  -  MemoryUsage of job (MB)
	123372  -  ResidentSetSize of job (KB)
...
040 (15150654.118.000) 09/28 14:48:27 Started transferring output files
...
040 (15150654.118.000) 09/28 14:48:27 Finished transferring output files
...
005 (15150654.118.000) 09/28 14:48:27 Job terminated.
	(1) Normal termination (return value 0)
		Usr 0 00:00:07, Sys 0 00:00:00  -  Run Remote Usage
		Usr 0 00:00:00, Sys 0 00:00:00  -  Run Local Usage
		Usr 0 00:00:07, Sys 0 00:00:00  -  Total Remote Usage
		Usr 0 00:00:00, Sys 0 00:00:00  -  Total Local Usage
	6969  -  Run Bytes Sent By Job
	374  -  Run Bytes Received By Job
	6969  -  Total Bytes Sent By Job
	374  -  Total Bytes Received By Job
	Partitionable Resources :    Usage  Request Allocated 
	   Cpus                 :     0.05        1         1 
	   Disk (KB)            :    28           1   2946269 
	   Memory (MB)          :   121        2000      2000 

	Job terminated of its own accord at 2023-09-28T12:48:27Z.
...
