000 (15150662.101.000) 09/28 15:49:40 Job submitted from host: <188.184.90.241:9618?addrs=188.184.90.241-9618+[2001-1458-201-e4--100-2eb]-9618&alias=bigbird15.cern.ch&noUDP&sock=schedd_2763_c443>
...
040 (15150662.101.000) 09/28 16:01:20 Started transferring input files
	Transferring to host: <128.142.58.154:9618?addrs=128.142.58.154-9618+[2001-1458-301-16--100-99]-9618&alias=b7s03p3180.cern.ch&noUDP&sock=slot1_48_3323_1aa0_29616>
...
040 (15150662.101.000) 09/28 16:01:21 Finished transferring input files
...
001 (15150662.101.000) 09/28 16:01:22 Job executing on host: <128.142.58.154:9618?addrs=128.142.58.154-9618+[2001-1458-301-16--100-99]-9618&alias=b7s03p3180.cern.ch&noUDP&sock=startd_4229_521a>
...
006 (15150662.101.000) 09/28 16:01:30 Image size of job updated: 123624
	121  -  MemoryUsage of job (MB)
	123624  -  ResidentSetSize of job (KB)
...
006 (15150662.101.000) 09/28 16:04:51 Image size of job updated: 923184
	121  -  MemoryUsage of job (MB)
	123624  -  ResidentSetSize of job (KB)
...
040 (15150662.101.000) 09/28 16:04:51 Started transferring output files
...
040 (15150662.101.000) 09/28 16:04:51 Finished transferring output files
...
005 (15150662.101.000) 09/28 16:04:51 Job terminated.
	(1) Normal termination (return value 0)
		Usr 0 00:00:10, Sys 0 00:00:00  -  Run Remote Usage
		Usr 0 00:00:00, Sys 0 00:00:00  -  Run Local Usage
		Usr 0 00:00:10, Sys 0 00:00:00  -  Total Remote Usage
		Usr 0 00:00:00, Sys 0 00:00:00  -  Total Local Usage
	7936  -  Run Bytes Sent By Job
	374  -  Run Bytes Received By Job
	7936  -  Total Bytes Sent By Job
	374  -  Total Bytes Received By Job
	Partitionable Resources :    Usage  Request Allocated 
	   Cpus                 :                 1         1 
	   Disk (KB)            :       22        1   2919880 
	   Memory (MB)          :      121     2000      2000 

	Job terminated of its own accord at 2023-09-28T14:04:51Z.
...
