000 (14832095.195.000) 06/12 15:17:58 Job submitted from host: <188.184.90.241:9618?addrs=188.184.90.241-9618+[2001-1458-201-e4--100-2eb]-9618&alias=bigbird15.cern.ch&noUDP&sock=schedd_1460210_2ef4>
...
040 (14832095.195.000) 06/12 15:20:45 Started transferring input files
	Transferring to host: <128.142.132.49:9618?addrs=128.142.132.49-9618+[2001-1458-301-5a--100-25]-9618&alias=b7g12p9462.cern.ch&noUDP&sock=slot1_8_5209_f62d_69524>
...
040 (14832095.195.000) 06/12 15:20:45 Finished transferring input files
...
001 (14832095.195.000) 06/12 15:20:46 Job executing on host: <128.142.132.49:9618?addrs=128.142.132.49-9618+[2001-1458-301-5a--100-25]-9618&alias=b7g12p9462.cern.ch&noUDP&sock=startd_4560_5bf3>
...
006 (14832095.195.000) 06/12 15:20:55 Image size of job updated: 538076
	47  -  MemoryUsage of job (MB)
	47652  -  ResidentSetSize of job (KB)
...
006 (14832095.195.000) 06/12 15:25:55 Image size of job updated: 1525720
	989  -  MemoryUsage of job (MB)
	1012656  -  ResidentSetSize of job (KB)
...
006 (14832095.195.000) 06/12 15:30:55 Image size of job updated: 2025772
	1453  -  MemoryUsage of job (MB)
	1487848  -  ResidentSetSize of job (KB)
...
006 (14832095.195.000) 06/12 15:45:56 Image size of job updated: 4082036
	1453  -  MemoryUsage of job (MB)
	1487848  -  ResidentSetSize of job (KB)
...
006 (14832095.195.000) 06/12 15:50:57 Image size of job updated: 4082040
	1453  -  MemoryUsage of job (MB)
	1487848  -  ResidentSetSize of job (KB)
...
006 (14832095.195.000) 06/12 15:55:58 Image size of job updated: 4341084
	1453  -  MemoryUsage of job (MB)
	1487848  -  ResidentSetSize of job (KB)
...
006 (14832095.195.000) 06/12 16:00:58 Image size of job updated: 4350012
	1453  -  MemoryUsage of job (MB)
	1487848  -  ResidentSetSize of job (KB)
...
006 (14832095.195.000) 06/12 16:05:59 Image size of job updated: 4409184
	1453  -  MemoryUsage of job (MB)
	1487848  -  ResidentSetSize of job (KB)
...
006 (14832095.195.000) 06/12 16:10:57 Image size of job updated: 4428464
	1453  -  MemoryUsage of job (MB)
	1487848  -  ResidentSetSize of job (KB)
...
040 (14832095.195.000) 06/12 16:10:57 Started transferring output files
...
040 (14832095.195.000) 06/12 16:10:57 Finished transferring output files
...
005 (14832095.195.000) 06/12 16:10:57 Job terminated.
	(1) Normal termination (return value 0)
		Usr 0 00:14:18, Sys 0 00:00:51  -  Run Remote Usage
		Usr 0 00:00:00, Sys 0 00:00:00  -  Run Local Usage
		Usr 0 00:14:18, Sys 0 00:00:51  -  Total Remote Usage
		Usr 0 00:00:00, Sys 0 00:00:00  -  Total Local Usage
	138276  -  Run Bytes Sent By Job
	323  -  Run Bytes Received By Job
	138276  -  Total Bytes Sent By Job
	323  -  Total Bytes Received By Job
	Partitionable Resources :    Usage  Request Allocated 
	   Cpus                 :        0        1         1 
	   Disk (KB)            :      156        1   1692277 
	   Memory (MB)          :     1453     2000      2000 

	Job terminated of its own accord at 2023-06-12T14:10:57Z.
...
