000 (15149113.000.000) 09/27 10:32:17 Job submitted from host: <188.184.90.241:9618?addrs=188.184.90.241-9618+[2001-1458-201-e4--100-2eb]-9618&alias=bigbird15.cern.ch&noUDP&sock=schedd_2763_c443>
...
040 (15149113.000.000) 09/27 10:47:08 Started transferring input files
	Transferring to host: <128.142.61.55:9618?addrs=128.142.61.55-9618+[2001-1458-301-23--100-36]-9618&alias=b7s06p1551.cern.ch&noUDP&sock=slot1_18_10307_f6bc_25723>
...
040 (15149113.000.000) 09/27 10:47:08 Finished transferring input files
...
001 (15149113.000.000) 09/27 10:47:09 Job executing on host: <128.142.61.55:9618?addrs=128.142.61.55-9618+[2001-1458-301-23--100-36]-9618&alias=b7s06p1551.cern.ch&noUDP&sock=startd_10257_06ff>
...
006 (15149113.000.000) 09/27 10:47:18 Image size of job updated: 624812
	55  -  MemoryUsage of job (MB)
	55536  -  ResidentSetSize of job (KB)
...
006 (15149113.000.000) 09/27 10:52:18 Image size of job updated: 1284144
	755  -  MemoryUsage of job (MB)
	772312  -  ResidentSetSize of job (KB)
...
006 (15149113.000.000) 09/27 11:02:19 Image size of job updated: 3617160
	755  -  MemoryUsage of job (MB)
	772312  -  ResidentSetSize of job (KB)
...
006 (15149113.000.000) 09/27 11:07:20 Image size of job updated: 3870936
	755  -  MemoryUsage of job (MB)
	772312  -  ResidentSetSize of job (KB)
...
006 (15149113.000.000) 09/27 11:12:07 Image size of job updated: 3896176
	755  -  MemoryUsage of job (MB)
	772312  -  ResidentSetSize of job (KB)
...
040 (15149113.000.000) 09/27 11:12:07 Started transferring output files
...
040 (15149113.000.000) 09/27 11:12:07 Finished transferring output files
...
005 (15149113.000.000) 09/27 11:12:07 Job terminated.
	(1) Normal termination (return value 0)
		Usr 0 00:06:36, Sys 0 00:00:17  -  Run Remote Usage
		Usr 0 00:00:00, Sys 0 00:00:00  -  Run Local Usage
		Usr 0 00:06:36, Sys 0 00:00:17  -  Total Remote Usage
		Usr 0 00:00:00, Sys 0 00:00:00  -  Total Local Usage
	79213  -  Run Bytes Sent By Job
	323  -  Run Bytes Received By Job
	79213  -  Total Bytes Sent By Job
	323  -  Total Bytes Received By Job
	Partitionable Resources :    Usage  Request Allocated 
	   Cpus                 :     0.05        1         1 
	   Disk (KB)            :    99           1   1293847 
	   Memory (MB)          :   755        2000      2000 

	Job terminated of its own accord at 2023-09-27T09:12:07Z.
...
