000 (15149098.099.000) 09/27 08:23:39 Job submitted from host: <188.184.90.241:9618?addrs=188.184.90.241-9618+[2001-1458-201-e4--100-2eb]-9618&alias=bigbird15.cern.ch&noUDP&sock=schedd_2763_c443>
...
040 (15149098.099.000) 09/27 08:40:43 Started transferring input files
	Transferring to host: <128.142.61.81:9618?addrs=128.142.61.81-9618+[2001-1458-301-23--100-50]-9618&alias=b7s06p7482.cern.ch&noUDP&sock=slot1_10_3133_3b58_79681>
...
040 (15149098.099.000) 09/27 08:40:43 Finished transferring input files
...
001 (15149098.099.000) 09/27 08:40:44 Job executing on host: <128.142.61.81:9618?addrs=128.142.61.81-9618+[2001-1458-301-23--100-50]-9618&alias=b7s06p7482.cern.ch&noUDP&sock=startd_2741_ad2e>
...
006 (15149098.099.000) 09/27 08:40:52 Image size of job updated: 574748
	76  -  MemoryUsage of job (MB)
	77104  -  ResidentSetSize of job (KB)
...
006 (15149098.099.000) 09/27 08:45:52 Image size of job updated: 3585216
	145  -  MemoryUsage of job (MB)
	147640  -  ResidentSetSize of job (KB)
...
006 (15149098.099.000) 09/27 08:50:52 Image size of job updated: 3880992
	435  -  MemoryUsage of job (MB)
	444444  -  ResidentSetSize of job (KB)
...
006 (15149098.099.000) 09/27 08:53:06 Image size of job updated: 3904596
	435  -  MemoryUsage of job (MB)
	444444  -  ResidentSetSize of job (KB)
...
040 (15149098.099.000) 09/27 08:53:06 Started transferring output files
...
040 (15149098.099.000) 09/27 08:53:06 Finished transferring output files
...
005 (15149098.099.000) 09/27 08:53:06 Job terminated.
	(1) Normal termination (return value 0)
		Usr 0 00:04:03, Sys 0 00:00:10  -  Run Remote Usage
		Usr 0 00:00:00, Sys 0 00:00:00  -  Run Local Usage
		Usr 0 00:04:03, Sys 0 00:00:10  -  Total Remote Usage
		Usr 0 00:00:00, Sys 0 00:00:00  -  Total Local Usage
	70880  -  Run Bytes Sent By Job
	323  -  Run Bytes Received By Job
	70880  -  Total Bytes Sent By Job
	323  -  Total Bytes Received By Job
	Partitionable Resources :    Usage  Request Allocated 
	   Cpus                 :     0.03        1         1 
	   Disk (KB)            :    90           1   1324481 
	   Memory (MB)          :   435        2000      2000 

	Job terminated of its own accord at 2023-09-27T06:53:06Z.
...
