000 (14839060.003.000) 06/21 14:44:36 Job submitted from host: <188.184.90.241:9618?addrs=188.184.90.241-9618+[2001-1458-201-e4--100-2eb]-9618&alias=bigbird15.cern.ch&noUDP&sock=schedd_1460210_2ef4>
...
040 (14839060.003.000) 06/21 14:57:08 Started transferring input files
	Transferring to host: <128.142.137.166:9618?addrs=128.142.137.166-9618+[2001-1458-301-5e--100-9a]-9618&alias=b7g19p6855.cern.ch&noUDP&sock=slot1_19_6174_e434_71829>
...
040 (14839060.003.000) 06/21 14:57:08 Finished transferring input files
...
001 (14839060.003.000) 06/21 14:57:09 Job executing on host: <128.142.137.166:9618?addrs=128.142.137.166-9618+[2001-1458-301-5e--100-9a]-9618&alias=b7g19p6855.cern.ch&noUDP&sock=startd_5050_755c>
...
006 (14839060.003.000) 06/21 14:57:18 Image size of job updated: 48252
	47  -  MemoryUsage of job (MB)
	47668  -  ResidentSetSize of job (KB)
...
006 (14839060.003.000) 06/21 15:02:19 Image size of job updated: 981716
	435  -  MemoryUsage of job (MB)
	444864  -  ResidentSetSize of job (KB)
...
006 (14839060.003.000) 06/21 15:07:19 Image size of job updated: 1181716
	679  -  MemoryUsage of job (MB)
	694732  -  ResidentSetSize of job (KB)
...
006 (14839060.003.000) 06/21 15:12:19 Image size of job updated: 1408248
	900  -  MemoryUsage of job (MB)
	921264  -  ResidentSetSize of job (KB)
...
006 (14839060.003.000) 06/21 15:17:20 Image size of job updated: 1633248
	1096  -  MemoryUsage of job (MB)
	1121396  -  ResidentSetSize of job (KB)
...
006 (14839060.003.000) 06/21 15:22:21 Image size of job updated: 4219968
	3572  -  MemoryUsage of job (MB)
	3657096  -  ResidentSetSize of job (KB)
...
006 (14839060.003.000) 06/21 15:22:47 Image size of job updated: 4269292
	3572  -  MemoryUsage of job (MB)
	3657096  -  ResidentSetSize of job (KB)
...
040 (14839060.003.000) 06/21 15:22:47 Started transferring output files
...
040 (14839060.003.000) 06/21 15:22:47 Finished transferring output files
...
005 (14839060.003.000) 06/21 15:22:47 Job terminated.
	(1) Normal termination (return value 0)
		Usr 0 00:23:45, Sys 0 00:00:17  -  Run Remote Usage
		Usr 0 00:00:00, Sys 0 00:00:00  -  Run Local Usage
		Usr 0 00:23:45, Sys 0 00:00:17  -  Total Remote Usage
		Usr 0 00:00:00, Sys 0 00:00:00  -  Total Local Usage
	294046  -  Run Bytes Sent By Job
	269  -  Run Bytes Received By Job
	294046  -  Total Bytes Sent By Job
	269  -  Total Bytes Received By Job
	Partitionable Resources :    Usage  Request Allocated 
	   Cpus                 :     0.72        1         1 
	   Disk (KB)            :   308           1   1647148 
	   Memory (MB)          :  3572        2000      2000 

	Job terminated of its own accord at 2023-06-21T13:22:47Z.
...
