000 (15271413.032.000) 12/18 14:02:22 Job submitted from host: <188.184.90.241:9618?addrs=188.184.90.241-9618+[2001-1458-201-e4--100-2eb]-9618&alias=bigbird15.cern.ch&noUDP&sock=schedd_2763_c443>
...
040 (15271413.032.000) 12/18 14:05:59 Started transferring input files
	Transferring to host: <188.184.184.32:9618?addrs=188.184.184.32-9618+[2001-1458-301-4f--100-10c]-9618&alias=b9g36p7265.cern.ch&noUDP&sock=slot1_10_6740_b08b_122784>
...
040 (15271413.032.000) 12/18 14:05:59 Finished transferring input files
...
001 (15271413.032.000) 12/18 14:06:00 Job executing on host: <188.184.184.32:9618?addrs=188.184.184.32-9618+[2001-1458-301-4f--100-10c]-9618&alias=b9g36p7265.cern.ch&noUDP&sock=startd_6063_4acc>
...
006 (15271413.032.000) 12/18 14:06:09 Image size of job updated: 443428
	434  -  MemoryUsage of job (MB)
	443428  -  ResidentSetSize of job (KB)
...
006 (15271413.032.000) 12/18 14:11:10 Image size of job updated: 784984
	767  -  MemoryUsage of job (MB)
	784984  -  ResidentSetSize of job (KB)
...
006 (15271413.032.000) 12/18 14:16:10 Image size of job updated: 1240340
	1212  -  MemoryUsage of job (MB)
	1240340  -  ResidentSetSize of job (KB)
...
040 (15271413.032.000) 12/18 14:20:30 Started transferring output files
...
040 (15271413.032.000) 12/18 14:20:30 Finished transferring output files
...
005 (15271413.032.000) 12/18 14:20:30 Job terminated.
	(1) Normal termination (return value 0)
		Usr 0 00:10:08, Sys 0 00:00:18  -  Run Remote Usage
		Usr 0 00:00:00, Sys 0 00:00:00  -  Run Local Usage
		Usr 0 00:10:08, Sys 0 00:00:18  -  Total Remote Usage
		Usr 0 00:00:00, Sys 0 00:00:00  -  Total Local Usage
	199122  -  Run Bytes Sent By Job
	269  -  Run Bytes Received By Job
	199122  -  Total Bytes Sent By Job
	269  -  Total Bytes Received By Job
	Partitionable Resources :    Usage  Request Allocated 
	   Cpus                 :     0.90        1         1 
	   Disk (KB)            :   238           1   1309270 
	   Memory (MB)          :  1212        2000      2000 

	Job terminated of its own accord at 2023-12-18T13:20:30Z.
...
