000 (14807472.021.000) 05/16 11:28:54 Job submitted from host: <188.184.90.241:9618?addrs=188.184.90.241-9618+[2001-1458-201-e4--100-2eb]-9618&alias=bigbird15.cern.ch&noUDP&sock=schedd_3273_9590>
...
040 (14807472.021.000) 05/16 11:40:01 Started transferring input files
	Transferring to host: <128.142.60.100:9618?addrs=128.142.60.100-9618+[2001-1458-301-22--100-63]-9618&alias=b7s05p0240.cern.ch&noUDP&sock=slot1_9_11438_db0a_43065>
...
040 (14807472.021.000) 05/16 11:40:01 Finished transferring input files
...
001 (14807472.021.000) 05/16 11:40:02 Job executing on host: <128.142.60.100:9618?addrs=128.142.60.100-9618+[2001-1458-301-22--100-63]-9618&alias=b7s05p0240.cern.ch&noUDP&sock=startd_11173_53bf>
...
006 (14807472.021.000) 05/16 11:40:11 Image size of job updated: 668688
	154  -  MemoryUsage of job (MB)
	157144  -  ResidentSetSize of job (KB)
...
006 (14807472.021.000) 05/16 11:45:12 Image size of job updated: 1450292
	154  -  MemoryUsage of job (MB)
	157144  -  ResidentSetSize of job (KB)
...
006 (14807472.021.000) 05/16 11:50:12 Image size of job updated: 4026704
	154  -  MemoryUsage of job (MB)
	157144  -  ResidentSetSize of job (KB)
...
006 (14807472.021.000) 05/16 11:55:12 Image size of job updated: 4313716
	408  -  MemoryUsage of job (MB)
	417040  -  ResidentSetSize of job (KB)
...
006 (14807472.021.000) 05/16 12:00:13 Image size of job updated: 4393868
	486  -  MemoryUsage of job (MB)
	497368  -  ResidentSetSize of job (KB)
...
006 (14807472.021.000) 05/16 12:00:55 Image size of job updated: 4402636
	486  -  MemoryUsage of job (MB)
	497368  -  ResidentSetSize of job (KB)
...
040 (14807472.021.000) 05/16 12:00:55 Started transferring output files
...
040 (14807472.021.000) 05/16 12:00:55 Finished transferring output files
...
005 (14807472.021.000) 05/16 12:00:55 Job terminated.
	(1) Normal termination (return value 0)
		Usr 0 00:05:49, Sys 0 00:00:23  -  Run Remote Usage
		Usr 0 00:00:00, Sys 0 00:00:00  -  Run Local Usage
		Usr 0 00:05:49, Sys 0 00:00:23  -  Total Remote Usage
		Usr 0 00:00:00, Sys 0 00:00:00  -  Total Local Usage
	102594  -  Run Bytes Sent By Job
	323  -  Run Bytes Received By Job
	102594  -  Total Bytes Sent By Job
	323  -  Total Bytes Received By Job
	Partitionable Resources :    Usage  Request Allocated 
	   Cpus                 :     0.11        1         1 
	   Disk (KB)            :   121           1   1319614 
	   Memory (MB)          :   486        2000      2000 

	Job terminated of its own accord at 2023-05-16T10:00:55Z.
...
