000 (15155271.029.000) 10/07 16:55:47 Job submitted from host: <188.184.90.241:9618?addrs=188.184.90.241-9618+[2001-1458-201-e4--100-2eb]-9618&alias=bigbird15.cern.ch&noUDP&sock=schedd_2763_c443>
...
040 (15155271.029.000) 10/07 17:06:00 Started transferring input files
	Transferring to host: <128.142.61.77:9618?addrs=128.142.61.77-9618+[2001-1458-301-23--100-4c]-9618&alias=b7s06p7522.cern.ch&noUDP&sock=slot1_7_9304_4273_6413>
...
040 (15155271.029.000) 10/07 17:06:00 Finished transferring input files
...
001 (15155271.029.000) 10/07 17:06:01 Job executing on host: <128.142.61.77:9618?addrs=128.142.61.77-9618+[2001-1458-301-23--100-4c]-9618&alias=b7s06p7522.cern.ch&noUDP&sock=startd_3177_bc79>
...
006 (15155271.029.000) 10/07 17:06:03 Image size of job updated: 76
	0  -  MemoryUsage of job (MB)
	0  -  ResidentSetSize of job (KB)
...
040 (15155271.029.000) 10/07 17:06:03 Started transferring output files
...
040 (15155271.029.000) 10/07 17:06:03 Finished transferring output files
...
005 (15155271.029.000) 10/07 17:06:03 Job terminated.
	(1) Normal termination (return value 0)
		Usr 0 00:00:01, Sys 0 00:00:01  -  Run Remote Usage
		Usr 0 00:00:00, Sys 0 00:00:00  -  Run Local Usage
		Usr 0 00:00:01, Sys 0 00:00:01  -  Total Remote Usage
		Usr 0 00:00:00, Sys 0 00:00:00  -  Total Local Usage
	22047  -  Run Bytes Sent By Job
	323  -  Run Bytes Received By Job
	22047  -  Total Bytes Sent By Job
	323  -  Total Bytes Received By Job
	Partitionable Resources :    Usage  Request Allocated 
	   Cpus                 :                 1         1 
	   Disk (KB)            :       35        1   2904432 
	   Memory (MB)          :        0     2000      2000 

	Job terminated of its own accord at 2023-10-07T15:06:03Z.
...
