000 (15150662.078.000) 09/28 15:49:40 Job submitted from host: <188.184.90.241:9618?addrs=188.184.90.241-9618+[2001-1458-201-e4--100-2eb]-9618&alias=bigbird15.cern.ch&noUDP&sock=schedd_2763_c443>
...
040 (15150662.078.000) 09/28 16:01:13 Started transferring input files
	Transferring to host: <188.184.163.114:9618?addrs=188.184.163.114-9618+[2001-1458-301-4d--100-6c]-9618&alias=b7s12p3596.cern.ch&noUDP&sock=slot1_53_4840_f7be_214088>
...
040 (15150662.078.000) 09/28 16:01:13 Finished transferring input files
...
001 (15150662.078.000) 09/28 16:01:14 Job executing on host: <188.184.163.114:9618?addrs=188.184.163.114-9618+[2001-1458-301-4d--100-6c]-9618&alias=b7s12p3596.cern.ch&noUDP&sock=startd_3366_5fdf>
...
006 (15150662.078.000) 09/28 16:01:23 Image size of job updated: 124904
	120  -  MemoryUsage of job (MB)
	122824  -  ResidentSetSize of job (KB)
...
006 (15150662.078.000) 09/28 16:03:53 Image size of job updated: 920684
	120  -  MemoryUsage of job (MB)
	122824  -  ResidentSetSize of job (KB)
...
040 (15150662.078.000) 09/28 16:03:53 Started transferring output files
...
040 (15150662.078.000) 09/28 16:03:53 Finished transferring output files
...
005 (15150662.078.000) 09/28 16:03:53 Job terminated.
	(1) Normal termination (return value 0)
		Usr 0 00:00:10, Sys 0 00:00:00  -  Run Remote Usage
		Usr 0 00:00:00, Sys 0 00:00:00  -  Run Local Usage
		Usr 0 00:00:10, Sys 0 00:00:00  -  Total Remote Usage
		Usr 0 00:00:00, Sys 0 00:00:00  -  Total Local Usage
	8843  -  Run Bytes Sent By Job
	374  -  Run Bytes Received By Job
	8843  -  Total Bytes Sent By Job
	374  -  Total Bytes Received By Job
	Partitionable Resources :    Usage  Request Allocated 
	   Cpus                 :                 1         1 
	   Disk (KB)            :       23        1   3064205 
	   Memory (MB)          :      120     2000      2000 

	Job terminated of its own accord at 2023-09-28T14:03:53Z.
...
