000 (15149098.092.000) 09/27 08:23:39 Job submitted from host: <188.184.90.241:9618?addrs=188.184.90.241-9618+[2001-1458-201-e4--100-2eb]-9618&alias=bigbird15.cern.ch&noUDP&sock=schedd_2763_c443>
...
040 (15149098.092.000) 09/27 08:40:39 Started transferring input files
	Transferring to host: <128.142.61.123:9618?addrs=128.142.61.123-9618+[2001-1458-301-23--100-7a]-9618&alias=b7s06p7679.cern.ch&noUDP&sock=slot1_16_3708_5f10_276776>
...
040 (15149098.092.000) 09/27 08:40:39 Finished transferring input files
...
001 (15149098.092.000) 09/27 08:40:40 Job executing on host: <128.142.61.123:9618?addrs=128.142.61.123-9618+[2001-1458-301-23--100-7a]-9618&alias=b7s06p7679.cern.ch&noUDP&sock=startd_2863_5bbc>
...
006 (15149098.092.000) 09/27 08:40:48 Image size of job updated: 54180
	53  -  MemoryUsage of job (MB)
	53848  -  ResidentSetSize of job (KB)
...
006 (15149098.092.000) 09/27 08:45:48 Image size of job updated: 1142204
	616  -  MemoryUsage of job (MB)
	630360  -  ResidentSetSize of job (KB)
...
006 (15149098.092.000) 09/27 08:50:49 Image size of job updated: 3556932
	616  -  MemoryUsage of job (MB)
	630532  -  ResidentSetSize of job (KB)
...
006 (15149098.092.000) 09/27 08:55:49 Image size of job updated: 3862036
	616  -  MemoryUsage of job (MB)
	630532  -  ResidentSetSize of job (KB)
...
006 (15149098.092.000) 09/27 08:57:50 Image size of job updated: 3872956
	616  -  MemoryUsage of job (MB)
	630532  -  ResidentSetSize of job (KB)
...
040 (15149098.092.000) 09/27 08:57:50 Started transferring output files
...
040 (15149098.092.000) 09/27 08:57:50 Finished transferring output files
...
005 (15149098.092.000) 09/27 08:57:51 Job terminated.
	(1) Normal termination (return value 0)
		Usr 0 00:07:32, Sys 0 00:00:15  -  Run Remote Usage
		Usr 0 00:00:00, Sys 0 00:00:00  -  Run Local Usage
		Usr 0 00:07:32, Sys 0 00:00:15  -  Total Remote Usage
		Usr 0 00:00:00, Sys 0 00:00:00  -  Total Local Usage
	84296  -  Run Bytes Sent By Job
	323  -  Run Bytes Received By Job
	84296  -  Total Bytes Sent By Job
	323  -  Total Bytes Received By Job
	Partitionable Resources :    Usage  Request Allocated 
	   Cpus                 :     0.13        1         1 
	   Disk (KB)            :   103           1   1235051 
	   Memory (MB)          :   616        2000      2000 

	Job terminated of its own accord at 2023-09-27T06:57:50Z.
...
