000 (15148591.071.000) 09/26 23:15:32 Job submitted from host: <188.184.90.241:9618?addrs=188.184.90.241-9618+[2001-1458-201-e4--100-2eb]-9618&alias=bigbird15.cern.ch&noUDP&sock=schedd_2763_c443>
...
040 (15148591.071.000) 09/26 23:30:45 Started transferring input files
	Transferring to host: <128.142.137.137:9618?addrs=128.142.137.137-9618+[2001-1458-301-5e--100-7d]-9618&alias=b7g19p0638.cern.ch&noUDP&sock=slot1_9_3534_c5c9_129321>
...
040 (15148591.071.000) 09/26 23:30:45 Finished transferring input files
...
001 (15148591.071.000) 09/26 23:30:46 Job executing on host: <128.142.137.137:9618?addrs=128.142.137.137-9618+[2001-1458-301-5e--100-7d]-9618&alias=b7g19p0638.cern.ch&noUDP&sock=startd_2986_b9e2>
...
006 (15148591.071.000) 09/26 23:30:55 Image size of job updated: 581284
	75  -  MemoryUsage of job (MB)
	76280  -  ResidentSetSize of job (KB)
...
006 (15148591.071.000) 09/26 23:35:56 Image size of job updated: 1025820
	490  -  MemoryUsage of job (MB)
	501360  -  ResidentSetSize of job (KB)
...
006 (15148591.071.000) 09/26 23:40:57 Image size of job updated: 1115176
	490  -  MemoryUsage of job (MB)
	501364  -  ResidentSetSize of job (KB)
...
006 (15148591.071.000) 09/26 23:45:57 Image size of job updated: 3670352
	490  -  MemoryUsage of job (MB)
	501364  -  ResidentSetSize of job (KB)
...
006 (15148591.071.000) 09/26 23:50:57 Image size of job updated: 3919340
	490  -  MemoryUsage of job (MB)
	501364  -  ResidentSetSize of job (KB)
...
006 (15148591.071.000) 09/26 23:55:59 Image size of job updated: 3989028
	549  -  MemoryUsage of job (MB)
	561424  -  ResidentSetSize of job (KB)
...
006 (15148591.071.000) 09/26 23:57:31 Image size of job updated: 3997960
	549  -  MemoryUsage of job (MB)
	561424  -  ResidentSetSize of job (KB)
...
040 (15148591.071.000) 09/26 23:57:31 Started transferring output files
...
040 (15148591.071.000) 09/26 23:57:31 Finished transferring output files
...
005 (15148591.071.000) 09/26 23:57:31 Job terminated.
	(1) Normal termination (return value 0)
		Usr 0 00:11:09, Sys 0 00:00:21  -  Run Remote Usage
		Usr 0 00:00:00, Sys 0 00:00:00  -  Run Local Usage
		Usr 0 00:11:09, Sys 0 00:00:21  -  Total Remote Usage
		Usr 0 00:00:00, Sys 0 00:00:00  -  Total Local Usage
	82779  -  Run Bytes Sent By Job
	323  -  Run Bytes Received By Job
	82779  -  Total Bytes Sent By Job
	323  -  Total Bytes Received By Job
	Partitionable Resources :    Usage  Request Allocated 
	   Cpus                 :     0.07        1         1 
	   Disk (KB)            :   102           1   1574154 
	   Memory (MB)          :   549        2000      2000 

	Job terminated of its own accord at 2023-09-26T21:57:31Z.
...
