000 (14832095.095.000) 06/12 15:17:57 Job submitted from host: <188.184.90.241:9618?addrs=188.184.90.241-9618+[2001-1458-201-e4--100-2eb]-9618&alias=bigbird15.cern.ch&noUDP&sock=schedd_1460210_2ef4>
...
040 (14832095.095.000) 06/12 15:20:06 Started transferring input files
	Transferring to host: <188.184.162.147:9618?addrs=188.184.162.147-9618+[2001-1458-301-4a--100-8d]-9618&alias=b7s11p1578.cern.ch&noUDP&sock=slot1_9_4846_31fe_91708>
...
040 (14832095.095.000) 06/12 15:20:06 Finished transferring input files
...
001 (14832095.095.000) 06/12 15:20:07 Job executing on host: <188.184.162.147:9618?addrs=188.184.162.147-9618+[2001-1458-301-4a--100-8d]-9618&alias=b7s11p1578.cern.ch&noUDP&sock=startd_3292_9ddd>
...
006 (14832095.095.000) 06/12 15:20:16 Image size of job updated: 50284
	47  -  MemoryUsage of job (MB)
	47696  -  ResidentSetSize of job (KB)
...
006 (14832095.095.000) 06/12 15:25:17 Image size of job updated: 1576860
	1013  -  MemoryUsage of job (MB)
	1037124  -  ResidentSetSize of job (KB)
...
006 (14832095.095.000) 06/12 15:30:17 Image size of job updated: 1904912
	1309  -  MemoryUsage of job (MB)
	1340180  -  ResidentSetSize of job (KB)
...
006 (14832095.095.000) 06/12 15:40:18 Image size of job updated: 4033864
	1309  -  MemoryUsage of job (MB)
	1340180  -  ResidentSetSize of job (KB)
...
006 (14832095.095.000) 06/12 15:45:19 Image size of job updated: 4033868
	1309  -  MemoryUsage of job (MB)
	1340180  -  ResidentSetSize of job (KB)
...
006 (14832095.095.000) 06/12 15:50:19 Image size of job updated: 4315384
	1309  -  MemoryUsage of job (MB)
	1340180  -  ResidentSetSize of job (KB)
...
006 (14832095.095.000) 06/12 15:55:20 Image size of job updated: 4326696
	1309  -  MemoryUsage of job (MB)
	1340180  -  ResidentSetSize of job (KB)
...
006 (14832095.095.000) 06/12 16:00:21 Image size of job updated: 4383528
	1309  -  MemoryUsage of job (MB)
	1340180  -  ResidentSetSize of job (KB)
...
006 (14832095.095.000) 06/12 16:05:21 Image size of job updated: 4397892
	1309  -  MemoryUsage of job (MB)
	1340180  -  ResidentSetSize of job (KB)
...
006 (14832095.095.000) 06/12 16:07:43 Image size of job updated: 4410256
	1309  -  MemoryUsage of job (MB)
	1340180  -  ResidentSetSize of job (KB)
...
040 (14832095.095.000) 06/12 16:07:43 Started transferring output files
...
040 (14832095.095.000) 06/12 16:07:43 Finished transferring output files
...
005 (14832095.095.000) 06/12 16:07:43 Job terminated.
	(1) Normal termination (return value 0)
		Usr 0 00:12:23, Sys 0 00:00:47  -  Run Remote Usage
		Usr 0 00:00:00, Sys 0 00:00:00  -  Run Local Usage
		Usr 0 00:12:23, Sys 0 00:00:47  -  Total Remote Usage
		Usr 0 00:00:00, Sys 0 00:00:00  -  Total Local Usage
	121906  -  Run Bytes Sent By Job
	323  -  Run Bytes Received By Job
	121906  -  Total Bytes Sent By Job
	323  -  Total Bytes Received By Job
	Partitionable Resources :    Usage  Request Allocated 
	   Cpus                 :        0        1         1 
	   Disk (KB)            :      140        1   2969045 
	   Memory (MB)          :     1309     2000      2000 

	Job terminated of its own accord at 2023-06-12T14:07:43Z.
...
