000 (15153696.136.000) 10/03 22:27:19 Job submitted from host: <188.184.90.241:9618?addrs=188.184.90.241-9618+[2001-1458-201-e4--100-2eb]-9618&alias=bigbird15.cern.ch&noUDP&sock=schedd_2763_c443>
...
040 (15153696.136.000) 10/03 22:32:52 Started transferring input files
	Transferring to host: <188.184.162.228:9618?addrs=188.184.162.228-9618+[2001-1458-301-4a--100-de]-9618&alias=b7s11p5550.cern.ch&noUDP&sock=slot1_22_3558_aeca_13828>
...
040 (15153696.136.000) 10/03 22:32:52 Finished transferring input files
...
001 (15153696.136.000) 10/03 22:32:53 Job executing on host: <188.184.162.228:9618?addrs=188.184.162.228-9618+[2001-1458-301-4a--100-de]-9618&alias=b7s11p5550.cern.ch&noUDP&sock=startd_2883_13a1>
...
006 (15153696.136.000) 10/03 22:33:02 Image size of job updated: 861180
	120  -  MemoryUsage of job (MB)
	122340  -  ResidentSetSize of job (KB)
...
006 (15153696.136.000) 10/03 22:34:33 Image size of job updated: 919640
	120  -  MemoryUsage of job (MB)
	122340  -  ResidentSetSize of job (KB)
...
040 (15153696.136.000) 10/03 22:34:33 Started transferring output files
...
040 (15153696.136.000) 10/03 22:34:33 Finished transferring output files
...
005 (15153696.136.000) 10/03 22:34:33 Job terminated.
	(1) Normal termination (return value 0)
		Usr 0 00:00:08, Sys 0 00:00:00  -  Run Remote Usage
		Usr 0 00:00:00, Sys 0 00:00:00  -  Run Local Usage
		Usr 0 00:00:08, Sys 0 00:00:00  -  Total Remote Usage
		Usr 0 00:00:00, Sys 0 00:00:00  -  Total Local Usage
	7885  -  Run Bytes Sent By Job
	374  -  Run Bytes Received By Job
	7885  -  Total Bytes Sent By Job
	374  -  Total Bytes Received By Job
	Partitionable Resources :    Usage  Request Allocated 
	   Cpus                 :                 1         1 
	   Disk (KB)            :       23        1   2960255 
	   Memory (MB)          :      120     2000      2000 

	Job terminated of its own accord at 2023-10-03T20:34:33Z.
...
