000 (14807404.017.000) 05/15 22:32:17 Job submitted from host: <188.184.90.241:9618?addrs=188.184.90.241-9618+[2001-1458-201-e4--100-2eb]-9618&alias=bigbird15.cern.ch&noUDP&sock=schedd_3273_9590>
...
040 (14807404.017.000) 05/15 22:47:28 Started transferring input files
	Transferring to host: <128.142.56.111:9618?addrs=128.142.56.111-9618&alias=b7s01p8175.cern.ch&noUDP&sock=slot1_4_3889_e6f7_29983>
...
040 (14807404.017.000) 05/15 22:47:28 Finished transferring input files
...
001 (14807404.017.000) 05/15 22:47:29 Job executing on host: <128.142.56.111:9618?addrs=128.142.56.111-9618&alias=b7s01p8175.cern.ch&noUDP&sock=startd_3824_863f>
...
006 (14807404.017.000) 05/15 22:47:37 Image size of job updated: 554132
	47  -  MemoryUsage of job (MB)
	47688  -  ResidentSetSize of job (KB)
...
006 (14807404.017.000) 05/15 22:52:37 Image size of job updated: 1804528
	1212  -  MemoryUsage of job (MB)
	1240488  -  ResidentSetSize of job (KB)
...
006 (14807404.017.000) 05/15 22:57:38 Image size of job updated: 1930648
	1212  -  MemoryUsage of job (MB)
	1240488  -  ResidentSetSize of job (KB)
...
006 (14807404.017.000) 05/15 23:02:39 Image size of job updated: 4043732
	1212  -  MemoryUsage of job (MB)
	1240488  -  ResidentSetSize of job (KB)
...
006 (14807404.017.000) 05/15 23:07:39 Image size of job updated: 4330612
	1212  -  MemoryUsage of job (MB)
	1240488  -  ResidentSetSize of job (KB)
...
006 (14807404.017.000) 05/15 23:12:40 Image size of job updated: 4404884
	1212  -  MemoryUsage of job (MB)
	1240488  -  ResidentSetSize of job (KB)
...
006 (14807404.017.000) 05/15 23:14:54 Image size of job updated: 4420792
	1212  -  MemoryUsage of job (MB)
	1240488  -  ResidentSetSize of job (KB)
...
040 (14807404.017.000) 05/15 23:14:54 Started transferring output files
...
040 (14807404.017.000) 05/15 23:14:54 Finished transferring output files
...
005 (14807404.017.000) 05/15 23:14:54 Job terminated.
	(1) Normal termination (return value 0)
		Usr 0 00:06:46, Sys 0 00:00:32  -  Run Remote Usage
		Usr 0 00:00:00, Sys 0 00:00:00  -  Run Local Usage
		Usr 0 00:06:46, Sys 0 00:00:32  -  Total Remote Usage
		Usr 0 00:00:00, Sys 0 00:00:00  -  Total Local Usage
	116615  -  Run Bytes Sent By Job
	323  -  Run Bytes Received By Job
	116615  -  Total Bytes Sent By Job
	323  -  Total Bytes Received By Job
	Partitionable Resources :    Usage  Request Allocated 
	   Cpus                 :     0.14        1         1 
	   Disk (KB)            :   135           1   1344291 
	   Memory (MB)          :  1212        2000      2000 

	Job terminated of its own accord at 2023-05-15T21:14:54Z.
...
