000 (15151321.141.000) 10/02 14:58:31 Job submitted from host: <188.184.90.241:9618?addrs=188.184.90.241-9618+[2001-1458-201-e4--100-2eb]-9618&alias=bigbird15.cern.ch&noUDP&sock=schedd_2763_c443>
...
040 (15151321.141.000) 10/02 15:18:03 Started transferring input files
	Transferring to host: <128.142.61.151:9618?addrs=128.142.61.151-9618+[2001-1458-301-23--100-96]-9618&alias=b7s06p7731.cern.ch&noUDP&sock=slot1_31_38505_0177_60207>
...
040 (15151321.141.000) 10/02 15:18:03 Finished transferring input files
...
001 (15151321.141.000) 10/02 15:18:04 Job executing on host: <128.142.61.151:9618?addrs=128.142.61.151-9618+[2001-1458-301-23--100-96]-9618&alias=b7s06p7731.cern.ch&noUDP&sock=startd_38466_0e15>
...
006 (15151321.141.000) 10/02 15:18:13 Image size of job updated: 123708
	120  -  MemoryUsage of job (MB)
	122340  -  ResidentSetSize of job (KB)
...
006 (15151321.141.000) 10/02 15:20:17 Image size of job updated: 922240
	120  -  MemoryUsage of job (MB)
	122340  -  ResidentSetSize of job (KB)
...
040 (15151321.141.000) 10/02 15:20:17 Started transferring output files
...
040 (15151321.141.000) 10/02 15:20:17 Finished transferring output files
...
005 (15151321.141.000) 10/02 15:20:17 Job terminated.
	(1) Normal termination (return value 0)
		Usr 0 00:00:08, Sys 0 00:00:01  -  Run Remote Usage
		Usr 0 00:00:00, Sys 0 00:00:00  -  Run Local Usage
		Usr 0 00:00:08, Sys 0 00:00:01  -  Total Remote Usage
		Usr 0 00:00:00, Sys 0 00:00:00  -  Total Local Usage
	7886  -  Run Bytes Sent By Job
	374  -  Run Bytes Received By Job
	7886  -  Total Bytes Sent By Job
	374  -  Total Bytes Received By Job
	Partitionable Resources :    Usage  Request Allocated 
	   Cpus                 :                 1         1 
	   Disk (KB)            :       22        1   1292183 
	   Memory (MB)          :      120     2000      2000 

	Job terminated of its own accord at 2023-10-02T13:20:17Z.
...
