000 (15155243.013.000) 10/07 13:26:28 Job submitted from host: <188.184.90.241:9618?addrs=188.184.90.241-9618+[2001-1458-201-e4--100-2eb]-9618&alias=bigbird15.cern.ch&noUDP&sock=schedd_2763_c443>
...
040 (15155243.013.000) 10/07 13:31:49 Started transferring input files
	Transferring to host: <128.142.132.105:9618?addrs=128.142.132.105-9618+[2001-1458-301-5a--100-5d]-9618&alias=b7g12p7125.cern.ch&noUDP&sock=slot1_30_7934_f87c_198229>
...
040 (15155243.013.000) 10/07 13:31:49 Finished transferring input files
...
001 (15155243.013.000) 10/07 13:31:50 Job executing on host: <128.142.132.105:9618?addrs=128.142.132.105-9618+[2001-1458-301-5a--100-5d]-9618&alias=b7g12p7125.cern.ch&noUDP&sock=startd_6625_c705>
...
006 (15155243.013.000) 10/07 13:31:59 Image size of job updated: 66872
	54  -  MemoryUsage of job (MB)
	54556  -  ResidentSetSize of job (KB)
...
006 (15155243.013.000) 10/07 13:37:00 Image size of job updated: 920764
	450  -  MemoryUsage of job (MB)
	460160  -  ResidentSetSize of job (KB)
...
006 (15155243.013.000) 10/07 13:42:00 Image size of job updated: 1227016
	697  -  MemoryUsage of job (MB)
	712836  -  ResidentSetSize of job (KB)
...
006 (15155243.013.000) 10/07 13:47:00 Image size of job updated: 1394560
	853  -  MemoryUsage of job (MB)
	872652  -  ResidentSetSize of job (KB)
...
006 (15155243.013.000) 10/07 13:57:01 Image size of job updated: 4181520
	853  -  MemoryUsage of job (MB)
	872652  -  ResidentSetSize of job (KB)
...
006 (15155243.013.000) 10/07 14:02:01 Image size of job updated: 4413576
	853  -  MemoryUsage of job (MB)
	872652  -  ResidentSetSize of job (KB)
...
006 (15155243.013.000) 10/07 14:07:03 Image size of job updated: 4501048
	853  -  MemoryUsage of job (MB)
	872652  -  ResidentSetSize of job (KB)
...
006 (15155243.013.000) 10/07 14:12:03 Image size of job updated: 4549104
	853  -  MemoryUsage of job (MB)
	872652  -  ResidentSetSize of job (KB)
...
006 (15155243.013.000) 10/07 14:14:38 Image size of job updated: 4556704
	853  -  MemoryUsage of job (MB)
	872652  -  ResidentSetSize of job (KB)
...
040 (15155243.013.000) 10/07 14:14:38 Started transferring output files
...
040 (15155243.013.000) 10/07 14:14:38 Finished transferring output files
...
005 (15155243.013.000) 10/07 14:14:38 Job terminated.
	(1) Normal termination (return value 0)
		Usr 0 00:26:09, Sys 0 00:00:39  -  Run Remote Usage
		Usr 0 00:00:00, Sys 0 00:00:00  -  Run Local Usage
		Usr 0 00:26:09, Sys 0 00:00:39  -  Total Remote Usage
		Usr 0 00:00:00, Sys 0 00:00:00  -  Total Local Usage
	98460  -  Run Bytes Sent By Job
	323  -  Run Bytes Received By Job
	98460  -  Total Bytes Sent By Job
	323  -  Total Bytes Received By Job
	Partitionable Resources :    Usage  Request Allocated 
	   Cpus                 :     0.99        1         1 
	   Disk (KB)            :   118           1   1556646 
	   Memory (MB)          :   853        2000      2000 

	Job terminated of its own accord at 2023-10-07T12:14:38Z.
...
