000 (15153696.056.000) 10/03 22:27:19 Job submitted from host: <188.184.90.241:9618?addrs=188.184.90.241-9618+[2001-1458-201-e4--100-2eb]-9618&alias=bigbird15.cern.ch&noUDP&sock=schedd_2763_c443>
...
040 (15153696.056.000) 10/03 22:30:36 Started transferring input files
	Transferring to host: <128.142.61.88:9618?addrs=128.142.61.88-9618+[2001-1458-301-23--100-57]-9618&alias=b7s06p0526.cern.ch&noUDP&sock=slot1_11_4505_ee10_207402>
...
040 (15153696.056.000) 10/03 22:30:36 Finished transferring input files
...
001 (15153696.056.000) 10/03 22:30:37 Job executing on host: <128.142.61.88:9618?addrs=128.142.61.88-9618+[2001-1458-301-23--100-57]-9618&alias=b7s06p0526.cern.ch&noUDP&sock=startd_3176_0ce0>
...
006 (15153696.056.000) 10/03 22:30:45 Image size of job updated: 123268
	121  -  MemoryUsage of job (MB)
	123268  -  ResidentSetSize of job (KB)
...
006 (15153696.056.000) 10/03 22:34:33 Image size of job updated: 923892
	121  -  MemoryUsage of job (MB)
	123268  -  ResidentSetSize of job (KB)
...
040 (15153696.056.000) 10/03 22:34:33 Started transferring output files
...
040 (15153696.056.000) 10/03 22:34:33 Finished transferring output files
...
005 (15153696.056.000) 10/03 22:34:33 Job terminated.
	(1) Normal termination (return value 0)
		Usr 0 00:00:09, Sys 0 00:00:00  -  Run Remote Usage
		Usr 0 00:00:00, Sys 0 00:00:00  -  Run Local Usage
		Usr 0 00:00:09, Sys 0 00:00:00  -  Total Remote Usage
		Usr 0 00:00:00, Sys 0 00:00:00  -  Total Local Usage
	7946  -  Run Bytes Sent By Job
	374  -  Run Bytes Received By Job
	7946  -  Total Bytes Sent By Job
	374  -  Total Bytes Received By Job
	Partitionable Resources :    Usage  Request Allocated 
	   Cpus                 :     0.04        1         1 
	   Disk (KB)            :    29           1   1258577 
	   Memory (MB)          :   121        2000      2000 

	Job terminated of its own accord at 2023-10-03T20:34:33Z.
...
