000 (14808124.057.000) 05/19 04:24:07 Job submitted from host: <188.184.90.241:9618?addrs=188.184.90.241-9618+[2001-1458-201-e4--100-2eb]-9618&alias=bigbird15.cern.ch&noUDP&sock=schedd_3273_9590>
...
040 (14808124.057.000) 05/19 04:36:00 Started transferring input files
	Transferring to host: <128.142.58.130:9618?addrs=128.142.58.130-9618+[2001-1458-301-16--100-81]-9618&alias=b7s03p3183.cern.ch&noUDP&sock=slot1_17_4425_900d_46454>
...
040 (14808124.057.000) 05/19 04:36:00 Finished transferring input files
...
001 (14808124.057.000) 05/19 04:36:01 Job executing on host: <128.142.58.130:9618?addrs=128.142.58.130-9618+[2001-1458-301-16--100-81]-9618&alias=b7s03p3183.cern.ch&noUDP&sock=startd_3212_be49>
...
006 (14808124.057.000) 05/19 04:36:10 Image size of job updated: 166888
	163  -  MemoryUsage of job (MB)
	166888  -  ResidentSetSize of job (KB)
...
006 (14808124.057.000) 05/19 04:40:42 Image size of job updated: 4529372
	163  -  MemoryUsage of job (MB)
	166888  -  ResidentSetSize of job (KB)
...
040 (14808124.057.000) 05/19 04:40:42 Started transferring output files
...
040 (14808124.057.000) 05/19 04:40:42 Finished transferring output files
...
005 (14808124.057.000) 05/19 04:40:42 Job terminated.
	(1) Normal termination (return value 0)
		Usr 0 00:03:10, Sys 0 00:00:07  -  Run Remote Usage
		Usr 0 00:00:00, Sys 0 00:00:00  -  Run Local Usage
		Usr 0 00:03:10, Sys 0 00:00:07  -  Total Remote Usage
		Usr 0 00:00:00, Sys 0 00:00:00  -  Total Local Usage
	337156  -  Run Bytes Sent By Job
	269  -  Run Bytes Received By Job
	337156  -  Total Bytes Sent By Job
	269  -  Total Bytes Received By Job
	Partitionable Resources :    Usage  Request Allocated 
	   Cpus                 :                 1         1 
	   Disk (KB)            :      343        1   1309241 
	   Memory (MB)          :      163     2000      2000 

	Job terminated of its own accord at 2023-05-19T02:40:42Z.
...
