000 (15149098.015.000) 09/27 08:23:39 Job submitted from host: <188.184.90.241:9618?addrs=188.184.90.241-9618+[2001-1458-201-e4--100-2eb]-9618&alias=bigbird15.cern.ch&noUDP&sock=schedd_2763_c443>
...
040 (15149098.015.000) 09/27 08:33:41 Started transferring input files
	Transferring to host: <188.184.162.105:9618?addrs=188.184.162.105-9618+[2001-1458-301-4a--100-63]-9618&alias=b7s11p8419.cern.ch&noUDP&sock=slot1_37_164513_0a7b_56957>
...
040 (15149098.015.000) 09/27 08:33:41 Finished transferring input files
...
001 (15149098.015.000) 09/27 08:33:42 Job executing on host: <188.184.162.105:9618?addrs=188.184.162.105-9618+[2001-1458-301-4a--100-63]-9618&alias=b7s11p8419.cern.ch&noUDP&sock=startd_164475_bf7f>
...
006 (15149098.015.000) 09/27 08:33:50 Image size of job updated: 581328
	53  -  MemoryUsage of job (MB)
	53936  -  ResidentSetSize of job (KB)
...
006 (15149098.015.000) 09/27 08:38:50 Image size of job updated: 1099872
	584  -  MemoryUsage of job (MB)
	597480  -  ResidentSetSize of job (KB)
...
006 (15149098.015.000) 09/27 08:43:51 Image size of job updated: 1284700
	742  -  MemoryUsage of job (MB)
	758864  -  ResidentSetSize of job (KB)
...
006 (15149098.015.000) 09/27 08:48:52 Image size of job updated: 3724972
	742  -  MemoryUsage of job (MB)
	758864  -  ResidentSetSize of job (KB)
...
006 (15149098.015.000) 09/27 08:53:52 Image size of job updated: 3975096
	742  -  MemoryUsage of job (MB)
	758864  -  ResidentSetSize of job (KB)
...
006 (15149098.015.000) 09/27 08:58:52 Image size of job updated: 4052056
	742  -  MemoryUsage of job (MB)
	758864  -  ResidentSetSize of job (KB)
...
040 (15149098.015.000) 09/27 08:59:03 Started transferring output files
...
040 (15149098.015.000) 09/27 08:59:03 Finished transferring output files
...
005 (15149098.015.000) 09/27 08:59:03 Job terminated.
	(1) Normal termination (return value 0)
		Usr 0 00:13:39, Sys 0 00:00:29  -  Run Remote Usage
		Usr 0 00:00:00, Sys 0 00:00:00  -  Run Local Usage
		Usr 0 00:13:39, Sys 0 00:00:29  -  Total Remote Usage
		Usr 0 00:00:00, Sys 0 00:00:00  -  Total Local Usage
	87800  -  Run Bytes Sent By Job
	323  -  Run Bytes Received By Job
	87800  -  Total Bytes Sent By Job
	323  -  Total Bytes Received By Job
	Partitionable Resources :    Usage  Request Allocated 
	   Cpus                 :     1.00        1         1 
	   Disk (KB)            :   107           1   3141660 
	   Memory (MB)          :   742        2000      2000 

	Job terminated of its own accord at 2023-09-27T06:59:03Z.
...
