000 (15151337.015.000) 10/02 16:23:27 Job submitted from host: <188.184.90.241:9618?addrs=188.184.90.241-9618+[2001-1458-201-e4--100-2eb]-9618&alias=bigbird15.cern.ch&noUDP&sock=schedd_2763_c443>
...
040 (15151337.015.000) 10/02 16:27:07 Started transferring input files
	Transferring to host: <128.142.137.74:9618?addrs=128.142.137.74-9618+[2001-1458-301-5e--100-3e]-9618&alias=b7g19p8786.cern.ch&noUDP&sock=slot1_8_2310_5a97_202222>
...
040 (15151337.015.000) 10/02 16:27:07 Finished transferring input files
...
001 (15151337.015.000) 10/02 16:27:08 Job executing on host: <128.142.137.74:9618?addrs=128.142.137.74-9618+[2001-1458-301-5e--100-3e]-9618&alias=b7g19p8786.cern.ch&noUDP&sock=startd_18541_298c>
...
006 (15151337.015.000) 10/02 16:27:17 Image size of job updated: 79748
	51  -  MemoryUsage of job (MB)
	51588  -  ResidentSetSize of job (KB)
...
006 (15151337.015.000) 10/02 16:32:18 Image size of job updated: 867776
	58  -  MemoryUsage of job (MB)
	59232  -  ResidentSetSize of job (KB)
...
006 (15151337.015.000) 10/02 16:37:18 Image size of job updated: 3553096
	142  -  MemoryUsage of job (MB)
	145164  -  ResidentSetSize of job (KB)
...
006 (15151337.015.000) 10/02 16:42:18 Image size of job updated: 3595320
	186  -  MemoryUsage of job (MB)
	189728  -  ResidentSetSize of job (KB)
...
006 (15151337.015.000) 10/02 16:47:19 Image size of job updated: 3794080
	379  -  MemoryUsage of job (MB)
	387164  -  ResidentSetSize of job (KB)
...
006 (15151337.015.000) 10/02 16:52:20 Image size of job updated: 3800668
	385  -  MemoryUsage of job (MB)
	393752  -  ResidentSetSize of job (KB)
...
006 (15151337.015.000) 10/02 16:57:20 Image size of job updated: 3847572
	431  -  MemoryUsage of job (MB)
	440372  -  ResidentSetSize of job (KB)
...
006 (15151337.015.000) 10/02 17:02:21 Image size of job updated: 3866896
	450  -  MemoryUsage of job (MB)
	459824  -  ResidentSetSize of job (KB)
...
006 (15151337.015.000) 10/02 17:05:28 Image size of job updated: 3874640
	450  -  MemoryUsage of job (MB)
	459824  -  ResidentSetSize of job (KB)
...
040 (15151337.015.000) 10/02 17:05:28 Started transferring output files
...
040 (15151337.015.000) 10/02 17:05:28 Finished transferring output files
...
005 (15151337.015.000) 10/02 17:05:28 Job terminated.
	(1) Normal termination (return value 0)
		Usr 0 00:06:29, Sys 0 00:00:11  -  Run Remote Usage
		Usr 0 00:00:00, Sys 0 00:00:00  -  Run Local Usage
		Usr 0 00:06:29, Sys 0 00:00:11  -  Total Remote Usage
		Usr 0 00:00:00, Sys 0 00:00:00  -  Total Local Usage
	71616  -  Run Bytes Sent By Job
	323  -  Run Bytes Received By Job
	71616  -  Total Bytes Sent By Job
	323  -  Total Bytes Received By Job
	Partitionable Resources :    Usage  Request Allocated 
	   Cpus                 :     0.10        1         1 
	   Disk (KB)            :    91           1   1649038 
	   Memory (MB)          :   450        2000      2000 

	Job terminated of its own accord at 2023-10-02T15:05:28Z.
...
