000 (15155271.011.000) 10/07 16:55:47 Job submitted from host: <188.184.90.241:9618?addrs=188.184.90.241-9618+[2001-1458-201-e4--100-2eb]-9618&alias=bigbird15.cern.ch&noUDP&sock=schedd_2763_c443>
...
040 (15155271.011.000) 10/07 17:05:55 Started transferring input files
	Transferring to host: <128.142.61.38:9618?addrs=128.142.61.38-9618+[2001-1458-301-23--100-25]-9618&alias=b7s06p8377.cern.ch&noUDP&sock=slot1_1_37491_8d0e_25394>
...
040 (15155271.011.000) 10/07 17:05:55 Finished transferring input files
...
001 (15155271.011.000) 10/07 17:05:56 Job executing on host: <128.142.61.38:9618?addrs=128.142.61.38-9618+[2001-1458-301-23--100-25]-9618&alias=b7s06p8377.cern.ch&noUDP&sock=startd_37453_38a5>
...
006 (15155271.011.000) 10/07 17:06:04 Image size of job updated: 581076
	52  -  MemoryUsage of job (MB)
	53108  -  ResidentSetSize of job (KB)
...
006 (15155271.011.000) 10/07 17:11:04 Image size of job updated: 1100152
	575  -  MemoryUsage of job (MB)
	588372  -  ResidentSetSize of job (KB)
...
006 (15155271.011.000) 10/07 17:16:05 Image size of job updated: 1107568
	575  -  MemoryUsage of job (MB)
	588372  -  ResidentSetSize of job (KB)
...
006 (15155271.011.000) 10/07 17:21:06 Image size of job updated: 3618872
	575  -  MemoryUsage of job (MB)
	588372  -  ResidentSetSize of job (KB)
...
006 (15155271.011.000) 10/07 17:26:06 Image size of job updated: 3660428
	575  -  MemoryUsage of job (MB)
	588372  -  ResidentSetSize of job (KB)
...
006 (15155271.011.000) 10/07 17:31:06 Image size of job updated: 3868984
	575  -  MemoryUsage of job (MB)
	588372  -  ResidentSetSize of job (KB)
...
006 (15155271.011.000) 10/07 17:36:07 Image size of job updated: 3920340
	575  -  MemoryUsage of job (MB)
	588372  -  ResidentSetSize of job (KB)
...
006 (15155271.011.000) 10/07 17:38:47 Image size of job updated: 3940544
	575  -  MemoryUsage of job (MB)
	588372  -  ResidentSetSize of job (KB)
...
040 (15155271.011.000) 10/07 17:38:47 Started transferring output files
...
040 (15155271.011.000) 10/07 17:38:47 Finished transferring output files
...
005 (15155271.011.000) 10/07 17:38:47 Job terminated.
	(1) Normal termination (return value 0)
		Usr 0 00:07:41, Sys 0 00:00:14  -  Run Remote Usage
		Usr 0 00:00:00, Sys 0 00:00:00  -  Run Local Usage
		Usr 0 00:07:41, Sys 0 00:00:14  -  Total Remote Usage
		Usr 0 00:00:00, Sys 0 00:00:00  -  Total Local Usage
	80592  -  Run Bytes Sent By Job
	323  -  Run Bytes Received By Job
	80592  -  Total Bytes Sent By Job
	323  -  Total Bytes Received By Job
	Partitionable Resources :    Usage  Request Allocated 
	   Cpus                 :     0.12        1         1 
	   Disk (KB)            :   100           1   1210485 
	   Memory (MB)          :   575        2000      2000 

	Job terminated of its own accord at 2023-10-07T15:38:47Z.
...
