000 (15155271.030.000) 10/07 16:55:47 Job submitted from host: <188.184.90.241:9618?addrs=188.184.90.241-9618+[2001-1458-201-e4--100-2eb]-9618&alias=bigbird15.cern.ch&noUDP&sock=schedd_2763_c443>
...
040 (15155271.030.000) 10/07 17:05:59 Started transferring input files
	Transferring to host: <128.142.61.65:9618?addrs=128.142.61.65-9618+[2001-1458-301-23--100-40]-9618&alias=b7s06p7861.cern.ch&noUDP&sock=slot1_3_3159_8d1a_35703>
...
040 (15155271.030.000) 10/07 17:05:59 Finished transferring input files
...
001 (15155271.030.000) 10/07 17:06:00 Job executing on host: <128.142.61.65:9618?addrs=128.142.61.65-9618+[2001-1458-301-23--100-40]-9618&alias=b7s06p7861.cern.ch&noUDP&sock=startd_2809_519f>
...
006 (15155271.030.000) 10/07 17:06:09 Image size of job updated: 565356
	50  -  MemoryUsage of job (MB)
	50764  -  ResidentSetSize of job (KB)
...
006 (15155271.030.000) 10/07 17:11:10 Image size of job updated: 1133568
	57  -  MemoryUsage of job (MB)
	57544  -  ResidentSetSize of job (KB)
...
006 (15155271.030.000) 10/07 17:16:11 Image size of job updated: 3584404
	244  -  MemoryUsage of job (MB)
	248944  -  ResidentSetSize of job (KB)
...
006 (15155271.030.000) 10/07 17:21:11 Image size of job updated: 3825908
	481  -  MemoryUsage of job (MB)
	492088  -  ResidentSetSize of job (KB)
...
006 (15155271.030.000) 10/07 17:26:11 Image size of job updated: 3879000
	532  -  MemoryUsage of job (MB)
	544624  -  ResidentSetSize of job (KB)
...
006 (15155271.030.000) 10/07 17:31:12 Image size of job updated: 3894664
	547  -  MemoryUsage of job (MB)
	560096  -  ResidentSetSize of job (KB)
...
006 (15155271.030.000) 10/07 17:31:47 Image size of job updated: 3902220
	547  -  MemoryUsage of job (MB)
	560096  -  ResidentSetSize of job (KB)
...
040 (15155271.030.000) 10/07 17:31:47 Started transferring output files
...
040 (15155271.030.000) 10/07 17:31:47 Finished transferring output files
...
005 (15155271.030.000) 10/07 17:31:47 Job terminated.
	(1) Normal termination (return value 0)
		Usr 0 00:07:04, Sys 0 00:00:12  -  Run Remote Usage
		Usr 0 00:00:00, Sys 0 00:00:00  -  Run Local Usage
		Usr 0 00:07:04, Sys 0 00:00:12  -  Total Remote Usage
		Usr 0 00:00:00, Sys 0 00:00:00  -  Total Local Usage
	80021  -  Run Bytes Sent By Job
	323  -  Run Bytes Received By Job
	80021  -  Total Bytes Sent By Job
	323  -  Total Bytes Received By Job
	Partitionable Resources :    Usage  Request Allocated 
	   Cpus                 :     0.12        1         1 
	   Disk (KB)            :    99           1   1298156 
	   Memory (MB)          :   547        2000      2000 

	Job terminated of its own accord at 2023-10-07T15:31:47Z.
...
