000 (15150655.148.000) 09/28 15:00:14 Job submitted from host: <188.184.90.241:9618?addrs=188.184.90.241-9618+[2001-1458-201-e4--100-2eb]-9618&alias=bigbird15.cern.ch&noUDP&sock=schedd_2763_c443>
...
040 (15150655.148.000) 09/28 15:03:35 Started transferring input files
	Transferring to host: <128.142.58.173:9618?addrs=128.142.58.173-9618+[2001-1458-301-16--100-ac]-9618&alias=b7s03p6736.cern.ch&noUDP&sock=slot1_18_4841_ac1e_34837>
...
040 (15150655.148.000) 09/28 15:03:35 Finished transferring input files
...
001 (15150655.148.000) 09/28 15:03:36 Job executing on host: <128.142.58.173:9618?addrs=128.142.58.173-9618+[2001-1458-301-16--100-ac]-9618&alias=b7s03p6736.cern.ch&noUDP&sock=startd_4343_83e6>
...
006 (15150655.148.000) 09/28 15:03:44 Image size of job updated: 910452
	123  -  MemoryUsage of job (MB)
	125464  -  ResidentSetSize of job (KB)
...
006 (15150655.148.000) 09/28 15:06:02 Image size of job updated: 921232
	123  -  MemoryUsage of job (MB)
	125464  -  ResidentSetSize of job (KB)
...
040 (15150655.148.000) 09/28 15:06:02 Started transferring output files
...
040 (15150655.148.000) 09/28 15:06:02 Finished transferring output files
...
005 (15150655.148.000) 09/28 15:06:03 Job terminated.
	(1) Normal termination (return value 0)
		Usr 0 00:00:07, Sys 0 00:00:00  -  Run Remote Usage
		Usr 0 00:00:00, Sys 0 00:00:00  -  Run Local Usage
		Usr 0 00:00:07, Sys 0 00:00:00  -  Total Remote Usage
		Usr 0 00:00:00, Sys 0 00:00:00  -  Total Local Usage
	7891  -  Run Bytes Sent By Job
	374  -  Run Bytes Received By Job
	7891  -  Total Bytes Sent By Job
	374  -  Total Bytes Received By Job
	Partitionable Resources :    Usage  Request Allocated 
	   Cpus                 :     0.07        1         1 
	   Disk (KB)            :    29           1   1327610 
	   Memory (MB)          :   123        2000      2000 

	Job terminated of its own accord at 2023-09-28T13:06:02Z.
...
