000 (14807404.015.000) 05/15 22:32:17 Job submitted from host: <188.184.90.241:9618?addrs=188.184.90.241-9618+[2001-1458-201-e4--100-2eb]-9618&alias=bigbird15.cern.ch&noUDP&sock=schedd_3273_9590>
...
040 (14807404.015.000) 05/15 22:47:35 Started transferring input files
	Transferring to host: <128.142.56.111:9618?addrs=128.142.56.111-9618&alias=b7s01p8175.cern.ch&noUDP&sock=slot1_10_3889_e6f7_29985>
...
040 (14807404.015.000) 05/15 22:47:35 Finished transferring input files
...
001 (14807404.015.000) 05/15 22:47:36 Job executing on host: <128.142.56.111:9618?addrs=128.142.56.111-9618&alias=b7s01p8175.cern.ch&noUDP&sock=startd_3824_863f>
...
006 (14807404.015.000) 05/15 22:47:44 Image size of job updated: 554144
	47  -  MemoryUsage of job (MB)
	47692  -  ResidentSetSize of job (KB)
...
006 (14807404.015.000) 05/15 22:52:44 Image size of job updated: 2122428
	1497  -  MemoryUsage of job (MB)
	1532548  -  ResidentSetSize of job (KB)
...
006 (14807404.015.000) 05/15 22:57:45 Image size of job updated: 2248548
	1497  -  MemoryUsage of job (MB)
	1532548  -  ResidentSetSize of job (KB)
...
006 (14807404.015.000) 05/15 23:02:46 Image size of job updated: 4056520
	1497  -  MemoryUsage of job (MB)
	1532548  -  ResidentSetSize of job (KB)
...
006 (14807404.015.000) 05/15 23:07:46 Image size of job updated: 4348164
	1497  -  MemoryUsage of job (MB)
	1532548  -  ResidentSetSize of job (KB)
...
006 (14807404.015.000) 05/15 23:11:56 Image size of job updated: 4432548
	1497  -  MemoryUsage of job (MB)
	1532548  -  ResidentSetSize of job (KB)
...
040 (14807404.015.000) 05/15 23:11:56 Started transferring output files
...
040 (14807404.015.000) 05/15 23:11:56 Finished transferring output files
...
005 (14807404.015.000) 05/15 23:11:56 Job terminated.
	(1) Normal termination (return value 0)
		Usr 0 00:08:09, Sys 0 00:00:46  -  Run Remote Usage
		Usr 0 00:00:00, Sys 0 00:00:00  -  Run Local Usage
		Usr 0 00:08:09, Sys 0 00:00:46  -  Total Remote Usage
		Usr 0 00:00:00, Sys 0 00:00:00  -  Total Local Usage
	131190  -  Run Bytes Sent By Job
	323  -  Run Bytes Received By Job
	131190  -  Total Bytes Sent By Job
	323  -  Total Bytes Received By Job
	Partitionable Resources :    Usage  Request Allocated 
	   Cpus                 :     0.10        1         1 
	   Disk (KB)            :   149           1   1344234 
	   Memory (MB)          :  1497        2000      2000 

	Job terminated of its own accord at 2023-05-15T21:11:56Z.
...
