000 (15155263.050.000) 10/07 15:36:06 Job submitted from host: <188.184.90.241:9618?addrs=188.184.90.241-9618+[2001-1458-201-e4--100-2eb]-9618&alias=bigbird15.cern.ch&noUDP&sock=schedd_2763_c443>
...
040 (15155263.050.000) 10/07 15:38:58 Started transferring input files
	Transferring to host: <128.142.61.127:9618?addrs=128.142.61.127-9618&alias=b7s06p4472.cern.ch&noUDP&sock=slot1_48_4030_3fdd_1163>
...
040 (15155263.050.000) 10/07 15:38:58 Finished transferring input files
...
001 (15155263.050.000) 10/07 15:38:59 Job executing on host: <128.142.61.127:9618?addrs=128.142.61.127-9618&alias=b7s06p4472.cern.ch&noUDP&sock=startd_3968_4be2>
...
006 (15155263.050.000) 10/07 15:39:07 Image size of job updated: 670960
	53  -  MemoryUsage of job (MB)
	53460  -  ResidentSetSize of job (KB)
...
006 (15155263.050.000) 10/07 15:44:07 Image size of job updated: 1032896
	59  -  MemoryUsage of job (MB)
	60000  -  ResidentSetSize of job (KB)
...
006 (15155263.050.000) 10/07 15:49:08 Image size of job updated: 3572340
	174  -  MemoryUsage of job (MB)
	177588  -  ResidentSetSize of job (KB)
...
006 (15155263.050.000) 10/07 15:54:09 Image size of job updated: 3818752
	417  -  MemoryUsage of job (MB)
	426600  -  ResidentSetSize of job (KB)
...
006 (15155263.050.000) 10/07 15:59:09 Image size of job updated: 3872852
	467  -  MemoryUsage of job (MB)
	477588  -  ResidentSetSize of job (KB)
...
006 (15155263.050.000) 10/07 16:02:19 Image size of job updated: 3891964
	467  -  MemoryUsage of job (MB)
	477588  -  ResidentSetSize of job (KB)
...
040 (15155263.050.000) 10/07 16:02:20 Started transferring output files
...
040 (15155263.050.000) 10/07 16:02:20 Finished transferring output files
...
005 (15155263.050.000) 10/07 16:02:20 Job terminated.
	(1) Normal termination (return value 0)
		Usr 0 00:05:27, Sys 0 00:00:12  -  Run Remote Usage
		Usr 0 00:00:00, Sys 0 00:00:00  -  Run Local Usage
		Usr 0 00:05:27, Sys 0 00:00:12  -  Total Remote Usage
		Usr 0 00:00:00, Sys 0 00:00:00  -  Total Local Usage
	69133  -  Run Bytes Sent By Job
	323  -  Run Bytes Received By Job
	69133  -  Total Bytes Sent By Job
	323  -  Total Bytes Received By Job
	Partitionable Resources :    Usage  Request Allocated 
	   Cpus                 :     0.12        1         1 
	   Disk (KB)            :    88           1   2736685 
	   Memory (MB)          :   467        2000      2000 

	Job terminated of its own accord at 2023-10-07T14:02:19Z.
...
