000 (14857949.010.000) 06/22 15:24:33 Job submitted from host: <188.184.90.241:9618?addrs=188.184.90.241-9618+[2001-1458-201-e4--100-2eb]-9618&alias=bigbird15.cern.ch&noUDP&sock=schedd_1460210_2ef4>
...
040 (14857949.010.000) 06/22 15:34:21 Started transferring input files
	Transferring to host: <128.142.194.145:9618?addrs=128.142.194.145-9618+[2001-1458-301-13--100-11]-9618&alias=b7g30p1995.cern.ch&noUDP&sock=slot1_9_3679_f02f_73410>
...
040 (14857949.010.000) 06/22 15:34:21 Finished transferring input files
...
001 (14857949.010.000) 06/22 15:34:22 Job executing on host: <128.142.194.145:9618?addrs=128.142.194.145-9618+[2001-1458-301-13--100-11]-9618&alias=b7g30p1995.cern.ch&noUDP&sock=startd_2876_4677>
...
006 (14857949.010.000) 06/22 15:34:31 Image size of job updated: 48176
	47  -  MemoryUsage of job (MB)
	47632  -  ResidentSetSize of job (KB)
...
006 (14857949.010.000) 06/22 15:39:32 Image size of job updated: 1722452
	1157  -  MemoryUsage of job (MB)
	1184388  -  ResidentSetSize of job (KB)
...
006 (14857949.010.000) 06/22 15:44:32 Image size of job updated: 4081884
	1157  -  MemoryUsage of job (MB)
	1184388  -  ResidentSetSize of job (KB)
...
006 (14857949.010.000) 06/22 15:49:33 Image size of job updated: 4397328
	1157  -  MemoryUsage of job (MB)
	1184388  -  ResidentSetSize of job (KB)
...
006 (14857949.010.000) 06/22 15:50:07 Image size of job updated: 4407900
	1157  -  MemoryUsage of job (MB)
	1184388  -  ResidentSetSize of job (KB)
...
040 (14857949.010.000) 06/22 15:50:07 Started transferring output files
...
040 (14857949.010.000) 06/22 15:50:07 Finished transferring output files
...
005 (14857949.010.000) 06/22 15:50:07 Job terminated.
	(1) Normal termination (return value 0)
		Usr 0 00:06:46, Sys 0 00:00:25  -  Run Remote Usage
		Usr 0 00:00:00, Sys 0 00:00:00  -  Run Local Usage
		Usr 0 00:06:46, Sys 0 00:00:25  -  Total Remote Usage
		Usr 0 00:00:00, Sys 0 00:00:00  -  Total Local Usage
	113590  -  Run Bytes Sent By Job
	323  -  Run Bytes Received By Job
	113590  -  Total Bytes Sent By Job
	323  -  Total Bytes Received By Job
	Partitionable Resources :    Usage  Request Allocated 
	   Cpus                 :     0.37        1         1 
	   Disk (KB)            :   132           1   1290427 
	   Memory (MB)          :  1157        2000      2000 

	Job terminated of its own accord at 2023-06-22T13:50:07Z.
...
