000 (14832095.034.000) 06/12 15:17:57 Job submitted from host: <188.184.90.241:9618?addrs=188.184.90.241-9618+[2001-1458-201-e4--100-2eb]-9618&alias=bigbird15.cern.ch&noUDP&sock=schedd_1460210_2ef4>
...
040 (14832095.034.000) 06/12 15:19:46 Started transferring input files
	Transferring to host: <128.142.59.128:9618?addrs=128.142.59.128-9618&alias=b7s04p4879.cern.ch&noUDP&sock=slot1_24_6771_882c_59952>
...
040 (14832095.034.000) 06/12 15:19:46 Finished transferring input files
...
001 (14832095.034.000) 06/12 15:19:47 Job executing on host: <128.142.59.128:9618?addrs=128.142.59.128-9618&alias=b7s04p4879.cern.ch&noUDP&sock=startd_5255_1246>
...
006 (14832095.034.000) 06/12 15:19:56 Image size of job updated: 554136
	47  -  MemoryUsage of job (MB)
	47684  -  ResidentSetSize of job (KB)
...
006 (14832095.034.000) 06/12 15:24:57 Image size of job updated: 1400108
	56  -  MemoryUsage of job (MB)
	56372  -  ResidentSetSize of job (KB)
...
006 (14832095.034.000) 06/12 15:29:58 Image size of job updated: 1400108
	64  -  MemoryUsage of job (MB)
	64888  -  ResidentSetSize of job (KB)
...
006 (14832095.034.000) 06/12 15:34:58 Image size of job updated: 4087456
	127  -  MemoryUsage of job (MB)
	129764  -  ResidentSetSize of job (KB)
...
006 (14832095.034.000) 06/12 15:45:00 Image size of job updated: 4138532
	179  -  MemoryUsage of job (MB)
	182656  -  ResidentSetSize of job (KB)
...
006 (14832095.034.000) 06/12 15:50:00 Image size of job updated: 4371888
	406  -  MemoryUsage of job (MB)
	415540  -  ResidentSetSize of job (KB)
...
006 (14832095.034.000) 06/12 15:55:00 Image size of job updated: 4380896
	415  -  MemoryUsage of job (MB)
	424548  -  ResidentSetSize of job (KB)
...
006 (14832095.034.000) 06/12 16:00:01 Image size of job updated: 4388736
	423  -  MemoryUsage of job (MB)
	432252  -  ResidentSetSize of job (KB)
...
006 (14832095.034.000) 06/12 16:05:01 Image size of job updated: 4448236
	480  -  MemoryUsage of job (MB)
	490836  -  ResidentSetSize of job (KB)
...
006 (14832095.034.000) 06/12 16:10:01 Image size of job updated: 4461196
	494  -  MemoryUsage of job (MB)
	505248  -  ResidentSetSize of job (KB)
...
006 (14832095.034.000) 06/12 16:11:41 Image size of job updated: 4470452
	494  -  MemoryUsage of job (MB)
	505248  -  ResidentSetSize of job (KB)
...
040 (14832095.034.000) 06/12 16:11:41 Started transferring output files
...
040 (14832095.034.000) 06/12 16:11:41 Finished transferring output files
...
005 (14832095.034.000) 06/12 16:11:41 Job terminated.
	(1) Normal termination (return value 0)
		Usr 0 00:05:50, Sys 0 00:00:22  -  Run Remote Usage
		Usr 0 00:00:00, Sys 0 00:00:00  -  Run Local Usage
		Usr 0 00:05:50, Sys 0 00:00:22  -  Total Remote Usage
		Usr 0 00:00:00, Sys 0 00:00:00  -  Total Local Usage
	100203  -  Run Bytes Sent By Job
	323  -  Run Bytes Received By Job
	100203  -  Total Bytes Sent By Job
	323  -  Total Bytes Received By Job
	Partitionable Resources :    Usage  Request Allocated 
	   Cpus                 :     0.05        1         1 
	   Disk (KB)            :   119           1   1337263 
	   Memory (MB)          :   494        2000      2000 

	Job terminated of its own accord at 2023-06-12T14:11:41Z.
...
