000 (15271413.100.000) 12/18 14:02:23 Job submitted from host: <188.184.90.241:9618?addrs=188.184.90.241-9618+[2001-1458-201-e4--100-2eb]-9618&alias=bigbird15.cern.ch&noUDP&sock=schedd_2763_c443>
...
040 (15271413.100.000) 12/18 14:06:23 Started transferring input files
	Transferring to host: <188.184.164.85:9618?addrs=188.184.164.85-9618+[2001-1458-301-4e--100-4f]-9618&alias=b9s13p0199.cern.ch&noUDP&sock=slot1_4_7083_5d39_9493>
...
040 (15271413.100.000) 12/18 14:06:23 Finished transferring input files
...
001 (15271413.100.000) 12/18 14:06:24 Job executing on host: <188.184.164.85:9618?addrs=188.184.164.85-9618+[2001-1458-301-4e--100-4f]-9618&alias=b9s13p0199.cern.ch&noUDP&sock=startd_6596_e2c6>
...
006 (15271413.100.000) 12/18 14:06:32 Image size of job updated: 83100
	3  -  MemoryUsage of job (MB)
	2384  -  ResidentSetSize of job (KB)
...
040 (15271413.100.000) 12/18 14:06:32 Started transferring output files
...
040 (15271413.100.000) 12/18 14:06:32 Finished transferring output files
...
005 (15271413.100.000) 12/18 14:06:32 Job terminated.
	(1) Normal termination (return value 0)
		Usr 0 00:00:01, Sys 0 00:00:00  -  Run Remote Usage
		Usr 0 00:00:00, Sys 0 00:00:00  -  Run Local Usage
		Usr 0 00:00:01, Sys 0 00:00:00  -  Total Remote Usage
		Usr 0 00:00:00, Sys 0 00:00:00  -  Total Local Usage
	11902  -  Run Bytes Sent By Job
	269  -  Run Bytes Received By Job
	11902  -  Total Bytes Sent By Job
	269  -  Total Bytes Received By Job
	Partitionable Resources :    Usage  Request Allocated 
	   Cpus                 :                 1         1 
	   Disk (KB)            :       26        1   2888857 
	   Memory (MB)          :        3     2000      2000 

	Job terminated of its own accord at 2023-12-18T13:06:32Z.
...
