000 (15150654.098.000) 09/28 14:27:13 Job submitted from host: <188.184.90.241:9618?addrs=188.184.90.241-9618+[2001-1458-201-e4--100-2eb]-9618&alias=bigbird15.cern.ch&noUDP&sock=schedd_2763_c443>
...
040 (15150654.098.000) 09/28 14:46:28 Started transferring input files
	Transferring to host: <128.142.59.126:9618?addrs=128.142.59.126-9618+[2001-1458-301-21--100-7d]-9618&alias=b7s04p9662.cern.ch&noUDP&sock=slot1_9_4076_a91f_199265>
...
040 (15150654.098.000) 09/28 14:46:28 Finished transferring input files
...
001 (15150654.098.000) 09/28 14:46:29 Job executing on host: <128.142.59.126:9618?addrs=128.142.59.126-9618+[2001-1458-301-21--100-7d]-9618&alias=b7s04p9662.cern.ch&noUDP&sock=startd_2859_9d5b>
...
006 (15150654.098.000) 09/28 14:46:38 Image size of job updated: 911424
	121  -  MemoryUsage of job (MB)
	123520  -  ResidentSetSize of job (KB)
...
006 (15150654.098.000) 09/28 14:48:13 Image size of job updated: 919348
	121  -  MemoryUsage of job (MB)
	123520  -  ResidentSetSize of job (KB)
...
040 (15150654.098.000) 09/28 14:48:13 Started transferring output files
...
040 (15150654.098.000) 09/28 14:48:13 Finished transferring output files
...
005 (15150654.098.000) 09/28 14:48:13 Job terminated.
	(1) Normal termination (return value 0)
		Usr 0 00:00:07, Sys 0 00:00:00  -  Run Remote Usage
		Usr 0 00:00:00, Sys 0 00:00:00  -  Run Local Usage
		Usr 0 00:00:07, Sys 0 00:00:00  -  Total Remote Usage
		Usr 0 00:00:00, Sys 0 00:00:00  -  Total Local Usage
	6965  -  Run Bytes Sent By Job
	374  -  Run Bytes Received By Job
	6965  -  Total Bytes Sent By Job
	374  -  Total Bytes Received By Job
	Partitionable Resources :    Usage  Request Allocated 
	   Cpus                 :     0.03        1         1 
	   Disk (KB)            :    28           1   1274809 
	   Memory (MB)          :   121        2000      2000 

	Job terminated of its own accord at 2023-09-28T12:48:13Z.
...
