000 (14832095.105.000) 06/12 15:17:57 Job submitted from host: <188.184.90.241:9618?addrs=188.184.90.241-9618+[2001-1458-201-e4--100-2eb]-9618&alias=bigbird15.cern.ch&noUDP&sock=schedd_1460210_2ef4>
...
040 (14832095.105.000) 06/12 15:20:10 Started transferring input files
	Transferring to host: <128.142.192.155:9618?addrs=128.142.192.155-9618+[2001-1458-301-56--100-17]-9618&alias=b7g18p3514.cern.ch&noUDP&sock=slot1_18_3811_f1b4_4882>
...
040 (14832095.105.000) 06/12 15:20:10 Finished transferring input files
...
001 (14832095.105.000) 06/12 15:20:11 Job executing on host: <128.142.192.155:9618?addrs=128.142.192.155-9618+[2001-1458-301-56--100-17]-9618&alias=b7g18p3514.cern.ch&noUDP&sock=startd_3120_a393>
...
006 (14832095.105.000) 06/12 15:20:20 Image size of job updated: 47688
	47  -  MemoryUsage of job (MB)
	47688  -  ResidentSetSize of job (KB)
...
006 (14832095.105.000) 06/12 15:25:22 Image size of job updated: 1199148
	620  -  MemoryUsage of job (MB)
	634500  -  ResidentSetSize of job (KB)
...
006 (14832095.105.000) 06/12 15:30:22 Image size of job updated: 1895500
	1015  -  MemoryUsage of job (MB)
	1038652  -  ResidentSetSize of job (KB)
...
006 (14832095.105.000) 06/12 15:35:22 Image size of job updated: 1895500
	1034  -  MemoryUsage of job (MB)
	1058020  -  ResidentSetSize of job (KB)
...
006 (14832095.105.000) 06/12 15:45:23 Image size of job updated: 4033348
	1034  -  MemoryUsage of job (MB)
	1058020  -  ResidentSetSize of job (KB)
...
006 (14832095.105.000) 06/12 15:50:23 Image size of job updated: 4081296
	1034  -  MemoryUsage of job (MB)
	1058020  -  ResidentSetSize of job (KB)
...
006 (14832095.105.000) 06/12 15:55:24 Image size of job updated: 4317028
	1034  -  MemoryUsage of job (MB)
	1058020  -  ResidentSetSize of job (KB)
...
006 (14832095.105.000) 06/12 16:00:25 Image size of job updated: 4323652
	1034  -  MemoryUsage of job (MB)
	1058020  -  ResidentSetSize of job (KB)
...
006 (14832095.105.000) 06/12 16:05:25 Image size of job updated: 4379752
	1034  -  MemoryUsage of job (MB)
	1058020  -  ResidentSetSize of job (KB)
...
006 (14832095.105.000) 06/12 16:10:26 Image size of job updated: 4395788
	1034  -  MemoryUsage of job (MB)
	1058020  -  ResidentSetSize of job (KB)
...
006 (14832095.105.000) 06/12 16:14:27 Image size of job updated: 4409672
	1034  -  MemoryUsage of job (MB)
	1058020  -  ResidentSetSize of job (KB)
...
040 (14832095.105.000) 06/12 16:14:27 Started transferring output files
...
040 (14832095.105.000) 06/12 16:14:27 Finished transferring output files
...
005 (14832095.105.000) 06/12 16:14:27 Job terminated.
	(1) Normal termination (return value 0)
		Usr 0 00:09:19, Sys 0 00:00:34  -  Run Remote Usage
		Usr 0 00:00:00, Sys 0 00:00:00  -  Run Local Usage
		Usr 0 00:09:19, Sys 0 00:00:34  -  Total Remote Usage
		Usr 0 00:00:00, Sys 0 00:00:00  -  Total Local Usage
	109608  -  Run Bytes Sent By Job
	323  -  Run Bytes Received By Job
	109608  -  Total Bytes Sent By Job
	323  -  Total Bytes Received By Job
	Partitionable Resources :    Usage  Request Allocated 
	   Cpus                 :        0        1         1 
	   Disk (KB)            :      128        1   3048170 
	   Memory (MB)          :     1034     2000      2000 

	Job terminated of its own accord at 2023-06-12T14:14:27Z.
...
