000 (15271413.177.000) 12/18 14:02:23 Job submitted from host: <188.184.90.241:9618?addrs=188.184.90.241-9618+[2001-1458-201-e4--100-2eb]-9618&alias=bigbird15.cern.ch&noUDP&sock=schedd_2763_c443>
...
040 (15271413.177.000) 12/18 14:06:48 Started transferring input files
	Transferring to host: <128.142.60.36:9618?addrs=128.142.60.36-9618+[2001-1458-301-22--100-23]-9618&alias=b9s05p5142.cern.ch&noUDP&sock=slot1_4_126357_afeb_6827>
...
040 (15271413.177.000) 12/18 14:06:48 Finished transferring input files
...
001 (15271413.177.000) 12/18 14:06:49 Job executing on host: <128.142.60.36:9618?addrs=128.142.60.36-9618+[2001-1458-301-22--100-23]-9618&alias=b9s05p5142.cern.ch&noUDP&sock=startd_113191_308d>
...
006 (15271413.177.000) 12/18 14:06:58 Image size of job updated: 174916
	123  -  MemoryUsage of job (MB)
	125324  -  ResidentSetSize of job (KB)
...
006 (15271413.177.000) 12/18 14:11:59 Image size of job updated: 567016
	552  -  MemoryUsage of job (MB)
	564924  -  ResidentSetSize of job (KB)
...
006 (15271413.177.000) 12/18 14:15:00 Image size of job updated: 2826648
	552  -  MemoryUsage of job (MB)
	564924  -  ResidentSetSize of job (KB)
...
040 (15271413.177.000) 12/18 14:15:00 Started transferring output files
...
040 (15271413.177.000) 12/18 14:15:00 Finished transferring output files
...
005 (15271413.177.000) 12/18 14:15:00 Job terminated.
	(1) Normal termination (return value 0)
		Usr 0 00:06:01, Sys 0 00:00:06  -  Run Remote Usage
		Usr 0 00:00:00, Sys 0 00:00:00  -  Run Local Usage
		Usr 0 00:06:01, Sys 0 00:00:06  -  Total Remote Usage
		Usr 0 00:00:00, Sys 0 00:00:00  -  Total Local Usage
	145824  -  Run Bytes Sent By Job
	269  -  Run Bytes Received By Job
	145824  -  Total Bytes Sent By Job
	269  -  Total Bytes Received By Job
	Partitionable Resources :    Usage  Request Allocated 
	   Cpus                 :     0.95        1         1 
	   Disk (KB)            :   186           1   3048265 
	   Memory (MB)          :   552        2000      2000 

	Job terminated of its own accord at 2023-12-18T13:15:00Z.
...
