000 (14807404.027.000) 05/15 22:32:17 Job submitted from host: <188.184.90.241:9618?addrs=188.184.90.241-9618+[2001-1458-201-e4--100-2eb]-9618&alias=bigbird15.cern.ch&noUDP&sock=schedd_3273_9590>
...
040 (14807404.027.000) 05/15 22:47:31 Started transferring input files
	Transferring to host: <188.184.160.68:9618?addrs=188.184.160.68-9618+[2001-1458-301-48--100-3e]-9618&alias=b7s09p5205.cern.ch&noUDP&sock=slot1_1_4656_52b6_57026>
...
040 (14807404.027.000) 05/15 22:47:31 Finished transferring input files
...
001 (14807404.027.000) 05/15 22:47:32 Job executing on host: <188.184.160.68:9618?addrs=188.184.160.68-9618+[2001-1458-301-48--100-3e]-9618&alias=b7s09p5205.cern.ch&noUDP&sock=startd_3269_d72f>
...
006 (14807404.027.000) 05/15 22:47:41 Image size of job updated: 554668
	48  -  MemoryUsage of job (MB)
	48216  -  ResidentSetSize of job (KB)
...
006 (14807404.027.000) 05/15 22:52:42 Image size of job updated: 2653628
	2122  -  MemoryUsage of job (MB)
	2172460  -  ResidentSetSize of job (KB)
...
006 (14807404.027.000) 05/15 22:57:42 Image size of job updated: 4859612
	4253  -  MemoryUsage of job (MB)
	4354612  -  ResidentSetSize of job (KB)
...
006 (14807404.027.000) 05/15 23:02:42 Image size of job updated: 6098784
	5431  -  MemoryUsage of job (MB)
	5560700  -  ResidentSetSize of job (KB)
...
006 (14807404.027.000) 05/15 23:07:43 Image size of job updated: 6123784
	5431  -  MemoryUsage of job (MB)
	5560700  -  ResidentSetSize of job (KB)
...
040 (14807404.027.000) 05/15 23:21:16 Started transferring output files
...
040 (14807404.027.000) 05/15 23:21:16 Finished transferring output files
...
005 (14807404.027.000) 05/15 23:21:16 Job terminated.
	(1) Normal termination (return value 0)
		Usr 0 00:20:18, Sys 0 00:03:56  -  Run Remote Usage
		Usr 0 00:00:00, Sys 0 00:00:00  -  Run Local Usage
		Usr 0 00:20:18, Sys 0 00:03:56  -  Total Remote Usage
		Usr 0 00:00:00, Sys 0 00:00:00  -  Total Local Usage
	307536  -  Run Bytes Sent By Job
	323  -  Run Bytes Received By Job
	307536  -  Total Bytes Sent By Job
	323  -  Total Bytes Received By Job
	Partitionable Resources :    Usage  Request Allocated 
	   Cpus                 :     0.13        1         1 
	   Disk (KB)            :   322           1   3077636 
	   Memory (MB)          :  5431        2000      2000 

	Job terminated of its own accord at 2023-05-15T21:21:16Z.
...
