000 (14832095.010.000) 06/12 15:17:57 Job submitted from host: <188.184.90.241:9618?addrs=188.184.90.241-9618+[2001-1458-201-e4--100-2eb]-9618&alias=bigbird15.cern.ch&noUDP&sock=schedd_1460210_2ef4>
...
040 (14832095.010.000) 06/12 15:19:38 Started transferring input files
	Transferring to host: <128.142.195.49:9618?addrs=128.142.195.49-9618+[2001-1458-301-26--100-31]-9618&alias=b7g31p4926.cern.ch&noUDP&sock=slot1_32_1471_33d5_50046>
...
040 (14832095.010.000) 06/12 15:19:38 Finished transferring input files
...
001 (14832095.010.000) 06/12 15:19:39 Job executing on host: <128.142.195.49:9618?addrs=128.142.195.49-9618+[2001-1458-301-26--100-31]-9618&alias=b7g31p4926.cern.ch&noUDP&sock=startd_1430_7085>
...
006 (14832095.010.000) 06/12 15:19:48 Image size of job updated: 50216
	47  -  MemoryUsage of job (MB)
	47696  -  ResidentSetSize of job (KB)
...
006 (14832095.010.000) 06/12 15:24:48 Image size of job updated: 1576532
	1014  -  MemoryUsage of job (MB)
	1038128  -  ResidentSetSize of job (KB)
...
006 (14832095.010.000) 06/12 15:39:50 Image size of job updated: 4033128
	1014  -  MemoryUsage of job (MB)
	1038128  -  ResidentSetSize of job (KB)
...
006 (14832095.010.000) 06/12 15:44:50 Image size of job updated: 4081100
	1014  -  MemoryUsage of job (MB)
	1038128  -  ResidentSetSize of job (KB)
...
006 (14832095.010.000) 06/12 15:49:51 Image size of job updated: 4317648
	1014  -  MemoryUsage of job (MB)
	1038128  -  ResidentSetSize of job (KB)
...
006 (14832095.010.000) 06/12 15:54:52 Image size of job updated: 4327384
	1014  -  MemoryUsage of job (MB)
	1038128  -  ResidentSetSize of job (KB)
...
006 (14832095.010.000) 06/12 15:59:52 Image size of job updated: 4392608
	1014  -  MemoryUsage of job (MB)
	1038128  -  ResidentSetSize of job (KB)
...
006 (14832095.010.000) 06/12 16:04:35 Image size of job updated: 4408212
	1014  -  MemoryUsage of job (MB)
	1038128  -  ResidentSetSize of job (KB)
...
040 (14832095.010.000) 06/12 16:04:35 Started transferring output files
...
040 (14832095.010.000) 06/12 16:04:35 Finished transferring output files
...
005 (14832095.010.000) 06/12 16:04:35 Job terminated.
	(1) Normal termination (return value 0)
		Usr 0 00:07:51, Sys 0 00:00:29  -  Run Remote Usage
		Usr 0 00:00:00, Sys 0 00:00:00  -  Run Local Usage
		Usr 0 00:07:51, Sys 0 00:00:29  -  Total Remote Usage
		Usr 0 00:00:00, Sys 0 00:00:00  -  Total Local Usage
	107264  -  Run Bytes Sent By Job
	323  -  Run Bytes Received By Job
	107264  -  Total Bytes Sent By Job
	323  -  Total Bytes Received By Job
	Partitionable Resources :    Usage  Request Allocated 
	   Cpus                 :     0.11        1         1 
	   Disk (KB)            :   126           1   1250755 
	   Memory (MB)          :  1014        2000      2000 

	Job terminated of its own accord at 2023-06-12T14:04:35Z.
...
