000 (14808124.012.000) 05/19 04:24:07 Job submitted from host: <188.184.90.241:9618?addrs=188.184.90.241-9618+[2001-1458-201-e4--100-2eb]-9618&alias=bigbird15.cern.ch&noUDP&sock=schedd_3273_9590>
...
040 (14808124.012.000) 05/19 04:35:44 Started transferring input files
	Transferring to host: <128.142.60.101:9618?addrs=128.142.60.101-9618+[2001-1458-301-22--100-64]-9618&alias=b7s05p0898.cern.ch&noUDP&sock=slot1_19_8597_1d37_31216>
...
040 (14808124.012.000) 05/19 04:35:44 Finished transferring input files
...
001 (14808124.012.000) 05/19 04:35:45 Job executing on host: <128.142.60.101:9618?addrs=128.142.60.101-9618+[2001-1458-301-22--100-64]-9618&alias=b7s05p0898.cern.ch&noUDP&sock=startd_7021_6686>
...
006 (14808124.012.000) 05/19 04:35:54 Image size of job updated: 554136
	47  -  MemoryUsage of job (MB)
	47676  -  ResidentSetSize of job (KB)
...
006 (14808124.012.000) 05/19 04:40:23 Image size of job updated: 4313380
	47  -  MemoryUsage of job (MB)
	47676  -  ResidentSetSize of job (KB)
...
040 (14808124.012.000) 05/19 04:40:23 Started transferring output files
...
040 (14808124.012.000) 05/19 04:40:23 Finished transferring output files
...
005 (14808124.012.000) 05/19 04:40:23 Job terminated.
	(1) Normal termination (return value 0)
		Usr 0 00:02:59, Sys 0 00:00:07  -  Run Remote Usage
		Usr 0 00:00:00, Sys 0 00:00:00  -  Run Local Usage
		Usr 0 00:02:59, Sys 0 00:00:07  -  Total Remote Usage
		Usr 0 00:00:00, Sys 0 00:00:00  -  Total Local Usage
	304613  -  Run Bytes Sent By Job
	269  -  Run Bytes Received By Job
	304613  -  Total Bytes Sent By Job
	269  -  Total Bytes Received By Job
	Partitionable Resources :    Usage  Request Allocated 
	   Cpus                 :     0.66        1         1 
	   Disk (KB)            :   319           1   1313022 
	   Memory (MB)          :    47        2000      2000 

	Job terminated of its own accord at 2023-05-19T02:40:23Z.
...
