000 (14759892.000.000) 03/28 13:59:15 Job submitted from host: <188.184.90.241:9618?addrs=188.184.90.241-9618+[2001-1458-201-e4--100-2eb]-9618&alias=bigbird15.cern.ch&noUDP&sock=schedd_3631588_e24a>
...
040 (14759892.000.000) 03/28 14:02:08 Started transferring input files
	Transferring to host: <128.142.248.30:9618?addrs=128.142.248.30-9618+[2001-1458-301-73--100-10e]-9618&alias=b7g23p6070.cern.ch&noUDP&sock=slot1_31_3601_faec_130257>
...
040 (14759892.000.000) 03/28 14:02:08 Finished transferring input files
...
001 (14759892.000.000) 03/28 14:02:09 Job executing on host: <128.142.248.30:9618?addrs=128.142.248.30-9618+[2001-1458-301-73--100-10e]-9618&alias=b7g23p6070.cern.ch&noUDP&sock=startd_3236_348f>
...
006 (14759892.000.000) 03/28 14:02:18 Image size of job updated: 48108
	47  -  MemoryUsage of job (MB)
	47716  -  ResidentSetSize of job (KB)
...
006 (14759892.000.000) 03/28 14:07:18 Image size of job updated: 2617984
	96  -  MemoryUsage of job (MB)
	97624  -  ResidentSetSize of job (KB)
...
006 (14759892.000.000) 03/28 14:12:19 Image size of job updated: 2780336
	255  -  MemoryUsage of job (MB)
	260628  -  ResidentSetSize of job (KB)
...
006 (14759892.000.000) 03/28 14:17:20 Image size of job updated: 2787924
	261  -  MemoryUsage of job (MB)
	267184  -  ResidentSetSize of job (KB)
...
006 (14759892.000.000) 03/28 14:20:48 Image size of job updated: 2836856
	261  -  MemoryUsage of job (MB)
	267184  -  ResidentSetSize of job (KB)
...
040 (14759892.000.000) 03/28 14:20:48 Started transferring output files
...
040 (14759892.000.000) 03/28 14:20:48 Finished transferring output files
...
005 (14759892.000.000) 03/28 14:20:48 Job terminated.
	(1) Normal termination (return value 0)
		Usr 0 00:03:29, Sys 0 00:00:05  -  Run Remote Usage
		Usr 0 00:00:00, Sys 0 00:00:00  -  Run Local Usage
		Usr 0 00:03:29, Sys 0 00:00:05  -  Total Remote Usage
		Usr 0 00:00:00, Sys 0 00:00:00  -  Total Local Usage
	68899  -  Run Bytes Sent By Job
	323  -  Run Bytes Received By Job
	68899  -  Total Bytes Sent By Job
	323  -  Total Bytes Received By Job
	Partitionable Resources :    Usage  Request Allocated 
	   Cpus                 :     0.06        1         1 
	   Disk (KB)            :    89           1   3021880 
	   Memory (MB)          :   261        2000      2000 

	Job terminated of its own accord at 2023-03-28T12:20:48Z.
...
