000 (15151321.151.000) 10/02 14:58:31 Job submitted from host: <188.184.90.241:9618?addrs=188.184.90.241-9618+[2001-1458-201-e4--100-2eb]-9618&alias=bigbird15.cern.ch&noUDP&sock=schedd_2763_c443>
...
040 (15151321.151.000) 10/02 15:18:26 Started transferring input files
	Transferring to host: <188.184.163.71:9618?addrs=188.184.163.71-9618&alias=b7s12p7279.cern.ch&noUDP&sock=slot1_21_4908_e141_7916>
...
040 (15151321.151.000) 10/02 15:18:26 Finished transferring input files
...
001 (15151321.151.000) 10/02 15:18:27 Job executing on host: <188.184.163.71:9618?addrs=188.184.163.71-9618&alias=b7s12p7279.cern.ch&noUDP&sock=startd_4177_a72e>
...
006 (15151321.151.000) 10/02 15:18:35 Image size of job updated: 912644
	122  -  MemoryUsage of job (MB)
	124832  -  ResidentSetSize of job (KB)
...
006 (15151321.151.000) 10/02 15:21:15 Image size of job updated: 926724
	122  -  MemoryUsage of job (MB)
	124832  -  ResidentSetSize of job (KB)
...
040 (15151321.151.000) 10/02 15:21:15 Started transferring output files
...
040 (15151321.151.000) 10/02 15:21:15 Finished transferring output files
...
005 (15151321.151.000) 10/02 15:21:15 Job terminated.
	(1) Normal termination (return value 0)
		Usr 0 00:00:14, Sys 0 00:00:00  -  Run Remote Usage
		Usr 0 00:00:00, Sys 0 00:00:00  -  Run Local Usage
		Usr 0 00:00:14, Sys 0 00:00:00  -  Total Remote Usage
		Usr 0 00:00:00, Sys 0 00:00:00  -  Total Local Usage
	7937  -  Run Bytes Sent By Job
	374  -  Run Bytes Received By Job
	7937  -  Total Bytes Sent By Job
	374  -  Total Bytes Received By Job
	Partitionable Resources :    Usage  Request Allocated 
	   Cpus                 :        0        1         1 
	   Disk (KB)            :       29        1   3076005 
	   Memory (MB)          :      122     2000      2000 

	Job terminated of its own accord at 2023-10-02T13:21:15Z.
...
