000 (15155243.023.000) 10/07 13:26:29 Job submitted from host: <188.184.90.241:9618?addrs=188.184.90.241-9618+[2001-1458-201-e4--100-2eb]-9618&alias=bigbird15.cern.ch&noUDP&sock=schedd_2763_c443>
...
040 (15155243.023.000) 10/07 13:31:53 Started transferring input files
	Transferring to host: <128.142.137.65:9618?addrs=128.142.137.65-9618+[2001-1458-301-5e--100-35]-9618&alias=b7g19p5850.cern.ch&noUDP&sock=slot1_24_3528_8b89_53766>
...
040 (15155243.023.000) 10/07 13:31:53 Finished transferring input files
...
001 (15155243.023.000) 10/07 13:31:54 Job executing on host: <128.142.137.65:9618?addrs=128.142.137.65-9618+[2001-1458-301-5e--100-35]-9618&alias=b7g19p5850.cern.ch&noUDP&sock=startd_3003_62fe>
...
006 (15155243.023.000) 10/07 13:32:02 Image size of job updated: 624024
	54  -  MemoryUsage of job (MB)
	54968  -  ResidentSetSize of job (KB)
...
006 (15155243.023.000) 10/07 13:37:02 Image size of job updated: 902076
	382  -  MemoryUsage of job (MB)
	390456  -  ResidentSetSize of job (KB)
...
006 (15155243.023.000) 10/07 13:42:03 Image size of job updated: 1178196
	652  -  MemoryUsage of job (MB)
	666664  -  ResidentSetSize of job (KB)
...
006 (15155243.023.000) 10/07 13:47:03 Image size of job updated: 1362616
	829  -  MemoryUsage of job (MB)
	848328  -  ResidentSetSize of job (KB)
...
006 (15155243.023.000) 10/07 13:52:03 Image size of job updated: 1362776
	829  -  MemoryUsage of job (MB)
	848328  -  ResidentSetSize of job (KB)
...
006 (15155243.023.000) 10/07 13:57:04 Image size of job updated: 4086256
	829  -  MemoryUsage of job (MB)
	848328  -  ResidentSetSize of job (KB)
...
006 (15155243.023.000) 10/07 14:02:04 Image size of job updated: 4368620
	829  -  MemoryUsage of job (MB)
	848328  -  ResidentSetSize of job (KB)
...
006 (15155243.023.000) 10/07 14:07:04 Image size of job updated: 4431772
	829  -  MemoryUsage of job (MB)
	848328  -  ResidentSetSize of job (KB)
...
006 (15155243.023.000) 10/07 14:11:25 Image size of job updated: 4457884
	829  -  MemoryUsage of job (MB)
	848328  -  ResidentSetSize of job (KB)
...
040 (15155243.023.000) 10/07 14:11:25 Started transferring output files
...
040 (15155243.023.000) 10/07 14:11:25 Finished transferring output files
...
005 (15155243.023.000) 10/07 14:11:25 Job terminated.
	(1) Normal termination (return value 0)
		Usr 0 00:22:11, Sys 0 00:00:36  -  Run Remote Usage
		Usr 0 00:00:00, Sys 0 00:00:00  -  Run Local Usage
		Usr 0 00:22:11, Sys 0 00:00:36  -  Total Remote Usage
		Usr 0 00:00:00, Sys 0 00:00:00  -  Total Local Usage
	101073  -  Run Bytes Sent By Job
	323  -  Run Bytes Received By Job
	101073  -  Total Bytes Sent By Job
	323  -  Total Bytes Received By Job
	Partitionable Resources :    Usage  Request Allocated 
	   Cpus                 :     0.16        1         1 
	   Disk (KB)            :   120           1   1577131 
	   Memory (MB)          :   829        2000      2000 

	Job terminated of its own accord at 2023-10-07T12:11:25Z.
...
