000 (15155263.039.000) 10/07 15:36:06 Job submitted from host: <188.184.90.241:9618?addrs=188.184.90.241-9618+[2001-1458-201-e4--100-2eb]-9618&alias=bigbird15.cern.ch&noUDP&sock=schedd_2763_c443>
...
040 (15155263.039.000) 10/07 15:38:49 Started transferring input files
	Transferring to host: <128.142.61.151:9618?addrs=128.142.61.151-9618+[2001-1458-301-23--100-96]-9618&alias=b7s06p7731.cern.ch&noUDP&sock=slot1_18_38505_0177_73559>
...
040 (15155263.039.000) 10/07 15:38:49 Finished transferring input files
...
001 (15155263.039.000) 10/07 15:38:50 Job executing on host: <128.142.61.151:9618?addrs=128.142.61.151-9618+[2001-1458-301-23--100-96]-9618&alias=b7s06p7731.cern.ch&noUDP&sock=startd_38466_0e15>
...
006 (15155263.039.000) 10/07 15:38:59 Image size of job updated: 679580
	59  -  MemoryUsage of job (MB)
	60184  -  ResidentSetSize of job (KB)
...
006 (15155263.039.000) 10/07 15:44:00 Image size of job updated: 925392
	126  -  MemoryUsage of job (MB)
	128772  -  ResidentSetSize of job (KB)
...
006 (15155263.039.000) 10/07 15:49:00 Image size of job updated: 2309736
	279  -  MemoryUsage of job (MB)
	284752  -  ResidentSetSize of job (KB)
...
006 (15155263.039.000) 10/07 15:49:45 Image size of job updated: 2316536
	279  -  MemoryUsage of job (MB)
	284752  -  ResidentSetSize of job (KB)
...
040 (15155263.039.000) 10/07 15:49:45 Started transferring output files
...
040 (15155263.039.000) 10/07 15:49:45 Finished transferring output files
...
005 (15155263.039.000) 10/07 15:49:45 Job terminated.
	(1) Normal termination (return value 0)
		Usr 0 00:03:45, Sys 0 00:00:07  -  Run Remote Usage
		Usr 0 00:00:00, Sys 0 00:00:00  -  Run Local Usage
		Usr 0 00:03:45, Sys 0 00:00:07  -  Total Remote Usage
		Usr 0 00:00:00, Sys 0 00:00:00  -  Total Local Usage
	52116  -  Run Bytes Sent By Job
	323  -  Run Bytes Received By Job
	52116  -  Total Bytes Sent By Job
	323  -  Total Bytes Received By Job
	Partitionable Resources :    Usage  Request Allocated 
	   Cpus                 :                 1         1 
	   Disk (KB)            :       65        1   1243735 
	   Memory (MB)          :      279     2000      2000 

	Job terminated of its own accord at 2023-10-07T13:49:45Z.
...
