000 (14832095.110.000) 06/12 15:17:57 Job submitted from host: <188.184.90.241:9618?addrs=188.184.90.241-9618+[2001-1458-201-e4--100-2eb]-9618&alias=bigbird15.cern.ch&noUDP&sock=schedd_1460210_2ef4>
...
040 (14832095.110.000) 06/12 15:20:10 Started transferring input files
	Transferring to host: <128.142.192.148:9618?addrs=128.142.192.148-9618+[2001-1458-301-56--100-10]-9618&alias=b7g18p3236.cern.ch&noUDP&sock=slot1_19_4665_aa17_67789>
...
040 (14832095.110.000) 06/12 15:20:10 Finished transferring input files
...
001 (14832095.110.000) 06/12 15:20:11 Job executing on host: <128.142.192.148:9618?addrs=128.142.192.148-9618+[2001-1458-301-56--100-10]-9618&alias=b7g18p3236.cern.ch&noUDP&sock=startd_3330_ae76>
...
006 (14832095.110.000) 06/12 15:20:20 Image size of job updated: 553376
	47  -  MemoryUsage of job (MB)
	47676  -  ResidentSetSize of job (KB)
...
006 (14832095.110.000) 06/12 15:25:21 Image size of job updated: 1203328
	56  -  MemoryUsage of job (MB)
	56916  -  ResidentSetSize of job (KB)
...
006 (14832095.110.000) 06/12 15:29:29 Image size of job updated: 1221464
	56  -  MemoryUsage of job (MB)
	56916  -  ResidentSetSize of job (KB)
...
040 (14832095.110.000) 06/12 15:29:29 Started transferring output files
...
040 (14832095.110.000) 06/12 15:29:29 Finished transferring output files
...
005 (14832095.110.000) 06/12 15:29:29 Job terminated.
	(1) Normal termination (return value 0)
		Usr 0 00:04:17, Sys 0 00:00:13  -  Run Remote Usage
		Usr 0 00:00:00, Sys 0 00:00:00  -  Run Local Usage
		Usr 0 00:04:17, Sys 0 00:00:13  -  Total Remote Usage
		Usr 0 00:00:00, Sys 0 00:00:00  -  Total Local Usage
	53981  -  Run Bytes Sent By Job
	323  -  Run Bytes Received By Job
	53981  -  Total Bytes Sent By Job
	323  -  Total Bytes Received By Job
	Partitionable Resources :    Usage  Request Allocated 
	   Cpus                 :     0.78        1         1 
	   Disk (KB)            :    74           1   3126569 
	   Memory (MB)          :    56        2000      2000 

	Job terminated of its own accord at 2023-06-12T13:29:29Z.
...
