000 (15159756.031.000) 10/09 09:27:43 Job submitted from host: <188.184.90.241:9618?addrs=188.184.90.241-9618+[2001-1458-201-e4--100-2eb]-9618&alias=bigbird15.cern.ch&noUDP&sock=schedd_2763_c443>
...
040 (15159756.031.000) 10/09 11:14:51 Started transferring input files
	Transferring to host: <128.142.58.127:9618?addrs=128.142.58.127-9618+[2001-1458-301-16--100-7e]-9618&alias=b7s03p1055.cern.ch&noUDP&sock=slot1_20_4570_ba73_208499>
...
040 (15159756.031.000) 10/09 11:14:51 Finished transferring input files
...
001 (15159756.031.000) 10/09 11:14:52 Job executing on host: <128.142.58.127:9618?addrs=128.142.58.127-9618+[2001-1458-301-16--100-7e]-9618&alias=b7s03p1055.cern.ch&noUDP&sock=startd_3081_e361>
...
006 (15159756.031.000) 10/09 11:15:01 Image size of job updated: 67320
	62  -  MemoryUsage of job (MB)
	63188  -  ResidentSetSize of job (KB)
...
006 (15159756.031.000) 10/09 11:20:02 Image size of job updated: 960428
	441  -  MemoryUsage of job (MB)
	451136  -  ResidentSetSize of job (KB)
...
006 (15159756.031.000) 10/09 11:23:10 Image size of job updated: 3346480
	441  -  MemoryUsage of job (MB)
	451136  -  ResidentSetSize of job (KB)
...
040 (15159756.031.000) 10/09 11:23:10 Started transferring output files
...
040 (15159756.031.000) 10/09 11:23:10 Finished transferring output files
...
005 (15159756.031.000) 10/09 11:23:10 Job terminated.
	(1) Normal termination (return value 0)
		Usr 0 00:06:59, Sys 0 00:00:07  -  Run Remote Usage
		Usr 0 00:00:00, Sys 0 00:00:00  -  Run Local Usage
		Usr 0 00:06:59, Sys 0 00:00:07  -  Total Remote Usage
		Usr 0 00:00:00, Sys 0 00:00:00  -  Total Local Usage
	151573  -  Run Bytes Sent By Job
	269  -  Run Bytes Received By Job
	151573  -  Total Bytes Sent By Job
	269  -  Total Bytes Received By Job
	Partitionable Resources :    Usage  Request Allocated 
	   Cpus                 :     0.89        1         1 
	   Disk (KB)            :   169           1   1193082 
	   Memory (MB)          :   441        2000      2000 

	Job terminated of its own accord at 2023-10-09T09:23:10Z.
...
