000 (15271413.164.000) 12/18 14:02:23 Job submitted from host: <188.184.90.241:9618?addrs=188.184.90.241-9618+[2001-1458-201-e4--100-2eb]-9618&alias=bigbird15.cern.ch&noUDP&sock=schedd_2763_c443>
...
040 (15271413.164.000) 12/18 14:06:44 Started transferring input files
	Transferring to host: <128.142.63.10:9618?addrs=128.142.63.10-9618+[2001-1458-301-38--100-7]-9618&alias=b9s08p9681.cern.ch&noUDP&sock=slot1_20_153382_3e96_24774>
...
040 (15271413.164.000) 12/18 14:06:44 Finished transferring input files
...
001 (15271413.164.000) 12/18 14:06:45 Job executing on host: <128.142.63.10:9618?addrs=128.142.63.10-9618+[2001-1458-301-38--100-7]-9618&alias=b9s08p9681.cern.ch&noUDP&sock=startd_141943_ab8f>
...
006 (15271413.164.000) 12/18 14:06:54 Image size of job updated: 198668
	194  -  MemoryUsage of job (MB)
	197920  -  ResidentSetSize of job (KB)
...
006 (15271413.164.000) 12/18 14:11:33 Image size of job updated: 2585340
	194  -  MemoryUsage of job (MB)
	197920  -  ResidentSetSize of job (KB)
...
040 (15271413.164.000) 12/18 14:11:33 Started transferring output files
...
040 (15271413.164.000) 12/18 14:11:33 Finished transferring output files
...
005 (15271413.164.000) 12/18 14:11:33 Job terminated.
	(1) Normal termination (return value 0)
		Usr 0 00:03:06, Sys 0 00:00:03  -  Run Remote Usage
		Usr 0 00:00:00, Sys 0 00:00:00  -  Run Local Usage
		Usr 0 00:03:06, Sys 0 00:00:03  -  Total Remote Usage
		Usr 0 00:00:00, Sys 0 00:00:00  -  Total Local Usage
	112783  -  Run Bytes Sent By Job
	269  -  Run Bytes Received By Job
	112783  -  Total Bytes Sent By Job
	269  -  Total Bytes Received By Job
	Partitionable Resources :    Usage  Request Allocated 
	   Cpus                 :                 1         1 
	   Disk (KB)            :      146        1   2994321 
	   Memory (MB)          :      194     2000      2000 

	Job terminated of its own accord at 2023-12-18T13:11:33Z.
...
