000 (14861550.001.000) 06/22 22:11:47 Job submitted from host: <188.184.90.241:9618?addrs=188.184.90.241-9618+[2001-1458-201-e4--100-2eb]-9618&alias=bigbird15.cern.ch&noUDP&sock=schedd_1460210_2ef4>
...
040 (14861550.001.000) 06/22 22:23:54 Started transferring input files
	Transferring to host: <128.142.192.161:9618?addrs=128.142.192.161-9618+[2001-1458-301-56--100-1d]-9618&alias=b7g18p5785.cern.ch&noUDP&sock=slot1_17_25689_f96e_1906>
...
040 (14861550.001.000) 06/22 22:23:54 Finished transferring input files
...
001 (14861550.001.000) 06/22 22:23:55 Job executing on host: <128.142.192.161:9618?addrs=128.142.192.161-9618+[2001-1458-301-56--100-1d]-9618&alias=b7g18p5785.cern.ch&noUDP&sock=startd_4739_2367>
...
006 (14861550.001.000) 06/22 22:24:04 Image size of job updated: 554128
	47  -  MemoryUsage of job (MB)
	47684  -  ResidentSetSize of job (KB)
...
006 (14861550.001.000) 06/22 22:29:05 Image size of job updated: 1857348
	1289  -  MemoryUsage of job (MB)
	1319208  -  ResidentSetSize of job (KB)
...
006 (14861550.001.000) 06/22 22:34:06 Image size of job updated: 1882348
	1289  -  MemoryUsage of job (MB)
	1319208  -  ResidentSetSize of job (KB)
...
006 (14861550.001.000) 06/22 22:39:06 Image size of job updated: 4091980
	1289  -  MemoryUsage of job (MB)
	1319208  -  ResidentSetSize of job (KB)
...
006 (14861550.001.000) 06/22 22:44:01 Image size of job updated: 4417944
	1289  -  MemoryUsage of job (MB)
	1319208  -  ResidentSetSize of job (KB)
...
040 (14861550.001.000) 06/22 22:44:01 Started transferring output files
...
040 (14861550.001.000) 06/22 22:44:01 Finished transferring output files
...
005 (14861550.001.000) 06/22 22:44:02 Job terminated.
	(1) Normal termination (return value 0)
		Usr 0 00:10:42, Sys 0 00:00:43  -  Run Remote Usage
		Usr 0 00:00:00, Sys 0 00:00:00  -  Run Local Usage
		Usr 0 00:10:42, Sys 0 00:00:43  -  Total Remote Usage
		Usr 0 00:00:00, Sys 0 00:00:00  -  Total Local Usage
	119850  -  Run Bytes Sent By Job
	323  -  Run Bytes Received By Job
	119850  -  Total Bytes Sent By Job
	323  -  Total Bytes Received By Job
	Partitionable Resources :    Usage  Request Allocated 
	   Cpus                 :     0.96        1         1 
	   Disk (KB)            :   138           1   3064818 
	   Memory (MB)          :  1289        2000      2000 

	Job terminated of its own accord at 2023-06-22T20:44:01Z.
...
