000 (15148591.017.000) 09/26 23:15:32 Job submitted from host: <188.184.90.241:9618?addrs=188.184.90.241-9618+[2001-1458-201-e4--100-2eb]-9618&alias=bigbird15.cern.ch&noUDP&sock=schedd_2763_c443>
...
040 (15148591.017.000) 09/26 23:30:24 Started transferring input files
	Transferring to host: <188.184.163.15:9618?addrs=188.184.163.15-9618+[2001-1458-301-4d--100-9]-9618&alias=b7s12p8638.cern.ch&noUDP&sock=slot1_13_3311_a620_59045>
...
040 (15148591.017.000) 09/26 23:30:24 Finished transferring input files
...
001 (15148591.017.000) 09/26 23:30:25 Job executing on host: <188.184.163.15:9618?addrs=188.184.163.15-9618+[2001-1458-301-4d--100-9]-9618&alias=b7s12p8638.cern.ch&noUDP&sock=startd_2842_f43f>
...
006 (15148591.017.000) 09/26 23:30:34 Image size of job updated: 627732
	59  -  MemoryUsage of job (MB)
	60016  -  ResidentSetSize of job (KB)
...
006 (15148591.017.000) 09/26 23:35:35 Image size of job updated: 1118876
	544  -  MemoryUsage of job (MB)
	556480  -  ResidentSetSize of job (KB)
...
006 (15148591.017.000) 09/26 23:40:36 Image size of job updated: 3134404
	544  -  MemoryUsage of job (MB)
	556480  -  ResidentSetSize of job (KB)
...
006 (15148591.017.000) 09/26 23:45:36 Image size of job updated: 3331680
	544  -  MemoryUsage of job (MB)
	556480  -  ResidentSetSize of job (KB)
...
006 (15148591.017.000) 09/26 23:50:37 Image size of job updated: 3378524
	544  -  MemoryUsage of job (MB)
	556480  -  ResidentSetSize of job (KB)
...
006 (15148591.017.000) 09/26 23:55:20 Image size of job updated: 3392856
	544  -  MemoryUsage of job (MB)
	556480  -  ResidentSetSize of job (KB)
...
040 (15148591.017.000) 09/26 23:55:21 Started transferring output files
...
040 (15148591.017.000) 09/26 23:55:21 Finished transferring output files
...
005 (15148591.017.000) 09/26 23:55:21 Job terminated.
	(1) Normal termination (return value 0)
		Usr 0 00:07:26, Sys 0 00:00:15  -  Run Remote Usage
		Usr 0 00:00:00, Sys 0 00:00:00  -  Run Local Usage
		Usr 0 00:07:26, Sys 0 00:00:15  -  Total Remote Usage
		Usr 0 00:00:00, Sys 0 00:00:00  -  Total Local Usage
	80294  -  Run Bytes Sent By Job
	323  -  Run Bytes Received By Job
	80294  -  Total Bytes Sent By Job
	323  -  Total Bytes Received By Job
	Partitionable Resources :    Usage  Request Allocated 
	   Cpus                 :        0        1         1 
	   Disk (KB)            :      100        1   2984576 
	   Memory (MB)          :      544     2000      2000 

	Job terminated of its own accord at 2023-09-26T21:55:20Z.
...
