000 (15159756.051.000) 10/09 09:27:44 Job submitted from host: <188.184.90.241:9618?addrs=188.184.90.241-9618+[2001-1458-201-e4--100-2eb]-9618&alias=bigbird15.cern.ch&noUDP&sock=schedd_2763_c443>
...
040 (15159756.051.000) 10/09 11:15:02 Started transferring input files
	Transferring to host: <128.142.60.73:9618?addrs=128.142.60.73-9618+[2001-1458-301-22--100-48]-9618&alias=b7s05p9440.cern.ch&noUDP&sock=slot1_13_35666_ac63_141325>
...
040 (15159756.051.000) 10/09 11:15:02 Finished transferring input files
...
001 (15159756.051.000) 10/09 11:15:03 Job executing on host: <128.142.60.73:9618?addrs=128.142.60.73-9618+[2001-1458-301-22--100-48]-9618&alias=b7s05p9440.cern.ch&noUDP&sock=startd_35627_bcb5>
...
006 (15159756.051.000) 10/09 11:15:12 Image size of job updated: 265028
	51  -  MemoryUsage of job (MB)
	52056  -  ResidentSetSize of job (KB)
...
006 (15159756.051.000) 10/09 11:20:13 Image size of job updated: 931180
	434  -  MemoryUsage of job (MB)
	444308  -  ResidentSetSize of job (KB)
...
006 (15159756.051.000) 10/09 11:25:13 Image size of job updated: 3265328
	2672  -  MemoryUsage of job (MB)
	2735768  -  ResidentSetSize of job (KB)
...
006 (15159756.051.000) 10/09 11:25:57 Image size of job updated: 3368332
	2672  -  MemoryUsage of job (MB)
	2735768  -  ResidentSetSize of job (KB)
...
040 (15159756.051.000) 10/09 11:25:57 Started transferring output files
...
040 (15159756.051.000) 10/09 11:25:57 Finished transferring output files
...
005 (15159756.051.000) 10/09 11:25:58 Job terminated.
	(1) Normal termination (return value 0)
		Usr 0 00:09:15, Sys 0 00:00:08  -  Run Remote Usage
		Usr 0 00:00:00, Sys 0 00:00:00  -  Run Local Usage
		Usr 0 00:09:15, Sys 0 00:00:08  -  Total Remote Usage
		Usr 0 00:00:00, Sys 0 00:00:00  -  Total Local Usage
	167644  -  Run Bytes Sent By Job
	269  -  Run Bytes Received By Job
	167644  -  Total Bytes Sent By Job
	269  -  Total Bytes Received By Job
	Partitionable Resources :    Usage  Request Allocated 
	   Cpus                 :     0.98        1         1 
	   Disk (KB)            :   185           1   1298793 
	   Memory (MB)          :  2672        2000      2000 

	Job terminated of its own accord at 2023-10-09T09:25:57Z.
...
