Error in <TTree::SetBranchStatus>: unknown branch -> channelIdx

 *** Break *** segmentation violation



===========================================================
There was a crash.
This is the entire stack trace of all threads:
===========================================================

Thread 15 (Thread 0x146abc3f2640 (LWP 141) "drawPulseShapeT"):
#0  0x0000146ad449c39a in __futex_abstimed_wait_common () from /lib64/libc.so.6
#1  0x0000146ad44a7838 in __new_sem_wait_slow64.constprop.0 () from /lib64/libc.so.6
#2  0x0000146abdf9a586 in XrdCl::JobManager::RunJobs() () from /lib64/libXrdCl.so.3
#3  0x0000146abdf9a62d in RunRunnerThread () from /lib64/libXrdCl.so.3
#4  0x0000146ad449f802 in start_thread () from /lib64/libc.so.6
#5  0x0000146ad443f450 in clone3 () from /lib64/libc.so.6

Thread 14 (Thread 0x146abc5f3640 (LWP 140) "drawPulseShapeT"):
#0  0x0000146ad449c39a in __futex_abstimed_wait_common () from /lib64/libc.so.6
#1  0x0000146ad44a7838 in __new_sem_wait_slow64.constprop.0 () from /lib64/libc.so.6
#2  0x0000146abdf9a586 in XrdCl::JobManager::RunJobs() () from /lib64/libXrdCl.so.3
#3  0x0000146abdf9a62d in RunRunnerThread () from /lib64/libXrdCl.so.3
#4  0x0000146ad449f802 in start_thread () from /lib64/libc.so.6
#5  0x0000146ad443f450 in clone3 () from /lib64/libc.so.6

Thread 13 (Thread 0x146abc7f4640 (LWP 139) "drawPulseShapeT"):
#0  0x0000146ad449c39a in __futex_abstimed_wait_common () from /lib64/libc.so.6
#1  0x0000146ad44a7838 in __new_sem_wait_slow64.constprop.0 () from /lib64/libc.so.6
#2  0x0000146abdf9a586 in XrdCl::JobManager::RunJobs() () from /lib64/libXrdCl.so.3
#3  0x0000146abdf9a62d in RunRunnerThread () from /lib64/libXrdCl.so.3
#4  0x0000146ad449f802 in start_thread () from /lib64/libc.so.6
#5  0x0000146ad443f450 in clone3 () from /lib64/libc.so.6

Thread 12 (Thread 0x146abc9f5640 (LWP 138) "drawPulseShapeT"):
#0  0x0000146ad4513975 in clock_nanosleep
GLIBC_2.2.5 () from /lib64/libc.so.6
#1  0x0000146ad4518527 in nanosleep () from /lib64/libc.so.6
#2  0x0000146abe27f3e0 in XrdSysTimer::Wait(int) () from /lib64/libXrdUtils.so.3
#3  0x0000146abdf21fad in XrdCl::TaskManager::RunTasks() () from /lib64/libXrdCl.so.3
#4  0x0000146abdf220fd in RunRunnerThread () from /lib64/libXrdCl.so.3
#5  0x0000146ad449f802 in start_thread () from /lib64/libc.so.6
#6  0x0000146ad443f450 in clone3 () from /lib64/libc.so.6

Thread 11 (Thread 0x146abcbf6640 (LWP 137) "drawPulseShapeT"):
#0  0x0000146ad454e84e in epoll_wait () from /lib64/libc.so.6
#1  0x0000146abe277174 in XrdSys::IOEvents::PollE::Begin(XrdSysSemaphore*, int&, char const**) () from /lib64/libXrdUtils.so.3
#2  0x0000146abe273d31 in XrdSys::IOEvents::BootStrap::Start(void*) () from /lib64/libXrdUtils.so.3
#3  0x0000146abe27bb1c in XrdSysThread_Xeq () from /lib64/libXrdUtils.so.3
#4  0x0000146ad449f802 in start_thread () from /lib64/libc.so.6
#5  0x0000146ad443f450 in clone3 () from /lib64/libc.so.6

Thread 10 (Thread 0x146abcdf7640 (LWP 136) "drawPulseShapeT"):
#0  0x0000146ad454e84e in epoll_wait () from /lib64/libc.so.6
#1  0x0000146abe277174 in XrdSys::IOEvents::PollE::Begin(XrdSysSemaphore*, int&, char const**) () from /lib64/libXrdUtils.so.3
#2  0x0000146abe273d31 in XrdSys::IOEvents::BootStrap::Start(void*) () from /lib64/libXrdUtils.so.3
#3  0x0000146abe27bb1c in XrdSysThread_Xeq () from /lib64/libXrdUtils.so.3
#4  0x0000146ad449f802 in start_thread () from /lib64/libc.so.6
#5  0x0000146ad443f450 in clone3 () from /lib64/libc.so.6

Thread 9 (Thread 0x146abcff8640 (LWP 135) "drawPulseShapeT"):
#0  0x0000146ad454e84e in epoll_wait () from /lib64/libc.so.6
#1  0x0000146abe277174 in XrdSys::IOEvents::PollE::Begin(XrdSysSemaphore*, int&, char const**) () from /lib64/libXrdUtils.so.3
#2  0x0000146abe273d31 in XrdSys::IOEvents::BootStrap::Start(void*) () from /lib64/libXrdUtils.so.3
#3  0x0000146abe27bb1c in XrdSysThread_Xeq () from /lib64/libXrdUtils.so.3
#4  0x0000146ad449f802 in start_thread () from /lib64/libc.so.6
#5  0x0000146ad443f450 in clone3 () from /lib64/libc.so.6

Thread 8 (Thread 0x146abd1f9640 (LWP 134) "drawPulseShapeT"):
#0  0x0000146ad454e84e in epoll_wait () from /lib64/libc.so.6
#1  0x0000146abe277174 in XrdSys::IOEvents::PollE::Begin(XrdSysSemaphore*, int&, char const**) () from /lib64/libXrdUtils.so.3
#2  0x0000146abe273d31 in XrdSys::IOEvents::BootStrap::Start(void*) () from /lib64/libXrdUtils.so.3
#3  0x0000146abe27bb1c in XrdSysThread_Xeq () from /lib64/libXrdUtils.so.3
#4  0x0000146ad449f802 in start_thread () from /lib64/libc.so.6
#5  0x0000146ad443f450 in clone3 () from /lib64/libc.so.6

Thread 7 (Thread 0x146abd3fa640 (LWP 133) "drawPulseShapeT"):
#0  0x0000146ad454e84e in epoll_wait () from /lib64/libc.so.6
#1  0x0000146abe277174 in XrdSys::IOEvents::PollE::Begin(XrdSysSemaphore*, int&, char const**) () from /lib64/libXrdUtils.so.3
#2  0x0000146abe273d31 in XrdSys::IOEvents::BootStrap::Start(void*) () from /lib64/libXrdUtils.so.3
#3  0x0000146abe27bb1c in XrdSysThread_Xeq () from /lib64/libXrdUtils.so.3
#4  0x0000146ad449f802 in start_thread () from /lib64/libc.so.6
#5  0x0000146ad443f450 in clone3 () from /lib64/libc.so.6

Thread 6 (Thread 0x146abd5fb640 (LWP 132) "drawPulseShapeT"):
#0  0x0000146ad454e84e in epoll_wait () from /lib64/libc.so.6
#1  0x0000146abe277174 in XrdSys::IOEvents::PollE::Begin(XrdSysSemaphore*, int&, char const**) () from /lib64/libXrdUtils.so.3
#2  0x0000146abe273d31 in XrdSys::IOEvents::BootStrap::Start(void*) () from /lib64/libXrdUtils.so.3
#3  0x0000146abe27bb1c in XrdSysThread_Xeq () from /lib64/libXrdUtils.so.3
#4  0x0000146ad449f802 in start_thread () from /lib64/libc.so.6
#5  0x0000146ad443f450 in clone3 () from /lib64/libc.so.6

Thread 5 (Thread 0x146abd7fc640 (LWP 131) "drawPulseShapeT"):
#0  0x0000146ad454e84e in epoll_wait () from /lib64/libc.so.6
#1  0x0000146abe277174 in XrdSys::IOEvents::PollE::Begin(XrdSysSemaphore*, int&, char const**) () from /lib64/libXrdUtils.so.3
#2  0x0000146abe273d31 in XrdSys::IOEvents::BootStrap::Start(void*) () from /lib64/libXrdUtils.so.3
#3  0x0000146abe27bb1c in XrdSysThread_Xeq () from /lib64/libXrdUtils.so.3
#4  0x0000146ad449f802 in start_thread () from /lib64/libc.so.6
#5  0x0000146ad443f450 in clone3 () from /lib64/libc.so.6

Thread 4 (Thread 0x146abd9fd640 (LWP 130) "drawPulseShapeT"):
#0  0x0000146ad454e84e in epoll_wait () from /lib64/libc.so.6
#1  0x0000146abe277174 in XrdSys::IOEvents::PollE::Begin(XrdSysSemaphore*, int&, char const**) () from /lib64/libXrdUtils.so.3
#2  0x0000146abe273d31 in XrdSys::IOEvents::BootStrap::Start(void*) () from /lib64/libXrdUtils.so.3
#3  0x0000146abe27bb1c in XrdSysThread_Xeq () from /lib64/libXrdUtils.so.3
#4  0x0000146ad449f802 in start_thread () from /lib64/libc.so.6
#5  0x0000146ad443f450 in clone3 () from /lib64/libc.so.6

Thread 3 (Thread 0x146abdbfe640 (LWP 129) "drawPulseShapeT"):
#0  0x0000146ad454e84e in epoll_wait () from /lib64/libc.so.6
#1  0x0000146abe277174 in XrdSys::IOEvents::PollE::Begin(XrdSysSemaphore*, int&, char const**) () from /lib64/libXrdUtils.so.3
#2  0x0000146abe273d31 in XrdSys::IOEvents::BootStrap::Start(void*) () from /lib64/libXrdUtils.so.3
#3  0x0000146abe27bb1c in XrdSysThread_Xeq () from /lib64/libXrdUtils.so.3
#4  0x0000146ad449f802 in start_thread () from /lib64/libc.so.6
#5  0x0000146ad443f450 in clone3 () from /lib64/libc.so.6

Thread 2 (Thread 0x146abddff640 (LWP 128) "drawPulseShapeT"):
#0  0x0000146ad454e84e in epoll_wait () from /lib64/libc.so.6
#1  0x0000146abe277174 in XrdSys::IOEvents::PollE::Begin(XrdSysSemaphore*, int&, char const**) () from /lib64/libXrdUtils.so.3
#2  0x0000146abe273d31 in XrdSys::IOEvents::BootStrap::Start(void*) () from /lib64/libXrdUtils.so.3
#3  0x0000146abe27bb1c in XrdSysThread_Xeq () from /lib64/libXrdUtils.so.3
#4  0x0000146ad449f802 in start_thread () from /lib64/libc.so.6
#5  0x0000146ad443f450 in clone3 () from /lib64/libc.so.6

Thread 1 (Thread 0x146ad4622c40 (LWP 113) "drawPulseShapeT"):
#0  0x0000146ad451830f in wait4 () from /lib64/libc.so.6
#1  0x0000146ad4461953 in do_system () from /lib64/libc.so.6
#2  0x0000146ad6508c94 in TUnixSystem::StackTrace() () from /usr/lib64/root/libCore.so.6.30
#3  0x0000146ad6505bb5 in TUnixSystem::DispatchSignals(ESignals) () from /usr/lib64/root/libCore.so.6.30
#4  <signal handler called>
#5  0x00000000004309c0 in std::vector<float, std::allocator<float> >::operator[](unsigned long) ()
#6  0x000000000042340a in main ()
===========================================================


The lines below might hint at the cause of the crash. If you see question
marks as part of the stack trace, try to recompile with debugging information
enabled and export CLING_DEBUG=1 environment variable before running.
You may get help by asking at the ROOT forum https://root.cern/forum
preferably using the command (.forum bug) in the ROOT prompt.
Only if you are really convinced it is a bug in ROOT then please submit a
report at https://root.cern/bugs or (preferably) using the command (.gh bug) in
the ROOT prompt. Please post the ENTIRE stack trace
from above as an attachment in addition to anything else
that might help us fixing this issue.
===========================================================
#5  0x00000000004309c0 in std::vector<float, std::allocator<float> >::operator[](unsigned long) ()
#6  0x000000000042340a in main ()
===========================================================


