000 (14857949.013.000) 06/22 15:24:33 Job submitted from host: <188.184.90.241:9618?addrs=188.184.90.241-9618+[2001-1458-201-e4--100-2eb]-9618&alias=bigbird15.cern.ch&noUDP&sock=schedd_1460210_2ef4>
...
040 (14857949.013.000) 06/22 15:34:23 Started transferring input files
	Transferring to host: <128.142.60.170:9618?addrs=128.142.60.170-9618+[2001-1458-301-22--100-a9]-9618&alias=b7s05p3113.cern.ch&noUDP&sock=slot1_2_8696_de5b_90392>
...
040 (14857949.013.000) 06/22 15:34:23 Finished transferring input files
...
001 (14857949.013.000) 06/22 15:34:24 Job executing on host: <128.142.60.170:9618?addrs=128.142.60.170-9618+[2001-1458-301-22--100-a9]-9618&alias=b7s05p3113.cern.ch&noUDP&sock=startd_7583_e2c0>
...
006 (14857949.013.000) 06/22 15:34:32 Image size of job updated: 127676
	47  -  MemoryUsage of job (MB)
	47632  -  ResidentSetSize of job (KB)
...
006 (14857949.013.000) 06/22 15:39:32 Image size of job updated: 1896756
	1350  -  MemoryUsage of job (MB)
	1381988  -  ResidentSetSize of job (KB)
...
006 (14857949.013.000) 06/22 15:44:33 Image size of job updated: 1946812
	1350  -  MemoryUsage of job (MB)
	1381988  -  ResidentSetSize of job (KB)
...
006 (14857949.013.000) 06/22 15:49:34 Image size of job updated: 4334696
	1350  -  MemoryUsage of job (MB)
	1381988  -  ResidentSetSize of job (KB)
...
006 (14857949.013.000) 06/22 15:53:20 Image size of job updated: 4421684
	1350  -  MemoryUsage of job (MB)
	1381988  -  ResidentSetSize of job (KB)
...
040 (14857949.013.000) 06/22 15:53:20 Started transferring output files
...
040 (14857949.013.000) 06/22 15:53:20 Finished transferring output files
...
005 (14857949.013.000) 06/22 15:53:20 Job terminated.
	(1) Normal termination (return value 0)
		Usr 0 00:09:03, Sys 0 00:00:38  -  Run Remote Usage
		Usr 0 00:00:00, Sys 0 00:00:00  -  Run Local Usage
		Usr 0 00:09:03, Sys 0 00:00:38  -  Total Remote Usage
		Usr 0 00:00:00, Sys 0 00:00:00  -  Total Local Usage
	122911  -  Run Bytes Sent By Job
	323  -  Run Bytes Received By Job
	122911  -  Total Bytes Sent By Job
	323  -  Total Bytes Received By Job
	Partitionable Resources :    Usage  Request Allocated 
	   Cpus                 :     0.28        1         1 
	   Disk (KB)            :   141           1   1348846 
	   Memory (MB)          :  1350        2000      2000 

	Job terminated of its own accord at 2023-06-22T13:53:20Z.
...
