000 (14807404.021.000) 05/15 22:32:17 Job submitted from host: <188.184.90.241:9618?addrs=188.184.90.241-9618+[2001-1458-201-e4--100-2eb]-9618&alias=bigbird15.cern.ch&noUDP&sock=schedd_3273_9590>
...
040 (14807404.021.000) 05/15 22:47:30 Started transferring input files
	Transferring to host: <128.142.195.117:9618?addrs=128.142.195.117-9618+[2001-1458-301-26--100-75]-9618&alias=b7g31p3731.cern.ch&noUDP&sock=slot1_1_3605_cc6c_44124>
...
040 (14807404.021.000) 05/15 22:47:30 Finished transferring input files
...
001 (14807404.021.000) 05/15 22:47:31 Job executing on host: <128.142.195.117:9618?addrs=128.142.195.117-9618+[2001-1458-301-26--100-75]-9618&alias=b7g31p3731.cern.ch&noUDP&sock=startd_2883_13a1>
...
006 (14807404.021.000) 05/15 22:47:40 Image size of job updated: 554140
	47  -  MemoryUsage of job (MB)
	47680  -  ResidentSetSize of job (KB)
...
006 (14807404.021.000) 05/15 22:52:41 Image size of job updated: 4026700
	127  -  MemoryUsage of job (MB)
	129160  -  ResidentSetSize of job (KB)
...
006 (14807404.021.000) 05/15 22:55:21 Image size of job updated: 4402724
	127  -  MemoryUsage of job (MB)
	129160  -  ResidentSetSize of job (KB)
...
040 (14807404.021.000) 05/15 22:55:21 Started transferring output files
...
040 (14807404.021.000) 05/15 22:55:21 Finished transferring output files
...
005 (14807404.021.000) 05/15 22:55:21 Job terminated.
	(1) Normal termination (return value 0)
		Usr 0 00:04:34, Sys 0 00:00:21  -  Run Remote Usage
		Usr 0 00:00:00, Sys 0 00:00:00  -  Run Local Usage
		Usr 0 00:04:34, Sys 0 00:00:21  -  Total Remote Usage
		Usr 0 00:00:00, Sys 0 00:00:00  -  Total Local Usage
	102513  -  Run Bytes Sent By Job
	323  -  Run Bytes Received By Job
	102513  -  Total Bytes Sent By Job
	323  -  Total Bytes Received By Job
	Partitionable Resources :    Usage  Request Allocated 
	   Cpus                 :                 1         1 
	   Disk (KB)            :      114        1   1303469 
	   Memory (MB)          :      127     2000      2000 

	Job terminated of its own accord at 2023-05-15T20:55:21Z.
...
