000 (15159766.018.000) 10/09 11:47:56 Job submitted from host: <188.184.90.241:9618?addrs=188.184.90.241-9618+[2001-1458-201-e4--100-2eb]-9618&alias=bigbird15.cern.ch&noUDP&sock=schedd_2763_c443>
...
040 (15159766.018.000) 10/09 14:24:23 Started transferring input files
	Transferring to host: <128.142.57.149:9618?addrs=128.142.57.149-9618&alias=b7s02p3502.cern.ch&noUDP&sock=slot1_8_3242_083d_113503>
...
040 (15159766.018.000) 10/09 14:24:23 Finished transferring input files
...
001 (15159766.018.000) 10/09 14:24:24 Job executing on host: <128.142.57.149:9618?addrs=128.142.57.149-9618&alias=b7s02p3502.cern.ch&noUDP&sock=startd_2820_dd29>
...
006 (15159766.018.000) 10/09 14:24:32 Image size of job updated: 740676
	121  -  MemoryUsage of job (MB)
	123516  -  ResidentSetSize of job (KB)
...
006 (15159766.018.000) 10/09 14:28:25 Image size of job updated: 927936
	121  -  MemoryUsage of job (MB)
	123516  -  ResidentSetSize of job (KB)
...
040 (15159766.018.000) 10/09 14:28:25 Started transferring output files
...
040 (15159766.018.000) 10/09 14:28:25 Finished transferring output files
...
005 (15159766.018.000) 10/09 14:28:25 Job terminated.
	(1) Normal termination (return value 0)
		Usr 0 00:00:12, Sys 0 00:00:00  -  Run Remote Usage
		Usr 0 00:00:00, Sys 0 00:00:00  -  Run Local Usage
		Usr 0 00:00:12, Sys 0 00:00:00  -  Total Remote Usage
		Usr 0 00:00:00, Sys 0 00:00:00  -  Total Local Usage
	10676  -  Run Bytes Sent By Job
	374  -  Run Bytes Received By Job
	10676  -  Total Bytes Sent By Job
	374  -  Total Bytes Received By Job
	Partitionable Resources :    Usage  Request Allocated 
	   Cpus                 :                 1         1 
	   Disk (KB)            :       24        1   3070357 
	   Memory (MB)          :      121     2000      2000 

	Job terminated of its own accord at 2023-10-09T12:28:25Z.
...
