000 (14808124.034.000) 05/19 04:24:07 Job submitted from host: <188.184.90.241:9618?addrs=188.184.90.241-9618+[2001-1458-201-e4--100-2eb]-9618&alias=bigbird15.cern.ch&noUDP&sock=schedd_3273_9590>
...
040 (14808124.034.000) 05/19 04:35:52 Started transferring input files
	Transferring to host: <128.142.131.30:9618?addrs=128.142.131.30-9618+[2001-1458-301-59--100-12]-9618&alias=b7g11p0205.cern.ch&noUDP&sock=slot1_16_3937_b8f9_37192>
...
040 (14808124.034.000) 05/19 04:35:52 Finished transferring input files
...
001 (14808124.034.000) 05/19 04:35:53 Job executing on host: <128.142.131.30:9618?addrs=128.142.131.30-9618+[2001-1458-301-59--100-12]-9618&alias=b7g11p0205.cern.ch&noUDP&sock=startd_3157_0494>
...
006 (14808124.034.000) 05/19 04:36:02 Image size of job updated: 157488
	154  -  MemoryUsage of job (MB)
	157488  -  ResidentSetSize of job (KB)
...
006 (14808124.034.000) 05/19 04:37:14 Image size of job updated: 1461164
	154  -  MemoryUsage of job (MB)
	157488  -  ResidentSetSize of job (KB)
...
040 (14808124.034.000) 05/19 04:37:14 Started transferring output files
...
040 (14808124.034.000) 05/19 04:37:14 Finished transferring output files
...
005 (14808124.034.000) 05/19 04:37:14 Job terminated.
	(1) Normal termination (return value 0)
		Usr 0 00:01:02, Sys 0 00:00:04  -  Run Remote Usage
		Usr 0 00:00:00, Sys 0 00:00:00  -  Run Local Usage
		Usr 0 00:01:02, Sys 0 00:00:04  -  Total Remote Usage
		Usr 0 00:00:00, Sys 0 00:00:00  -  Total Local Usage
	97127  -  Run Bytes Sent By Job
	269  -  Run Bytes Received By Job
	97127  -  Total Bytes Sent By Job
	269  -  Total Bytes Received By Job
	Partitionable Resources :    Usage  Request Allocated 
	   Cpus                 :                 1         1 
	   Disk (KB)            :      108        1   1647702 
	   Memory (MB)          :      154     2000      2000 

	Job terminated of its own accord at 2023-05-19T02:37:14Z.
...
