000 (15155271.003.000) 10/07 16:55:47 Job submitted from host: <188.184.90.241:9618?addrs=188.184.90.241-9618+[2001-1458-201-e4--100-2eb]-9618&alias=bigbird15.cern.ch&noUDP&sock=schedd_2763_c443>
...
040 (15155271.003.000) 10/07 17:05:54 Started transferring input files
	Transferring to host: <188.184.163.176:9618?addrs=188.184.163.176-9618+[2001-1458-301-4d--100-aa]-9618&alias=b7s12p0359.cern.ch&noUDP&sock=slot1_12_47340_0ffe_23004>
...
040 (15155271.003.000) 10/07 17:05:54 Finished transferring input files
...
001 (15155271.003.000) 10/07 17:05:55 Job executing on host: <188.184.163.176:9618?addrs=188.184.163.176-9618+[2001-1458-301-4d--100-aa]-9618&alias=b7s12p0359.cern.ch&noUDP&sock=startd_40016_39e0>
...
006 (15155271.003.000) 10/07 17:06:04 Image size of job updated: 537952
	40  -  MemoryUsage of job (MB)
	40864  -  ResidentSetSize of job (KB)
...
006 (15155271.003.000) 10/07 17:11:04 Image size of job updated: 1074688
	527  -  MemoryUsage of job (MB)
	538884  -  ResidentSetSize of job (KB)
...
006 (15155271.003.000) 10/07 17:16:04 Image size of job updated: 1099908
	527  -  MemoryUsage of job (MB)
	538884  -  ResidentSetSize of job (KB)
...
006 (15155271.003.000) 10/07 17:21:05 Image size of job updated: 3660928
	527  -  MemoryUsage of job (MB)
	538884  -  ResidentSetSize of job (KB)
...
006 (15155271.003.000) 10/07 17:26:05 Image size of job updated: 3906116
	527  -  MemoryUsage of job (MB)
	538884  -  ResidentSetSize of job (KB)
...
006 (15155271.003.000) 10/07 17:31:05 Image size of job updated: 3913728
	527  -  MemoryUsage of job (MB)
	538884  -  ResidentSetSize of job (KB)
...
006 (15155271.003.000) 10/07 17:36:06 Image size of job updated: 3917488
	527  -  MemoryUsage of job (MB)
	538884  -  ResidentSetSize of job (KB)
...
006 (15155271.003.000) 10/07 17:41:07 Image size of job updated: 3974988
	528  -  MemoryUsage of job (MB)
	540472  -  ResidentSetSize of job (KB)
...
006 (15155271.003.000) 10/07 17:45:24 Image size of job updated: 3988896
	528  -  MemoryUsage of job (MB)
	540472  -  ResidentSetSize of job (KB)
...
040 (15155271.003.000) 10/07 17:45:24 Started transferring output files
...
040 (15155271.003.000) 10/07 17:45:24 Finished transferring output files
...
005 (15155271.003.000) 10/07 17:45:24 Job terminated.
	(1) Normal termination (return value 0)
		Usr 0 00:11:16, Sys 0 00:00:26  -  Run Remote Usage
		Usr 0 00:00:00, Sys 0 00:00:00  -  Run Local Usage
		Usr 0 00:11:16, Sys 0 00:00:26  -  Total Remote Usage
		Usr 0 00:00:00, Sys 0 00:00:00  -  Total Local Usage
	77899  -  Run Bytes Sent By Job
	323  -  Run Bytes Received By Job
	77899  -  Total Bytes Sent By Job
	323  -  Total Bytes Received By Job
	Partitionable Resources :    Usage  Request Allocated 
	   Cpus                 :     0.05        1         1 
	   Disk (KB)            :    97           1   2836900 
	   Memory (MB)          :   528        2000      2000 

	Job terminated of its own accord at 2023-10-07T15:45:24Z.
...
