000 (15151925.006.000) 10/03 10:56:09 Job submitted from host: <188.184.90.241:9618?addrs=188.184.90.241-9618+[2001-1458-201-e4--100-2eb]-9618&alias=bigbird15.cern.ch&noUDP&sock=schedd_2763_c443>
...
040 (15151925.006.000) 10/03 11:09:05 Started transferring input files
	Transferring to host: <128.142.59.49:9618?addrs=128.142.59.49-9618+[2001-1458-301-21--100-30]-9618&alias=b7s04p4032.cern.ch&noUDP&sock=slot1_1_5243_eaee_207208>
...
040 (15151925.006.000) 10/03 11:09:05 Finished transferring input files
...
001 (15151925.006.000) 10/03 11:09:06 Job executing on host: <128.142.59.49:9618?addrs=128.142.59.49-9618+[2001-1458-301-21--100-30]-9618&alias=b7s04p4032.cern.ch&noUDP&sock=startd_4597_bcf5>
...
006 (15151925.006.000) 10/03 11:09:12 Image size of job updated: 47732
	0  -  MemoryUsage of job (MB)
	0  -  ResidentSetSize of job (KB)
...
040 (15151925.006.000) 10/03 11:09:12 Started transferring output files
...
040 (15151925.006.000) 10/03 11:09:12 Finished transferring output files
...
005 (15151925.006.000) 10/03 11:09:12 Job terminated.
	(1) Normal termination (return value 0)
		Usr 0 00:00:00, Sys 0 00:00:00  -  Run Remote Usage
		Usr 0 00:00:00, Sys 0 00:00:00  -  Run Local Usage
		Usr 0 00:00:00, Sys 0 00:00:00  -  Total Remote Usage
		Usr 0 00:00:00, Sys 0 00:00:00  -  Total Local Usage
	22142  -  Run Bytes Sent By Job
	323  -  Run Bytes Received By Job
	22142  -  Total Bytes Sent By Job
	323  -  Total Bytes Received By Job
	Partitionable Resources :    Usage  Request Allocated 
	   Cpus                 :                 1         1 
	   Disk (KB)            :       36        1   1338659 
	   Memory (MB)          :        0     2000      2000 

	Job terminated of its own accord at 2023-10-03T09:09:12Z.
...
