000 (14759892.004.000) 03/28 13:59:15 Job submitted from host: <188.184.90.241:9618?addrs=188.184.90.241-9618+[2001-1458-201-e4--100-2eb]-9618&alias=bigbird15.cern.ch&noUDP&sock=schedd_3631588_e24a>
...
040 (14759892.004.000) 03/28 14:02:10 Started transferring input files
	Transferring to host: <188.184.162.141:9618?addrs=188.184.162.141-9618+[2001-1458-301-4a--100-87]-9618&alias=b7s11p2380.cern.ch&noUDP&sock=slot1_24_123596_501b_15458>
...
040 (14759892.004.000) 03/28 14:02:10 Finished transferring input files
...
001 (14759892.004.000) 03/28 14:02:11 Job executing on host: <188.184.162.141:9618?addrs=188.184.162.141-9618+[2001-1458-301-4a--100-87]-9618&alias=b7s11p2380.cern.ch&noUDP&sock=startd_29150_0dcb>
...
006 (14759892.004.000) 03/28 14:02:20 Image size of job updated: 91100
	37  -  MemoryUsage of job (MB)
	36932  -  ResidentSetSize of job (KB)
...
006 (14759892.004.000) 03/28 14:07:21 Image size of job updated: 666212
	61  -  MemoryUsage of job (MB)
	61892  -  ResidentSetSize of job (KB)
...
006 (14759892.004.000) 03/28 14:12:21 Image size of job updated: 669168
	64  -  MemoryUsage of job (MB)
	64820  -  ResidentSetSize of job (KB)
...
006 (14759892.004.000) 03/28 14:17:22 Image size of job updated: 4096736
	142  -  MemoryUsage of job (MB)
	145016  -  ResidentSetSize of job (KB)
...
006 (14759892.004.000) 03/28 14:22:23 Image size of job updated: 4146908
	192  -  MemoryUsage of job (MB)
	196600  -  ResidentSetSize of job (KB)
...
040 (14759892.004.000) 03/28 14:22:23 Started transferring output files
...
040 (14759892.004.000) 03/28 14:22:23 Finished transferring output files
...
009 (14759892.004.000) 03/28 14:22:23 Job was aborted.
	Job removed by SYSTEM_PERIODIC_REMOVE due to wall time exceeded allowed max.
...
