000 (15155263.030.000) 10/07 15:36:06 Job submitted from host: <188.184.90.241:9618?addrs=188.184.90.241-9618+[2001-1458-201-e4--100-2eb]-9618&alias=bigbird15.cern.ch&noUDP&sock=schedd_2763_c443>
...
040 (15155263.030.000) 10/07 15:38:46 Started transferring input files
	Transferring to host: <128.142.61.38:9618?addrs=128.142.61.38-9618+[2001-1458-301-23--100-25]-9618&alias=b7s06p8377.cern.ch&noUDP&sock=slot1_10_37491_8d0e_25067>
...
040 (15155263.030.000) 10/07 15:38:46 Finished transferring input files
...
001 (15155263.030.000) 10/07 15:38:47 Job executing on host: <128.142.61.38:9618?addrs=128.142.61.38-9618+[2001-1458-301-23--100-25]-9618&alias=b7s06p8377.cern.ch&noUDP&sock=startd_37453_38a5>
...
006 (15155263.030.000) 10/07 15:38:55 Image size of job updated: 605396
	49  -  MemoryUsage of job (MB)
	49816  -  ResidentSetSize of job (KB)
...
006 (15155263.030.000) 10/07 15:43:55 Image size of job updated: 1109484
	587  -  MemoryUsage of job (MB)
	600084  -  ResidentSetSize of job (KB)
...
006 (15155263.030.000) 10/07 15:48:56 Image size of job updated: 1134548
	587  -  MemoryUsage of job (MB)
	600084  -  ResidentSetSize of job (KB)
...
006 (15155263.030.000) 10/07 15:53:57 Image size of job updated: 3613208
	587  -  MemoryUsage of job (MB)
	600084  -  ResidentSetSize of job (KB)
...
006 (15155263.030.000) 10/07 15:58:57 Image size of job updated: 3857596
	587  -  MemoryUsage of job (MB)
	600084  -  ResidentSetSize of job (KB)
...
006 (15155263.030.000) 10/07 16:03:57 Image size of job updated: 3914808
	587  -  MemoryUsage of job (MB)
	600084  -  ResidentSetSize of job (KB)
...
006 (15155263.030.000) 10/07 16:08:31 Image size of job updated: 3937140
	587  -  MemoryUsage of job (MB)
	600084  -  ResidentSetSize of job (KB)
...
040 (15155263.030.000) 10/07 16:08:31 Started transferring output files
...
040 (15155263.030.000) 10/07 16:08:31 Finished transferring output files
...
005 (15155263.030.000) 10/07 16:08:31 Job terminated.
	(1) Normal termination (return value 0)
		Usr 0 00:08:14, Sys 0 00:00:14  -  Run Remote Usage
		Usr 0 00:00:00, Sys 0 00:00:00  -  Run Local Usage
		Usr 0 00:08:14, Sys 0 00:00:14  -  Total Remote Usage
		Usr 0 00:00:00, Sys 0 00:00:00  -  Total Local Usage
	79851  -  Run Bytes Sent By Job
	323  -  Run Bytes Received By Job
	79851  -  Total Bytes Sent By Job
	323  -  Total Bytes Received By Job
	Partitionable Resources :    Usage  Request Allocated 
	   Cpus                 :     0.08        1         1 
	   Disk (KB)            :    99           1   1162014 
	   Memory (MB)          :   587        2000      2000 

	Job terminated of its own accord at 2023-10-07T14:08:31Z.
...
