000 (15150654.112.000) 09/28 14:27:13 Job submitted from host: <188.184.90.241:9618?addrs=188.184.90.241-9618+[2001-1458-201-e4--100-2eb]-9618&alias=bigbird15.cern.ch&noUDP&sock=schedd_2763_c443>
...
040 (15150654.112.000) 09/28 14:46:32 Started transferring input files
	Transferring to host: <128.142.63.72:9618?addrs=128.142.63.72-9618+[2001-1458-301-38--100-45]-9618&alias=b7s08p9006.cern.ch&noUDP&sock=slot1_12_5170_7b8b_197206>
...
040 (15150654.112.000) 09/28 14:46:32 Finished transferring input files
...
001 (15150654.112.000) 09/28 14:46:33 Job executing on host: <128.142.63.72:9618?addrs=128.142.63.72-9618+[2001-1458-301-38--100-45]-9618&alias=b7s08p9006.cern.ch&noUDP&sock=startd_4702_c266>
...
006 (15150654.112.000) 09/28 14:46:42 Image size of job updated: 909044
	119  -  MemoryUsage of job (MB)
	121460  -  ResidentSetSize of job (KB)
...
006 (15150654.112.000) 09/28 14:48:15 Image size of job updated: 918784
	119  -  MemoryUsage of job (MB)
	121460  -  ResidentSetSize of job (KB)
...
040 (15150654.112.000) 09/28 14:48:15 Started transferring output files
...
040 (15150654.112.000) 09/28 14:48:15 Finished transferring output files
...
005 (15150654.112.000) 09/28 14:48:15 Job terminated.
	(1) Normal termination (return value 0)
		Usr 0 00:00:07, Sys 0 00:00:00  -  Run Remote Usage
		Usr 0 00:00:00, Sys 0 00:00:00  -  Run Local Usage
		Usr 0 00:00:07, Sys 0 00:00:00  -  Total Remote Usage
		Usr 0 00:00:00, Sys 0 00:00:00  -  Total Local Usage
	6965  -  Run Bytes Sent By Job
	374  -  Run Bytes Received By Job
	6965  -  Total Bytes Sent By Job
	374  -  Total Bytes Received By Job
	Partitionable Resources :    Usage  Request Allocated 
	   Cpus                 :     0.04        1         1 
	   Disk (KB)            :    28           1   3001852 
	   Memory (MB)          :   119        2000      2000 

	Job terminated of its own accord at 2023-09-28T12:48:15Z.
...
