000 (15151321.005.000) 10/02 14:58:31 Job submitted from host: <188.184.90.241:9618?addrs=188.184.90.241-9618+[2001-1458-201-e4--100-2eb]-9618&alias=bigbird15.cern.ch&noUDP&sock=schedd_2763_c443>
...
040 (15151321.005.000) 10/02 15:15:05 Started transferring input files
	Transferring to host: <128.142.61.131:9618?addrs=128.142.61.131-9618&alias=b7s06p8345.cern.ch&noUDP&sock=slot1_5_4623_1255_8463>
...
040 (15151321.005.000) 10/02 15:15:05 Finished transferring input files
...
001 (15151321.005.000) 10/02 15:15:06 Job executing on host: <128.142.61.131:9618?addrs=128.142.61.131-9618&alias=b7s06p8345.cern.ch&noUDP&sock=startd_3907_749c>
...
006 (15151321.005.000) 10/02 15:15:10 Image size of job updated: 1
	0  -  MemoryUsage of job (MB)
	0  -  ResidentSetSize of job (KB)
...
040 (15151321.005.000) 10/02 15:15:10 Started transferring output files
...
040 (15151321.005.000) 10/02 15:15:10 Finished transferring output files
...
005 (15151321.005.000) 10/02 15:15:10 Job terminated.
	(1) Normal termination (return value 0)
		Usr 0 00:00:01, Sys 0 00:00:00  -  Run Remote Usage
		Usr 0 00:00:00, Sys 0 00:00:00  -  Run Local Usage
		Usr 0 00:00:01, Sys 0 00:00:00  -  Total Remote Usage
		Usr 0 00:00:00, Sys 0 00:00:00  -  Total Local Usage
	7675  -  Run Bytes Sent By Job
	374  -  Run Bytes Received By Job
	7675  -  Total Bytes Sent By Job
	374  -  Total Bytes Received By Job
	Partitionable Resources :    Usage  Request Allocated 
	   Cpus                 :                 1         1 
	   Disk (KB)            :       21        1   1285879 
	   Memory (MB)          :        0     2000      2000 

	Job terminated of its own accord at 2023-10-02T13:15:10Z.
...
