000 (15159743.040.000) 10/09 07:56:33 Job submitted from host: <188.184.90.241:9618?addrs=188.184.90.241-9618+[2001-1458-201-e4--100-2eb]-9618&alias=bigbird15.cern.ch&noUDP&sock=schedd_2763_c443>
...
040 (15159743.040.000) 10/09 08:09:48 Started transferring input files
	Transferring to host: <128.142.132.32:9618?addrs=128.142.132.32-9618+[2001-1458-301-5a--100-14]-9618&alias=b7g12p1867.cern.ch&noUDP&sock=slot1_34_3052_28f5_97920>
...
040 (15159743.040.000) 10/09 08:09:48 Finished transferring input files
...
001 (15159743.040.000) 10/09 08:09:49 Job executing on host: <128.142.132.32:9618?addrs=128.142.132.32-9618+[2001-1458-301-5a--100-14]-9618&alias=b7g12p1867.cern.ch&noUDP&sock=startd_2801_d4dd>
...
006 (15159743.040.000) 10/09 08:09:58 Image size of job updated: 85968
	54  -  MemoryUsage of job (MB)
	55004  -  ResidentSetSize of job (KB)
...
006 (15159743.040.000) 10/09 08:10:40 Image size of job updated: 631320
	54  -  MemoryUsage of job (MB)
	55004  -  ResidentSetSize of job (KB)
...
040 (15159743.040.000) 10/09 08:10:40 Started transferring output files
...
040 (15159743.040.000) 10/09 08:10:40 Finished transferring output files
...
005 (15159743.040.000) 10/09 08:10:40 Job terminated.
	(1) Normal termination (return value 0)
		Usr 0 00:00:05, Sys 0 00:00:05  -  Run Remote Usage
		Usr 0 00:00:00, Sys 0 00:00:00  -  Run Local Usage
		Usr 0 00:00:05, Sys 0 00:00:05  -  Total Remote Usage
		Usr 0 00:00:00, Sys 0 00:00:00  -  Total Local Usage
	16239  -  Run Bytes Sent By Job
	269  -  Run Bytes Received By Job
	16239  -  Total Bytes Sent By Job
	269  -  Total Bytes Received By Job
	Partitionable Resources :    Usage  Request Allocated 
	   Cpus                 :                 1         1 
	   Disk (KB)            :       30        1   1681211 
	   Memory (MB)          :       54     2000      2000 

	Job terminated of its own accord at 2023-10-09T06:10:40Z.
...
