000 (14832095.176.000) 06/12 15:17:58 Job submitted from host: <188.184.90.241:9618?addrs=188.184.90.241-9618+[2001-1458-201-e4--100-2eb]-9618&alias=bigbird15.cern.ch&noUDP&sock=schedd_1460210_2ef4>
...
040 (14832095.176.000) 06/12 15:20:37 Started transferring input files
	Transferring to host: <188.184.162.77:9618?addrs=188.184.162.77-9618+[2001-1458-301-4a--100-47]-9618&alias=b7s11p0570.cern.ch&noUDP&sock=slot1_18_179423_7c19_64353>
...
040 (14832095.176.000) 06/12 15:20:37 Finished transferring input files
...
001 (14832095.176.000) 06/12 15:20:38 Job executing on host: <188.184.162.77:9618?addrs=188.184.162.77-9618+[2001-1458-301-4a--100-47]-9618&alias=b7s11p0570.cern.ch&noUDP&sock=startd_3269_d72f>
...
006 (14832095.176.000) 06/12 15:20:46 Image size of job updated: 72020
	47  -  MemoryUsage of job (MB)
	47628  -  ResidentSetSize of job (KB)
...
006 (14832095.176.000) 06/12 15:25:46 Image size of job updated: 1295212
	838  -  MemoryUsage of job (MB)
	857152  -  ResidentSetSize of job (KB)
...
006 (14832095.176.000) 06/12 15:30:47 Image size of job updated: 1845580
	1241  -  MemoryUsage of job (MB)
	1270612  -  ResidentSetSize of job (KB)
...
006 (14832095.176.000) 06/12 15:35:48 Image size of job updated: 1870588
	1241  -  MemoryUsage of job (MB)
	1270612  -  ResidentSetSize of job (KB)
...
006 (14832095.176.000) 06/12 15:50:50 Image size of job updated: 4036632
	1241  -  MemoryUsage of job (MB)
	1270612  -  ResidentSetSize of job (KB)
...
006 (14832095.176.000) 06/12 16:00:51 Image size of job updated: 4314632
	1241  -  MemoryUsage of job (MB)
	1270612  -  ResidentSetSize of job (KB)
...
006 (14832095.176.000) 06/12 16:05:52 Image size of job updated: 4321376
	1241  -  MemoryUsage of job (MB)
	1270612  -  ResidentSetSize of job (KB)
...
006 (14832095.176.000) 06/12 16:10:52 Image size of job updated: 4331664
	1241  -  MemoryUsage of job (MB)
	1270612  -  ResidentSetSize of job (KB)
...
006 (14832095.176.000) 06/12 16:15:52 Image size of job updated: 4392680
	1241  -  MemoryUsage of job (MB)
	1270612  -  ResidentSetSize of job (KB)
...
006 (14832095.176.000) 06/12 16:20:31 Image size of job updated: 4412928
	1241  -  MemoryUsage of job (MB)
	1270612  -  ResidentSetSize of job (KB)
...
040 (14832095.176.000) 06/12 16:20:31 Started transferring output files
...
040 (14832095.176.000) 06/12 16:20:31 Finished transferring output files
...
005 (14832095.176.000) 06/12 16:20:31 Job terminated.
	(1) Normal termination (return value 0)
		Usr 0 00:13:05, Sys 0 00:00:52  -  Run Remote Usage
		Usr 0 00:00:00, Sys 0 00:00:00  -  Run Local Usage
		Usr 0 00:13:05, Sys 0 00:00:52  -  Total Remote Usage
		Usr 0 00:00:00, Sys 0 00:00:00  -  Total Local Usage
	118665  -  Run Bytes Sent By Job
	323  -  Run Bytes Received By Job
	118665  -  Total Bytes Sent By Job
	323  -  Total Bytes Received By Job
	Partitionable Resources :    Usage  Request Allocated 
	   Cpus                 :     0.03        1         1 
	   Disk (KB)            :   137           1   3005603 
	   Memory (MB)          :  1241        2000      2000 

	Job terminated of its own accord at 2023-06-12T14:20:31Z.
...
