000 (15271413.037.000) 12/18 14:02:22 Job submitted from host: <188.184.90.241:9618?addrs=188.184.90.241-9618+[2001-1458-201-e4--100-2eb]-9618&alias=bigbird15.cern.ch&noUDP&sock=schedd_2763_c443>
...
040 (15271413.037.000) 12/18 14:06:01 Started transferring input files
	Transferring to host: <188.184.184.51:9618?addrs=188.184.184.51-9618+[2001-1458-301-4f--100-33]-9618&alias=b9g35p0239.cern.ch&noUDP&sock=slot1_4_2769_c2ca_8343>
...
040 (15271413.037.000) 12/18 14:06:01 Finished transferring input files
...
001 (15271413.037.000) 12/18 14:06:02 Job executing on host: <188.184.184.51:9618?addrs=188.184.184.51-9618+[2001-1458-301-4f--100-33]-9618&alias=b9g35p0239.cern.ch&noUDP&sock=startd_2728_c273>
...
006 (15271413.037.000) 12/18 14:06:11 Image size of job updated: 367112
	358  -  MemoryUsage of job (MB)
	365580  -  ResidentSetSize of job (KB)
...
006 (15271413.037.000) 12/18 14:11:01 Image size of job updated: 2992988
	358  -  MemoryUsage of job (MB)
	365580  -  ResidentSetSize of job (KB)
...
040 (15271413.037.000) 12/18 14:11:01 Started transferring output files
...
040 (15271413.037.000) 12/18 14:11:01 Finished transferring output files
...
005 (15271413.037.000) 12/18 14:11:01 Job terminated.
	(1) Normal termination (return value 0)
		Usr 0 00:02:49, Sys 0 00:00:04  -  Run Remote Usage
		Usr 0 00:00:00, Sys 0 00:00:00  -  Run Local Usage
		Usr 0 00:02:49, Sys 0 00:00:04  -  Total Remote Usage
		Usr 0 00:00:00, Sys 0 00:00:00  -  Total Local Usage
	113982  -  Run Bytes Sent By Job
	269  -  Run Bytes Received By Job
	113982  -  Total Bytes Sent By Job
	269  -  Total Bytes Received By Job
	Partitionable Resources :    Usage  Request Allocated 
	   Cpus                 :        0        1         1 
	   Disk (KB)            :      155        1    595056 
	   Memory (MB)          :      358     2000      2000 

	Job terminated of its own accord at 2023-12-18T13:11:01Z.
...
