000 (15151953.005.000) 10/03 14:45:29 Job submitted from host: <188.184.90.241:9618?addrs=188.184.90.241-9618+[2001-1458-201-e4--100-2eb]-9618&alias=bigbird15.cern.ch&noUDP&sock=schedd_2763_c443>
...
040 (15151953.005.000) 10/03 14:52:16 Started transferring input files
	Transferring to host: <128.142.61.113:9618?addrs=128.142.61.113-9618+[2001-1458-301-23--100-70]-9618&alias=b7s06p7072.cern.ch&noUDP&sock=slot1_8_13153_3a70_31367>
...
040 (15151953.005.000) 10/03 14:52:16 Finished transferring input files
...
001 (15151953.005.000) 10/03 14:52:17 Job executing on host: <128.142.61.113:9618?addrs=128.142.61.113-9618+[2001-1458-301-23--100-70]-9618&alias=b7s06p7072.cern.ch&noUDP&sock=startd_13075_f0e1>
...
006 (15151953.005.000) 10/03 14:52:26 Image size of job updated: 624016
	53  -  MemoryUsage of job (MB)
	53320  -  ResidentSetSize of job (KB)
...
006 (15151953.005.000) 10/03 14:57:27 Image size of job updated: 853536
	359  -  MemoryUsage of job (MB)
	366988  -  ResidentSetSize of job (KB)
...
006 (15151953.005.000) 10/03 15:02:27 Image size of job updated: 1233824
	728  -  MemoryUsage of job (MB)
	745220  -  ResidentSetSize of job (KB)
...
006 (15151953.005.000) 10/03 15:07:27 Image size of job updated: 1407940
	728  -  MemoryUsage of job (MB)
	745220  -  ResidentSetSize of job (KB)
...
006 (15151953.005.000) 10/03 15:17:29 Image size of job updated: 4162884
	728  -  MemoryUsage of job (MB)
	745220  -  ResidentSetSize of job (KB)
...
006 (15151953.005.000) 10/03 15:22:29 Image size of job updated: 4447728
	728  -  MemoryUsage of job (MB)
	745220  -  ResidentSetSize of job (KB)
...
006 (15151953.005.000) 10/03 15:27:30 Image size of job updated: 4484620
	728  -  MemoryUsage of job (MB)
	745220  -  ResidentSetSize of job (KB)
...
006 (15151953.005.000) 10/03 15:32:31 Image size of job updated: 4525136
	728  -  MemoryUsage of job (MB)
	745220  -  ResidentSetSize of job (KB)
...
006 (15151953.005.000) 10/03 15:35:15 Image size of job updated: 4539200
	728  -  MemoryUsage of job (MB)
	745220  -  ResidentSetSize of job (KB)
...
040 (15151953.005.000) 10/03 15:35:15 Started transferring output files
...
040 (15151953.005.000) 10/03 15:35:15 Finished transferring output files
...
005 (15151953.005.000) 10/03 15:35:15 Job terminated.
	(1) Normal termination (return value 0)
		Usr 0 00:12:38, Sys 0 00:00:28  -  Run Remote Usage
		Usr 0 00:00:00, Sys 0 00:00:00  -  Run Local Usage
		Usr 0 00:12:38, Sys 0 00:00:28  -  Total Remote Usage
		Usr 0 00:00:00, Sys 0 00:00:00  -  Total Local Usage
	95072  -  Run Bytes Sent By Job
	323  -  Run Bytes Received By Job
	95072  -  Total Bytes Sent By Job
	323  -  Total Bytes Received By Job
	Partitionable Resources :    Usage  Request Allocated 
	   Cpus                 :     0.04        1         1 
	   Disk (KB)            :   114           1   1287787 
	   Memory (MB)          :   728        2000      2000 

	Job terminated of its own accord at 2023-10-03T13:35:15Z.
...
