000 (15159766.046.000) 10/09 11:47:56 Job submitted from host: <188.184.90.241:9618?addrs=188.184.90.241-9618+[2001-1458-201-e4--100-2eb]-9618&alias=bigbird15.cern.ch&noUDP&sock=schedd_2763_c443>
...
040 (15159766.046.000) 10/09 14:24:33 Started transferring input files
	Transferring to host: <128.142.137.139:9618?addrs=128.142.137.139-9618+[2001-1458-301-5e--100-7f]-9618&alias=b7g19p8461.cern.ch&noUDP&sock=slot1_6_14173_e919_105304>
...
040 (15159766.046.000) 10/09 14:24:33 Finished transferring input files
...
001 (15159766.046.000) 10/09 14:24:34 Job executing on host: <128.142.137.139:9618?addrs=128.142.137.139-9618+[2001-1458-301-5e--100-7f]-9618&alias=b7g19p8461.cern.ch&noUDP&sock=startd_14134_53ad>
...
006 (15159766.046.000) 10/09 14:24:42 Image size of job updated: 127712
	116  -  MemoryUsage of job (MB)
	118048  -  ResidentSetSize of job (KB)
...
006 (15159766.046.000) 10/09 14:29:42 Image size of job updated: 920236
	130  -  MemoryUsage of job (MB)
	132428  -  ResidentSetSize of job (KB)
...
040 (15159766.046.000) 10/09 14:31:29 Started transferring output files
...
040 (15159766.046.000) 10/09 14:31:29 Finished transferring output files
...
005 (15159766.046.000) 10/09 14:31:29 Job terminated.
	(1) Normal termination (return value 0)
		Usr 0 00:00:18, Sys 0 00:00:02  -  Run Remote Usage
		Usr 0 00:00:00, Sys 0 00:00:00  -  Run Local Usage
		Usr 0 00:00:18, Sys 0 00:00:02  -  Total Remote Usage
		Usr 0 00:00:00, Sys 0 00:00:00  -  Total Local Usage
	10558  -  Run Bytes Sent By Job
	374  -  Run Bytes Received By Job
	10558  -  Total Bytes Sent By Job
	374  -  Total Bytes Received By Job
	Partitionable Resources :    Usage  Request Allocated 
	   Cpus                 :                 1         1 
	   Disk (KB)            :       24        1   1700095 
	   Memory (MB)          :      130     2000      2000 

	Job terminated of its own accord at 2023-10-09T12:31:29Z.
...
