000 (15159766.009.000) 10/09 11:47:56 Job submitted from host: <188.184.90.241:9618?addrs=188.184.90.241-9618+[2001-1458-201-e4--100-2eb]-9618&alias=bigbird15.cern.ch&noUDP&sock=schedd_2763_c443>
...
040 (15159766.009.000) 10/09 14:24:23 Started transferring input files
	Transferring to host: <128.142.132.152:9618?addrs=128.142.132.152-9618+[2001-1458-301-5a--100-8c]-9618&alias=b7g12p9557.cern.ch&noUDP&sock=slot1_25_3500_d107_192326>
...
040 (15159766.009.000) 10/09 14:24:23 Finished transferring input files
...
001 (15159766.009.000) 10/09 14:24:24 Job executing on host: <128.142.132.152:9618?addrs=128.142.132.152-9618+[2001-1458-301-5a--100-8c]-9618&alias=b7g12p9557.cern.ch&noUDP&sock=startd_2883_13a1>
...
006 (15159766.009.000) 10/09 14:24:33 Image size of job updated: 123596
	121  -  MemoryUsage of job (MB)
	123596  -  ResidentSetSize of job (KB)
...
006 (15159766.009.000) 10/09 14:28:50 Image size of job updated: 926692
	121  -  MemoryUsage of job (MB)
	123596  -  ResidentSetSize of job (KB)
...
040 (15159766.009.000) 10/09 14:28:50 Started transferring output files
...
040 (15159766.009.000) 10/09 14:28:50 Finished transferring output files
...
005 (15159766.009.000) 10/09 14:28:50 Job terminated.
	(1) Normal termination (return value 0)
		Usr 0 00:00:23, Sys 0 00:00:01  -  Run Remote Usage
		Usr 0 00:00:00, Sys 0 00:00:00  -  Run Local Usage
		Usr 0 00:00:23, Sys 0 00:00:01  -  Total Remote Usage
		Usr 0 00:00:00, Sys 0 00:00:00  -  Total Local Usage
	10674  -  Run Bytes Sent By Job
	374  -  Run Bytes Received By Job
	10674  -  Total Bytes Sent By Job
	374  -  Total Bytes Received By Job
	Partitionable Resources :    Usage  Request Allocated 
	   Cpus                 :                 1         1 
	   Disk (KB)            :       24        1   1724611 
	   Memory (MB)          :      121     2000      2000 

	Job terminated of its own accord at 2023-10-09T12:28:50Z.
...
