000 (15159766.025.000) 10/09 11:47:56 Job submitted from host: <188.184.90.241:9618?addrs=188.184.90.241-9618+[2001-1458-201-e4--100-2eb]-9618&alias=bigbird15.cern.ch&noUDP&sock=schedd_2763_c443>
...
040 (15159766.025.000) 10/09 14:24:31 Started transferring input files
	Transferring to host: <128.142.132.45:9618?addrs=128.142.132.45-9618+[2001-1458-301-5a--100-21]-9618&alias=b7g12p5356.cern.ch&noUDP&sock=slot1_1_8920_b264_195606>
...
040 (15159766.025.000) 10/09 14:24:31 Finished transferring input files
...
001 (15159766.025.000) 10/09 14:24:32 Job executing on host: <128.142.132.45:9618?addrs=128.142.132.45-9618+[2001-1458-301-5a--100-21]-9618&alias=b7g12p5356.cern.ch&noUDP&sock=startd_8136_329f>
...
006 (15159766.025.000) 10/09 14:24:41 Image size of job updated: 124296
	121  -  MemoryUsage of job (MB)
	123484  -  ResidentSetSize of job (KB)
...
006 (15159766.025.000) 10/09 14:29:41 Image size of job updated: 918820
	129  -  MemoryUsage of job (MB)
	131148  -  ResidentSetSize of job (KB)
...
006 (15159766.025.000) 10/09 14:31:55 Image size of job updated: 926820
	129  -  MemoryUsage of job (MB)
	131148  -  ResidentSetSize of job (KB)
...
040 (15159766.025.000) 10/09 14:31:55 Started transferring output files
...
040 (15159766.025.000) 10/09 14:31:55 Finished transferring output files
...
005 (15159766.025.000) 10/09 14:31:55 Job terminated.
	(1) Normal termination (return value 0)
		Usr 0 00:00:20, Sys 0 00:00:01  -  Run Remote Usage
		Usr 0 00:00:00, Sys 0 00:00:00  -  Run Local Usage
		Usr 0 00:00:20, Sys 0 00:00:01  -  Total Remote Usage
		Usr 0 00:00:00, Sys 0 00:00:00  -  Total Local Usage
	10673  -  Run Bytes Sent By Job
	374  -  Run Bytes Received By Job
	10673  -  Total Bytes Sent By Job
	374  -  Total Bytes Received By Job
	Partitionable Resources :    Usage  Request Allocated 
	   Cpus                 :     0.16        1         1 
	   Disk (KB)            :    32           1   1689062 
	   Memory (MB)          :   129        2000      2000 

	Job terminated of its own accord at 2023-10-09T12:31:55Z.
...
