000 (15159756.104.000) 10/09 09:27:44 Job submitted from host: <188.184.90.241:9618?addrs=188.184.90.241-9618+[2001-1458-201-e4--100-2eb]-9618&alias=bigbird15.cern.ch&noUDP&sock=schedd_2763_c443>
...
040 (15159756.104.000) 10/09 11:15:19 Started transferring input files
	Transferring to host: <128.142.137.113:9618?addrs=128.142.137.113-9618+[2001-1458-301-5e--100-65]-9618&alias=b7g19p8225.cern.ch&noUDP&sock=slot1_28_4243_53c6_87708>
...
040 (15159756.104.000) 10/09 11:15:19 Finished transferring input files
...
001 (15159756.104.000) 10/09 11:15:20 Job executing on host: <128.142.137.113:9618?addrs=128.142.137.113-9618+[2001-1458-301-5e--100-65]-9618&alias=b7g19p8225.cern.ch&noUDP&sock=startd_3028_88dc>
...
006 (15159756.104.000) 10/09 11:15:29 Image size of job updated: 540808
	55  -  MemoryUsage of job (MB)
	55756  -  ResidentSetSize of job (KB)
...
006 (15159756.104.000) 10/09 11:20:30 Image size of job updated: 2990740
	2387  -  MemoryUsage of job (MB)
	2444028  -  ResidentSetSize of job (KB)
...
006 (15159756.104.000) 10/09 11:21:38 Image size of job updated: 3091964
	2387  -  MemoryUsage of job (MB)
	2444028  -  ResidentSetSize of job (KB)
...
040 (15159756.104.000) 10/09 11:21:38 Started transferring output files
...
040 (15159756.104.000) 10/09 11:21:38 Finished transferring output files
...
005 (15159756.104.000) 10/09 11:21:38 Job terminated.
	(1) Normal termination (return value 0)
		Usr 0 00:04:28, Sys 0 00:00:06  -  Run Remote Usage
		Usr 0 00:00:00, Sys 0 00:00:00  -  Run Local Usage
		Usr 0 00:04:28, Sys 0 00:00:06  -  Total Remote Usage
		Usr 0 00:00:00, Sys 0 00:00:00  -  Total Local Usage
	108441  -  Run Bytes Sent By Job
	269  -  Run Bytes Received By Job
	108441  -  Total Bytes Sent By Job
	269  -  Total Bytes Received By Job
	Partitionable Resources :    Usage  Request Allocated 
	   Cpus                 :                 1         1 
	   Disk (KB)            :      120        1   1580195 
	   Memory (MB)          :     2387     2000      2000 

	Job terminated of its own accord at 2023-10-09T09:21:38Z.
...
