000 (14807221.016.000) 05/14 12:38:57 Job submitted from host: <188.184.90.241:9618?addrs=188.184.90.241-9618+[2001-1458-201-e4--100-2eb]-9618&alias=bigbird15.cern.ch&noUDP&sock=schedd_3273_9590>
...
040 (14807221.016.000) 05/14 12:50:06 Started transferring input files
	Transferring to host: <188.184.162.212:9618?addrs=188.184.162.212-9618+[2001-1458-301-4a--100-ce]-9618&alias=b7s11p8493.cern.ch&noUDP&sock=slot1_28_4888_c9c0_61990>
...
040 (14807221.016.000) 05/14 12:50:06 Finished transferring input files
...
001 (14807221.016.000) 05/14 12:50:07 Job executing on host: <188.184.162.212:9618?addrs=188.184.162.212-9618+[2001-1458-301-4a--100-ce]-9618&alias=b7s11p8493.cern.ch&noUDP&sock=startd_3380_fa32>
...
006 (14807221.016.000) 05/14 12:50:15 Image size of job updated: 554448
	47  -  MemoryUsage of job (MB)
	48012  -  ResidentSetSize of job (KB)
...
006 (14807221.016.000) 05/14 12:55:15 Image size of job updated: 1903868
	1417  -  MemoryUsage of job (MB)
	1450692  -  ResidentSetSize of job (KB)
...
006 (14807221.016.000) 05/14 13:00:16 Image size of job updated: 3156840
	2631  -  MemoryUsage of job (MB)
	2693588  -  ResidentSetSize of job (KB)
...
006 (14807221.016.000) 05/14 13:05:16 Image size of job updated: 4466732
	3916  -  MemoryUsage of job (MB)
	4009500  -  ResidentSetSize of job (KB)
...
006 (14807221.016.000) 05/14 13:10:16 Image size of job updated: 5768132
	5155  -  MemoryUsage of job (MB)
	5278012  -  ResidentSetSize of job (KB)
...
006 (14807221.016.000) 05/14 13:15:17 Image size of job updated: 6614488
	5395  -  MemoryUsage of job (MB)
	5523640  -  ResidentSetSize of job (KB)
...
006 (14807221.016.000) 05/14 13:20:18 Image size of job updated: 6614488
	5808  -  MemoryUsage of job (MB)
	5946644  -  ResidentSetSize of job (KB)
...
040 (14807221.016.000) 05/14 13:50:33 Started transferring output files
...
040 (14807221.016.000) 05/14 13:50:33 Finished transferring output files
...
005 (14807221.016.000) 05/14 13:50:33 Job terminated.
	(1) Normal termination (return value 0)
		Usr 0 00:36:18, Sys 0 00:07:53  -  Run Remote Usage
		Usr 0 00:00:00, Sys 0 00:00:00  -  Run Local Usage
		Usr 0 00:36:18, Sys 0 00:07:53  -  Total Remote Usage
		Usr 0 00:00:00, Sys 0 00:00:00  -  Total Local Usage
	318084  -  Run Bytes Sent By Job
	323  -  Run Bytes Received By Job
	318084  -  Total Bytes Sent By Job
	323  -  Total Bytes Received By Job
	Partitionable Resources :    Usage  Request Allocated 
	   Cpus                 :     0.80        1         1 
	   Disk (KB)            :   332           1   3009955 
	   Memory (MB)          :  5808        2000      2000 

	Job terminated of its own accord at 2023-05-14T11:50:33Z.
...
