000 (15148189.001.000) 09/26 21:00:55 Job submitted from host: <188.184.90.241:9618?addrs=188.184.90.241-9618+[2001-1458-201-e4--100-2eb]-9618&alias=bigbird15.cern.ch&noUDP&sock=schedd_2763_c443>
...
040 (15148189.001.000) 09/26 21:11:17 Started transferring input files
	Transferring to host: <188.184.163.124:9618?addrs=188.184.163.124-9618&alias=b7s12p2367.cern.ch&noUDP&sock=slot1_5_6725_1eeb_218517>
...
040 (15148189.001.000) 09/26 21:11:17 Finished transferring input files
...
001 (15148189.001.000) 09/26 21:11:18 Job executing on host: <188.184.163.124:9618?addrs=188.184.163.124-9618&alias=b7s12p2367.cern.ch&noUDP&sock=startd_5444_b5ac>
...
006 (15148189.001.000) 09/26 21:11:27 Image size of job updated: 55376
	52  -  MemoryUsage of job (MB)
	52508  -  ResidentSetSize of job (KB)
...
006 (15148189.001.000) 09/26 21:16:27 Image size of job updated: 1078556
	530  -  MemoryUsage of job (MB)
	541720  -  ResidentSetSize of job (KB)
...
006 (15148189.001.000) 09/26 21:21:27 Image size of job updated: 3661944
	530  -  MemoryUsage of job (MB)
	541720  -  ResidentSetSize of job (KB)
...
006 (15148189.001.000) 09/26 21:26:28 Image size of job updated: 3706128
	530  -  MemoryUsage of job (MB)
	541720  -  ResidentSetSize of job (KB)
...
006 (15148189.001.000) 09/26 21:31:29 Image size of job updated: 3916248
	530  -  MemoryUsage of job (MB)
	541720  -  ResidentSetSize of job (KB)
...
006 (15148189.001.000) 09/26 21:36:19 Image size of job updated: 3986804
	530  -  MemoryUsage of job (MB)
	541720  -  ResidentSetSize of job (KB)
...
040 (15148189.001.000) 09/26 21:36:19 Started transferring output files
...
040 (15148189.001.000) 09/26 21:36:19 Finished transferring output files
...
005 (15148189.001.000) 09/26 21:36:20 Job terminated.
	(1) Normal termination (return value 0)
		Usr 0 00:07:28, Sys 0 00:00:19  -  Run Remote Usage
		Usr 0 00:00:00, Sys 0 00:00:00  -  Run Local Usage
		Usr 0 00:07:28, Sys 0 00:00:19  -  Total Remote Usage
		Usr 0 00:00:00, Sys 0 00:00:00  -  Total Local Usage
	81072  -  Run Bytes Sent By Job
	323  -  Run Bytes Received By Job
	81072  -  Total Bytes Sent By Job
	323  -  Total Bytes Received By Job
	Partitionable Resources :    Usage  Request Allocated 
	   Cpus                 :     0.06        1         1 
	   Disk (KB)            :   100           1   2998727 
	   Memory (MB)          :   530        2000      2000 

	Job terminated of its own accord at 2023-09-26T19:36:19Z.
...
