000 (15148585.003.000) 09/26 22:42:55 Job submitted from host: <188.184.90.241:9618?addrs=188.184.90.241-9618+[2001-1458-201-e4--100-2eb]-9618&alias=bigbird15.cern.ch&noUDP&sock=schedd_2763_c443>
...
040 (15148585.003.000) 09/26 23:21:28 Started transferring input files
	Transferring to host: <128.142.56.25:9618?addrs=128.142.56.25-9618+[2001-1458-301-6--100-18]-9618&alias=b7s01p7603.cern.ch&noUDP&sock=slot1_9_8693_c13b_197819>
...
040 (15148585.003.000) 09/26 23:21:28 Finished transferring input files
...
001 (15148585.003.000) 09/26 23:21:29 Job executing on host: <128.142.56.25:9618?addrs=128.142.56.25-9618+[2001-1458-301-6--100-18]-9618&alias=b7s01p7603.cern.ch&noUDP&sock=startd_7150_e23e>
...
006 (15148585.003.000) 09/26 23:21:37 Image size of job updated: 608600
	51  -  MemoryUsage of job (MB)
	51972  -  ResidentSetSize of job (KB)
...
006 (15148585.003.000) 09/26 23:26:37 Image size of job updated: 1207124
	681  -  MemoryUsage of job (MB)
	697252  -  ResidentSetSize of job (KB)
...
006 (15148585.003.000) 09/26 23:31:38 Image size of job updated: 1257256
	681  -  MemoryUsage of job (MB)
	697252  -  ResidentSetSize of job (KB)
...
006 (15148585.003.000) 09/26 23:36:39 Image size of job updated: 3673176
	681  -  MemoryUsage of job (MB)
	697252  -  ResidentSetSize of job (KB)
...
006 (15148585.003.000) 09/26 23:41:39 Image size of job updated: 3878504
	681  -  MemoryUsage of job (MB)
	697252  -  ResidentSetSize of job (KB)
...
006 (15148585.003.000) 09/26 23:46:39 Image size of job updated: 3935572
	681  -  MemoryUsage of job (MB)
	697252  -  ResidentSetSize of job (KB)
...
006 (15148585.003.000) 09/26 23:50:31 Image size of job updated: 3952324
	681  -  MemoryUsage of job (MB)
	697252  -  ResidentSetSize of job (KB)
...
040 (15148585.003.000) 09/26 23:50:31 Started transferring output files
...
040 (15148585.003.000) 09/26 23:50:31 Finished transferring output files
...
005 (15148585.003.000) 09/26 23:50:31 Job terminated.
	(1) Normal termination (return value 0)
		Usr 0 00:08:24, Sys 0 00:00:17  -  Run Remote Usage
		Usr 0 00:00:00, Sys 0 00:00:00  -  Run Local Usage
		Usr 0 00:08:24, Sys 0 00:00:17  -  Total Remote Usage
		Usr 0 00:00:00, Sys 0 00:00:00  -  Total Local Usage
	85053  -  Run Bytes Sent By Job
	323  -  Run Bytes Received By Job
	85053  -  Total Bytes Sent By Job
	323  -  Total Bytes Received By Job
	Partitionable Resources :    Usage  Request Allocated 
	   Cpus                 :     0.08        1         1 
	   Disk (KB)            :   105           1   1236112 
	   Memory (MB)          :   681        2000      2000 

	Job terminated of its own accord at 2023-09-26T21:50:31Z.
...
