000 (15150662.112.000) 09/28 15:49:40 Job submitted from host: <188.184.90.241:9618?addrs=188.184.90.241-9618+[2001-1458-201-e4--100-2eb]-9618&alias=bigbird15.cern.ch&noUDP&sock=schedd_2763_c443>
...
040 (15150662.112.000) 09/28 16:01:24 Started transferring input files
	Transferring to host: <128.142.56.105:9618?addrs=128.142.56.105-9618+[2001-1458-301-6--100-68]-9618&alias=b7s01p4518.cern.ch&noUDP&sock=slot1_35_9837_ce69_193620>
...
040 (15150662.112.000) 09/28 16:01:24 Finished transferring input files
...
001 (15150662.112.000) 09/28 16:01:25 Job executing on host: <128.142.56.105:9618?addrs=128.142.56.105-9618+[2001-1458-301-6--100-68]-9618&alias=b7s01p4518.cern.ch&noUDP&sock=startd_8686_73b6>
...
006 (15150662.112.000) 09/28 16:01:33 Image size of job updated: 602744
	120  -  MemoryUsage of job (MB)
	122008  -  ResidentSetSize of job (KB)
...
006 (15150662.112.000) 09/28 16:05:58 Image size of job updated: 920360
	120  -  MemoryUsage of job (MB)
	122008  -  ResidentSetSize of job (KB)
...
040 (15150662.112.000) 09/28 16:05:58 Started transferring output files
...
040 (15150662.112.000) 09/28 16:05:58 Finished transferring output files
...
005 (15150662.112.000) 09/28 16:05:58 Job terminated.
	(1) Normal termination (return value 0)
		Usr 0 00:00:07, Sys 0 00:00:00  -  Run Remote Usage
		Usr 0 00:00:00, Sys 0 00:00:00  -  Run Local Usage
		Usr 0 00:00:07, Sys 0 00:00:00  -  Total Remote Usage
		Usr 0 00:00:00, Sys 0 00:00:00  -  Total Local Usage
	7932  -  Run Bytes Sent By Job
	374  -  Run Bytes Received By Job
	7932  -  Total Bytes Sent By Job
	374  -  Total Bytes Received By Job
	Partitionable Resources :    Usage  Request Allocated 
	   Cpus                 :     0.14        1         1 
	   Disk (KB)            :    29           1   1320741 
	   Memory (MB)          :   120        2000      2000 

	Job terminated of its own accord at 2023-09-28T14:05:58Z.
...
