000 (15153696.029.000) 10/03 22:27:19 Job submitted from host: <188.184.90.241:9618?addrs=188.184.90.241-9618+[2001-1458-201-e4--100-2eb]-9618&alias=bigbird15.cern.ch&noUDP&sock=schedd_2763_c443>
...
040 (15153696.029.000) 10/03 22:30:32 Started transferring input files
	Transferring to host: <128.142.61.44:9618?addrs=128.142.61.44-9618+[2001-1458-301-23--100-2b]-9618&alias=b7s06p0363.cern.ch&noUDP&sock=slot1_9_4231_df45_205262>
...
040 (15153696.029.000) 10/03 22:30:32 Finished transferring input files
...
001 (15153696.029.000) 10/03 22:30:33 Job executing on host: <128.142.61.44:9618?addrs=128.142.61.44-9618+[2001-1458-301-23--100-2b]-9618&alias=b7s06p0363.cern.ch&noUDP&sock=startd_2953_1742>
...
006 (15153696.029.000) 10/03 22:30:41 Image size of job updated: 912448
	122  -  MemoryUsage of job (MB)
	124572  -  ResidentSetSize of job (KB)
...
006 (15153696.029.000) 10/03 22:35:15 Image size of job updated: 925304
	122  -  MemoryUsage of job (MB)
	124572  -  ResidentSetSize of job (KB)
...
040 (15153696.029.000) 10/03 22:35:15 Started transferring output files
...
040 (15153696.029.000) 10/03 22:35:15 Finished transferring output files
...
005 (15153696.029.000) 10/03 22:35:15 Job terminated.
	(1) Normal termination (return value 0)
		Usr 0 00:00:10, Sys 0 00:00:00  -  Run Remote Usage
		Usr 0 00:00:00, Sys 0 00:00:00  -  Run Local Usage
		Usr 0 00:00:10, Sys 0 00:00:00  -  Total Remote Usage
		Usr 0 00:00:00, Sys 0 00:00:00  -  Total Local Usage
	8006  -  Run Bytes Sent By Job
	374  -  Run Bytes Received By Job
	8006  -  Total Bytes Sent By Job
	374  -  Total Bytes Received By Job
	Partitionable Resources :    Usage  Request Allocated 
	   Cpus                 :     0.16        1         1 
	   Disk (KB)            :    29           1   1178719 
	   Memory (MB)          :   122        2000      2000 

	Job terminated of its own accord at 2023-10-03T20:35:15Z.
...
