000 (15271413.089.000) 12/18 14:02:23 Job submitted from host: <188.184.90.241:9618?addrs=188.184.90.241-9618+[2001-1458-201-e4--100-2eb]-9618&alias=bigbird15.cern.ch&noUDP&sock=schedd_2763_c443>
...
040 (15271413.089.000) 12/18 14:06:20 Started transferring input files
	Transferring to host: <128.142.60.56:9618?addrs=128.142.60.56-9618+[2001-1458-301-22--100-37]-9618&alias=b9s05p2062.cern.ch&noUDP&sock=slot1_7_121915_e577_9029>
...
040 (15271413.089.000) 12/18 14:06:20 Finished transferring input files
...
001 (15271413.089.000) 12/18 14:06:21 Job executing on host: <128.142.60.56:9618?addrs=128.142.60.56-9618+[2001-1458-301-22--100-37]-9618&alias=b9s05p2062.cern.ch&noUDP&sock=startd_112714_01e0>
...
006 (15271413.089.000) 12/18 14:06:30 Image size of job updated: 119448
	92  -  MemoryUsage of job (MB)
	93672  -  ResidentSetSize of job (KB)
...
006 (15271413.089.000) 12/18 14:11:31 Image size of job updated: 609784
	522  -  MemoryUsage of job (MB)
	534104  -  ResidentSetSize of job (KB)
...
006 (15271413.089.000) 12/18 14:14:16 Image size of job updated: 2491148
	522  -  MemoryUsage of job (MB)
	534104  -  ResidentSetSize of job (KB)
...
040 (15271413.089.000) 12/18 14:14:16 Started transferring output files
...
040 (15271413.089.000) 12/18 14:14:16 Finished transferring output files
...
005 (15271413.089.000) 12/18 14:14:16 Job terminated.
	(1) Normal termination (return value 0)
		Usr 0 00:05:19, Sys 0 00:00:05  -  Run Remote Usage
		Usr 0 00:00:00, Sys 0 00:00:00  -  Run Local Usage
		Usr 0 00:05:19, Sys 0 00:00:05  -  Total Remote Usage
		Usr 0 00:00:00, Sys 0 00:00:00  -  Total Local Usage
	145535  -  Run Bytes Sent By Job
	269  -  Run Bytes Received By Job
	145535  -  Total Bytes Sent By Job
	269  -  Total Bytes Received By Job
	Partitionable Resources :    Usage  Request Allocated 
	   Cpus                 :     0.01        1         1 
	   Disk (KB)            :   186           1   3135855 
	   Memory (MB)          :   522        2000      2000 

	Job terminated of its own accord at 2023-12-18T13:14:16Z.
...
