000 (15153696.058.000) 10/03 22:27:19 Job submitted from host: <188.184.90.241:9618?addrs=188.184.90.241-9618+[2001-1458-201-e4--100-2eb]-9618&alias=bigbird15.cern.ch&noUDP&sock=schedd_2763_c443>
...
040 (15153696.058.000) 10/03 22:30:40 Started transferring input files
	Transferring to host: <128.142.58.102:9618?addrs=128.142.58.102-9618+[2001-1458-301-16--100-65]-9618&alias=b7s03p1966.cern.ch&noUDP&sock=slot1_11_539_862f_101505>
...
040 (15153696.058.000) 10/03 22:30:40 Finished transferring input files
...
001 (15153696.058.000) 10/03 22:30:41 Job executing on host: <128.142.58.102:9618?addrs=128.142.58.102-9618+[2001-1458-301-16--100-65]-9618&alias=b7s03p1966.cern.ch&noUDP&sock=startd_500_8971>
...
006 (15153696.058.000) 10/03 22:30:49 Image size of job updated: 802988
	121  -  MemoryUsage of job (MB)
	123760  -  ResidentSetSize of job (KB)
...
006 (15153696.058.000) 10/03 22:33:40 Image size of job updated: 922788
	121  -  MemoryUsage of job (MB)
	123760  -  ResidentSetSize of job (KB)
...
040 (15153696.058.000) 10/03 22:33:40 Started transferring output files
...
040 (15153696.058.000) 10/03 22:33:40 Finished transferring output files
...
005 (15153696.058.000) 10/03 22:33:40 Job terminated.
	(1) Normal termination (return value 0)
		Usr 0 00:00:11, Sys 0 00:00:01  -  Run Remote Usage
		Usr 0 00:00:00, Sys 0 00:00:00  -  Run Local Usage
		Usr 0 00:00:11, Sys 0 00:00:01  -  Total Remote Usage
		Usr 0 00:00:00, Sys 0 00:00:00  -  Total Local Usage
	7945  -  Run Bytes Sent By Job
	374  -  Run Bytes Received By Job
	7945  -  Total Bytes Sent By Job
	374  -  Total Bytes Received By Job
	Partitionable Resources :    Usage  Request Allocated 
	   Cpus                 :     0.04        1         1 
	   Disk (KB)            :    29           1   1234377 
	   Memory (MB)          :   121        2000      2000 

	Job terminated of its own accord at 2023-10-03T20:33:40Z.
...
