000 (15271413.194.000) 12/18 14:02:23 Job submitted from host: <188.184.90.241:9618?addrs=188.184.90.241-9618+[2001-1458-201-e4--100-2eb]-9618&alias=bigbird15.cern.ch&noUDP&sock=schedd_2763_c443>
...
040 (15271413.194.000) 12/18 14:06:54 Started transferring input files
	Transferring to host: <188.184.164.195:9618?addrs=188.184.164.195-9618+[2001-1458-301-4e--100-bd]-9618&alias=b9s13p9128.cern.ch&noUDP&sock=slot1_10_123651_10bd_132359>
...
040 (15271413.194.000) 12/18 14:06:54 Finished transferring input files
...
001 (15271413.194.000) 12/18 14:06:55 Job executing on host: <188.184.164.195:9618?addrs=188.184.164.195-9618+[2001-1458-301-4e--100-bd]-9618&alias=b9s13p9128.cern.ch&noUDP&sock=startd_113066_7336>
...
006 (15271413.194.000) 12/18 14:07:04 Image size of job updated: 458660
	448  -  MemoryUsage of job (MB)
	458660  -  ResidentSetSize of job (KB)
...
006 (15271413.194.000) 12/18 14:12:04 Image size of job updated: 769240
	752  -  MemoryUsage of job (MB)
	769240  -  ResidentSetSize of job (KB)
...
006 (15271413.194.000) 12/18 14:17:04 Image size of job updated: 1034604
	1011  -  MemoryUsage of job (MB)
	1034604  -  ResidentSetSize of job (KB)
...
040 (15271413.194.000) 12/18 14:20:47 Started transferring output files
...
040 (15271413.194.000) 12/18 14:20:47 Finished transferring output files
...
005 (15271413.194.000) 12/18 14:20:47 Job terminated.
	(1) Normal termination (return value 0)
		Usr 0 00:11:48, Sys 0 00:00:07  -  Run Remote Usage
		Usr 0 00:00:00, Sys 0 00:00:00  -  Run Local Usage
		Usr 0 00:11:48, Sys 0 00:00:07  -  Total Remote Usage
		Usr 0 00:00:00, Sys 0 00:00:00  -  Total Local Usage
	162797  -  Run Bytes Sent By Job
	269  -  Run Bytes Received By Job
	162797  -  Total Bytes Sent By Job
	269  -  Total Bytes Received By Job
	Partitionable Resources :    Usage  Request Allocated 
	   Cpus                 :     0.95        1         1 
	   Disk (KB)            :   203           1   3026487 
	   Memory (MB)          :  1011        2000      2000 

	Job terminated of its own accord at 2023-12-18T13:20:47Z.
...
