000 (14832095.096.000) 06/12 15:17:57 Job submitted from host: <188.184.90.241:9618?addrs=188.184.90.241-9618+[2001-1458-201-e4--100-2eb]-9618&alias=bigbird15.cern.ch&noUDP&sock=schedd_1460210_2ef4>
...
040 (14832095.096.000) 06/12 15:20:06 Started transferring input files
	Transferring to host: <188.184.163.72:9618?addrs=188.184.163.72-9618+[2001-1458-301-4d--100-42]-9618&alias=b7s12p8477.cern.ch&noUDP&sock=slot1_18_4395_6ccc_92244>
...
040 (14832095.096.000) 06/12 15:20:06 Finished transferring input files
...
001 (14832095.096.000) 06/12 15:20:07 Job executing on host: <188.184.163.72:9618?addrs=188.184.163.72-9618+[2001-1458-301-4d--100-42]-9618&alias=b7s12p8477.cern.ch&noUDP&sock=startd_3237_e427>
...
006 (14832095.096.000) 06/12 15:20:17 Image size of job updated: 554140
	47  -  MemoryUsage of job (MB)
	47700  -  ResidentSetSize of job (KB)
...
006 (14832095.096.000) 06/12 15:25:17 Image size of job updated: 1522368
	962  -  MemoryUsage of job (MB)
	984068  -  ResidentSetSize of job (KB)
...
006 (14832095.096.000) 06/12 15:30:17 Image size of job updated: 2122424
	1502  -  MemoryUsage of job (MB)
	1537988  -  ResidentSetSize of job (KB)
...
006 (14832095.096.000) 06/12 15:35:18 Image size of job updated: 2147424
	1502  -  MemoryUsage of job (MB)
	1537988  -  ResidentSetSize of job (KB)
...
006 (14832095.096.000) 06/12 15:50:20 Image size of job updated: 4049232
	1502  -  MemoryUsage of job (MB)
	1537988  -  ResidentSetSize of job (KB)
...
006 (14832095.096.000) 06/12 15:55:21 Image size of job updated: 4098888
	1502  -  MemoryUsage of job (MB)
	1537988  -  ResidentSetSize of job (KB)
...
006 (14832095.096.000) 06/12 16:00:21 Image size of job updated: 4335312
	1502  -  MemoryUsage of job (MB)
	1537988  -  ResidentSetSize of job (KB)
...
006 (14832095.096.000) 06/12 16:05:21 Image size of job updated: 4397464
	1502  -  MemoryUsage of job (MB)
	1537988  -  ResidentSetSize of job (KB)
...
006 (14832095.096.000) 06/12 16:10:22 Image size of job updated: 4414024
	1502  -  MemoryUsage of job (MB)
	1537988  -  ResidentSetSize of job (KB)
...
006 (14832095.096.000) 06/12 16:12:29 Image size of job updated: 4424852
	1502  -  MemoryUsage of job (MB)
	1537988  -  ResidentSetSize of job (KB)
...
040 (14832095.096.000) 06/12 16:12:29 Started transferring output files
...
040 (14832095.096.000) 06/12 16:12:29 Finished transferring output files
...
005 (14832095.096.000) 06/12 16:12:29 Job terminated.
	(1) Normal termination (return value 0)
		Usr 0 00:15:02, Sys 0 00:01:06  -  Run Remote Usage
		Usr 0 00:00:00, Sys 0 00:00:00  -  Run Local Usage
		Usr 0 00:15:02, Sys 0 00:01:06  -  Total Remote Usage
		Usr 0 00:00:00, Sys 0 00:00:00  -  Total Local Usage
	131094  -  Run Bytes Sent By Job
	323  -  Run Bytes Received By Job
	131094  -  Total Bytes Sent By Job
	323  -  Total Bytes Received By Job
	Partitionable Resources :    Usage  Request Allocated 
	   Cpus                 :     0.16        1         1 
	   Disk (KB)            :   149           1   2904974 
	   Memory (MB)          :  1502        2000      2000 

	Job terminated of its own accord at 2023-06-12T14:12:29Z.
...
