000 (15159756.080.000) 10/09 09:27:44 Job submitted from host: <188.184.90.241:9618?addrs=188.184.90.241-9618+[2001-1458-201-e4--100-2eb]-9618&alias=bigbird15.cern.ch&noUDP&sock=schedd_2763_c443>
...
040 (15159756.080.000) 10/09 11:15:20 Started transferring input files
	Transferring to host: <188.184.163.169:9618?addrs=188.184.163.169-9618+[2001-1458-301-4d--100-a3]-9618&alias=b7s12p4837.cern.ch&noUDP&sock=slot1_20_256950_450a_18378>
...
040 (15159756.080.000) 10/09 11:15:20 Finished transferring input files
...
001 (15159756.080.000) 10/09 11:15:21 Job executing on host: <188.184.163.169:9618?addrs=188.184.163.169-9618+[2001-1458-301-4d--100-a3]-9618&alias=b7s12p4837.cern.ch&noUDP&sock=startd_2935_be8d>
...
006 (15159756.080.000) 10/09 11:15:30 Image size of job updated: 55388
	52  -  MemoryUsage of job (MB)
	52824  -  ResidentSetSize of job (KB)
...
006 (15159756.080.000) 10/09 11:20:31 Image size of job updated: 873720
	379  -  MemoryUsage of job (MB)
	387536  -  ResidentSetSize of job (KB)
...
006 (15159756.080.000) 10/09 11:25:32 Image size of job updated: 1123464
	599  -  MemoryUsage of job (MB)
	612704  -  ResidentSetSize of job (KB)
...
006 (15159756.080.000) 10/09 11:28:36 Image size of job updated: 3364212
	599  -  MemoryUsage of job (MB)
	612704  -  ResidentSetSize of job (KB)
...
040 (15159756.080.000) 10/09 11:28:36 Started transferring output files
...
040 (15159756.080.000) 10/09 11:28:36 Finished transferring output files
...
005 (15159756.080.000) 10/09 11:28:36 Job terminated.
	(1) Normal termination (return value 0)
		Usr 0 00:11:02, Sys 0 00:00:11  -  Run Remote Usage
		Usr 0 00:00:00, Sys 0 00:00:00  -  Run Local Usage
		Usr 0 00:11:02, Sys 0 00:00:11  -  Total Remote Usage
		Usr 0 00:00:00, Sys 0 00:00:00  -  Total Local Usage
	166497  -  Run Bytes Sent By Job
	269  -  Run Bytes Received By Job
	166497  -  Total Bytes Sent By Job
	269  -  Total Bytes Received By Job
	Partitionable Resources :    Usage  Request Allocated 
	   Cpus                 :     0.97        1         1 
	   Disk (KB)            :   184           1   3077706 
	   Memory (MB)          :   599        2000      2000 

	Job terminated of its own accord at 2023-10-09T09:28:36Z.
...
