000 (15153696.105.000) 10/03 22:27:19 Job submitted from host: <188.184.90.241:9618?addrs=188.184.90.241-9618+[2001-1458-201-e4--100-2eb]-9618&alias=bigbird15.cern.ch&noUDP&sock=schedd_2763_c443>
...
040 (15153696.105.000) 10/03 22:30:54 Started transferring input files
	Transferring to host: <188.184.162.142:9618?addrs=188.184.162.142-9618+[2001-1458-301-4a--100-88]-9618&alias=b7s11p5218.cern.ch&noUDP&sock=slot1_16_123233_8bec_224818>
...
040 (15153696.105.000) 10/03 22:30:54 Finished transferring input files
...
001 (15153696.105.000) 10/03 22:30:55 Job executing on host: <188.184.162.142:9618?addrs=188.184.162.142-9618+[2001-1458-301-4a--100-88]-9618&alias=b7s11p5218.cern.ch&noUDP&sock=startd_28727_e93b>
...
006 (15153696.105.000) 10/03 22:31:04 Image size of job updated: 911364
	121  -  MemoryUsage of job (MB)
	123536  -  ResidentSetSize of job (KB)
...
006 (15153696.105.000) 10/03 22:34:05 Image size of job updated: 922820
	121  -  MemoryUsage of job (MB)
	123536  -  ResidentSetSize of job (KB)
...
040 (15153696.105.000) 10/03 22:34:05 Started transferring output files
...
040 (15153696.105.000) 10/03 22:34:05 Finished transferring output files
...
005 (15153696.105.000) 10/03 22:34:05 Job terminated.
	(1) Normal termination (return value 0)
		Usr 0 00:00:14, Sys 0 00:00:00  -  Run Remote Usage
		Usr 0 00:00:00, Sys 0 00:00:00  -  Run Local Usage
		Usr 0 00:00:14, Sys 0 00:00:00  -  Total Remote Usage
		Usr 0 00:00:00, Sys 0 00:00:00  -  Total Local Usage
	7937  -  Run Bytes Sent By Job
	374  -  Run Bytes Received By Job
	7937  -  Total Bytes Sent By Job
	374  -  Total Bytes Received By Job
	Partitionable Resources :    Usage  Request Allocated 
	   Cpus                 :     0.04        1         1 
	   Disk (KB)            :    29           1   3005462 
	   Memory (MB)          :   121        2000      2000 

	Job terminated of its own accord at 2023-10-03T20:34:05Z.
...
