000 (14832095.214.000) 06/12 15:17:58 Job submitted from host: <188.184.90.241:9618?addrs=188.184.90.241-9618+[2001-1458-201-e4--100-2eb]-9618&alias=bigbird15.cern.ch&noUDP&sock=schedd_1460210_2ef4>
...
040 (14832095.214.000) 06/12 15:20:52 Started transferring input files
	Transferring to host: <128.142.137.170:9618?addrs=128.142.137.170-9618+[2001-1458-301-5e--100-9e]-9618&alias=b7g19p7437.cern.ch&noUDP&sock=slot1_38_4240_36a5_60162>
...
040 (14832095.214.000) 06/12 15:20:52 Finished transferring input files
...
001 (14832095.214.000) 06/12 15:20:53 Job executing on host: <128.142.137.170:9618?addrs=128.142.137.170-9618+[2001-1458-301-5e--100-9e]-9618&alias=b7g19p7437.cern.ch&noUDP&sock=startd_3160_135d>
...
006 (14832095.214.000) 06/12 15:21:01 Image size of job updated: 538076
	36  -  MemoryUsage of job (MB)
	36052  -  ResidentSetSize of job (KB)
...
006 (14832095.214.000) 06/12 15:26:01 Image size of job updated: 1175432
	623  -  MemoryUsage of job (MB)
	637028  -  ResidentSetSize of job (KB)
...
006 (14832095.214.000) 06/12 15:31:02 Image size of job updated: 1600488
	1012  -  MemoryUsage of job (MB)
	1035848  -  ResidentSetSize of job (KB)
...
006 (14832095.214.000) 06/12 15:36:02 Image size of job updated: 1625488
	1012  -  MemoryUsage of job (MB)
	1035848  -  ResidentSetSize of job (KB)
...
006 (14832095.214.000) 06/12 15:51:03 Image size of job updated: 4030024
	1012  -  MemoryUsage of job (MB)
	1035848  -  ResidentSetSize of job (KB)
...
006 (14832095.214.000) 06/12 15:56:03 Image size of job updated: 4030028
	1012  -  MemoryUsage of job (MB)
	1035848  -  ResidentSetSize of job (KB)
...
006 (14832095.214.000) 06/12 16:01:05 Image size of job updated: 4078684
	1012  -  MemoryUsage of job (MB)
	1035848  -  ResidentSetSize of job (KB)
...
006 (14832095.214.000) 06/12 16:06:05 Image size of job updated: 4312832
	1012  -  MemoryUsage of job (MB)
	1035848  -  ResidentSetSize of job (KB)
...
006 (14832095.214.000) 06/12 16:11:05 Image size of job updated: 4323068
	1012  -  MemoryUsage of job (MB)
	1035848  -  ResidentSetSize of job (KB)
...
006 (14832095.214.000) 06/12 16:16:06 Image size of job updated: 4383944
	1012  -  MemoryUsage of job (MB)
	1035848  -  ResidentSetSize of job (KB)
...
006 (14832095.214.000) 06/12 16:20:47 Image size of job updated: 4405216
	1012  -  MemoryUsage of job (MB)
	1035848  -  ResidentSetSize of job (KB)
...
040 (14832095.214.000) 06/12 16:20:47 Started transferring output files
...
040 (14832095.214.000) 06/12 16:20:47 Finished transferring output files
...
005 (14832095.214.000) 06/12 16:20:47 Job terminated.
	(1) Normal termination (return value 0)
		Usr 0 00:12:36, Sys 0 00:00:33  -  Run Remote Usage
		Usr 0 00:00:00, Sys 0 00:00:00  -  Run Local Usage
		Usr 0 00:12:36, Sys 0 00:00:33  -  Total Remote Usage
		Usr 0 00:00:00, Sys 0 00:00:00  -  Total Local Usage
	108806  -  Run Bytes Sent By Job
	323  -  Run Bytes Received By Job
	108806  -  Total Bytes Sent By Job
	323  -  Total Bytes Received By Job
	Partitionable Resources :    Usage  Request Allocated 
	   Cpus                 :     0.07        1         1 
	   Disk (KB)            :   127           1   1635017 
	   Memory (MB)          :  1012        2000      2000 

	Job terminated of its own accord at 2023-06-12T14:20:47Z.
...
