000 (15159766.147.000) 10/09 11:47:57 Job submitted from host: <188.184.90.241:9618?addrs=188.184.90.241-9618+[2001-1458-201-e4--100-2eb]-9618&alias=bigbird15.cern.ch&noUDP&sock=schedd_2763_c443>
...
040 (15159766.147.000) 10/09 14:25:05 Started transferring input files
	Transferring to host: <128.142.60.82:9618?addrs=128.142.60.82-9618&alias=b7s05p9435.cern.ch&noUDP&sock=slot1_15_3332_7201_95123>
...
040 (15159766.147.000) 10/09 14:25:05 Finished transferring input files
...
001 (15159766.147.000) 10/09 14:25:06 Job executing on host: <128.142.60.82:9618?addrs=128.142.60.82-9618&alias=b7s05p9435.cern.ch&noUDP&sock=startd_2688_52a9>
...
006 (15159766.147.000) 10/09 14:25:15 Image size of job updated: 123580
	121  -  MemoryUsage of job (MB)
	123580  -  ResidentSetSize of job (KB)
...
006 (15159766.147.000) 10/09 14:29:08 Image size of job updated: 922900
	121  -  MemoryUsage of job (MB)
	123580  -  ResidentSetSize of job (KB)
...
040 (15159766.147.000) 10/09 14:29:08 Started transferring output files
...
040 (15159766.147.000) 10/09 14:29:08 Finished transferring output files
...
005 (15159766.147.000) 10/09 14:29:08 Job terminated.
	(1) Normal termination (return value 0)
		Usr 0 00:00:11, Sys 0 00:00:00  -  Run Remote Usage
		Usr 0 00:00:00, Sys 0 00:00:00  -  Run Local Usage
		Usr 0 00:00:11, Sys 0 00:00:00  -  Total Remote Usage
		Usr 0 00:00:00, Sys 0 00:00:00  -  Total Local Usage
	7885  -  Run Bytes Sent By Job
	374  -  Run Bytes Received By Job
	7885  -  Total Bytes Sent By Job
	374  -  Total Bytes Received By Job
	Partitionable Resources :    Usage  Request Allocated 
	   Cpus                 :                 1         1 
	   Disk (KB)            :       21        1   1219410 
	   Memory (MB)          :      121     2000      2000 

	Job terminated of its own accord at 2023-10-09T12:29:08Z.
...
