000 (15271413.112.000) 12/18 14:02:23 Job submitted from host: <188.184.90.241:9618?addrs=188.184.90.241-9618+[2001-1458-201-e4--100-2eb]-9618&alias=bigbird15.cern.ch&noUDP&sock=schedd_2763_c443>
...
040 (15271413.112.000) 12/18 14:07:00 Started transferring input files
	Transferring to host: <188.184.162.79:9618?addrs=188.184.162.79-9618+[2001-1458-301-4a--100-49]-9618&alias=b9s11p6497.cern.ch&noUDP&sock=slot1_40_123900_8227_31183>
...
040 (15271413.112.000) 12/18 14:07:01 Finished transferring input files
...
001 (15271413.112.000) 12/18 14:07:02 Job executing on host: <188.184.162.79:9618?addrs=188.184.162.79-9618+[2001-1458-301-4a--100-49]-9618&alias=b9s11p6497.cern.ch&noUDP&sock=startd_113962_0811>
...
006 (15271413.112.000) 12/18 14:07:10 Image size of job updated: 83164
	82  -  MemoryUsage of job (MB)
	83164  -  ResidentSetSize of job (KB)
...
006 (15271413.112.000) 12/18 14:12:10 Image size of job updated: 426388
	417  -  MemoryUsage of job (MB)
	426388  -  ResidentSetSize of job (KB)
...
006 (15271413.112.000) 12/18 14:17:10 Image size of job updated: 1682832
	1644  -  MemoryUsage of job (MB)
	1682832  -  ResidentSetSize of job (KB)
...
040 (15271413.112.000) 12/18 14:19:32 Started transferring output files
...
040 (15271413.112.000) 12/18 14:19:32 Finished transferring output files
...
005 (15271413.112.000) 12/18 14:19:33 Job terminated.
	(1) Normal termination (return value 0)
		Usr 0 00:10:44, Sys 0 00:00:09  -  Run Remote Usage
		Usr 0 00:00:00, Sys 0 00:00:00  -  Run Local Usage
		Usr 0 00:10:44, Sys 0 00:00:09  -  Total Remote Usage
		Usr 0 00:00:00, Sys 0 00:00:00  -  Total Local Usage
	156153  -  Run Bytes Sent By Job
	269  -  Run Bytes Received By Job
	156153  -  Total Bytes Sent By Job
	269  -  Total Bytes Received By Job
	Partitionable Resources :    Usage  Request Allocated 
	   Cpus                 :     0.90        1         1 
	   Disk (KB)            :   196           1   2930742 
	   Memory (MB)          :  1644        2000      2000 

	Job terminated of its own accord at 2023-12-18T13:19:32Z.
...
