000 (15159743.056.000) 10/09 07:56:33 Job submitted from host: <188.184.90.241:9618?addrs=188.184.90.241-9618+[2001-1458-201-e4--100-2eb]-9618&alias=bigbird15.cern.ch&noUDP&sock=schedd_2763_c443>
...
040 (15159743.056.000) 10/09 08:09:54 Started transferring input files
	Transferring to host: <128.142.137.206:9618?addrs=128.142.137.206-9618+[2001-1458-301-5e--100-c2]-9618&alias=b7g19p8821.cern.ch&noUDP&sock=slot1_26_12647_b49b_108881>
...
040 (15159743.056.000) 10/09 08:09:54 Finished transferring input files
...
001 (15159743.056.000) 10/09 08:09:55 Job executing on host: <128.142.137.206:9618?addrs=128.142.137.206-9618+[2001-1458-301-5e--100-c2]-9618&alias=b7g19p8821.cern.ch&noUDP&sock=startd_12607_ee8f>
...
006 (15159743.056.000) 10/09 08:10:04 Image size of job updated: 96548
	55  -  MemoryUsage of job (MB)
	55404  -  ResidentSetSize of job (KB)
...
006 (15159743.056.000) 10/09 08:15:04 Image size of job updated: 3404780
	2714  -  MemoryUsage of job (MB)
	2779024  -  ResidentSetSize of job (KB)
...
006 (15159743.056.000) 10/09 08:15:26 Image size of job updated: 3405372
	2714  -  MemoryUsage of job (MB)
	2779024  -  ResidentSetSize of job (KB)
...
040 (15159743.056.000) 10/09 08:15:26 Started transferring output files
...
040 (15159743.056.000) 10/09 08:15:26 Finished transferring output files
...
005 (15159743.056.000) 10/09 08:15:26 Job terminated.
	(1) Normal termination (return value 0)
		Usr 0 00:04:26, Sys 0 00:00:06  -  Run Remote Usage
		Usr 0 00:00:00, Sys 0 00:00:00  -  Run Local Usage
		Usr 0 00:04:26, Sys 0 00:00:06  -  Total Remote Usage
		Usr 0 00:00:00, Sys 0 00:00:00  -  Total Local Usage
	114687  -  Run Bytes Sent By Job
	269  -  Run Bytes Received By Job
	114687  -  Total Bytes Sent By Job
	269  -  Total Bytes Received By Job
	Partitionable Resources :    Usage  Request Allocated 
	   Cpus                 :     0.97        1         1 
	   Disk (KB)            :   133           1   1685313 
	   Memory (MB)          :  2714        2000      2000 

	Job terminated of its own accord at 2023-10-09T06:15:26Z.
...
