000 (15150662.071.000) 09/28 15:49:40 Job submitted from host: <188.184.90.241:9618?addrs=188.184.90.241-9618+[2001-1458-201-e4--100-2eb]-9618&alias=bigbird15.cern.ch&noUDP&sock=schedd_2763_c443>
...
040 (15150662.071.000) 09/28 16:01:12 Started transferring input files
	Transferring to host: <188.184.160.132:9618?addrs=188.184.160.132-9618+[2001-1458-301-48--100-7e]-9618&alias=b7s09p7335.cern.ch&noUDP&sock=slot1_15_122863_d91d_216947>
...
040 (15150662.071.000) 09/28 16:01:12 Finished transferring input files
...
001 (15150662.071.000) 09/28 16:01:13 Job executing on host: <188.184.160.132:9618?addrs=188.184.160.132-9618+[2001-1458-301-48--100-7e]-9618&alias=b7s09p7335.cern.ch&noUDP&sock=startd_28606_ea46>
...
006 (15150662.071.000) 09/28 16:01:22 Image size of job updated: 665288
	121  -  MemoryUsage of job (MB)
	123828  -  ResidentSetSize of job (KB)
...
006 (15150662.071.000) 09/28 16:04:47 Image size of job updated: 922772
	121  -  MemoryUsage of job (MB)
	123828  -  ResidentSetSize of job (KB)
...
040 (15150662.071.000) 09/28 16:04:47 Started transferring output files
...
040 (15150662.071.000) 09/28 16:04:47 Finished transferring output files
...
005 (15150662.071.000) 09/28 16:04:47 Job terminated.
	(1) Normal termination (return value 0)
		Usr 0 00:00:12, Sys 0 00:00:00  -  Run Remote Usage
		Usr 0 00:00:00, Sys 0 00:00:00  -  Run Local Usage
		Usr 0 00:00:12, Sys 0 00:00:00  -  Total Remote Usage
		Usr 0 00:00:00, Sys 0 00:00:00  -  Total Local Usage
	7960  -  Run Bytes Sent By Job
	374  -  Run Bytes Received By Job
	7960  -  Total Bytes Sent By Job
	374  -  Total Bytes Received By Job
	Partitionable Resources :    Usage  Request Allocated 
	   Cpus                 :                 1         1 
	   Disk (KB)            :       22        1   3091728 
	   Memory (MB)          :      121     2000      2000 

	Job terminated of its own accord at 2023-09-28T14:04:47Z.
...
