000 (15150654.150.000) 09/28 14:27:13 Job submitted from host: <188.184.90.241:9618?addrs=188.184.90.241-9618+[2001-1458-201-e4--100-2eb]-9618&alias=bigbird15.cern.ch&noUDP&sock=schedd_2763_c443>
...
040 (15150654.150.000) 09/28 14:46:45 Started transferring input files
	Transferring to host: <128.142.59.38:9618?addrs=128.142.59.38-9618+[2001-1458-301-21--100-25]-9618&alias=b7s04p0780.cern.ch&noUDP&sock=slot1_9_8273_d3a9_209465>
...
040 (15150654.150.000) 09/28 14:46:45 Finished transferring input files
...
001 (15150654.150.000) 09/28 14:46:46 Job executing on host: <128.142.59.38:9618?addrs=128.142.59.38-9618+[2001-1458-301-21--100-25]-9618&alias=b7s04p0780.cern.ch&noUDP&sock=startd_6618_f9dc>
...
006 (15150654.150.000) 09/28 14:46:54 Image size of job updated: 744304
	120  -  MemoryUsage of job (MB)
	122544  -  ResidentSetSize of job (KB)
...
006 (15150654.150.000) 09/28 14:50:39 Image size of job updated: 920892
	120  -  MemoryUsage of job (MB)
	122544  -  ResidentSetSize of job (KB)
...
040 (15150654.150.000) 09/28 14:50:39 Started transferring output files
...
040 (15150654.150.000) 09/28 14:50:39 Finished transferring output files
...
005 (15150654.150.000) 09/28 14:50:39 Job terminated.
	(1) Normal termination (return value 0)
		Usr 0 00:00:07, Sys 0 00:00:00  -  Run Remote Usage
		Usr 0 00:00:00, Sys 0 00:00:00  -  Run Local Usage
		Usr 0 00:00:07, Sys 0 00:00:00  -  Total Remote Usage
		Usr 0 00:00:00, Sys 0 00:00:00  -  Total Local Usage
	7890  -  Run Bytes Sent By Job
	374  -  Run Bytes Received By Job
	7890  -  Total Bytes Sent By Job
	374  -  Total Bytes Received By Job
	Partitionable Resources :    Usage  Request Allocated 
	   Cpus                 :                 1         1 
	   Disk (KB)            :       22        1   1374489 
	   Memory (MB)          :      120     2000      2000 

	Job terminated of its own accord at 2023-09-28T12:50:39Z.
...
