000 (15159756.066.000) 10/09 09:27:44 Job submitted from host: <188.184.90.241:9618?addrs=188.184.90.241-9618+[2001-1458-201-e4--100-2eb]-9618&alias=bigbird15.cern.ch&noUDP&sock=schedd_2763_c443>
...
040 (15159756.066.000) 10/09 11:15:05 Started transferring input files
	Transferring to host: <188.184.162.49:9618?addrs=188.184.162.49-9618+[2001-1458-301-4a--100-2b]-9618&alias=b7s11p6275.cern.ch&noUDP&sock=slot1_15_278610_b2fb_207570>
...
040 (15159756.066.000) 10/09 11:15:05 Finished transferring input files
...
001 (15159756.066.000) 10/09 11:15:06 Job executing on host: <188.184.162.49:9618?addrs=188.184.162.49-9618+[2001-1458-301-4a--100-2b]-9618&alias=b7s11p6275.cern.ch&noUDP&sock=startd_278555_23a6>
...
006 (15159756.066.000) 10/09 11:15:15 Image size of job updated: 538092
	59  -  MemoryUsage of job (MB)
	59864  -  ResidentSetSize of job (KB)
...
006 (15159756.066.000) 10/09 11:20:16 Image size of job updated: 953156
	433  -  MemoryUsage of job (MB)
	443092  -  ResidentSetSize of job (KB)
...
006 (15159756.066.000) 10/09 11:25:16 Image size of job updated: 2072676
	1987  -  MemoryUsage of job (MB)
	2034288  -  ResidentSetSize of job (KB)
...
006 (15159756.066.000) 10/09 11:27:37 Image size of job updated: 3400232
	1987  -  MemoryUsage of job (MB)
	2034288  -  ResidentSetSize of job (KB)
...
040 (15159756.066.000) 10/09 11:27:37 Started transferring output files
...
040 (15159756.066.000) 10/09 11:27:37 Finished transferring output files
...
005 (15159756.066.000) 10/09 11:27:37 Job terminated.
	(1) Normal termination (return value 0)
		Usr 0 00:11:00, Sys 0 00:00:11  -  Run Remote Usage
		Usr 0 00:00:00, Sys 0 00:00:00  -  Run Local Usage
		Usr 0 00:11:00, Sys 0 00:00:11  -  Total Remote Usage
		Usr 0 00:00:00, Sys 0 00:00:00  -  Total Local Usage
	165849  -  Run Bytes Sent By Job
	269  -  Run Bytes Received By Job
	165849  -  Total Bytes Sent By Job
	269  -  Total Bytes Received By Job
	Partitionable Resources :    Usage  Request Allocated 
	   Cpus                 :     0.43        1         1 
	   Disk (KB)            :   183           1   3019809 
	   Memory (MB)          :  1987        2000      2000 

	Job terminated of its own accord at 2023-10-09T09:27:37Z.
...
