000 (15159766.105.000) 10/09 11:47:56 Job submitted from host: <188.184.90.241:9618?addrs=188.184.90.241-9618+[2001-1458-201-e4--100-2eb]-9618&alias=bigbird15.cern.ch&noUDP&sock=schedd_2763_c443>
...
040 (15159766.105.000) 10/09 14:24:52 Started transferring input files
	Transferring to host: <128.142.132.109:9618?addrs=128.142.132.109-9618+[2001-1458-301-5a--100-61]-9618&alias=b7g12p4952.cern.ch&noUDP&sock=slot1_17_5681_8740_199202>
...
040 (15159766.105.000) 10/09 14:24:52 Finished transferring input files
...
001 (15159766.105.000) 10/09 14:24:53 Job executing on host: <128.142.132.109:9618?addrs=128.142.132.109-9618+[2001-1458-301-5a--100-61]-9618&alias=b7g12p4952.cern.ch&noUDP&sock=startd_4873_0d18>
...
006 (15159766.105.000) 10/09 14:25:01 Image size of job updated: 122940
	120  -  MemoryUsage of job (MB)
	122700  -  ResidentSetSize of job (KB)
...
006 (15159766.105.000) 10/09 14:29:41 Image size of job updated: 922944
	120  -  MemoryUsage of job (MB)
	122704  -  ResidentSetSize of job (KB)
...
040 (15159766.105.000) 10/09 14:29:41 Started transferring output files
...
040 (15159766.105.000) 10/09 14:29:41 Finished transferring output files
...
005 (15159766.105.000) 10/09 14:29:41 Job terminated.
	(1) Normal termination (return value 0)
		Usr 0 00:00:15, Sys 0 00:00:01  -  Run Remote Usage
		Usr 0 00:00:00, Sys 0 00:00:00  -  Run Local Usage
		Usr 0 00:00:15, Sys 0 00:00:01  -  Total Remote Usage
		Usr 0 00:00:00, Sys 0 00:00:00  -  Total Local Usage
	10604  -  Run Bytes Sent By Job
	374  -  Run Bytes Received By Job
	10604  -  Total Bytes Sent By Job
	374  -  Total Bytes Received By Job
	Partitionable Resources :    Usage  Request Allocated 
	   Cpus                 :                 1         1 
	   Disk (KB)            :       24        1   1677311 
	   Memory (MB)          :      120     2000      2000 

	Job terminated of its own accord at 2023-10-09T12:29:41Z.
...
