000 (15271413.110.000) 12/18 14:02:23 Job submitted from host: <188.184.90.241:9618?addrs=188.184.90.241-9618+[2001-1458-201-e4--100-2eb]-9618&alias=bigbird15.cern.ch&noUDP&sock=schedd_2763_c443>
...
040 (15271413.110.000) 12/18 14:06:27 Started transferring input files
	Transferring to host: <128.142.61.103:9618?addrs=128.142.61.103-9618+[2001-1458-301-23--100-66]-9618&alias=b9s06p3985.cern.ch&noUDP&sock=slot1_10_127491_b159_6489>
...
040 (15271413.110.000) 12/18 14:06:27 Finished transferring input files
...
001 (15271413.110.000) 12/18 14:06:28 Job executing on host: <128.142.61.103:9618?addrs=128.142.61.103-9618+[2001-1458-301-23--100-66]-9618&alias=b9s06p3985.cern.ch&noUDP&sock=startd_112874_c107>
...
006 (15271413.110.000) 12/18 14:06:36 Image size of job updated: 105592
	83  -  MemoryUsage of job (MB)
	84568  -  ResidentSetSize of job (KB)
...
006 (15271413.110.000) 12/18 14:11:36 Image size of job updated: 604200
	590  -  MemoryUsage of job (MB)
	603932  -  ResidentSetSize of job (KB)
...
006 (15271413.110.000) 12/18 14:16:37 Image size of job updated: 2978240
	2908  -  MemoryUsage of job (MB)
	2977200  -  ResidentSetSize of job (KB)
...
006 (15271413.110.000) 12/18 14:17:03 Image size of job updated: 2979216
	2908  -  MemoryUsage of job (MB)
	2977200  -  ResidentSetSize of job (KB)
...
040 (15271413.110.000) 12/18 14:17:03 Started transferring output files
...
040 (15271413.110.000) 12/18 14:17:03 Finished transferring output files
...
005 (15271413.110.000) 12/18 14:17:03 Job terminated.
	(1) Normal termination (return value 0)
		Usr 0 00:08:49, Sys 0 00:00:06  -  Run Remote Usage
		Usr 0 00:00:00, Sys 0 00:00:00  -  Run Local Usage
		Usr 0 00:08:49, Sys 0 00:00:06  -  Total Remote Usage
		Usr 0 00:00:00, Sys 0 00:00:00  -  Total Local Usage
	186075  -  Run Bytes Sent By Job
	269  -  Run Bytes Received By Job
	186075  -  Total Bytes Sent By Job
	269  -  Total Bytes Received By Job
	Partitionable Resources :    Usage  Request Allocated 
	   Cpus                 :     0.94        1         1 
	   Disk (KB)            :   226           1   3023003 
	   Memory (MB)          :  2908        2000      2000 

	Job terminated of its own accord at 2023-12-18T13:17:03Z.
...
