000 (14807383.025.000) 05/15 18:20:36 Job submitted from host: <188.184.90.241:9618?addrs=188.184.90.241-9618+[2001-1458-201-e4--100-2eb]-9618&alias=bigbird15.cern.ch&noUDP&sock=schedd_3273_9590>
...
040 (14807383.025.000) 05/15 18:34:11 Started transferring input files
	Transferring to host: <128.142.196.65:9618?addrs=128.142.196.65-9618+[2001-1458-301-3c--100-3f]-9618&alias=b7g32p3881.cern.ch&noUDP&sock=slot1_7_4332_0929_38153>
...
040 (14807383.025.000) 05/15 18:34:11 Finished transferring input files
...
001 (14807383.025.000) 05/15 18:34:12 Job executing on host: <128.142.196.65:9618?addrs=128.142.196.65-9618+[2001-1458-301-3c--100-3f]-9618&alias=b7g32p3881.cern.ch&noUDP&sock=startd_3014_ee89>
...
006 (14807383.025.000) 05/15 18:34:21 Image size of job updated: 554136
	47  -  MemoryUsage of job (MB)
	47688  -  ResidentSetSize of job (KB)
...
006 (14807383.025.000) 05/15 18:39:22 Image size of job updated: 1880672
	1322  -  MemoryUsage of job (MB)
	1353232  -  ResidentSetSize of job (KB)
...
006 (14807383.025.000) 05/15 18:44:22 Image size of job updated: 1905668
	1322  -  MemoryUsage of job (MB)
	1353232  -  ResidentSetSize of job (KB)
...
006 (14807383.025.000) 05/15 18:49:22 Image size of job updated: 4325436
	1322  -  MemoryUsage of job (MB)
	1353232  -  ResidentSetSize of job (KB)
...
006 (14807383.025.000) 05/15 18:54:23 Image size of job updated: 4392652
	1322  -  MemoryUsage of job (MB)
	1353232  -  ResidentSetSize of job (KB)
...
006 (14807383.025.000) 05/15 18:58:13 Image size of job updated: 4423316
	1322  -  MemoryUsage of job (MB)
	1353232  -  ResidentSetSize of job (KB)
...
040 (14807383.025.000) 05/15 18:58:14 Started transferring output files
...
040 (14807383.025.000) 05/15 18:58:14 Finished transferring output files
...
005 (14807383.025.000) 05/15 18:58:14 Job terminated.
	(1) Normal termination (return value 0)
		Usr 0 00:07:43, Sys 0 00:00:34  -  Run Remote Usage
		Usr 0 00:00:00, Sys 0 00:00:00  -  Run Local Usage
		Usr 0 00:07:43, Sys 0 00:00:34  -  Total Remote Usage
		Usr 0 00:00:00, Sys 0 00:00:00  -  Total Local Usage
	121037  -  Run Bytes Sent By Job
	323  -  Run Bytes Received By Job
	121037  -  Total Bytes Sent By Job
	323  -  Total Bytes Received By Job
	Partitionable Resources :    Usage  Request Allocated 
	   Cpus                 :     0.00        1         1 
	   Disk (KB)            :   139           1   2897769 
	   Memory (MB)          :  1322        2000      2000 

	Job terminated of its own accord at 2023-05-15T16:58:13Z.
...
