000 (15151321.097.000) 10/02 14:58:31 Job submitted from host: <188.184.90.241:9618?addrs=188.184.90.241-9618+[2001-1458-201-e4--100-2eb]-9618&alias=bigbird15.cern.ch&noUDP&sock=schedd_2763_c443>
...
040 (15151321.097.000) 10/02 15:16:56 Started transferring input files
	Transferring to host: <188.184.163.148:9618?addrs=188.184.163.148-9618+[2001-1458-301-4d--100-8e]-9618&alias=b7s12p8607.cern.ch&noUDP&sock=slot1_13_3842_c955_214216>
...
040 (15151321.097.000) 10/02 15:16:56 Finished transferring input files
...
001 (15151321.097.000) 10/02 15:16:57 Job executing on host: <188.184.163.148:9618?addrs=188.184.163.148-9618+[2001-1458-301-4d--100-8e]-9618&alias=b7s12p8607.cern.ch&noUDP&sock=startd_3226_589d>
...
006 (15151321.097.000) 10/02 15:17:06 Image size of job updated: 911080
	121  -  MemoryUsage of job (MB)
	123276  -  ResidentSetSize of job (KB)
...
006 (15151321.097.000) 10/02 15:18:47 Image size of job updated: 922948
	121  -  MemoryUsage of job (MB)
	123276  -  ResidentSetSize of job (KB)
...
040 (15151321.097.000) 10/02 15:18:47 Started transferring output files
...
040 (15151321.097.000) 10/02 15:18:47 Finished transferring output files
...
005 (15151321.097.000) 10/02 15:18:47 Job terminated.
	(1) Normal termination (return value 0)
		Usr 0 00:00:15, Sys 0 00:00:01  -  Run Remote Usage
		Usr 0 00:00:00, Sys 0 00:00:00  -  Run Local Usage
		Usr 0 00:00:15, Sys 0 00:00:01  -  Total Remote Usage
		Usr 0 00:00:00, Sys 0 00:00:00  -  Total Local Usage
	7938  -  Run Bytes Sent By Job
	374  -  Run Bytes Received By Job
	7938  -  Total Bytes Sent By Job
	374  -  Total Bytes Received By Job
	Partitionable Resources :    Usage  Request Allocated 
	   Cpus                 :                 1         1 
	   Disk (KB)            :       23        1   3022316 
	   Memory (MB)          :      121     2000      2000 

	Job terminated of its own accord at 2023-10-02T13:18:47Z.
...
