000 (15149098.009.000) 09/27 08:23:39 Job submitted from host: <188.184.90.241:9618?addrs=188.184.90.241-9618+[2001-1458-201-e4--100-2eb]-9618&alias=bigbird15.cern.ch&noUDP&sock=schedd_2763_c443>
...
040 (15149098.009.000) 09/27 08:33:39 Started transferring input files
	Transferring to host: <188.184.162.105:9618?addrs=188.184.162.105-9618+[2001-1458-301-4a--100-63]-9618&alias=b7s11p8419.cern.ch&noUDP&sock=slot1_31_164513_0a7b_56951>
...
040 (15149098.009.000) 09/27 08:33:39 Finished transferring input files
...
001 (15149098.009.000) 09/27 08:33:40 Job executing on host: <188.184.162.105:9618?addrs=188.184.162.105-9618+[2001-1458-301-4a--100-63]-9618&alias=b7s11p8419.cern.ch&noUDP&sock=startd_164475_bf7f>
...
006 (15149098.009.000) 09/27 08:33:49 Image size of job updated: 685384
	60  -  MemoryUsage of job (MB)
	60892  -  ResidentSetSize of job (KB)
...
006 (15149098.009.000) 09/27 08:33:56 Image size of job updated: 1382212
	60  -  MemoryUsage of job (MB)
	60892  -  ResidentSetSize of job (KB)
...
040 (15149098.009.000) 09/27 08:33:56 Started transferring output files
...
040 (15149098.009.000) 09/27 08:33:56 Finished transferring output files
...
005 (15149098.009.000) 09/27 08:33:56 Job terminated.
	(1) Normal termination (return value 0)
		Usr 0 00:00:04, Sys 0 00:00:02  -  Run Remote Usage
		Usr 0 00:00:00, Sys 0 00:00:00  -  Run Local Usage
		Usr 0 00:00:04, Sys 0 00:00:02  -  Total Remote Usage
		Usr 0 00:00:00, Sys 0 00:00:00  -  Total Local Usage
	22867  -  Run Bytes Sent By Job
	323  -  Run Bytes Received By Job
	22867  -  Total Bytes Sent By Job
	323  -  Total Bytes Received By Job
	Partitionable Resources :    Usage  Request Allocated 
	   Cpus                 :                 1         1 
	   Disk (KB)            :       36        1   3141662 
	   Memory (MB)          :       60     2000      2000 

	Job terminated of its own accord at 2023-09-27T06:33:56Z.
...
