000 (15150662.161.000) 09/28 15:49:40 Job submitted from host: <188.184.90.241:9618?addrs=188.184.90.241-9618+[2001-1458-201-e4--100-2eb]-9618&alias=bigbird15.cern.ch&noUDP&sock=schedd_2763_c443>
...
040 (15150662.161.000) 09/28 16:01:41 Started transferring input files
	Transferring to host: <128.142.60.18:9618?addrs=128.142.60.18-9618+[2001-1458-301-22--100-11]-9618&alias=b7s05p7905.cern.ch&noUDP&sock=slot1_22_48062_c6dc_196014>
...
040 (15150662.161.000) 09/28 16:01:41 Finished transferring input files
...
001 (15150662.161.000) 09/28 16:01:42 Job executing on host: <128.142.60.18:9618?addrs=128.142.60.18-9618+[2001-1458-301-22--100-11]-9618&alias=b7s05p7905.cern.ch&noUDP&sock=startd_2801_d4dd>
...
006 (15150662.161.000) 09/28 16:01:51 Image size of job updated: 911296
	121  -  MemoryUsage of job (MB)
	123388  -  ResidentSetSize of job (KB)
...
006 (15150662.161.000) 09/28 16:05:56 Image size of job updated: 923108
	121  -  MemoryUsage of job (MB)
	123388  -  ResidentSetSize of job (KB)
...
040 (15150662.161.000) 09/28 16:05:56 Started transferring output files
...
040 (15150662.161.000) 09/28 16:05:56 Finished transferring output files
...
005 (15150662.161.000) 09/28 16:05:56 Job terminated.
	(1) Normal termination (return value 0)
		Usr 0 00:00:09, Sys 0 00:00:00  -  Run Remote Usage
		Usr 0 00:00:00, Sys 0 00:00:00  -  Run Local Usage
		Usr 0 00:00:09, Sys 0 00:00:00  -  Total Remote Usage
		Usr 0 00:00:00, Sys 0 00:00:00  -  Total Local Usage
	8020  -  Run Bytes Sent By Job
	374  -  Run Bytes Received By Job
	8020  -  Total Bytes Sent By Job
	374  -  Total Bytes Received By Job
	Partitionable Resources :    Usage  Request Allocated 
	   Cpus                 :        0        1         1 
	   Disk (KB)            :       29        1   1356411 
	   Memory (MB)          :      121     2000      2000 

	Job terminated of its own accord at 2023-09-28T14:05:56Z.
...
