000 (15159743.033.000) 10/09 07:56:33 Job submitted from host: <188.184.90.241:9618?addrs=188.184.90.241-9618+[2001-1458-201-e4--100-2eb]-9618&alias=bigbird15.cern.ch&noUDP&sock=schedd_2763_c443>
...
040 (15159743.033.000) 10/09 08:09:46 Started transferring input files
	Transferring to host: <128.142.137.202:9618?addrs=128.142.137.202-9618+[2001-1458-301-5e--100-be]-9618&alias=b7g19p1591.cern.ch&noUDP&sock=slot1_30_3190_64bb_6746>
...
040 (15159743.033.000) 10/09 08:09:46 Finished transferring input files
...
001 (15159743.033.000) 10/09 08:09:47 Job executing on host: <128.142.137.202:9618?addrs=128.142.137.202-9618+[2001-1458-301-5e--100-be]-9618&alias=b7g19p1591.cern.ch&noUDP&sock=startd_2693_c0a2>
...
006 (15159743.033.000) 10/09 08:09:56 Image size of job updated: 53176
	51  -  MemoryUsage of job (MB)
	52172  -  ResidentSetSize of job (KB)
...
006 (15159743.033.000) 10/09 08:14:57 Image size of job updated: 783828
	267  -  MemoryUsage of job (MB)
	273160  -  ResidentSetSize of job (KB)
...
006 (15159743.033.000) 10/09 08:19:58 Image size of job updated: 1107372
	583  -  MemoryUsage of job (MB)
	596632  -  ResidentSetSize of job (KB)
...
006 (15159743.033.000) 10/09 08:24:58 Image size of job updated: 1345516
	839  -  MemoryUsage of job (MB)
	858424  -  ResidentSetSize of job (KB)
...
006 (15159743.033.000) 10/09 08:29:59 Image size of job updated: 1584252
	1047  -  MemoryUsage of job (MB)
	1071644  -  ResidentSetSize of job (KB)
...
006 (15159743.033.000) 10/09 08:35:00 Image size of job updated: 3881524
	3135  -  MemoryUsage of job (MB)
	3209840  -  ResidentSetSize of job (KB)
...
006 (15159743.033.000) 10/09 08:37:12 Image size of job updated: 3982764
	3135  -  MemoryUsage of job (MB)
	3209840  -  ResidentSetSize of job (KB)
...
040 (15159743.033.000) 10/09 08:37:12 Started transferring output files
...
040 (15159743.033.000) 10/09 08:37:12 Finished transferring output files
...
005 (15159743.033.000) 10/09 08:37:12 Job terminated.
	(1) Normal termination (return value 0)
		Usr 0 00:19:58, Sys 0 00:00:26  -  Run Remote Usage
		Usr 0 00:00:00, Sys 0 00:00:00  -  Run Local Usage
		Usr 0 00:19:58, Sys 0 00:00:26  -  Total Remote Usage
		Usr 0 00:00:00, Sys 0 00:00:00  -  Total Local Usage
	242523  -  Run Bytes Sent By Job
	269  -  Run Bytes Received By Job
	242523  -  Total Bytes Sent By Job
	269  -  Total Bytes Received By Job
	Partitionable Resources :    Usage  Request Allocated 
	   Cpus                 :     0.08        1         1 
	   Disk (KB)            :   258           1   1643809 
	   Memory (MB)          :  3135        2000      2000 

	Job terminated of its own accord at 2023-10-09T06:37:12Z.
...
