000 (14857949.023.000) 06/22 15:24:33 Job submitted from host: <188.184.90.241:9618?addrs=188.184.90.241-9618+[2001-1458-201-e4--100-2eb]-9618&alias=bigbird15.cern.ch&noUDP&sock=schedd_1460210_2ef4>
...
040 (14857949.023.000) 06/22 15:34:28 Started transferring input files
	Transferring to host: <128.142.58.127:9618?addrs=128.142.58.127-9618+[2001-1458-301-16--100-7e]-9618&alias=b7s03p1055.cern.ch&noUDP&sock=slot1_14_4570_ba73_78545>
...
040 (14857949.023.000) 06/22 15:34:28 Finished transferring input files
...
001 (14857949.023.000) 06/22 15:34:29 Job executing on host: <128.142.58.127:9618?addrs=128.142.58.127-9618+[2001-1458-301-16--100-7e]-9618&alias=b7s03p1055.cern.ch&noUDP&sock=startd_3081_e361>
...
006 (14857949.023.000) 06/22 15:34:38 Image size of job updated: 554136
	47  -  MemoryUsage of job (MB)
	47696  -  ResidentSetSize of job (KB)
...
006 (14857949.023.000) 06/22 15:39:39 Image size of job updated: 1821528
	1254  -  MemoryUsage of job (MB)
	1283280  -  ResidentSetSize of job (KB)
...
006 (14857949.023.000) 06/22 15:44:39 Image size of job updated: 4039516
	1254  -  MemoryUsage of job (MB)
	1283280  -  ResidentSetSize of job (KB)
...
006 (14857949.023.000) 06/22 15:49:39 Image size of job updated: 4395804
	1254  -  MemoryUsage of job (MB)
	1283280  -  ResidentSetSize of job (KB)
...
006 (14857949.023.000) 06/22 15:51:43 Image size of job updated: 4415772
	1254  -  MemoryUsage of job (MB)
	1283280  -  ResidentSetSize of job (KB)
...
040 (14857949.023.000) 06/22 15:51:43 Started transferring output files
...
040 (14857949.023.000) 06/22 15:51:43 Finished transferring output files
...
005 (14857949.023.000) 06/22 15:51:43 Job terminated.
	(1) Normal termination (return value 0)
		Usr 0 00:08:46, Sys 0 00:00:34  -  Run Remote Usage
		Usr 0 00:00:00, Sys 0 00:00:00  -  Run Local Usage
		Usr 0 00:08:46, Sys 0 00:00:34  -  Total Remote Usage
		Usr 0 00:00:00, Sys 0 00:00:00  -  Total Local Usage
	117086  -  Run Bytes Sent By Job
	323  -  Run Bytes Received By Job
	117086  -  Total Bytes Sent By Job
	323  -  Total Bytes Received By Job
	Partitionable Resources :    Usage  Request Allocated 
	   Cpus                 :     0.24        1         1 
	   Disk (KB)            :   136           1   1359731 
	   Memory (MB)          :  1254        2000      2000 

	Job terminated of its own accord at 2023-06-22T13:51:43Z.
...
