000 (14832095.210.000) 06/12 15:17:58 Job submitted from host: <188.184.90.241:9618?addrs=188.184.90.241-9618+[2001-1458-201-e4--100-2eb]-9618&alias=bigbird15.cern.ch&noUDP&sock=schedd_1460210_2ef4>
...
040 (14832095.210.000) 06/12 15:20:51 Started transferring input files
	Transferring to host: <128.142.137.146:9618?addrs=128.142.137.146-9618+[2001-1458-301-5e--100-86]-9618&alias=b7g19p3479.cern.ch&noUDP&sock=slot1_7_4385_610b_57414>
...
040 (14832095.210.000) 06/12 15:20:51 Finished transferring input files
...
001 (14832095.210.000) 06/12 15:20:52 Job executing on host: <128.142.137.146:9618?addrs=128.142.137.146-9618+[2001-1458-301-5e--100-86]-9618&alias=b7g19p3479.cern.ch&noUDP&sock=startd_3121_532b>
...
006 (14832095.210.000) 06/12 15:21:00 Image size of job updated: 553988
	47  -  MemoryUsage of job (MB)
	47668  -  ResidentSetSize of job (KB)
...
006 (14832095.210.000) 06/12 15:26:00 Image size of job updated: 1460716
	975  -  MemoryUsage of job (MB)
	998208  -  ResidentSetSize of job (KB)
...
006 (14832095.210.000) 06/12 15:31:01 Image size of job updated: 1985772
	1390  -  MemoryUsage of job (MB)
	1422624  -  ResidentSetSize of job (KB)
...
006 (14832095.210.000) 06/12 15:46:03 Image size of job updated: 4072196
	1390  -  MemoryUsage of job (MB)
	1422624  -  ResidentSetSize of job (KB)
...
006 (14832095.210.000) 06/12 15:51:04 Image size of job updated: 4073676
	1390  -  MemoryUsage of job (MB)
	1422624  -  ResidentSetSize of job (KB)
...
006 (14832095.210.000) 06/12 15:56:04 Image size of job updated: 4122624
	1390  -  MemoryUsage of job (MB)
	1422624  -  ResidentSetSize of job (KB)
...
006 (14832095.210.000) 06/12 16:01:04 Image size of job updated: 4358320
	1390  -  MemoryUsage of job (MB)
	1422624  -  ResidentSetSize of job (KB)
...
006 (14832095.210.000) 06/12 16:06:05 Image size of job updated: 4366996
	1390  -  MemoryUsage of job (MB)
	1422624  -  ResidentSetSize of job (KB)
...
006 (14832095.210.000) 06/12 16:11:05 Image size of job updated: 4427864
	1390  -  MemoryUsage of job (MB)
	1422624  -  ResidentSetSize of job (KB)
...
006 (14832095.210.000) 06/12 16:16:05 Image size of job updated: 4437016
	1390  -  MemoryUsage of job (MB)
	1422624  -  ResidentSetSize of job (KB)
...
006 (14832095.210.000) 06/12 16:18:45 Image size of job updated: 4449676
	1390  -  MemoryUsage of job (MB)
	1422624  -  ResidentSetSize of job (KB)
...
040 (14832095.210.000) 06/12 16:18:45 Started transferring output files
...
040 (14832095.210.000) 06/12 16:18:45 Finished transferring output files
...
005 (14832095.210.000) 06/12 16:18:45 Job terminated.
	(1) Normal termination (return value 0)
		Usr 0 00:15:40, Sys 0 00:00:52  -  Run Remote Usage
		Usr 0 00:00:00, Sys 0 00:00:00  -  Run Local Usage
		Usr 0 00:15:40, Sys 0 00:00:52  -  Total Remote Usage
		Usr 0 00:00:00, Sys 0 00:00:00  -  Total Local Usage
	126008  -  Run Bytes Sent By Job
	323  -  Run Bytes Received By Job
	126008  -  Total Bytes Sent By Job
	323  -  Total Bytes Received By Job
	Partitionable Resources :    Usage  Request Allocated 
	   Cpus                 :        0        1         1 
	   Disk (KB)            :      144        1   1649052 
	   Memory (MB)          :     1390     2000      2000 

	Job terminated of its own accord at 2023-06-12T14:18:45Z.
...
