000 (15148591.055.000) 09/26 23:15:32 Job submitted from host: <188.184.90.241:9618?addrs=188.184.90.241-9618+[2001-1458-201-e4--100-2eb]-9618&alias=bigbird15.cern.ch&noUDP&sock=schedd_2763_c443>
...
040 (15148591.055.000) 09/26 23:30:36 Started transferring input files
	Transferring to host: <188.184.162.113:9618?addrs=188.184.162.113-9618+[2001-1458-301-4a--100-6b]-9618&alias=b7s11p7927.cern.ch&noUDP&sock=slot1_3_123087_ad26_214230>
...
040 (15148591.055.000) 09/26 23:30:36 Finished transferring input files
...
001 (15148591.055.000) 09/26 23:30:37 Job executing on host: <188.184.162.113:9618?addrs=188.184.162.113-9618+[2001-1458-301-4a--100-6b]-9618&alias=b7s11p7927.cern.ch&noUDP&sock=startd_90820_8b5d>
...
006 (15148591.055.000) 09/26 23:30:46 Image size of job updated: 66224
	62  -  MemoryUsage of job (MB)
	62856  -  ResidentSetSize of job (KB)
...
006 (15148591.055.000) 09/26 23:35:44 Image size of job updated: 1108320
	62  -  MemoryUsage of job (MB)
	62856  -  ResidentSetSize of job (KB)
...
040 (15148591.055.000) 09/26 23:35:44 Started transferring output files
...
040 (15148591.055.000) 09/26 23:35:44 Finished transferring output files
...
005 (15148591.055.000) 09/26 23:35:44 Job terminated.
	(1) Normal termination (return value 0)
		Usr 0 00:04:40, Sys 0 00:00:10  -  Run Remote Usage
		Usr 0 00:00:00, Sys 0 00:00:00  -  Run Local Usage
		Usr 0 00:04:40, Sys 0 00:00:10  -  Total Remote Usage
		Usr 0 00:00:00, Sys 0 00:00:00  -  Total Local Usage
	40824  -  Run Bytes Sent By Job
	323  -  Run Bytes Received By Job
	40824  -  Total Bytes Sent By Job
	323  -  Total Bytes Received By Job
	Partitionable Resources :    Usage  Request Allocated 
	   Cpus                 :                 1         1 
	   Disk (KB)            :       54        1   2971613 
	   Memory (MB)          :       62     2000      2000 

	Job terminated of its own accord at 2023-09-26T21:35:44Z.
...
