000 (15150655.005.000) 09/28 15:00:14 Job submitted from host: <188.184.90.241:9618?addrs=188.184.90.241-9618+[2001-1458-201-e4--100-2eb]-9618&alias=bigbird15.cern.ch&noUDP&sock=schedd_2763_c443>
...
040 (15150655.005.000) 09/28 15:02:44 Started transferring input files
	Transferring to host: <128.142.63.29:9618?addrs=128.142.63.29-9618+[2001-1458-301-38--100-1a]-9618&alias=b7s08p2254.cern.ch&noUDP&sock=slot1_20_3285_545f_43936>
...
040 (15150655.005.000) 09/28 15:02:44 Finished transferring input files
...
001 (15150655.005.000) 09/28 15:02:45 Job executing on host: <128.142.63.29:9618?addrs=128.142.63.29-9618+[2001-1458-301-38--100-1a]-9618&alias=b7s08p2254.cern.ch&noUDP&sock=startd_2664_dc63>
...
006 (15150655.005.000) 09/28 15:02:53 Image size of job updated: 914292
	124  -  MemoryUsage of job (MB)
	126320  -  ResidentSetSize of job (KB)
...
006 (15150655.005.000) 09/28 15:03:14 Image size of job updated: 918280
	124  -  MemoryUsage of job (MB)
	126320  -  ResidentSetSize of job (KB)
...
040 (15150655.005.000) 09/28 15:03:14 Started transferring output files
...
040 (15150655.005.000) 09/28 15:03:14 Finished transferring output files
...
005 (15150655.005.000) 09/28 15:03:14 Job terminated.
	(1) Normal termination (return value 0)
		Usr 0 00:00:05, Sys 0 00:00:00  -  Run Remote Usage
		Usr 0 00:00:00, Sys 0 00:00:00  -  Run Local Usage
		Usr 0 00:00:05, Sys 0 00:00:00  -  Total Remote Usage
		Usr 0 00:00:00, Sys 0 00:00:00  -  Total Local Usage
	8678  -  Run Bytes Sent By Job
	374  -  Run Bytes Received By Job
	8678  -  Total Bytes Sent By Job
	374  -  Total Bytes Received By Job
	Partitionable Resources :    Usage  Request Allocated 
	   Cpus                 :                 1         1 
	   Disk (KB)            :       22        1   1240444 
	   Memory (MB)          :      124     2000      2000 

	Job terminated of its own accord at 2023-09-28T13:03:14Z.
...
