000 (15151321.159.000) 10/02 14:58:31 Job submitted from host: <188.184.90.241:9618?addrs=188.184.90.241-9618+[2001-1458-201-e4--100-2eb]-9618&alias=bigbird15.cern.ch&noUDP&sock=schedd_2763_c443>
...
040 (15151321.159.000) 10/02 15:18:48 Started transferring input files
	Transferring to host: <128.142.248.122:9618?addrs=128.142.248.122-9618+[2001-1458-301-73--100-16a]-9618&alias=b7g23p1073.cern.ch&noUDP&sock=slot1_25_181757_ffb8_5303>
...
040 (15151321.159.000) 10/02 15:18:48 Finished transferring input files
...
001 (15151321.159.000) 10/02 15:18:49 Job executing on host: <128.142.248.122:9618?addrs=128.142.248.122-9618+[2001-1458-301-73--100-16a]-9618&alias=b7g23p1073.cern.ch&noUDP&sock=startd_3252_2e13>
...
006 (15151321.159.000) 10/02 15:18:51 Image size of job updated: 812
	0  -  MemoryUsage of job (MB)
	0  -  ResidentSetSize of job (KB)
...
040 (15151321.159.000) 10/02 15:18:51 Started transferring output files
...
040 (15151321.159.000) 10/02 15:18:51 Finished transferring output files
...
005 (15151321.159.000) 10/02 15:18:51 Job terminated.
	(1) Normal termination (return value 0)
		Usr 0 00:00:01, Sys 0 00:00:00  -  Run Remote Usage
		Usr 0 00:00:00, Sys 0 00:00:00  -  Run Local Usage
		Usr 0 00:00:01, Sys 0 00:00:00  -  Total Remote Usage
		Usr 0 00:00:00, Sys 0 00:00:00  -  Total Local Usage
	7836  -  Run Bytes Sent By Job
	374  -  Run Bytes Received By Job
	7836  -  Total Bytes Sent By Job
	374  -  Total Bytes Received By Job
	Partitionable Resources :    Usage  Request Allocated 
	   Cpus                 :                 1         1 
	   Disk (KB)            :       23        1   2979556 
	   Memory (MB)          :        0     2000      2000 

	Job terminated of its own accord at 2023-10-02T13:18:51Z.
...
