000 (15151321.185.000) 10/02 14:58:31 Job submitted from host: <188.184.90.241:9618?addrs=188.184.90.241-9618+[2001-1458-201-e4--100-2eb]-9618&alias=bigbird15.cern.ch&noUDP&sock=schedd_2763_c443>
...
040 (15151321.185.000) 10/02 15:19:39 Started transferring input files
	Transferring to host: <128.142.248.50:9618?addrs=128.142.248.50-9618+[2001-1458-301-73--100-122]-9618&alias=b7g23p4729.cern.ch&noUDP&sock=slot1_29_3763_1fb2_8247>
...
040 (15151321.185.000) 10/02 15:19:39 Finished transferring input files
...
001 (15151321.185.000) 10/02 15:19:40 Job executing on host: <128.142.248.50:9618?addrs=128.142.248.50-9618+[2001-1458-301-73--100-122]-9618&alias=b7g23p4729.cern.ch&noUDP&sock=startd_2946_4a18>
...
006 (15151321.185.000) 10/02 15:19:49 Image size of job updated: 123640
	121  -  MemoryUsage of job (MB)
	123640  -  ResidentSetSize of job (KB)
...
006 (15151321.185.000) 10/02 15:21:25 Image size of job updated: 919540
	121  -  MemoryUsage of job (MB)
	123640  -  ResidentSetSize of job (KB)
...
040 (15151321.185.000) 10/02 15:21:25 Started transferring output files
...
040 (15151321.185.000) 10/02 15:21:25 Finished transferring output files
...
005 (15151321.185.000) 10/02 15:21:25 Job terminated.
	(1) Normal termination (return value 0)
		Usr 0 00:00:12, Sys 0 00:00:01  -  Run Remote Usage
		Usr 0 00:00:00, Sys 0 00:00:00  -  Run Local Usage
		Usr 0 00:00:12, Sys 0 00:00:01  -  Total Remote Usage
		Usr 0 00:00:00, Sys 0 00:00:00  -  Total Local Usage
	8010  -  Run Bytes Sent By Job
	374  -  Run Bytes Received By Job
	8010  -  Total Bytes Sent By Job
	374  -  Total Bytes Received By Job
	Partitionable Resources :    Usage  Request Allocated 
	   Cpus                 :     0.11        1         1 
	   Disk (KB)            :    30           1   2983344 
	   Memory (MB)          :   121        2000      2000 

	Job terminated of its own accord at 2023-10-02T13:21:25Z.
...
