000 (15149098.103.000) 09/27 08:23:39 Job submitted from host: <188.184.90.241:9618?addrs=188.184.90.241-9618+[2001-1458-201-e4--100-2eb]-9618&alias=bigbird15.cern.ch&noUDP&sock=schedd_2763_c443>
...
040 (15149098.103.000) 09/27 08:40:54 Started transferring input files
	Transferring to host: <188.184.163.31:9618?addrs=188.184.163.31-9618+[2001-1458-301-4d--100-19]-9618&alias=b7s12p2549.cern.ch&noUDP&sock=slot1_14_198425_1cde_34563>
...
040 (15149098.103.000) 09/27 08:40:54 Finished transferring input files
...
001 (15149098.103.000) 09/27 08:40:57 Job executing on host: <188.184.163.31:9618?addrs=188.184.163.31-9618+[2001-1458-301-4d--100-19]-9618&alias=b7s12p2549.cern.ch&noUDP&sock=startd_177063_11aa>
...
006 (15149098.103.000) 09/27 08:41:10 Image size of job updated: 675808
	50  -  MemoryUsage of job (MB)
	50736  -  ResidentSetSize of job (KB)
...
006 (15149098.103.000) 09/27 08:46:10 Image size of job updated: 3429040
	137  -  MemoryUsage of job (MB)
	140128  -  ResidentSetSize of job (KB)
...
006 (15149098.103.000) 09/27 08:51:10 Image size of job updated: 3662936
	366  -  MemoryUsage of job (MB)
	374412  -  ResidentSetSize of job (KB)
...
006 (15149098.103.000) 09/27 08:55:47 Image size of job updated: 3736568
	366  -  MemoryUsage of job (MB)
	374416  -  ResidentSetSize of job (KB)
...
040 (15149098.103.000) 09/27 08:55:47 Started transferring output files
...
040 (15149098.103.000) 09/27 08:55:47 Finished transferring output files
...
005 (15149098.103.000) 09/27 08:55:47 Job terminated.
	(1) Normal termination (return value 0)
		Usr 0 00:05:15, Sys 0 00:00:10  -  Run Remote Usage
		Usr 0 00:00:00, Sys 0 00:00:00  -  Run Local Usage
		Usr 0 00:05:15, Sys 0 00:00:10  -  Total Remote Usage
		Usr 0 00:00:00, Sys 0 00:00:00  -  Total Local Usage
	66849  -  Run Bytes Sent By Job
	323  -  Run Bytes Received By Job
	66849  -  Total Bytes Sent By Job
	323  -  Total Bytes Received By Job
	Partitionable Resources :    Usage  Request Allocated 
	   Cpus                 :     0.29        1         1 
	   Disk (KB)            :    86           1   2936086 
	   Memory (MB)          :   366        2000      2000 

	Job terminated of its own accord at 2023-09-27T06:55:47Z.
...
