000 (14807272.005.000) 05/14 22:53:25 Job submitted from host: <188.184.90.241:9618?addrs=188.184.90.241-9618+[2001-1458-201-e4--100-2eb]-9618&alias=bigbird15.cern.ch&noUDP&sock=schedd_3273_9590>
...
040 (14807272.005.000) 05/14 23:06:13 Started transferring input files
	Transferring to host: <128.142.60.123:9618?addrs=128.142.60.123-9618+[2001-1458-301-22--100-7a]-9618&alias=b7s05p0507.cern.ch&noUDP&sock=slot1_16_5199_ea6c_29976>
...
040 (14807272.005.000) 05/14 23:06:13 Finished transferring input files
...
001 (14807272.005.000) 05/14 23:06:14 Job executing on host: <128.142.60.123:9618?addrs=128.142.60.123-9618+[2001-1458-301-22--100-7a]-9618&alias=b7s05p0507.cern.ch&noUDP&sock=startd_4443_1b5f>
...
006 (14807272.005.000) 05/14 23:06:23 Image size of job updated: 554196
	47  -  MemoryUsage of job (MB)
	47748  -  ResidentSetSize of job (KB)
...
006 (14807272.005.000) 05/14 23:11:24 Image size of job updated: 2137184
	1537  -  MemoryUsage of job (MB)
	1573500  -  ResidentSetSize of job (KB)
...
006 (14807272.005.000) 05/14 23:16:24 Image size of job updated: 4109872
	1537  -  MemoryUsage of job (MB)
	1573500  -  ResidentSetSize of job (KB)
...
006 (14807272.005.000) 05/14 23:21:24 Image size of job updated: 4156896
	1537  -  MemoryUsage of job (MB)
	1573500  -  ResidentSetSize of job (KB)
...
006 (14807272.005.000) 05/14 23:26:25 Image size of job updated: 4401316
	1537  -  MemoryUsage of job (MB)
	1573500  -  ResidentSetSize of job (KB)
...
006 (14807272.005.000) 05/14 23:29:21 Image size of job updated: 4491896
	1537  -  MemoryUsage of job (MB)
	1573500  -  ResidentSetSize of job (KB)
...
040 (14807272.005.000) 05/14 23:29:21 Started transferring output files
...
040 (14807272.005.000) 05/14 23:29:22 Finished transferring output files
...
005 (14807272.005.000) 05/14 23:29:22 Job terminated.
	(1) Normal termination (return value 0)
		Usr 0 00:07:44, Sys 0 00:00:35  -  Run Remote Usage
		Usr 0 00:00:00, Sys 0 00:00:00  -  Run Local Usage
		Usr 0 00:07:44, Sys 0 00:00:35  -  Total Remote Usage
		Usr 0 00:00:00, Sys 0 00:00:00  -  Total Local Usage
	118691  -  Run Bytes Sent By Job
	323  -  Run Bytes Received By Job
	118691  -  Total Bytes Sent By Job
	323  -  Total Bytes Received By Job
	Partitionable Resources :    Usage  Request Allocated 
	   Cpus                 :        0        1         1 
	   Disk (KB)            :      137        1   1330156 
	   Memory (MB)          :     1537     2000      2000 

	Job terminated of its own accord at 2023-05-14T21:29:21Z.
...
