000 (14807383.013.000) 05/15 18:20:36 Job submitted from host: <188.184.90.241:9618?addrs=188.184.90.241-9618+[2001-1458-201-e4--100-2eb]-9618&alias=bigbird15.cern.ch&noUDP&sock=schedd_3273_9590>
...
040 (14807383.013.000) 05/15 18:34:06 Started transferring input files
	Transferring to host: <128.142.63.50:9618?addrs=128.142.63.50-9618+[2001-1458-301-38--100-2f]-9618&alias=b7s08p3946.cern.ch&noUDP&sock=slot1_7_3187_479b_31431>
...
040 (14807383.013.000) 05/15 18:34:06 Finished transferring input files
...
001 (14807383.013.000) 05/15 18:34:07 Job executing on host: <128.142.63.50:9618?addrs=128.142.63.50-9618+[2001-1458-301-38--100-2f]-9618&alias=b7s08p3946.cern.ch&noUDP&sock=startd_2741_ad2e>
...
006 (14807383.013.000) 05/15 18:34:16 Image size of job updated: 554708
	48  -  MemoryUsage of job (MB)
	48252  -  ResidentSetSize of job (KB)
...
006 (14807383.013.000) 05/15 18:39:17 Image size of job updated: 2761868
	2204  -  MemoryUsage of job (MB)
	2256668  -  ResidentSetSize of job (KB)
...
006 (14807383.013.000) 05/15 18:44:17 Image size of job updated: 4882908
	4305  -  MemoryUsage of job (MB)
	4408196  -  ResidentSetSize of job (KB)
...
006 (14807383.013.000) 05/15 18:49:17 Image size of job updated: 6173072
	5560  -  MemoryUsage of job (MB)
	5692724  -  ResidentSetSize of job (KB)
...
006 (14807383.013.000) 05/15 18:54:18 Image size of job updated: 7374600
	6707  -  MemoryUsage of job (MB)
	6867228  -  ResidentSetSize of job (KB)
...
006 (14807383.013.000) 05/15 18:59:18 Image size of job updated: 8461508
	7777  -  MemoryUsage of job (MB)
	7963532  -  ResidentSetSize of job (KB)
...
006 (14807383.013.000) 05/15 19:04:18 Image size of job updated: 9798892
	9174  -  MemoryUsage of job (MB)
	9393624  -  ResidentSetSize of job (KB)
...
006 (14807383.013.000) 05/15 19:09:19 Image size of job updated: 11215548
	10526  -  MemoryUsage of job (MB)
	10778556  -  ResidentSetSize of job (KB)
...
006 (14807383.013.000) 05/15 19:14:19 Image size of job updated: 12744948
	11977  -  MemoryUsage of job (MB)
	12264328  -  ResidentSetSize of job (KB)
...
006 (14807383.013.000) 05/15 19:19:19 Image size of job updated: 14132280
	13355  -  MemoryUsage of job (MB)
	13675376  -  ResidentSetSize of job (KB)
...
006 (14807383.013.000) 05/15 19:24:20 Image size of job updated: 15588256
	14728  -  MemoryUsage of job (MB)
	15080624  -  ResidentSetSize of job (KB)
...
006 (14807383.013.000) 05/15 19:29:21 Image size of job updated: 16884208
	16002  -  MemoryUsage of job (MB)
	16385708  -  ResidentSetSize of job (KB)
...
006 (14807383.013.000) 05/15 19:34:21 Image size of job updated: 18140748
	17146  -  MemoryUsage of job (MB)
	17557004  -  ResidentSetSize of job (KB)
...
006 (14807383.013.000) 05/15 19:39:22 Image size of job updated: 19311456
	18388  -  MemoryUsage of job (MB)
	18828824  -  ResidentSetSize of job (KB)
...
006 (14807383.013.000) 05/15 19:44:23 Image size of job updated: 20347892
	19376  -  MemoryUsage of job (MB)
	19840116  -  ResidentSetSize of job (KB)
...
006 (14807383.013.000) 05/15 19:49:23 Image size of job updated: 21468560
	20513  -  MemoryUsage of job (MB)
	21004872  -  ResidentSetSize of job (KB)
...
006 (14807383.013.000) 05/15 19:54:23 Image size of job updated: 22522916
	21518  -  MemoryUsage of job (MB)
	22034236  -  ResidentSetSize of job (KB)
...
006 (14807383.013.000) 05/15 19:59:24 Image size of job updated: 23586968
	22565  -  MemoryUsage of job (MB)
	23105708  -  ResidentSetSize of job (KB)
...
006 (14807383.013.000) 05/15 20:04:24 Image size of job updated: 24354416
	23216  -  MemoryUsage of job (MB)
	23772684  -  ResidentSetSize of job (KB)
...
006 (14807383.013.000) 05/15 20:24:26 Image size of job updated: 24480528
	23216  -  MemoryUsage of job (MB)
	23772684  -  ResidentSetSize of job (KB)
...
040 (14807383.013.000) 05/15 20:34:18 Started transferring output files
...
040 (14807383.013.000) 05/15 20:34:18 Finished transferring output files
...
009 (14807383.013.000) 05/15 20:34:20 Job was aborted.
	Job removed by SYSTEM_PERIODIC_REMOVE due to wall time exceeded allowed max.
...
