000 (15155263.047.000) 10/07 15:36:06 Job submitted from host: <188.184.90.241:9618?addrs=188.184.90.241-9618+[2001-1458-201-e4--100-2eb]-9618&alias=bigbird15.cern.ch&noUDP&sock=schedd_2763_c443>
...
040 (15155263.047.000) 10/07 15:38:56 Started transferring input files
	Transferring to host: <128.142.61.151:9618?addrs=128.142.61.151-9618+[2001-1458-301-23--100-96]-9618&alias=b7s06p7731.cern.ch&noUDP&sock=slot1_25_38505_0177_73561>
...
040 (15155263.047.000) 10/07 15:38:56 Finished transferring input files
...
001 (15155263.047.000) 10/07 15:38:57 Job executing on host: <128.142.61.151:9618?addrs=128.142.61.151-9618+[2001-1458-301-23--100-96]-9618&alias=b7s06p7731.cern.ch&noUDP&sock=startd_38466_0e15>
...
006 (15155263.047.000) 10/07 15:39:06 Image size of job updated: 609676
	65  -  MemoryUsage of job (MB)
	66552  -  ResidentSetSize of job (KB)
...
006 (15155263.047.000) 10/07 15:44:07 Image size of job updated: 1195924
	73  -  MemoryUsage of job (MB)
	74612  -  ResidentSetSize of job (KB)
...
006 (15155263.047.000) 10/07 15:49:07 Image size of job updated: 3563844
	159  -  MemoryUsage of job (MB)
	162660  -  ResidentSetSize of job (KB)
...
006 (15155263.047.000) 10/07 15:59:08 Image size of job updated: 3807512
	396  -  MemoryUsage of job (MB)
	404848  -  ResidentSetSize of job (KB)
...
006 (15155263.047.000) 10/07 16:04:08 Image size of job updated: 3865316
	454  -  MemoryUsage of job (MB)
	464792  -  ResidentSetSize of job (KB)
...
006 (15155263.047.000) 10/07 16:09:08 Image size of job updated: 3879160
	469  -  MemoryUsage of job (MB)
	480116  -  ResidentSetSize of job (KB)
...
006 (15155263.047.000) 10/07 16:10:43 Image size of job updated: 3886260
	469  -  MemoryUsage of job (MB)
	480116  -  ResidentSetSize of job (KB)
...
040 (15155263.047.000) 10/07 16:10:43 Started transferring output files
...
040 (15155263.047.000) 10/07 16:10:43 Finished transferring output files
...
005 (15155263.047.000) 10/07 16:10:43 Job terminated.
	(1) Normal termination (return value 0)
		Usr 0 00:04:26, Sys 0 00:00:10  -  Run Remote Usage
		Usr 0 00:00:00, Sys 0 00:00:00  -  Run Local Usage
		Usr 0 00:04:26, Sys 0 00:00:10  -  Total Remote Usage
		Usr 0 00:00:00, Sys 0 00:00:00  -  Total Local Usage
	69217  -  Run Bytes Sent By Job
	323  -  Run Bytes Received By Job
	69217  -  Total Bytes Sent By Job
	323  -  Total Bytes Received By Job
	Partitionable Resources :    Usage  Request Allocated 
	   Cpus                 :        0        1         1 
	   Disk (KB)            :       89        1   1242684 
	   Memory (MB)          :      469     2000      2000 

	Job terminated of its own accord at 2023-10-07T14:10:43Z.
...
