000 (15155263.049.000) 10/07 15:36:06 Job submitted from host: <188.184.90.241:9618?addrs=188.184.90.241-9618+[2001-1458-201-e4--100-2eb]-9618&alias=bigbird15.cern.ch&noUDP&sock=schedd_2763_c443>
...
040 (15155263.049.000) 10/07 15:38:58 Started transferring input files
	Transferring to host: <128.142.61.123:9618?addrs=128.142.61.123-9618+[2001-1458-301-23--100-7a]-9618&alias=b7s06p7679.cern.ch&noUDP&sock=slot1_31_3708_5f10_298343>
...
040 (15155263.049.000) 10/07 15:38:58 Finished transferring input files
...
001 (15155263.049.000) 10/07 15:38:59 Job executing on host: <128.142.61.123:9618?addrs=128.142.61.123-9618+[2001-1458-301-23--100-7a]-9618&alias=b7s06p7679.cern.ch&noUDP&sock=startd_2863_5bbc>
...
006 (15155263.049.000) 10/07 15:39:07 Image size of job updated: 676804
	52  -  MemoryUsage of job (MB)
	52516  -  ResidentSetSize of job (KB)
...
006 (15155263.049.000) 10/07 15:44:07 Image size of job updated: 963224
	61  -  MemoryUsage of job (MB)
	61800  -  ResidentSetSize of job (KB)
...
006 (15155263.049.000) 10/07 15:49:07 Image size of job updated: 3550492
	138  -  MemoryUsage of job (MB)
	141240  -  ResidentSetSize of job (KB)
...
006 (15155263.049.000) 10/07 15:54:08 Image size of job updated: 3791792
	375  -  MemoryUsage of job (MB)
	383364  -  ResidentSetSize of job (KB)
...
006 (15155263.049.000) 10/07 15:59:09 Image size of job updated: 3803184
	384  -  MemoryUsage of job (MB)
	392220  -  ResidentSetSize of job (KB)
...
006 (15155263.049.000) 10/07 16:04:09 Image size of job updated: 3870396
	452  -  MemoryUsage of job (MB)
	462712  -  ResidentSetSize of job (KB)
...
040 (15155263.049.000) 10/07 16:04:17 Started transferring output files
...
040 (15155263.049.000) 10/07 16:04:17 Finished transferring output files
...
005 (15155263.049.000) 10/07 16:04:17 Job terminated.
	(1) Normal termination (return value 0)
		Usr 0 00:04:42, Sys 0 00:00:11  -  Run Remote Usage
		Usr 0 00:00:00, Sys 0 00:00:00  -  Run Local Usage
		Usr 0 00:04:42, Sys 0 00:00:11  -  Total Remote Usage
		Usr 0 00:00:00, Sys 0 00:00:00  -  Total Local Usage
	72872  -  Run Bytes Sent By Job
	323  -  Run Bytes Received By Job
	72872  -  Total Bytes Sent By Job
	323  -  Total Bytes Received By Job
	Partitionable Resources :    Usage  Request Allocated 
	   Cpus                 :        0        1         1 
	   Disk (KB)            :       92        1   1208096 
	   Memory (MB)          :      452     2000      2000 

	Job terminated of its own accord at 2023-10-07T14:04:17Z.
...
