000 (15149098.102.000) 09/27 08:23:39 Job submitted from host: <188.184.90.241:9618?addrs=188.184.90.241-9618+[2001-1458-201-e4--100-2eb]-9618&alias=bigbird15.cern.ch&noUDP&sock=schedd_2763_c443>
...
040 (15149098.102.000) 09/27 08:40:43 Started transferring input files
	Transferring to host: <128.142.61.95:9618?addrs=128.142.61.95-9618+[2001-1458-301-23--100-5e]-9618&alias=b7s06p7589.cern.ch&noUDP&sock=slot1_16_5573_6ebc_7575>
...
040 (15149098.102.000) 09/27 08:40:43 Finished transferring input files
...
001 (15149098.102.000) 09/27 08:40:44 Job executing on host: <128.142.61.95:9618?addrs=128.142.61.95-9618+[2001-1458-301-23--100-5e]-9618&alias=b7s06p7589.cern.ch&noUDP&sock=startd_4736_149f>
...
006 (15149098.102.000) 09/27 08:40:52 Image size of job updated: 625412
	60  -  MemoryUsage of job (MB)
	60604  -  ResidentSetSize of job (KB)
...
006 (15149098.102.000) 09/27 08:45:52 Image size of job updated: 3658908
	359  -  MemoryUsage of job (MB)
	366624  -  ResidentSetSize of job (KB)
...
006 (15149098.102.000) 09/27 08:49:48 Image size of job updated: 3727076
	360  -  MemoryUsage of job (MB)
	367956  -  ResidentSetSize of job (KB)
...
040 (15149098.102.000) 09/27 08:49:48 Started transferring output files
...
040 (15149098.102.000) 09/27 08:49:48 Finished transferring output files
...
005 (15149098.102.000) 09/27 08:49:48 Job terminated.
	(1) Normal termination (return value 0)
		Usr 0 00:03:10, Sys 0 00:00:06  -  Run Remote Usage
		Usr 0 00:00:00, Sys 0 00:00:00  -  Run Local Usage
		Usr 0 00:03:10, Sys 0 00:00:06  -  Total Remote Usage
		Usr 0 00:00:00, Sys 0 00:00:00  -  Total Local Usage
	66970  -  Run Bytes Sent By Job
	323  -  Run Bytes Received By Job
	66970  -  Total Bytes Sent By Job
	323  -  Total Bytes Received By Job
	Partitionable Resources :    Usage  Request Allocated 
	   Cpus                 :     0.19        1         1 
	   Disk (KB)            :    86           1   1292529 
	   Memory (MB)          :   360        2000      2000 

	Job terminated of its own accord at 2023-09-27T06:49:48Z.
...
