000 (15151940.011.000) 10/03 13:48:53 Job submitted from host: <188.184.90.241:9618?addrs=188.184.90.241-9618+[2001-1458-201-e4--100-2eb]-9618&alias=bigbird15.cern.ch&noUDP&sock=schedd_2763_c443>
...
040 (15151940.011.000) 10/03 13:58:02 Started transferring input files
	Transferring to host: <188.184.163.144:9618?addrs=188.184.163.144-9618+[2001-1458-301-4d--100-8a]-9618&alias=b7s12p8659.cern.ch&noUDP&sock=slot1_1_96549_412f_16393>
...
040 (15151940.011.000) 10/03 13:58:02 Finished transferring input files
...
001 (15151940.011.000) 10/03 13:58:03 Job executing on host: <188.184.163.144:9618?addrs=188.184.163.144-9618+[2001-1458-301-4d--100-8a]-9618&alias=b7s12p8659.cern.ch&noUDP&sock=startd_2984_5ab1>
...
006 (15151940.011.000) 10/03 13:58:12 Image size of job updated: 668608
	51  -  MemoryUsage of job (MB)
	51500  -  ResidentSetSize of job (KB)
...
006 (15151940.011.000) 10/03 14:03:13 Image size of job updated: 1118120
	61  -  MemoryUsage of job (MB)
	61964  -  ResidentSetSize of job (KB)
...
006 (15151940.011.000) 10/03 14:08:13 Image size of job updated: 3603796
	199  -  MemoryUsage of job (MB)
	203236  -  ResidentSetSize of job (KB)
...
006 (15151940.011.000) 10/03 14:13:22 Image size of job updated: 3808992
	393  -  MemoryUsage of job (MB)
	401496  -  ResidentSetSize of job (KB)
...
006 (15151940.011.000) 10/03 14:18:14 Image size of job updated: 3865736
	449  -  MemoryUsage of job (MB)
	459528  -  ResidentSetSize of job (KB)
...
006 (15151940.011.000) 10/03 14:23:02 Image size of job updated: 3883356
	449  -  MemoryUsage of job (MB)
	459528  -  ResidentSetSize of job (KB)
...
040 (15151940.011.000) 10/03 14:23:02 Started transferring output files
...
040 (15151940.011.000) 10/03 14:23:02 Finished transferring output files
...
005 (15151940.011.000) 10/03 14:23:02 Job terminated.
	(1) Normal termination (return value 0)
		Usr 0 00:05:59, Sys 0 00:00:14  -  Run Remote Usage
		Usr 0 00:00:00, Sys 0 00:00:00  -  Run Local Usage
		Usr 0 00:05:59, Sys 0 00:00:14  -  Total Remote Usage
		Usr 0 00:00:00, Sys 0 00:00:00  -  Total Local Usage
	69564  -  Run Bytes Sent By Job
	323  -  Run Bytes Received By Job
	69564  -  Total Bytes Sent By Job
	323  -  Total Bytes Received By Job
	Partitionable Resources :    Usage  Request Allocated 
	   Cpus                 :     0.99        1         1 
	   Disk (KB)            :    89           1   3122865 
	   Memory (MB)          :   449        2000      2000 

	Job terminated of its own accord at 2023-10-03T12:23:02Z.
...
