000 (15155243.037.000) 10/07 13:26:29 Job submitted from host: <188.184.90.241:9618?addrs=188.184.90.241-9618+[2001-1458-201-e4--100-2eb]-9618&alias=bigbird15.cern.ch&noUDP&sock=schedd_2763_c443>
...
040 (15155243.037.000) 10/07 13:31:58 Started transferring input files
	Transferring to host: <128.142.137.37:9618?addrs=128.142.137.37-9618+[2001-1458-301-5e--100-19]-9618&alias=b7g19p8656.cern.ch&noUDP&sock=slot1_10_3103_1817_19488>
...
040 (15155243.037.000) 10/07 13:31:58 Finished transferring input files
...
001 (15155243.037.000) 10/07 13:31:59 Job executing on host: <128.142.137.37:9618?addrs=128.142.137.37-9618+[2001-1458-301-5e--100-19]-9618&alias=b7g19p8656.cern.ch&noUDP&sock=startd_2758_564a>
...
006 (15155243.037.000) 10/07 13:32:08 Image size of job updated: 538088
	51  -  MemoryUsage of job (MB)
	51312  -  ResidentSetSize of job (KB)
...
006 (15155243.037.000) 10/07 13:37:08 Image size of job updated: 1089524
	565  -  MemoryUsage of job (MB)
	578000  -  ResidentSetSize of job (KB)
...
006 (15155243.037.000) 10/07 13:42:08 Image size of job updated: 3561320
	565  -  MemoryUsage of job (MB)
	578000  -  ResidentSetSize of job (KB)
...
006 (15155243.037.000) 10/07 13:47:10 Image size of job updated: 3858464
	565  -  MemoryUsage of job (MB)
	578000  -  ResidentSetSize of job (KB)
...
006 (15155243.037.000) 10/07 13:50:03 Image size of job updated: 3882332
	565  -  MemoryUsage of job (MB)
	578000  -  ResidentSetSize of job (KB)
...
040 (15155243.037.000) 10/07 13:50:04 Started transferring output files
...
040 (15155243.037.000) 10/07 13:50:04 Finished transferring output files
...
005 (15155243.037.000) 10/07 13:50:04 Job terminated.
	(1) Normal termination (return value 0)
		Usr 0 00:08:32, Sys 0 00:00:17  -  Run Remote Usage
		Usr 0 00:00:00, Sys 0 00:00:00  -  Run Local Usage
		Usr 0 00:08:32, Sys 0 00:00:17  -  Total Remote Usage
		Usr 0 00:00:00, Sys 0 00:00:00  -  Total Local Usage
	69510  -  Run Bytes Sent By Job
	323  -  Run Bytes Received By Job
	69510  -  Total Bytes Sent By Job
	323  -  Total Bytes Received By Job
	Partitionable Resources :    Usage  Request Allocated 
	   Cpus                 :     0.11        1         1 
	   Disk (KB)            :    89           1   1527608 
	   Memory (MB)          :   565        2000      2000 

	Job terminated of its own accord at 2023-10-07T11:50:03Z.
...
