000 (15150655.115.000) 09/28 15:00:14 Job submitted from host: <188.184.90.241:9618?addrs=188.184.90.241-9618+[2001-1458-201-e4--100-2eb]-9618&alias=bigbird15.cern.ch&noUDP&sock=schedd_2763_c443>
...
040 (15150655.115.000) 09/28 15:03:20 Started transferring input files
	Transferring to host: <188.184.162.148:9618?addrs=188.184.162.148-9618&alias=b7s11p3165.cern.ch&noUDP&sock=slot1_26_6820_0e8e_90843>
...
040 (15150655.115.000) 09/28 15:03:20 Finished transferring input files
...
001 (15150655.115.000) 09/28 15:03:21 Job executing on host: <188.184.162.148:9618?addrs=188.184.162.148-9618&alias=b7s11p3165.cern.ch&noUDP&sock=startd_5556_8847>
...
006 (15150655.115.000) 09/28 15:03:30 Image size of job updated: 911188
	121  -  MemoryUsage of job (MB)
	123368  -  ResidentSetSize of job (KB)
...
006 (15150655.115.000) 09/28 15:06:07 Image size of job updated: 921768
	121  -  MemoryUsage of job (MB)
	123368  -  ResidentSetSize of job (KB)
...
040 (15150655.115.000) 09/28 15:06:07 Started transferring output files
...
040 (15150655.115.000) 09/28 15:06:07 Finished transferring output files
...
005 (15150655.115.000) 09/28 15:06:07 Job terminated.
	(1) Normal termination (return value 0)
		Usr 0 00:00:13, Sys 0 00:00:01  -  Run Remote Usage
		Usr 0 00:00:00, Sys 0 00:00:00  -  Run Local Usage
		Usr 0 00:00:13, Sys 0 00:00:01  -  Total Remote Usage
		Usr 0 00:00:00, Sys 0 00:00:00  -  Total Local Usage
	7875  -  Run Bytes Sent By Job
	374  -  Run Bytes Received By Job
	7875  -  Total Bytes Sent By Job
	374  -  Total Bytes Received By Job
	Partitionable Resources :    Usage  Request Allocated 
	   Cpus                 :                 1         1 
	   Disk (KB)            :       21        1   2988424 
	   Memory (MB)          :      121     2000      2000 

	Job terminated of its own accord at 2023-09-28T13:06:07Z.
...
