000 (15150662.005.000) 09/28 15:49:40 Job submitted from host: <188.184.90.241:9618?addrs=188.184.90.241-9618+[2001-1458-201-e4--100-2eb]-9618&alias=bigbird15.cern.ch&noUDP&sock=schedd_2763_c443>
...
040 (15150662.005.000) 09/28 16:00:49 Started transferring input files
	Transferring to host: <128.142.59.144:9618?addrs=128.142.59.144-9618+[2001-1458-301-21--100-8f]-9618&alias=b7s04p8256.cern.ch&noUDP&sock=slot1_7_4133_d281_187755>
...
040 (15150662.005.000) 09/28 16:00:49 Finished transferring input files
...
001 (15150662.005.000) 09/28 16:00:50 Job executing on host: <128.142.59.144:9618?addrs=128.142.59.144-9618+[2001-1458-301-21--100-8f]-9618&alias=b7s04p8256.cern.ch&noUDP&sock=startd_3029_3874>
...
006 (15150662.005.000) 09/28 16:00:59 Image size of job updated: 918164
	129  -  MemoryUsage of job (MB)
	131748  -  ResidentSetSize of job (KB)
...
006 (15150662.005.000) 09/28 16:01:29 Image size of job updated: 922316
	129  -  MemoryUsage of job (MB)
	131752  -  ResidentSetSize of job (KB)
...
040 (15150662.005.000) 09/28 16:01:29 Started transferring output files
...
040 (15150662.005.000) 09/28 16:01:29 Finished transferring output files
...
005 (15150662.005.000) 09/28 16:01:29 Job terminated.
	(1) Normal termination (return value 0)
		Usr 0 00:00:05, Sys 0 00:00:00  -  Run Remote Usage
		Usr 0 00:00:00, Sys 0 00:00:00  -  Run Local Usage
		Usr 0 00:00:05, Sys 0 00:00:00  -  Total Remote Usage
		Usr 0 00:00:00, Sys 0 00:00:00  -  Total Local Usage
	8715  -  Run Bytes Sent By Job
	374  -  Run Bytes Received By Job
	8715  -  Total Bytes Sent By Job
	374  -  Total Bytes Received By Job
	Partitionable Resources :    Usage  Request Allocated 
	   Cpus                 :                 1         1 
	   Disk (KB)            :       22        1   1215446 
	   Memory (MB)          :      129     2000      2000 

	Job terminated of its own accord at 2023-09-28T14:01:29Z.
...
