000 (15150655.134.000) 09/28 15:00:14 Job submitted from host: <188.184.90.241:9618?addrs=188.184.90.241-9618+[2001-1458-201-e4--100-2eb]-9618&alias=bigbird15.cern.ch&noUDP&sock=schedd_2763_c443>
...
040 (15150655.134.000) 09/28 15:05:10 Started transferring input files
	Transferring to host: <128.142.63.48:9618?addrs=128.142.63.48-9618+[2001-1458-301-38--100-2d]-9618&alias=b7s08p7224.cern.ch&noUDP&sock=slot1_1_11182_7b00_34530>
...
040 (15150655.134.000) 09/28 15:05:10 Finished transferring input files
...
001 (15150655.134.000) 09/28 15:05:11 Job executing on host: <128.142.63.48:9618?addrs=128.142.63.48-9618+[2001-1458-301-38--100-2d]-9618&alias=b7s08p7224.cern.ch&noUDP&sock=startd_57757_1392>
...
006 (15150655.134.000) 09/28 15:05:19 Image size of job updated: 803072
	122  -  MemoryUsage of job (MB)
	124832  -  ResidentSetSize of job (KB)
...
006 (15150655.134.000) 09/28 15:07:08 Image size of job updated: 920956
	122  -  MemoryUsage of job (MB)
	124832  -  ResidentSetSize of job (KB)
...
040 (15150655.134.000) 09/28 15:07:08 Started transferring output files
...
040 (15150655.134.000) 09/28 15:07:08 Finished transferring output files
...
005 (15150655.134.000) 09/28 15:07:08 Job terminated.
	(1) Normal termination (return value 0)
		Usr 0 00:00:08, Sys 0 00:00:01  -  Run Remote Usage
		Usr 0 00:00:00, Sys 0 00:00:00  -  Run Local Usage
		Usr 0 00:00:08, Sys 0 00:00:01  -  Total Remote Usage
		Usr 0 00:00:00, Sys 0 00:00:00  -  Total Local Usage
	7946  -  Run Bytes Sent By Job
	374  -  Run Bytes Received By Job
	7946  -  Total Bytes Sent By Job
	374  -  Total Bytes Received By Job
	Partitionable Resources :    Usage  Request Allocated 
	   Cpus                 :                 1         1 
	   Disk (KB)            :       23        1   2660498 
	   Memory (MB)          :      122     2000      2000 

	Job terminated of its own accord at 2023-09-28T13:07:08Z.
...
