000 (15159743.091.000) 10/09 07:56:33 Job submitted from host: <188.184.90.241:9618?addrs=188.184.90.241-9618+[2001-1458-201-e4--100-2eb]-9618&alias=bigbird15.cern.ch&noUDP&sock=schedd_2763_c443>
...
040 (15159743.091.000) 10/09 08:10:04 Started transferring input files
	Transferring to host: <128.142.137.77:9618?addrs=128.142.137.77-9618+[2001-1458-301-5e--100-41]-9618&alias=b7g19p8025.cern.ch&noUDP&sock=slot1_6_3956_1c1a_105660>
...
040 (15159743.091.000) 10/09 08:10:04 Finished transferring input files
...
001 (15159743.091.000) 10/09 08:10:05 Job executing on host: <128.142.137.77:9618?addrs=128.142.137.77-9618+[2001-1458-301-5e--100-41]-9618&alias=b7g19p8025.cern.ch&noUDP&sock=startd_2929_a0fc>
...
006 (15159743.091.000) 10/09 08:10:14 Image size of job updated: 688328
	60  -  MemoryUsage of job (MB)
	60736  -  ResidentSetSize of job (KB)
...
006 (15159743.091.000) 10/09 08:15:14 Image size of job updated: 901240
	357  -  MemoryUsage of job (MB)
	364964  -  ResidentSetSize of job (KB)
...
006 (15159743.091.000) 10/09 08:20:14 Image size of job updated: 2858316
	2267  -  MemoryUsage of job (MB)
	2320792  -  ResidentSetSize of job (KB)
...
006 (15159743.091.000) 10/09 08:21:26 Image size of job updated: 2962588
	2267  -  MemoryUsage of job (MB)
	2320792  -  ResidentSetSize of job (KB)
...
040 (15159743.091.000) 10/09 08:21:26 Started transferring output files
...
040 (15159743.091.000) 10/09 08:21:26 Finished transferring output files
...
005 (15159743.091.000) 10/09 08:21:26 Job terminated.
	(1) Normal termination (return value 0)
		Usr 0 00:09:35, Sys 0 00:00:13  -  Run Remote Usage
		Usr 0 00:00:00, Sys 0 00:00:00  -  Run Local Usage
		Usr 0 00:09:35, Sys 0 00:00:13  -  Total Remote Usage
		Usr 0 00:00:00, Sys 0 00:00:00  -  Total Local Usage
	138349  -  Run Bytes Sent By Job
	269  -  Run Bytes Received By Job
	138349  -  Total Bytes Sent By Job
	269  -  Total Bytes Received By Job
	Partitionable Resources :    Usage  Request Allocated 
	   Cpus                 :     0.96        1         1 
	   Disk (KB)            :   156           1   1694800 
	   Memory (MB)          :  2267        2000      2000 

	Job terminated of its own accord at 2023-10-09T06:21:26Z.
...
