000 (15159766.032.000) 10/09 11:47:56 Job submitted from host: <188.184.90.241:9618?addrs=188.184.90.241-9618+[2001-1458-201-e4--100-2eb]-9618&alias=bigbird15.cern.ch&noUDP&sock=schedd_2763_c443>
...
040 (15159766.032.000) 10/09 14:24:34 Started transferring input files
	Transferring to host: <128.142.60.24:9618?addrs=128.142.60.24-9618+[2001-1458-301-22--100-17]-9618&alias=b7s05p6994.cern.ch&noUDP&sock=slot1_8_4025_b9fd_210508>
...
040 (15159766.032.000) 10/09 14:24:34 Finished transferring input files
...
001 (15159766.032.000) 10/09 14:24:35 Job executing on host: <128.142.60.24:9618?addrs=128.142.60.24-9618+[2001-1458-301-22--100-17]-9618&alias=b7s05p6994.cern.ch&noUDP&sock=startd_3945_8535>
...
006 (15159766.032.000) 10/09 14:24:43 Image size of job updated: 911528
	122  -  MemoryUsage of job (MB)
	124820  -  ResidentSetSize of job (KB)
...
006 (15159766.032.000) 10/09 14:29:43 Image size of job updated: 921856
	131  -  MemoryUsage of job (MB)
	133952  -  ResidentSetSize of job (KB)
...
040 (15159766.032.000) 10/09 14:31:11 Started transferring output files
...
040 (15159766.032.000) 10/09 14:31:11 Finished transferring output files
...
005 (15159766.032.000) 10/09 14:31:11 Job terminated.
	(1) Normal termination (return value 0)
		Usr 0 00:00:09, Sys 0 00:00:00  -  Run Remote Usage
		Usr 0 00:00:00, Sys 0 00:00:00  -  Run Local Usage
		Usr 0 00:00:09, Sys 0 00:00:00  -  Total Remote Usage
		Usr 0 00:00:00, Sys 0 00:00:00  -  Total Local Usage
	11027  -  Run Bytes Sent By Job
	374  -  Run Bytes Received By Job
	11027  -  Total Bytes Sent By Job
	374  -  Total Bytes Received By Job
	Partitionable Resources :    Usage  Request Allocated 
	   Cpus                 :     0.00        1         1 
	   Disk (KB)            :    32           1   1229290 
	   Memory (MB)          :   131        2000      2000 

	Job terminated of its own accord at 2023-10-09T12:31:11Z.
...
