000 (14808124.026.000) 05/19 04:24:07 Job submitted from host: <188.184.90.241:9618?addrs=188.184.90.241-9618+[2001-1458-201-e4--100-2eb]-9618&alias=bigbird15.cern.ch&noUDP&sock=schedd_3273_9590>
...
040 (14808124.026.000) 05/19 04:35:48 Started transferring input files
	Transferring to host: <128.142.60.145:9618?addrs=128.142.60.145-9618+[2001-1458-301-22--100-90]-9618&alias=b7s05p3591.cern.ch&noUDP&sock=slot1_27_7051_d138_39715>
...
040 (14808124.026.000) 05/19 04:35:48 Finished transferring input files
...
001 (14808124.026.000) 05/19 04:35:49 Job executing on host: <128.142.60.145:9618?addrs=128.142.60.145-9618+[2001-1458-301-22--100-90]-9618&alias=b7s05p3591.cern.ch&noUDP&sock=startd_5345_cdcc>
...
006 (14808124.026.000) 05/19 04:35:58 Image size of job updated: 554132
	47  -  MemoryUsage of job (MB)
	47660  -  ResidentSetSize of job (KB)
...
006 (14808124.026.000) 05/19 04:40:59 Image size of job updated: 4336044
	3638  -  MemoryUsage of job (MB)
	3724400  -  ResidentSetSize of job (KB)
...
006 (14808124.026.000) 05/19 04:41:27 Image size of job updated: 4336660
	3638  -  MemoryUsage of job (MB)
	3724400  -  ResidentSetSize of job (KB)
...
040 (14808124.026.000) 05/19 04:41:28 Started transferring output files
...
040 (14808124.026.000) 05/19 04:41:28 Finished transferring output files
...
005 (14808124.026.000) 05/19 04:41:28 Job terminated.
	(1) Normal termination (return value 0)
		Usr 0 00:03:05, Sys 0 00:00:08  -  Run Remote Usage
		Usr 0 00:00:00, Sys 0 00:00:00  -  Run Local Usage
		Usr 0 00:03:05, Sys 0 00:00:08  -  Total Remote Usage
		Usr 0 00:00:00, Sys 0 00:00:00  -  Total Local Usage
	298563  -  Run Bytes Sent By Job
	269  -  Run Bytes Received By Job
	298563  -  Total Bytes Sent By Job
	269  -  Total Bytes Received By Job
	Partitionable Resources :    Usage  Request Allocated 
	   Cpus                 :                 1         1 
	   Disk (KB)            :      305        1   1339779 
	   Memory (MB)          :     3638     2000      2000 

	Job terminated of its own accord at 2023-05-19T02:41:27Z.
...
