000 (15148189.018.000) 09/26 21:00:55 Job submitted from host: <188.184.90.241:9618?addrs=188.184.90.241-9618+[2001-1458-201-e4--100-2eb]-9618&alias=bigbird15.cern.ch&noUDP&sock=schedd_2763_c443>
...
040 (15148189.018.000) 09/26 21:11:22 Started transferring input files
	Transferring to host: <128.142.58.143:9618?addrs=128.142.58.143-9618+[2001-1458-301-16--100-8e]-9618&alias=b7s03p9631.cern.ch&noUDP&sock=slot1_18_34107_3784_101428>
...
040 (15148189.018.000) 09/26 21:11:22 Finished transferring input files
...
001 (15148189.018.000) 09/26 21:11:23 Job executing on host: <128.142.58.143:9618?addrs=128.142.58.143-9618+[2001-1458-301-16--100-8e]-9618&alias=b7s03p9631.cern.ch&noUDP&sock=startd_34048_acab>
...
006 (15148189.018.000) 09/26 21:11:32 Image size of job updated: 87452
	52  -  MemoryUsage of job (MB)
	52272  -  ResidentSetSize of job (KB)
...
006 (15148189.018.000) 09/26 21:16:33 Image size of job updated: 1082196
	521  -  MemoryUsage of job (MB)
	532504  -  ResidentSetSize of job (KB)
...
006 (15148189.018.000) 09/26 21:21:34 Image size of job updated: 1083332
	521  -  MemoryUsage of job (MB)
	532504  -  ResidentSetSize of job (KB)
...
006 (15148189.018.000) 09/26 21:26:34 Image size of job updated: 3663852
	521  -  MemoryUsage of job (MB)
	532504  -  ResidentSetSize of job (KB)
...
006 (15148189.018.000) 09/26 21:31:35 Image size of job updated: 3707416
	521  -  MemoryUsage of job (MB)
	532504  -  ResidentSetSize of job (KB)
...
006 (15148189.018.000) 09/26 21:36:36 Image size of job updated: 3968624
	524  -  MemoryUsage of job (MB)
	536284  -  ResidentSetSize of job (KB)
...
006 (15148189.018.000) 09/26 21:40:18 Image size of job updated: 3991840
	524  -  MemoryUsage of job (MB)
	536284  -  ResidentSetSize of job (KB)
...
040 (15148189.018.000) 09/26 21:40:19 Started transferring output files
...
040 (15148189.018.000) 09/26 21:40:19 Finished transferring output files
...
005 (15148189.018.000) 09/26 21:40:19 Job terminated.
	(1) Normal termination (return value 0)
		Usr 0 00:07:49, Sys 0 00:00:16  -  Run Remote Usage
		Usr 0 00:00:00, Sys 0 00:00:00  -  Run Local Usage
		Usr 0 00:07:49, Sys 0 00:00:16  -  Total Remote Usage
		Usr 0 00:00:00, Sys 0 00:00:00  -  Total Local Usage
	80224  -  Run Bytes Sent By Job
	323  -  Run Bytes Received By Job
	80224  -  Total Bytes Sent By Job
	323  -  Total Bytes Received By Job
	Partitionable Resources :    Usage  Request Allocated 
	   Cpus                 :        0        1         1 
	   Disk (KB)            :      100        1   1130778 
	   Memory (MB)          :      524     2000      2000 

	Job terminated of its own accord at 2023-09-26T19:40:18Z.
...
