000 (14807272.026.000) 05/14 22:53:25 Job submitted from host: <188.184.90.241:9618?addrs=188.184.90.241-9618+[2001-1458-201-e4--100-2eb]-9618&alias=bigbird15.cern.ch&noUDP&sock=schedd_3273_9590>
...
040 (14807272.026.000) 05/14 23:06:21 Started transferring input files
	Transferring to host: <128.142.60.24:9618?addrs=128.142.60.24-9618+[2001-1458-301-22--100-17]-9618&alias=b7s05p6994.cern.ch&noUDP&sock=slot1_1_4025_b9fd_35371>
...
040 (14807272.026.000) 05/14 23:06:21 Finished transferring input files
...
001 (14807272.026.000) 05/14 23:06:22 Job executing on host: <128.142.60.24:9618?addrs=128.142.60.24-9618+[2001-1458-301-22--100-17]-9618&alias=b7s05p6994.cern.ch&noUDP&sock=startd_3945_8535>
...
006 (14807272.026.000) 05/14 23:06:31 Image size of job updated: 554340
	47  -  MemoryUsage of job (MB)
	47976  -  ResidentSetSize of job (KB)
...
006 (14807272.026.000) 05/14 23:11:31 Image size of job updated: 2385588
	1819  -  MemoryUsage of job (MB)
	1861652  -  ResidentSetSize of job (KB)
...
006 (14807272.026.000) 05/14 23:16:32 Image size of job updated: 2511708
	1819  -  MemoryUsage of job (MB)
	1861652  -  ResidentSetSize of job (KB)
...
006 (14807272.026.000) 05/14 23:21:33 Image size of job updated: 4403036
	1819  -  MemoryUsage of job (MB)
	1861652  -  ResidentSetSize of job (KB)
...
006 (14807272.026.000) 05/14 23:26:33 Image size of job updated: 4474684
	1819  -  MemoryUsage of job (MB)
	1861652  -  ResidentSetSize of job (KB)
...
006 (14807272.026.000) 05/14 23:27:36 Image size of job updated: 4493232
	1819  -  MemoryUsage of job (MB)
	1861652  -  ResidentSetSize of job (KB)
...
040 (14807272.026.000) 05/14 23:27:36 Started transferring output files
...
040 (14807272.026.000) 05/14 23:27:37 Finished transferring output files
...
005 (14807272.026.000) 05/14 23:27:37 Job terminated.
	(1) Normal termination (return value 0)
		Usr 0 00:08:29, Sys 0 00:00:50  -  Run Remote Usage
		Usr 0 00:00:00, Sys 0 00:00:00  -  Run Local Usage
		Usr 0 00:08:29, Sys 0 00:00:50  -  Total Remote Usage
		Usr 0 00:00:00, Sys 0 00:00:00  -  Total Local Usage
	129162  -  Run Bytes Sent By Job
	323  -  Run Bytes Received By Job
	129162  -  Total Bytes Sent By Job
	323  -  Total Bytes Received By Job
	Partitionable Resources :    Usage  Request Allocated 
	   Cpus                 :     0.10        1         1 
	   Disk (KB)            :   147           1   1286314 
	   Memory (MB)          :  1819        2000      2000 

	Job terminated of its own accord at 2023-05-14T21:27:36Z.
...
