000 (14810514.010.000) 05/31 15:37:52 Job submitted from host: <188.184.90.241:9618?addrs=188.184.90.241-9618+[2001-1458-201-e4--100-2eb]-9618&alias=bigbird15.cern.ch&noUDP&sock=schedd_3273_9590>
...
040 (14810514.010.000) 05/31 16:03:01 Started transferring input files
	Transferring to host: <128.142.131.169:9618?addrs=128.142.131.169-9618+[2001-1458-301-59--100-9d]-9618&alias=b7g11p0362.cern.ch&noUDP&sock=slot1_6_8634_2f18_53631>
...
040 (14810514.010.000) 05/31 16:03:01 Finished transferring input files
...
001 (14810514.010.000) 05/31 16:03:02 Job executing on host: <128.142.131.169:9618?addrs=128.142.131.169-9618+[2001-1458-301-59--100-9d]-9618&alias=b7g11p0362.cern.ch&noUDP&sock=startd_7555_ae19>
...
006 (14810514.010.000) 05/31 16:03:11 Image size of job updated: 554140
	47  -  MemoryUsage of job (MB)
	47688  -  ResidentSetSize of job (KB)
...
006 (14810514.010.000) 05/31 16:08:12 Image size of job updated: 1551484
	989  -  MemoryUsage of job (MB)
	1011884  -  ResidentSetSize of job (KB)
...
006 (14810514.010.000) 05/31 16:13:13 Image size of job updated: 1679960
	989  -  MemoryUsage of job (MB)
	1011884  -  ResidentSetSize of job (KB)
...
006 (14810514.010.000) 05/31 16:18:13 Image size of job updated: 4035328
	989  -  MemoryUsage of job (MB)
	1011884  -  ResidentSetSize of job (KB)
...
006 (14810514.010.000) 05/31 16:23:14 Image size of job updated: 4322652
	989  -  MemoryUsage of job (MB)
	1011884  -  ResidentSetSize of job (KB)
...
006 (14810514.010.000) 05/31 16:28:15 Image size of job updated: 4403340
	989  -  MemoryUsage of job (MB)
	1011884  -  ResidentSetSize of job (KB)
...
006 (14810514.010.000) 05/31 16:29:12 Image size of job updated: 4414344
	989  -  MemoryUsage of job (MB)
	1011884  -  ResidentSetSize of job (KB)
...
040 (14810514.010.000) 05/31 16:29:12 Started transferring output files
...
040 (14810514.010.000) 05/31 16:29:12 Finished transferring output files
...
005 (14810514.010.000) 05/31 16:29:12 Job terminated.
	(1) Normal termination (return value 0)
		Usr 0 00:09:25, Sys 0 00:00:38  -  Run Remote Usage
		Usr 0 00:00:00, Sys 0 00:00:00  -  Run Local Usage
		Usr 0 00:09:25, Sys 0 00:00:38  -  Total Remote Usage
		Usr 0 00:00:00, Sys 0 00:00:00  -  Total Local Usage
	107645  -  Run Bytes Sent By Job
	323  -  Run Bytes Received By Job
	107645  -  Total Bytes Sent By Job
	323  -  Total Bytes Received By Job
	Partitionable Resources :    Usage  Request Allocated 
	   Cpus                 :     0.02        1         1 
	   Disk (KB)            :   126           1   1722993 
	   Memory (MB)          :   989        2000      2000 

	Job terminated of its own accord at 2023-05-31T14:29:12Z.
...
