000 (15151337.021.000) 10/02 16:23:27 Job submitted from host: <188.184.90.241:9618?addrs=188.184.90.241-9618+[2001-1458-201-e4--100-2eb]-9618&alias=bigbird15.cern.ch&noUDP&sock=schedd_2763_c443>
...
040 (15151337.021.000) 10/02 16:27:10 Started transferring input files
	Transferring to host: <128.142.130.92:9618?addrs=128.142.130.92-9618+[2001-1458-301-58--100-50]-9618&alias=b7g20p9490.cern.ch&noUDP&sock=slot1_14_3636_a40d_192423>
...
040 (15151337.021.000) 10/02 16:27:10 Finished transferring input files
...
001 (15151337.021.000) 10/02 16:27:11 Job executing on host: <128.142.130.92:9618?addrs=128.142.130.92-9618+[2001-1458-301-58--100-50]-9618&alias=b7g20p9490.cern.ch&noUDP&sock=startd_3102_4ade>
...
006 (15151337.021.000) 10/02 16:27:19 Image size of job updated: 538092
	51  -  MemoryUsage of job (MB)
	51904  -  ResidentSetSize of job (KB)
...
006 (15151337.021.000) 10/02 16:32:19 Image size of job updated: 1151736
	600  -  MemoryUsage of job (MB)
	614140  -  ResidentSetSize of job (KB)
...
006 (15151337.021.000) 10/02 16:42:20 Image size of job updated: 3547460
	600  -  MemoryUsage of job (MB)
	614140  -  ResidentSetSize of job (KB)
...
006 (15151337.021.000) 10/02 16:47:20 Image size of job updated: 3589604
	600  -  MemoryUsage of job (MB)
	614140  -  ResidentSetSize of job (KB)
...
006 (15151337.021.000) 10/02 16:52:20 Image size of job updated: 3784816
	600  -  MemoryUsage of job (MB)
	614140  -  ResidentSetSize of job (KB)
...
006 (15151337.021.000) 10/02 16:57:21 Image size of job updated: 3789816
	600  -  MemoryUsage of job (MB)
	614140  -  ResidentSetSize of job (KB)
...
006 (15151337.021.000) 10/02 17:02:22 Image size of job updated: 3796368
	600  -  MemoryUsage of job (MB)
	614140  -  ResidentSetSize of job (KB)
...
006 (15151337.021.000) 10/02 17:07:22 Image size of job updated: 3847984
	600  -  MemoryUsage of job (MB)
	614140  -  ResidentSetSize of job (KB)
...
006 (15151337.021.000) 10/02 17:12:23 Image size of job updated: 3852100
	600  -  MemoryUsage of job (MB)
	614140  -  ResidentSetSize of job (KB)
...
006 (15151337.021.000) 10/02 17:15:59 Image size of job updated: 3867360
	600  -  MemoryUsage of job (MB)
	614140  -  ResidentSetSize of job (KB)
...
040 (15151337.021.000) 10/02 17:15:59 Started transferring output files
...
040 (15151337.021.000) 10/02 17:15:59 Finished transferring output files
...
005 (15151337.021.000) 10/02 17:15:59 Job terminated.
	(1) Normal termination (return value 0)
		Usr 0 00:10:19, Sys 0 00:00:15  -  Run Remote Usage
		Usr 0 00:00:00, Sys 0 00:00:00  -  Run Local Usage
		Usr 0 00:10:19, Sys 0 00:00:15  -  Total Remote Usage
		Usr 0 00:00:00, Sys 0 00:00:00  -  Total Local Usage
	75337  -  Run Bytes Sent By Job
	323  -  Run Bytes Received By Job
	75337  -  Total Bytes Sent By Job
	323  -  Total Bytes Received By Job
	Partitionable Resources :    Usage  Request Allocated 
	   Cpus                 :     0.06        1         1 
	   Disk (KB)            :    95           1   1678775 
	   Memory (MB)          :   600        2000      2000 

	Job terminated of its own accord at 2023-10-02T15:15:59Z.
...
