000 (15159756.094.000) 10/09 09:27:44 Job submitted from host: <188.184.90.241:9618?addrs=188.184.90.241-9618+[2001-1458-201-e4--100-2eb]-9618&alias=bigbird15.cern.ch&noUDP&sock=schedd_2763_c443>
...
040 (15159756.094.000) 10/09 11:15:14 Started transferring input files
	Transferring to host: <188.184.163.121:9618?addrs=188.184.163.121-9618&alias=b7s12p3033.cern.ch&noUDP&sock=slot1_8_36869_4bb4_126260>
...
040 (15159756.094.000) 10/09 11:15:14 Finished transferring input files
...
001 (15159756.094.000) 10/09 11:15:15 Job executing on host: <188.184.163.121:9618?addrs=188.184.163.121-9618&alias=b7s12p3033.cern.ch&noUDP&sock=startd_3211_0eb1>
...
006 (15159756.094.000) 10/09 11:15:17 Image size of job updated: 39252
	0  -  MemoryUsage of job (MB)
	0  -  ResidentSetSize of job (KB)
...
040 (15159756.094.000) 10/09 11:15:17 Started transferring output files
...
040 (15159756.094.000) 10/09 11:15:17 Finished transferring output files
...
005 (15159756.094.000) 10/09 11:15:17 Job terminated.
	(1) Normal termination (return value 0)
		Usr 0 00:00:00, Sys 0 00:00:00  -  Run Remote Usage
		Usr 0 00:00:00, Sys 0 00:00:00  -  Run Local Usage
		Usr 0 00:00:00, Sys 0 00:00:00  -  Total Remote Usage
		Usr 0 00:00:00, Sys 0 00:00:00  -  Total Local Usage
	11798  -  Run Bytes Sent By Job
	269  -  Run Bytes Received By Job
	11798  -  Total Bytes Sent By Job
	269  -  Total Bytes Received By Job
	Partitionable Resources :    Usage  Request Allocated 
	   Cpus                 :                 1         1 
	   Disk (KB)            :       25        1   3062775 
	   Memory (MB)          :        0     2000      2000 

	Job terminated of its own accord at 2023-10-09T09:15:17Z.
...
