000 (14807135.000.000) 05/13 19:23:40 Job submitted from host: <188.184.90.241:9618?addrs=188.184.90.241-9618+[2001-1458-201-e4--100-2eb]-9618&alias=bigbird15.cern.ch&noUDP&sock=schedd_3273_9590>
...
040 (14807135.000.000) 05/13 19:35:07 Started transferring input files
	Transferring to host: <128.142.248.105:9618?addrs=128.142.248.105-9618+[2001-1458-301-73--100-159]-9618&alias=b7g23p1831.cern.ch&noUDP&sock=slot1_10_16984_83ac_47160>
...
040 (14807135.000.000) 05/13 19:35:07 Finished transferring input files
...
001 (14807135.000.000) 05/13 19:35:08 Job executing on host: <128.142.248.105:9618?addrs=128.142.248.105-9618+[2001-1458-301-73--100-159]-9618&alias=b7g23p1831.cern.ch&noUDP&sock=startd_16915_dc8e>
...
006 (14807135.000.000) 05/13 19:35:16 Image size of job updated: 554120
	47  -  MemoryUsage of job (MB)
	47680  -  ResidentSetSize of job (KB)
...
006 (14807135.000.000) 05/13 19:40:16 Image size of job updated: 1793796
	1201  -  MemoryUsage of job (MB)
	1229608  -  ResidentSetSize of job (KB)
...
006 (14807135.000.000) 05/13 19:45:17 Image size of job updated: 4332908
	1201  -  MemoryUsage of job (MB)
	1229608  -  ResidentSetSize of job (KB)
...
006 (14807135.000.000) 05/13 19:48:51 Image size of job updated: 4418080
	1201  -  MemoryUsage of job (MB)
	1229608  -  ResidentSetSize of job (KB)
...
040 (14807135.000.000) 05/13 19:48:51 Started transferring output files
...
040 (14807135.000.000) 05/13 19:48:51 Finished transferring output files
...
005 (14807135.000.000) 05/13 19:48:51 Job terminated.
	(1) Normal termination (return value 0)
		Usr 0 00:08:52, Sys 0 00:00:32  -  Run Remote Usage
		Usr 0 00:00:00, Sys 0 00:00:00  -  Run Local Usage
		Usr 0 00:08:52, Sys 0 00:00:32  -  Total Remote Usage
		Usr 0 00:00:00, Sys 0 00:00:00  -  Total Local Usage
	116955  -  Run Bytes Sent By Job
	323  -  Run Bytes Received By Job
	116955  -  Total Bytes Sent By Job
	323  -  Total Bytes Received By Job
	Partitionable Resources :    Usage  Request Allocated 
	   Cpus                 :     0.97        1         1 
	   Disk (KB)            :   135           1   3033751 
	   Memory (MB)          :  1201        2000      2000 

	Job terminated of its own accord at 2023-05-13T17:48:51Z.
...
