000 (15150655.170.000) 09/28 15:00:14 Job submitted from host: <188.184.90.241:9618?addrs=188.184.90.241-9618+[2001-1458-201-e4--100-2eb]-9618&alias=bigbird15.cern.ch&noUDP&sock=schedd_2763_c443>
...
040 (15150655.170.000) 09/28 15:03:38 Started transferring input files
	Transferring to host: <188.184.163.39:9618?addrs=188.184.163.39-9618+[2001-1458-301-4d--100-21]-9618&alias=b7s12p1233.cern.ch&noUDP&sock=slot1_23_252374_1050_8897>
...
040 (15150655.170.000) 09/28 15:03:38 Finished transferring input files
...
001 (15150655.170.000) 09/28 15:03:39 Job executing on host: <188.184.163.39:9618?addrs=188.184.163.39-9618+[2001-1458-301-4d--100-21]-9618&alias=b7s12p1233.cern.ch&noUDP&sock=startd_3303_2968>
...
006 (15150655.170.000) 09/28 15:03:48 Image size of job updated: 912716
	122  -  MemoryUsage of job (MB)
	124896  -  ResidentSetSize of job (KB)
...
006 (15150655.170.000) 09/28 15:07:11 Image size of job updated: 924664
	122  -  MemoryUsage of job (MB)
	124896  -  ResidentSetSize of job (KB)
...
040 (15150655.170.000) 09/28 15:07:11 Started transferring output files
...
040 (15150655.170.000) 09/28 15:07:11 Finished transferring output files
...
005 (15150655.170.000) 09/28 15:07:11 Job terminated.
	(1) Normal termination (return value 0)
		Usr 0 00:00:15, Sys 0 00:00:00  -  Run Remote Usage
		Usr 0 00:00:00, Sys 0 00:00:00  -  Run Local Usage
		Usr 0 00:00:15, Sys 0 00:00:00  -  Total Remote Usage
		Usr 0 00:00:00, Sys 0 00:00:00  -  Total Local Usage
	7919  -  Run Bytes Sent By Job
	374  -  Run Bytes Received By Job
	7919  -  Total Bytes Sent By Job
	374  -  Total Bytes Received By Job
	Partitionable Resources :    Usage  Request Allocated 
	   Cpus                 :        0        1         1 
	   Disk (KB)            :       29        1   2901144 
	   Memory (MB)          :      122     2000      2000 

	Job terminated of its own accord at 2023-09-28T13:07:11Z.
...
