000 (15150662.006.000) 09/28 15:49:40 Job submitted from host: <188.184.90.241:9618?addrs=188.184.90.241-9618+[2001-1458-201-e4--100-2eb]-9618&alias=bigbird15.cern.ch&noUDP&sock=schedd_2763_c443>
...
040 (15150662.006.000) 09/28 16:00:49 Started transferring input files
	Transferring to host: <128.142.60.111:9618?addrs=128.142.60.111-9618+[2001-1458-301-22--100-6e]-9618&alias=b7s05p8674.cern.ch&noUDP&sock=slot1_4_845_20fb_97857>
...
040 (15150662.006.000) 09/28 16:00:49 Finished transferring input files
...
001 (15150662.006.000) 09/28 16:00:50 Job executing on host: <128.142.60.111:9618?addrs=128.142.60.111-9618+[2001-1458-301-22--100-6e]-9618&alias=b7s05p8674.cern.ch&noUDP&sock=startd_2850_7101>
...
006 (15150662.006.000) 09/28 16:00:59 Image size of job updated: 917912
	130  -  MemoryUsage of job (MB)
	132376  -  ResidentSetSize of job (KB)
...
006 (15150662.006.000) 09/28 16:01:49 Image size of job updated: 921876
	130  -  MemoryUsage of job (MB)
	132376  -  ResidentSetSize of job (KB)
...
040 (15150662.006.000) 09/28 16:01:50 Started transferring output files
...
040 (15150662.006.000) 09/28 16:01:50 Finished transferring output files
...
005 (15150662.006.000) 09/28 16:01:50 Job terminated.
	(1) Normal termination (return value 0)
		Usr 0 00:00:05, Sys 0 00:00:00  -  Run Remote Usage
		Usr 0 00:00:00, Sys 0 00:00:00  -  Run Local Usage
		Usr 0 00:00:05, Sys 0 00:00:00  -  Total Remote Usage
		Usr 0 00:00:00, Sys 0 00:00:00  -  Total Local Usage
	8534  -  Run Bytes Sent By Job
	374  -  Run Bytes Received By Job
	8534  -  Total Bytes Sent By Job
	374  -  Total Bytes Received By Job
	Partitionable Resources :    Usage  Request Allocated 
	   Cpus                 :                 1         1 
	   Disk (KB)            :       22        1   1296065 
	   Memory (MB)          :      130     2000      2000 

	Job terminated of its own accord at 2023-09-28T14:01:49Z.
...
