000 (15150654.161.000) 09/28 14:27:13 Job submitted from host: <188.184.90.241:9618?addrs=188.184.90.241-9618+[2001-1458-201-e4--100-2eb]-9618&alias=bigbird15.cern.ch&noUDP&sock=schedd_2763_c443>
...
040 (15150654.161.000) 09/28 14:46:49 Started transferring input files
	Transferring to host: <188.184.163.197:9618?addrs=188.184.163.197-9618&alias=b7s12p7721.cern.ch&noUDP&sock=slot1_4_3712_3090_45>
...
040 (15150654.161.000) 09/28 14:46:49 Finished transferring input files
...
001 (15150654.161.000) 09/28 14:46:50 Job executing on host: <188.184.163.197:9618?addrs=188.184.163.197-9618&alias=b7s12p7721.cern.ch&noUDP&sock=startd_2850_7101>
...
006 (15150654.161.000) 09/28 14:46:58 Image size of job updated: 910228
	120  -  MemoryUsage of job (MB)
	122648  -  ResidentSetSize of job (KB)
...
006 (15150654.161.000) 09/28 14:48:39 Image size of job updated: 923420
	120  -  MemoryUsage of job (MB)
	122648  -  ResidentSetSize of job (KB)
...
040 (15150654.161.000) 09/28 14:48:39 Started transferring output files
...
040 (15150654.161.000) 09/28 14:48:39 Finished transferring output files
...
005 (15150654.161.000) 09/28 14:48:39 Job terminated.
	(1) Normal termination (return value 0)
		Usr 0 00:00:10, Sys 0 00:00:00  -  Run Remote Usage
		Usr 0 00:00:00, Sys 0 00:00:00  -  Run Local Usage
		Usr 0 00:00:10, Sys 0 00:00:00  -  Total Remote Usage
		Usr 0 00:00:00, Sys 0 00:00:00  -  Total Local Usage
	7004  -  Run Bytes Sent By Job
	374  -  Run Bytes Received By Job
	7004  -  Total Bytes Sent By Job
	374  -  Total Bytes Received By Job
	Partitionable Resources :    Usage  Request Allocated 
	   Cpus                 :                 1         1 
	   Disk (KB)            :       20        1   3020127 
	   Memory (MB)          :      120     2000      2000 

	Job terminated of its own accord at 2023-09-28T12:48:39Z.
...
