Error in <TSystem::ExpandFileName>: input: $HOME/.root.mimes, output: $HOME/.root.mimes
Error in <TSystem::ExpandFileName>: input: $HOME/.root.mimes, output: $HOME/.root.mimes
Error in <TCanvas::Range>: illegal world coordinates range: x1=1.138750, y1=0.000000, x2=1.146562, y2=0.000000
Error in <TCanvas::RangeAxis>: illegal axis coordinates range: xmin=1.140000, ymin=0.000000, xmax=1.145000, ymax=0.000000
Error in <TCanvas::Range>: illegal world coordinates range: x1=1.138750, y1=0.000000, x2=1.146562, y2=0.000000
Error in <TCanvas::RangeAxis>: illegal axis coordinates range: xmin=1.140000, ymin=0.000000, xmax=1.145000, ymax=0.000000
Error in <TCanvas::Range>: illegal world coordinates range: x1=0.316875, y1=0.000000, x2=0.320781, y2=0.000000
Error in <TCanvas::RangeAxis>: illegal axis coordinates range: xmin=0.317500, ymin=0.000000, xmax=0.320000, ymax=0.000000
Error in <TCanvas::Range>: illegal world coordinates range: x1=0.316875, y1=0.000000, x2=0.320781, y2=0.000000
Error in <TCanvas::RangeAxis>: illegal axis coordinates range: xmin=0.317500, ymin=0.000000, xmax=0.320000, ymax=0.000000
Error in <TCanvas::Range>: illegal world coordinates range: x1=0.113750, y1=0.000000, x2=0.121562, y2=0.000000
Error in <TCanvas::RangeAxis>: illegal axis coordinates range: xmin=0.115000, ymin=0.000000, xmax=0.120000, ymax=0.000000
Error in <TCanvas::Range>: illegal world coordinates range: x1=0.113750, y1=0.000000, x2=0.121562, y2=0.000000
Error in <TCanvas::RangeAxis>: illegal axis coordinates range: xmin=0.115000, ymin=0.000000, xmax=0.120000, ymax=0.000000
Error in <TDecompChol::Decompose()>: matrix not positive definite
Error in <TDecompChol::Solve()>: Decomposition failed
Error in <TLinearFitter::Eval>: Matrix inversion failed
Error in <TCanvas::Range>: illegal world coordinates range: x1=1.142500, y1=-0.160494, x2=1.142500, y2=1.074074
Error in <TCanvas::RangeAxis>: illegal axis coordinates range: xmin=1.142500, ymin=0.000000, xmax=1.142500, ymax=1.000000
Error in <TCanvas::Range>: illegal world coordinates range: x1=1.142500, y1=-0.160494, x2=1.142500, y2=1.074074
Error in <TCanvas::RangeAxis>: illegal axis coordinates range: xmin=1.142500, ymin=0.000000, xmax=1.142500, ymax=1.000000
Error in <TCanvas::Range>: illegal world coordinates range: x1=0.002500, y1=-0.160494, x2=0.002500, y2=1.074074
Error in <TCanvas::RangeAxis>: illegal axis coordinates range: xmin=0.002500, ymin=0.000000, xmax=0.002500, ymax=1.000000
Error in <TCanvas::Range>: illegal world coordinates range: x1=0.002500, y1=-0.160494, x2=0.002500, y2=1.074074
Error in <TCanvas::RangeAxis>: illegal axis coordinates range: xmin=0.002500, ymin=0.000000, xmax=0.002500, ymax=1.000000
Error in <TDecompChol::Decompose()>: matrix not positive definite
Error in <TDecompChol::Solve()>: Decomposition failed
Error in <TLinearFitter::Eval>: Matrix inversion failed
Error in <TDecompChol::Decompose()>: matrix not positive definite
Error in <TDecompChol::Solve()>: Decomposition failed
Error in <TLinearFitter::Eval>: Matrix inversion failed
Error in <TCanvas::Range>: illegal world coordinates range: x1=0.007500, y1=-0.160494, x2=0.007500, y2=1.074074
Error in <TCanvas::RangeAxis>: illegal axis coordinates range: xmin=0.007500, ymin=0.000000, xmax=0.007500, ymax=1.000000
Error in <TCanvas::Range>: illegal world coordinates range: x1=0.007500, y1=-0.160494, x2=0.007500, y2=1.074074
Error in <TCanvas::RangeAxis>: illegal axis coordinates range: xmin=0.007500, ymin=0.000000, xmax=0.007500, ymax=1.000000
Error in <TCanvas::Range>: illegal world coordinates range: x1=0.117500, y1=-0.160494, x2=0.117500, y2=1.074074
Error in <TCanvas::RangeAxis>: illegal axis coordinates range: xmin=0.117500, ymin=0.000000, xmax=0.117500, ymax=1.000000
Error in <TCanvas::Range>: illegal world coordinates range: x1=0.117500, y1=-0.160494, x2=0.117500, y2=1.074074
Error in <TCanvas::RangeAxis>: illegal axis coordinates range: xmin=0.117500, ymin=0.000000, xmax=0.117500, ymax=1.000000
Error in <TDecompChol::Decompose()>: matrix not positive definite
Error in <TDecompChol::Solve()>: Decomposition failed
Error in <TLinearFitter::Eval>: Matrix inversion failed
Error in <TDecompChol::Decompose()>: matrix not positive definite
Error in <TDecompChol::Solve()>: Decomposition failed
Error in <TLinearFitter::Eval>: Matrix inversion failed
Error in <TDecompChol::Decompose()>: matrix not positive definite
Error in <TDecompChol::Solve()>: Decomposition failed
Error in <TLinearFitter::Eval>: Matrix inversion failed
Error in <TDecompChol::Decompose()>: matrix not positive definite
Error in <TDecompChol::Solve()>: Decomposition failed
Error in <TLinearFitter::Eval>: Matrix inversion failed
