000 (15159766.031.000) 10/09 11:47:56 Job submitted from host: <188.184.90.241:9618?addrs=188.184.90.241-9618+[2001-1458-201-e4--100-2eb]-9618&alias=bigbird15.cern.ch&noUDP&sock=schedd_2763_c443>
...
040 (15159766.031.000) 10/09 14:24:28 Started transferring input files
	Transferring to host: <128.142.56.81:9618?addrs=128.142.56.81-9618+[2001-1458-301-6--100-50]-9618&alias=b7s01p5227.cern.ch&noUDP&sock=slot1_11_4231_df45_98508>
...
040 (15159766.031.000) 10/09 14:24:28 Finished transferring input files
...
001 (15159766.031.000) 10/09 14:24:29 Job executing on host: <128.142.56.81:9618?addrs=128.142.56.81-9618+[2001-1458-301-6--100-50]-9618&alias=b7s01p5227.cern.ch&noUDP&sock=startd_2898_5d8c>
...
006 (15159766.031.000) 10/09 14:24:37 Image size of job updated: 911496
	122  -  MemoryUsage of job (MB)
	124712  -  ResidentSetSize of job (KB)
...
006 (15159766.031.000) 10/09 14:27:00 Image size of job updated: 922976
	122  -  MemoryUsage of job (MB)
	124712  -  ResidentSetSize of job (KB)
...
040 (15159766.031.000) 10/09 14:27:00 Started transferring output files
...
040 (15159766.031.000) 10/09 14:27:00 Finished transferring output files
...
005 (15159766.031.000) 10/09 14:27:00 Job terminated.
	(1) Normal termination (return value 0)
		Usr 0 00:00:08, Sys 0 00:00:00  -  Run Remote Usage
		Usr 0 00:00:00, Sys 0 00:00:00  -  Run Local Usage
		Usr 0 00:00:08, Sys 0 00:00:00  -  Total Remote Usage
		Usr 0 00:00:00, Sys 0 00:00:00  -  Total Local Usage
	10566  -  Run Bytes Sent By Job
	374  -  Run Bytes Received By Job
	10566  -  Total Bytes Sent By Job
	374  -  Total Bytes Received By Job
	Partitionable Resources :    Usage  Request Allocated 
	   Cpus                 :                 1         1 
	   Disk (KB)            :       24        1   1315694 
	   Memory (MB)          :      122     2000      2000 

	Job terminated of its own accord at 2023-10-09T12:27:00Z.
...
