000 (14839060.007.000) 06/21 14:44:36 Job submitted from host: <188.184.90.241:9618?addrs=188.184.90.241-9618+[2001-1458-201-e4--100-2eb]-9618&alias=bigbird15.cern.ch&noUDP&sock=schedd_1460210_2ef4>
...
040 (14839060.007.000) 06/21 14:57:09 Started transferring input files
	Transferring to host: <128.142.131.102:9618?addrs=128.142.131.102-9618+[2001-1458-301-59--100-5a]-9618&alias=b7g11p1405.cern.ch&noUDP&sock=slot1_16_8136_4c44_68466>
...
040 (14839060.007.000) 06/21 14:57:09 Finished transferring input files
...
001 (14839060.007.000) 06/21 14:57:10 Job executing on host: <128.142.131.102:9618?addrs=128.142.131.102-9618+[2001-1458-301-59--100-5a]-9618&alias=b7g11p1405.cern.ch&noUDP&sock=startd_6915_b17c>
...
006 (14839060.007.000) 06/21 14:57:19 Image size of job updated: 48304
	47  -  MemoryUsage of job (MB)
	47680  -  ResidentSetSize of job (KB)
...
006 (14839060.007.000) 06/21 15:02:19 Image size of job updated: 921460
	370  -  MemoryUsage of job (MB)
	378284  -  ResidentSetSize of job (KB)
...
006 (14839060.007.000) 06/21 15:07:19 Image size of job updated: 1121460
	590  -  MemoryUsage of job (MB)
	603152  -  ResidentSetSize of job (KB)
...
006 (14839060.007.000) 06/21 15:12:20 Image size of job updated: 1321460
	761  -  MemoryUsage of job (MB)
	778284  -  ResidentSetSize of job (KB)
...
006 (14839060.007.000) 06/21 15:17:21 Image size of job updated: 3952268
	3333  -  MemoryUsage of job (MB)
	3412404  -  ResidentSetSize of job (KB)
...
006 (14839060.007.000) 06/21 15:19:44 Image size of job updated: 4053508
	3333  -  MemoryUsage of job (MB)
	3412404  -  ResidentSetSize of job (KB)
...
040 (14839060.007.000) 06/21 15:19:44 Started transferring output files
...
040 (14839060.007.000) 06/21 15:19:44 Finished transferring output files
...
005 (14839060.007.000) 06/21 15:19:44 Job terminated.
	(1) Normal termination (return value 0)
		Usr 0 00:21:00, Sys 0 00:00:13  -  Run Remote Usage
		Usr 0 00:00:00, Sys 0 00:00:00  -  Run Local Usage
		Usr 0 00:21:00, Sys 0 00:00:13  -  Total Remote Usage
		Usr 0 00:00:00, Sys 0 00:00:00  -  Total Local Usage
	237541  -  Run Bytes Sent By Job
	269  -  Run Bytes Received By Job
	237541  -  Total Bytes Sent By Job
	269  -  Total Bytes Received By Job
	Partitionable Resources :    Usage  Request Allocated 
	   Cpus                 :     1.00        1         1 
	   Disk (KB)            :   253           1   1650159 
	   Memory (MB)          :  3333        2000      2000 

	Job terminated of its own accord at 2023-06-21T13:19:44Z.
...
