000 (15155243.033.000) 10/07 13:26:29 Job submitted from host: <188.184.90.241:9618?addrs=188.184.90.241-9618+[2001-1458-201-e4--100-2eb]-9618&alias=bigbird15.cern.ch&noUDP&sock=schedd_2763_c443>
...
040 (15155243.033.000) 10/07 13:31:57 Started transferring input files
	Transferring to host: <128.142.130.143:9618?addrs=128.142.130.143-9618+[2001-1458-301-58--100-83]-9618&alias=b7g20p9176.cern.ch&noUDP&sock=slot1_12_18679_cb91_92999>
...
040 (15155243.033.000) 10/07 13:31:57 Finished transferring input files
...
001 (15155243.033.000) 10/07 13:31:58 Job executing on host: <128.142.130.143:9618?addrs=128.142.130.143-9618+[2001-1458-301-58--100-83]-9618&alias=b7g20p9176.cern.ch&noUDP&sock=startd_3190_a734>
...
006 (15155243.033.000) 10/07 13:32:07 Image size of job updated: 544756
	54  -  MemoryUsage of job (MB)
	54692  -  ResidentSetSize of job (KB)
...
006 (15155243.033.000) 10/07 13:32:54 Image size of job updated: 684968
	54  -  MemoryUsage of job (MB)
	54692  -  ResidentSetSize of job (KB)
...
040 (15155243.033.000) 10/07 13:32:54 Started transferring output files
...
040 (15155243.033.000) 10/07 13:32:54 Finished transferring output files
...
005 (15155243.033.000) 10/07 13:32:54 Job terminated.
	(1) Normal termination (return value 0)
		Usr 0 00:00:05, Sys 0 00:00:06  -  Run Remote Usage
		Usr 0 00:00:00, Sys 0 00:00:00  -  Run Local Usage
		Usr 0 00:00:05, Sys 0 00:00:06  -  Total Remote Usage
		Usr 0 00:00:00, Sys 0 00:00:00  -  Total Local Usage
	22116  -  Run Bytes Sent By Job
	323  -  Run Bytes Received By Job
	22116  -  Total Bytes Sent By Job
	323  -  Total Bytes Received By Job
	Partitionable Resources :    Usage  Request Allocated 
	   Cpus                 :                 1         1 
	   Disk (KB)            :       36        1   1574186 
	   Memory (MB)          :       54     2000      2000 

	Job terminated of its own accord at 2023-10-07T11:32:54Z.
...
