000 (15149113.012.000) 09/27 10:32:17 Job submitted from host: <188.184.90.241:9618?addrs=188.184.90.241-9618+[2001-1458-201-e4--100-2eb]-9618&alias=bigbird15.cern.ch&noUDP&sock=schedd_2763_c443>
...
040 (15149113.012.000) 09/27 10:47:11 Started transferring input files
	Transferring to host: <128.142.57.78:9618?addrs=128.142.57.78-9618&alias=b7s02p0106.cern.ch&noUDP&sock=slot1_12_3372_a102_72827>
...
040 (15149113.012.000) 09/27 10:47:11 Finished transferring input files
...
001 (15149113.012.000) 09/27 10:47:12 Job executing on host: <128.142.57.78:9618?addrs=128.142.57.78-9618&alias=b7s02p0106.cern.ch&noUDP&sock=startd_2827_aa53>
...
006 (15149113.012.000) 09/27 10:47:20 Image size of job updated: 1287292
	0  -  MemoryUsage of job (MB)
	0  -  ResidentSetSize of job (KB)
...
040 (15149113.012.000) 09/27 10:47:20 Started transferring output files
...
040 (15149113.012.000) 09/27 10:47:20 Finished transferring output files
...
005 (15149113.012.000) 09/27 10:47:20 Job terminated.
	(1) Normal termination (return value 0)
		Usr 0 00:00:02, Sys 0 00:00:01  -  Run Remote Usage
		Usr 0 00:00:00, Sys 0 00:00:00  -  Run Local Usage
		Usr 0 00:00:02, Sys 0 00:00:01  -  Total Remote Usage
		Usr 0 00:00:00, Sys 0 00:00:00  -  Total Local Usage
	25689  -  Run Bytes Sent By Job
	323  -  Run Bytes Received By Job
	25689  -  Total Bytes Sent By Job
	323  -  Total Bytes Received By Job
	Partitionable Resources :    Usage  Request Allocated 
	   Cpus                 :                 1         1 
	   Disk (KB)            :       39        1   2760887 
	   Memory (MB)          :        0     2000      2000 

	Job terminated of its own accord at 2023-09-27T08:47:20Z.
...
