000 (15159743.092.000) 10/09 07:56:33 Job submitted from host: <188.184.90.241:9618?addrs=188.184.90.241-9618+[2001-1458-201-e4--100-2eb]-9618&alias=bigbird15.cern.ch&noUDP&sock=schedd_2763_c443>
...
040 (15159743.092.000) 10/09 08:10:05 Started transferring input files
	Transferring to host: <128.142.137.151:9618?addrs=128.142.137.151-9618+[2001-1458-301-5e--100-8b]-9618&alias=b7g19p4059.cern.ch&noUDP&sock=slot1_12_3264_887e_192335>
...
040 (15159743.092.000) 10/09 08:10:05 Finished transferring input files
...
001 (15159743.092.000) 10/09 08:10:06 Job executing on host: <128.142.137.151:9618?addrs=128.142.137.151-9618+[2001-1458-301-5e--100-8b]-9618&alias=b7g19p4059.cern.ch&noUDP&sock=startd_3023_1ae3>
...
006 (15159743.092.000) 10/09 08:10:15 Image size of job updated: 678808
	59  -  MemoryUsage of job (MB)
	59660  -  ResidentSetSize of job (KB)
...
006 (15159743.092.000) 10/09 08:15:16 Image size of job updated: 878508
	355  -  MemoryUsage of job (MB)
	362964  -  ResidentSetSize of job (KB)
...
006 (15159743.092.000) 10/09 08:20:17 Image size of job updated: 1091592
	568  -  MemoryUsage of job (MB)
	581064  -  ResidentSetSize of job (KB)
...
006 (15159743.092.000) 10/09 08:23:06 Image size of job updated: 3014384
	568  -  MemoryUsage of job (MB)
	581064  -  ResidentSetSize of job (KB)
...
040 (15159743.092.000) 10/09 08:23:06 Started transferring output files
...
040 (15159743.092.000) 10/09 08:23:06 Finished transferring output files
...
005 (15159743.092.000) 10/09 08:23:06 Job terminated.
	(1) Normal termination (return value 0)
		Usr 0 00:11:22, Sys 0 00:00:21  -  Run Remote Usage
		Usr 0 00:00:00, Sys 0 00:00:00  -  Run Local Usage
		Usr 0 00:11:22, Sys 0 00:00:21  -  Total Remote Usage
		Usr 0 00:00:00, Sys 0 00:00:00  -  Total Local Usage
	154171  -  Run Bytes Sent By Job
	269  -  Run Bytes Received By Job
	154171  -  Total Bytes Sent By Job
	269  -  Total Bytes Received By Job
	Partitionable Resources :    Usage  Request Allocated 
	   Cpus                 :     1.00        1         1 
	   Disk (KB)            :   172           1   1638179 
	   Memory (MB)          :   568        2000      2000 

	Job terminated of its own accord at 2023-10-09T06:23:06Z.
...
