000 (14839059.008.000) 06/21 14:43:38 Job submitted from host: <188.184.90.241:9618?addrs=188.184.90.241-9618+[2001-1458-201-e4--100-2eb]-9618&alias=bigbird15.cern.ch&noUDP&sock=schedd_1460210_2ef4>
...
040 (14839059.008.000) 06/21 14:57:05 Started transferring input files
	Transferring to host: <128.142.192.162:9618?addrs=128.142.192.162-9618+[2001-1458-301-56--100-1e]-9618&alias=b7g18p1318.cern.ch&noUDP&sock=slot1_11_55585_692d_19851>
...
040 (14839059.008.000) 06/21 14:57:05 Finished transferring input files
...
001 (14839059.008.000) 06/21 14:57:06 Job executing on host: <128.142.192.162:9618?addrs=128.142.192.162-9618+[2001-1458-301-56--100-1e]-9618&alias=b7g18p1318.cern.ch&noUDP&sock=startd_36591_f601>
...
006 (14839059.008.000) 06/21 14:57:15 Image size of job updated: 515580
	47  -  MemoryUsage of job (MB)
	47692  -  ResidentSetSize of job (KB)
...
006 (14839059.008.000) 06/21 15:02:16 Image size of job updated: 1530288
	969  -  MemoryUsage of job (MB)
	991764  -  ResidentSetSize of job (KB)
...
006 (14839059.008.000) 06/21 15:07:16 Image size of job updated: 1555288
	969  -  MemoryUsage of job (MB)
	991764  -  ResidentSetSize of job (KB)
...
006 (14839059.008.000) 06/21 15:12:16 Image size of job updated: 4318448
	969  -  MemoryUsage of job (MB)
	991764  -  ResidentSetSize of job (KB)
...
006 (14839059.008.000) 06/21 15:16:13 Image size of job updated: 4405288
	969  -  MemoryUsage of job (MB)
	991764  -  ResidentSetSize of job (KB)
...
040 (14839059.008.000) 06/21 15:16:13 Started transferring output files
...
040 (14839059.008.000) 06/21 15:16:13 Finished transferring output files
...
005 (14839059.008.000) 06/21 15:16:13 Job terminated.
	(1) Normal termination (return value 0)
		Usr 0 00:09:32, Sys 0 00:00:32  -  Run Remote Usage
		Usr 0 00:00:00, Sys 0 00:00:00  -  Run Local Usage
		Usr 0 00:09:32, Sys 0 00:00:32  -  Total Remote Usage
		Usr 0 00:00:00, Sys 0 00:00:00  -  Total Local Usage
	105818  -  Run Bytes Sent By Job
	323  -  Run Bytes Received By Job
	105818  -  Total Bytes Sent By Job
	323  -  Total Bytes Received By Job
	Partitionable Resources :    Usage  Request Allocated 
	   Cpus                 :     0.95        1         1 
	   Disk (KB)            :   124           1   3073917 
	   Memory (MB)          :   969        2000      2000 

	Job terminated of its own accord at 2023-06-21T13:16:13Z.
...
