000 (14857949.018.000) 06/22 15:24:33 Job submitted from host: <188.184.90.241:9618?addrs=188.184.90.241-9618+[2001-1458-201-e4--100-2eb]-9618&alias=bigbird15.cern.ch&noUDP&sock=schedd_1460210_2ef4>
...
040 (14857949.018.000) 06/22 15:34:24 Started transferring input files
	Transferring to host: <128.142.60.13:9618?addrs=128.142.60.13-9618+[2001-1458-301-22--100-c]-9618&alias=b7s05p6764.cern.ch&noUDP&sock=slot1_19_4157_bb82_80665>
...
040 (14857949.018.000) 06/22 15:34:24 Finished transferring input files
...
001 (14857949.018.000) 06/22 15:34:25 Job executing on host: <128.142.60.13:9618?addrs=128.142.60.13-9618+[2001-1458-301-22--100-c]-9618&alias=b7s05p6764.cern.ch&noUDP&sock=startd_2957_d5a3>
...
006 (14857949.018.000) 06/22 15:34:34 Image size of job updated: 554284
	47  -  MemoryUsage of job (MB)
	48104  -  ResidentSetSize of job (KB)
...
006 (14857949.018.000) 06/22 15:39:35 Image size of job updated: 2417012
	1792  -  MemoryUsage of job (MB)
	1834020  -  ResidentSetSize of job (KB)
...
006 (14857949.018.000) 06/22 15:44:36 Image size of job updated: 3930700
	3358  -  MemoryUsage of job (MB)
	3438236  -  ResidentSetSize of job (KB)
...
006 (14857949.018.000) 06/22 15:49:36 Image size of job updated: 4633544
	4027  -  MemoryUsage of job (MB)
	4122716  -  ResidentSetSize of job (KB)
...
006 (14857949.018.000) 06/22 15:54:36 Image size of job updated: 4746804
	4027  -  MemoryUsage of job (MB)
	4122716  -  ResidentSetSize of job (KB)
...
040 (14857949.018.000) 06/22 16:08:53 Started transferring output files
...
040 (14857949.018.000) 06/22 16:08:53 Finished transferring output files
...
005 (14857949.018.000) 06/22 16:08:53 Job terminated.
	(1) Normal termination (return value 0)
		Usr 0 00:20:27, Sys 0 00:03:23  -  Run Remote Usage
		Usr 0 00:00:00, Sys 0 00:00:00  -  Run Local Usage
		Usr 0 00:20:27, Sys 0 00:03:23  -  Total Remote Usage
		Usr 0 00:00:00, Sys 0 00:00:00  -  Total Local Usage
	242249  -  Run Bytes Sent By Job
	323  -  Run Bytes Received By Job
	242249  -  Total Bytes Sent By Job
	323  -  Total Bytes Received By Job
	Partitionable Resources :    Usage  Request Allocated 
	   Cpus                 :     0.21        1         1 
	   Disk (KB)            :   258           1   1237252 
	   Memory (MB)          :  4027        2000      2000 

	Job terminated of its own accord at 2023-06-22T14:08:53Z.
...
