000 (14858748.000.000) 06/22 16:47:12 Job submitted from host: <188.184.90.241:9618?addrs=188.184.90.241-9618+[2001-1458-201-e4--100-2eb]-9618&alias=bigbird15.cern.ch&noUDP&sock=schedd_1460210_2ef4>
...
040 (14858748.000.000) 06/22 17:01:39 Started transferring input files
	Transferring to host: <128.142.61.151:9618?addrs=128.142.61.151-9618+[2001-1458-301-23--100-96]-9618&alias=b7s06p7731.cern.ch&noUDP&sock=slot1_19_6252_d977_120388>
...
040 (14858748.000.000) 06/22 17:01:39 Finished transferring input files
...
001 (14858748.000.000) 06/22 17:01:40 Job executing on host: <128.142.61.151:9618?addrs=128.142.61.151-9618+[2001-1458-301-23--100-96]-9618&alias=b7s06p7731.cern.ch&noUDP&sock=startd_5080_0933>
...
006 (14858748.000.000) 06/22 17:01:49 Image size of job updated: 554140
	47  -  MemoryUsage of job (MB)
	47672  -  ResidentSetSize of job (KB)
...
006 (14858748.000.000) 06/22 17:06:50 Image size of job updated: 1072748
	518  -  MemoryUsage of job (MB)
	529552  -  ResidentSetSize of job (KB)
...
006 (14858748.000.000) 06/22 17:11:50 Image size of job updated: 1422748
	810  -  MemoryUsage of job (MB)
	828940  -  ResidentSetSize of job (KB)
...
006 (14858748.000.000) 06/22 17:14:26 Image size of job updated: 4026864
	810  -  MemoryUsage of job (MB)
	828940  -  ResidentSetSize of job (KB)
...
040 (14858748.000.000) 06/22 17:14:26 Started transferring output files
...
040 (14858748.000.000) 06/22 17:14:26 Finished transferring output files
...
005 (14858748.000.000) 06/22 17:14:26 Job terminated.
	(1) Normal termination (return value 0)
		Usr 0 00:11:10, Sys 0 00:00:11  -  Run Remote Usage
		Usr 0 00:00:00, Sys 0 00:00:00  -  Run Local Usage
		Usr 0 00:11:10, Sys 0 00:00:11  -  Total Remote Usage
		Usr 0 00:00:00, Sys 0 00:00:00  -  Total Local Usage
	232589  -  Run Bytes Sent By Job
	269  -  Run Bytes Received By Job
	232589  -  Total Bytes Sent By Job
	269  -  Total Bytes Received By Job
	Partitionable Resources :    Usage  Request Allocated 
	   Cpus                 :     1.00        1         1 
	   Disk (KB)            :   248           1   1278571 
	   Memory (MB)          :   810        2000      2000 

	Job terminated of its own accord at 2023-06-22T15:14:26Z.
...
