000 (14832095.147.000) 06/12 15:17:57 Job submitted from host: <188.184.90.241:9618?addrs=188.184.90.241-9618+[2001-1458-201-e4--100-2eb]-9618&alias=bigbird15.cern.ch&noUDP&sock=schedd_1460210_2ef4>
...
040 (14832095.147.000) 06/12 15:20:25 Started transferring input files
	Transferring to host: <188.184.163.181:9618?addrs=188.184.163.181-9618+[2001-1458-301-4d--100-af]-9618&alias=b7s12p1140.cern.ch&noUDP&sock=slot1_22_4177_d303_72207>
...
040 (14832095.147.000) 06/12 15:20:25 Finished transferring input files
...
001 (14832095.147.000) 06/12 15:20:26 Job executing on host: <188.184.163.181:9618?addrs=188.184.163.181-9618+[2001-1458-301-4d--100-af]-9618&alias=b7s12p1140.cern.ch&noUDP&sock=startd_3063_8aad>
...
006 (14832095.147.000) 06/12 15:20:35 Image size of job updated: 538056
	47  -  MemoryUsage of job (MB)
	47688  -  ResidentSetSize of job (KB)
...
006 (14832095.147.000) 06/12 15:25:36 Image size of job updated: 1425256
	856  -  MemoryUsage of job (MB)
	875808  -  ResidentSetSize of job (KB)
...
006 (14832095.147.000) 06/12 15:30:37 Image size of job updated: 1450252
	856  -  MemoryUsage of job (MB)
	875808  -  ResidentSetSize of job (KB)
...
006 (14832095.147.000) 06/12 15:40:38 Image size of job updated: 4024008
	856  -  MemoryUsage of job (MB)
	875808  -  ResidentSetSize of job (KB)
...
006 (14832095.147.000) 06/12 15:45:39 Image size of job updated: 4072788
	856  -  MemoryUsage of job (MB)
	875808  -  ResidentSetSize of job (KB)
...
006 (14832095.147.000) 06/12 15:50:39 Image size of job updated: 4303468
	856  -  MemoryUsage of job (MB)
	875808  -  ResidentSetSize of job (KB)
...
006 (14832095.147.000) 06/12 15:55:40 Image size of job updated: 4311504
	856  -  MemoryUsage of job (MB)
	875808  -  ResidentSetSize of job (KB)
...
006 (14832095.147.000) 06/12 16:00:41 Image size of job updated: 4369424
	856  -  MemoryUsage of job (MB)
	875808  -  ResidentSetSize of job (KB)
...
006 (14832095.147.000) 06/12 16:05:41 Image size of job updated: 4395004
	856  -  MemoryUsage of job (MB)
	875808  -  ResidentSetSize of job (KB)
...
006 (14832095.147.000) 06/12 16:06:13 Image size of job updated: 4397208
	856  -  MemoryUsage of job (MB)
	875808  -  ResidentSetSize of job (KB)
...
040 (14832095.147.000) 06/12 16:06:14 Started transferring output files
...
040 (14832095.147.000) 06/12 16:06:14 Finished transferring output files
...
005 (14832095.147.000) 06/12 16:06:14 Job terminated.
	(1) Normal termination (return value 0)
		Usr 0 00:08:21, Sys 0 00:00:30  -  Run Remote Usage
		Usr 0 00:00:00, Sys 0 00:00:00  -  Run Local Usage
		Usr 0 00:08:21, Sys 0 00:00:30  -  Total Remote Usage
		Usr 0 00:00:00, Sys 0 00:00:00  -  Total Local Usage
	101097  -  Run Bytes Sent By Job
	323  -  Run Bytes Received By Job
	101097  -  Total Bytes Sent By Job
	323  -  Total Bytes Received By Job
	Partitionable Resources :    Usage  Request Allocated 
	   Cpus                 :     0.14        1         1 
	   Disk (KB)            :   120           1   3081042 
	   Memory (MB)          :   856        2000      2000 

	Job terminated of its own accord at 2023-06-12T14:06:13Z.
...
