000 (15149098.100.000) 09/27 08:23:39 Job submitted from host: <188.184.90.241:9618?addrs=188.184.90.241-9618+[2001-1458-201-e4--100-2eb]-9618&alias=bigbird15.cern.ch&noUDP&sock=schedd_2763_c443>
...
040 (15149098.100.000) 09/27 08:40:43 Started transferring input files
	Transferring to host: <188.184.162.105:9618?addrs=188.184.162.105-9618+[2001-1458-301-4a--100-63]-9618&alias=b7s11p8419.cern.ch&noUDP&sock=slot1_17_164513_0a7b_56962>
...
040 (15149098.100.000) 09/27 08:40:43 Finished transferring input files
...
001 (15149098.100.000) 09/27 08:40:44 Job executing on host: <188.184.162.105:9618?addrs=188.184.162.105-9618+[2001-1458-301-4a--100-63]-9618&alias=b7s11p8419.cern.ch&noUDP&sock=startd_164475_bf7f>
...
006 (15149098.100.000) 09/27 08:40:52 Image size of job updated: 118768
	116  -  MemoryUsage of job (MB)
	118768  -  ResidentSetSize of job (KB)
...
006 (15149098.100.000) 09/27 08:45:52 Image size of job updated: 3619468
	152  -  MemoryUsage of job (MB)
	155228  -  ResidentSetSize of job (KB)
...
006 (15149098.100.000) 09/27 08:50:52 Image size of job updated: 3869172
	397  -  MemoryUsage of job (MB)
	406208  -  ResidentSetSize of job (KB)
...
006 (15149098.100.000) 09/27 08:55:12 Image size of job updated: 3946060
	397  -  MemoryUsage of job (MB)
	406208  -  ResidentSetSize of job (KB)
...
040 (15149098.100.000) 09/27 08:55:12 Started transferring output files
...
040 (15149098.100.000) 09/27 08:55:12 Finished transferring output files
...
005 (15149098.100.000) 09/27 08:55:12 Job terminated.
	(1) Normal termination (return value 0)
		Usr 0 00:05:05, Sys 0 00:00:14  -  Run Remote Usage
		Usr 0 00:00:00, Sys 0 00:00:00  -  Run Local Usage
		Usr 0 00:05:05, Sys 0 00:00:14  -  Total Remote Usage
		Usr 0 00:00:00, Sys 0 00:00:00  -  Total Local Usage
	70531  -  Run Bytes Sent By Job
	323  -  Run Bytes Received By Job
	70531  -  Total Bytes Sent By Job
	323  -  Total Bytes Received By Job
	Partitionable Resources :    Usage  Request Allocated 
	   Cpus                 :     0.38        1         1 
	   Disk (KB)            :    90           1   3153233 
	   Memory (MB)          :   397        2000      2000 

	Job terminated of its own accord at 2023-09-27T06:55:12Z.
...
