000 (15148591.028.000) 09/26 23:15:32 Job submitted from host: <188.184.90.241:9618?addrs=188.184.90.241-9618+[2001-1458-201-e4--100-2eb]-9618&alias=bigbird15.cern.ch&noUDP&sock=schedd_2763_c443>
...
040 (15148591.028.000) 09/26 23:30:27 Started transferring input files
	Transferring to host: <188.184.163.90:9618?addrs=188.184.163.90-9618+[2001-1458-301-4d--100-54]-9618&alias=b7s12p6475.cern.ch&noUDP&sock=slot1_5_97225_8ecb_194897>
...
040 (15148591.028.000) 09/26 23:30:27 Finished transferring input files
...
001 (15148591.028.000) 09/26 23:30:28 Job executing on host: <188.184.163.90:9618?addrs=188.184.163.90-9618+[2001-1458-301-4d--100-54]-9618&alias=b7s12p6475.cern.ch&noUDP&sock=startd_97187_c6dc>
...
006 (15148591.028.000) 09/26 23:30:36 Image size of job updated: 565328
	55  -  MemoryUsage of job (MB)
	55624  -  ResidentSetSize of job (KB)
...
006 (15148591.028.000) 09/26 23:35:36 Image size of job updated: 1076276
	540  -  MemoryUsage of job (MB)
	552528  -  ResidentSetSize of job (KB)
...
006 (15148591.028.000) 09/26 23:40:37 Image size of job updated: 1385512
	852  -  MemoryUsage of job (MB)
	872284  -  ResidentSetSize of job (KB)
...
006 (15148591.028.000) 09/26 23:45:37 Image size of job updated: 1411764
	852  -  MemoryUsage of job (MB)
	872284  -  ResidentSetSize of job (KB)
...
006 (15148591.028.000) 09/26 23:50:37 Image size of job updated: 4107164
	852  -  MemoryUsage of job (MB)
	872284  -  ResidentSetSize of job (KB)
...
006 (15148591.028.000) 09/26 23:55:38 Image size of job updated: 4388856
	852  -  MemoryUsage of job (MB)
	872284  -  ResidentSetSize of job (KB)
...
006 (15148591.028.000) 09/27 00:00:39 Image size of job updated: 4421772
	852  -  MemoryUsage of job (MB)
	872284  -  ResidentSetSize of job (KB)
...
006 (15148591.028.000) 09/27 00:05:39 Image size of job updated: 4471000
	852  -  MemoryUsage of job (MB)
	872284  -  ResidentSetSize of job (KB)
...
006 (15148591.028.000) 09/27 00:07:30 Image size of job updated: 4479452
	852  -  MemoryUsage of job (MB)
	872284  -  ResidentSetSize of job (KB)
...
040 (15148591.028.000) 09/27 00:07:30 Started transferring output files
...
040 (15148591.028.000) 09/27 00:07:30 Finished transferring output files
...
005 (15148591.028.000) 09/27 00:07:30 Job terminated.
	(1) Normal termination (return value 0)
		Usr 0 00:15:08, Sys 0 00:00:24  -  Run Remote Usage
		Usr 0 00:00:00, Sys 0 00:00:00  -  Run Local Usage
		Usr 0 00:15:08, Sys 0 00:00:24  -  Total Remote Usage
		Usr 0 00:00:00, Sys 0 00:00:00  -  Total Local Usage
	97019  -  Run Bytes Sent By Job
	323  -  Run Bytes Received By Job
	97019  -  Total Bytes Sent By Job
	323  -  Total Bytes Received By Job
	Partitionable Resources :    Usage  Request Allocated 
	   Cpus                 :        0        1         1 
	   Disk (KB)            :      116        1   2972127 
	   Memory (MB)          :      852     2000      2000 

	Job terminated of its own accord at 2023-09-26T22:07:30Z.
...
