000 (14807404.019.000) 05/15 22:32:17 Job submitted from host: <188.184.90.241:9618?addrs=188.184.90.241-9618+[2001-1458-201-e4--100-2eb]-9618&alias=bigbird15.cern.ch&noUDP&sock=schedd_3273_9590>
...
040 (14807404.019.000) 05/15 22:47:29 Started transferring input files
	Transferring to host: <128.142.56.15:9618?addrs=128.142.56.15-9618+[2001-1458-301-6--100-e]-9618&alias=b7s01p9673.cern.ch&noUDP&sock=slot1_9_7762_c7f5_40515>
...
040 (14807404.019.000) 05/15 22:47:29 Finished transferring input files
...
001 (14807404.019.000) 05/15 22:47:30 Job executing on host: <128.142.56.15:9618?addrs=128.142.56.15-9618+[2001-1458-301-6--100-e]-9618&alias=b7s01p9673.cern.ch&noUDP&sock=startd_6007_e17e>
...
006 (14807404.019.000) 05/15 22:47:38 Image size of job updated: 554352
	47  -  MemoryUsage of job (MB)
	47984  -  ResidentSetSize of job (KB)
...
006 (14807404.019.000) 05/15 22:52:39 Image size of job updated: 2385588
	1830  -  MemoryUsage of job (MB)
	1872908  -  ResidentSetSize of job (KB)
...
006 (14807404.019.000) 05/15 22:57:40 Image size of job updated: 2511708
	1830  -  MemoryUsage of job (MB)
	1872908  -  ResidentSetSize of job (KB)
...
006 (14807404.019.000) 05/15 23:02:40 Image size of job updated: 4047808
	1830  -  MemoryUsage of job (MB)
	1872908  -  ResidentSetSize of job (KB)
...
006 (14807404.019.000) 05/15 23:07:40 Image size of job updated: 4340936
	1830  -  MemoryUsage of job (MB)
	1872908  -  ResidentSetSize of job (KB)
...
006 (14807404.019.000) 05/15 23:12:41 Image size of job updated: 4418584
	1830  -  MemoryUsage of job (MB)
	1872908  -  ResidentSetSize of job (KB)
...
006 (14807404.019.000) 05/15 23:14:37 Image size of job updated: 4423424
	1830  -  MemoryUsage of job (MB)
	1872908  -  ResidentSetSize of job (KB)
...
040 (14807404.019.000) 05/15 23:14:37 Started transferring output files
...
040 (14807404.019.000) 05/15 23:14:37 Finished transferring output files
...
005 (14807404.019.000) 05/15 23:14:37 Job terminated.
	(1) Normal termination (return value 0)
		Usr 0 00:08:37, Sys 0 00:00:43  -  Run Remote Usage
		Usr 0 00:00:00, Sys 0 00:00:00  -  Run Local Usage
		Usr 0 00:08:37, Sys 0 00:00:43  -  Total Remote Usage
		Usr 0 00:00:00, Sys 0 00:00:00  -  Total Local Usage
	143281  -  Run Bytes Sent By Job
	323  -  Run Bytes Received By Job
	143281  -  Total Bytes Sent By Job
	323  -  Total Bytes Received By Job
	Partitionable Resources :    Usage  Request Allocated 
	   Cpus                 :     0.12        1         1 
	   Disk (KB)            :   161           1   1366332 
	   Memory (MB)          :  1830        2000      2000 

	Job terminated of its own accord at 2023-05-15T21:14:37Z.
...
