040 (14780183.003.000) 04/12 12:03:03 Started transferring input files
	Transferring to host: <188.184.163.193:9618?addrs=188.184.163.193-9618+[2001-1458-301-4d--100-bb]-9618&alias=b7s12p3439.cern.ch&noUDP&sock=slot1_35_4211_c7c4_43107>
...
040 (14780183.003.000) 04/12 12:03:03 Finished transferring input files
...
001 (14780183.003.000) 04/12 12:03:04 Job executing on host: <188.184.163.193:9618?addrs=188.184.163.193-9618+[2001-1458-301-4d--100-bb]-9618&alias=b7s12p3439.cern.ch&noUDP&sock=startd_3241_a288>
...
006 (14780183.003.000) 04/12 12:03:12 Image size of job updated: 538844
	66  -  MemoryUsage of job (MB)
	67288  -  ResidentSetSize of job (KB)
...
006 (14780183.003.000) 04/12 12:08:12 Image size of job updated: 3107212
	105  -  MemoryUsage of job (MB)
	106988  -  ResidentSetSize of job (KB)
...
006 (14780183.003.000) 04/12 12:13:13 Image size of job updated: 3366676
	361  -  MemoryUsage of job (MB)
	369244  -  ResidentSetSize of job (KB)
...
006 (14780183.003.000) 04/12 12:14:17 Image size of job updated: 3382256
	361  -  MemoryUsage of job (MB)
	369244  -  ResidentSetSize of job (KB)
...
040 (14780183.003.000) 04/12 12:14:17 Started transferring output files
...
040 (14780183.003.000) 04/12 12:14:17 Finished transferring output files
...
005 (14780183.003.000) 04/12 12:14:17 Job terminated.
	(1) Normal termination (return value 0)
		Usr 0 00:03:37, Sys 0 00:00:07  -  Run Remote Usage
		Usr 0 00:00:00, Sys 0 00:00:00  -  Run Local Usage
		Usr 0 00:03:37, Sys 0 00:00:07  -  Total Remote Usage
		Usr 0 00:00:00, Sys 0 00:00:00  -  Total Local Usage
	79259  -  Run Bytes Sent By Job
	323  -  Run Bytes Received By Job
	79259  -  Total Bytes Sent By Job
	323  -  Total Bytes Received By Job
	Partitionable Resources :    Usage  Request Allocated 
	   Cpus                 :     0.21        1         1 
	   Disk (KB)            :    98           1   3046707 
	   Memory (MB)          :   361        2000      2000 

	Job terminated of its own accord at 2023-04-12T10:14:17Z.
...
