000 (15150654.093.000) 09/28 14:27:13 Job submitted from host: <188.184.90.241:9618?addrs=188.184.90.241-9618+[2001-1458-201-e4--100-2eb]-9618&alias=bigbird15.cern.ch&noUDP&sock=schedd_2763_c443>
...
040 (15150654.093.000) 09/28 14:46:26 Started transferring input files
	Transferring to host: <188.184.160.25:9618?addrs=188.184.160.25-9618+[2001-1458-301-48--100-13]-9618&alias=b7s09p5286.cern.ch&noUDP&sock=slot1_4_3423_9024_10794>
...
040 (15150654.093.000) 09/28 14:46:26 Finished transferring input files
...
001 (15150654.093.000) 09/28 14:46:27 Job executing on host: <188.184.160.25:9618?addrs=188.184.160.25-9618+[2001-1458-301-48--100-13]-9618&alias=b7s09p5286.cern.ch&noUDP&sock=startd_2997_456d>
...
006 (15150654.093.000) 09/28 14:46:35 Image size of job updated: 910108
	123  -  MemoryUsage of job (MB)
	125028  -  ResidentSetSize of job (KB)
...
006 (15150654.093.000) 09/28 14:47:53 Image size of job updated: 920648
	123  -  MemoryUsage of job (MB)
	125028  -  ResidentSetSize of job (KB)
...
040 (15150654.093.000) 09/28 14:47:53 Started transferring output files
...
040 (15150654.093.000) 09/28 14:47:53 Finished transferring output files
...
005 (15150654.093.000) 09/28 14:47:53 Job terminated.
	(1) Normal termination (return value 0)
		Usr 0 00:00:09, Sys 0 00:00:00  -  Run Remote Usage
		Usr 0 00:00:00, Sys 0 00:00:00  -  Run Local Usage
		Usr 0 00:00:09, Sys 0 00:00:00  -  Total Remote Usage
		Usr 0 00:00:00, Sys 0 00:00:00  -  Total Local Usage
	6924  -  Run Bytes Sent By Job
	374  -  Run Bytes Received By Job
	6924  -  Total Bytes Sent By Job
	374  -  Total Bytes Received By Job
	Partitionable Resources :    Usage  Request Allocated 
	   Cpus                 :                 1         1 
	   Disk (KB)            :       21        1   3055422 
	   Memory (MB)          :      123     2000      2000 

	Job terminated of its own accord at 2023-09-28T12:47:53Z.
...
