000 (14832095.189.000) 06/12 15:17:58 Job submitted from host: <188.184.90.241:9618?addrs=188.184.90.241-9618+[2001-1458-201-e4--100-2eb]-9618&alias=bigbird15.cern.ch&noUDP&sock=schedd_1460210_2ef4>
...
040 (14832095.189.000) 06/12 15:20:43 Started transferring input files
	Transferring to host: <128.142.130.70:9618?addrs=128.142.130.70-9618+[2001-1458-301-58--100-3a]-9618&alias=b7g20p7996.cern.ch&noUDP&sock=slot1_23_36956_9858_50064>
...
040 (14832095.189.000) 06/12 15:20:43 Finished transferring input files
...
001 (14832095.189.000) 06/12 15:20:44 Job executing on host: <128.142.130.70:9618?addrs=128.142.130.70-9618+[2001-1458-301-58--100-3a]-9618&alias=b7g20p7996.cern.ch&noUDP&sock=startd_2924_3303>
...
006 (14832095.189.000) 06/12 15:20:53 Image size of job updated: 554444
	47  -  MemoryUsage of job (MB)
	48048  -  ResidentSetSize of job (KB)
...
006 (14832095.189.000) 06/12 15:25:54 Image size of job updated: 1469600
	985  -  MemoryUsage of job (MB)
	1008520  -  ResidentSetSize of job (KB)
...
006 (14832095.189.000) 06/12 15:30:54 Image size of job updated: 2415372
	1900  -  MemoryUsage of job (MB)
	1945512  -  ResidentSetSize of job (KB)
...
006 (14832095.189.000) 06/12 15:35:54 Image size of job updated: 3333900
	2761  -  MemoryUsage of job (MB)
	2827028  -  ResidentSetSize of job (KB)
...
006 (14832095.189.000) 06/12 15:40:55 Image size of job updated: 3485076
	2761  -  MemoryUsage of job (MB)
	2827028  -  ResidentSetSize of job (KB)
...
006 (14832095.189.000) 06/12 16:00:56 Image size of job updated: 4069672
	2761  -  MemoryUsage of job (MB)
	2827028  -  ResidentSetSize of job (KB)
...
006 (14832095.189.000) 06/12 16:05:56 Image size of job updated: 4070944
	2761  -  MemoryUsage of job (MB)
	2827028  -  ResidentSetSize of job (KB)
...
006 (14832095.189.000) 06/12 16:10:57 Image size of job updated: 4342776
	2761  -  MemoryUsage of job (MB)
	2827028  -  ResidentSetSize of job (KB)
...
006 (14832095.189.000) 06/12 16:15:58 Image size of job updated: 4379784
	2761  -  MemoryUsage of job (MB)
	2827028  -  ResidentSetSize of job (KB)
...
006 (14832095.189.000) 06/12 16:20:58 Image size of job updated: 4417580
	2761  -  MemoryUsage of job (MB)
	2827028  -  ResidentSetSize of job (KB)
...
006 (14832095.189.000) 06/12 16:24:37 Image size of job updated: 4431060
	2761  -  MemoryUsage of job (MB)
	2827028  -  ResidentSetSize of job (KB)
...
040 (14832095.189.000) 06/12 16:24:37 Started transferring output files
...
040 (14832095.189.000) 06/12 16:24:37 Finished transferring output files
...
005 (14832095.189.000) 06/12 16:24:37 Job terminated.
	(1) Normal termination (return value 0)
		Usr 0 00:24:13, Sys 0 00:02:30  -  Run Remote Usage
		Usr 0 00:00:00, Sys 0 00:00:00  -  Run Local Usage
		Usr 0 00:24:13, Sys 0 00:02:30  -  Total Remote Usage
		Usr 0 00:00:00, Sys 0 00:00:00  -  Total Local Usage
	189582  -  Run Bytes Sent By Job
	323  -  Run Bytes Received By Job
	189582  -  Total Bytes Sent By Job
	323  -  Total Bytes Received By Job
	Partitionable Resources :    Usage  Request Allocated 
	   Cpus                 :     0.00        1         1 
	   Disk (KB)            :   206           1   1671326 
	   Memory (MB)          :  2761        2000      2000 

	Job terminated of its own accord at 2023-06-12T14:24:37Z.
...
