000 (14807135.017.000) 05/13 19:23:40 Job submitted from host: <188.184.90.241:9618?addrs=188.184.90.241-9618+[2001-1458-201-e4--100-2eb]-9618&alias=bigbird15.cern.ch&noUDP&sock=schedd_3273_9590>
...
040 (14807135.017.000) 05/13 19:35:12 Started transferring input files
	Transferring to host: <188.184.162.46:9618?addrs=188.184.162.46-9618+[2001-1458-301-4a--100-28]-9618&alias=b7s11p7922.cern.ch&noUDP&sock=slot1_24_293212_210c_14938>
...
040 (14807135.017.000) 05/13 19:35:12 Finished transferring input files
...
001 (14807135.017.000) 05/13 19:35:13 Job executing on host: <188.184.162.46:9618?addrs=188.184.162.46-9618+[2001-1458-301-4a--100-28]-9618&alias=b7s11p7922.cern.ch&noUDP&sock=startd_293160_f458>
...
006 (14807135.017.000) 05/13 19:35:22 Image size of job updated: 547060
	48  -  MemoryUsage of job (MB)
	48256  -  ResidentSetSize of job (KB)
...
006 (14807135.017.000) 05/13 19:40:23 Image size of job updated: 1646276
	1115  -  MemoryUsage of job (MB)
	1141112  -  ResidentSetSize of job (KB)
...
006 (14807135.017.000) 05/13 19:45:24 Image size of job updated: 2603648
	1635  -  MemoryUsage of job (MB)
	1673268  -  ResidentSetSize of job (KB)
...
006 (14807135.017.000) 05/13 19:50:24 Image size of job updated: 3548520
	1960  -  MemoryUsage of job (MB)
	2006896  -  ResidentSetSize of job (KB)
...
006 (14807135.017.000) 05/13 19:55:25 Image size of job updated: 4582420
	1960  -  MemoryUsage of job (MB)
	2006896  -  ResidentSetSize of job (KB)
...
040 (14807135.017.000) 05/13 19:55:26 Started transferring output files
...
040 (14807135.017.000) 05/13 19:55:26 Finished transferring output files
...
009 (14807135.017.000) 05/13 19:55:26 Job was aborted.
	Job removed by SYSTEM_PERIODIC_REMOVE due to wall time exceeded allowed max.
...
