000 (15159756.047.000) 10/09 09:27:43 Job submitted from host: <188.184.90.241:9618?addrs=188.184.90.241-9618+[2001-1458-201-e4--100-2eb]-9618&alias=bigbird15.cern.ch&noUDP&sock=schedd_2763_c443>
...
040 (15159756.047.000) 10/09 11:14:58 Started transferring input files
	Transferring to host: <128.142.56.60:9618?addrs=128.142.56.60-9618+[2001-1458-301-6--100-3b]-9618&alias=b7s01p6491.cern.ch&noUDP&sock=slot1_10_30961_9344_44038>
...
040 (15159756.047.000) 10/09 11:14:58 Finished transferring input files
...
001 (15159756.047.000) 10/09 11:14:59 Job executing on host: <128.142.56.60:9618?addrs=128.142.56.60-9618+[2001-1458-301-6--100-3b]-9618&alias=b7s01p6491.cern.ch&noUDP&sock=startd_16467_9220>
...
006 (15159756.047.000) 10/09 11:15:07 Image size of job updated: 553788
	59  -  MemoryUsage of job (MB)
	60216  -  ResidentSetSize of job (KB)
...
006 (15159756.047.000) 10/09 11:20:07 Image size of job updated: 2033596
	1463  -  MemoryUsage of job (MB)
	1497876  -  ResidentSetSize of job (KB)
...
006 (15159756.047.000) 10/09 11:20:36 Image size of job updated: 2134820
	1463  -  MemoryUsage of job (MB)
	1497876  -  ResidentSetSize of job (KB)
...
040 (15159756.047.000) 10/09 11:20:36 Started transferring output files
...
040 (15159756.047.000) 10/09 11:20:36 Finished transferring output files
...
005 (15159756.047.000) 10/09 11:20:36 Job terminated.
	(1) Normal termination (return value 0)
		Usr 0 00:04:34, Sys 0 00:00:04  -  Run Remote Usage
		Usr 0 00:00:00, Sys 0 00:00:00  -  Run Local Usage
		Usr 0 00:04:34, Sys 0 00:00:04  -  Total Remote Usage
		Usr 0 00:00:00, Sys 0 00:00:00  -  Total Local Usage
	103201  -  Run Bytes Sent By Job
	269  -  Run Bytes Received By Job
	103201  -  Total Bytes Sent By Job
	269  -  Total Bytes Received By Job
	Partitionable Resources :    Usage  Request Allocated 
	   Cpus                 :     0.91        1         1 
	   Disk (KB)            :   122           1   3013158 
	   Memory (MB)          :  1463        2000      2000 

	Job terminated of its own accord at 2023-10-09T09:20:36Z.
...
