000 (15271413.052.000) 12/18 14:02:22 Job submitted from host: <188.184.90.241:9618?addrs=188.184.90.241-9618+[2001-1458-201-e4--100-2eb]-9618&alias=bigbird15.cern.ch&noUDP&sock=schedd_2763_c443>
...
040 (15271413.052.000) 12/18 14:06:07 Started transferring input files
	Transferring to host: <188.184.165.240:9618?addrs=188.184.165.240-9618+[2001-1458-301-51--100-eb]-9618&alias=b9s14p2460.cern.ch&noUDP&sock=slot1_6_3399_a723_9807>
...
040 (15271413.052.000) 12/18 14:06:07 Finished transferring input files
...
001 (15271413.052.000) 12/18 14:06:08 Job executing on host: <188.184.165.240:9618?addrs=188.184.165.240-9618+[2001-1458-301-51--100-eb]-9618&alias=b9s14p2460.cern.ch&noUDP&sock=startd_3345_f862>
...
006 (15271413.052.000) 12/18 14:06:17 Image size of job updated: 358448
	350  -  MemoryUsage of job (MB)
	358296  -  ResidentSetSize of job (KB)
...
006 (15271413.052.000) 12/18 14:06:18 Image size of job updated: 371180
	351  -  MemoryUsage of job (MB)
	358552  -  ResidentSetSize of job (KB)
...
040 (15271413.052.000) 12/18 14:06:18 Started transferring output files
...
040 (15271413.052.000) 12/18 14:06:18 Finished transferring output files
...
005 (15271413.052.000) 12/18 14:06:18 Job terminated.
	(1) Normal termination (return value 0)
		Usr 0 00:00:04, Sys 0 00:00:01  -  Run Remote Usage
		Usr 0 00:00:00, Sys 0 00:00:00  -  Run Local Usage
		Usr 0 00:00:04, Sys 0 00:00:01  -  Total Remote Usage
		Usr 0 00:00:00, Sys 0 00:00:00  -  Total Local Usage
	19208  -  Run Bytes Sent By Job
	269  -  Run Bytes Received By Job
	19208  -  Total Bytes Sent By Job
	269  -  Total Bytes Received By Job
	Partitionable Resources :    Usage  Request Allocated 
	   Cpus                 :                 1         1 
	   Disk (KB)            :       33        1   2991531 
	   Memory (MB)          :      351     2000      2000 

	Job terminated of its own accord at 2023-12-18T13:06:18Z.
...
