Info in <TCanvas::MakeDefCanvas>:  created default TCanvas with name c1
Warning in <Fit>: Fit data is empty 
Warning in <ROOT::Fit::FillData>: fit range is outside histogram range, no fit data for xaxis
Warning in <Fit>: Fit data is empty 
Warning in <Fit>: Fit data is empty 
Info in <TCanvas::Print>: png file /eos/home-s/spalluot/www/MTD/MTDTB_CERN_Sep23/pulseShapes//HPK_2E14_LYSO100056_Vov2.00_angle52_T-40C/c_energy_bar00LR_Vov2.00_th03.png has been created
Info in <TCanvas::Print>: pdf file /eos/home-s/spalluot/www/MTD/MTDTB_CERN_Sep23/pulseShapes//HPK_2E14_LYSO100056_Vov2.00_angle52_T-40C/c_energy_bar00LR_Vov2.00_th03.pdf has been created
Info in <TCanvas::Print>: png file /eos/home-s/spalluot/www/MTD/MTDTB_CERN_Sep23/pulseShapes//HPK_2E14_LYSO100056_Vov2.00_angle52_T-40C/c_energy_bar01LR_Vov2.00_th03.png has been created
Info in <TCanvas::Print>: pdf file /eos/home-s/spalluot/www/MTD/MTDTB_CERN_Sep23/pulseShapes//HPK_2E14_LYSO100056_Vov2.00_angle52_T-40C/c_energy_bar01LR_Vov2.00_th03.pdf has been created
Info in <TCanvas::Print>: png file /eos/home-s/spalluot/www/MTD/MTDTB_CERN_Sep23/pulseShapes//HPK_2E14_LYSO100056_Vov2.00_angle52_T-40C/c_energy_bar02LR_Vov2.00_th03.png has been created
Info in <TCanvas::Print>: pdf file /eos/home-s/spalluot/www/MTD/MTDTB_CERN_Sep23/pulseShapes//HPK_2E14_LYSO100056_Vov2.00_angle52_T-40C/c_energy_bar02LR_Vov2.00_th03.pdf has been created
Info in <TCanvas::Print>: png file /eos/home-s/spalluot/www/MTD/MTDTB_CERN_Sep23/pulseShapes//HPK_2E14_LYSO100056_Vov2.00_angle52_T-40C/c_energy_bar03LR_Vov2.00_th03.png has been created
Info in <TCanvas::Print>: pdf file /eos/home-s/spalluot/www/MTD/MTDTB_CERN_Sep23/pulseShapes//HPK_2E14_LYSO100056_Vov2.00_angle52_T-40C/c_energy_bar03LR_Vov2.00_th03.pdf has been created
Info in <TCanvas::Print>: png file /eos/home-s/spalluot/www/MTD/MTDTB_CERN_Sep23/pulseShapes//HPK_2E14_LYSO100056_Vov2.00_angle52_T-40C/c_energy_bar04LR_Vov2.00_th03.png has been created
Info in <TCanvas::Print>: pdf file /eos/home-s/spalluot/www/MTD/MTDTB_CERN_Sep23/pulseShapes//HPK_2E14_LYSO100056_Vov2.00_angle52_T-40C/c_energy_bar04LR_Vov2.00_th03.pdf has been created
Info in <TCanvas::Print>: png file /eos/home-s/spalluot/www/MTD/MTDTB_CERN_Sep23/pulseShapes//HPK_2E14_LYSO100056_Vov2.00_angle52_T-40C/c_energy_bar05LR_Vov2.00_th03.png has been created
Info in <TCanvas::Print>: pdf file /eos/home-s/spalluot/www/MTD/MTDTB_CERN_Sep23/pulseShapes//HPK_2E14_LYSO100056_Vov2.00_angle52_T-40C/c_energy_bar05LR_Vov2.00_th03.pdf has been created
Info in <TCanvas::Print>: png file /eos/home-s/spalluot/www/MTD/MTDTB_CERN_Sep23/pulseShapes//HPK_2E14_LYSO100056_Vov2.00_angle52_T-40C/c_energy_bar06LR_Vov2.00_th03.png has been created
Info in <TCanvas::Print>: pdf file /eos/home-s/spalluot/www/MTD/MTDTB_CERN_Sep23/pulseShapes//HPK_2E14_LYSO100056_Vov2.00_angle52_T-40C/c_energy_bar06LR_Vov2.00_th03.pdf has been created
Info in <TCanvas::Print>: png file /eos/home-s/spalluot/www/MTD/MTDTB_CERN_Sep23/pulseShapes//HPK_2E14_LYSO100056_Vov2.00_angle52_T-40C/c_energy_bar07LR_Vov2.00_th03.png has been created
Info in <TCanvas::Print>: pdf file /eos/home-s/spalluot/www/MTD/MTDTB_CERN_Sep23/pulseShapes//HPK_2E14_LYSO100056_Vov2.00_angle52_T-40C/c_energy_bar07LR_Vov2.00_th03.pdf has been created
Info in <TCanvas::Print>: png file /eos/home-s/spalluot/www/MTD/MTDTB_CERN_Sep23/pulseShapes//HPK_2E14_LYSO100056_Vov2.00_angle52_T-40C/c_energy_bar08LR_Vov2.00_th03.png has been created
Info in <TCanvas::Print>: pdf file /eos/home-s/spalluot/www/MTD/MTDTB_CERN_Sep23/pulseShapes//HPK_2E14_LYSO100056_Vov2.00_angle52_T-40C/c_energy_bar08LR_Vov2.00_th03.pdf has been created
Info in <TCanvas::Print>: png file /eos/home-s/spalluot/www/MTD/MTDTB_CERN_Sep23/pulseShapes//HPK_2E14_LYSO100056_Vov2.00_angle52_T-40C/c_energy_bar09LR_Vov2.00_th03.png has been created
Info in <TCanvas::Print>: pdf file /eos/home-s/spalluot/www/MTD/MTDTB_CERN_Sep23/pulseShapes//HPK_2E14_LYSO100056_Vov2.00_angle52_T-40C/c_energy_bar09LR_Vov2.00_th03.pdf has been created
Info in <TCanvas::Print>: png file /eos/home-s/spalluot/www/MTD/MTDTB_CERN_Sep23/pulseShapes//HPK_2E14_LYSO100056_Vov2.00_angle52_T-40C/c_energy_bar10LR_Vov2.00_th03.png has been created
Info in <TCanvas::Print>: pdf file /eos/home-s/spalluot/www/MTD/MTDTB_CERN_Sep23/pulseShapes//HPK_2E14_LYSO100056_Vov2.00_angle52_T-40C/c_energy_bar10LR_Vov2.00_th03.pdf has been created
Info in <TCanvas::Print>: png file /eos/home-s/spalluot/www/MTD/MTDTB_CERN_Sep23/pulseShapes//HPK_2E14_LYSO100056_Vov2.00_angle52_T-40C/c_energy_bar11LR_Vov2.00_th03.png has been created
Info in <TCanvas::Print>: pdf file /eos/home-s/spalluot/www/MTD/MTDTB_CERN_Sep23/pulseShapes//HPK_2E14_LYSO100056_Vov2.00_angle52_T-40C/c_energy_bar11LR_Vov2.00_th03.pdf has been created
Info in <TCanvas::Print>: png file /eos/home-s/spalluot/www/MTD/MTDTB_CERN_Sep23/pulseShapes//HPK_2E14_LYSO100056_Vov2.00_angle52_T-40C/c_energy_bar12LR_Vov2.00_th03.png has been created
Info in <TCanvas::Print>: pdf file /eos/home-s/spalluot/www/MTD/MTDTB_CERN_Sep23/pulseShapes//HPK_2E14_LYSO100056_Vov2.00_angle52_T-40C/c_energy_bar12LR_Vov2.00_th03.pdf has been created
Info in <TCanvas::Print>: png file /eos/home-s/spalluot/www/MTD/MTDTB_CERN_Sep23/pulseShapes//HPK_2E14_LYSO100056_Vov2.00_angle52_T-40C/c_energy_bar13LR_Vov2.00_th03.png has been created
Info in <TCanvas::Print>: pdf file /eos/home-s/spalluot/www/MTD/MTDTB_CERN_Sep23/pulseShapes//HPK_2E14_LYSO100056_Vov2.00_angle52_T-40C/c_energy_bar13LR_Vov2.00_th03.pdf has been created
Info in <TCanvas::Print>: png file /eos/home-s/spalluot/www/MTD/MTDTB_CERN_Sep23/pulseShapes//HPK_2E14_LYSO100056_Vov2.00_angle52_T-40C/c_energy_bar14LR_Vov2.00_th03.png has been created
Info in <TCanvas::Print>: pdf file /eos/home-s/spalluot/www/MTD/MTDTB_CERN_Sep23/pulseShapes//HPK_2E14_LYSO100056_Vov2.00_angle52_T-40C/c_energy_bar14LR_Vov2.00_th03.pdf has been created
Info in <TCanvas::Print>: png file /eos/home-s/spalluot/www/MTD/MTDTB_CERN_Sep23/pulseShapes//HPK_2E14_LYSO100056_Vov2.00_angle52_T-40C/c_energy_bar15LR_Vov2.00_th03.png has been created
Info in <TCanvas::Print>: pdf file /eos/home-s/spalluot/www/MTD/MTDTB_CERN_Sep23/pulseShapes//HPK_2E14_LYSO100056_Vov2.00_angle52_T-40C/c_energy_bar15LR_Vov2.00_th03.pdf has been created
Info in <TCanvas::Print>: png file /eos/home-s/spalluot/www/MTD/MTDTB_CERN_Sep23/pulseShapes//HPK_2E14_LYSO100056_Vov2.00_angle52_T-40C/c_energy_bar00LR_Vov2.00_th05.png has been created
Info in <TCanvas::Print>: pdf file /eos/home-s/spalluot/www/MTD/MTDTB_CERN_Sep23/pulseShapes//HPK_2E14_LYSO100056_Vov2.00_angle52_T-40C/c_energy_bar00LR_Vov2.00_th05.pdf has been created
Info in <TCanvas::Print>: png file /eos/home-s/spalluot/www/MTD/MTDTB_CERN_Sep23/pulseShapes//HPK_2E14_LYSO100056_Vov2.00_angle52_T-40C/c_energy_bar01LR_Vov2.00_th05.png has been created
Info in <TCanvas::Print>: pdf file /eos/home-s/spalluot/www/MTD/MTDTB_CERN_Sep23/pulseShapes//HPK_2E14_LYSO100056_Vov2.00_angle52_T-40C/c_energy_bar01LR_Vov2.00_th05.pdf has been created
Info in <TCanvas::Print>: png file /eos/home-s/spalluot/www/MTD/MTDTB_CERN_Sep23/pulseShapes//HPK_2E14_LYSO100056_Vov2.00_angle52_T-40C/c_energy_bar02LR_Vov2.00_th05.png has been created
Info in <TCanvas::Print>: pdf file /eos/home-s/spalluot/www/MTD/MTDTB_CERN_Sep23/pulseShapes//HPK_2E14_LYSO100056_Vov2.00_angle52_T-40C/c_energy_bar02LR_Vov2.00_th05.pdf has been created
Info in <TCanvas::Print>: png file /eos/home-s/spalluot/www/MTD/MTDTB_CERN_Sep23/pulseShapes//HPK_2E14_LYSO100056_Vov2.00_angle52_T-40C/c_energy_bar03LR_Vov2.00_th05.png has been created
Info in <TCanvas::Print>: pdf file /eos/home-s/spalluot/www/MTD/MTDTB_CERN_Sep23/pulseShapes//HPK_2E14_LYSO100056_Vov2.00_angle52_T-40C/c_energy_bar03LR_Vov2.00_th05.pdf has been created
Info in <TCanvas::Print>: png file /eos/home-s/spalluot/www/MTD/MTDTB_CERN_Sep23/pulseShapes//HPK_2E14_LYSO100056_Vov2.00_angle52_T-40C/c_energy_bar04LR_Vov2.00_th05.png has been created
Info in <TCanvas::Print>: pdf file /eos/home-s/spalluot/www/MTD/MTDTB_CERN_Sep23/pulseShapes//HPK_2E14_LYSO100056_Vov2.00_angle52_T-40C/c_energy_bar04LR_Vov2.00_th05.pdf has been created
Info in <TCanvas::Print>: png file /eos/home-s/spalluot/www/MTD/MTDTB_CERN_Sep23/pulseShapes//HPK_2E14_LYSO100056_Vov2.00_angle52_T-40C/c_energy_bar05LR_Vov2.00_th05.png has been created
Info in <TCanvas::Print>: pdf file /eos/home-s/spalluot/www/MTD/MTDTB_CERN_Sep23/pulseShapes//HPK_2E14_LYSO100056_Vov2.00_angle52_T-40C/c_energy_bar05LR_Vov2.00_th05.pdf has been created
Info in <TCanvas::Print>: png file /eos/home-s/spalluot/www/MTD/MTDTB_CERN_Sep23/pulseShapes//HPK_2E14_LYSO100056_Vov2.00_angle52_T-40C/c_energy_bar06LR_Vov2.00_th05.png has been created
Info in <TCanvas::Print>: pdf file /eos/home-s/spalluot/www/MTD/MTDTB_CERN_Sep23/pulseShapes//HPK_2E14_LYSO100056_Vov2.00_angle52_T-40C/c_energy_bar06LR_Vov2.00_th05.pdf has been created
Info in <TCanvas::Print>: png file /eos/home-s/spalluot/www/MTD/MTDTB_CERN_Sep23/pulseShapes//HPK_2E14_LYSO100056_Vov2.00_angle52_T-40C/c_energy_bar07LR_Vov2.00_th05.png has been created
Info in <TCanvas::Print>: pdf file /eos/home-s/spalluot/www/MTD/MTDTB_CERN_Sep23/pulseShapes//HPK_2E14_LYSO100056_Vov2.00_angle52_T-40C/c_energy_bar07LR_Vov2.00_th05.pdf has been created
Info in <TCanvas::Print>: png file /eos/home-s/spalluot/www/MTD/MTDTB_CERN_Sep23/pulseShapes//HPK_2E14_LYSO100056_Vov2.00_angle52_T-40C/c_energy_bar08LR_Vov2.00_th05.png has been created
Info in <TCanvas::Print>: pdf file /eos/home-s/spalluot/www/MTD/MTDTB_CERN_Sep23/pulseShapes//HPK_2E14_LYSO100056_Vov2.00_angle52_T-40C/c_energy_bar08LR_Vov2.00_th05.pdf has been created
Info in <TCanvas::Print>: png file /eos/home-s/spalluot/www/MTD/MTDTB_CERN_Sep23/pulseShapes//HPK_2E14_LYSO100056_Vov2.00_angle52_T-40C/c_energy_bar09LR_Vov2.00_th05.png has been created
Info in <TCanvas::Print>: pdf file /eos/home-s/spalluot/www/MTD/MTDTB_CERN_Sep23/pulseShapes//HPK_2E14_LYSO100056_Vov2.00_angle52_T-40C/c_energy_bar09LR_Vov2.00_th05.pdf has been created
Info in <TCanvas::Print>: png file /eos/home-s/spalluot/www/MTD/MTDTB_CERN_Sep23/pulseShapes//HPK_2E14_LYSO100056_Vov2.00_angle52_T-40C/c_energy_bar10LR_Vov2.00_th05.png has been created
Info in <TCanvas::Print>: pdf file /eos/home-s/spalluot/www/MTD/MTDTB_CERN_Sep23/pulseShapes//HPK_2E14_LYSO100056_Vov2.00_angle52_T-40C/c_energy_bar10LR_Vov2.00_th05.pdf has been created
Info in <TCanvas::Print>: png file /eos/home-s/spalluot/www/MTD/MTDTB_CERN_Sep23/pulseShapes//HPK_2E14_LYSO100056_Vov2.00_angle52_T-40C/c_energy_bar11LR_Vov2.00_th05.png has been created
Info in <TCanvas::Print>: pdf file /eos/home-s/spalluot/www/MTD/MTDTB_CERN_Sep23/pulseShapes//HPK_2E14_LYSO100056_Vov2.00_angle52_T-40C/c_energy_bar11LR_Vov2.00_th05.pdf has been created
Info in <TCanvas::Print>: png file /eos/home-s/spalluot/www/MTD/MTDTB_CERN_Sep23/pulseShapes//HPK_2E14_LYSO100056_Vov2.00_angle52_T-40C/c_energy_bar12LR_Vov2.00_th05.png has been created
Info in <TCanvas::Print>: pdf file /eos/home-s/spalluot/www/MTD/MTDTB_CERN_Sep23/pulseShapes//HPK_2E14_LYSO100056_Vov2.00_angle52_T-40C/c_energy_bar12LR_Vov2.00_th05.pdf has been created
Info in <TCanvas::Print>: png file /eos/home-s/spalluot/www/MTD/MTDTB_CERN_Sep23/pulseShapes//HPK_2E14_LYSO100056_Vov2.00_angle52_T-40C/c_energy_bar13LR_Vov2.00_th05.png has been created
Info in <TCanvas::Print>: pdf file /eos/home-s/spalluot/www/MTD/MTDTB_CERN_Sep23/pulseShapes//HPK_2E14_LYSO100056_Vov2.00_angle52_T-40C/c_energy_bar13LR_Vov2.00_th05.pdf has been created
Info in <TCanvas::Print>: png file /eos/home-s/spalluot/www/MTD/MTDTB_CERN_Sep23/pulseShapes//HPK_2E14_LYSO100056_Vov2.00_angle52_T-40C/c_energy_bar14LR_Vov2.00_th05.png has been created
Info in <TCanvas::Print>: pdf file /eos/home-s/spalluot/www/MTD/MTDTB_CERN_Sep23/pulseShapes//HPK_2E14_LYSO100056_Vov2.00_angle52_T-40C/c_energy_bar14LR_Vov2.00_th05.pdf has been created
Info in <TCanvas::Print>: png file /eos/home-s/spalluot/www/MTD/MTDTB_CERN_Sep23/pulseShapes//HPK_2E14_LYSO100056_Vov2.00_angle52_T-40C/c_energy_bar15LR_Vov2.00_th05.png has been created
Info in <TCanvas::Print>: pdf file /eos/home-s/spalluot/www/MTD/MTDTB_CERN_Sep23/pulseShapes//HPK_2E14_LYSO100056_Vov2.00_angle52_T-40C/c_energy_bar15LR_Vov2.00_th05.pdf has been created
Info in <TCanvas::Print>: png file /eos/home-s/spalluot/www/MTD/MTDTB_CERN_Sep23/pulseShapes//HPK_2E14_LYSO100056_Vov2.00_angle52_T-40C/c_energy_bar00LR_Vov2.00_th07.png has been created
Info in <TCanvas::Print>: pdf file /eos/home-s/spalluot/www/MTD/MTDTB_CERN_Sep23/pulseShapes//HPK_2E14_LYSO100056_Vov2.00_angle52_T-40C/c_energy_bar00LR_Vov2.00_th07.pdf has been created
Info in <TCanvas::Print>: png file /eos/home-s/spalluot/www/MTD/MTDTB_CERN_Sep23/pulseShapes//HPK_2E14_LYSO100056_Vov2.00_angle52_T-40C/c_energy_bar01LR_Vov2.00_th07.png has been created
Info in <TCanvas::Print>: pdf file /eos/home-s/spalluot/www/MTD/MTDTB_CERN_Sep23/pulseShapes//HPK_2E14_LYSO100056_Vov2.00_angle52_T-40C/c_energy_bar01LR_Vov2.00_th07.pdf has been created
Info in <TCanvas::Print>: png file /eos/home-s/spalluot/www/MTD/MTDTB_CERN_Sep23/pulseShapes//HPK_2E14_LYSO100056_Vov2.00_angle52_T-40C/c_energy_bar02LR_Vov2.00_th07.png has been created
Info in <TCanvas::Print>: pdf file /eos/home-s/spalluot/www/MTD/MTDTB_CERN_Sep23/pulseShapes//HPK_2E14_LYSO100056_Vov2.00_angle52_T-40C/c_energy_bar02LR_Vov2.00_th07.pdf has been created
Info in <TCanvas::Print>: png file /eos/home-s/spalluot/www/MTD/MTDTB_CERN_Sep23/pulseShapes//HPK_2E14_LYSO100056_Vov2.00_angle52_T-40C/c_energy_bar03LR_Vov2.00_th07.png has been created
Info in <TCanvas::Print>: pdf file /eos/home-s/spalluot/www/MTD/MTDTB_CERN_Sep23/pulseShapes//HPK_2E14_LYSO100056_Vov2.00_angle52_T-40C/c_energy_bar03LR_Vov2.00_th07.pdf has been created
Info in <TCanvas::Print>: png file /eos/home-s/spalluot/www/MTD/MTDTB_CERN_Sep23/pulseShapes//HPK_2E14_LYSO100056_Vov2.00_angle52_T-40C/c_energy_bar04LR_Vov2.00_th07.png has been created
Info in <TCanvas::Print>: pdf file /eos/home-s/spalluot/www/MTD/MTDTB_CERN_Sep23/pulseShapes//HPK_2E14_LYSO100056_Vov2.00_angle52_T-40C/c_energy_bar04LR_Vov2.00_th07.pdf has been created
Info in <TCanvas::Print>: png file /eos/home-s/spalluot/www/MTD/MTDTB_CERN_Sep23/pulseShapes//HPK_2E14_LYSO100056_Vov2.00_angle52_T-40C/c_energy_bar05LR_Vov2.00_th07.png has been created
Info in <TCanvas::Print>: pdf file /eos/home-s/spalluot/www/MTD/MTDTB_CERN_Sep23/pulseShapes//HPK_2E14_LYSO100056_Vov2.00_angle52_T-40C/c_energy_bar05LR_Vov2.00_th07.pdf has been created
Info in <TCanvas::Print>: png file /eos/home-s/spalluot/www/MTD/MTDTB_CERN_Sep23/pulseShapes//HPK_2E14_LYSO100056_Vov2.00_angle52_T-40C/c_energy_bar06LR_Vov2.00_th07.png has been created
Info in <TCanvas::Print>: pdf file /eos/home-s/spalluot/www/MTD/MTDTB_CERN_Sep23/pulseShapes//HPK_2E14_LYSO100056_Vov2.00_angle52_T-40C/c_energy_bar06LR_Vov2.00_th07.pdf has been created
Info in <TCanvas::Print>: png file /eos/home-s/spalluot/www/MTD/MTDTB_CERN_Sep23/pulseShapes//HPK_2E14_LYSO100056_Vov2.00_angle52_T-40C/c_energy_bar07LR_Vov2.00_th07.png has been created
Info in <TCanvas::Print>: pdf file /eos/home-s/spalluot/www/MTD/MTDTB_CERN_Sep23/pulseShapes//HPK_2E14_LYSO100056_Vov2.00_angle52_T-40C/c_energy_bar07LR_Vov2.00_th07.pdf has been created
Info in <TCanvas::Print>: png file /eos/home-s/spalluot/www/MTD/MTDTB_CERN_Sep23/pulseShapes//HPK_2E14_LYSO100056_Vov2.00_angle52_T-40C/c_energy_bar08LR_Vov2.00_th07.png has been created
Info in <TCanvas::Print>: pdf file /eos/home-s/spalluot/www/MTD/MTDTB_CERN_Sep23/pulseShapes//HPK_2E14_LYSO100056_Vov2.00_angle52_T-40C/c_energy_bar08LR_Vov2.00_th07.pdf has been created
Info in <TCanvas::Print>: png file /eos/home-s/spalluot/www/MTD/MTDTB_CERN_Sep23/pulseShapes//HPK_2E14_LYSO100056_Vov2.00_angle52_T-40C/c_energy_bar09LR_Vov2.00_th07.png has been created
Info in <TCanvas::Print>: pdf file /eos/home-s/spalluot/www/MTD/MTDTB_CERN_Sep23/pulseShapes//HPK_2E14_LYSO100056_Vov2.00_angle52_T-40C/c_energy_bar09LR_Vov2.00_th07.pdf has been created
Info in <TCanvas::Print>: png file /eos/home-s/spalluot/www/MTD/MTDTB_CERN_Sep23/pulseShapes//HPK_2E14_LYSO100056_Vov2.00_angle52_T-40C/c_energy_bar10LR_Vov2.00_th07.png has been created
Info in <TCanvas::Print>: pdf file /eos/home-s/spalluot/www/MTD/MTDTB_CERN_Sep23/pulseShapes//HPK_2E14_LYSO100056_Vov2.00_angle52_T-40C/c_energy_bar10LR_Vov2.00_th07.pdf has been created
Info in <TCanvas::Print>: png file /eos/home-s/spalluot/www/MTD/MTDTB_CERN_Sep23/pulseShapes//HPK_2E14_LYSO100056_Vov2.00_angle52_T-40C/c_energy_bar11LR_Vov2.00_th07.png has been created
Info in <TCanvas::Print>: pdf file /eos/home-s/spalluot/www/MTD/MTDTB_CERN_Sep23/pulseShapes//HPK_2E14_LYSO100056_Vov2.00_angle52_T-40C/c_energy_bar11LR_Vov2.00_th07.pdf has been created
Info in <TCanvas::Print>: png file /eos/home-s/spalluot/www/MTD/MTDTB_CERN_Sep23/pulseShapes//HPK_2E14_LYSO100056_Vov2.00_angle52_T-40C/c_energy_bar12LR_Vov2.00_th07.png has been created
Info in <TCanvas::Print>: pdf file /eos/home-s/spalluot/www/MTD/MTDTB_CERN_Sep23/pulseShapes//HPK_2E14_LYSO100056_Vov2.00_angle52_T-40C/c_energy_bar12LR_Vov2.00_th07.pdf has been created
Info in <TCanvas::Print>: png file /eos/home-s/spalluot/www/MTD/MTDTB_CERN_Sep23/pulseShapes//HPK_2E14_LYSO100056_Vov2.00_angle52_T-40C/c_energy_bar13LR_Vov2.00_th07.png has been created
Info in <TCanvas::Print>: pdf file /eos/home-s/spalluot/www/MTD/MTDTB_CERN_Sep23/pulseShapes//HPK_2E14_LYSO100056_Vov2.00_angle52_T-40C/c_energy_bar13LR_Vov2.00_th07.pdf has been created
Info in <TCanvas::Print>: png file /eos/home-s/spalluot/www/MTD/MTDTB_CERN_Sep23/pulseShapes//HPK_2E14_LYSO100056_Vov2.00_angle52_T-40C/c_energy_bar14LR_Vov2.00_th07.png has been created
Info in <TCanvas::Print>: pdf file /eos/home-s/spalluot/www/MTD/MTDTB_CERN_Sep23/pulseShapes//HPK_2E14_LYSO100056_Vov2.00_angle52_T-40C/c_energy_bar14LR_Vov2.00_th07.pdf has been created
Info in <TCanvas::Print>: png file /eos/home-s/spalluot/www/MTD/MTDTB_CERN_Sep23/pulseShapes//HPK_2E14_LYSO100056_Vov2.00_angle52_T-40C/c_energy_bar15LR_Vov2.00_th07.png has been created
Info in <TCanvas::Print>: pdf file /eos/home-s/spalluot/www/MTD/MTDTB_CERN_Sep23/pulseShapes//HPK_2E14_LYSO100056_Vov2.00_angle52_T-40C/c_energy_bar15LR_Vov2.00_th07.pdf has been created
Info in <TCanvas::Print>: png file /eos/home-s/spalluot/www/MTD/MTDTB_CERN_Sep23/pulseShapes//HPK_2E14_LYSO100056_Vov2.00_angle52_T-40C/c_energy_bar00LR_Vov2.00_th11.png has been created
Info in <TCanvas::Print>: pdf file /eos/home-s/spalluot/www/MTD/MTDTB_CERN_Sep23/pulseShapes//HPK_2E14_LYSO100056_Vov2.00_angle52_T-40C/c_energy_bar00LR_Vov2.00_th11.pdf has been created
Info in <TCanvas::Print>: png file /eos/home-s/spalluot/www/MTD/MTDTB_CERN_Sep23/pulseShapes//HPK_2E14_LYSO100056_Vov2.00_angle52_T-40C/c_energy_bar01LR_Vov2.00_th11.png has been created
Info in <TCanvas::Print>: pdf file /eos/home-s/spalluot/www/MTD/MTDTB_CERN_Sep23/pulseShapes//HPK_2E14_LYSO100056_Vov2.00_angle52_T-40C/c_energy_bar01LR_Vov2.00_th11.pdf has been created
Info in <TCanvas::Print>: png file /eos/home-s/spalluot/www/MTD/MTDTB_CERN_Sep23/pulseShapes//HPK_2E14_LYSO100056_Vov2.00_angle52_T-40C/c_energy_bar02LR_Vov2.00_th11.png has been created
Info in <TCanvas::Print>: pdf file /eos/home-s/spalluot/www/MTD/MTDTB_CERN_Sep23/pulseShapes//HPK_2E14_LYSO100056_Vov2.00_angle52_T-40C/c_energy_bar02LR_Vov2.00_th11.pdf has been created
Info in <TCanvas::Print>: png file /eos/home-s/spalluot/www/MTD/MTDTB_CERN_Sep23/pulseShapes//HPK_2E14_LYSO100056_Vov2.00_angle52_T-40C/c_energy_bar03LR_Vov2.00_th11.png has been created
Info in <TCanvas::Print>: pdf file /eos/home-s/spalluot/www/MTD/MTDTB_CERN_Sep23/pulseShapes//HPK_2E14_LYSO100056_Vov2.00_angle52_T-40C/c_energy_bar03LR_Vov2.00_th11.pdf has been created
Info in <TCanvas::Print>: png file /eos/home-s/spalluot/www/MTD/MTDTB_CERN_Sep23/pulseShapes//HPK_2E14_LYSO100056_Vov2.00_angle52_T-40C/c_energy_bar04LR_Vov2.00_th11.png has been created
Info in <TCanvas::Print>: pdf file /eos/home-s/spalluot/www/MTD/MTDTB_CERN_Sep23/pulseShapes//HPK_2E14_LYSO100056_Vov2.00_angle52_T-40C/c_energy_bar04LR_Vov2.00_th11.pdf has been created
Info in <TCanvas::Print>: png file /eos/home-s/spalluot/www/MTD/MTDTB_CERN_Sep23/pulseShapes//HPK_2E14_LYSO100056_Vov2.00_angle52_T-40C/c_energy_bar05LR_Vov2.00_th11.png has been created
Info in <TCanvas::Print>: pdf file /eos/home-s/spalluot/www/MTD/MTDTB_CERN_Sep23/pulseShapes//HPK_2E14_LYSO100056_Vov2.00_angle52_T-40C/c_energy_bar05LR_Vov2.00_th11.pdf has been created
Info in <TCanvas::Print>: png file /eos/home-s/spalluot/www/MTD/MTDTB_CERN_Sep23/pulseShapes//HPK_2E14_LYSO100056_Vov2.00_angle52_T-40C/c_energy_bar06LR_Vov2.00_th11.png has been created
Info in <TCanvas::Print>: pdf file /eos/home-s/spalluot/www/MTD/MTDTB_CERN_Sep23/pulseShapes//HPK_2E14_LYSO100056_Vov2.00_angle52_T-40C/c_energy_bar06LR_Vov2.00_th11.pdf has been created
Info in <TCanvas::Print>: png file /eos/home-s/spalluot/www/MTD/MTDTB_CERN_Sep23/pulseShapes//HPK_2E14_LYSO100056_Vov2.00_angle52_T-40C/c_energy_bar07LR_Vov2.00_th11.png has been created
Info in <TCanvas::Print>: pdf file /eos/home-s/spalluot/www/MTD/MTDTB_CERN_Sep23/pulseShapes//HPK_2E14_LYSO100056_Vov2.00_angle52_T-40C/c_energy_bar07LR_Vov2.00_th11.pdf has been created
Info in <TCanvas::Print>: png file /eos/home-s/spalluot/www/MTD/MTDTB_CERN_Sep23/pulseShapes//HPK_2E14_LYSO100056_Vov2.00_angle52_T-40C/c_energy_bar08LR_Vov2.00_th11.png has been created
Info in <TCanvas::Print>: pdf file /eos/home-s/spalluot/www/MTD/MTDTB_CERN_Sep23/pulseShapes//HPK_2E14_LYSO100056_Vov2.00_angle52_T-40C/c_energy_bar08LR_Vov2.00_th11.pdf has been created
Info in <TCanvas::Print>: png file /eos/home-s/spalluot/www/MTD/MTDTB_CERN_Sep23/pulseShapes//HPK_2E14_LYSO100056_Vov2.00_angle52_T-40C/c_energy_bar09LR_Vov2.00_th11.png has been created
Info in <TCanvas::Print>: pdf file /eos/home-s/spalluot/www/MTD/MTDTB_CERN_Sep23/pulseShapes//HPK_2E14_LYSO100056_Vov2.00_angle52_T-40C/c_energy_bar09LR_Vov2.00_th11.pdf has been created
Info in <TCanvas::Print>: png file /eos/home-s/spalluot/www/MTD/MTDTB_CERN_Sep23/pulseShapes//HPK_2E14_LYSO100056_Vov2.00_angle52_T-40C/c_energy_bar10LR_Vov2.00_th11.png has been created
Info in <TCanvas::Print>: pdf file /eos/home-s/spalluot/www/MTD/MTDTB_CERN_Sep23/pulseShapes//HPK_2E14_LYSO100056_Vov2.00_angle52_T-40C/c_energy_bar10LR_Vov2.00_th11.pdf has been created
Info in <TCanvas::Print>: png file /eos/home-s/spalluot/www/MTD/MTDTB_CERN_Sep23/pulseShapes//HPK_2E14_LYSO100056_Vov2.00_angle52_T-40C/c_energy_bar11LR_Vov2.00_th11.png has been created
Info in <TCanvas::Print>: pdf file /eos/home-s/spalluot/www/MTD/MTDTB_CERN_Sep23/pulseShapes//HPK_2E14_LYSO100056_Vov2.00_angle52_T-40C/c_energy_bar11LR_Vov2.00_th11.pdf has been created
Info in <TCanvas::Print>: png file /eos/home-s/spalluot/www/MTD/MTDTB_CERN_Sep23/pulseShapes//HPK_2E14_LYSO100056_Vov2.00_angle52_T-40C/c_energy_bar12LR_Vov2.00_th11.png has been created
Info in <TCanvas::Print>: pdf file /eos/home-s/spalluot/www/MTD/MTDTB_CERN_Sep23/pulseShapes//HPK_2E14_LYSO100056_Vov2.00_angle52_T-40C/c_energy_bar12LR_Vov2.00_th11.pdf has been created
Info in <TCanvas::Print>: png file /eos/home-s/spalluot/www/MTD/MTDTB_CERN_Sep23/pulseShapes//HPK_2E14_LYSO100056_Vov2.00_angle52_T-40C/c_energy_bar13LR_Vov2.00_th11.png has been created
Info in <TCanvas::Print>: pdf file /eos/home-s/spalluot/www/MTD/MTDTB_CERN_Sep23/pulseShapes//HPK_2E14_LYSO100056_Vov2.00_angle52_T-40C/c_energy_bar13LR_Vov2.00_th11.pdf has been created
Info in <TCanvas::Print>: png file /eos/home-s/spalluot/www/MTD/MTDTB_CERN_Sep23/pulseShapes//HPK_2E14_LYSO100056_Vov2.00_angle52_T-40C/c_energy_bar14LR_Vov2.00_th11.png has been created
Info in <TCanvas::Print>: pdf file /eos/home-s/spalluot/www/MTD/MTDTB_CERN_Sep23/pulseShapes//HPK_2E14_LYSO100056_Vov2.00_angle52_T-40C/c_energy_bar14LR_Vov2.00_th11.pdf has been created
Info in <TCanvas::Print>: png file /eos/home-s/spalluot/www/MTD/MTDTB_CERN_Sep23/pulseShapes//HPK_2E14_LYSO100056_Vov2.00_angle52_T-40C/c_energy_bar15LR_Vov2.00_th11.png has been created
Info in <TCanvas::Print>: pdf file /eos/home-s/spalluot/www/MTD/MTDTB_CERN_Sep23/pulseShapes//HPK_2E14_LYSO100056_Vov2.00_angle52_T-40C/c_energy_bar15LR_Vov2.00_th11.pdf has been created
Info in <TCanvas::Print>: png file /eos/home-s/spalluot/www/MTD/MTDTB_CERN_Sep23/pulseShapes//HPK_2E14_LYSO100056_Vov2.00_angle52_T-40C/c_energy_bar00LR_Vov2.00_th15.png has been created
Info in <TCanvas::Print>: pdf file /eos/home-s/spalluot/www/MTD/MTDTB_CERN_Sep23/pulseShapes//HPK_2E14_LYSO100056_Vov2.00_angle52_T-40C/c_energy_bar00LR_Vov2.00_th15.pdf has been created
Info in <TCanvas::Print>: png file /eos/home-s/spalluot/www/MTD/MTDTB_CERN_Sep23/pulseShapes//HPK_2E14_LYSO100056_Vov2.00_angle52_T-40C/c_energy_bar01LR_Vov2.00_th15.png has been created
Info in <TCanvas::Print>: pdf file /eos/home-s/spalluot/www/MTD/MTDTB_CERN_Sep23/pulseShapes//HPK_2E14_LYSO100056_Vov2.00_angle52_T-40C/c_energy_bar01LR_Vov2.00_th15.pdf has been created
Info in <TCanvas::Print>: png file /eos/home-s/spalluot/www/MTD/MTDTB_CERN_Sep23/pulseShapes//HPK_2E14_LYSO100056_Vov2.00_angle52_T-40C/c_energy_bar02LR_Vov2.00_th15.png has been created
Info in <TCanvas::Print>: pdf file /eos/home-s/spalluot/www/MTD/MTDTB_CERN_Sep23/pulseShapes//HPK_2E14_LYSO100056_Vov2.00_angle52_T-40C/c_energy_bar02LR_Vov2.00_th15.pdf has been created
Info in <TCanvas::Print>: png file /eos/home-s/spalluot/www/MTD/MTDTB_CERN_Sep23/pulseShapes//HPK_2E14_LYSO100056_Vov2.00_angle52_T-40C/c_energy_bar03LR_Vov2.00_th15.png has been created
Info in <TCanvas::Print>: pdf file /eos/home-s/spalluot/www/MTD/MTDTB_CERN_Sep23/pulseShapes//HPK_2E14_LYSO100056_Vov2.00_angle52_T-40C/c_energy_bar03LR_Vov2.00_th15.pdf has been created
Info in <TCanvas::Print>: png file /eos/home-s/spalluot/www/MTD/MTDTB_CERN_Sep23/pulseShapes//HPK_2E14_LYSO100056_Vov2.00_angle52_T-40C/c_energy_bar04LR_Vov2.00_th15.png has been created
Info in <TCanvas::Print>: pdf file /eos/home-s/spalluot/www/MTD/MTDTB_CERN_Sep23/pulseShapes//HPK_2E14_LYSO100056_Vov2.00_angle52_T-40C/c_energy_bar04LR_Vov2.00_th15.pdf has been created
Info in <TCanvas::Print>: png file /eos/home-s/spalluot/www/MTD/MTDTB_CERN_Sep23/pulseShapes//HPK_2E14_LYSO100056_Vov2.00_angle52_T-40C/c_energy_bar05LR_Vov2.00_th15.png has been created
Info in <TCanvas::Print>: pdf file /eos/home-s/spalluot/www/MTD/MTDTB_CERN_Sep23/pulseShapes//HPK_2E14_LYSO100056_Vov2.00_angle52_T-40C/c_energy_bar05LR_Vov2.00_th15.pdf has been created
Info in <TCanvas::Print>: png file /eos/home-s/spalluot/www/MTD/MTDTB_CERN_Sep23/pulseShapes//HPK_2E14_LYSO100056_Vov2.00_angle52_T-40C/c_energy_bar06LR_Vov2.00_th15.png has been created
Info in <TCanvas::Print>: pdf file /eos/home-s/spalluot/www/MTD/MTDTB_CERN_Sep23/pulseShapes//HPK_2E14_LYSO100056_Vov2.00_angle52_T-40C/c_energy_bar06LR_Vov2.00_th15.pdf has been created
Info in <TCanvas::Print>: png file /eos/home-s/spalluot/www/MTD/MTDTB_CERN_Sep23/pulseShapes//HPK_2E14_LYSO100056_Vov2.00_angle52_T-40C/c_energy_bar07LR_Vov2.00_th15.png has been created
Info in <TCanvas::Print>: pdf file /eos/home-s/spalluot/www/MTD/MTDTB_CERN_Sep23/pulseShapes//HPK_2E14_LYSO100056_Vov2.00_angle52_T-40C/c_energy_bar07LR_Vov2.00_th15.pdf has been created
Info in <TCanvas::Print>: png file /eos/home-s/spalluot/www/MTD/MTDTB_CERN_Sep23/pulseShapes//HPK_2E14_LYSO100056_Vov2.00_angle52_T-40C/c_energy_bar08LR_Vov2.00_th15.png has been created
Info in <TCanvas::Print>: pdf file /eos/home-s/spalluot/www/MTD/MTDTB_CERN_Sep23/pulseShapes//HPK_2E14_LYSO100056_Vov2.00_angle52_T-40C/c_energy_bar08LR_Vov2.00_th15.pdf has been created
Info in <TCanvas::Print>: png file /eos/home-s/spalluot/www/MTD/MTDTB_CERN_Sep23/pulseShapes//HPK_2E14_LYSO100056_Vov2.00_angle52_T-40C/c_energy_bar09LR_Vov2.00_th15.png has been created
Info in <TCanvas::Print>: pdf file /eos/home-s/spalluot/www/MTD/MTDTB_CERN_Sep23/pulseShapes//HPK_2E14_LYSO100056_Vov2.00_angle52_T-40C/c_energy_bar09LR_Vov2.00_th15.pdf has been created
Info in <TCanvas::Print>: png file /eos/home-s/spalluot/www/MTD/MTDTB_CERN_Sep23/pulseShapes//HPK_2E14_LYSO100056_Vov2.00_angle52_T-40C/c_energy_bar10LR_Vov2.00_th15.png has been created
Info in <TCanvas::Print>: pdf file /eos/home-s/spalluot/www/MTD/MTDTB_CERN_Sep23/pulseShapes//HPK_2E14_LYSO100056_Vov2.00_angle52_T-40C/c_energy_bar10LR_Vov2.00_th15.pdf has been created
Info in <TCanvas::Print>: png file /eos/home-s/spalluot/www/MTD/MTDTB_CERN_Sep23/pulseShapes//HPK_2E14_LYSO100056_Vov2.00_angle52_T-40C/c_energy_bar11LR_Vov2.00_th15.png has been created
Info in <TCanvas::Print>: pdf file /eos/home-s/spalluot/www/MTD/MTDTB_CERN_Sep23/pulseShapes//HPK_2E14_LYSO100056_Vov2.00_angle52_T-40C/c_energy_bar11LR_Vov2.00_th15.pdf has been created
Info in <TCanvas::Print>: png file /eos/home-s/spalluot/www/MTD/MTDTB_CERN_Sep23/pulseShapes//HPK_2E14_LYSO100056_Vov2.00_angle52_T-40C/c_energy_bar12LR_Vov2.00_th15.png has been created
Info in <TCanvas::Print>: pdf file /eos/home-s/spalluot/www/MTD/MTDTB_CERN_Sep23/pulseShapes//HPK_2E14_LYSO100056_Vov2.00_angle52_T-40C/c_energy_bar12LR_Vov2.00_th15.pdf has been created
Info in <TCanvas::Print>: png file /eos/home-s/spalluot/www/MTD/MTDTB_CERN_Sep23/pulseShapes//HPK_2E14_LYSO100056_Vov2.00_angle52_T-40C/c_energy_bar13LR_Vov2.00_th15.png has been created
Info in <TCanvas::Print>: pdf file /eos/home-s/spalluot/www/MTD/MTDTB_CERN_Sep23/pulseShapes//HPK_2E14_LYSO100056_Vov2.00_angle52_T-40C/c_energy_bar13LR_Vov2.00_th15.pdf has been created
Info in <TCanvas::Print>: png file /eos/home-s/spalluot/www/MTD/MTDTB_CERN_Sep23/pulseShapes//HPK_2E14_LYSO100056_Vov2.00_angle52_T-40C/c_energy_bar14LR_Vov2.00_th15.png has been created
Info in <TCanvas::Print>: pdf file /eos/home-s/spalluot/www/MTD/MTDTB_CERN_Sep23/pulseShapes//HPK_2E14_LYSO100056_Vov2.00_angle52_T-40C/c_energy_bar14LR_Vov2.00_th15.pdf has been created
Info in <TCanvas::Print>: png file /eos/home-s/spalluot/www/MTD/MTDTB_CERN_Sep23/pulseShapes//HPK_2E14_LYSO100056_Vov2.00_angle52_T-40C/c_energy_bar15LR_Vov2.00_th15.png has been created
Info in <TCanvas::Print>: pdf file /eos/home-s/spalluot/www/MTD/MTDTB_CERN_Sep23/pulseShapes//HPK_2E14_LYSO100056_Vov2.00_angle52_T-40C/c_energy_bar15LR_Vov2.00_th15.pdf has been created
Info in <TCanvas::Print>: png file /eos/home-s/spalluot/www/MTD/MTDTB_CERN_Sep23/pulseShapes//HPK_2E14_LYSO100056_Vov2.00_angle52_T-40C/c_energy_bar00LR_Vov2.00_th20.png has been created
Info in <TCanvas::Print>: pdf file /eos/home-s/spalluot/www/MTD/MTDTB_CERN_Sep23/pulseShapes//HPK_2E14_LYSO100056_Vov2.00_angle52_T-40C/c_energy_bar00LR_Vov2.00_th20.pdf has been created
Info in <TCanvas::Print>: png file /eos/home-s/spalluot/www/MTD/MTDTB_CERN_Sep23/pulseShapes//HPK_2E14_LYSO100056_Vov2.00_angle52_T-40C/c_energy_bar01LR_Vov2.00_th20.png has been created
Info in <TCanvas::Print>: pdf file /eos/home-s/spalluot/www/MTD/MTDTB_CERN_Sep23/pulseShapes//HPK_2E14_LYSO100056_Vov2.00_angle52_T-40C/c_energy_bar01LR_Vov2.00_th20.pdf has been created
Info in <TCanvas::Print>: png file /eos/home-s/spalluot/www/MTD/MTDTB_CERN_Sep23/pulseShapes//HPK_2E14_LYSO100056_Vov2.00_angle52_T-40C/c_energy_bar02LR_Vov2.00_th20.png has been created
Info in <TCanvas::Print>: pdf file /eos/home-s/spalluot/www/MTD/MTDTB_CERN_Sep23/pulseShapes//HPK_2E14_LYSO100056_Vov2.00_angle52_T-40C/c_energy_bar02LR_Vov2.00_th20.pdf has been created
Info in <TCanvas::Print>: png file /eos/home-s/spalluot/www/MTD/MTDTB_CERN_Sep23/pulseShapes//HPK_2E14_LYSO100056_Vov2.00_angle52_T-40C/c_energy_bar03LR_Vov2.00_th20.png has been created
Info in <TCanvas::Print>: pdf file /eos/home-s/spalluot/www/MTD/MTDTB_CERN_Sep23/pulseShapes//HPK_2E14_LYSO100056_Vov2.00_angle52_T-40C/c_energy_bar03LR_Vov2.00_th20.pdf has been created
Info in <TCanvas::Print>: png file /eos/home-s/spalluot/www/MTD/MTDTB_CERN_Sep23/pulseShapes//HPK_2E14_LYSO100056_Vov2.00_angle52_T-40C/c_energy_bar04LR_Vov2.00_th20.png has been created
Info in <TCanvas::Print>: pdf file /eos/home-s/spalluot/www/MTD/MTDTB_CERN_Sep23/pulseShapes//HPK_2E14_LYSO100056_Vov2.00_angle52_T-40C/c_energy_bar04LR_Vov2.00_th20.pdf has been created
Info in <TCanvas::Print>: png file /eos/home-s/spalluot/www/MTD/MTDTB_CERN_Sep23/pulseShapes//HPK_2E14_LYSO100056_Vov2.00_angle52_T-40C/c_energy_bar05LR_Vov2.00_th20.png has been created
Info in <TCanvas::Print>: pdf file /eos/home-s/spalluot/www/MTD/MTDTB_CERN_Sep23/pulseShapes//HPK_2E14_LYSO100056_Vov2.00_angle52_T-40C/c_energy_bar05LR_Vov2.00_th20.pdf has been created
Info in <TCanvas::Print>: png file /eos/home-s/spalluot/www/MTD/MTDTB_CERN_Sep23/pulseShapes//HPK_2E14_LYSO100056_Vov2.00_angle52_T-40C/c_energy_bar06LR_Vov2.00_th20.png has been created
Info in <TCanvas::Print>: pdf file /eos/home-s/spalluot/www/MTD/MTDTB_CERN_Sep23/pulseShapes//HPK_2E14_LYSO100056_Vov2.00_angle52_T-40C/c_energy_bar06LR_Vov2.00_th20.pdf has been created
Info in <TCanvas::Print>: png file /eos/home-s/spalluot/www/MTD/MTDTB_CERN_Sep23/pulseShapes//HPK_2E14_LYSO100056_Vov2.00_angle52_T-40C/c_energy_bar07LR_Vov2.00_th20.png has been created
Info in <TCanvas::Print>: pdf file /eos/home-s/spalluot/www/MTD/MTDTB_CERN_Sep23/pulseShapes//HPK_2E14_LYSO100056_Vov2.00_angle52_T-40C/c_energy_bar07LR_Vov2.00_th20.pdf has been created
Info in <TCanvas::Print>: png file /eos/home-s/spalluot/www/MTD/MTDTB_CERN_Sep23/pulseShapes//HPK_2E14_LYSO100056_Vov2.00_angle52_T-40C/c_energy_bar08LR_Vov2.00_th20.png has been created
Info in <TCanvas::Print>: pdf file /eos/home-s/spalluot/www/MTD/MTDTB_CERN_Sep23/pulseShapes//HPK_2E14_LYSO100056_Vov2.00_angle52_T-40C/c_energy_bar08LR_Vov2.00_th20.pdf has been created
Info in <TCanvas::Print>: png file /eos/home-s/spalluot/www/MTD/MTDTB_CERN_Sep23/pulseShapes//HPK_2E14_LYSO100056_Vov2.00_angle52_T-40C/c_energy_bar09LR_Vov2.00_th20.png has been created
Info in <TCanvas::Print>: pdf file /eos/home-s/spalluot/www/MTD/MTDTB_CERN_Sep23/pulseShapes//HPK_2E14_LYSO100056_Vov2.00_angle52_T-40C/c_energy_bar09LR_Vov2.00_th20.pdf has been created
Info in <TCanvas::Print>: png file /eos/home-s/spalluot/www/MTD/MTDTB_CERN_Sep23/pulseShapes//HPK_2E14_LYSO100056_Vov2.00_angle52_T-40C/c_energy_bar10LR_Vov2.00_th20.png has been created
Info in <TCanvas::Print>: pdf file /eos/home-s/spalluot/www/MTD/MTDTB_CERN_Sep23/pulseShapes//HPK_2E14_LYSO100056_Vov2.00_angle52_T-40C/c_energy_bar10LR_Vov2.00_th20.pdf has been created
Info in <TCanvas::Print>: png file /eos/home-s/spalluot/www/MTD/MTDTB_CERN_Sep23/pulseShapes//HPK_2E14_LYSO100056_Vov2.00_angle52_T-40C/c_energy_bar11LR_Vov2.00_th20.png has been created
Info in <TCanvas::Print>: pdf file /eos/home-s/spalluot/www/MTD/MTDTB_CERN_Sep23/pulseShapes//HPK_2E14_LYSO100056_Vov2.00_angle52_T-40C/c_energy_bar11LR_Vov2.00_th20.pdf has been created
Info in <TCanvas::Print>: png file /eos/home-s/spalluot/www/MTD/MTDTB_CERN_Sep23/pulseShapes//HPK_2E14_LYSO100056_Vov2.00_angle52_T-40C/c_energy_bar12LR_Vov2.00_th20.png has been created
Info in <TCanvas::Print>: pdf file /eos/home-s/spalluot/www/MTD/MTDTB_CERN_Sep23/pulseShapes//HPK_2E14_LYSO100056_Vov2.00_angle52_T-40C/c_energy_bar12LR_Vov2.00_th20.pdf has been created
Info in <TCanvas::Print>: png file /eos/home-s/spalluot/www/MTD/MTDTB_CERN_Sep23/pulseShapes//HPK_2E14_LYSO100056_Vov2.00_angle52_T-40C/c_energy_bar13LR_Vov2.00_th20.png has been created
Info in <TCanvas::Print>: pdf file /eos/home-s/spalluot/www/MTD/MTDTB_CERN_Sep23/pulseShapes//HPK_2E14_LYSO100056_Vov2.00_angle52_T-40C/c_energy_bar13LR_Vov2.00_th20.pdf has been created
Info in <TCanvas::Print>: png file /eos/home-s/spalluot/www/MTD/MTDTB_CERN_Sep23/pulseShapes//HPK_2E14_LYSO100056_Vov2.00_angle52_T-40C/c_energy_bar14LR_Vov2.00_th20.png has been created
Info in <TCanvas::Print>: pdf file /eos/home-s/spalluot/www/MTD/MTDTB_CERN_Sep23/pulseShapes//HPK_2E14_LYSO100056_Vov2.00_angle52_T-40C/c_energy_bar14LR_Vov2.00_th20.pdf has been created
Info in <TCanvas::Print>: png file /eos/home-s/spalluot/www/MTD/MTDTB_CERN_Sep23/pulseShapes//HPK_2E14_LYSO100056_Vov2.00_angle52_T-40C/c_energy_bar15LR_Vov2.00_th20.png has been created
Info in <TCanvas::Print>: pdf file /eos/home-s/spalluot/www/MTD/MTDTB_CERN_Sep23/pulseShapes//HPK_2E14_LYSO100056_Vov2.00_angle52_T-40C/c_energy_bar15LR_Vov2.00_th20.pdf has been created
Info in <TCanvas::Print>: png file /eos/home-s/spalluot/www/MTD/MTDTB_CERN_Sep23/pulseShapes//HPK_2E14_LYSO100056_Vov2.00_angle52_T-40C/c_energy_bar00LR_Vov2.00_th25.png has been created
Info in <TCanvas::Print>: pdf file /eos/home-s/spalluot/www/MTD/MTDTB_CERN_Sep23/pulseShapes//HPK_2E14_LYSO100056_Vov2.00_angle52_T-40C/c_energy_bar00LR_Vov2.00_th25.pdf has been created
Info in <TCanvas::Print>: png file /eos/home-s/spalluot/www/MTD/MTDTB_CERN_Sep23/pulseShapes//HPK_2E14_LYSO100056_Vov2.00_angle52_T-40C/c_energy_bar02LR_Vov2.00_th25.png has been created
Info in <TCanvas::Print>: pdf file /eos/home-s/spalluot/www/MTD/MTDTB_CERN_Sep23/pulseShapes//HPK_2E14_LYSO100056_Vov2.00_angle52_T-40C/c_energy_bar02LR_Vov2.00_th25.pdf has been created
Info in <TCanvas::Print>: png file /eos/home-s/spalluot/www/MTD/MTDTB_CERN_Sep23/pulseShapes//HPK_2E14_LYSO100056_Vov2.00_angle52_T-40C/c_energy_bar03LR_Vov2.00_th25.png has been created
Info in <TCanvas::Print>: pdf file /eos/home-s/spalluot/www/MTD/MTDTB_CERN_Sep23/pulseShapes//HPK_2E14_LYSO100056_Vov2.00_angle52_T-40C/c_energy_bar03LR_Vov2.00_th25.pdf has been created
Info in <TCanvas::Print>: png file /eos/home-s/spalluot/www/MTD/MTDTB_CERN_Sep23/pulseShapes//HPK_2E14_LYSO100056_Vov2.00_angle52_T-40C/c_energy_bar04LR_Vov2.00_th25.png has been created
Info in <TCanvas::Print>: pdf file /eos/home-s/spalluot/www/MTD/MTDTB_CERN_Sep23/pulseShapes//HPK_2E14_LYSO100056_Vov2.00_angle52_T-40C/c_energy_bar04LR_Vov2.00_th25.pdf has been created
Info in <TCanvas::Print>: png file /eos/home-s/spalluot/www/MTD/MTDTB_CERN_Sep23/pulseShapes//HPK_2E14_LYSO100056_Vov2.00_angle52_T-40C/c_energy_bar05LR_Vov2.00_th25.png has been created
Info in <TCanvas::Print>: pdf file /eos/home-s/spalluot/www/MTD/MTDTB_CERN_Sep23/pulseShapes//HPK_2E14_LYSO100056_Vov2.00_angle52_T-40C/c_energy_bar05LR_Vov2.00_th25.pdf has been created
Info in <TCanvas::Print>: png file /eos/home-s/spalluot/www/MTD/MTDTB_CERN_Sep23/pulseShapes//HPK_2E14_LYSO100056_Vov2.00_angle52_T-40C/c_energy_bar06LR_Vov2.00_th25.png has been created
Info in <TCanvas::Print>: pdf file /eos/home-s/spalluot/www/MTD/MTDTB_CERN_Sep23/pulseShapes//HPK_2E14_LYSO100056_Vov2.00_angle52_T-40C/c_energy_bar06LR_Vov2.00_th25.pdf has been created
Info in <TCanvas::Print>: png file /eos/home-s/spalluot/www/MTD/MTDTB_CERN_Sep23/pulseShapes//HPK_2E14_LYSO100056_Vov2.00_angle52_T-40C/c_energy_bar07LR_Vov2.00_th25.png has been created
Info in <TCanvas::Print>: pdf file /eos/home-s/spalluot/www/MTD/MTDTB_CERN_Sep23/pulseShapes//HPK_2E14_LYSO100056_Vov2.00_angle52_T-40C/c_energy_bar07LR_Vov2.00_th25.pdf has been created
Info in <TCanvas::Print>: png file /eos/home-s/spalluot/www/MTD/MTDTB_CERN_Sep23/pulseShapes//HPK_2E14_LYSO100056_Vov2.00_angle52_T-40C/c_energy_bar08LR_Vov2.00_th25.png has been created
Info in <TCanvas::Print>: pdf file /eos/home-s/spalluot/www/MTD/MTDTB_CERN_Sep23/pulseShapes//HPK_2E14_LYSO100056_Vov2.00_angle52_T-40C/c_energy_bar08LR_Vov2.00_th25.pdf has been created
Info in <TCanvas::Print>: png file /eos/home-s/spalluot/www/MTD/MTDTB_CERN_Sep23/pulseShapes//HPK_2E14_LYSO100056_Vov2.00_angle52_T-40C/c_energy_bar09LR_Vov2.00_th25.png has been created
Info in <TCanvas::Print>: pdf file /eos/home-s/spalluot/www/MTD/MTDTB_CERN_Sep23/pulseShapes//HPK_2E14_LYSO100056_Vov2.00_angle52_T-40C/c_energy_bar09LR_Vov2.00_th25.pdf has been created
Info in <TCanvas::Print>: png file /eos/home-s/spalluot/www/MTD/MTDTB_CERN_Sep23/pulseShapes//HPK_2E14_LYSO100056_Vov2.00_angle52_T-40C/c_energy_bar10LR_Vov2.00_th25.png has been created
Info in <TCanvas::Print>: pdf file /eos/home-s/spalluot/www/MTD/MTDTB_CERN_Sep23/pulseShapes//HPK_2E14_LYSO100056_Vov2.00_angle52_T-40C/c_energy_bar10LR_Vov2.00_th25.pdf has been created
Info in <TCanvas::Print>: png file /eos/home-s/spalluot/www/MTD/MTDTB_CERN_Sep23/pulseShapes//HPK_2E14_LYSO100056_Vov2.00_angle52_T-40C/c_energy_bar11LR_Vov2.00_th25.png has been created
Info in <TCanvas::Print>: pdf file /eos/home-s/spalluot/www/MTD/MTDTB_CERN_Sep23/pulseShapes//HPK_2E14_LYSO100056_Vov2.00_angle52_T-40C/c_energy_bar11LR_Vov2.00_th25.pdf has been created
Info in <TCanvas::Print>: png file /eos/home-s/spalluot/www/MTD/MTDTB_CERN_Sep23/pulseShapes//HPK_2E14_LYSO100056_Vov2.00_angle52_T-40C/c_energy_bar12LR_Vov2.00_th25.png has been created
Info in <TCanvas::Print>: pdf file /eos/home-s/spalluot/www/MTD/MTDTB_CERN_Sep23/pulseShapes//HPK_2E14_LYSO100056_Vov2.00_angle52_T-40C/c_energy_bar12LR_Vov2.00_th25.pdf has been created
Info in <TCanvas::Print>: png file /eos/home-s/spalluot/www/MTD/MTDTB_CERN_Sep23/pulseShapes//HPK_2E14_LYSO100056_Vov2.00_angle52_T-40C/c_energy_bar13LR_Vov2.00_th25.png has been created
Info in <TCanvas::Print>: pdf file /eos/home-s/spalluot/www/MTD/MTDTB_CERN_Sep23/pulseShapes//HPK_2E14_LYSO100056_Vov2.00_angle52_T-40C/c_energy_bar13LR_Vov2.00_th25.pdf has been created
Info in <TCanvas::Print>: png file /eos/home-s/spalluot/www/MTD/MTDTB_CERN_Sep23/pulseShapes//HPK_2E14_LYSO100056_Vov2.00_angle52_T-40C/g_N_bar00_Vov2.00.png has been created
Info in <TCanvas::Print>: pdf file /eos/home-s/spalluot/www/MTD/MTDTB_CERN_Sep23/pulseShapes//HPK_2E14_LYSO100056_Vov2.00_angle52_T-40C/g_N_bar00_Vov2.00.pdf has been created
Info in <TCanvas::Print>: png file /eos/home-s/spalluot/www/MTD/MTDTB_CERN_Sep23/pulseShapes//HPK_2E14_LYSO100056_Vov2.00_angle52_T-40C/g_N_bar01_Vov2.00.png has been created
Info in <TCanvas::Print>: pdf file /eos/home-s/spalluot/www/MTD/MTDTB_CERN_Sep23/pulseShapes//HPK_2E14_LYSO100056_Vov2.00_angle52_T-40C/g_N_bar01_Vov2.00.pdf has been created
Info in <TCanvas::Print>: png file /eos/home-s/spalluot/www/MTD/MTDTB_CERN_Sep23/pulseShapes//HPK_2E14_LYSO100056_Vov2.00_angle52_T-40C/g_N_bar02_Vov2.00.png has been created
Info in <TCanvas::Print>: pdf file /eos/home-s/spalluot/www/MTD/MTDTB_CERN_Sep23/pulseShapes//HPK_2E14_LYSO100056_Vov2.00_angle52_T-40C/g_N_bar02_Vov2.00.pdf has been created
Info in <TCanvas::Print>: png file /eos/home-s/spalluot/www/MTD/MTDTB_CERN_Sep23/pulseShapes//HPK_2E14_LYSO100056_Vov2.00_angle52_T-40C/g_N_bar03_Vov2.00.png has been created
Info in <TCanvas::Print>: pdf file /eos/home-s/spalluot/www/MTD/MTDTB_CERN_Sep23/pulseShapes//HPK_2E14_LYSO100056_Vov2.00_angle52_T-40C/g_N_bar03_Vov2.00.pdf has been created
Info in <TCanvas::Print>: png file /eos/home-s/spalluot/www/MTD/MTDTB_CERN_Sep23/pulseShapes//HPK_2E14_LYSO100056_Vov2.00_angle52_T-40C/g_N_bar04_Vov2.00.png has been created
Info in <TCanvas::Print>: pdf file /eos/home-s/spalluot/www/MTD/MTDTB_CERN_Sep23/pulseShapes//HPK_2E14_LYSO100056_Vov2.00_angle52_T-40C/g_N_bar04_Vov2.00.pdf has been created
Info in <TCanvas::Print>: png file /eos/home-s/spalluot/www/MTD/MTDTB_CERN_Sep23/pulseShapes//HPK_2E14_LYSO100056_Vov2.00_angle52_T-40C/g_N_bar05_Vov2.00.png has been created
Info in <TCanvas::Print>: pdf file /eos/home-s/spalluot/www/MTD/MTDTB_CERN_Sep23/pulseShapes//HPK_2E14_LYSO100056_Vov2.00_angle52_T-40C/g_N_bar05_Vov2.00.pdf has been created
Info in <TCanvas::Print>: png file /eos/home-s/spalluot/www/MTD/MTDTB_CERN_Sep23/pulseShapes//HPK_2E14_LYSO100056_Vov2.00_angle52_T-40C/g_N_bar06_Vov2.00.png has been created
Info in <TCanvas::Print>: pdf file /eos/home-s/spalluot/www/MTD/MTDTB_CERN_Sep23/pulseShapes//HPK_2E14_LYSO100056_Vov2.00_angle52_T-40C/g_N_bar06_Vov2.00.pdf has been created
Info in <TCanvas::Print>: png file /eos/home-s/spalluot/www/MTD/MTDTB_CERN_Sep23/pulseShapes//HPK_2E14_LYSO100056_Vov2.00_angle52_T-40C/g_N_bar07_Vov2.00.png has been created
Info in <TCanvas::Print>: pdf file /eos/home-s/spalluot/www/MTD/MTDTB_CERN_Sep23/pulseShapes//HPK_2E14_LYSO100056_Vov2.00_angle52_T-40C/g_N_bar07_Vov2.00.pdf has been created
Info in <TCanvas::Print>: png file /eos/home-s/spalluot/www/MTD/MTDTB_CERN_Sep23/pulseShapes//HPK_2E14_LYSO100056_Vov2.00_angle52_T-40C/g_N_bar08_Vov2.00.png has been created
Info in <TCanvas::Print>: pdf file /eos/home-s/spalluot/www/MTD/MTDTB_CERN_Sep23/pulseShapes//HPK_2E14_LYSO100056_Vov2.00_angle52_T-40C/g_N_bar08_Vov2.00.pdf has been created
Info in <TCanvas::Print>: png file /eos/home-s/spalluot/www/MTD/MTDTB_CERN_Sep23/pulseShapes//HPK_2E14_LYSO100056_Vov2.00_angle52_T-40C/g_N_bar09_Vov2.00.png has been created
Info in <TCanvas::Print>: pdf file /eos/home-s/spalluot/www/MTD/MTDTB_CERN_Sep23/pulseShapes//HPK_2E14_LYSO100056_Vov2.00_angle52_T-40C/g_N_bar09_Vov2.00.pdf has been created
Info in <TCanvas::Print>: png file /eos/home-s/spalluot/www/MTD/MTDTB_CERN_Sep23/pulseShapes//HPK_2E14_LYSO100056_Vov2.00_angle52_T-40C/g_N_bar10_Vov2.00.png has been created
Info in <TCanvas::Print>: pdf file /eos/home-s/spalluot/www/MTD/MTDTB_CERN_Sep23/pulseShapes//HPK_2E14_LYSO100056_Vov2.00_angle52_T-40C/g_N_bar10_Vov2.00.pdf has been created
Info in <TCanvas::Print>: png file /eos/home-s/spalluot/www/MTD/MTDTB_CERN_Sep23/pulseShapes//HPK_2E14_LYSO100056_Vov2.00_angle52_T-40C/g_N_bar11_Vov2.00.png has been created
Info in <TCanvas::Print>: pdf file /eos/home-s/spalluot/www/MTD/MTDTB_CERN_Sep23/pulseShapes//HPK_2E14_LYSO100056_Vov2.00_angle52_T-40C/g_N_bar11_Vov2.00.pdf has been created
Info in <TCanvas::Print>: png file /eos/home-s/spalluot/www/MTD/MTDTB_CERN_Sep23/pulseShapes//HPK_2E14_LYSO100056_Vov2.00_angle52_T-40C/g_N_bar12_Vov2.00.png has been created
Info in <TCanvas::Print>: pdf file /eos/home-s/spalluot/www/MTD/MTDTB_CERN_Sep23/pulseShapes//HPK_2E14_LYSO100056_Vov2.00_angle52_T-40C/g_N_bar12_Vov2.00.pdf has been created
Info in <TCanvas::Print>: png file /eos/home-s/spalluot/www/MTD/MTDTB_CERN_Sep23/pulseShapes//HPK_2E14_LYSO100056_Vov2.00_angle52_T-40C/g_N_bar13_Vov2.00.png has been created
Info in <TCanvas::Print>: pdf file /eos/home-s/spalluot/www/MTD/MTDTB_CERN_Sep23/pulseShapes//HPK_2E14_LYSO100056_Vov2.00_angle52_T-40C/g_N_bar13_Vov2.00.pdf has been created
Info in <TCanvas::Print>: png file /eos/home-s/spalluot/www/MTD/MTDTB_CERN_Sep23/pulseShapes//HPK_2E14_LYSO100056_Vov2.00_angle52_T-40C/g_N_bar14_Vov2.00.png has been created
Info in <TCanvas::Print>: pdf file /eos/home-s/spalluot/www/MTD/MTDTB_CERN_Sep23/pulseShapes//HPK_2E14_LYSO100056_Vov2.00_angle52_T-40C/g_N_bar14_Vov2.00.pdf has been created
Info in <TCanvas::Print>: png file /eos/home-s/spalluot/www/MTD/MTDTB_CERN_Sep23/pulseShapes//HPK_2E14_LYSO100056_Vov2.00_angle52_T-40C/g_N_bar15_Vov2.00.png has been created
Info in <TCanvas::Print>: pdf file /eos/home-s/spalluot/www/MTD/MTDTB_CERN_Sep23/pulseShapes//HPK_2E14_LYSO100056_Vov2.00_angle52_T-40C/g_N_bar15_Vov2.00.pdf has been created
Info in <TCanvas::Print>: png file /eos/home-s/spalluot/www/MTD/MTDTB_CERN_Sep23/pulseShapes//HPK_2E14_LYSO100056_Vov2.00_angle52_T-40C/g_tot_bar00_Vov2.00.png has been created
Info in <TCanvas::Print>: pdf file /eos/home-s/spalluot/www/MTD/MTDTB_CERN_Sep23/pulseShapes//HPK_2E14_LYSO100056_Vov2.00_angle52_T-40C/g_tot_bar00_Vov2.00.pdf has been created
Info in <TCanvas::Print>: png file /eos/home-s/spalluot/www/MTD/MTDTB_CERN_Sep23/pulseShapes//HPK_2E14_LYSO100056_Vov2.00_angle52_T-40C/g_tot_bar01_Vov2.00.png has been created
Info in <TCanvas::Print>: pdf file /eos/home-s/spalluot/www/MTD/MTDTB_CERN_Sep23/pulseShapes//HPK_2E14_LYSO100056_Vov2.00_angle52_T-40C/g_tot_bar01_Vov2.00.pdf has been created
Info in <TCanvas::Print>: png file /eos/home-s/spalluot/www/MTD/MTDTB_CERN_Sep23/pulseShapes//HPK_2E14_LYSO100056_Vov2.00_angle52_T-40C/g_tot_bar02_Vov2.00.png has been created
Info in <TCanvas::Print>: pdf file /eos/home-s/spalluot/www/MTD/MTDTB_CERN_Sep23/pulseShapes//HPK_2E14_LYSO100056_Vov2.00_angle52_T-40C/g_tot_bar02_Vov2.00.pdf has been created
Info in <TCanvas::Print>: png file /eos/home-s/spalluot/www/MTD/MTDTB_CERN_Sep23/pulseShapes//HPK_2E14_LYSO100056_Vov2.00_angle52_T-40C/g_tot_bar03_Vov2.00.png has been created
Info in <TCanvas::Print>: pdf file /eos/home-s/spalluot/www/MTD/MTDTB_CERN_Sep23/pulseShapes//HPK_2E14_LYSO100056_Vov2.00_angle52_T-40C/g_tot_bar03_Vov2.00.pdf has been created
Info in <TCanvas::Print>: png file /eos/home-s/spalluot/www/MTD/MTDTB_CERN_Sep23/pulseShapes//HPK_2E14_LYSO100056_Vov2.00_angle52_T-40C/g_tot_bar04_Vov2.00.png has been created
Info in <TCanvas::Print>: pdf file /eos/home-s/spalluot/www/MTD/MTDTB_CERN_Sep23/pulseShapes//HPK_2E14_LYSO100056_Vov2.00_angle52_T-40C/g_tot_bar04_Vov2.00.pdf has been created
Info in <TCanvas::Print>: png file /eos/home-s/spalluot/www/MTD/MTDTB_CERN_Sep23/pulseShapes//HPK_2E14_LYSO100056_Vov2.00_angle52_T-40C/g_tot_bar05_Vov2.00.png has been created
Info in <TCanvas::Print>: pdf file /eos/home-s/spalluot/www/MTD/MTDTB_CERN_Sep23/pulseShapes//HPK_2E14_LYSO100056_Vov2.00_angle52_T-40C/g_tot_bar05_Vov2.00.pdf has been created
Info in <TCanvas::Print>: png file /eos/home-s/spalluot/www/MTD/MTDTB_CERN_Sep23/pulseShapes//HPK_2E14_LYSO100056_Vov2.00_angle52_T-40C/g_tot_bar06_Vov2.00.png has been created
Info in <TCanvas::Print>: pdf file /eos/home-s/spalluot/www/MTD/MTDTB_CERN_Sep23/pulseShapes//HPK_2E14_LYSO100056_Vov2.00_angle52_T-40C/g_tot_bar06_Vov2.00.pdf has been created
Info in <TCanvas::Print>: png file /eos/home-s/spalluot/www/MTD/MTDTB_CERN_Sep23/pulseShapes//HPK_2E14_LYSO100056_Vov2.00_angle52_T-40C/g_tot_bar07_Vov2.00.png has been created
Info in <TCanvas::Print>: pdf file /eos/home-s/spalluot/www/MTD/MTDTB_CERN_Sep23/pulseShapes//HPK_2E14_LYSO100056_Vov2.00_angle52_T-40C/g_tot_bar07_Vov2.00.pdf has been created
Info in <TCanvas::Print>: png file /eos/home-s/spalluot/www/MTD/MTDTB_CERN_Sep23/pulseShapes//HPK_2E14_LYSO100056_Vov2.00_angle52_T-40C/g_tot_bar08_Vov2.00.png has been created
Info in <TCanvas::Print>: pdf file /eos/home-s/spalluot/www/MTD/MTDTB_CERN_Sep23/pulseShapes//HPK_2E14_LYSO100056_Vov2.00_angle52_T-40C/g_tot_bar08_Vov2.00.pdf has been created
Info in <TCanvas::Print>: png file /eos/home-s/spalluot/www/MTD/MTDTB_CERN_Sep23/pulseShapes//HPK_2E14_LYSO100056_Vov2.00_angle52_T-40C/g_tot_bar09_Vov2.00.png has been created
Info in <TCanvas::Print>: pdf file /eos/home-s/spalluot/www/MTD/MTDTB_CERN_Sep23/pulseShapes//HPK_2E14_LYSO100056_Vov2.00_angle52_T-40C/g_tot_bar09_Vov2.00.pdf has been created
Info in <TCanvas::Print>: png file /eos/home-s/spalluot/www/MTD/MTDTB_CERN_Sep23/pulseShapes//HPK_2E14_LYSO100056_Vov2.00_angle52_T-40C/g_tot_bar10_Vov2.00.png has been created
Info in <TCanvas::Print>: pdf file /eos/home-s/spalluot/www/MTD/MTDTB_CERN_Sep23/pulseShapes//HPK_2E14_LYSO100056_Vov2.00_angle52_T-40C/g_tot_bar10_Vov2.00.pdf has been created
Info in <TCanvas::Print>: png file /eos/home-s/spalluot/www/MTD/MTDTB_CERN_Sep23/pulseShapes//HPK_2E14_LYSO100056_Vov2.00_angle52_T-40C/g_tot_bar11_Vov2.00.png has been created
Info in <TCanvas::Print>: pdf file /eos/home-s/spalluot/www/MTD/MTDTB_CERN_Sep23/pulseShapes//HPK_2E14_LYSO100056_Vov2.00_angle52_T-40C/g_tot_bar11_Vov2.00.pdf has been created
Info in <TCanvas::Print>: png file /eos/home-s/spalluot/www/MTD/MTDTB_CERN_Sep23/pulseShapes//HPK_2E14_LYSO100056_Vov2.00_angle52_T-40C/g_tot_bar12_Vov2.00.png has been created
Info in <TCanvas::Print>: pdf file /eos/home-s/spalluot/www/MTD/MTDTB_CERN_Sep23/pulseShapes//HPK_2E14_LYSO100056_Vov2.00_angle52_T-40C/g_tot_bar12_Vov2.00.pdf has been created
Info in <TCanvas::Print>: png file /eos/home-s/spalluot/www/MTD/MTDTB_CERN_Sep23/pulseShapes//HPK_2E14_LYSO100056_Vov2.00_angle52_T-40C/g_tot_bar13_Vov2.00.png has been created
Info in <TCanvas::Print>: pdf file /eos/home-s/spalluot/www/MTD/MTDTB_CERN_Sep23/pulseShapes//HPK_2E14_LYSO100056_Vov2.00_angle52_T-40C/g_tot_bar13_Vov2.00.pdf has been created
Info in <TCanvas::Print>: png file /eos/home-s/spalluot/www/MTD/MTDTB_CERN_Sep23/pulseShapes//HPK_2E14_LYSO100056_Vov2.00_angle52_T-40C/g_tot_bar14_Vov2.00.png has been created
Info in <TCanvas::Print>: pdf file /eos/home-s/spalluot/www/MTD/MTDTB_CERN_Sep23/pulseShapes//HPK_2E14_LYSO100056_Vov2.00_angle52_T-40C/g_tot_bar14_Vov2.00.pdf has been created
Info in <TCanvas::Print>: png file /eos/home-s/spalluot/www/MTD/MTDTB_CERN_Sep23/pulseShapes//HPK_2E14_LYSO100056_Vov2.00_angle52_T-40C/g_tot_bar15_Vov2.00.png has been created
Info in <TCanvas::Print>: pdf file /eos/home-s/spalluot/www/MTD/MTDTB_CERN_Sep23/pulseShapes//HPK_2E14_LYSO100056_Vov2.00_angle52_T-40C/g_tot_bar15_Vov2.00.pdf has been created
Info in <TCanvas::Print>: png file /eos/home-s/spalluot/www/MTD/MTDTB_CERN_Sep23/pulseShapes//HPK_2E14_LYSO100056_Vov2.00_angle52_T-40C/g_energy_bar00_Vov2.00.png has been created
Info in <TCanvas::Print>: pdf file /eos/home-s/spalluot/www/MTD/MTDTB_CERN_Sep23/pulseShapes//HPK_2E14_LYSO100056_Vov2.00_angle52_T-40C/g_energy_bar00_Vov2.00.pdf has been created
Info in <TCanvas::Print>: png file /eos/home-s/spalluot/www/MTD/MTDTB_CERN_Sep23/pulseShapes//HPK_2E14_LYSO100056_Vov2.00_angle52_T-40C/g_energy_bar01_Vov2.00.png has been created
Info in <TCanvas::Print>: pdf file /eos/home-s/spalluot/www/MTD/MTDTB_CERN_Sep23/pulseShapes//HPK_2E14_LYSO100056_Vov2.00_angle52_T-40C/g_energy_bar01_Vov2.00.pdf has been created
Info in <TCanvas::Print>: png file /eos/home-s/spalluot/www/MTD/MTDTB_CERN_Sep23/pulseShapes//HPK_2E14_LYSO100056_Vov2.00_angle52_T-40C/g_energy_bar02_Vov2.00.png has been created
Info in <TCanvas::Print>: pdf file /eos/home-s/spalluot/www/MTD/MTDTB_CERN_Sep23/pulseShapes//HPK_2E14_LYSO100056_Vov2.00_angle52_T-40C/g_energy_bar02_Vov2.00.pdf has been created
Info in <TCanvas::Print>: png file /eos/home-s/spalluot/www/MTD/MTDTB_CERN_Sep23/pulseShapes//HPK_2E14_LYSO100056_Vov2.00_angle52_T-40C/g_energy_bar03_Vov2.00.png has been created
Info in <TCanvas::Print>: pdf file /eos/home-s/spalluot/www/MTD/MTDTB_CERN_Sep23/pulseShapes//HPK_2E14_LYSO100056_Vov2.00_angle52_T-40C/g_energy_bar03_Vov2.00.pdf has been created
Info in <TCanvas::Print>: png file /eos/home-s/spalluot/www/MTD/MTDTB_CERN_Sep23/pulseShapes//HPK_2E14_LYSO100056_Vov2.00_angle52_T-40C/g_energy_bar04_Vov2.00.png has been created
Info in <TCanvas::Print>: pdf file /eos/home-s/spalluot/www/MTD/MTDTB_CERN_Sep23/pulseShapes//HPK_2E14_LYSO100056_Vov2.00_angle52_T-40C/g_energy_bar04_Vov2.00.pdf has been created
Info in <TCanvas::Print>: png file /eos/home-s/spalluot/www/MTD/MTDTB_CERN_Sep23/pulseShapes//HPK_2E14_LYSO100056_Vov2.00_angle52_T-40C/g_energy_bar05_Vov2.00.png has been created
Info in <TCanvas::Print>: pdf file /eos/home-s/spalluot/www/MTD/MTDTB_CERN_Sep23/pulseShapes//HPK_2E14_LYSO100056_Vov2.00_angle52_T-40C/g_energy_bar05_Vov2.00.pdf has been created
Info in <TCanvas::Print>: png file /eos/home-s/spalluot/www/MTD/MTDTB_CERN_Sep23/pulseShapes//HPK_2E14_LYSO100056_Vov2.00_angle52_T-40C/g_energy_bar06_Vov2.00.png has been created
Info in <TCanvas::Print>: pdf file /eos/home-s/spalluot/www/MTD/MTDTB_CERN_Sep23/pulseShapes//HPK_2E14_LYSO100056_Vov2.00_angle52_T-40C/g_energy_bar06_Vov2.00.pdf has been created
Info in <TCanvas::Print>: png file /eos/home-s/spalluot/www/MTD/MTDTB_CERN_Sep23/pulseShapes//HPK_2E14_LYSO100056_Vov2.00_angle52_T-40C/g_energy_bar07_Vov2.00.png has been created
Info in <TCanvas::Print>: pdf file /eos/home-s/spalluot/www/MTD/MTDTB_CERN_Sep23/pulseShapes//HPK_2E14_LYSO100056_Vov2.00_angle52_T-40C/g_energy_bar07_Vov2.00.pdf has been created
Info in <TCanvas::Print>: png file /eos/home-s/spalluot/www/MTD/MTDTB_CERN_Sep23/pulseShapes//HPK_2E14_LYSO100056_Vov2.00_angle52_T-40C/g_energy_bar08_Vov2.00.png has been created
Info in <TCanvas::Print>: pdf file /eos/home-s/spalluot/www/MTD/MTDTB_CERN_Sep23/pulseShapes//HPK_2E14_LYSO100056_Vov2.00_angle52_T-40C/g_energy_bar08_Vov2.00.pdf has been created
Info in <TCanvas::Print>: png file /eos/home-s/spalluot/www/MTD/MTDTB_CERN_Sep23/pulseShapes//HPK_2E14_LYSO100056_Vov2.00_angle52_T-40C/g_energy_bar09_Vov2.00.png has been created
Info in <TCanvas::Print>: pdf file /eos/home-s/spalluot/www/MTD/MTDTB_CERN_Sep23/pulseShapes//HPK_2E14_LYSO100056_Vov2.00_angle52_T-40C/g_energy_bar09_Vov2.00.pdf has been created
Info in <TCanvas::Print>: png file /eos/home-s/spalluot/www/MTD/MTDTB_CERN_Sep23/pulseShapes//HPK_2E14_LYSO100056_Vov2.00_angle52_T-40C/g_energy_bar10_Vov2.00.png has been created
Info in <TCanvas::Print>: pdf file /eos/home-s/spalluot/www/MTD/MTDTB_CERN_Sep23/pulseShapes//HPK_2E14_LYSO100056_Vov2.00_angle52_T-40C/g_energy_bar10_Vov2.00.pdf has been created
Info in <TCanvas::Print>: png file /eos/home-s/spalluot/www/MTD/MTDTB_CERN_Sep23/pulseShapes//HPK_2E14_LYSO100056_Vov2.00_angle52_T-40C/g_energy_bar11_Vov2.00.png has been created
Info in <TCanvas::Print>: pdf file /eos/home-s/spalluot/www/MTD/MTDTB_CERN_Sep23/pulseShapes//HPK_2E14_LYSO100056_Vov2.00_angle52_T-40C/g_energy_bar11_Vov2.00.pdf has been created
Info in <TCanvas::Print>: png file /eos/home-s/spalluot/www/MTD/MTDTB_CERN_Sep23/pulseShapes//HPK_2E14_LYSO100056_Vov2.00_angle52_T-40C/g_energy_bar12_Vov2.00.png has been created
Info in <TCanvas::Print>: pdf file /eos/home-s/spalluot/www/MTD/MTDTB_CERN_Sep23/pulseShapes//HPK_2E14_LYSO100056_Vov2.00_angle52_T-40C/g_energy_bar12_Vov2.00.pdf has been created
Info in <TCanvas::Print>: png file /eos/home-s/spalluot/www/MTD/MTDTB_CERN_Sep23/pulseShapes//HPK_2E14_LYSO100056_Vov2.00_angle52_T-40C/g_energy_bar13_Vov2.00.png has been created
Info in <TCanvas::Print>: pdf file /eos/home-s/spalluot/www/MTD/MTDTB_CERN_Sep23/pulseShapes//HPK_2E14_LYSO100056_Vov2.00_angle52_T-40C/g_energy_bar13_Vov2.00.pdf has been created
Info in <TCanvas::Print>: png file /eos/home-s/spalluot/www/MTD/MTDTB_CERN_Sep23/pulseShapes//HPK_2E14_LYSO100056_Vov2.00_angle52_T-40C/g_energy_bar14_Vov2.00.png has been created
Info in <TCanvas::Print>: pdf file /eos/home-s/spalluot/www/MTD/MTDTB_CERN_Sep23/pulseShapes//HPK_2E14_LYSO100056_Vov2.00_angle52_T-40C/g_energy_bar14_Vov2.00.pdf has been created
Info in <TCanvas::Print>: png file /eos/home-s/spalluot/www/MTD/MTDTB_CERN_Sep23/pulseShapes//HPK_2E14_LYSO100056_Vov2.00_angle52_T-40C/g_energy_bar15_Vov2.00.png has been created
Info in <TCanvas::Print>: pdf file /eos/home-s/spalluot/www/MTD/MTDTB_CERN_Sep23/pulseShapes//HPK_2E14_LYSO100056_Vov2.00_angle52_T-40C/g_energy_bar15_Vov2.00.pdf has been created
Info in <TCanvas::Print>: png file /eos/home-s/spalluot/www/MTD/MTDTB_CERN_Sep23/pulseShapes//HPK_2E14_LYSO100056_Vov2.00_angle52_T-40C/g_ps_bar00_Vov2.00.png has been created
Info in <TCanvas::Print>: pdf file /eos/home-s/spalluot/www/MTD/MTDTB_CERN_Sep23/pulseShapes//HPK_2E14_LYSO100056_Vov2.00_angle52_T-40C/g_ps_bar00_Vov2.00.pdf has been created
Info in <TCanvas::Print>: png file /eos/home-s/spalluot/www/MTD/MTDTB_CERN_Sep23/pulseShapes//HPK_2E14_LYSO100056_Vov2.00_angle52_T-40C/g_ps_bar01_Vov2.00.png has been created
Info in <TCanvas::Print>: pdf file /eos/home-s/spalluot/www/MTD/MTDTB_CERN_Sep23/pulseShapes//HPK_2E14_LYSO100056_Vov2.00_angle52_T-40C/g_ps_bar01_Vov2.00.pdf has been created
Info in <TCanvas::Print>: png file /eos/home-s/spalluot/www/MTD/MTDTB_CERN_Sep23/pulseShapes//HPK_2E14_LYSO100056_Vov2.00_angle52_T-40C/g_ps_bar02_Vov2.00.png has been created
Info in <TCanvas::Print>: pdf file /eos/home-s/spalluot/www/MTD/MTDTB_CERN_Sep23/pulseShapes//HPK_2E14_LYSO100056_Vov2.00_angle52_T-40C/g_ps_bar02_Vov2.00.pdf has been created
Info in <TCanvas::Print>: png file /eos/home-s/spalluot/www/MTD/MTDTB_CERN_Sep23/pulseShapes//HPK_2E14_LYSO100056_Vov2.00_angle52_T-40C/g_ps_bar03_Vov2.00.png has been created
Info in <TCanvas::Print>: pdf file /eos/home-s/spalluot/www/MTD/MTDTB_CERN_Sep23/pulseShapes//HPK_2E14_LYSO100056_Vov2.00_angle52_T-40C/g_ps_bar03_Vov2.00.pdf has been created
Error in <TDecompChol::Decompose()>: matrix not positive definite
Error in <TDecompChol::Solve()>: Decomposition failed
Error in <TLinearFitter::Eval>: Matrix inversion failed
Warning in <Minimize>: TLinearFitter failed in finding the solution
/pool/condor/dir_602909/drawPulseShapeTBCondor.sh: line 9:   113 Aborted                 (core dumped) ./bin/drawPulseShapeTB.exe $1
