000 (14807404.010.000) 05/15 22:32:17 Job submitted from host: <188.184.90.241:9618?addrs=188.184.90.241-9618+[2001-1458-201-e4--100-2eb]-9618&alias=bigbird15.cern.ch&noUDP&sock=schedd_3273_9590>
...
040 (14807404.010.000) 05/15 22:47:28 Started transferring input files
	Transferring to host: <188.184.163.64:9618?addrs=188.184.163.64-9618+[2001-1458-301-4d--100-3a]-9618&alias=b7s12p8141.cern.ch&noUDP&sock=slot1_5_3790_25d3_62738>
...
040 (14807404.010.000) 05/15 22:47:28 Finished transferring input files
...
001 (14807404.010.000) 05/15 22:47:29 Job executing on host: <188.184.163.64:9618?addrs=188.184.163.64-9618+[2001-1458-301-4d--100-3a]-9618&alias=b7s12p8141.cern.ch&noUDP&sock=startd_2986_b9e2>
...
006 (14807404.010.000) 05/15 22:47:37 Image size of job updated: 554128
	47  -  MemoryUsage of job (MB)
	47688  -  ResidentSetSize of job (KB)
...
006 (14807404.010.000) 05/15 22:52:37 Image size of job updated: 1845228
	920  -  MemoryUsage of job (MB)
	942072  -  ResidentSetSize of job (KB)
...
006 (14807404.010.000) 05/15 23:02:39 Image size of job updated: 4091180
	920  -  MemoryUsage of job (MB)
	942072  -  ResidentSetSize of job (KB)
...
006 (14807404.010.000) 05/15 23:07:39 Image size of job updated: 4338912
	920  -  MemoryUsage of job (MB)
	942072  -  ResidentSetSize of job (KB)
...
006 (14807404.010.000) 05/15 23:12:36 Image size of job updated: 4420668
	920  -  MemoryUsage of job (MB)
	942072  -  ResidentSetSize of job (KB)
...
040 (14807404.010.000) 05/15 23:12:36 Started transferring output files
...
040 (14807404.010.000) 05/15 23:12:36 Finished transferring output files
...
005 (14807404.010.000) 05/15 23:12:36 Job terminated.
	(1) Normal termination (return value 0)
		Usr 0 00:08:19, Sys 0 00:00:36  -  Run Remote Usage
		Usr 0 00:00:00, Sys 0 00:00:00  -  Run Local Usage
		Usr 0 00:08:19, Sys 0 00:00:36  -  Total Remote Usage
		Usr 0 00:00:00, Sys 0 00:00:00  -  Total Local Usage
	119605  -  Run Bytes Sent By Job
	323  -  Run Bytes Received By Job
	119605  -  Total Bytes Sent By Job
	323  -  Total Bytes Received By Job
	Partitionable Resources :    Usage  Request Allocated 
	   Cpus                 :        0        1         1 
	   Disk (KB)            :      138        1   3046970 
	   Memory (MB)          :      920     2000      2000 

	Job terminated of its own accord at 2023-05-15T21:12:36Z.
...
