000 (15159766.094.000) 10/09 11:47:56 Job submitted from host: <188.184.90.241:9618?addrs=188.184.90.241-9618+[2001-1458-201-e4--100-2eb]-9618&alias=bigbird15.cern.ch&noUDP&sock=schedd_2763_c443>
...
040 (15159766.094.000) 10/09 14:24:47 Started transferring input files
	Transferring to host: <128.142.58.166:9618?addrs=128.142.58.166-9618+[2001-1458-301-16--100-a5]-9618&alias=b7s03p2799.cern.ch&noUDP&sock=slot1_15_20573_4a1e_34237>
...
040 (15159766.094.000) 10/09 14:24:47 Finished transferring input files
...
001 (15159766.094.000) 10/09 14:24:48 Job executing on host: <128.142.58.166:9618?addrs=128.142.58.166-9618+[2001-1458-301-16--100-a5]-9618&alias=b7s03p2799.cern.ch&noUDP&sock=startd_3041_7397>
...
006 (15159766.094.000) 10/09 14:24:56 Image size of job updated: 122524
	120  -  MemoryUsage of job (MB)
	122524  -  ResidentSetSize of job (KB)
...
006 (15159766.094.000) 10/09 14:27:09 Image size of job updated: 923060
	120  -  MemoryUsage of job (MB)
	122524  -  ResidentSetSize of job (KB)
...
040 (15159766.094.000) 10/09 14:27:09 Started transferring output files
...
040 (15159766.094.000) 10/09 14:27:09 Finished transferring output files
...
005 (15159766.094.000) 10/09 14:27:09 Job terminated.
	(1) Normal termination (return value 0)
		Usr 0 00:00:09, Sys 0 00:00:00  -  Run Remote Usage
		Usr 0 00:00:00, Sys 0 00:00:00  -  Run Local Usage
		Usr 0 00:00:09, Sys 0 00:00:00  -  Total Remote Usage
		Usr 0 00:00:00, Sys 0 00:00:00  -  Total Local Usage
	10787  -  Run Bytes Sent By Job
	374  -  Run Bytes Received By Job
	10787  -  Total Bytes Sent By Job
	374  -  Total Bytes Received By Job
	Partitionable Resources :    Usage  Request Allocated 
	   Cpus                 :                 1         1 
	   Disk (KB)            :       24        1   1234925 
	   Memory (MB)          :      120     2000      2000 

	Job terminated of its own accord at 2023-10-09T12:27:09Z.
...
