000 (14832095.039.000) 06/12 15:17:57 Job submitted from host: <188.184.90.241:9618?addrs=188.184.90.241-9618+[2001-1458-201-e4--100-2eb]-9618&alias=bigbird15.cern.ch&noUDP&sock=schedd_1460210_2ef4>
...
040 (14832095.039.000) 06/12 15:19:49 Started transferring input files
	Transferring to host: <128.142.63.25:9618?addrs=128.142.63.25-9618+[2001-1458-301-38--100-16]-9618&alias=b7s08p4690.cern.ch&noUDP&sock=slot1_15_3306_2040_72303>
...
040 (14832095.039.000) 06/12 15:19:49 Finished transferring input files
...
001 (14832095.039.000) 06/12 15:19:50 Job executing on host: <128.142.63.25:9618?addrs=128.142.63.25-9618+[2001-1458-301-38--100-16]-9618&alias=b7s08p4690.cern.ch&noUDP&sock=startd_2943_3b4f>
...
006 (14832095.039.000) 06/12 15:20:00 Image size of job updated: 554148
	47  -  MemoryUsage of job (MB)
	47708  -  ResidentSetSize of job (KB)
...
006 (14832095.039.000) 06/12 15:25:00 Image size of job updated: 1599728
	1026  -  MemoryUsage of job (MB)
	1049956  -  ResidentSetSize of job (KB)
...
006 (14832095.039.000) 06/12 15:30:00 Image size of job updated: 1699596
	1026  -  MemoryUsage of job (MB)
	1049956  -  ResidentSetSize of job (KB)
...
006 (14832095.039.000) 06/12 15:45:02 Image size of job updated: 4081948
	1026  -  MemoryUsage of job (MB)
	1049956  -  ResidentSetSize of job (KB)
...
006 (14832095.039.000) 06/12 15:50:03 Image size of job updated: 4131076
	1026  -  MemoryUsage of job (MB)
	1049956  -  ResidentSetSize of job (KB)
...
006 (14832095.039.000) 06/12 15:55:04 Image size of job updated: 4135100
	1026  -  MemoryUsage of job (MB)
	1049956  -  ResidentSetSize of job (KB)
...
006 (14832095.039.000) 06/12 16:00:04 Image size of job updated: 4375324
	1026  -  MemoryUsage of job (MB)
	1049956  -  ResidentSetSize of job (KB)
...
006 (14832095.039.000) 06/12 16:05:04 Image size of job updated: 4379692
	1026  -  MemoryUsage of job (MB)
	1049956  -  ResidentSetSize of job (KB)
...
006 (14832095.039.000) 06/12 16:10:05 Image size of job updated: 4443024
	1026  -  MemoryUsage of job (MB)
	1049956  -  ResidentSetSize of job (KB)
...
006 (14832095.039.000) 06/12 16:15:05 Image size of job updated: 4461792
	1026  -  MemoryUsage of job (MB)
	1049956  -  ResidentSetSize of job (KB)
...
006 (14832095.039.000) 06/12 16:15:46 Image size of job updated: 4464500
	1026  -  MemoryUsage of job (MB)
	1049956  -  ResidentSetSize of job (KB)
...
040 (14832095.039.000) 06/12 16:15:47 Started transferring output files
...
040 (14832095.039.000) 06/12 16:15:47 Finished transferring output files
...
005 (14832095.039.000) 06/12 16:15:47 Job terminated.
	(1) Normal termination (return value 0)
		Usr 0 00:07:46, Sys 0 00:00:28  -  Run Remote Usage
		Usr 0 00:00:00, Sys 0 00:00:00  -  Run Local Usage
		Usr 0 00:07:46, Sys 0 00:00:28  -  Total Remote Usage
		Usr 0 00:00:00, Sys 0 00:00:00  -  Total Local Usage
	103725  -  Run Bytes Sent By Job
	323  -  Run Bytes Received By Job
	103725  -  Total Bytes Sent By Job
	323  -  Total Bytes Received By Job
	Partitionable Resources :    Usage  Request Allocated 
	   Cpus                 :     0.04        1         1 
	   Disk (KB)            :   123           1   1179059 
	   Memory (MB)          :  1026        2000      2000 

	Job terminated of its own accord at 2023-06-12T14:15:46Z.
...
