000 (15151940.000.000) 10/03 13:48:53 Job submitted from host: <188.184.90.241:9618?addrs=188.184.90.241-9618+[2001-1458-201-e4--100-2eb]-9618&alias=bigbird15.cern.ch&noUDP&sock=schedd_2763_c443>
...
040 (15151940.000.000) 10/03 13:58:00 Started transferring input files
	Transferring to host: <188.184.162.193:9618?addrs=188.184.162.193-9618&alias=b7s11p7899.cern.ch&noUDP&sock=slot1_24_101440_6816_181221>
...
040 (15151940.000.000) 10/03 13:58:00 Finished transferring input files
...
001 (15151940.000.000) 10/03 13:58:01 Job executing on host: <188.184.162.193:9618?addrs=188.184.162.193-9618&alias=b7s11p7899.cern.ch&noUDP&sock=startd_2924_3303>
...
006 (15151940.000.000) 10/03 13:58:10 Image size of job updated: 89836
	88  -  MemoryUsage of job (MB)
	89424  -  ResidentSetSize of job (KB)
...
006 (15151940.000.000) 10/03 14:03:11 Image size of job updated: 1044540
	518  -  MemoryUsage of job (MB)
	530084  -  ResidentSetSize of job (KB)
...
006 (15151940.000.000) 10/03 14:08:12 Image size of job updated: 1371328
	806  -  MemoryUsage of job (MB)
	824752  -  ResidentSetSize of job (KB)
...
006 (15151940.000.000) 10/03 14:13:12 Image size of job updated: 1396328
	806  -  MemoryUsage of job (MB)
	824752  -  ResidentSetSize of job (KB)
...
006 (15151940.000.000) 10/03 14:18:12 Image size of job updated: 3647968
	806  -  MemoryUsage of job (MB)
	824752  -  ResidentSetSize of job (KB)
...
006 (15151940.000.000) 10/03 14:23:13 Image size of job updated: 3854628
	806  -  MemoryUsage of job (MB)
	824752  -  ResidentSetSize of job (KB)
...
006 (15151940.000.000) 10/03 14:28:13 Image size of job updated: 3909196
	806  -  MemoryUsage of job (MB)
	824752  -  ResidentSetSize of job (KB)
...
006 (15151940.000.000) 10/03 14:33:03 Image size of job updated: 3933552
	806  -  MemoryUsage of job (MB)
	824752  -  ResidentSetSize of job (KB)
...
040 (15151940.000.000) 10/03 14:33:03 Started transferring output files
...
040 (15151940.000.000) 10/03 14:33:03 Finished transferring output files
...
005 (15151940.000.000) 10/03 14:33:03 Job terminated.
	(1) Normal termination (return value 0)
		Usr 0 00:13:08, Sys 0 00:00:35  -  Run Remote Usage
		Usr 0 00:00:00, Sys 0 00:00:00  -  Run Local Usage
		Usr 0 00:13:08, Sys 0 00:00:35  -  Total Remote Usage
		Usr 0 00:00:00, Sys 0 00:00:00  -  Total Local Usage
	92862  -  Run Bytes Sent By Job
	323  -  Run Bytes Received By Job
	92862  -  Total Bytes Sent By Job
	323  -  Total Bytes Received By Job
	Partitionable Resources :    Usage  Request Allocated 
	   Cpus                 :     0.08        1         1 
	   Disk (KB)            :   111           1   3084704 
	   Memory (MB)          :   806        2000      2000 

	Job terminated of its own accord at 2023-10-03T12:33:03Z.
...
