000 (14807404.018.000) 05/15 22:32:17 Job submitted from host: <188.184.90.241:9618?addrs=188.184.90.241-9618+[2001-1458-201-e4--100-2eb]-9618&alias=bigbird15.cern.ch&noUDP&sock=schedd_3273_9590>
...
040 (14807404.018.000) 05/15 22:47:29 Started transferring input files
	Transferring to host: <128.142.56.35:9618?addrs=128.142.56.35-9618+[2001-1458-301-6--100-22]-9618&alias=b7s01p7818.cern.ch&noUDP&sock=slot1_11_4358_5aea_29331>
...
040 (14807404.018.000) 05/15 22:47:29 Finished transferring input files
...
001 (14807404.018.000) 05/15 22:47:30 Job executing on host: <128.142.56.35:9618?addrs=128.142.56.35-9618+[2001-1458-301-6--100-22]-9618&alias=b7s01p7818.cern.ch&noUDP&sock=startd_3151_e702>
...
006 (14807404.018.000) 05/15 22:47:38 Image size of job updated: 554136
	47  -  MemoryUsage of job (MB)
	47696  -  ResidentSetSize of job (KB)
...
006 (14807404.018.000) 05/15 22:52:38 Image size of job updated: 1905668
	1311  -  MemoryUsage of job (MB)
	1342436  -  ResidentSetSize of job (KB)
...
006 (14807404.018.000) 05/15 22:57:40 Image size of job updated: 4046068
	1311  -  MemoryUsage of job (MB)
	1342436  -  ResidentSetSize of job (KB)
...
006 (14807404.018.000) 05/15 23:02:40 Image size of job updated: 4331376
	1311  -  MemoryUsage of job (MB)
	1342436  -  ResidentSetSize of job (KB)
...
006 (14807404.018.000) 05/15 23:07:40 Image size of job updated: 4407276
	1311  -  MemoryUsage of job (MB)
	1342436  -  ResidentSetSize of job (KB)
...
006 (14807404.018.000) 05/15 23:09:08 Image size of job updated: 4422588
	1311  -  MemoryUsage of job (MB)
	1342436  -  ResidentSetSize of job (KB)
...
040 (14807404.018.000) 05/15 23:09:08 Started transferring output files
...
040 (14807404.018.000) 05/15 23:09:08 Finished transferring output files
...
005 (14807404.018.000) 05/15 23:09:08 Job terminated.
	(1) Normal termination (return value 0)
		Usr 0 00:06:29, Sys 0 00:00:30  -  Run Remote Usage
		Usr 0 00:00:00, Sys 0 00:00:00  -  Run Local Usage
		Usr 0 00:06:29, Sys 0 00:00:30  -  Total Remote Usage
		Usr 0 00:00:00, Sys 0 00:00:00  -  Total Local Usage
	120733  -  Run Bytes Sent By Job
	323  -  Run Bytes Received By Job
	120733  -  Total Bytes Sent By Job
	323  -  Total Bytes Received By Job
	Partitionable Resources :    Usage  Request Allocated 
	   Cpus                 :     0.03        1         1 
	   Disk (KB)            :   139           1   1256138 
	   Memory (MB)          :  1311        2000      2000 

	Job terminated of its own accord at 2023-05-15T21:09:08Z.
...
