000 (15159756.018.000) 10/09 09:27:43 Job submitted from host: <188.184.90.241:9618?addrs=188.184.90.241-9618+[2001-1458-201-e4--100-2eb]-9618&alias=bigbird15.cern.ch&noUDP&sock=schedd_2763_c443>
...
040 (15159756.018.000) 10/09 11:14:46 Started transferring input files
	Transferring to host: <128.142.57.135:9618?addrs=128.142.57.135-9618+[2001-1458-301-7--100-86]-9618&alias=b7s02p8414.cern.ch&noUDP&sock=slot1_16_4342_14ea_209283>
...
040 (15159756.018.000) 10/09 11:14:46 Finished transferring input files
...
001 (15159756.018.000) 10/09 11:14:47 Job executing on host: <128.142.57.135:9618?addrs=128.142.57.135-9618+[2001-1458-301-7--100-86]-9618&alias=b7s02p8414.cern.ch&noUDP&sock=startd_3120_a393>
...
006 (15159756.018.000) 10/09 11:14:56 Image size of job updated: 631196
	54  -  MemoryUsage of job (MB)
	54488  -  ResidentSetSize of job (KB)
...
040 (15159756.018.000) 10/09 11:15:19 Started transferring output files
...
040 (15159756.018.000) 10/09 11:15:19 Finished transferring output files
...
005 (15159756.018.000) 10/09 11:15:20 Job terminated.
	(1) Normal termination (return value 0)
		Usr 0 00:00:02, Sys 0 00:00:02  -  Run Remote Usage
		Usr 0 00:00:00, Sys 0 00:00:00  -  Run Local Usage
		Usr 0 00:00:02, Sys 0 00:00:02  -  Total Remote Usage
		Usr 0 00:00:00, Sys 0 00:00:00  -  Total Local Usage
	14824  -  Run Bytes Sent By Job
	269  -  Run Bytes Received By Job
	14824  -  Total Bytes Sent By Job
	269  -  Total Bytes Received By Job
	Partitionable Resources :    Usage  Request Allocated 
	   Cpus                 :                 1         1 
	   Disk (KB)            :       28        1   1349376 
	   Memory (MB)          :       54     2000      2000 

	Job terminated of its own accord at 2023-10-09T09:15:19Z.
...
