000 (14839059.012.000) 06/21 14:43:38 Job submitted from host: <188.184.90.241:9618?addrs=188.184.90.241-9618+[2001-1458-201-e4--100-2eb]-9618&alias=bigbird15.cern.ch&noUDP&sock=schedd_1460210_2ef4>
...
040 (14839059.012.000) 06/21 14:57:08 Started transferring input files
	Transferring to host: <128.142.130.48:9618?addrs=128.142.130.48-9618+[2001-1458-301-58--100-24]-9618&alias=b7g20p9118.cern.ch&noUDP&sock=slot1_12_3777_fcf3_74799>
...
040 (14839059.012.000) 06/21 14:57:08 Finished transferring input files
...
001 (14839059.012.000) 06/21 14:57:09 Job executing on host: <128.142.130.48:9618?addrs=128.142.130.48-9618+[2001-1458-301-58--100-24]-9618&alias=b7g20p9118.cern.ch&noUDP&sock=startd_3113_d669>
...
006 (14839059.012.000) 06/21 14:57:18 Image size of job updated: 554288
	47  -  MemoryUsage of job (MB)
	48104  -  ResidentSetSize of job (KB)
...
006 (14839059.012.000) 06/21 15:02:19 Image size of job updated: 2194052
	1653  -  MemoryUsage of job (MB)
	1692464  -  ResidentSetSize of job (KB)
...
006 (14839059.012.000) 06/21 15:07:20 Image size of job updated: 3577904
	3017  -  MemoryUsage of job (MB)
	3088708  -  ResidentSetSize of job (KB)
...
006 (14839059.012.000) 06/21 15:12:20 Image size of job updated: 3790868
	3176  -  MemoryUsage of job (MB)
	3251804  -  ResidentSetSize of job (KB)
...
006 (14839059.012.000) 06/21 15:22:22 Image size of job updated: 4045156
	3176  -  MemoryUsage of job (MB)
	3251804  -  ResidentSetSize of job (KB)
...
006 (14839059.012.000) 06/21 15:27:22 Image size of job updated: 4402900
	3176  -  MemoryUsage of job (MB)
	3251804  -  ResidentSetSize of job (KB)
...
006 (14839059.012.000) 06/21 15:28:54 Image size of job updated: 4424104
	3176  -  MemoryUsage of job (MB)
	3251804  -  ResidentSetSize of job (KB)
...
040 (14839059.012.000) 06/21 15:28:54 Started transferring output files
...
040 (14839059.012.000) 06/21 15:28:54 Finished transferring output files
...
005 (14839059.012.000) 06/21 15:28:55 Job terminated.
	(1) Normal termination (return value 0)
		Usr 0 00:20:41, Sys 0 00:02:35  -  Run Remote Usage
		Usr 0 00:00:00, Sys 0 00:00:00  -  Run Local Usage
		Usr 0 00:20:41, Sys 0 00:02:35  -  Total Remote Usage
		Usr 0 00:00:00, Sys 0 00:00:00  -  Total Local Usage
	204449  -  Run Bytes Sent By Job
	323  -  Run Bytes Received By Job
	204449  -  Total Bytes Sent By Job
	323  -  Total Bytes Received By Job
	Partitionable Resources :    Usage  Request Allocated 
	   Cpus                 :     0.39        1         1 
	   Disk (KB)            :   221           1   1639576 
	   Memory (MB)          :  3176        2000      2000 

	Job terminated of its own accord at 2023-06-21T13:28:54Z.
...
