000 (15150662.002.000) 09/28 15:49:40 Job submitted from host: <188.184.90.241:9618?addrs=188.184.90.241-9618+[2001-1458-201-e4--100-2eb]-9618&alias=bigbird15.cern.ch&noUDP&sock=schedd_2763_c443>
...
040 (15150662.002.000) 09/28 16:00:48 Started transferring input files
	Transferring to host: <128.142.59.23:9618?addrs=128.142.59.23-9618+[2001-1458-301-21--100-16]-9618&alias=b7s04p1554.cern.ch&noUDP&sock=slot1_15_5097_0c28_28201>
...
040 (15150662.002.000) 09/28 16:00:48 Finished transferring input files
...
001 (15150662.002.000) 09/28 16:00:49 Job executing on host: <128.142.59.23:9618?addrs=128.142.59.23-9618+[2001-1458-301-21--100-16]-9618&alias=b7s04p1554.cern.ch&noUDP&sock=startd_4598_6c8d>
...
006 (15150662.002.000) 09/28 16:00:58 Image size of job updated: 737504
	122  -  MemoryUsage of job (MB)
	124600  -  ResidentSetSize of job (KB)
...
006 (15150662.002.000) 09/28 16:04:30 Image size of job updated: 925880
	122  -  MemoryUsage of job (MB)
	124600  -  ResidentSetSize of job (KB)
...
040 (15150662.002.000) 09/28 16:04:31 Started transferring output files
...
040 (15150662.002.000) 09/28 16:04:31 Finished transferring output files
...
005 (15150662.002.000) 09/28 16:04:31 Job terminated.
	(1) Normal termination (return value 0)
		Usr 0 00:00:13, Sys 0 00:00:00  -  Run Remote Usage
		Usr 0 00:00:00, Sys 0 00:00:00  -  Run Local Usage
		Usr 0 00:00:13, Sys 0 00:00:00  -  Total Remote Usage
		Usr 0 00:00:00, Sys 0 00:00:00  -  Total Local Usage
	8137  -  Run Bytes Sent By Job
	374  -  Run Bytes Received By Job
	8137  -  Total Bytes Sent By Job
	374  -  Total Bytes Received By Job
	Partitionable Resources :    Usage  Request Allocated 
	   Cpus                 :     0.05        1         1 
	   Disk (KB)            :    29           1   1292383 
	   Memory (MB)          :   122        2000      2000 

	Job terminated of its own accord at 2023-09-28T14:04:30Z.
...
