000 (14861550.009.000) 06/22 22:11:47 Job submitted from host: <188.184.90.241:9618?addrs=188.184.90.241-9618+[2001-1458-201-e4--100-2eb]-9618&alias=bigbird15.cern.ch&noUDP&sock=schedd_1460210_2ef4>
...
040 (14861550.009.000) 06/22 22:23:55 Started transferring input files
	Transferring to host: <128.142.192.164:9618?addrs=128.142.192.164-9618+[2001-1458-301-56--100-20]-9618&alias=b7g18p2229.cern.ch&noUDP&sock=slot1_6_18218_fa9e_9913>
...
040 (14861550.009.000) 06/22 22:23:55 Finished transferring input files
...
001 (14861550.009.000) 06/22 22:23:56 Job executing on host: <128.142.192.164:9618?addrs=128.142.192.164-9618+[2001-1458-301-56--100-20]-9618&alias=b7g18p2229.cern.ch&noUDP&sock=startd_18120_642d>
...
006 (14861550.009.000) 06/22 22:24:05 Image size of job updated: 554136
	47  -  MemoryUsage of job (MB)
	47688  -  ResidentSetSize of job (KB)
...
006 (14861550.009.000) 06/22 22:29:06 Image size of job updated: 1908860
	1364  -  MemoryUsage of job (MB)
	1396716  -  ResidentSetSize of job (KB)
...
006 (14861550.009.000) 06/22 22:34:07 Image size of job updated: 1935108
	1364  -  MemoryUsage of job (MB)
	1396716  -  ResidentSetSize of job (KB)
...
006 (14861550.009.000) 06/22 22:39:07 Image size of job updated: 4079444
	1364  -  MemoryUsage of job (MB)
	1396716  -  ResidentSetSize of job (KB)
...
006 (14861550.009.000) 06/22 22:44:08 Image size of job updated: 4397740
	1364  -  MemoryUsage of job (MB)
	1396716  -  ResidentSetSize of job (KB)
...
006 (14861550.009.000) 06/22 22:44:26 Image size of job updated: 4402700
	1364  -  MemoryUsage of job (MB)
	1396716  -  ResidentSetSize of job (KB)
...
040 (14861550.009.000) 06/22 22:44:27 Started transferring output files
...
040 (14861550.009.000) 06/22 22:44:27 Finished transferring output files
...
005 (14861550.009.000) 06/22 22:44:27 Job terminated.
	(1) Normal termination (return value 0)
		Usr 0 00:09:39, Sys 0 00:00:43  -  Run Remote Usage
		Usr 0 00:00:00, Sys 0 00:00:00  -  Run Local Usage
		Usr 0 00:09:39, Sys 0 00:00:43  -  Total Remote Usage
		Usr 0 00:00:00, Sys 0 00:00:00  -  Total Local Usage
	122702  -  Run Bytes Sent By Job
	323  -  Run Bytes Received By Job
	122702  -  Total Bytes Sent By Job
	323  -  Total Bytes Received By Job
	Partitionable Resources :    Usage  Request Allocated 
	   Cpus                 :     0.09        1         1 
	   Disk (KB)            :   141           1   3117969 
	   Memory (MB)          :  1364        2000      2000 

	Job terminated of its own accord at 2023-06-22T20:44:26Z.
...
