000 (15159756.043.000) 10/09 09:27:43 Job submitted from host: <188.184.90.241:9618?addrs=188.184.90.241-9618+[2001-1458-201-e4--100-2eb]-9618&alias=bigbird15.cern.ch&noUDP&sock=schedd_2763_c443>
...
040 (15159756.043.000) 10/09 11:14:55 Started transferring input files
	Transferring to host: <128.142.56.72:9618?addrs=128.142.56.72-9618+[2001-1458-301-6--100-47]-9618&alias=b7s01p8026.cern.ch&noUDP&sock=slot1_18_4379_26cb_207713>
...
040 (15159756.043.000) 10/09 11:14:55 Finished transferring input files
...
001 (15159756.043.000) 10/09 11:14:56 Job executing on host: <128.142.56.72:9618?addrs=128.142.56.72-9618+[2001-1458-301-6--100-47]-9618&alias=b7s01p8026.cern.ch&noUDP&sock=startd_3084_f22a>
...
006 (15159756.043.000) 10/09 11:15:05 Image size of job updated: 56676
	55  -  MemoryUsage of job (MB)
	56144  -  ResidentSetSize of job (KB)
...
006 (15159756.043.000) 10/09 11:20:06 Image size of job updated: 956208
	436  -  MemoryUsage of job (MB)
	446064  -  ResidentSetSize of job (KB)
...
006 (15159756.043.000) 10/09 11:23:16 Image size of job updated: 3002536
	436  -  MemoryUsage of job (MB)
	446064  -  ResidentSetSize of job (KB)
...
040 (15159756.043.000) 10/09 11:23:16 Started transferring output files
...
040 (15159756.043.000) 10/09 11:23:16 Finished transferring output files
...
005 (15159756.043.000) 10/09 11:23:16 Job terminated.
	(1) Normal termination (return value 0)
		Usr 0 00:07:08, Sys 0 00:00:05  -  Run Remote Usage
		Usr 0 00:00:00, Sys 0 00:00:00  -  Run Local Usage
		Usr 0 00:07:08, Sys 0 00:00:05  -  Total Remote Usage
		Usr 0 00:00:00, Sys 0 00:00:00  -  Total Local Usage
	148995  -  Run Bytes Sent By Job
	269  -  Run Bytes Received By Job
	148995  -  Total Bytes Sent By Job
	269  -  Total Bytes Received By Job
	Partitionable Resources :    Usage  Request Allocated 
	   Cpus                 :                 1         1 
	   Disk (KB)            :      159        1   1283524 
	   Memory (MB)          :      436     2000      2000 

	Job terminated of its own accord at 2023-10-09T09:23:16Z.
...
