000 (14810514.011.000) 05/31 15:37:52 Job submitted from host: <188.184.90.241:9618?addrs=188.184.90.241-9618+[2001-1458-201-e4--100-2eb]-9618&alias=bigbird15.cern.ch&noUDP&sock=schedd_3273_9590>
...
040 (14810514.011.000) 05/31 16:03:01 Started transferring input files
	Transferring to host: <128.142.131.78:9618?addrs=128.142.131.78-9618+[2001-1458-301-59--100-42]-9618&alias=b7g11p6964.cern.ch&noUDP&sock=slot1_2_6493_a7e1_52778>
...
040 (14810514.011.000) 05/31 16:03:01 Finished transferring input files
...
001 (14810514.011.000) 05/31 16:03:02 Job executing on host: <128.142.131.78:9618?addrs=128.142.131.78-9618+[2001-1458-301-59--100-42]-9618&alias=b7g11p6964.cern.ch&noUDP&sock=startd_5268_fd01>
...
006 (14810514.011.000) 05/31 16:03:11 Image size of job updated: 50228
	47  -  MemoryUsage of job (MB)
	47636  -  ResidentSetSize of job (KB)
...
006 (14810514.011.000) 05/31 16:08:12 Image size of job updated: 1680200
	1140  -  MemoryUsage of job (MB)
	1166584  -  ResidentSetSize of job (KB)
...
006 (14810514.011.000) 05/31 16:13:13 Image size of job updated: 1806320
	1140  -  MemoryUsage of job (MB)
	1166584  -  ResidentSetSize of job (KB)
...
006 (14810514.011.000) 05/31 16:18:13 Image size of job updated: 4040776
	1140  -  MemoryUsage of job (MB)
	1166584  -  ResidentSetSize of job (KB)
...
006 (14810514.011.000) 05/31 16:23:14 Image size of job updated: 4330296
	1140  -  MemoryUsage of job (MB)
	1166584  -  ResidentSetSize of job (KB)
...
006 (14810514.011.000) 05/31 16:28:15 Image size of job updated: 4415628
	1140  -  MemoryUsage of job (MB)
	1166584  -  ResidentSetSize of job (KB)
...
040 (14810514.011.000) 05/31 16:28:15 Started transferring output files
...
040 (14810514.011.000) 05/31 16:28:15 Finished transferring output files
...
005 (14810514.011.000) 05/31 16:28:15 Job terminated.
	(1) Normal termination (return value 0)
		Usr 0 00:10:28, Sys 0 00:00:39  -  Run Remote Usage
		Usr 0 00:00:00, Sys 0 00:00:00  -  Run Local Usage
		Usr 0 00:10:28, Sys 0 00:00:39  -  Total Remote Usage
		Usr 0 00:00:00, Sys 0 00:00:00  -  Total Local Usage
	111877  -  Run Bytes Sent By Job
	323  -  Run Bytes Received By Job
	111877  -  Total Bytes Sent By Job
	323  -  Total Bytes Received By Job
	Partitionable Resources :    Usage  Request Allocated 
	   Cpus                 :     0.17        1         1 
	   Disk (KB)            :   130           1   1603034 
	   Memory (MB)          :  1140        2000      2000 

	Job terminated of its own accord at 2023-05-31T14:28:15Z.
...
