000 (14861550.005.000) 06/22 22:11:47 Job submitted from host: <188.184.90.241:9618?addrs=188.184.90.241-9618+[2001-1458-201-e4--100-2eb]-9618&alias=bigbird15.cern.ch&noUDP&sock=schedd_1460210_2ef4>
...
040 (14861550.005.000) 06/22 22:23:55 Started transferring input files
	Transferring to host: <128.142.192.172:9618?addrs=128.142.192.172-9618+[2001-1458-301-56--100-28]-9618&alias=b7g18p4955.cern.ch&noUDP&sock=slot1_13_3874_5557_14520>
...
040 (14861550.005.000) 06/22 22:23:55 Finished transferring input files
...
001 (14861550.005.000) 06/22 22:23:56 Job executing on host: <128.142.192.172:9618?addrs=128.142.192.172-9618+[2001-1458-301-56--100-28]-9618&alias=b7g18p4955.cern.ch&noUDP&sock=startd_3160_135d>
...
006 (14861550.005.000) 06/22 22:24:05 Image size of job updated: 50276
	47  -  MemoryUsage of job (MB)
	47676  -  ResidentSetSize of job (KB)
...
006 (14861550.005.000) 06/22 22:29:06 Image size of job updated: 1392004
	865  -  MemoryUsage of job (MB)
	885736  -  ResidentSetSize of job (KB)
...
006 (14861550.005.000) 06/22 22:34:06 Image size of job updated: 2152600
	1578  -  MemoryUsage of job (MB)
	1615292  -  ResidentSetSize of job (KB)
...
006 (14861550.005.000) 06/22 22:39:06 Image size of job updated: 2679128
	1871  -  MemoryUsage of job (MB)
	1915728  -  ResidentSetSize of job (KB)
...
006 (14861550.005.000) 06/22 22:44:07 Image size of job updated: 2679128
	1872  -  MemoryUsage of job (MB)
	1916040  -  ResidentSetSize of job (KB)
...
006 (14861550.005.000) 06/22 22:49:07 Image size of job updated: 4331652
	1872  -  MemoryUsage of job (MB)
	1916040  -  ResidentSetSize of job (KB)
...
006 (14861550.005.000) 06/22 22:54:07 Image size of job updated: 4441032
	1872  -  MemoryUsage of job (MB)
	1916040  -  ResidentSetSize of job (KB)
...
006 (14861550.005.000) 06/22 22:54:48 Image size of job updated: 4443216
	1872  -  MemoryUsage of job (MB)
	1916040  -  ResidentSetSize of job (KB)
...
040 (14861550.005.000) 06/22 22:54:48 Started transferring output files
...
040 (14861550.005.000) 06/22 22:54:48 Finished transferring output files
...
005 (14861550.005.000) 06/22 22:54:48 Job terminated.
	(1) Normal termination (return value 0)
		Usr 0 00:11:28, Sys 0 00:01:01  -  Run Remote Usage
		Usr 0 00:00:00, Sys 0 00:00:00  -  Run Local Usage
		Usr 0 00:11:28, Sys 0 00:01:01  -  Total Remote Usage
		Usr 0 00:00:00, Sys 0 00:00:00  -  Total Local Usage
	145578  -  Run Bytes Sent By Job
	323  -  Run Bytes Received By Job
	145578  -  Total Bytes Sent By Job
	323  -  Total Bytes Received By Job
	Partitionable Resources :    Usage  Request Allocated 
	   Cpus                 :     0.20        1         1 
	   Disk (KB)            :   163           1   3055405 
	   Memory (MB)          :  1872        2000      2000 

	Job terminated of its own accord at 2023-06-22T20:54:48Z.
...
