000 (14759892.009.000) 03/28 13:59:15 Job submitted from host: <188.184.90.241:9618?addrs=188.184.90.241-9618+[2001-1458-201-e4--100-2eb]-9618&alias=bigbird15.cern.ch&noUDP&sock=schedd_3631588_e24a>
...
040 (14759892.009.000) 03/28 14:02:12 Started transferring input files
	Transferring to host: <188.184.163.121:9618?addrs=188.184.163.121-9618&alias=b7s12p3033.cern.ch&noUDP&sock=slot1_13_4099_ddc0_13311>
...
040 (14759892.009.000) 03/28 14:02:12 Finished transferring input files
...
001 (14759892.009.000) 03/28 14:02:13 Job executing on host: <188.184.163.121:9618?addrs=188.184.163.121-9618&alias=b7s12p3033.cern.ch&noUDP&sock=startd_3211_0eb1>
...
006 (14759892.009.000) 03/28 14:02:22 Image size of job updated: 554188
	47  -  MemoryUsage of job (MB)
	47760  -  ResidentSetSize of job (KB)
...
006 (14759892.009.000) 03/28 14:07:23 Image size of job updated: 1246412
	683  -  MemoryUsage of job (MB)
	698796  -  ResidentSetSize of job (KB)
...
006 (14759892.009.000) 03/28 14:17:24 Image size of job updated: 4121296
	683  -  MemoryUsage of job (MB)
	698796  -  ResidentSetSize of job (KB)
...
006 (14759892.009.000) 03/28 14:22:25 Image size of job updated: 4174068
	683  -  MemoryUsage of job (MB)
	698796  -  ResidentSetSize of job (KB)
...
040 (14759892.009.000) 03/28 14:22:26 Started transferring output files
...
040 (14759892.009.000) 03/28 14:22:26 Finished transferring output files
...
009 (14759892.009.000) 03/28 14:22:26 Job was aborted.
	Job removed by SYSTEM_PERIODIC_REMOVE due to wall time exceeded allowed max.
...
