000 (15150655.018.000) 09/28 15:00:14 Job submitted from host: <188.184.90.241:9618?addrs=188.184.90.241-9618+[2001-1458-201-e4--100-2eb]-9618&alias=bigbird15.cern.ch&noUDP&sock=schedd_2763_c443>
...
040 (15150655.018.000) 09/28 15:02:48 Started transferring input files
	Transferring to host: <188.184.163.175:9618?addrs=188.184.163.175-9618&alias=b7s12p2670.cern.ch&noUDP&sock=slot1_22_4726_a4f9_114>
...
040 (15150655.018.000) 09/28 15:02:48 Finished transferring input files
...
001 (15150655.018.000) 09/28 15:02:49 Job executing on host: <188.184.163.175:9618?addrs=188.184.163.175-9618&alias=b7s12p2670.cern.ch&noUDP&sock=startd_3093_1e84>
...
006 (15150655.018.000) 09/28 15:02:58 Image size of job updated: 192196
	107  -  MemoryUsage of job (MB)
	108712  -  ResidentSetSize of job (KB)
...
040 (15150655.018.000) 09/28 15:03:02 Started transferring output files
...
040 (15150655.018.000) 09/28 15:03:02 Finished transferring output files
...
005 (15150655.018.000) 09/28 15:03:02 Job terminated.
	(1) Normal termination (return value 0)
		Usr 0 00:00:02, Sys 0 00:00:00  -  Run Remote Usage
		Usr 0 00:00:00, Sys 0 00:00:00  -  Run Local Usage
		Usr 0 00:00:02, Sys 0 00:00:00  -  Total Remote Usage
		Usr 0 00:00:00, Sys 0 00:00:00  -  Total Local Usage
	7598  -  Run Bytes Sent By Job
	374  -  Run Bytes Received By Job
	7598  -  Total Bytes Sent By Job
	374  -  Total Bytes Received By Job
	Partitionable Resources :    Usage  Request Allocated 
	   Cpus                 :        0        1         1 
	   Disk (KB)            :       28        1   3002588 
	   Memory (MB)          :      107     2000      2000 

	Job terminated of its own accord at 2023-09-28T13:03:02Z.
...
