000 (15150662.014.000) 09/28 15:49:40 Job submitted from host: <188.184.90.241:9618?addrs=188.184.90.241-9618+[2001-1458-201-e4--100-2eb]-9618&alias=bigbird15.cern.ch&noUDP&sock=schedd_2763_c443>
...
040 (15150662.014.000) 09/28 16:00:53 Started transferring input files
	Transferring to host: <128.142.63.38:9618?addrs=128.142.63.38-9618+[2001-1458-301-38--100-23]-9618&alias=b7s08p9126.cern.ch&noUDP&sock=slot1_29_59121_d7bd_104592>
...
040 (15150662.014.000) 09/28 16:00:53 Finished transferring input files
...
001 (15150662.014.000) 09/28 16:00:54 Job executing on host: <128.142.63.38:9618?addrs=128.142.63.38-9618+[2001-1458-301-38--100-23]-9618&alias=b7s08p9126.cern.ch&noUDP&sock=startd_59083_9a27>
...
006 (15150662.014.000) 09/28 16:01:03 Image size of job updated: 152696
	122  -  MemoryUsage of job (MB)
	124248  -  ResidentSetSize of job (KB)
...
006 (15150662.014.000) 09/28 16:05:14 Image size of job updated: 925420
	122  -  MemoryUsage of job (MB)
	124248  -  ResidentSetSize of job (KB)
...
040 (15150662.014.000) 09/28 16:05:14 Started transferring output files
...
040 (15150662.014.000) 09/28 16:05:14 Finished transferring output files
...
005 (15150662.014.000) 09/28 16:05:14 Job terminated.
	(1) Normal termination (return value 0)
		Usr 0 00:00:12, Sys 0 00:00:01  -  Run Remote Usage
		Usr 0 00:00:00, Sys 0 00:00:00  -  Run Local Usage
		Usr 0 00:00:12, Sys 0 00:00:01  -  Total Remote Usage
		Usr 0 00:00:00, Sys 0 00:00:00  -  Total Local Usage
	7966  -  Run Bytes Sent By Job
	374  -  Run Bytes Received By Job
	7966  -  Total Bytes Sent By Job
	374  -  Total Bytes Received By Job
	Partitionable Resources :    Usage  Request Allocated 
	   Cpus                 :                 1         1 
	   Disk (KB)            :       22        1   1304516 
	   Memory (MB)          :      122     2000      2000 

	Job terminated of its own accord at 2023-09-28T14:05:14Z.
...
