000 (15271413.105.000) 12/18 14:02:23 Job submitted from host: <188.184.90.241:9618?addrs=188.184.90.241-9618+[2001-1458-201-e4--100-2eb]-9618&alias=bigbird15.cern.ch&noUDP&sock=schedd_2763_c443>
...
040 (15271413.105.000) 12/18 14:06:25 Started transferring input files
	Transferring to host: <128.142.194.157:9618?addrs=128.142.194.157-9618+[2001-1458-301-13--100-1d]-9618&alias=b9g30p6893.cern.ch&noUDP&sock=slot1_13_9573_cb5e_76557>
...
040 (15271413.105.000) 12/18 14:06:25 Finished transferring input files
...
001 (15271413.105.000) 12/18 14:06:26 Job executing on host: <128.142.194.157:9618?addrs=128.142.194.157-9618+[2001-1458-301-13--100-1d]-9618&alias=b9g30p6893.cern.ch&noUDP&sock=startd_8181_1062>
...
006 (15271413.105.000) 12/18 14:06:35 Image size of job updated: 81624
	80  -  MemoryUsage of job (MB)
	81624  -  ResidentSetSize of job (KB)
...
006 (15271413.105.000) 12/18 14:11:36 Image size of job updated: 506080
	495  -  MemoryUsage of job (MB)
	506080  -  ResidentSetSize of job (KB)
...
006 (15271413.105.000) 12/18 14:16:36 Image size of job updated: 1507748
	1473  -  MemoryUsage of job (MB)
	1507748  -  ResidentSetSize of job (KB)
...
040 (15271413.105.000) 12/18 14:19:02 Started transferring output files
...
040 (15271413.105.000) 12/18 14:19:02 Finished transferring output files
...
005 (15271413.105.000) 12/18 14:19:02 Job terminated.
	(1) Normal termination (return value 0)
		Usr 0 00:09:29, Sys 0 00:00:07  -  Run Remote Usage
		Usr 0 00:00:00, Sys 0 00:00:00  -  Run Local Usage
		Usr 0 00:09:29, Sys 0 00:00:07  -  Total Remote Usage
		Usr 0 00:00:00, Sys 0 00:00:00  -  Total Local Usage
	196468  -  Run Bytes Sent By Job
	269  -  Run Bytes Received By Job
	196468  -  Total Bytes Sent By Job
	269  -  Total Bytes Received By Job
	Partitionable Resources :    Usage  Request Allocated 
	   Cpus                 :     0.84        1         1 
	   Disk (KB)            :   236           1   2869809 
	   Memory (MB)          :  1473        2000      2000 

	Job terminated of its own accord at 2023-12-18T13:19:02Z.
...
