000 (15148591.015.000) 09/26 23:15:32 Job submitted from host: <188.184.90.241:9618?addrs=188.184.90.241-9618+[2001-1458-201-e4--100-2eb]-9618&alias=bigbird15.cern.ch&noUDP&sock=schedd_2763_c443>
...
040 (15148591.015.000) 09/26 23:30:23 Started transferring input files
	Transferring to host: <188.184.162.97:9618?addrs=188.184.162.97-9618+[2001-1458-301-4a--100-5b]-9618&alias=b7s11p5087.cern.ch&noUDP&sock=slot1_13_54388_041d_124777>
...
040 (15148591.015.000) 09/26 23:30:23 Finished transferring input files
...
001 (15148591.015.000) 09/26 23:30:24 Job executing on host: <188.184.162.97:9618?addrs=188.184.162.97-9618+[2001-1458-301-4a--100-5b]-9618&alias=b7s11p5087.cern.ch&noUDP&sock=startd_3270_86c8>
...
006 (15148591.015.000) 09/26 23:30:33 Image size of job updated: 624220
	60  -  MemoryUsage of job (MB)
	60436  -  ResidentSetSize of job (KB)
...
006 (15148591.015.000) 09/26 23:35:34 Image size of job updated: 986384
	469  -  MemoryUsage of job (MB)
	479796  -  ResidentSetSize of job (KB)
...
006 (15148591.015.000) 09/26 23:40:34 Image size of job updated: 1106896
	469  -  MemoryUsage of job (MB)
	479800  -  ResidentSetSize of job (KB)
...
006 (15148591.015.000) 09/26 23:45:34 Image size of job updated: 3175400
	469  -  MemoryUsage of job (MB)
	479800  -  ResidentSetSize of job (KB)
...
006 (15148591.015.000) 09/26 23:50:36 Image size of job updated: 3383584
	469  -  MemoryUsage of job (MB)
	479800  -  ResidentSetSize of job (KB)
...
006 (15148591.015.000) 09/26 23:55:36 Image size of job updated: 3436752
	474  -  MemoryUsage of job (MB)
	485296  -  ResidentSetSize of job (KB)
...
006 (15148591.015.000) 09/26 23:58:38 Image size of job updated: 3448552
	474  -  MemoryUsage of job (MB)
	485296  -  ResidentSetSize of job (KB)
...
040 (15148591.015.000) 09/26 23:58:38 Started transferring output files
...
040 (15148591.015.000) 09/26 23:58:38 Finished transferring output files
...
005 (15148591.015.000) 09/26 23:58:38 Job terminated.
	(1) Normal termination (return value 0)
		Usr 0 00:11:32, Sys 0 00:00:21  -  Run Remote Usage
		Usr 0 00:00:00, Sys 0 00:00:00  -  Run Local Usage
		Usr 0 00:11:32, Sys 0 00:00:21  -  Total Remote Usage
		Usr 0 00:00:00, Sys 0 00:00:00  -  Total Local Usage
	75640  -  Run Bytes Sent By Job
	323  -  Run Bytes Received By Job
	75640  -  Total Bytes Sent By Job
	323  -  Total Bytes Received By Job
	Partitionable Resources :    Usage  Request Allocated 
	   Cpus                 :     0.15        1         1 
	   Disk (KB)            :    95           1   3010235 
	   Memory (MB)          :   474        2000      2000 

	Job terminated of its own accord at 2023-09-26T21:58:38Z.
...
