000 (15159766.021.000) 10/09 11:47:56 Job submitted from host: <188.184.90.241:9618?addrs=188.184.90.241-9618+[2001-1458-201-e4--100-2eb]-9618&alias=bigbird15.cern.ch&noUDP&sock=schedd_2763_c443>
...
040 (15159766.021.000) 10/09 14:24:24 Started transferring input files
	Transferring to host: <128.142.61.63:9618?addrs=128.142.61.63-9618+[2001-1458-301-23--100-3e]-9618&alias=b7s06p0786.cern.ch&noUDP&sock=slot1_14_47028_3af1_109805>
...
040 (15159766.021.000) 10/09 14:24:24 Finished transferring input files
...
001 (15159766.021.000) 10/09 14:24:25 Job executing on host: <128.142.61.63:9618?addrs=128.142.61.63-9618+[2001-1458-301-23--100-3e]-9618&alias=b7s06p0786.cern.ch&noUDP&sock=startd_46990_cf5d>
...
006 (15159766.021.000) 10/09 14:24:34 Image size of job updated: 188624
	122  -  MemoryUsage of job (MB)
	124548  -  ResidentSetSize of job (KB)
...
006 (15159766.021.000) 10/09 14:29:35 Image size of job updated: 926644
	136  -  MemoryUsage of job (MB)
	138748  -  ResidentSetSize of job (KB)
...
006 (15159766.021.000) 10/09 14:30:53 Image size of job updated: 927972
	136  -  MemoryUsage of job (MB)
	138748  -  ResidentSetSize of job (KB)
...
040 (15159766.021.000) 10/09 14:30:53 Started transferring output files
...
040 (15159766.021.000) 10/09 14:30:53 Finished transferring output files
...
005 (15159766.021.000) 10/09 14:30:53 Job terminated.
	(1) Normal termination (return value 0)
		Usr 0 00:00:13, Sys 0 00:00:01  -  Run Remote Usage
		Usr 0 00:00:00, Sys 0 00:00:00  -  Run Local Usage
		Usr 0 00:00:13, Sys 0 00:00:01  -  Total Remote Usage
		Usr 0 00:00:00, Sys 0 00:00:00  -  Total Local Usage
	10674  -  Run Bytes Sent By Job
	374  -  Run Bytes Received By Job
	10674  -  Total Bytes Sent By Job
	374  -  Total Bytes Received By Job
	Partitionable Resources :    Usage  Request Allocated 
	   Cpus                 :     0.04        1         1 
	   Disk (KB)            :    32           1   1302393 
	   Memory (MB)          :   136        2000      2000 

	Job terminated of its own accord at 2023-10-09T12:30:53Z.
...
