000 (15155271.007.000) 10/07 16:55:47 Job submitted from host: <188.184.90.241:9618?addrs=188.184.90.241-9618+[2001-1458-201-e4--100-2eb]-9618&alias=bigbird15.cern.ch&noUDP&sock=schedd_2763_c443>
...
040 (15155271.007.000) 10/07 17:05:55 Started transferring input files
	Transferring to host: <188.184.163.25:9618?addrs=188.184.163.25-9618+[2001-1458-301-4d--100-13]-9618&alias=b7s12p8809.cern.ch&noUDP&sock=slot1_1_179586_5540_10876>
...
040 (15155271.007.000) 10/07 17:05:55 Finished transferring input files
...
001 (15155271.007.000) 10/07 17:05:56 Job executing on host: <188.184.163.25:9618?addrs=188.184.163.25-9618+[2001-1458-301-4d--100-13]-9618&alias=b7s12p8809.cern.ch&noUDP&sock=startd_179333_19a6>
...
006 (15155271.007.000) 10/07 17:06:05 Image size of job updated: 605860
	51  -  MemoryUsage of job (MB)
	51400  -  ResidentSetSize of job (KB)
...
006 (15155271.007.000) 10/07 17:11:06 Image size of job updated: 1073412
	574  -  MemoryUsage of job (MB)
	587424  -  ResidentSetSize of job (KB)
...
006 (15155271.007.000) 10/07 17:12:55 Image size of job updated: 1123800
	574  -  MemoryUsage of job (MB)
	587424  -  ResidentSetSize of job (KB)
...
040 (15155271.007.000) 10/07 17:12:56 Started transferring output files
...
040 (15155271.007.000) 10/07 17:12:56 Finished transferring output files
...
005 (15155271.007.000) 10/07 17:12:56 Job terminated.
	(1) Normal termination (return value 0)
		Usr 0 00:06:08, Sys 0 00:00:16  -  Run Remote Usage
		Usr 0 00:00:00, Sys 0 00:00:00  -  Run Local Usage
		Usr 0 00:06:08, Sys 0 00:00:16  -  Total Remote Usage
		Usr 0 00:00:00, Sys 0 00:00:00  -  Total Local Usage
	39844  -  Run Bytes Sent By Job
	323  -  Run Bytes Received By Job
	39844  -  Total Bytes Sent By Job
	323  -  Total Bytes Received By Job
	Partitionable Resources :    Usage  Request Allocated 
	   Cpus                 :     0.98        1         1 
	   Disk (KB)            :    60           1   2936010 
	   Memory (MB)          :   574        2000      2000 

	Job terminated of its own accord at 2023-10-07T15:12:55Z.
...
