000 (14807404.024.000) 05/15 22:32:17 Job submitted from host: <188.184.90.241:9618?addrs=188.184.90.241-9618+[2001-1458-201-e4--100-2eb]-9618&alias=bigbird15.cern.ch&noUDP&sock=schedd_3273_9590>
...
040 (14807404.024.000) 05/15 22:47:29 Started transferring input files
	Transferring to host: <128.142.62.180:9618?addrs=128.142.62.180-9618+[2001-1458-301-37--100-b3]-9618&alias=b7s07p2499.cern.ch&noUDP&sock=slot1_7_4494_2df0_23828>
...
040 (14807404.024.000) 05/15 22:47:29 Finished transferring input files
...
001 (14807404.024.000) 05/15 22:47:30 Job executing on host: <128.142.62.180:9618?addrs=128.142.62.180-9618+[2001-1458-301-37--100-b3]-9618&alias=b7s07p2499.cern.ch&noUDP&sock=startd_3179_1ba9>
...
006 (14807404.024.000) 05/15 22:47:39 Image size of job updated: 554132
	47  -  MemoryUsage of job (MB)
	47688  -  ResidentSetSize of job (KB)
...
006 (14807404.024.000) 05/15 22:52:40 Image size of job updated: 1653288
	1064  -  MemoryUsage of job (MB)
	1088652  -  ResidentSetSize of job (KB)
...
006 (14807404.024.000) 05/15 22:57:23 Image size of job updated: 4403924
	1064  -  MemoryUsage of job (MB)
	1088652  -  ResidentSetSize of job (KB)
...
040 (14807404.024.000) 05/15 22:57:23 Started transferring output files
...
040 (14807404.024.000) 05/15 22:57:23 Finished transferring output files
...
005 (14807404.024.000) 05/15 22:57:23 Job terminated.
	(1) Normal termination (return value 0)
		Usr 0 00:05:41, Sys 0 00:00:29  -  Run Remote Usage
		Usr 0 00:00:00, Sys 0 00:00:00  -  Run Local Usage
		Usr 0 00:05:41, Sys 0 00:00:29  -  Total Remote Usage
		Usr 0 00:00:00, Sys 0 00:00:00  -  Total Local Usage
	109108  -  Run Bytes Sent By Job
	323  -  Run Bytes Received By Job
	109108  -  Total Bytes Sent By Job
	323  -  Total Bytes Received By Job
	Partitionable Resources :    Usage  Request Allocated 
	   Cpus                 :     0.21        1         1 
	   Disk (KB)            :   128           1   1335168 
	   Memory (MB)          :  1064        2000      2000 

	Job terminated of its own accord at 2023-05-15T20:57:23Z.
...
