000 (15159743.103.000) 10/09 07:56:33 Job submitted from host: <188.184.90.241:9618?addrs=188.184.90.241-9618+[2001-1458-201-e4--100-2eb]-9618&alias=bigbird15.cern.ch&noUDP&sock=schedd_2763_c443>
...
040 (15159743.103.000) 10/09 08:10:11 Started transferring input files
	Transferring to host: <128.142.61.28:9618?addrs=128.142.61.28-9618+[2001-1458-301-23--100-1b]-9618&alias=b7s06p2762.cern.ch&noUDP&sock=slot1_16_17119_a251_45247>
...
040 (15159743.103.000) 10/09 08:10:11 Finished transferring input files
...
001 (15159743.103.000) 10/09 08:10:12 Job executing on host: <128.142.61.28:9618?addrs=128.142.61.28-9618+[2001-1458-301-23--100-1b]-9618&alias=b7s06p2762.cern.ch&noUDP&sock=startd_58987_c10f>
...
006 (15159743.103.000) 10/09 08:10:20 Image size of job updated: 574332
	101  -  MemoryUsage of job (MB)
	103200  -  ResidentSetSize of job (KB)
...
006 (15159743.103.000) 10/09 08:13:44 Image size of job updated: 3402888
	101  -  MemoryUsage of job (MB)
	103200  -  ResidentSetSize of job (KB)
...
040 (15159743.103.000) 10/09 08:13:44 Started transferring output files
...
040 (15159743.103.000) 10/09 08:13:44 Finished transferring output files
...
005 (15159743.103.000) 10/09 08:13:44 Job terminated.
	(1) Normal termination (return value 0)
		Usr 0 00:03:00, Sys 0 00:00:04  -  Run Remote Usage
		Usr 0 00:00:00, Sys 0 00:00:00  -  Run Local Usage
		Usr 0 00:03:00, Sys 0 00:00:04  -  Total Remote Usage
		Usr 0 00:00:00, Sys 0 00:00:00  -  Total Local Usage
	114468  -  Run Bytes Sent By Job
	269  -  Run Bytes Received By Job
	114468  -  Total Bytes Sent By Job
	269  -  Total Bytes Received By Job
	Partitionable Resources :    Usage  Request Allocated 
	   Cpus                 :     0.97        1         1 
	   Disk (KB)            :   133           1   1288772 
	   Memory (MB)          :   101        2000      2000 

	Job terminated of its own accord at 2023-10-09T06:13:44Z.
...
