000 (15155263.012.000) 10/07 15:36:06 Job submitted from host: <188.184.90.241:9618?addrs=188.184.90.241-9618+[2001-1458-201-e4--100-2eb]-9618&alias=bigbird15.cern.ch&noUDP&sock=schedd_2763_c443>
...
040 (15155263.012.000) 10/07 15:38:39 Started transferring input files
	Transferring to host: <128.142.61.127:9618?addrs=128.142.61.127-9618&alias=b7s06p4472.cern.ch&noUDP&sock=slot1_28_4030_3fdd_1157>
...
040 (15155263.012.000) 10/07 15:38:39 Finished transferring input files
...
001 (15155263.012.000) 10/07 15:38:40 Job executing on host: <128.142.61.127:9618?addrs=128.142.61.127-9618&alias=b7s06p4472.cern.ch&noUDP&sock=startd_3968_4be2>
...
006 (15155263.012.000) 10/07 15:38:49 Image size of job updated: 630700
	52  -  MemoryUsage of job (MB)
	52756  -  ResidentSetSize of job (KB)
...
006 (15155263.012.000) 10/07 15:43:50 Image size of job updated: 1061176
	522  -  MemoryUsage of job (MB)
	534448  -  ResidentSetSize of job (KB)
...
006 (15155263.012.000) 10/07 15:48:51 Image size of job updated: 3661000
	522  -  MemoryUsage of job (MB)
	534448  -  ResidentSetSize of job (KB)
...
006 (15155263.012.000) 10/07 15:53:51 Image size of job updated: 3910536
	522  -  MemoryUsage of job (MB)
	534448  -  ResidentSetSize of job (KB)
...
006 (15155263.012.000) 10/07 15:58:51 Image size of job updated: 3981952
	534  -  MemoryUsage of job (MB)
	546564  -  ResidentSetSize of job (KB)
...
006 (15155263.012.000) 10/07 15:59:18 Image size of job updated: 3986588
	534  -  MemoryUsage of job (MB)
	546564  -  ResidentSetSize of job (KB)
...
040 (15155263.012.000) 10/07 15:59:18 Started transferring output files
...
040 (15155263.012.000) 10/07 15:59:18 Finished transferring output files
...
005 (15155263.012.000) 10/07 15:59:18 Job terminated.
	(1) Normal termination (return value 0)
		Usr 0 00:08:32, Sys 0 00:00:13  -  Run Remote Usage
		Usr 0 00:00:00, Sys 0 00:00:00  -  Run Local Usage
		Usr 0 00:08:32, Sys 0 00:00:13  -  Total Remote Usage
		Usr 0 00:00:00, Sys 0 00:00:00  -  Total Local Usage
	78701  -  Run Bytes Sent By Job
	323  -  Run Bytes Received By Job
	78701  -  Total Bytes Sent By Job
	323  -  Total Bytes Received By Job
	Partitionable Resources :    Usage  Request Allocated 
	   Cpus                 :     0.07        1         1 
	   Disk (KB)            :    97           1   2740896 
	   Memory (MB)          :   534        2000      2000 

	Job terminated of its own accord at 2023-10-07T13:59:18Z.
...
