000 (14807135.016.000) 05/13 19:23:40 Job submitted from host: <188.184.90.241:9618?addrs=188.184.90.241-9618+[2001-1458-201-e4--100-2eb]-9618&alias=bigbird15.cern.ch&noUDP&sock=schedd_3273_9590>
...
040 (14807135.016.000) 05/13 19:35:11 Started transferring input files
	Transferring to host: <188.184.162.31:9618?addrs=188.184.162.31-9618+[2001-1458-301-4a--100-19]-9618&alias=b7s11p8955.cern.ch&noUDP&sock=slot1_15_4889_7e20_59503>
...
040 (14807135.016.000) 05/13 19:35:11 Finished transferring input files
...
001 (14807135.016.000) 05/13 19:35:12 Job executing on host: <188.184.162.31:9618?addrs=188.184.162.31-9618+[2001-1458-301-4a--100-19]-9618&alias=b7s11p8955.cern.ch&noUDP&sock=startd_3311_a62a>
...
006 (14807135.016.000) 05/13 19:35:21 Image size of job updated: 48736
	47  -  MemoryUsage of job (MB)
	48020  -  ResidentSetSize of job (KB)
...
006 (14807135.016.000) 05/13 19:40:21 Image size of job updated: 1941668
	1424  -  MemoryUsage of job (MB)
	1457820  -  ResidentSetSize of job (KB)
...
006 (14807135.016.000) 05/13 19:45:21 Image size of job updated: 3255412
	2700  -  MemoryUsage of job (MB)
	2764108  -  ResidentSetSize of job (KB)
...
006 (14807135.016.000) 05/13 19:50:22 Image size of job updated: 4559880
	3962  -  MemoryUsage of job (MB)
	4056628  -  ResidentSetSize of job (KB)
...
006 (14807135.016.000) 05/13 19:55:22 Image size of job updated: 5715864
	5139  -  MemoryUsage of job (MB)
	5261612  -  ResidentSetSize of job (KB)
...
040 (14807135.016.000) 05/13 19:55:23 Started transferring output files
...
040 (14807135.016.000) 05/13 19:55:23 Finished transferring output files
...
009 (14807135.016.000) 05/13 19:55:23 Job was aborted.
	Job removed by SYSTEM_PERIODIC_REMOVE due to wall time exceeded allowed max.
...
