000 (14832095.179.000) 06/12 15:17:58 Job submitted from host: <188.184.90.241:9618?addrs=188.184.90.241-9618+[2001-1458-201-e4--100-2eb]-9618&alias=bigbird15.cern.ch&noUDP&sock=schedd_1460210_2ef4>
...
040 (14832095.179.000) 06/12 15:20:37 Started transferring input files
	Transferring to host: <128.142.51.206:9618?addrs=128.142.51.206-9618+[2001-1458-301-3--100-b]-9618&alias=b7g02p9322.cern.ch&noUDP&sock=slot1_34_4631_b555_62836>
...
040 (14832095.179.000) 06/12 15:20:37 Finished transferring input files
...
001 (14832095.179.000) 06/12 15:20:38 Job executing on host: <128.142.51.206:9618?addrs=128.142.51.206-9618+[2001-1458-301-3--100-b]-9618&alias=b7g02p9322.cern.ch&noUDP&sock=startd_3209_af81>
...
006 (14832095.179.000) 06/12 15:20:46 Image size of job updated: 47684
	47  -  MemoryUsage of job (MB)
	47684  -  ResidentSetSize of job (KB)
...
006 (14832095.179.000) 06/12 15:25:46 Image size of job updated: 1581716
	999  -  MemoryUsage of job (MB)
	1022000  -  ResidentSetSize of job (KB)
...
006 (14832095.179.000) 06/12 15:30:47 Image size of job updated: 2165748
	1590  -  MemoryUsage of job (MB)
	1627440  -  ResidentSetSize of job (KB)
...
006 (14832095.179.000) 06/12 15:35:47 Image size of job updated: 2291868
	1590  -  MemoryUsage of job (MB)
	1627440  -  ResidentSetSize of job (KB)
...
006 (14832095.179.000) 06/12 15:50:49 Image size of job updated: 4039760
	1590  -  MemoryUsage of job (MB)
	1627440  -  ResidentSetSize of job (KB)
...
006 (14832095.179.000) 06/12 15:55:49 Image size of job updated: 4039764
	1590  -  MemoryUsage of job (MB)
	1627440  -  ResidentSetSize of job (KB)
...
006 (14832095.179.000) 06/12 16:00:50 Image size of job updated: 4322320
	1590  -  MemoryUsage of job (MB)
	1627440  -  ResidentSetSize of job (KB)
...
006 (14832095.179.000) 06/12 16:05:51 Image size of job updated: 4330348
	1590  -  MemoryUsage of job (MB)
	1627440  -  ResidentSetSize of job (KB)
...
006 (14832095.179.000) 06/12 16:10:51 Image size of job updated: 4392108
	1590  -  MemoryUsage of job (MB)
	1627440  -  ResidentSetSize of job (KB)
...
006 (14832095.179.000) 06/12 16:15:44 Image size of job updated: 4414848
	1590  -  MemoryUsage of job (MB)
	1627440  -  ResidentSetSize of job (KB)
...
040 (14832095.179.000) 06/12 16:15:44 Started transferring output files
...
040 (14832095.179.000) 06/12 16:15:44 Finished transferring output files
...
005 (14832095.179.000) 06/12 16:15:44 Job terminated.
	(1) Normal termination (return value 0)
		Usr 0 00:15:18, Sys 0 00:01:02  -  Run Remote Usage
		Usr 0 00:00:00, Sys 0 00:00:00  -  Run Local Usage
		Usr 0 00:15:18, Sys 0 00:01:02  -  Total Remote Usage
		Usr 0 00:00:00, Sys 0 00:00:00  -  Total Local Usage
	133354  -  Run Bytes Sent By Job
	323  -  Run Bytes Received By Job
	133354  -  Total Bytes Sent By Job
	323  -  Total Bytes Received By Job
	Partitionable Resources :    Usage  Request Allocated 
	   Cpus                 :     0.16        1         1 
	   Disk (KB)            :   151           1   1414378 
	   Memory (MB)          :  1590        2000      2000 

	Job terminated of its own accord at 2023-06-12T14:15:44Z.
...
