000 (15155256.031.000) 10/07 14:35:52 Job submitted from host: <188.184.90.241:9618?addrs=188.184.90.241-9618+[2001-1458-201-e4--100-2eb]-9618&alias=bigbird15.cern.ch&noUDP&sock=schedd_2763_c443>
...
040 (15155256.031.000) 10/07 14:37:57 Started transferring input files
	Transferring to host: <128.142.58.69:9618?addrs=128.142.58.69-9618+[2001-1458-301-16--100-44]-9618&alias=b7s03p0320.cern.ch&noUDP&sock=slot1_13_4470_44ef_215076>
...
040 (15155256.031.000) 10/07 14:37:57 Finished transferring input files
...
001 (15155256.031.000) 10/07 14:37:58 Job executing on host: <128.142.58.69:9618?addrs=128.142.58.69-9618+[2001-1458-301-16--100-44]-9618&alias=b7s03p0320.cern.ch&noUDP&sock=startd_3221_eaa3>
...
006 (15155256.031.000) 10/07 14:38:06 Image size of job updated: 55220
	51  -  MemoryUsage of job (MB)
	52032  -  ResidentSetSize of job (KB)
...
006 (15155256.031.000) 10/07 14:43:06 Image size of job updated: 1079112
	506  -  MemoryUsage of job (MB)
	517484  -  ResidentSetSize of job (KB)
...
006 (15155256.031.000) 10/07 14:48:07 Image size of job updated: 3168476
	506  -  MemoryUsage of job (MB)
	517484  -  ResidentSetSize of job (KB)
...
006 (15155256.031.000) 10/07 14:53:08 Image size of job updated: 3423128
	506  -  MemoryUsage of job (MB)
	517484  -  ResidentSetSize of job (KB)
...
006 (15155256.031.000) 10/07 14:55:16 Image size of job updated: 3442044
	506  -  MemoryUsage of job (MB)
	517484  -  ResidentSetSize of job (KB)
...
040 (15155256.031.000) 10/07 14:55:17 Started transferring output files
...
040 (15155256.031.000) 10/07 14:55:17 Finished transferring output files
...
005 (15155256.031.000) 10/07 14:55:17 Job terminated.
	(1) Normal termination (return value 0)
		Usr 0 00:07:46, Sys 0 00:00:14  -  Run Remote Usage
		Usr 0 00:00:00, Sys 0 00:00:00  -  Run Local Usage
		Usr 0 00:07:46, Sys 0 00:00:14  -  Total Remote Usage
		Usr 0 00:00:00, Sys 0 00:00:00  -  Total Local Usage
	74387  -  Run Bytes Sent By Job
	323  -  Run Bytes Received By Job
	74387  -  Total Bytes Sent By Job
	323  -  Total Bytes Received By Job
	Partitionable Resources :    Usage  Request Allocated 
	   Cpus                 :     0.18        1         1 
	   Disk (KB)            :    94           1   1310232 
	   Memory (MB)          :   506        2000      2000 

	Job terminated of its own accord at 2023-10-07T12:55:16Z.
...
