000 (14807272.017.000) 05/14 22:53:25 Job submitted from host: <188.184.90.241:9618?addrs=188.184.90.241-9618+[2001-1458-201-e4--100-2eb]-9618&alias=bigbird15.cern.ch&noUDP&sock=schedd_3273_9590>
...
040 (14807272.017.000) 05/14 23:06:18 Started transferring input files
	Transferring to host: <128.142.58.118:9618?addrs=128.142.58.118-9618+[2001-1458-301-16--100-75]-9618&alias=b7s03p2192.cern.ch&noUDP&sock=slot1_3_10578_e867_36118>
...
040 (14807272.017.000) 05/14 23:06:18 Finished transferring input files
...
001 (14807272.017.000) 05/14 23:06:19 Job executing on host: <128.142.58.118:9618?addrs=128.142.58.118-9618+[2001-1458-301-16--100-75]-9618&alias=b7s03p2192.cern.ch&noUDP&sock=startd_9109_9846>
...
006 (14807272.017.000) 05/14 23:06:28 Image size of job updated: 554124
	74  -  MemoryUsage of job (MB)
	75708  -  ResidentSetSize of job (KB)
...
006 (14807272.017.000) 05/14 23:11:29 Image size of job updated: 1845228
	1301  -  MemoryUsage of job (MB)
	1332084  -  ResidentSetSize of job (KB)
...
006 (14807272.017.000) 05/14 23:21:29 Image size of job updated: 4107140
	1301  -  MemoryUsage of job (MB)
	1332084  -  ResidentSetSize of job (KB)
...
006 (14807272.017.000) 05/14 23:25:23 Image size of job updated: 4484368
	1301  -  MemoryUsage of job (MB)
	1332084  -  ResidentSetSize of job (KB)
...
040 (14807272.017.000) 05/14 23:25:23 Started transferring output files
...
040 (14807272.017.000) 05/14 23:25:23 Finished transferring output files
...
005 (14807272.017.000) 05/14 23:25:23 Job terminated.
	(1) Normal termination (return value 0)
		Usr 0 00:07:18, Sys 0 00:00:28  -  Run Remote Usage
		Usr 0 00:00:00, Sys 0 00:00:00  -  Run Local Usage
		Usr 0 00:07:18, Sys 0 00:00:28  -  Total Remote Usage
		Usr 0 00:00:00, Sys 0 00:00:00  -  Total Local Usage
	105897  -  Run Bytes Sent By Job
	323  -  Run Bytes Received By Job
	105897  -  Total Bytes Sent By Job
	323  -  Total Bytes Received By Job
	Partitionable Resources :    Usage  Request Allocated 
	   Cpus                 :        0        1         1 
	   Disk (KB)            :      125        1   1312198 
	   Memory (MB)          :     1301     2000      2000 

	Job terminated of its own accord at 2023-05-14T21:25:23Z.
...
