000 (15271413.204.000) 12/18 14:02:23 Job submitted from host: <188.184.90.241:9618?addrs=188.184.90.241-9618+[2001-1458-201-e4--100-2eb]-9618&alias=bigbird15.cern.ch&noUDP&sock=schedd_2763_c443>
...
040 (15271413.204.000) 12/18 14:06:58 Started transferring input files
	Transferring to host: <128.142.194.195:9618?addrs=128.142.194.195-9618+[2001-1458-301-13--100-43]-9618&alias=b9g30p0310.cern.ch&noUDP&sock=slot1_10_10367_3d3f_52683>
...
040 (15271413.204.000) 12/18 14:06:58 Finished transferring input files
...
001 (15271413.204.000) 12/18 14:06:59 Job executing on host: <128.142.194.195:9618?addrs=128.142.194.195-9618+[2001-1458-301-13--100-43]-9618&alias=b9g30p0310.cern.ch&noUDP&sock=startd_8939_fd2c>
...
006 (15271413.204.000) 12/18 14:07:07 Image size of job updated: 453300
	443  -  MemoryUsage of job (MB)
	453300  -  ResidentSetSize of job (KB)
...
040 (15271413.204.000) 12/18 14:11:26 Started transferring output files
...
040 (15271413.204.000) 12/18 14:11:26 Finished transferring output files
...
005 (15271413.204.000) 12/18 14:11:26 Job terminated.
	(1) Normal termination (return value 0)
		Usr 0 00:03:18, Sys 0 00:00:03  -  Run Remote Usage
		Usr 0 00:00:00, Sys 0 00:00:00  -  Run Local Usage
		Usr 0 00:03:18, Sys 0 00:00:03  -  Total Remote Usage
		Usr 0 00:00:00, Sys 0 00:00:00  -  Total Local Usage
	109965  -  Run Bytes Sent By Job
	269  -  Run Bytes Received By Job
	109965  -  Total Bytes Sent By Job
	269  -  Total Bytes Received By Job
	Partitionable Resources :    Usage  Request Allocated 
	   Cpus                 :     0.92        1         1 
	   Disk (KB)            :   151           1   2879706 
	   Memory (MB)          :   443        2000      2000 

	Job terminated of its own accord at 2023-12-18T13:11:26Z.
...
