000 (15151337.011.000) 10/02 16:23:27 Job submitted from host: <188.184.90.241:9618?addrs=188.184.90.241-9618+[2001-1458-201-e4--100-2eb]-9618&alias=bigbird15.cern.ch&noUDP&sock=schedd_2763_c443>
...
040 (15151337.011.000) 10/02 16:27:06 Started transferring input files
	Transferring to host: <188.184.160.134:9618?addrs=188.184.160.134-9618+[2001-1458-301-48--100-80]-9618&alias=b7s09p5717.cern.ch&noUDP&sock=slot1_3_57983_04cf_67601>
...
040 (15151337.011.000) 10/02 16:27:06 Finished transferring input files
...
001 (15151337.011.000) 10/02 16:27:07 Job executing on host: <188.184.160.134:9618?addrs=188.184.160.134-9618+[2001-1458-301-48--100-80]-9618&alias=b7s09p5717.cern.ch&noUDP&sock=startd_57944_57c8>
...
006 (15151337.011.000) 10/02 16:27:15 Image size of job updated: 149080
	93  -  MemoryUsage of job (MB)
	94324  -  ResidentSetSize of job (KB)
...
006 (15151337.011.000) 10/02 16:32:15 Image size of job updated: 1243824
	710  -  MemoryUsage of job (MB)
	726632  -  ResidentSetSize of job (KB)
...
006 (15151337.011.000) 10/02 16:37:16 Image size of job updated: 1564664
	1013  -  MemoryUsage of job (MB)
	1037296  -  ResidentSetSize of job (KB)
...
006 (15151337.011.000) 10/02 16:47:17 Image size of job updated: 4205004
	1013  -  MemoryUsage of job (MB)
	1037296  -  ResidentSetSize of job (KB)
...
006 (15151337.011.000) 10/02 16:52:17 Image size of job updated: 4439820
	1013  -  MemoryUsage of job (MB)
	1037296  -  ResidentSetSize of job (KB)
...
006 (15151337.011.000) 10/02 16:57:18 Image size of job updated: 4476496
	1013  -  MemoryUsage of job (MB)
	1037296  -  ResidentSetSize of job (KB)
...
006 (15151337.011.000) 10/02 17:02:19 Image size of job updated: 4523476
	1013  -  MemoryUsage of job (MB)
	1037296  -  ResidentSetSize of job (KB)
...
006 (15151337.011.000) 10/02 17:04:26 Image size of job updated: 4530720
	1013  -  MemoryUsage of job (MB)
	1037296  -  ResidentSetSize of job (KB)
...
040 (15151337.011.000) 10/02 17:04:26 Started transferring output files
...
040 (15151337.011.000) 10/02 17:04:26 Finished transferring output files
...
005 (15151337.011.000) 10/02 17:04:26 Job terminated.
	(1) Normal termination (return value 0)
		Usr 0 00:12:39, Sys 0 00:00:29  -  Run Remote Usage
		Usr 0 00:00:00, Sys 0 00:00:00  -  Run Local Usage
		Usr 0 00:12:39, Sys 0 00:00:29  -  Total Remote Usage
		Usr 0 00:00:00, Sys 0 00:00:00  -  Total Local Usage
	110869  -  Run Bytes Sent By Job
	323  -  Run Bytes Received By Job
	110869  -  Total Bytes Sent By Job
	323  -  Total Bytes Received By Job
	Partitionable Resources :    Usage  Request Allocated 
	   Cpus                 :        0        1         1 
	   Disk (KB)            :      130        1   3068835 
	   Memory (MB)          :     1013     2000      2000 

	Job terminated of its own accord at 2023-10-02T15:04:26Z.
...
