000 (15159756.076.000) 10/09 09:27:44 Job submitted from host: <188.184.90.241:9618?addrs=188.184.90.241-9618+[2001-1458-201-e4--100-2eb]-9618&alias=bigbird15.cern.ch&noUDP&sock=schedd_2763_c443>
...
040 (15159756.076.000) 10/09 11:15:09 Started transferring input files
	Transferring to host: <188.184.163.132:9618?addrs=188.184.163.132-9618+[2001-1458-301-4d--100-7e]-9618&alias=b7s12p7724.cern.ch&noUDP&sock=slot1_24_41777_6cfc_135212>
...
040 (15159756.076.000) 10/09 11:15:09 Finished transferring input files
...
001 (15159756.076.000) 10/09 11:15:10 Job executing on host: <188.184.163.132:9618?addrs=188.184.163.132-9618+[2001-1458-301-4d--100-7e]-9618&alias=b7s12p7724.cern.ch&noUDP&sock=startd_41738_5ff6>
...
006 (15159756.076.000) 10/09 11:15:18 Image size of job updated: 57520
	52  -  MemoryUsage of job (MB)
	53000  -  ResidentSetSize of job (KB)
...
006 (15159756.076.000) 10/09 11:20:18 Image size of job updated: 877400
	383  -  MemoryUsage of job (MB)
	391172  -  ResidentSetSize of job (KB)
...
006 (15159756.076.000) 10/09 11:25:19 Image size of job updated: 2168832
	1966  -  MemoryUsage of job (MB)
	2012348  -  ResidentSetSize of job (KB)
...
006 (15159756.076.000) 10/09 11:27:06 Image size of job updated: 3336920
	1966  -  MemoryUsage of job (MB)
	2012348  -  ResidentSetSize of job (KB)
...
040 (15159756.076.000) 10/09 11:27:06 Started transferring output files
...
040 (15159756.076.000) 10/09 11:27:06 Finished transferring output files
...
005 (15159756.076.000) 10/09 11:27:07 Job terminated.
	(1) Normal termination (return value 0)
		Usr 0 00:09:31, Sys 0 00:00:11  -  Run Remote Usage
		Usr 0 00:00:00, Sys 0 00:00:00  -  Run Local Usage
		Usr 0 00:09:31, Sys 0 00:00:11  -  Total Remote Usage
		Usr 0 00:00:00, Sys 0 00:00:00  -  Total Local Usage
	160656  -  Run Bytes Sent By Job
	269  -  Run Bytes Received By Job
	160656  -  Total Bytes Sent By Job
	269  -  Total Bytes Received By Job
	Partitionable Resources :    Usage  Request Allocated 
	   Cpus                 :        0        1         1 
	   Disk (KB)            :      178        1   3039229 
	   Memory (MB)          :     1966     2000      2000 

	Job terminated of its own accord at 2023-10-09T09:27:06Z.
...
