000 (15159743.017.000) 10/09 07:56:33 Job submitted from host: <188.184.90.241:9618?addrs=188.184.90.241-9618+[2001-1458-201-e4--100-2eb]-9618&alias=bigbird15.cern.ch&noUDP&sock=schedd_2763_c443>
...
040 (15159743.017.000) 10/09 08:09:39 Started transferring input files
	Transferring to host: <188.184.162.47:9618?addrs=188.184.162.47-9618&alias=b7s11p9616.cern.ch&noUDP&sock=slot1_10_4936_9bc2_228935>
...
040 (15159743.017.000) 10/09 08:09:39 Finished transferring input files
...
001 (15159743.017.000) 10/09 08:09:40 Job executing on host: <188.184.162.47:9618?addrs=188.184.162.47-9618&alias=b7s11p9616.cern.ch&noUDP&sock=startd_3651_dc5d>
...
006 (15159743.017.000) 10/09 08:09:49 Image size of job updated: 68296
	54  -  MemoryUsage of job (MB)
	54320  -  ResidentSetSize of job (KB)
...
006 (15159743.017.000) 10/09 08:14:49 Image size of job updated: 866228
	348  -  MemoryUsage of job (MB)
	355480  -  ResidentSetSize of job (KB)
...
006 (15159743.017.000) 10/09 08:19:49 Image size of job updated: 1096948
	598  -  MemoryUsage of job (MB)
	611848  -  ResidentSetSize of job (KB)
...
006 (15159743.017.000) 10/09 08:24:50 Image size of job updated: 1312032
	783  -  MemoryUsage of job (MB)
	801284  -  ResidentSetSize of job (KB)
...
006 (15159743.017.000) 10/09 08:29:28 Image size of job updated: 3936292
	783  -  MemoryUsage of job (MB)
	801284  -  ResidentSetSize of job (KB)
...
040 (15159743.017.000) 10/09 08:29:28 Started transferring output files
...
040 (15159743.017.000) 10/09 08:29:28 Finished transferring output files
...
005 (15159743.017.000) 10/09 08:29:28 Job terminated.
	(1) Normal termination (return value 0)
		Usr 0 00:17:26, Sys 0 00:00:14  -  Run Remote Usage
		Usr 0 00:00:00, Sys 0 00:00:00  -  Run Local Usage
		Usr 0 00:17:26, Sys 0 00:00:14  -  Total Remote Usage
		Usr 0 00:00:00, Sys 0 00:00:00  -  Total Local Usage
	221050  -  Run Bytes Sent By Job
	269  -  Run Bytes Received By Job
	221050  -  Total Bytes Sent By Job
	269  -  Total Bytes Received By Job
	Partitionable Resources :    Usage  Request Allocated 
	   Cpus                 :     0.26        1         1 
	   Disk (KB)            :   237           1   3125927 
	   Memory (MB)          :   783        2000      2000 

	Job terminated of its own accord at 2023-10-09T06:29:28Z.
...
