000 (14807404.005.000) 05/15 22:32:17 Job submitted from host: <188.184.90.241:9618?addrs=188.184.90.241-9618+[2001-1458-201-e4--100-2eb]-9618&alias=bigbird15.cern.ch&noUDP&sock=schedd_3273_9590>
...
040 (14807404.005.000) 05/15 22:47:32 Started transferring input files
	Transferring to host: <128.142.131.106:9618?addrs=128.142.131.106-9618+[2001-1458-301-59--100-5e]-9618&alias=b7g11p7958.cern.ch&noUDP&sock=slot1_8_4756_c83a_27391>
...
040 (14807404.005.000) 05/15 22:47:32 Finished transferring input files
...
001 (14807404.005.000) 05/15 22:47:33 Job executing on host: <128.142.131.106:9618?addrs=128.142.131.106-9618+[2001-1458-301-59--100-5e]-9618&alias=b7g11p7958.cern.ch&noUDP&sock=startd_3681_7034>
...
006 (14807404.005.000) 05/15 22:47:42 Image size of job updated: 554200
	47  -  MemoryUsage of job (MB)
	47748  -  ResidentSetSize of job (KB)
...
006 (14807404.005.000) 05/15 22:52:42 Image size of job updated: 1807828
	1279  -  MemoryUsage of job (MB)
	1309624  -  ResidentSetSize of job (KB)
...
006 (14807404.005.000) 05/15 22:57:42 Image size of job updated: 2263304
	1563  -  MemoryUsage of job (MB)
	1599732  -  ResidentSetSize of job (KB)
...
006 (14807404.005.000) 05/15 23:07:43 Image size of job updated: 4048628
	1563  -  MemoryUsage of job (MB)
	1599732  -  ResidentSetSize of job (KB)
...
006 (14807404.005.000) 05/15 23:12:43 Image size of job updated: 4336740
	1563  -  MemoryUsage of job (MB)
	1599732  -  ResidentSetSize of job (KB)
...
006 (14807404.005.000) 05/15 23:17:44 Image size of job updated: 4402032
	1563  -  MemoryUsage of job (MB)
	1599732  -  ResidentSetSize of job (KB)
...
006 (14807404.005.000) 05/15 23:21:36 Image size of job updated: 4423064
	1563  -  MemoryUsage of job (MB)
	1599732  -  ResidentSetSize of job (KB)
...
040 (14807404.005.000) 05/15 23:21:36 Started transferring output files
...
040 (14807404.005.000) 05/15 23:21:36 Finished transferring output files
...
005 (14807404.005.000) 05/15 23:21:36 Job terminated.
	(1) Normal termination (return value 0)
		Usr 0 00:13:38, Sys 0 00:00:56  -  Run Remote Usage
		Usr 0 00:00:00, Sys 0 00:00:00  -  Run Local Usage
		Usr 0 00:13:38, Sys 0 00:00:56  -  Total Remote Usage
		Usr 0 00:00:00, Sys 0 00:00:00  -  Total Local Usage
	132244  -  Run Bytes Sent By Job
	323  -  Run Bytes Received By Job
	132244  -  Total Bytes Sent By Job
	323  -  Total Bytes Received By Job
	Partitionable Resources :    Usage  Request Allocated 
	   Cpus                 :     0.12        1         1 
	   Disk (KB)            :   150           1   1681811 
	   Memory (MB)          :  1563        2000      2000 

	Job terminated of its own accord at 2023-05-15T21:21:36Z.
...
