000 (15148591.078.000) 09/26 23:15:32 Job submitted from host: <188.184.90.241:9618?addrs=188.184.90.241-9618+[2001-1458-201-e4--100-2eb]-9618&alias=bigbird15.cern.ch&noUDP&sock=schedd_2763_c443>
...
040 (15148591.078.000) 09/26 23:30:44 Started transferring input files
	Transferring to host: <128.142.132.161:9618?addrs=128.142.132.161-9618+[2001-1458-301-5a--100-95]-9618&alias=b7g12p6054.cern.ch&noUDP&sock=slot1_5_11898_f79d_26175>
...
040 (15148591.078.000) 09/26 23:30:44 Finished transferring input files
...
001 (15148591.078.000) 09/26 23:30:45 Job executing on host: <128.142.132.161:9618?addrs=128.142.132.161-9618+[2001-1458-301-5a--100-95]-9618&alias=b7g12p6054.cern.ch&noUDP&sock=startd_7730_b72c>
...
006 (15148591.078.000) 09/26 23:30:54 Image size of job updated: 635660
	114  -  MemoryUsage of job (MB)
	116376  -  ResidentSetSize of job (KB)
...
006 (15148591.078.000) 09/26 23:35:55 Image size of job updated: 1023156
	500  -  MemoryUsage of job (MB)
	511492  -  ResidentSetSize of job (KB)
...
006 (15148591.078.000) 09/26 23:40:56 Image size of job updated: 1196036
	500  -  MemoryUsage of job (MB)
	511492  -  ResidentSetSize of job (KB)
...
006 (15148591.078.000) 09/26 23:45:56 Image size of job updated: 3939612
	511  -  MemoryUsage of job (MB)
	522476  -  ResidentSetSize of job (KB)
...
006 (15148591.078.000) 09/26 23:48:48 Image size of job updated: 4002008
	511  -  MemoryUsage of job (MB)
	522476  -  ResidentSetSize of job (KB)
...
040 (15148591.078.000) 09/26 23:48:48 Started transferring output files
...
040 (15148591.078.000) 09/26 23:48:48 Finished transferring output files
...
005 (15148591.078.000) 09/26 23:48:48 Job terminated.
	(1) Normal termination (return value 0)
		Usr 0 00:12:42, Sys 0 00:00:18  -  Run Remote Usage
		Usr 0 00:00:00, Sys 0 00:00:00  -  Run Local Usage
		Usr 0 00:12:42, Sys 0 00:00:18  -  Total Remote Usage
		Usr 0 00:00:00, Sys 0 00:00:00  -  Total Local Usage
	78585  -  Run Bytes Sent By Job
	323  -  Run Bytes Received By Job
	78585  -  Total Bytes Sent By Job
	323  -  Total Bytes Received By Job
	Partitionable Resources :    Usage  Request Allocated 
	   Cpus                 :     0.50        1         1 
	   Disk (KB)            :    98           1   1605834 
	   Memory (MB)          :   511        2000      2000 

	Job terminated of its own accord at 2023-09-26T21:48:48Z.
...
