000 (15155263.006.000) 10/07 15:36:06 Job submitted from host: <188.184.90.241:9618?addrs=188.184.90.241-9618+[2001-1458-201-e4--100-2eb]-9618&alias=bigbird15.cern.ch&noUDP&sock=schedd_2763_c443>
...
040 (15155263.006.000) 10/07 15:38:37 Started transferring input files
	Transferring to host: <128.142.61.38:9618?addrs=128.142.61.38-9618+[2001-1458-301-23--100-25]-9618&alias=b7s06p8377.cern.ch&noUDP&sock=slot1_2_37491_8d0e_25064>
...
040 (15155263.006.000) 10/07 15:38:37 Finished transferring input files
...
001 (15155263.006.000) 10/07 15:38:38 Job executing on host: <128.142.61.38:9618?addrs=128.142.61.38-9618+[2001-1458-301-23--100-25]-9618&alias=b7s06p8377.cern.ch&noUDP&sock=startd_37453_38a5>
...
006 (15155263.006.000) 10/07 15:38:46 Image size of job updated: 687100
	53  -  MemoryUsage of job (MB)
	53804  -  ResidentSetSize of job (KB)
...
006 (15155263.006.000) 10/07 15:43:46 Image size of job updated: 1056860
	522  -  MemoryUsage of job (MB)
	534496  -  ResidentSetSize of job (KB)
...
006 (15155263.006.000) 10/07 15:53:48 Image size of job updated: 3702608
	522  -  MemoryUsage of job (MB)
	534496  -  ResidentSetSize of job (KB)
...
006 (15155263.006.000) 10/07 15:58:48 Image size of job updated: 3944792
	522  -  MemoryUsage of job (MB)
	534496  -  ResidentSetSize of job (KB)
...
006 (15155263.006.000) 10/07 16:01:16 Image size of job updated: 3989296
	522  -  MemoryUsage of job (MB)
	534496  -  ResidentSetSize of job (KB)
...
040 (15155263.006.000) 10/07 16:01:16 Started transferring output files
...
040 (15155263.006.000) 10/07 16:01:16 Finished transferring output files
...
005 (15155263.006.000) 10/07 16:01:16 Job terminated.
	(1) Normal termination (return value 0)
		Usr 0 00:09:01, Sys 0 00:00:13  -  Run Remote Usage
		Usr 0 00:00:00, Sys 0 00:00:00  -  Run Local Usage
		Usr 0 00:09:01, Sys 0 00:00:13  -  Total Remote Usage
		Usr 0 00:00:00, Sys 0 00:00:00  -  Total Local Usage
	78639  -  Run Bytes Sent By Job
	323  -  Run Bytes Received By Job
	78639  -  Total Bytes Sent By Job
	323  -  Total Bytes Received By Job
	Partitionable Resources :    Usage  Request Allocated 
	   Cpus                 :     0.09        1         1 
	   Disk (KB)            :    98           1   1162076 
	   Memory (MB)          :   522        2000      2000 

	Job terminated of its own accord at 2023-10-07T14:01:16Z.
...
