000 (15155271.040.000) 10/07 16:55:47 Job submitted from host: <188.184.90.241:9618?addrs=188.184.90.241-9618+[2001-1458-201-e4--100-2eb]-9618&alias=bigbird15.cern.ch&noUDP&sock=schedd_2763_c443>
...
040 (15155271.040.000) 10/07 17:06:14 Started transferring input files
	Transferring to host: <128.142.61.81:9618?addrs=128.142.61.81-9618+[2001-1458-301-23--100-50]-9618&alias=b7s06p7482.cern.ch&noUDP&sock=slot1_12_3133_3b58_100741>
...
040 (15155271.040.000) 10/07 17:06:14 Finished transferring input files
...
001 (15155271.040.000) 10/07 17:06:15 Job executing on host: <128.142.61.81:9618?addrs=128.142.61.81-9618+[2001-1458-301-23--100-50]-9618&alias=b7s06p7482.cern.ch&noUDP&sock=startd_2741_ad2e>
...
006 (15155271.040.000) 10/07 17:06:25 Image size of job updated: 55608
	55  -  MemoryUsage of job (MB)
	55608  -  ResidentSetSize of job (KB)
...
006 (15155271.040.000) 10/07 17:11:26 Image size of job updated: 931912
	58  -  MemoryUsage of job (MB)
	59356  -  ResidentSetSize of job (KB)
...
006 (15155271.040.000) 10/07 17:16:27 Image size of job updated: 3616116
	146  -  MemoryUsage of job (MB)
	149408  -  ResidentSetSize of job (KB)
...
006 (15155271.040.000) 10/07 17:21:27 Image size of job updated: 3659972
	188  -  MemoryUsage of job (MB)
	192052  -  ResidentSetSize of job (KB)
...
006 (15155271.040.000) 10/07 17:26:28 Image size of job updated: 3872028
	398  -  MemoryUsage of job (MB)
	406604  -  ResidentSetSize of job (KB)
...
006 (15155271.040.000) 10/07 17:31:29 Image size of job updated: 3936192
	460  -  MemoryUsage of job (MB)
	470744  -  ResidentSetSize of job (KB)
...
006 (15155271.040.000) 10/07 17:33:47 Image size of job updated: 3945548
	460  -  MemoryUsage of job (MB)
	470748  -  ResidentSetSize of job (KB)
...
040 (15155271.040.000) 10/07 17:33:47 Started transferring output files
...
040 (15155271.040.000) 10/07 17:33:47 Finished transferring output files
...
005 (15155271.040.000) 10/07 17:33:47 Job terminated.
	(1) Normal termination (return value 0)
		Usr 0 00:04:40, Sys 0 00:00:08  -  Run Remote Usage
		Usr 0 00:00:00, Sys 0 00:00:00  -  Run Local Usage
		Usr 0 00:04:40, Sys 0 00:00:08  -  Total Remote Usage
		Usr 0 00:00:00, Sys 0 00:00:00  -  Total Local Usage
	70520  -  Run Bytes Sent By Job
	323  -  Run Bytes Received By Job
	70520  -  Total Bytes Sent By Job
	323  -  Total Bytes Received By Job
	Partitionable Resources :    Usage  Request Allocated 
	   Cpus                 :     0.19        1         1 
	   Disk (KB)            :    90           1   1148820 
	   Memory (MB)          :   460        2000      2000 

	Job terminated of its own accord at 2023-10-07T15:33:47Z.
...
