000 (15159743.003.000) 10/09 07:56:33 Job submitted from host: <188.184.90.241:9618?addrs=188.184.90.241-9618+[2001-1458-201-e4--100-2eb]-9618&alias=bigbird15.cern.ch&noUDP&sock=schedd_2763_c443>
...
040 (15159743.003.000) 10/09 08:09:35 Started transferring input files
	Transferring to host: <188.184.162.117:9618?addrs=188.184.162.117-9618+[2001-1458-301-4a--100-6f]-9618&alias=b7s11p6321.cern.ch&noUDP&sock=slot1_23_153742_e5a5_203696>
...
040 (15159743.003.000) 10/09 08:09:35 Finished transferring input files
...
001 (15159743.003.000) 10/09 08:09:36 Job executing on host: <188.184.162.117:9618?addrs=188.184.162.117-9618+[2001-1458-301-4a--100-6f]-9618&alias=b7s11p6321.cern.ch&noUDP&sock=startd_2899_0d25>
...
006 (15159743.003.000) 10/09 08:09:45 Image size of job updated: 574316
	54  -  MemoryUsage of job (MB)
	54924  -  ResidentSetSize of job (KB)
...
006 (15159743.003.000) 10/09 08:13:17 Image size of job updated: 3376712
	54  -  MemoryUsage of job (MB)
	54924  -  ResidentSetSize of job (KB)
...
040 (15159743.003.000) 10/09 08:13:17 Started transferring output files
...
040 (15159743.003.000) 10/09 08:13:17 Finished transferring output files
...
005 (15159743.003.000) 10/09 08:13:17 Job terminated.
	(1) Normal termination (return value 0)
		Usr 0 00:02:41, Sys 0 00:00:05  -  Run Remote Usage
		Usr 0 00:00:00, Sys 0 00:00:00  -  Run Local Usage
		Usr 0 00:02:41, Sys 0 00:00:05  -  Total Remote Usage
		Usr 0 00:00:00, Sys 0 00:00:00  -  Total Local Usage
	113534  -  Run Bytes Sent By Job
	269  -  Run Bytes Received By Job
	113534  -  Total Bytes Sent By Job
	269  -  Total Bytes Received By Job
	Partitionable Resources :    Usage  Request Allocated 
	   Cpus                 :                 1         1 
	   Disk (KB)            :      125        1   3035659 
	   Memory (MB)          :       54     2000      2000 

	Job terminated of its own accord at 2023-10-09T06:13:17Z.
...
