000 (15271413.095.000) 12/18 14:02:23 Job submitted from host: <188.184.90.241:9618?addrs=188.184.90.241-9618+[2001-1458-201-e4--100-2eb]-9618&alias=bigbird15.cern.ch&noUDP&sock=schedd_2763_c443>
...
040 (15271413.095.000) 12/18 14:06:22 Started transferring input files
	Transferring to host: <188.184.163.140:9618?addrs=188.184.163.140-9618+[2001-1458-301-4d--100-86]-9618&alias=b9s12p7349.cern.ch&noUDP&sock=slot1_17_125724_ae72_30374>
...
040 (15271413.095.000) 12/18 14:06:22 Finished transferring input files
...
001 (15271413.095.000) 12/18 14:06:23 Job executing on host: <188.184.163.140:9618?addrs=188.184.163.140-9618+[2001-1458-301-4d--100-86]-9618&alias=b9s12p7349.cern.ch&noUDP&sock=startd_115535_fa8b>
...
006 (15271413.095.000) 12/18 14:06:32 Image size of job updated: 514788
	503  -  MemoryUsage of job (MB)
	514788  -  ResidentSetSize of job (KB)
...
006 (15271413.095.000) 12/18 14:11:33 Image size of job updated: 841464
	822  -  MemoryUsage of job (MB)
	841464  -  ResidentSetSize of job (KB)
...
006 (15271413.095.000) 12/18 14:16:34 Image size of job updated: 1368580
	1337  -  MemoryUsage of job (MB)
	1368580  -  ResidentSetSize of job (KB)
...
040 (15271413.095.000) 12/18 14:19:13 Started transferring output files
...
040 (15271413.095.000) 12/18 14:19:13 Finished transferring output files
...
005 (15271413.095.000) 12/18 14:19:13 Job terminated.
	(1) Normal termination (return value 0)
		Usr 0 00:10:47, Sys 0 00:00:07  -  Run Remote Usage
		Usr 0 00:00:00, Sys 0 00:00:00  -  Run Local Usage
		Usr 0 00:10:47, Sys 0 00:00:07  -  Total Remote Usage
		Usr 0 00:00:00, Sys 0 00:00:00  -  Total Local Usage
	151299  -  Run Bytes Sent By Job
	269  -  Run Bytes Received By Job
	151299  -  Total Bytes Sent By Job
	269  -  Total Bytes Received By Job
	Partitionable Resources :    Usage  Request Allocated 
	   Cpus                 :     0.97        1         1 
	   Disk (KB)            :   192           1   2963445 
	   Memory (MB)          :  1337        2000      2000 

	Job terminated of its own accord at 2023-12-18T13:19:13Z.
...
