000 (14832095.068.000) 06/12 15:17:57 Job submitted from host: <188.184.90.241:9618?addrs=188.184.90.241-9618+[2001-1458-201-e4--100-2eb]-9618&alias=bigbird15.cern.ch&noUDP&sock=schedd_1460210_2ef4>
...
040 (14832095.068.000) 06/12 15:19:57 Started transferring input files
	Transferring to host: <188.184.162.224:9618?addrs=188.184.162.224-9618&alias=b7s11p8141.cern.ch&noUDP&sock=slot1_12_4804_9a3c_88815>
...
040 (14832095.068.000) 06/12 15:19:57 Finished transferring input files
...
001 (14832095.068.000) 06/12 15:19:58 Job executing on host: <188.184.162.224:9618?addrs=188.184.162.224-9618&alias=b7s11p8141.cern.ch&noUDP&sock=startd_3339_dad0>
...
006 (14832095.068.000) 06/12 15:20:07 Image size of job updated: 554124
	47  -  MemoryUsage of job (MB)
	47680  -  ResidentSetSize of job (KB)
...
006 (14832095.068.000) 06/12 15:25:08 Image size of job updated: 1433408
	875  -  MemoryUsage of job (MB)
	895288  -  ResidentSetSize of job (KB)
...
006 (14832095.068.000) 06/12 15:30:09 Image size of job updated: 1933464
	1338  -  MemoryUsage of job (MB)
	1369108  -  ResidentSetSize of job (KB)
...
006 (14832095.068.000) 06/12 15:35:09 Image size of job updated: 1958464
	1338  -  MemoryUsage of job (MB)
	1369108  -  ResidentSetSize of job (KB)
...
006 (14832095.068.000) 06/12 15:45:11 Image size of job updated: 4055340
	1338  -  MemoryUsage of job (MB)
	1369108  -  ResidentSetSize of job (KB)
...
006 (14832095.068.000) 06/12 15:55:12 Image size of job updated: 4337348
	1338  -  MemoryUsage of job (MB)
	1369108  -  ResidentSetSize of job (KB)
...
006 (14832095.068.000) 06/12 16:00:13 Image size of job updated: 4345888
	1338  -  MemoryUsage of job (MB)
	1369108  -  ResidentSetSize of job (KB)
...
006 (14832095.068.000) 06/12 16:05:13 Image size of job updated: 4408356
	1338  -  MemoryUsage of job (MB)
	1369108  -  ResidentSetSize of job (KB)
...
006 (14832095.068.000) 06/12 16:08:52 Image size of job updated: 4430076
	1338  -  MemoryUsage of job (MB)
	1369108  -  ResidentSetSize of job (KB)
...
040 (14832095.068.000) 06/12 16:08:52 Started transferring output files
...
040 (14832095.068.000) 06/12 16:08:52 Finished transferring output files
...
005 (14832095.068.000) 06/12 16:08:52 Job terminated.
	(1) Normal termination (return value 0)
		Usr 0 00:15:08, Sys 0 00:00:52  -  Run Remote Usage
		Usr 0 00:00:00, Sys 0 00:00:00  -  Run Local Usage
		Usr 0 00:15:08, Sys 0 00:00:52  -  Total Remote Usage
		Usr 0 00:00:00, Sys 0 00:00:00  -  Total Local Usage
	122526  -  Run Bytes Sent By Job
	323  -  Run Bytes Received By Job
	122526  -  Total Bytes Sent By Job
	323  -  Total Bytes Received By Job
	Partitionable Resources :    Usage  Request Allocated 
	   Cpus                 :     0.10        1         1 
	   Disk (KB)            :   140           1   2954474 
	   Memory (MB)          :  1338        2000      2000 

	Job terminated of its own accord at 2023-06-12T14:08:52Z.
...
