000 (15153696.103.000) 10/03 22:27:19 Job submitted from host: <188.184.90.241:9618?addrs=188.184.90.241-9618+[2001-1458-201-e4--100-2eb]-9618&alias=bigbird15.cern.ch&noUDP&sock=schedd_2763_c443>
...
040 (15153696.103.000) 10/03 22:30:53 Started transferring input files
	Transferring to host: <128.142.56.75:9618?addrs=128.142.56.75-9618+[2001-1458-301-6--100-4a]-9618&alias=b7s01p4222.cern.ch&noUDP&sock=slot1_10_3964_bf1a_36338>
...
040 (15153696.103.000) 10/03 22:30:53 Finished transferring input files
...
001 (15153696.103.000) 10/03 22:30:54 Job executing on host: <128.142.56.75:9618?addrs=128.142.56.75-9618+[2001-1458-301-6--100-4a]-9618&alias=b7s01p4222.cern.ch&noUDP&sock=startd_2709_ba26>
...
006 (15153696.103.000) 10/03 22:31:02 Image size of job updated: 906556
	117  -  MemoryUsage of job (MB)
	119688  -  ResidentSetSize of job (KB)
...
006 (15153696.103.000) 10/03 22:33:24 Image size of job updated: 915648
	117  -  MemoryUsage of job (MB)
	119688  -  ResidentSetSize of job (KB)
...
040 (15153696.103.000) 10/03 22:33:24 Started transferring output files
...
040 (15153696.103.000) 10/03 22:33:24 Finished transferring output files
...
005 (15153696.103.000) 10/03 22:33:24 Job terminated.
	(1) Normal termination (return value 0)
		Usr 0 00:00:06, Sys 0 00:00:00  -  Run Remote Usage
		Usr 0 00:00:00, Sys 0 00:00:00  -  Run Local Usage
		Usr 0 00:00:06, Sys 0 00:00:00  -  Total Remote Usage
		Usr 0 00:00:00, Sys 0 00:00:00  -  Total Local Usage
	7925  -  Run Bytes Sent By Job
	374  -  Run Bytes Received By Job
	7925  -  Total Bytes Sent By Job
	374  -  Total Bytes Received By Job
	Partitionable Resources :    Usage  Request Allocated 
	   Cpus                 :                 1         1 
	   Disk (KB)            :       22        1   1327845 
	   Memory (MB)          :      117     2000      2000 

	Job terminated of its own accord at 2023-10-03T20:33:24Z.
...
