000 (15151321.027.000) 10/02 14:58:31 Job submitted from host: <188.184.90.241:9618?addrs=188.184.90.241-9618+[2001-1458-201-e4--100-2eb]-9618&alias=bigbird15.cern.ch&noUDP&sock=schedd_2763_c443>
...
040 (15151321.027.000) 10/02 15:15:11 Started transferring input files
	Transferring to host: <128.142.61.52:9618?addrs=128.142.61.52-9618+[2001-1458-301-23--100-33]-9618&alias=b7s06p8124.cern.ch&noUDP&sock=slot1_9_4563_cbd3_305874>
...
040 (15151321.027.000) 10/02 15:15:11 Finished transferring input files
...
001 (15151321.027.000) 10/02 15:15:12 Job executing on host: <128.142.61.52:9618?addrs=128.142.61.52-9618+[2001-1458-301-23--100-33]-9618&alias=b7s06p8124.cern.ch&noUDP&sock=startd_3097_dce5>
...
006 (15151321.027.000) 10/02 15:15:20 Image size of job updated: 911332
	122  -  MemoryUsage of job (MB)
	124496  -  ResidentSetSize of job (KB)
...
006 (15151321.027.000) 10/02 15:17:49 Image size of job updated: 926968
	122  -  MemoryUsage of job (MB)
	124496  -  ResidentSetSize of job (KB)
...
040 (15151321.027.000) 10/02 15:17:49 Started transferring output files
...
040 (15151321.027.000) 10/02 15:17:49 Finished transferring output files
...
005 (15151321.027.000) 10/02 15:17:49 Job terminated.
	(1) Normal termination (return value 0)
		Usr 0 00:00:14, Sys 0 00:00:00  -  Run Remote Usage
		Usr 0 00:00:00, Sys 0 00:00:00  -  Run Local Usage
		Usr 0 00:00:14, Sys 0 00:00:00  -  Total Remote Usage
		Usr 0 00:00:00, Sys 0 00:00:00  -  Total Local Usage
	8005  -  Run Bytes Sent By Job
	374  -  Run Bytes Received By Job
	8005  -  Total Bytes Sent By Job
	374  -  Total Bytes Received By Job
	Partitionable Resources :    Usage  Request Allocated 
	   Cpus                 :                 1         1 
	   Disk (KB)            :       21        1   1294516 
	   Memory (MB)          :      122     2000      2000 

	Job terminated of its own accord at 2023-10-02T13:17:49Z.
...
