000 (15150662.088.000) 09/28 15:49:40 Job submitted from host: <188.184.90.241:9618?addrs=188.184.90.241-9618+[2001-1458-201-e4--100-2eb]-9618&alias=bigbird15.cern.ch&noUDP&sock=schedd_2763_c443>
...
040 (15150662.088.000) 09/28 16:01:16 Started transferring input files
	Transferring to host: <128.142.59.18:9618?addrs=128.142.59.18-9618+[2001-1458-301-21--100-11]-9618&alias=b7s04p4604.cern.ch&noUDP&sock=slot1_1_9199_470f_195790>
...
040 (15150662.088.000) 09/28 16:01:16 Finished transferring input files
...
001 (15150662.088.000) 09/28 16:01:17 Job executing on host: <128.142.59.18:9618?addrs=128.142.59.18-9618+[2001-1458-301-21--100-11]-9618&alias=b7s04p4604.cern.ch&noUDP&sock=startd_7413_47a6>
...
006 (15150662.088.000) 09/28 16:01:19 Image size of job updated: 684
	0  -  MemoryUsage of job (MB)
	0  -  ResidentSetSize of job (KB)
...
040 (15150662.088.000) 09/28 16:01:19 Started transferring output files
...
040 (15150662.088.000) 09/28 16:01:19 Finished transferring output files
...
005 (15150662.088.000) 09/28 16:01:19 Job terminated.
	(1) Normal termination (return value 0)
		Usr 0 00:00:00, Sys 0 00:00:00  -  Run Remote Usage
		Usr 0 00:00:00, Sys 0 00:00:00  -  Run Local Usage
		Usr 0 00:00:00, Sys 0 00:00:00  -  Total Remote Usage
		Usr 0 00:00:00, Sys 0 00:00:00  -  Total Local Usage
	7866  -  Run Bytes Sent By Job
	374  -  Run Bytes Received By Job
	7866  -  Total Bytes Sent By Job
	374  -  Total Bytes Received By Job
	Partitionable Resources :    Usage  Request Allocated 
	   Cpus                 :                 1         1 
	   Disk (KB)            :       22        1   1203051 
	   Memory (MB)          :        0     2000      2000 

	Job terminated of its own accord at 2023-09-28T14:01:19Z.
...
