000 (15155256.030.000) 10/07 14:35:52 Job submitted from host: <188.184.90.241:9618?addrs=188.184.90.241-9618+[2001-1458-201-e4--100-2eb]-9618&alias=bigbird15.cern.ch&noUDP&sock=schedd_2763_c443>
...
040 (15155256.030.000) 10/07 14:37:55 Started transferring input files
	Transferring to host: <128.142.59.152:9618?addrs=128.142.59.152-9618+[2001-1458-301-21--100-97]-9618&alias=b7s04p6329.cern.ch&noUDP&sock=slot1_14_6089_0051_204887>
...
040 (15155256.030.000) 10/07 14:37:55 Finished transferring input files
...
001 (15155256.030.000) 10/07 14:37:56 Job executing on host: <128.142.59.152:9618?addrs=128.142.59.152-9618+[2001-1458-301-21--100-97]-9618&alias=b7s04p6329.cern.ch&noUDP&sock=startd_5103_cfe0>
...
006 (15155256.030.000) 10/07 14:38:05 Image size of job updated: 533656
	51  -  MemoryUsage of job (MB)
	52004  -  ResidentSetSize of job (KB)
...
006 (15155256.030.000) 10/07 14:43:05 Image size of job updated: 1032916
	509  -  MemoryUsage of job (MB)
	521140  -  ResidentSetSize of job (KB)
...
006 (15155256.030.000) 10/07 14:48:05 Image size of job updated: 1070256
	509  -  MemoryUsage of job (MB)
	521140  -  ResidentSetSize of job (KB)
...
006 (15155256.030.000) 10/07 14:53:06 Image size of job updated: 3392348
	509  -  MemoryUsage of job (MB)
	521140  -  ResidentSetSize of job (KB)
...
006 (15155256.030.000) 10/07 14:57:52 Image size of job updated: 3455460
	509  -  MemoryUsage of job (MB)
	521140  -  ResidentSetSize of job (KB)
...
040 (15155256.030.000) 10/07 14:57:52 Started transferring output files
...
040 (15155256.030.000) 10/07 14:57:52 Finished transferring output files
...
005 (15155256.030.000) 10/07 14:57:52 Job terminated.
	(1) Normal termination (return value 0)
		Usr 0 00:09:32, Sys 0 00:00:16  -  Run Remote Usage
		Usr 0 00:00:00, Sys 0 00:00:00  -  Run Local Usage
		Usr 0 00:09:32, Sys 0 00:00:16  -  Total Remote Usage
		Usr 0 00:00:00, Sys 0 00:00:00  -  Total Local Usage
	73825  -  Run Bytes Sent By Job
	323  -  Run Bytes Received By Job
	73825  -  Total Bytes Sent By Job
	323  -  Total Bytes Received By Job
	Partitionable Resources :    Usage  Request Allocated 
	   Cpus                 :     0.96        1         1 
	   Disk (KB)            :    94           1   1257167 
	   Memory (MB)          :   509        2000      2000 

	Job terminated of its own accord at 2023-10-07T12:57:52Z.
...
