000 (15150655.118.000) 09/28 15:00:14 Job submitted from host: <188.184.90.241:9618?addrs=188.184.90.241-9618+[2001-1458-201-e4--100-2eb]-9618&alias=bigbird15.cern.ch&noUDP&sock=schedd_2763_c443>
...
040 (15150655.118.000) 09/28 15:03:21 Started transferring input files
	Transferring to host: <188.184.163.39:9618?addrs=188.184.163.39-9618+[2001-1458-301-4d--100-21]-9618&alias=b7s12p1233.cern.ch&noUDP&sock=slot1_21_252374_1050_8895>
...
040 (15150655.118.000) 09/28 15:03:21 Finished transferring input files
...
001 (15150655.118.000) 09/28 15:03:22 Job executing on host: <188.184.163.39:9618?addrs=188.184.163.39-9618+[2001-1458-301-4d--100-21]-9618&alias=b7s12p1233.cern.ch&noUDP&sock=startd_3303_2968>
...
006 (15150655.118.000) 09/28 15:03:31 Image size of job updated: 910040
	120  -  MemoryUsage of job (MB)
	122400  -  ResidentSetSize of job (KB)
...
006 (15150655.118.000) 09/28 15:05:24 Image size of job updated: 920528
	120  -  MemoryUsage of job (MB)
	122400  -  ResidentSetSize of job (KB)
...
040 (15150655.118.000) 09/28 15:05:24 Started transferring output files
...
040 (15150655.118.000) 09/28 15:05:24 Finished transferring output files
...
005 (15150655.118.000) 09/28 15:05:24 Job terminated.
	(1) Normal termination (return value 0)
		Usr 0 00:00:12, Sys 0 00:00:00  -  Run Remote Usage
		Usr 0 00:00:00, Sys 0 00:00:00  -  Run Local Usage
		Usr 0 00:00:12, Sys 0 00:00:00  -  Total Remote Usage
		Usr 0 00:00:00, Sys 0 00:00:00  -  Total Local Usage
	7874  -  Run Bytes Sent By Job
	374  -  Run Bytes Received By Job
	7874  -  Total Bytes Sent By Job
	374  -  Total Bytes Received By Job
	Partitionable Resources :    Usage  Request Allocated 
	   Cpus                 :                 1         1 
	   Disk (KB)            :       21        1   2901143 
	   Memory (MB)          :      120     2000      2000 

	Job terminated of its own accord at 2023-09-28T13:05:24Z.
...
