000 (14808124.019.000) 05/19 04:24:07 Job submitted from host: <188.184.90.241:9618?addrs=188.184.90.241-9618+[2001-1458-201-e4--100-2eb]-9618&alias=bigbird15.cern.ch&noUDP&sock=schedd_3273_9590>
...
040 (14808124.019.000) 05/19 04:35:46 Started transferring input files
	Transferring to host: <128.142.196.50:9618?addrs=128.142.196.50-9618+[2001-1458-301-3c--100-30]-9618&alias=b7g32p0459.cern.ch&noUDP&sock=slot1_7_4728_0db9_33799>
...
040 (14808124.019.000) 05/19 04:35:46 Finished transferring input files
...
001 (14808124.019.000) 05/19 04:35:47 Job executing on host: <128.142.196.50:9618?addrs=128.142.196.50-9618+[2001-1458-301-3c--100-30]-9618&alias=b7g32p0459.cern.ch&noUDP&sock=startd_3387_c75c>
...
006 (14808124.019.000) 05/19 04:35:55 Image size of job updated: 233904
	229  -  MemoryUsage of job (MB)
	233772  -  ResidentSetSize of job (KB)
...
006 (14808124.019.000) 05/19 04:37:26 Image size of job updated: 1438020
	229  -  MemoryUsage of job (MB)
	233772  -  ResidentSetSize of job (KB)
...
040 (14808124.019.000) 05/19 04:37:26 Started transferring output files
...
040 (14808124.019.000) 05/19 04:37:26 Finished transferring output files
...
005 (14808124.019.000) 05/19 04:37:26 Job terminated.
	(1) Normal termination (return value 0)
		Usr 0 00:00:42, Sys 0 00:00:02  -  Run Remote Usage
		Usr 0 00:00:00, Sys 0 00:00:00  -  Run Local Usage
		Usr 0 00:00:42, Sys 0 00:00:02  -  Total Remote Usage
		Usr 0 00:00:00, Sys 0 00:00:00  -  Total Local Usage
	96785  -  Run Bytes Sent By Job
	269  -  Run Bytes Received By Job
	96785  -  Total Bytes Sent By Job
	269  -  Total Bytes Received By Job
	Partitionable Resources :    Usage  Request Allocated 
	   Cpus                 :     0.86        1         1 
	   Disk (KB)            :   115           1   2969452 
	   Memory (MB)          :   229        2000      2000 

	Job terminated of its own accord at 2023-05-19T02:37:26Z.
...
