000 (14807135.007.000) 05/13 19:23:40 Job submitted from host: <188.184.90.241:9618?addrs=188.184.90.241-9618+[2001-1458-201-e4--100-2eb]-9618&alias=bigbird15.cern.ch&noUDP&sock=schedd_3273_9590>
...
040 (14807135.007.000) 05/13 19:35:08 Started transferring input files
	Transferring to host: <188.184.163.31:9618?addrs=188.184.163.31-9618+[2001-1458-301-4d--100-19]-9618&alias=b7s12p2549.cern.ch&noUDP&sock=slot1_15_3672_018e_88865>
...
040 (14807135.007.000) 05/13 19:35:08 Finished transferring input files
...
001 (14807135.007.000) 05/13 19:35:09 Job executing on host: <188.184.163.31:9618?addrs=188.184.163.31-9618+[2001-1458-301-4d--100-19]-9618&alias=b7s12p2549.cern.ch&noUDP&sock=startd_2924_3303>
...
006 (14807135.007.000) 05/13 19:35:18 Image size of job updated: 48608
	47  -  MemoryUsage of job (MB)
	47964  -  ResidentSetSize of job (KB)
...
006 (14807135.007.000) 05/13 19:40:19 Image size of job updated: 2042024
	1547  -  MemoryUsage of job (MB)
	1583124  -  ResidentSetSize of job (KB)
...
006 (14807135.007.000) 05/13 19:45:20 Image size of job updated: 2747488
	2163  -  MemoryUsage of job (MB)
	2214548  -  ResidentSetSize of job (KB)
...
006 (14807135.007.000) 05/13 19:50:20 Image size of job updated: 2873604
	2163  -  MemoryUsage of job (MB)
	2214548  -  ResidentSetSize of job (KB)
...
040 (14807135.007.000) 05/13 19:55:22 Started transferring output files
...
040 (14807135.007.000) 05/13 19:55:22 Finished transferring output files
...
009 (14807135.007.000) 05/13 19:55:22 Job was aborted.
	Job removed by SYSTEM_PERIODIC_REMOVE due to wall time exceeded allowed max.
...
