000 (14808124.013.000) 05/19 04:24:07 Job submitted from host: <188.184.90.241:9618?addrs=188.184.90.241-9618+[2001-1458-201-e4--100-2eb]-9618&alias=bigbird15.cern.ch&noUDP&sock=schedd_3273_9590>
...
040 (14808124.013.000) 05/19 04:35:44 Started transferring input files
	Transferring to host: <128.142.58.30:9618?addrs=128.142.58.30-9618+[2001-1458-301-16--100-1d]-9618&alias=b7s03p2859.cern.ch&noUDP&sock=slot1_17_3838_f7d5_33612>
...
040 (14808124.013.000) 05/19 04:35:44 Finished transferring input files
...
001 (14808124.013.000) 05/19 04:35:45 Job executing on host: <128.142.58.30:9618?addrs=128.142.58.30-9618+[2001-1458-301-16--100-1d]-9618&alias=b7s03p2859.cern.ch&noUDP&sock=startd_2843_a3d7>
...
006 (14808124.013.000) 05/19 04:35:54 Image size of job updated: 47936
	47  -  MemoryUsage of job (MB)
	47816  -  ResidentSetSize of job (KB)
...
006 (14808124.013.000) 05/19 04:40:48 Image size of job updated: 4596504
	47  -  MemoryUsage of job (MB)
	47816  -  ResidentSetSize of job (KB)
...
040 (14808124.013.000) 05/19 04:40:48 Started transferring output files
...
040 (14808124.013.000) 05/19 04:40:48 Finished transferring output files
...
005 (14808124.013.000) 05/19 04:40:48 Job terminated.
	(1) Normal termination (return value 0)
		Usr 0 00:03:15, Sys 0 00:00:09  -  Run Remote Usage
		Usr 0 00:00:00, Sys 0 00:00:00  -  Run Local Usage
		Usr 0 00:03:15, Sys 0 00:00:09  -  Total Remote Usage
		Usr 0 00:00:00, Sys 0 00:00:00  -  Total Local Usage
	351932  -  Run Bytes Sent By Job
	269  -  Run Bytes Received By Job
	351932  -  Total Bytes Sent By Job
	269  -  Total Bytes Received By Job
	Partitionable Resources :    Usage  Request Allocated 
	   Cpus                 :                 1         1 
	   Disk (KB)            :      357        1   1366917 
	   Memory (MB)          :       47     2000      2000 

	Job terminated of its own accord at 2023-05-19T02:40:48Z.
...
