000 (15148591.044.000) 09/26 23:15:32 Job submitted from host: <188.184.90.241:9618?addrs=188.184.90.241-9618+[2001-1458-201-e4--100-2eb]-9618&alias=bigbird15.cern.ch&noUDP&sock=schedd_2763_c443>
...
040 (15148591.044.000) 09/26 23:30:32 Started transferring input files
	Transferring to host: <188.184.162.199:9618?addrs=188.184.162.199-9618+[2001-1458-301-4a--100-c1]-9618&alias=b7s11p6748.cern.ch&noUDP&sock=slot1_14_3804_0314_218532>
...
040 (15148591.044.000) 09/26 23:30:32 Finished transferring input files
...
001 (15148591.044.000) 09/26 23:30:33 Job executing on host: <188.184.162.199:9618?addrs=188.184.162.199-9618+[2001-1458-301-4a--100-c1]-9618&alias=b7s11p6748.cern.ch&noUDP&sock=startd_3010_3028>
...
006 (15148591.044.000) 09/26 23:30:42 Image size of job updated: 57440
	54  -  MemoryUsage of job (MB)
	54992  -  ResidentSetSize of job (KB)
...
006 (15148591.044.000) 09/26 23:35:42 Image size of job updated: 1002588
	456  -  MemoryUsage of job (MB)
	466452  -  ResidentSetSize of job (KB)
...
006 (15148591.044.000) 09/26 23:40:42 Image size of job updated: 1336972
	805  -  MemoryUsage of job (MB)
	824068  -  ResidentSetSize of job (KB)
...
006 (15148591.044.000) 09/26 23:45:43 Image size of job updated: 1512036
	805  -  MemoryUsage of job (MB)
	824068  -  ResidentSetSize of job (KB)
...
006 (15148591.044.000) 09/26 23:50:44 Image size of job updated: 1575324
	805  -  MemoryUsage of job (MB)
	824068  -  ResidentSetSize of job (KB)
...
006 (15148591.044.000) 09/27 00:00:45 Image size of job updated: 4186928
	805  -  MemoryUsage of job (MB)
	824068  -  ResidentSetSize of job (KB)
...
006 (15148591.044.000) 09/27 00:05:46 Image size of job updated: 4466864
	805  -  MemoryUsage of job (MB)
	824068  -  ResidentSetSize of job (KB)
...
006 (15148591.044.000) 09/27 00:10:46 Image size of job updated: 4501096
	805  -  MemoryUsage of job (MB)
	824068  -  ResidentSetSize of job (KB)
...
006 (15148591.044.000) 09/27 00:15:46 Image size of job updated: 4554156
	805  -  MemoryUsage of job (MB)
	824068  -  ResidentSetSize of job (KB)
...
006 (15148591.044.000) 09/27 00:17:29 Image size of job updated: 4564784
	805  -  MemoryUsage of job (MB)
	824068  -  ResidentSetSize of job (KB)
...
040 (15148591.044.000) 09/27 00:17:29 Started transferring output files
...
040 (15148591.044.000) 09/27 00:17:29 Finished transferring output files
...
005 (15148591.044.000) 09/27 00:17:29 Job terminated.
	(1) Normal termination (return value 0)
		Usr 0 00:22:29, Sys 0 00:00:40  -  Run Remote Usage
		Usr 0 00:00:00, Sys 0 00:00:00  -  Run Local Usage
		Usr 0 00:22:29, Sys 0 00:00:40  -  Total Remote Usage
		Usr 0 00:00:00, Sys 0 00:00:00  -  Total Local Usage
	101131  -  Run Bytes Sent By Job
	323  -  Run Bytes Received By Job
	101131  -  Total Bytes Sent By Job
	323  -  Total Bytes Received By Job
	Partitionable Resources :    Usage  Request Allocated 
	   Cpus                 :     0.99        1         1 
	   Disk (KB)            :   120           1   2955788 
	   Memory (MB)          :   805        2000      2000 

	Job terminated of its own accord at 2023-09-26T22:17:29Z.
...
