000 (15149098.047.000) 09/27 08:23:39 Job submitted from host: <188.184.90.241:9618?addrs=188.184.90.241-9618+[2001-1458-201-e4--100-2eb]-9618&alias=bigbird15.cern.ch&noUDP&sock=schedd_2763_c443>
...
040 (15149098.047.000) 09/27 08:40:30 Started transferring input files
	Transferring to host: <128.142.61.145:9618?addrs=128.142.61.145-9618+[2001-1458-301-23--100-90]-9618&alias=b7s06p8186.cern.ch&noUDP&sock=slot1_18_45745_3d9d_14153>
...
040 (15149098.047.000) 09/27 08:40:30 Finished transferring input files
...
001 (15149098.047.000) 09/27 08:40:31 Job executing on host: <128.142.61.145:9618?addrs=128.142.61.145-9618+[2001-1458-301-23--100-90]-9618&alias=b7s06p8186.cern.ch&noUDP&sock=startd_3169_3fb7>
...
006 (15149098.047.000) 09/27 08:40:39 Image size of job updated: 565344
	51  -  MemoryUsage of job (MB)
	51368  -  ResidentSetSize of job (KB)
...
006 (15149098.047.000) 09/27 08:45:39 Image size of job updated: 1150168
	617  -  MemoryUsage of job (MB)
	631332  -  ResidentSetSize of job (KB)
...
006 (15149098.047.000) 09/27 08:50:40 Image size of job updated: 1154368
	617  -  MemoryUsage of job (MB)
	631332  -  ResidentSetSize of job (KB)
...
006 (15149098.047.000) 09/27 08:55:40 Image size of job updated: 3892424
	617  -  MemoryUsage of job (MB)
	631332  -  ResidentSetSize of job (KB)
...
006 (15149098.047.000) 09/27 08:58:02 Image size of job updated: 3944656
	617  -  MemoryUsage of job (MB)
	631332  -  ResidentSetSize of job (KB)
...
040 (15149098.047.000) 09/27 08:58:03 Started transferring output files
...
040 (15149098.047.000) 09/27 08:58:03 Finished transferring output files
...
005 (15149098.047.000) 09/27 08:58:03 Job terminated.
	(1) Normal termination (return value 0)
		Usr 0 00:08:43, Sys 0 00:00:15  -  Run Remote Usage
		Usr 0 00:00:00, Sys 0 00:00:00  -  Run Local Usage
		Usr 0 00:08:43, Sys 0 00:00:15  -  Total Remote Usage
		Usr 0 00:00:00, Sys 0 00:00:00  -  Total Local Usage
	84390  -  Run Bytes Sent By Job
	323  -  Run Bytes Received By Job
	84390  -  Total Bytes Sent By Job
	323  -  Total Bytes Received By Job
	Partitionable Resources :    Usage  Request Allocated 
	   Cpus                 :     0.11        1         1 
	   Disk (KB)            :   104           1   1221055 
	   Memory (MB)          :   617        2000      2000 

	Job terminated of its own accord at 2023-09-27T06:58:02Z.
...
