000 (14807221.008.000) 05/14 12:38:57 Job submitted from host: <188.184.90.241:9618?addrs=188.184.90.241-9618+[2001-1458-201-e4--100-2eb]-9618&alias=bigbird15.cern.ch&noUDP&sock=schedd_3273_9590>
...
040 (14807221.008.000) 05/14 12:50:03 Started transferring input files
	Transferring to host: <128.142.60.91:9618?addrs=128.142.60.91-9618+[2001-1458-301-22--100-5a]-9618&alias=b7s05p9425.cern.ch&noUDP&sock=slot1_18_11980_be60_31847>
...
040 (14807221.008.000) 05/14 12:50:03 Finished transferring input files
...
001 (14807221.008.000) 05/14 12:50:04 Job executing on host: <128.142.60.91:9618?addrs=128.142.60.91-9618+[2001-1458-301-22--100-5a]-9618&alias=b7s05p9425.cern.ch&noUDP&sock=startd_11717_7745>
...
006 (14807221.008.000) 05/14 12:50:13 Image size of job updated: 554116
	47  -  MemoryUsage of job (MB)
	47684  -  ResidentSetSize of job (KB)
...
006 (14807221.008.000) 05/14 12:55:14 Image size of job updated: 1797664
	1209  -  MemoryUsage of job (MB)
	1237864  -  ResidentSetSize of job (KB)
...
006 (14807221.008.000) 05/14 13:05:14 Image size of job updated: 4104668
	1209  -  MemoryUsage of job (MB)
	1237864  -  ResidentSetSize of job (KB)
...
006 (14807221.008.000) 05/14 13:10:15 Image size of job updated: 4393068
	1209  -  MemoryUsage of job (MB)
	1237864  -  ResidentSetSize of job (KB)
...
006 (14807221.008.000) 05/14 13:15:16 Image size of job updated: 4469984
	1209  -  MemoryUsage of job (MB)
	1237864  -  ResidentSetSize of job (KB)
...
006 (14807221.008.000) 05/14 13:20:16 Image size of job updated: 4483104
	1209  -  MemoryUsage of job (MB)
	1237864  -  ResidentSetSize of job (KB)
...
006 (14807221.008.000) 05/14 13:20:34 Image size of job updated: 4487740
	1209  -  MemoryUsage of job (MB)
	1237864  -  ResidentSetSize of job (KB)
...
040 (14807221.008.000) 05/14 13:20:34 Started transferring output files
...
040 (14807221.008.000) 05/14 13:20:34 Finished transferring output files
...
005 (14807221.008.000) 05/14 13:20:34 Job terminated.
	(1) Normal termination (return value 0)
		Usr 0 00:06:40, Sys 0 00:00:29  -  Run Remote Usage
		Usr 0 00:00:00, Sys 0 00:00:00  -  Run Local Usage
		Usr 0 00:06:40, Sys 0 00:00:29  -  Total Remote Usage
		Usr 0 00:00:00, Sys 0 00:00:00  -  Total Local Usage
	102057  -  Run Bytes Sent By Job
	323  -  Run Bytes Received By Job
	102057  -  Total Bytes Sent By Job
	323  -  Total Bytes Received By Job
	Partitionable Resources :    Usage  Request Allocated 
	   Cpus                 :     0.99        1         1 
	   Disk (KB)            :   121           1   2906134 
	   Memory (MB)          :  1209        2000      2000 

	Job terminated of its own accord at 2023-05-14T11:20:34Z.
...
