000 (15155256.028.000) 10/07 14:35:52 Job submitted from host: <188.184.90.241:9618?addrs=188.184.90.241-9618+[2001-1458-201-e4--100-2eb]-9618&alias=bigbird15.cern.ch&noUDP&sock=schedd_2763_c443>
...
040 (15155256.028.000) 10/07 14:37:55 Started transferring input files
	Transferring to host: <128.142.56.90:9618?addrs=128.142.56.90-9618+[2001-1458-301-6--100-59]-9618&alias=b7s01p9716.cern.ch&noUDP&sock=slot1_18_21821_9e50_94384>
...
040 (15155256.028.000) 10/07 14:37:55 Finished transferring input files
...
001 (15155256.028.000) 10/07 14:37:56 Job executing on host: <128.142.56.90:9618?addrs=128.142.56.90-9618+[2001-1458-301-6--100-59]-9618&alias=b7s01p9716.cern.ch&noUDP&sock=startd_4478_1d2f>
...
006 (15155256.028.000) 10/07 14:38:05 Image size of job updated: 565140
	51  -  MemoryUsage of job (MB)
	52108  -  ResidentSetSize of job (KB)
...
006 (15155256.028.000) 10/07 14:43:05 Image size of job updated: 1063880
	515  -  MemoryUsage of job (MB)
	526632  -  ResidentSetSize of job (KB)
...
006 (15155256.028.000) 10/07 14:48:05 Image size of job updated: 3210984
	515  -  MemoryUsage of job (MB)
	526632  -  ResidentSetSize of job (KB)
...
006 (15155256.028.000) 10/07 14:53:06 Image size of job updated: 3428192
	515  -  MemoryUsage of job (MB)
	526632  -  ResidentSetSize of job (KB)
...
006 (15155256.028.000) 10/07 14:55:46 Image size of job updated: 3447904
	515  -  MemoryUsage of job (MB)
	526632  -  ResidentSetSize of job (KB)
...
040 (15155256.028.000) 10/07 14:55:46 Started transferring output files
...
040 (15155256.028.000) 10/07 14:55:46 Finished transferring output files
...
005 (15155256.028.000) 10/07 14:55:46 Job terminated.
	(1) Normal termination (return value 0)
		Usr 0 00:08:06, Sys 0 00:00:15  -  Run Remote Usage
		Usr 0 00:00:00, Sys 0 00:00:00  -  Run Local Usage
		Usr 0 00:08:06, Sys 0 00:00:15  -  Total Remote Usage
		Usr 0 00:00:00, Sys 0 00:00:00  -  Total Local Usage
	71463  -  Run Bytes Sent By Job
	323  -  Run Bytes Received By Job
	71463  -  Total Bytes Sent By Job
	323  -  Total Bytes Received By Job
	Partitionable Resources :    Usage  Request Allocated 
	   Cpus                 :        0        1         1 
	   Disk (KB)            :       91        1   1226677 
	   Memory (MB)          :      515     2000      2000 

	Job terminated of its own accord at 2023-10-07T12:55:46Z.
...
