000 (15155271.019.000) 10/07 16:55:47 Job submitted from host: <188.184.90.241:9618?addrs=188.184.90.241-9618+[2001-1458-201-e4--100-2eb]-9618&alias=bigbird15.cern.ch&noUDP&sock=schedd_2763_c443>
...
040 (15155271.019.000) 10/07 17:06:04 Started transferring input files
	Transferring to host: <128.142.61.96:9618?addrs=128.142.61.96-9618+[2001-1458-301-23--100-5f]-9618&alias=b7s06p7602.cern.ch&noUDP&sock=slot1_7_12717_06de_37997>
...
040 (15155271.019.000) 10/07 17:06:04 Finished transferring input files
...
001 (15155271.019.000) 10/07 17:06:05 Job executing on host: <128.142.61.96:9618?addrs=128.142.61.96-9618+[2001-1458-301-23--100-5f]-9618&alias=b7s06p7602.cern.ch&noUDP&sock=startd_18882_0f58>
...
006 (15155271.019.000) 10/07 17:06:14 Image size of job updated: 621744
	52  -  MemoryUsage of job (MB)
	53188  -  ResidentSetSize of job (KB)
...
006 (15155271.019.000) 10/07 17:11:14 Image size of job updated: 1016768
	459  -  MemoryUsage of job (MB)
	469664  -  ResidentSetSize of job (KB)
...
006 (15155271.019.000) 10/07 17:16:14 Image size of job updated: 1173180
	459  -  MemoryUsage of job (MB)
	469664  -  ResidentSetSize of job (KB)
...
006 (15155271.019.000) 10/07 17:26:15 Image size of job updated: 3627792
	459  -  MemoryUsage of job (MB)
	469664  -  ResidentSetSize of job (KB)
...
006 (15155271.019.000) 10/07 17:31:16 Image size of job updated: 3833628
	459  -  MemoryUsage of job (MB)
	469664  -  ResidentSetSize of job (KB)
...
006 (15155271.019.000) 10/07 17:36:17 Image size of job updated: 3889632
	495  -  MemoryUsage of job (MB)
	506232  -  ResidentSetSize of job (KB)
...
006 (15155271.019.000) 10/07 17:41:17 Image size of job updated: 3906848
	515  -  MemoryUsage of job (MB)
	526404  -  ResidentSetSize of job (KB)
...
040 (15155271.019.000) 10/07 17:41:20 Started transferring output files
...
040 (15155271.019.000) 10/07 17:41:20 Finished transferring output files
...
005 (15155271.019.000) 10/07 17:41:20 Job terminated.
	(1) Normal termination (return value 0)
		Usr 0 00:10:25, Sys 0 00:00:18  -  Run Remote Usage
		Usr 0 00:00:00, Sys 0 00:00:00  -  Run Local Usage
		Usr 0 00:10:25, Sys 0 00:00:18  -  Total Remote Usage
		Usr 0 00:00:00, Sys 0 00:00:00  -  Total Local Usage
	85959  -  Run Bytes Sent By Job
	323  -  Run Bytes Received By Job
	85959  -  Total Bytes Sent By Job
	323  -  Total Bytes Received By Job
	Partitionable Resources :    Usage  Request Allocated 
	   Cpus                 :        0        1         1 
	   Disk (KB)            :      105        1   1102740 
	   Memory (MB)          :      515     2000      2000 

	Job terminated of its own accord at 2023-10-07T15:41:20Z.
...
