000 (15159743.077.000) 10/09 07:56:33 Job submitted from host: <188.184.90.241:9618?addrs=188.184.90.241-9618+[2001-1458-201-e4--100-2eb]-9618&alias=bigbird15.cern.ch&noUDP&sock=schedd_2763_c443>
...
040 (15159743.077.000) 10/09 08:10:00 Started transferring input files
	Transferring to host: <128.142.132.150:9618?addrs=128.142.132.150-9618+[2001-1458-301-5a--100-8a]-9618&alias=b7g12p4982.cern.ch&noUDP&sock=slot1_5_5096_57c8_89374>
...
040 (15159743.077.000) 10/09 08:10:00 Finished transferring input files
...
001 (15159743.077.000) 10/09 08:10:01 Job executing on host: <128.142.132.150:9618?addrs=128.142.132.150-9618+[2001-1458-301-5a--100-8a]-9618&alias=b7g12p4982.cern.ch&noUDP&sock=startd_4577_0510>
...
006 (15159743.077.000) 10/09 08:10:09 Image size of job updated: 81644
	50  -  MemoryUsage of job (MB)
	51088  -  ResidentSetSize of job (KB)
...
006 (15159743.077.000) 10/09 08:15:09 Image size of job updated: 889644
	393  -  MemoryUsage of job (MB)
	402096  -  ResidentSetSize of job (KB)
...
006 (15159743.077.000) 10/09 08:20:10 Image size of job updated: 1099244
	576  -  MemoryUsage of job (MB)
	589640  -  ResidentSetSize of job (KB)
...
006 (15159743.077.000) 10/09 08:25:11 Image size of job updated: 3059820
	2482  -  MemoryUsage of job (MB)
	2541420  -  ResidentSetSize of job (KB)
...
006 (15159743.077.000) 10/09 08:27:19 Image size of job updated: 3518084
	2482  -  MemoryUsage of job (MB)
	2541420  -  ResidentSetSize of job (KB)
...
040 (15159743.077.000) 10/09 08:27:19 Started transferring output files
...
040 (15159743.077.000) 10/09 08:27:19 Finished transferring output files
...
005 (15159743.077.000) 10/09 08:27:19 Job terminated.
	(1) Normal termination (return value 0)
		Usr 0 00:15:05, Sys 0 00:00:17  -  Run Remote Usage
		Usr 0 00:00:00, Sys 0 00:00:00  -  Run Local Usage
		Usr 0 00:15:05, Sys 0 00:00:17  -  Total Remote Usage
		Usr 0 00:00:00, Sys 0 00:00:00  -  Total Local Usage
	190944  -  Run Bytes Sent By Job
	269  -  Run Bytes Received By Job
	190944  -  Total Bytes Sent By Job
	269  -  Total Bytes Received By Job
	Partitionable Resources :    Usage  Request Allocated 
	   Cpus                 :     1.00        1         1 
	   Disk (KB)            :   208           1   1664025 
	   Memory (MB)          :  2482        2000      2000 

	Job terminated of its own accord at 2023-10-09T06:27:19Z.
...
