000 (15150662.007.000) 09/28 15:49:40 Job submitted from host: <188.184.90.241:9618?addrs=188.184.90.241-9618+[2001-1458-201-e4--100-2eb]-9618&alias=bigbird15.cern.ch&noUDP&sock=schedd_2763_c443>
...
040 (15150662.007.000) 09/28 16:00:50 Started transferring input files
	Transferring to host: <128.142.60.74:9618?addrs=128.142.60.74-9618+[2001-1458-301-22--100-49]-9618&alias=b7s05p7174.cern.ch&noUDP&sock=slot1_10_4097_7500_192294>
...
040 (15150662.007.000) 09/28 16:00:50 Finished transferring input files
...
001 (15150662.007.000) 09/28 16:00:51 Job executing on host: <128.142.60.74:9618?addrs=128.142.60.74-9618+[2001-1458-301-22--100-49]-9618&alias=b7s05p7174.cern.ch&noUDP&sock=startd_2892_3ffb>
...
006 (15150662.007.000) 09/28 16:01:00 Image size of job updated: 134748
	130  -  MemoryUsage of job (MB)
	132468  -  ResidentSetSize of job (KB)
...
006 (15150662.007.000) 09/28 16:02:26 Image size of job updated: 921852
	130  -  MemoryUsage of job (MB)
	132468  -  ResidentSetSize of job (KB)
...
040 (15150662.007.000) 09/28 16:02:26 Started transferring output files
...
040 (15150662.007.000) 09/28 16:02:26 Finished transferring output files
...
005 (15150662.007.000) 09/28 16:02:26 Job terminated.
	(1) Normal termination (return value 0)
		Usr 0 00:00:06, Sys 0 00:00:00  -  Run Remote Usage
		Usr 0 00:00:00, Sys 0 00:00:00  -  Run Local Usage
		Usr 0 00:00:06, Sys 0 00:00:00  -  Total Remote Usage
		Usr 0 00:00:00, Sys 0 00:00:00  -  Total Local Usage
	8495  -  Run Bytes Sent By Job
	374  -  Run Bytes Received By Job
	8495  -  Total Bytes Sent By Job
	374  -  Total Bytes Received By Job
	Partitionable Resources :    Usage  Request Allocated 
	   Cpus                 :                 1         1 
	   Disk (KB)            :       22        1   1332574 
	   Memory (MB)          :      130     2000      2000 

	Job terminated of its own accord at 2023-09-28T14:02:26Z.
...
