000 (15151337.016.000) 10/02 16:23:27 Job submitted from host: <188.184.90.241:9618?addrs=188.184.90.241-9618+[2001-1458-201-e4--100-2eb]-9618&alias=bigbird15.cern.ch&noUDP&sock=schedd_2763_c443>
...
040 (15151337.016.000) 10/02 16:27:08 Started transferring input files
	Transferring to host: <128.142.137.193:9618?addrs=128.142.137.193-9618+[2001-1458-301-5e--100-b5]-9618&alias=b7g19p6711.cern.ch&noUDP&sock=slot1_9_5826_b1a6_41822>
...
040 (15151337.016.000) 10/02 16:27:08 Finished transferring input files
...
001 (15151337.016.000) 10/02 16:27:09 Job executing on host: <128.142.137.193:9618?addrs=128.142.137.193-9618+[2001-1458-301-5e--100-b5]-9618&alias=b7g19p6711.cern.ch&noUDP&sock=startd_5788_aa40>
...
006 (15151337.016.000) 10/02 16:27:18 Image size of job updated: 565124
	50  -  MemoryUsage of job (MB)
	51024  -  ResidentSetSize of job (KB)
...
006 (15151337.016.000) 10/02 16:32:20 Image size of job updated: 851324
	58  -  MemoryUsage of job (MB)
	59120  -  ResidentSetSize of job (KB)
...
006 (15151337.016.000) 10/02 16:37:20 Image size of job updated: 3548440
	135  -  MemoryUsage of job (MB)
	137460  -  ResidentSetSize of job (KB)
...
006 (15151337.016.000) 10/02 16:42:20 Image size of job updated: 3589720
	175  -  MemoryUsage of job (MB)
	178504  -  ResidentSetSize of job (KB)
...
006 (15151337.016.000) 10/02 16:47:21 Image size of job updated: 3791456
	373  -  MemoryUsage of job (MB)
	381468  -  ResidentSetSize of job (KB)
...
006 (15151337.016.000) 10/02 16:52:22 Image size of job updated: 3793956
	375  -  MemoryUsage of job (MB)
	383968  -  ResidentSetSize of job (KB)
...
006 (15151337.016.000) 10/02 16:57:22 Image size of job updated: 3796552
	381  -  MemoryUsage of job (MB)
	389200  -  ResidentSetSize of job (KB)
...
006 (15151337.016.000) 10/02 17:02:22 Image size of job updated: 3852040
	433  -  MemoryUsage of job (MB)
	443104  -  ResidentSetSize of job (KB)
...
006 (15151337.016.000) 10/02 17:07:13 Image size of job updated: 3870720
	433  -  MemoryUsage of job (MB)
	443104  -  ResidentSetSize of job (KB)
...
040 (15151337.016.000) 10/02 17:07:13 Started transferring output files
...
040 (15151337.016.000) 10/02 17:07:13 Finished transferring output files
...
005 (15151337.016.000) 10/02 17:07:13 Job terminated.
	(1) Normal termination (return value 0)
		Usr 0 00:06:19, Sys 0 00:00:10  -  Run Remote Usage
		Usr 0 00:00:00, Sys 0 00:00:00  -  Run Local Usage
		Usr 0 00:06:19, Sys 0 00:00:10  -  Total Remote Usage
		Usr 0 00:00:00, Sys 0 00:00:00  -  Total Local Usage
	70127  -  Run Bytes Sent By Job
	323  -  Run Bytes Received By Job
	70127  -  Total Bytes Sent By Job
	323  -  Total Bytes Received By Job
	Partitionable Resources :    Usage  Request Allocated 
	   Cpus                 :     0.79        1         1 
	   Disk (KB)            :    90           1   1614329 
	   Memory (MB)          :   433        2000      2000 

	Job terminated of its own accord at 2023-10-02T15:07:13Z.
...
