000 (15155256.015.000) 10/07 14:35:52 Job submitted from host: <188.184.90.241:9618?addrs=188.184.90.241-9618+[2001-1458-201-e4--100-2eb]-9618&alias=bigbird15.cern.ch&noUDP&sock=schedd_2763_c443>
...
040 (15155256.015.000) 10/07 14:37:50 Started transferring input files
	Transferring to host: <128.142.56.108:9618?addrs=128.142.56.108-9618+[2001-1458-301-6--100-6b]-9618&alias=b7s01p9025.cern.ch&noUDP&sock=slot1_26_3915_38b8_203701>
...
040 (15155256.015.000) 10/07 14:37:50 Finished transferring input files
...
001 (15155256.015.000) 10/07 14:37:51 Job executing on host: <128.142.56.108:9618?addrs=128.142.56.108-9618+[2001-1458-301-6--100-6b]-9618&alias=b7s01p9025.cern.ch&noUDP&sock=startd_2865_baec>
...
006 (15155256.015.000) 10/07 14:37:59 Image size of job updated: 58744
	53  -  MemoryUsage of job (MB)
	54080  -  ResidentSetSize of job (KB)
...
006 (15155256.015.000) 10/07 14:42:59 Image size of job updated: 1101564
	601  -  MemoryUsage of job (MB)
	614752  -  ResidentSetSize of job (KB)
...
006 (15155256.015.000) 10/07 14:48:00 Image size of job updated: 1255708
	601  -  MemoryUsage of job (MB)
	614752  -  ResidentSetSize of job (KB)
...
006 (15155256.015.000) 10/07 14:53:00 Image size of job updated: 3687832
	601  -  MemoryUsage of job (MB)
	614752  -  ResidentSetSize of job (KB)
...
006 (15155256.015.000) 10/07 14:58:00 Image size of job updated: 3940176
	601  -  MemoryUsage of job (MB)
	614752  -  ResidentSetSize of job (KB)
...
006 (15155256.015.000) 10/07 15:03:01 Image size of job updated: 4010936
	601  -  MemoryUsage of job (MB)
	614752  -  ResidentSetSize of job (KB)
...
006 (15155256.015.000) 10/07 15:03:28 Image size of job updated: 4017348
	601  -  MemoryUsage of job (MB)
	614752  -  ResidentSetSize of job (KB)
...
040 (15155256.015.000) 10/07 15:03:28 Started transferring output files
...
040 (15155256.015.000) 10/07 15:03:28 Finished transferring output files
...
005 (15155256.015.000) 10/07 15:03:28 Job terminated.
	(1) Normal termination (return value 0)
		Usr 0 00:11:52, Sys 0 00:00:21  -  Run Remote Usage
		Usr 0 00:00:00, Sys 0 00:00:00  -  Run Local Usage
		Usr 0 00:11:52, Sys 0 00:00:21  -  Total Remote Usage
		Usr 0 00:00:00, Sys 0 00:00:00  -  Total Local Usage
	88345  -  Run Bytes Sent By Job
	323  -  Run Bytes Received By Job
	88345  -  Total Bytes Sent By Job
	323  -  Total Bytes Received By Job
	Partitionable Resources :    Usage  Request Allocated 
	   Cpus                 :     0.17        1         1 
	   Disk (KB)            :   108           1   1235888 
	   Memory (MB)          :   601        2000      2000 

	Job terminated of its own accord at 2023-10-07T13:03:28Z.
...
