000 (15150655.027.000) 09/28 15:00:14 Job submitted from host: <188.184.90.241:9618?addrs=188.184.90.241-9618+[2001-1458-201-e4--100-2eb]-9618&alias=bigbird15.cern.ch&noUDP&sock=schedd_2763_c443>
...
040 (15150655.027.000) 09/28 15:05:18 Started transferring input files
	Transferring to host: <128.142.56.49:9618?addrs=128.142.56.49-9618+[2001-1458-301-6--100-30]-9618&alias=b7s01p1778.cern.ch&noUDP&sock=slot1_15_29138_1b5a_55273>
...
040 (15150655.027.000) 09/28 15:05:18 Finished transferring input files
...
001 (15150655.027.000) 09/28 15:05:19 Job executing on host: <128.142.56.49:9618?addrs=128.142.56.49-9618+[2001-1458-301-6--100-30]-9618&alias=b7s01p1778.cern.ch&noUDP&sock=startd_29087_d753>
...
006 (15150655.027.000) 09/28 15:05:27 Image size of job updated: 910724
	122  -  MemoryUsage of job (MB)
	124480  -  ResidentSetSize of job (KB)
...
006 (15150655.027.000) 09/28 15:08:51 Image size of job updated: 925056
	122  -  MemoryUsage of job (MB)
	124480  -  ResidentSetSize of job (KB)
...
040 (15150655.027.000) 09/28 15:08:51 Started transferring output files
...
040 (15150655.027.000) 09/28 15:08:51 Finished transferring output files
...
005 (15150655.027.000) 09/28 15:08:51 Job terminated.
	(1) Normal termination (return value 0)
		Usr 0 00:00:13, Sys 0 00:00:01  -  Run Remote Usage
		Usr 0 00:00:00, Sys 0 00:00:00  -  Run Local Usage
		Usr 0 00:00:13, Sys 0 00:00:01  -  Total Remote Usage
		Usr 0 00:00:00, Sys 0 00:00:00  -  Total Local Usage
	7926  -  Run Bytes Sent By Job
	374  -  Run Bytes Received By Job
	7926  -  Total Bytes Sent By Job
	374  -  Total Bytes Received By Job
	Partitionable Resources :    Usage  Request Allocated 
	   Cpus                 :                 1         1 
	   Disk (KB)            :       23        1   1355083 
	   Memory (MB)          :      122     2000      2000 

	Job terminated of its own accord at 2023-09-28T13:08:51Z.
...
