000 (15148189.020.000) 09/26 21:00:55 Job submitted from host: <188.184.90.241:9618?addrs=188.184.90.241-9618+[2001-1458-201-e4--100-2eb]-9618&alias=bigbird15.cern.ch&noUDP&sock=schedd_2763_c443>
...
040 (15148189.020.000) 09/26 21:19:15 Started transferring input files
	Transferring to host: <128.142.61.51:9618?addrs=128.142.61.51-9618+[2001-1458-301-23--100-32]-9618&alias=b7s06p2419.cern.ch&noUDP&sock=slot1_10_4341_608a_185752>
...
040 (15148189.020.000) 09/26 21:19:15 Finished transferring input files
...
001 (15148189.020.000) 09/26 21:19:16 Job executing on host: <128.142.61.51:9618?addrs=128.142.61.51-9618+[2001-1458-301-23--100-32]-9618&alias=b7s06p2419.cern.ch&noUDP&sock=startd_3097_dce5>
...
006 (15148189.020.000) 09/26 21:19:25 Image size of job updated: 624516
	60  -  MemoryUsage of job (MB)
	60736  -  ResidentSetSize of job (KB)
...
006 (15148189.020.000) 09/26 21:24:26 Image size of job updated: 1113636
	579  -  MemoryUsage of job (MB)
	591972  -  ResidentSetSize of job (KB)
...
006 (15148189.020.000) 09/26 21:29:26 Image size of job updated: 1114360
	579  -  MemoryUsage of job (MB)
	591972  -  ResidentSetSize of job (KB)
...
006 (15148189.020.000) 09/26 21:34:26 Image size of job updated: 3671184
	579  -  MemoryUsage of job (MB)
	591972  -  ResidentSetSize of job (KB)
...
006 (15148189.020.000) 09/26 21:39:27 Image size of job updated: 3919880
	579  -  MemoryUsage of job (MB)
	591972  -  ResidentSetSize of job (KB)
...
006 (15148189.020.000) 09/26 21:44:28 Image size of job updated: 3984360
	579  -  MemoryUsage of job (MB)
	591972  -  ResidentSetSize of job (KB)
...
006 (15148189.020.000) 09/26 21:46:46 Image size of job updated: 3999556
	579  -  MemoryUsage of job (MB)
	591972  -  ResidentSetSize of job (KB)
...
040 (15148189.020.000) 09/26 21:46:46 Started transferring output files
...
040 (15148189.020.000) 09/26 21:46:46 Finished transferring output files
...
005 (15148189.020.000) 09/26 21:46:46 Job terminated.
	(1) Normal termination (return value 0)
		Usr 0 00:07:55, Sys 0 00:00:14  -  Run Remote Usage
		Usr 0 00:00:00, Sys 0 00:00:00  -  Run Local Usage
		Usr 0 00:07:55, Sys 0 00:00:14  -  Total Remote Usage
		Usr 0 00:00:00, Sys 0 00:00:00  -  Total Local Usage
	84209  -  Run Bytes Sent By Job
	323  -  Run Bytes Received By Job
	84209  -  Total Bytes Sent By Job
	323  -  Total Bytes Received By Job
	Partitionable Resources :    Usage  Request Allocated 
	   Cpus                 :     0.04        1         1 
	   Disk (KB)            :   105           1   1308893 
	   Memory (MB)          :   579        2000      2000 

	Job terminated of its own accord at 2023-09-26T19:46:46Z.
...
