000 (15150655.116.000) 09/28 15:00:14 Job submitted from host: <188.184.90.241:9618?addrs=188.184.90.241-9618+[2001-1458-201-e4--100-2eb]-9618&alias=bigbird15.cern.ch&noUDP&sock=schedd_2763_c443>
...
040 (15150655.116.000) 09/28 15:03:20 Started transferring input files
	Transferring to host: <188.184.163.104:9618?addrs=188.184.163.104-9618&alias=b7s12p8333.cern.ch&noUDP&sock=slot1_22_4240_36a5_211679>
...
040 (15150655.116.000) 09/28 15:03:20 Finished transferring input files
...
001 (15150655.116.000) 09/28 15:03:21 Job executing on host: <188.184.163.104:9618?addrs=188.184.163.104-9618&alias=b7s12p8333.cern.ch&noUDP&sock=startd_2867_1a1d>
...
006 (15150655.116.000) 09/28 15:03:30 Image size of job updated: 907760
	118  -  MemoryUsage of job (MB)
	119860  -  ResidentSetSize of job (KB)
...
006 (15150655.116.000) 09/28 15:06:34 Image size of job updated: 914616
	118  -  MemoryUsage of job (MB)
	119860  -  ResidentSetSize of job (KB)
...
040 (15150655.116.000) 09/28 15:06:34 Started transferring output files
...
040 (15150655.116.000) 09/28 15:06:34 Finished transferring output files
...
005 (15150655.116.000) 09/28 15:06:34 Job terminated.
	(1) Normal termination (return value 0)
		Usr 0 00:00:09, Sys 0 00:00:00  -  Run Remote Usage
		Usr 0 00:00:00, Sys 0 00:00:00  -  Run Local Usage
		Usr 0 00:00:09, Sys 0 00:00:00  -  Total Remote Usage
		Usr 0 00:00:00, Sys 0 00:00:00  -  Total Local Usage
	7864  -  Run Bytes Sent By Job
	374  -  Run Bytes Received By Job
	7864  -  Total Bytes Sent By Job
	374  -  Total Bytes Received By Job
	Partitionable Resources :    Usage  Request Allocated 
	   Cpus                 :                 1         1 
	   Disk (KB)            :       21        1   2802898 
	   Memory (MB)          :      118     2000      2000 

	Job terminated of its own accord at 2023-09-28T13:06:34Z.
...
