000 (15159766.115.000) 10/09 11:47:56 Job submitted from host: <188.184.90.241:9618?addrs=188.184.90.241-9618+[2001-1458-201-e4--100-2eb]-9618&alias=bigbird15.cern.ch&noUDP&sock=schedd_2763_c443>
...
040 (15159766.115.000) 10/09 14:24:55 Started transferring input files
	Transferring to host: <188.184.162.9:9618?addrs=188.184.162.9-9618+[2001-1458-301-4a--100-3]-9618&alias=b7s11p5581.cern.ch&noUDP&sock=slot1_16_4056_919e_43191>
...
040 (15159766.115.000) 10/09 14:24:55 Finished transferring input files
...
001 (15159766.115.000) 10/09 14:24:56 Job executing on host: <188.184.162.9:9618?addrs=188.184.162.9-9618+[2001-1458-301-4a--100-3]-9618&alias=b7s11p5581.cern.ch&noUDP&sock=startd_2947_f9b0>
...
006 (15159766.115.000) 10/09 14:25:05 Image size of job updated: 910176
	120  -  MemoryUsage of job (MB)
	122616  -  ResidentSetSize of job (KB)
...
006 (15159766.115.000) 10/09 14:28:30 Image size of job updated: 923324
	120  -  MemoryUsage of job (MB)
	122616  -  ResidentSetSize of job (KB)
...
040 (15159766.115.000) 10/09 14:28:30 Started transferring output files
...
040 (15159766.115.000) 10/09 14:28:30 Finished transferring output files
...
005 (15159766.115.000) 10/09 14:28:30 Job terminated.
	(1) Normal termination (return value 0)
		Usr 0 00:00:19, Sys 0 00:00:01  -  Run Remote Usage
		Usr 0 00:00:00, Sys 0 00:00:00  -  Run Local Usage
		Usr 0 00:00:19, Sys 0 00:00:01  -  Total Remote Usage
		Usr 0 00:00:00, Sys 0 00:00:00  -  Total Local Usage
	10606  -  Run Bytes Sent By Job
	374  -  Run Bytes Received By Job
	10606  -  Total Bytes Sent By Job
	374  -  Total Bytes Received By Job
	Partitionable Resources :    Usage  Request Allocated 
	   Cpus                 :                 1         1 
	   Disk (KB)            :       24        1   3004409 
	   Memory (MB)          :      120     2000      2000 

	Job terminated of its own accord at 2023-10-09T12:28:30Z.
...
