000 (15155243.045.000) 10/07 13:26:29 Job submitted from host: <188.184.90.241:9618?addrs=188.184.90.241-9618+[2001-1458-201-e4--100-2eb]-9618&alias=bigbird15.cern.ch&noUDP&sock=schedd_2763_c443>
...
040 (15155243.045.000) 10/07 13:32:02 Started transferring input files
	Transferring to host: <128.142.137.190:9618?addrs=128.142.137.190-9618+[2001-1458-301-5e--100-b2]-9618&alias=b7g19p1334.cern.ch&noUDP&sock=slot1_42_5292_7150_199021>
...
040 (15155243.045.000) 10/07 13:32:02 Finished transferring input files
...
001 (15155243.045.000) 10/07 13:32:03 Job executing on host: <128.142.137.190:9618?addrs=128.142.137.190-9618+[2001-1458-301-5e--100-b2]-9618&alias=b7g19p1334.cern.ch&noUDP&sock=startd_4614_6611>
...
006 (15155243.045.000) 10/07 13:32:12 Image size of job updated: 550284
	187  -  MemoryUsage of job (MB)
	191432  -  ResidentSetSize of job (KB)
...
040 (15155243.045.000) 10/07 13:32:16 Started transferring output files
...
040 (15155243.045.000) 10/07 13:32:16 Finished transferring output files
...
005 (15155243.045.000) 10/07 13:32:16 Job terminated.
	(1) Normal termination (return value 0)
		Usr 0 00:00:04, Sys 0 00:00:01  -  Run Remote Usage
		Usr 0 00:00:00, Sys 0 00:00:00  -  Run Local Usage
		Usr 0 00:00:04, Sys 0 00:00:01  -  Total Remote Usage
		Usr 0 00:00:00, Sys 0 00:00:00  -  Total Local Usage
	22498  -  Run Bytes Sent By Job
	323  -  Run Bytes Received By Job
	22498  -  Total Bytes Sent By Job
	323  -  Total Bytes Received By Job
	Partitionable Resources :    Usage  Request Allocated 
	   Cpus                 :                 1         1 
	   Disk (KB)            :       36        1   1558958 
	   Memory (MB)          :      187     2000      2000 

	Job terminated of its own accord at 2023-10-07T11:32:16Z.
...
