000 (15151337.009.000) 10/02 16:23:27 Job submitted from host: <188.184.90.241:9618?addrs=188.184.90.241-9618+[2001-1458-201-e4--100-2eb]-9618&alias=bigbird15.cern.ch&noUDP&sock=schedd_2763_c443>
...
040 (15151337.009.000) 10/02 16:27:05 Started transferring input files
	Transferring to host: <188.184.163.136:9618?addrs=188.184.163.136-9618+[2001-1458-301-4d--100-82]-9618&alias=b7s12p0543.cern.ch&noUDP&sock=slot1_12_141941_0665_14357>
...
040 (15151337.009.000) 10/02 16:27:05 Finished transferring input files
...
001 (15151337.009.000) 10/02 16:27:06 Job executing on host: <188.184.163.136:9618?addrs=188.184.163.136-9618+[2001-1458-301-4d--100-82]-9618&alias=b7s12p0543.cern.ch&noUDP&sock=startd_141903_3bc6>
...
006 (15151337.009.000) 10/02 16:27:15 Image size of job updated: 55112
	54  -  MemoryUsage of job (MB)
	54512  -  ResidentSetSize of job (KB)
...
006 (15151337.009.000) 10/02 16:27:40 Image size of job updated: 631668
	54  -  MemoryUsage of job (MB)
	54512  -  ResidentSetSize of job (KB)
...
040 (15151337.009.000) 10/02 16:27:40 Started transferring output files
...
040 (15151337.009.000) 10/02 16:27:40 Finished transferring output files
...
005 (15151337.009.000) 10/02 16:27:40 Job terminated.
	(1) Normal termination (return value 0)
		Usr 0 00:00:07, Sys 0 00:00:04  -  Run Remote Usage
		Usr 0 00:00:00, Sys 0 00:00:00  -  Run Local Usage
		Usr 0 00:00:07, Sys 0 00:00:04  -  Total Remote Usage
		Usr 0 00:00:00, Sys 0 00:00:00  -  Total Local Usage
	23956  -  Run Bytes Sent By Job
	323  -  Run Bytes Received By Job
	23956  -  Total Bytes Sent By Job
	323  -  Total Bytes Received By Job
	Partitionable Resources :    Usage  Request Allocated 
	   Cpus                 :                 1         1 
	   Disk (KB)            :       37        1   3053575 
	   Memory (MB)          :       54     2000      2000 

	Job terminated of its own accord at 2023-10-02T14:27:40Z.
...
