000 (15159756.054.000) 10/09 09:27:44 Job submitted from host: <188.184.90.241:9618?addrs=188.184.90.241-9618+[2001-1458-201-e4--100-2eb]-9618&alias=bigbird15.cern.ch&noUDP&sock=schedd_2763_c443>
...
040 (15159756.054.000) 10/09 11:15:01 Started transferring input files
	Transferring to host: <128.142.61.133:9618?addrs=128.142.61.133-9618+[2001-1458-301-23--100-84]-9618&alias=b7s06p0228.cern.ch&noUDP&sock=slot1_30_63350_8e49_113455>
...
040 (15159756.054.000) 10/09 11:15:01 Finished transferring input files
...
001 (15159756.054.000) 10/09 11:15:02 Job executing on host: <128.142.61.133:9618?addrs=128.142.61.133-9618+[2001-1458-301-23--100-84]-9618&alias=b7s06p0228.cern.ch&noUDP&sock=startd_62482_088f>
...
006 (15159756.054.000) 10/09 11:15:10 Image size of job updated: 609412
	51  -  MemoryUsage of job (MB)
	51920  -  ResidentSetSize of job (KB)
...
006 (15159756.054.000) 10/09 11:20:10 Image size of job updated: 2356196
	1674  -  MemoryUsage of job (MB)
	1714144  -  ResidentSetSize of job (KB)
...
040 (15159756.054.000) 10/09 11:20:25 Started transferring output files
...
040 (15159756.054.000) 10/09 11:20:25 Finished transferring output files
...
005 (15159756.054.000) 10/09 11:20:25 Job terminated.
	(1) Normal termination (return value 0)
		Usr 0 00:02:36, Sys 0 00:00:07  -  Run Remote Usage
		Usr 0 00:00:00, Sys 0 00:00:00  -  Run Local Usage
		Usr 0 00:02:36, Sys 0 00:00:07  -  Total Remote Usage
		Usr 0 00:00:00, Sys 0 00:00:00  -  Total Local Usage
	89626  -  Run Bytes Sent By Job
	269  -  Run Bytes Received By Job
	89626  -  Total Bytes Sent By Job
	269  -  Total Bytes Received By Job
	Partitionable Resources :    Usage  Request Allocated 
	   Cpus                 :                 1         1 
	   Disk (KB)            :      101        1   1239393 
	   Memory (MB)          :     1674     2000      2000 

	Job terminated of its own accord at 2023-10-09T09:20:24Z.
...
