000 (15159743.032.000) 10/09 07:56:33 Job submitted from host: <188.184.90.241:9618?addrs=188.184.90.241-9618+[2001-1458-201-e4--100-2eb]-9618&alias=bigbird15.cern.ch&noUDP&sock=schedd_2763_c443>
...
040 (15159743.032.000) 10/09 08:09:46 Started transferring input files
	Transferring to host: <128.142.132.184:9618?addrs=128.142.132.184-9618+[2001-1458-301-5a--100-ac]-9618&alias=b7g12p7295.cern.ch&noUDP&sock=slot1_30_3819_94b4_204214>
...
040 (15159743.032.000) 10/09 08:09:46 Finished transferring input files
...
001 (15159743.032.000) 10/09 08:09:47 Job executing on host: <128.142.132.184:9618?addrs=128.142.132.184-9618+[2001-1458-301-5a--100-ac]-9618&alias=b7g12p7295.cern.ch&noUDP&sock=startd_3178_6c11>
...
006 (15159743.032.000) 10/09 08:09:56 Image size of job updated: 53092
	52  -  MemoryUsage of job (MB)
	52568  -  ResidentSetSize of job (KB)
...
006 (15159743.032.000) 10/09 08:14:57 Image size of job updated: 834216
	337  -  MemoryUsage of job (MB)
	344736  -  ResidentSetSize of job (KB)
...
006 (15159743.032.000) 10/09 08:19:58 Image size of job updated: 1191844
	689  -  MemoryUsage of job (MB)
	704988  -  ResidentSetSize of job (KB)
...
006 (15159743.032.000) 10/09 08:24:58 Image size of job updated: 3718784
	3118  -  MemoryUsage of job (MB)
	3192396  -  ResidentSetSize of job (KB)
...
006 (15159743.032.000) 10/09 08:25:57 Image size of job updated: 3820120
	3118  -  MemoryUsage of job (MB)
	3192396  -  ResidentSetSize of job (KB)
...
040 (15159743.032.000) 10/09 08:25:57 Started transferring output files
...
040 (15159743.032.000) 10/09 08:25:57 Finished transferring output files
...
005 (15159743.032.000) 10/09 08:25:57 Job terminated.
	(1) Normal termination (return value 0)
		Usr 0 00:12:54, Sys 0 00:00:23  -  Run Remote Usage
		Usr 0 00:00:00, Sys 0 00:00:00  -  Run Local Usage
		Usr 0 00:12:54, Sys 0 00:00:23  -  Total Remote Usage
		Usr 0 00:00:00, Sys 0 00:00:00  -  Total Local Usage
	209927  -  Run Bytes Sent By Job
	269  -  Run Bytes Received By Job
	209927  -  Total Bytes Sent By Job
	269  -  Total Bytes Received By Job
	Partitionable Resources :    Usage  Request Allocated 
	   Cpus                 :     1.00        1         1 
	   Disk (KB)            :   226           1   1621983 
	   Memory (MB)          :  3118        2000      2000 

	Job terminated of its own accord at 2023-10-09T06:25:57Z.
...
