000 (14807472.023.000) 05/16 11:28:54 Job submitted from host: <188.184.90.241:9618?addrs=188.184.90.241-9618+[2001-1458-201-e4--100-2eb]-9618&alias=bigbird15.cern.ch&noUDP&sock=schedd_3273_9590>
...
040 (14807472.023.000) 05/16 11:39:50 Started transferring input files
	Transferring to host: <188.184.163.199:9618?addrs=188.184.163.199-9618+[2001-1458-301-4d--100-c1]-9618&alias=b7s12p9574.cern.ch&noUDP&sock=slot1_1_121843_2a74_64234>
...
040 (14807472.023.000) 05/16 11:39:50 Finished transferring input files
...
001 (14807472.023.000) 05/16 11:39:51 Job executing on host: <188.184.163.199:9618?addrs=188.184.163.199-9618+[2001-1458-301-4d--100-c1]-9618&alias=b7s12p9574.cern.ch&noUDP&sock=startd_28645_aa77>
...
006 (14807472.023.000) 05/16 11:40:00 Image size of job updated: 115724
	47  -  MemoryUsage of job (MB)
	47688  -  ResidentSetSize of job (KB)
...
006 (14807472.023.000) 05/16 11:45:01 Image size of job updated: 1528120
	942  -  MemoryUsage of job (MB)
	963664  -  ResidentSetSize of job (KB)
...
006 (14807472.023.000) 05/16 11:50:01 Image size of job updated: 4031880
	942  -  MemoryUsage of job (MB)
	963664  -  ResidentSetSize of job (KB)
...
006 (14807472.023.000) 05/16 11:55:01 Image size of job updated: 4314264
	942  -  MemoryUsage of job (MB)
	963664  -  ResidentSetSize of job (KB)
...
006 (14807472.023.000) 05/16 12:00:02 Image size of job updated: 4399092
	942  -  MemoryUsage of job (MB)
	963664  -  ResidentSetSize of job (KB)
...
006 (14807472.023.000) 05/16 12:00:43 Image size of job updated: 4405104
	942  -  MemoryUsage of job (MB)
	963664  -  ResidentSetSize of job (KB)
...
040 (14807472.023.000) 05/16 12:00:43 Started transferring output files
...
040 (14807472.023.000) 05/16 12:00:43 Finished transferring output files
...
005 (14807472.023.000) 05/16 12:00:43 Job terminated.
	(1) Normal termination (return value 0)
		Usr 0 00:07:15, Sys 0 00:00:25  -  Run Remote Usage
		Usr 0 00:00:00, Sys 0 00:00:00  -  Run Local Usage
		Usr 0 00:07:15, Sys 0 00:00:25  -  Total Remote Usage
		Usr 0 00:00:00, Sys 0 00:00:00  -  Total Local Usage
	104424  -  Run Bytes Sent By Job
	323  -  Run Bytes Received By Job
	104424  -  Total Bytes Sent By Job
	323  -  Total Bytes Received By Job
	Partitionable Resources :    Usage  Request Allocated 
	   Cpus                 :     0.10        1         1 
	   Disk (KB)            :   123           1   2987973 
	   Memory (MB)          :   942        2000      2000 

	Job terminated of its own accord at 2023-05-16T10:00:43Z.
...
