000 (15271413.195.000) 12/18 14:02:23 Job submitted from host: <188.184.90.241:9618?addrs=188.184.90.241-9618+[2001-1458-201-e4--100-2eb]-9618&alias=bigbird15.cern.ch&noUDP&sock=schedd_2763_c443>
...
040 (15271413.195.000) 12/18 14:06:54 Started transferring input files
	Transferring to host: <188.184.165.60:9618?addrs=188.184.165.60-9618+[2001-1458-301-51--100-37]-9618&alias=b9s14p7601.cern.ch&noUDP&sock=slot1_5_3478_50c7_9104>
...
040 (15271413.195.000) 12/18 14:06:54 Finished transferring input files
...
001 (15271413.195.000) 12/18 14:06:55 Job executing on host: <188.184.165.60:9618?addrs=188.184.165.60-9618+[2001-1458-301-51--100-37]-9618&alias=b9s14p7601.cern.ch&noUDP&sock=startd_3438_c2b1>
...
006 (15271413.195.000) 12/18 14:07:04 Image size of job updated: 471144
	443  -  MemoryUsage of job (MB)
	452828  -  ResidentSetSize of job (KB)
...
006 (15271413.195.000) 12/18 14:12:05 Image size of job updated: 3177648
	3091  -  MemoryUsage of job (MB)
	3165000  -  ResidentSetSize of job (KB)
...
040 (15271413.195.000) 12/18 14:12:14 Started transferring output files
...
040 (15271413.195.000) 12/18 14:12:14 Finished transferring output files
...
005 (15271413.195.000) 12/18 14:12:14 Job terminated.
	(1) Normal termination (return value 0)
		Usr 0 00:03:28, Sys 0 00:00:04  -  Run Remote Usage
		Usr 0 00:00:00, Sys 0 00:00:00  -  Run Local Usage
		Usr 0 00:03:28, Sys 0 00:00:04  -  Total Remote Usage
		Usr 0 00:00:00, Sys 0 00:00:00  -  Total Local Usage
	113770  -  Run Bytes Sent By Job
	269  -  Run Bytes Received By Job
	113770  -  Total Bytes Sent By Job
	269  -  Total Bytes Received By Job
	Partitionable Resources :    Usage  Request Allocated 
	   Cpus                 :                 1         1 
	   Disk (KB)            :      147        1   3092776 
	   Memory (MB)          :     3091     2000      2000 

	Job terminated of its own accord at 2023-12-18T13:12:14Z.
...
