000 (15155243.035.000) 10/07 13:26:29 Job submitted from host: <188.184.90.241:9618?addrs=188.184.90.241-9618+[2001-1458-201-e4--100-2eb]-9618&alias=bigbird15.cern.ch&noUDP&sock=schedd_2763_c443>
...
040 (15155243.035.000) 10/07 13:31:58 Started transferring input files
	Transferring to host: <128.142.137.154:9618?addrs=128.142.137.154-9618+[2001-1458-301-5e--100-8e]-9618&alias=b7g19p6696.cern.ch&noUDP&sock=slot1_9_42474_8678_120659>
...
040 (15155243.035.000) 10/07 13:31:58 Finished transferring input files
...
001 (15155243.035.000) 10/07 13:31:59 Job executing on host: <128.142.137.154:9618?addrs=128.142.137.154-9618+[2001-1458-301-5e--100-8e]-9618&alias=b7g19p6696.cern.ch&noUDP&sock=startd_42436_2511>
...
006 (15155243.035.000) 10/07 13:32:08 Image size of job updated: 538100
	80  -  MemoryUsage of job (MB)
	81820  -  ResidentSetSize of job (KB)
...
006 (15155243.035.000) 10/07 13:37:09 Image size of job updated: 972612
	400  -  MemoryUsage of job (MB)
	409036  -  ResidentSetSize of job (KB)
...
006 (15155243.035.000) 10/07 13:42:09 Image size of job updated: 972676
	400  -  MemoryUsage of job (MB)
	409036  -  ResidentSetSize of job (KB)
...
006 (15155243.035.000) 10/07 13:47:09 Image size of job updated: 3516708
	400  -  MemoryUsage of job (MB)
	409036  -  ResidentSetSize of job (KB)
...
006 (15155243.035.000) 10/07 13:52:10 Image size of job updated: 3756764
	400  -  MemoryUsage of job (MB)
	409036  -  ResidentSetSize of job (KB)
...
006 (15155243.035.000) 10/07 13:57:10 Image size of job updated: 3811936
	424  -  MemoryUsage of job (MB)
	433992  -  ResidentSetSize of job (KB)
...
006 (15155243.035.000) 10/07 14:00:58 Image size of job updated: 3827432
	424  -  MemoryUsage of job (MB)
	433992  -  ResidentSetSize of job (KB)
...
040 (15155243.035.000) 10/07 14:00:58 Started transferring output files
...
040 (15155243.035.000) 10/07 14:00:58 Finished transferring output files
...
005 (15155243.035.000) 10/07 14:00:58 Job terminated.
	(1) Normal termination (return value 0)
		Usr 0 00:08:03, Sys 0 00:00:17  -  Run Remote Usage
		Usr 0 00:00:00, Sys 0 00:00:00  -  Run Local Usage
		Usr 0 00:08:03, Sys 0 00:00:17  -  Total Remote Usage
		Usr 0 00:00:00, Sys 0 00:00:00  -  Total Local Usage
	73107  -  Run Bytes Sent By Job
	323  -  Run Bytes Received By Job
	73107  -  Total Bytes Sent By Job
	323  -  Total Bytes Received By Job
	Partitionable Resources :    Usage  Request Allocated 
	   Cpus                 :     0.13        1         1 
	   Disk (KB)            :    93           1   1599754 
	   Memory (MB)          :   424        2000      2000 

	Job terminated of its own accord at 2023-10-07T12:00:58Z.
...
