000 (15159766.093.000) 10/09 11:47:56 Job submitted from host: <188.184.90.241:9618?addrs=188.184.90.241-9618+[2001-1458-201-e4--100-2eb]-9618&alias=bigbird15.cern.ch&noUDP&sock=schedd_2763_c443>
...
040 (15159766.093.000) 10/09 14:24:47 Started transferring input files
	Transferring to host: <128.142.63.50:9618?addrs=128.142.63.50-9618+[2001-1458-301-38--100-2f]-9618&alias=b7s08p3946.cern.ch&noUDP&sock=slot1_16_3187_479b_207920>
...
040 (15159766.093.000) 10/09 14:24:47 Finished transferring input files
...
001 (15159766.093.000) 10/09 14:24:48 Job executing on host: <128.142.63.50:9618?addrs=128.142.63.50-9618+[2001-1458-301-38--100-2f]-9618&alias=b7s08p3946.cern.ch&noUDP&sock=startd_2741_ad2e>
...
006 (15159766.093.000) 10/09 14:24:56 Image size of job updated: 911380
	121  -  MemoryUsage of job (MB)
	123464  -  ResidentSetSize of job (KB)
...
006 (15159766.093.000) 10/09 14:29:30 Image size of job updated: 923108
	121  -  MemoryUsage of job (MB)
	123464  -  ResidentSetSize of job (KB)
...
040 (15159766.093.000) 10/09 14:29:30 Started transferring output files
...
040 (15159766.093.000) 10/09 14:29:30 Finished transferring output files
...
005 (15159766.093.000) 10/09 14:29:30 Job terminated.
	(1) Normal termination (return value 0)
		Usr 0 00:00:13, Sys 0 00:00:00  -  Run Remote Usage
		Usr 0 00:00:00, Sys 0 00:00:00  -  Run Local Usage
		Usr 0 00:00:13, Sys 0 00:00:00  -  Total Remote Usage
		Usr 0 00:00:00, Sys 0 00:00:00  -  Total Local Usage
	10867  -  Run Bytes Sent By Job
	374  -  Run Bytes Received By Job
	10867  -  Total Bytes Sent By Job
	374  -  Total Bytes Received By Job
	Partitionable Resources :    Usage  Request Allocated 
	   Cpus                 :                 1         1 
	   Disk (KB)            :       24        1   1280180 
	   Memory (MB)          :      121     2000      2000 

	Job terminated of its own accord at 2023-10-09T12:29:30Z.
...
