000 (14832095.074.000) 06/12 15:17:57 Job submitted from host: <188.184.90.241:9618?addrs=188.184.90.241-9618+[2001-1458-201-e4--100-2eb]-9618&alias=bigbird15.cern.ch&noUDP&sock=schedd_1460210_2ef4>
...
040 (14832095.074.000) 06/12 15:20:22 Started transferring input files
	Transferring to host: <128.142.51.213:9618?addrs=128.142.51.213-9618+[2001-1458-301-3--100-12]-9618&alias=b7g02p8664.cern.ch&noUDP&sock=slot1_20_3936_0499_65350>
...
040 (14832095.074.000) 06/12 15:20:22 Finished transferring input files
...
001 (14832095.074.000) 06/12 15:20:23 Job executing on host: <128.142.51.213:9618?addrs=128.142.51.213-9618+[2001-1458-301-3--100-12]-9618&alias=b7g02p8664.cern.ch&noUDP&sock=startd_3032_473d>
...
006 (14832095.074.000) 06/12 15:20:32 Image size of job updated: 554132
	47  -  MemoryUsage of job (MB)
	47688  -  ResidentSetSize of job (KB)
...
006 (14832095.074.000) 06/12 15:25:32 Image size of job updated: 1406476
	921  -  MemoryUsage of job (MB)
	942996  -  ResidentSetSize of job (KB)
...
006 (14832095.074.000) 06/12 15:30:32 Image size of job updated: 1906532
	1317  -  MemoryUsage of job (MB)
	1348164  -  ResidentSetSize of job (KB)
...
006 (14832095.074.000) 06/12 15:45:34 Image size of job updated: 4040796
	1317  -  MemoryUsage of job (MB)
	1348164  -  ResidentSetSize of job (KB)
...
006 (14832095.074.000) 06/12 15:55:36 Image size of job updated: 4324924
	1317  -  MemoryUsage of job (MB)
	1348164  -  ResidentSetSize of job (KB)
...
006 (14832095.074.000) 06/12 16:00:36 Image size of job updated: 4333796
	1317  -  MemoryUsage of job (MB)
	1348164  -  ResidentSetSize of job (KB)
...
006 (14832095.074.000) 06/12 16:05:37 Image size of job updated: 4401684
	1317  -  MemoryUsage of job (MB)
	1348164  -  ResidentSetSize of job (KB)
...
006 (14832095.074.000) 06/12 16:09:05 Image size of job updated: 4418032
	1317  -  MemoryUsage of job (MB)
	1348164  -  ResidentSetSize of job (KB)
...
040 (14832095.074.000) 06/12 16:09:06 Started transferring output files
...
040 (14832095.074.000) 06/12 16:09:06 Finished transferring output files
...
005 (14832095.074.000) 06/12 16:09:06 Job terminated.
	(1) Normal termination (return value 0)
		Usr 0 00:13:32, Sys 0 00:00:51  -  Run Remote Usage
		Usr 0 00:00:00, Sys 0 00:00:00  -  Run Local Usage
		Usr 0 00:13:32, Sys 0 00:00:51  -  Total Remote Usage
		Usr 0 00:00:00, Sys 0 00:00:00  -  Total Local Usage
	120994  -  Run Bytes Sent By Job
	323  -  Run Bytes Received By Job
	120994  -  Total Bytes Sent By Job
	323  -  Total Bytes Received By Job
	Partitionable Resources :    Usage  Request Allocated 
	   Cpus                 :     0.09        1         1 
	   Disk (KB)            :   139           1   1306264 
	   Memory (MB)          :  1317        2000      2000 

	Job terminated of its own accord at 2023-06-12T14:09:05Z.
...
