000 (14832095.060.000) 06/12 15:17:57 Job submitted from host: <188.184.90.241:9618?addrs=188.184.90.241-9618+[2001-1458-201-e4--100-2eb]-9618&alias=bigbird15.cern.ch&noUDP&sock=schedd_1460210_2ef4>
...
040 (14832095.060.000) 06/12 15:19:59 Started transferring input files
	Transferring to host: <188.184.163.190:9618?addrs=188.184.163.190-9618+[2001-1458-301-4d--100-b8]-9618&alias=b7s12p3826.cern.ch&noUDP&sock=slot1_2_18486_cf29_57549>
...
040 (14832095.060.000) 06/12 15:19:59 Finished transferring input files
...
001 (14832095.060.000) 06/12 15:20:00 Job executing on host: <188.184.163.190:9618?addrs=188.184.163.190-9618+[2001-1458-301-4d--100-b8]-9618&alias=b7s12p3826.cern.ch&noUDP&sock=startd_100654_d9b6>
...
006 (14832095.060.000) 06/12 15:20:08 Image size of job updated: 554136
	47  -  MemoryUsage of job (MB)
	47696  -  ResidentSetSize of job (KB)
...
006 (14832095.060.000) 06/12 15:25:08 Image size of job updated: 1398088
	890  -  MemoryUsage of job (MB)
	910840  -  ResidentSetSize of job (KB)
...
006 (14832095.060.000) 06/12 15:30:09 Image size of job updated: 1724392
	1133  -  MemoryUsage of job (MB)
	1159684  -  ResidentSetSize of job (KB)
...
006 (14832095.060.000) 06/12 15:45:10 Image size of job updated: 4034600
	1133  -  MemoryUsage of job (MB)
	1159684  -  ResidentSetSize of job (KB)
...
006 (14832095.060.000) 06/12 15:50:11 Image size of job updated: 4085852
	1133  -  MemoryUsage of job (MB)
	1159684  -  ResidentSetSize of job (KB)
...
006 (14832095.060.000) 06/12 15:55:11 Image size of job updated: 4323404
	1133  -  MemoryUsage of job (MB)
	1159684  -  ResidentSetSize of job (KB)
...
006 (14832095.060.000) 06/12 16:00:12 Image size of job updated: 4383832
	1133  -  MemoryUsage of job (MB)
	1159684  -  ResidentSetSize of job (KB)
...
006 (14832095.060.000) 06/12 16:05:13 Image size of job updated: 4401932
	1133  -  MemoryUsage of job (MB)
	1159684  -  ResidentSetSize of job (KB)
...
006 (14832095.060.000) 06/12 16:07:07 Image size of job updated: 4412280
	1133  -  MemoryUsage of job (MB)
	1159684  -  ResidentSetSize of job (KB)
...
040 (14832095.060.000) 06/12 16:07:07 Started transferring output files
...
040 (14832095.060.000) 06/12 16:07:07 Finished transferring output files
...
005 (14832095.060.000) 06/12 16:07:07 Job terminated.
	(1) Normal termination (return value 0)
		Usr 0 00:12:49, Sys 0 00:00:46  -  Run Remote Usage
		Usr 0 00:00:00, Sys 0 00:00:00  -  Run Local Usage
		Usr 0 00:12:49, Sys 0 00:00:46  -  Total Remote Usage
		Usr 0 00:00:00, Sys 0 00:00:00  -  Total Local Usage
	113317  -  Run Bytes Sent By Job
	323  -  Run Bytes Received By Job
	113317  -  Total Bytes Sent By Job
	323  -  Total Bytes Received By Job
	Partitionable Resources :    Usage  Request Allocated 
	   Cpus                 :     0.03        1         1 
	   Disk (KB)            :   132           1   3098612 
	   Memory (MB)          :  1133        2000      2000 

	Job terminated of its own accord at 2023-06-12T14:07:07Z.
...
