000 (15159766.182.000) 10/09 11:47:57 Job submitted from host: <188.184.90.241:9618?addrs=188.184.90.241-9618+[2001-1458-201-e4--100-2eb]-9618&alias=bigbird15.cern.ch&noUDP&sock=schedd_2763_c443>
...
040 (15159766.182.000) 10/09 14:25:16 Started transferring input files
	Transferring to host: <128.142.58.61:9618?addrs=128.142.58.61-9618+[2001-1458-301-16--100-3c]-9618&alias=b7s03p3399.cern.ch&noUDP&sock=slot1_19_7718_c773_49385>
...
040 (15159766.182.000) 10/09 14:25:16 Finished transferring input files
...
001 (15159766.182.000) 10/09 14:25:17 Job executing on host: <128.142.58.61:9618?addrs=128.142.58.61-9618+[2001-1458-301-16--100-3c]-9618&alias=b7s03p3399.cern.ch&noUDP&sock=startd_7505_625d>
...
006 (15159766.182.000) 10/09 14:25:26 Image size of job updated: 800916
	120  -  MemoryUsage of job (MB)
	122476  -  ResidentSetSize of job (KB)
...
006 (15159766.182.000) 10/09 14:27:46 Image size of job updated: 923100
	120  -  MemoryUsage of job (MB)
	122476  -  ResidentSetSize of job (KB)
...
040 (15159766.182.000) 10/09 14:27:46 Started transferring output files
...
040 (15159766.182.000) 10/09 14:27:46 Finished transferring output files
...
005 (15159766.182.000) 10/09 14:27:46 Job terminated.
	(1) Normal termination (return value 0)
		Usr 0 00:00:11, Sys 0 00:00:01  -  Run Remote Usage
		Usr 0 00:00:00, Sys 0 00:00:00  -  Run Local Usage
		Usr 0 00:00:11, Sys 0 00:00:01  -  Total Remote Usage
		Usr 0 00:00:00, Sys 0 00:00:00  -  Total Local Usage
	8004  -  Run Bytes Sent By Job
	374  -  Run Bytes Received By Job
	8004  -  Total Bytes Sent By Job
	374  -  Total Bytes Received By Job
	Partitionable Resources :    Usage  Request Allocated 
	   Cpus                 :                 1         1 
	   Disk (KB)            :       22        1   2899124 
	   Memory (MB)          :      120     2000      2000 

	Job terminated of its own accord at 2023-10-09T12:27:46Z.
...
