000 (15159766.152.000) 10/09 11:47:57 Job submitted from host: <188.184.90.241:9618?addrs=188.184.90.241-9618+[2001-1458-201-e4--100-2eb]-9618&alias=bigbird15.cern.ch&noUDP&sock=schedd_2763_c443>
...
040 (15159766.152.000) 10/09 14:25:07 Started transferring input files
	Transferring to host: <128.142.63.12:9618?addrs=128.142.63.12-9618+[2001-1458-301-38--100-9]-9618&alias=b7s08p2970.cern.ch&noUDP&sock=slot1_41_10905_4f15_215675>
...
040 (15159766.152.000) 10/09 14:25:07 Finished transferring input files
...
001 (15159766.152.000) 10/09 14:25:08 Job executing on host: <128.142.63.12:9618?addrs=128.142.63.12-9618+[2001-1458-301-38--100-9]-9618&alias=b7s08p2970.cern.ch&noUDP&sock=startd_10597_3d32>
...
006 (15159766.152.000) 10/09 14:25:17 Image size of job updated: 121812
	119  -  MemoryUsage of job (MB)
	121812  -  ResidentSetSize of job (KB)
...
006 (15159766.152.000) 10/09 14:28:10 Image size of job updated: 920936
	119  -  MemoryUsage of job (MB)
	121812  -  ResidentSetSize of job (KB)
...
040 (15159766.152.000) 10/09 14:28:10 Started transferring output files
...
040 (15159766.152.000) 10/09 14:28:10 Finished transferring output files
...
005 (15159766.152.000) 10/09 14:28:10 Job terminated.
	(1) Normal termination (return value 0)
		Usr 0 00:00:11, Sys 0 00:00:00  -  Run Remote Usage
		Usr 0 00:00:00, Sys 0 00:00:00  -  Run Local Usage
		Usr 0 00:00:11, Sys 0 00:00:00  -  Total Remote Usage
		Usr 0 00:00:00, Sys 0 00:00:00  -  Total Local Usage
	7929  -  Run Bytes Sent By Job
	374  -  Run Bytes Received By Job
	7929  -  Total Bytes Sent By Job
	374  -  Total Bytes Received By Job
	Partitionable Resources :    Usage  Request Allocated 
	   Cpus                 :                 1         1 
	   Disk (KB)            :       22        1   1278959 
	   Memory (MB)          :      119     2000      2000 

	Job terminated of its own accord at 2023-10-09T12:28:10Z.
...
