000 (15159766.155.000) 10/09 11:47:57 Job submitted from host: <188.184.90.241:9618?addrs=188.184.90.241-9618+[2001-1458-201-e4--100-2eb]-9618&alias=bigbird15.cern.ch&noUDP&sock=schedd_2763_c443>
...
040 (15159766.155.000) 10/09 14:25:08 Started transferring input files
	Transferring to host: <188.184.163.86:9618?addrs=188.184.163.86-9618+[2001-1458-301-4d--100-50]-9618&alias=b7s12p4318.cern.ch&noUDP&sock=slot1_15_102103_8cd1_136378>
...
040 (15159766.155.000) 10/09 14:25:08 Finished transferring input files
...
001 (15159766.155.000) 10/09 14:25:09 Job executing on host: <188.184.163.86:9618?addrs=188.184.163.86-9618+[2001-1458-301-4d--100-50]-9618&alias=b7s12p4318.cern.ch&noUDP&sock=startd_102065_add7>
...
006 (15159766.155.000) 10/09 14:25:18 Image size of job updated: 160136
	121  -  MemoryUsage of job (MB)
	123788  -  ResidentSetSize of job (KB)
...
006 (15159766.155.000) 10/09 14:30:19 Image size of job updated: 919416
	133  -  MemoryUsage of job (MB)
	135508  -  ResidentSetSize of job (KB)
...
006 (15159766.155.000) 10/09 14:31:16 Image size of job updated: 923296
	133  -  MemoryUsage of job (MB)
	135508  -  ResidentSetSize of job (KB)
...
040 (15159766.155.000) 10/09 14:31:17 Started transferring output files
...
040 (15159766.155.000) 10/09 14:31:17 Finished transferring output files
...
005 (15159766.155.000) 10/09 14:31:17 Job terminated.
	(1) Normal termination (return value 0)
		Usr 0 00:00:15, Sys 0 00:00:01  -  Run Remote Usage
		Usr 0 00:00:00, Sys 0 00:00:00  -  Run Local Usage
		Usr 0 00:00:15, Sys 0 00:00:01  -  Total Remote Usage
		Usr 0 00:00:00, Sys 0 00:00:00  -  Total Local Usage
	7934  -  Run Bytes Sent By Job
	374  -  Run Bytes Received By Job
	7934  -  Total Bytes Sent By Job
	374  -  Total Bytes Received By Job
	Partitionable Resources :    Usage  Request Allocated 
	   Cpus                 :                 1         1 
	   Disk (KB)            :       22        1   2935413 
	   Memory (MB)          :      133     2000      2000 

	Job terminated of its own accord at 2023-10-09T12:31:16Z.
...
