000 (15148591.080.000) 09/26 23:15:32 Job submitted from host: <188.184.90.241:9618?addrs=188.184.90.241-9618+[2001-1458-201-e4--100-2eb]-9618&alias=bigbird15.cern.ch&noUDP&sock=schedd_2763_c443>
...
040 (15148591.080.000) 09/26 23:30:44 Started transferring input files
	Transferring to host: <128.142.137.181:9618?addrs=128.142.137.181-9618+[2001-1458-301-5e--100-a9]-9618&alias=b7g19p0299.cern.ch&noUDP&sock=slot1_16_8318_888b_175626>
...
040 (15148591.080.000) 09/26 23:30:44 Finished transferring input files
...
001 (15148591.080.000) 09/26 23:30:45 Job executing on host: <128.142.137.181:9618?addrs=128.142.137.181-9618+[2001-1458-301-5e--100-a9]-9618&alias=b7g19p0299.cern.ch&noUDP&sock=startd_6942_368b>
...
006 (15148591.080.000) 09/26 23:30:54 Image size of job updated: 676356
	61  -  MemoryUsage of job (MB)
	61680  -  ResidentSetSize of job (KB)
...
006 (15148591.080.000) 09/26 23:35:55 Image size of job updated: 1109200
	609  -  MemoryUsage of job (MB)
	623096  -  ResidentSetSize of job (KB)
...
006 (15148591.080.000) 09/26 23:40:56 Image size of job updated: 3916568
	609  -  MemoryUsage of job (MB)
	623096  -  ResidentSetSize of job (KB)
...
006 (15148591.080.000) 09/26 23:44:23 Image size of job updated: 3999472
	609  -  MemoryUsage of job (MB)
	623096  -  ResidentSetSize of job (KB)
...
040 (15148591.080.000) 09/26 23:44:23 Started transferring output files
...
040 (15148591.080.000) 09/26 23:44:23 Finished transferring output files
...
005 (15148591.080.000) 09/26 23:44:23 Job terminated.
	(1) Normal termination (return value 0)
		Usr 0 00:09:08, Sys 0 00:00:18  -  Run Remote Usage
		Usr 0 00:00:00, Sys 0 00:00:00  -  Run Local Usage
		Usr 0 00:09:08, Sys 0 00:00:18  -  Total Remote Usage
		Usr 0 00:00:00, Sys 0 00:00:00  -  Total Local Usage
	78652  -  Run Bytes Sent By Job
	323  -  Run Bytes Received By Job
	78652  -  Total Bytes Sent By Job
	323  -  Total Bytes Received By Job
	Partitionable Resources :    Usage  Request Allocated 
	   Cpus                 :     0.05        1         1 
	   Disk (KB)            :    98           1   1460843 
	   Memory (MB)          :   609        2000      2000 

	Job terminated of its own accord at 2023-09-26T21:44:23Z.
...
