000 (15155271.018.000) 10/07 16:55:47 Job submitted from host: <188.184.90.241:9618?addrs=188.184.90.241-9618+[2001-1458-201-e4--100-2eb]-9618&alias=bigbird15.cern.ch&noUDP&sock=schedd_2763_c443>
...
040 (15155271.018.000) 10/07 17:06:03 Started transferring input files
	Transferring to host: <188.184.163.176:9618?addrs=188.184.163.176-9618+[2001-1458-301-4d--100-aa]-9618&alias=b7s12p0359.cern.ch&noUDP&sock=slot1_14_47340_0ffe_23005>
...
040 (15155271.018.000) 10/07 17:06:03 Finished transferring input files
...
001 (15155271.018.000) 10/07 17:06:04 Job executing on host: <188.184.163.176:9618?addrs=188.184.163.176-9618+[2001-1458-301-4d--100-aa]-9618&alias=b7s12p0359.cern.ch&noUDP&sock=startd_40016_39e0>
...
006 (15155271.018.000) 10/07 17:06:13 Image size of job updated: 581080
	53  -  MemoryUsage of job (MB)
	53504  -  ResidentSetSize of job (KB)
...
006 (15155271.018.000) 10/07 17:11:14 Image size of job updated: 1034604
	511  -  MemoryUsage of job (MB)
	523012  -  ResidentSetSize of job (KB)
...
006 (15155271.018.000) 10/07 17:16:15 Image size of job updated: 1140060
	511  -  MemoryUsage of job (MB)
	523012  -  ResidentSetSize of job (KB)
...
006 (15155271.018.000) 10/07 17:21:24 Image size of job updated: 3605808
	511  -  MemoryUsage of job (MB)
	523012  -  ResidentSetSize of job (KB)
...
006 (15155271.018.000) 10/07 17:26:18 Image size of job updated: 3847636
	511  -  MemoryUsage of job (MB)
	523012  -  ResidentSetSize of job (KB)
...
006 (15155271.018.000) 10/07 17:31:15 Image size of job updated: 3903880
	521  -  MemoryUsage of job (MB)
	532876  -  ResidentSetSize of job (KB)
...
006 (15155271.018.000) 10/07 17:34:52 Image size of job updated: 3925036
	521  -  MemoryUsage of job (MB)
	532876  -  ResidentSetSize of job (KB)
...
040 (15155271.018.000) 10/07 17:34:52 Started transferring output files
...
040 (15155271.018.000) 10/07 17:34:52 Finished transferring output files
...
005 (15155271.018.000) 10/07 17:34:52 Job terminated.
	(1) Normal termination (return value 0)
		Usr 0 00:12:56, Sys 0 00:00:35  -  Run Remote Usage
		Usr 0 00:00:00, Sys 0 00:00:00  -  Run Local Usage
		Usr 0 00:12:56, Sys 0 00:00:35  -  Total Remote Usage
		Usr 0 00:00:00, Sys 0 00:00:00  -  Total Local Usage
	82976  -  Run Bytes Sent By Job
	323  -  Run Bytes Received By Job
	82976  -  Total Bytes Sent By Job
	323  -  Total Bytes Received By Job
	Partitionable Resources :    Usage  Request Allocated 
	   Cpus                 :     0.14        1         1 
	   Disk (KB)            :   102           1   2836890 
	   Memory (MB)          :   521        2000      2000 

	Job terminated of its own accord at 2023-10-07T15:34:52Z.
...
