000 (15151337.038.000) 10/02 16:23:27 Job submitted from host: <188.184.90.241:9618?addrs=188.184.90.241-9618+[2001-1458-201-e4--100-2eb]-9618&alias=bigbird15.cern.ch&noUDP&sock=schedd_2763_c443>
...
040 (15151337.038.000) 10/02 16:27:16 Started transferring input files
	Transferring to host: <128.142.57.30:9618?addrs=128.142.57.30-9618+[2001-1458-301-7--100-1d]-9618&alias=b7s02p2013.cern.ch&noUDP&sock=slot1_7_10309_5f7c_37702>
...
040 (15151337.038.000) 10/02 16:27:16 Finished transferring input files
...
001 (15151337.038.000) 10/02 16:27:17 Job executing on host: <128.142.57.30:9618?addrs=128.142.57.30-9618+[2001-1458-301-7--100-1d]-9618&alias=b7s02p2013.cern.ch&noUDP&sock=startd_10260_15c8>
...
006 (15151337.038.000) 10/02 16:27:26 Image size of job updated: 581072
	53  -  MemoryUsage of job (MB)
	54004  -  ResidentSetSize of job (KB)
...
006 (15151337.038.000) 10/02 16:32:27 Image size of job updated: 1132504
	602  -  MemoryUsage of job (MB)
	616396  -  ResidentSetSize of job (KB)
...
006 (15151337.038.000) 10/02 16:37:28 Image size of job updated: 1166548
	602  -  MemoryUsage of job (MB)
	616396  -  ResidentSetSize of job (KB)
...
006 (15151337.038.000) 10/02 16:47:28 Image size of job updated: 3581260
	602  -  MemoryUsage of job (MB)
	616396  -  ResidentSetSize of job (KB)
...
006 (15151337.038.000) 10/02 16:52:29 Image size of job updated: 3581264
	602  -  MemoryUsage of job (MB)
	616396  -  ResidentSetSize of job (KB)
...
006 (15151337.038.000) 10/02 16:57:29 Image size of job updated: 3622492
	602  -  MemoryUsage of job (MB)
	616396  -  ResidentSetSize of job (KB)
...
006 (15151337.038.000) 10/02 17:02:29 Image size of job updated: 3820280
	602  -  MemoryUsage of job (MB)
	616396  -  ResidentSetSize of job (KB)
...
006 (15151337.038.000) 10/02 17:07:30 Image size of job updated: 3825304
	602  -  MemoryUsage of job (MB)
	616396  -  ResidentSetSize of job (KB)
...
006 (15151337.038.000) 10/02 17:12:31 Image size of job updated: 3829008
	602  -  MemoryUsage of job (MB)
	616396  -  ResidentSetSize of job (KB)
...
006 (15151337.038.000) 10/02 17:17:31 Image size of job updated: 3886204
	602  -  MemoryUsage of job (MB)
	616396  -  ResidentSetSize of job (KB)
...
006 (15151337.038.000) 10/02 17:21:55 Image size of job updated: 3900360
	602  -  MemoryUsage of job (MB)
	616396  -  ResidentSetSize of job (KB)
...
040 (15151337.038.000) 10/02 17:21:56 Started transferring output files
...
040 (15151337.038.000) 10/02 17:21:56 Finished transferring output files
...
005 (15151337.038.000) 10/02 17:21:56 Job terminated.
	(1) Normal termination (return value 0)
		Usr 0 00:08:31, Sys 0 00:00:15  -  Run Remote Usage
		Usr 0 00:00:00, Sys 0 00:00:00  -  Run Local Usage
		Usr 0 00:08:31, Sys 0 00:00:15  -  Total Remote Usage
		Usr 0 00:00:00, Sys 0 00:00:00  -  Total Local Usage
	83547  -  Run Bytes Sent By Job
	323  -  Run Bytes Received By Job
	83547  -  Total Bytes Sent By Job
	323  -  Total Bytes Received By Job
	Partitionable Resources :    Usage  Request Allocated 
	   Cpus                 :     0.15        1         1 
	   Disk (KB)            :   103           1   1197398 
	   Memory (MB)          :   602        2000      2000 

	Job terminated of its own accord at 2023-10-02T15:21:55Z.
...
