000 (15271413.201.000) 12/18 14:02:23 Job submitted from host: <188.184.90.241:9618?addrs=188.184.90.241-9618+[2001-1458-201-e4--100-2eb]-9618&alias=bigbird15.cern.ch&noUDP&sock=schedd_2763_c443>
...
040 (15271413.201.000) 12/18 14:06:57 Started transferring input files
	Transferring to host: <128.142.61.114:9618?addrs=128.142.61.114-9618+[2001-1458-301-23--100-71]-9618&alias=b9s06p5200.cern.ch&noUDP&sock=slot1_18_127809_c0a6_7231>
...
040 (15271413.201.000) 12/18 14:06:57 Finished transferring input files
...
001 (15271413.201.000) 12/18 14:06:58 Job executing on host: <128.142.61.114:9618?addrs=128.142.61.114-9618+[2001-1458-301-23--100-71]-9618&alias=b9s06p5200.cern.ch&noUDP&sock=startd_112935_984e>
...
006 (15271413.201.000) 12/18 14:07:06 Image size of job updated: 119528
	117  -  MemoryUsage of job (MB)
	119528  -  ResidentSetSize of job (KB)
...
006 (15271413.201.000) 12/18 14:11:03 Image size of job updated: 2625792
	117  -  MemoryUsage of job (MB)
	119528  -  ResidentSetSize of job (KB)
...
040 (15271413.201.000) 12/18 14:11:03 Started transferring output files
...
040 (15271413.201.000) 12/18 14:11:03 Finished transferring output files
...
005 (15271413.201.000) 12/18 14:11:03 Job terminated.
	(1) Normal termination (return value 0)
		Usr 0 00:02:53, Sys 0 00:00:03  -  Run Remote Usage
		Usr 0 00:00:00, Sys 0 00:00:00  -  Run Local Usage
		Usr 0 00:02:53, Sys 0 00:00:03  -  Total Remote Usage
		Usr 0 00:00:00, Sys 0 00:00:00  -  Total Local Usage
	112772  -  Run Bytes Sent By Job
	269  -  Run Bytes Received By Job
	112772  -  Total Bytes Sent By Job
	269  -  Total Bytes Received By Job
	Partitionable Resources :    Usage  Request Allocated 
	   Cpus                 :     0.94        1         1 
	   Disk (KB)            :   154           1   3034998 
	   Memory (MB)          :   117        2000      2000 

	Job terminated of its own accord at 2023-12-18T13:11:03Z.
...
