000 (15151925.003.000) 10/03 10:56:09 Job submitted from host: <188.184.90.241:9618?addrs=188.184.90.241-9618+[2001-1458-201-e4--100-2eb]-9618&alias=bigbird15.cern.ch&noUDP&sock=schedd_2763_c443>
...
040 (15151925.003.000) 10/03 11:09:03 Started transferring input files
	Transferring to host: <188.184.160.99:9618?addrs=188.184.160.99-9618+[2001-1458-301-48--100-5d]-9618&alias=b7s09p6630.cern.ch&noUDP&sock=slot1_6_3798_c8d4_180901>
...
040 (15151925.003.000) 10/03 11:09:03 Finished transferring input files
...
001 (15151925.003.000) 10/03 11:09:04 Job executing on host: <188.184.160.99:9618?addrs=188.184.160.99-9618+[2001-1458-301-48--100-5d]-9618&alias=b7s09p6630.cern.ch&noUDP&sock=startd_3115_359a>
...
006 (15151925.003.000) 10/03 11:09:12 Image size of job updated: 51396
	0  -  MemoryUsage of job (MB)
	0  -  ResidentSetSize of job (KB)
...
040 (15151925.003.000) 10/03 11:09:12 Started transferring output files
...
040 (15151925.003.000) 10/03 11:09:12 Finished transferring output files
...
005 (15151925.003.000) 10/03 11:09:12 Job terminated.
	(1) Normal termination (return value 0)
		Usr 0 00:00:00, Sys 0 00:00:00  -  Run Remote Usage
		Usr 0 00:00:00, Sys 0 00:00:00  -  Run Local Usage
		Usr 0 00:00:00, Sys 0 00:00:00  -  Total Remote Usage
		Usr 0 00:00:00, Sys 0 00:00:00  -  Total Local Usage
	22143  -  Run Bytes Sent By Job
	323  -  Run Bytes Received By Job
	22143  -  Total Bytes Sent By Job
	323  -  Total Bytes Received By Job
	Partitionable Resources :    Usage  Request Allocated 
	   Cpus                 :                 1         1 
	   Disk (KB)            :       36        1   3034102 
	   Memory (MB)          :        0     2000      2000 

	Job terminated of its own accord at 2023-10-03T09:09:12Z.
...
