Error in <TSystem::ExpandFileName>: input: $HOME/.root.mimes, output: $HOME/.root.mimes
Info in <TCanvas::MakeDefCanvas>:  created default TCanvas with name c1
Warning in <Fit>: Fit data is empty 
Warning in <Fit>: Fit data is empty 
Warning in <Fit>: Fit data is empty 
Warning in <Fit>: Fit data is empty 
Warning in <Fit>: Fit data is empty 
Warning in <Fit>: Fit data is empty 
Info in <TCanvas::Print>: png file /eos/home-s/spalluot/www/MTD/MTDTB_CERN_Sep23/pulseShapes//HPK_nonIrr_LYSO528_Vov3.50_angle52_T5C/c_energy_bar00LR_Vov3.50_th05.png has been created
Info in <TCanvas::Print>: pdf file /eos/home-s/spalluot/www/MTD/MTDTB_CERN_Sep23/pulseShapes//HPK_nonIrr_LYSO528_Vov3.50_angle52_T5C/c_energy_bar00LR_Vov3.50_th05.pdf has been created
Info in <TCanvas::Print>: png file /eos/home-s/spalluot/www/MTD/MTDTB_CERN_Sep23/pulseShapes//HPK_nonIrr_LYSO528_Vov3.50_angle52_T5C/c_energy_bar01LR_Vov3.50_th05.png has been created
Info in <TCanvas::Print>: pdf file /eos/home-s/spalluot/www/MTD/MTDTB_CERN_Sep23/pulseShapes//HPK_nonIrr_LYSO528_Vov3.50_angle52_T5C/c_energy_bar01LR_Vov3.50_th05.pdf has been created
Info in <TCanvas::Print>: png file /eos/home-s/spalluot/www/MTD/MTDTB_CERN_Sep23/pulseShapes//HPK_nonIrr_LYSO528_Vov3.50_angle52_T5C/c_energy_bar02LR_Vov3.50_th05.png has been created
Info in <TCanvas::Print>: pdf file /eos/home-s/spalluot/www/MTD/MTDTB_CERN_Sep23/pulseShapes//HPK_nonIrr_LYSO528_Vov3.50_angle52_T5C/c_energy_bar02LR_Vov3.50_th05.pdf has been created
Info in <TCanvas::Print>: png file /eos/home-s/spalluot/www/MTD/MTDTB_CERN_Sep23/pulseShapes//HPK_nonIrr_LYSO528_Vov3.50_angle52_T5C/c_energy_bar03LR_Vov3.50_th05.png has been created
Info in <TCanvas::Print>: pdf file /eos/home-s/spalluot/www/MTD/MTDTB_CERN_Sep23/pulseShapes//HPK_nonIrr_LYSO528_Vov3.50_angle52_T5C/c_energy_bar03LR_Vov3.50_th05.pdf has been created
Info in <TCanvas::Print>: png file /eos/home-s/spalluot/www/MTD/MTDTB_CERN_Sep23/pulseShapes//HPK_nonIrr_LYSO528_Vov3.50_angle52_T5C/c_energy_bar04LR_Vov3.50_th05.png has been created
Info in <TCanvas::Print>: pdf file /eos/home-s/spalluot/www/MTD/MTDTB_CERN_Sep23/pulseShapes//HPK_nonIrr_LYSO528_Vov3.50_angle52_T5C/c_energy_bar04LR_Vov3.50_th05.pdf has been created
Info in <TCanvas::Print>: png file /eos/home-s/spalluot/www/MTD/MTDTB_CERN_Sep23/pulseShapes//HPK_nonIrr_LYSO528_Vov3.50_angle52_T5C/c_energy_bar05LR_Vov3.50_th05.png has been created
Info in <TCanvas::Print>: pdf file /eos/home-s/spalluot/www/MTD/MTDTB_CERN_Sep23/pulseShapes//HPK_nonIrr_LYSO528_Vov3.50_angle52_T5C/c_energy_bar05LR_Vov3.50_th05.pdf has been created
Info in <TCanvas::Print>: png file /eos/home-s/spalluot/www/MTD/MTDTB_CERN_Sep23/pulseShapes//HPK_nonIrr_LYSO528_Vov3.50_angle52_T5C/c_energy_bar06LR_Vov3.50_th05.png has been created
Info in <TCanvas::Print>: pdf file /eos/home-s/spalluot/www/MTD/MTDTB_CERN_Sep23/pulseShapes//HPK_nonIrr_LYSO528_Vov3.50_angle52_T5C/c_energy_bar06LR_Vov3.50_th05.pdf has been created
Info in <TCanvas::Print>: png file /eos/home-s/spalluot/www/MTD/MTDTB_CERN_Sep23/pulseShapes//HPK_nonIrr_LYSO528_Vov3.50_angle52_T5C/c_energy_bar07LR_Vov3.50_th05.png has been created
Info in <TCanvas::Print>: pdf file /eos/home-s/spalluot/www/MTD/MTDTB_CERN_Sep23/pulseShapes//HPK_nonIrr_LYSO528_Vov3.50_angle52_T5C/c_energy_bar07LR_Vov3.50_th05.pdf has been created
Info in <TCanvas::Print>: png file /eos/home-s/spalluot/www/MTD/MTDTB_CERN_Sep23/pulseShapes//HPK_nonIrr_LYSO528_Vov3.50_angle52_T5C/c_energy_bar08LR_Vov3.50_th05.png has been created
Info in <TCanvas::Print>: pdf file /eos/home-s/spalluot/www/MTD/MTDTB_CERN_Sep23/pulseShapes//HPK_nonIrr_LYSO528_Vov3.50_angle52_T5C/c_energy_bar08LR_Vov3.50_th05.pdf has been created
Info in <TCanvas::Print>: png file /eos/home-s/spalluot/www/MTD/MTDTB_CERN_Sep23/pulseShapes//HPK_nonIrr_LYSO528_Vov3.50_angle52_T5C/c_energy_bar09LR_Vov3.50_th05.png has been created
Info in <TCanvas::Print>: pdf file /eos/home-s/spalluot/www/MTD/MTDTB_CERN_Sep23/pulseShapes//HPK_nonIrr_LYSO528_Vov3.50_angle52_T5C/c_energy_bar09LR_Vov3.50_th05.pdf has been created
Info in <TCanvas::Print>: png file /eos/home-s/spalluot/www/MTD/MTDTB_CERN_Sep23/pulseShapes//HPK_nonIrr_LYSO528_Vov3.50_angle52_T5C/c_energy_bar10LR_Vov3.50_th05.png has been created
Info in <TCanvas::Print>: pdf file /eos/home-s/spalluot/www/MTD/MTDTB_CERN_Sep23/pulseShapes//HPK_nonIrr_LYSO528_Vov3.50_angle52_T5C/c_energy_bar10LR_Vov3.50_th05.pdf has been created
Info in <TCanvas::Print>: png file /eos/home-s/spalluot/www/MTD/MTDTB_CERN_Sep23/pulseShapes//HPK_nonIrr_LYSO528_Vov3.50_angle52_T5C/c_energy_bar11LR_Vov3.50_th05.png has been created
Info in <TCanvas::Print>: pdf file /eos/home-s/spalluot/www/MTD/MTDTB_CERN_Sep23/pulseShapes//HPK_nonIrr_LYSO528_Vov3.50_angle52_T5C/c_energy_bar11LR_Vov3.50_th05.pdf has been created
Info in <TCanvas::Print>: png file /eos/home-s/spalluot/www/MTD/MTDTB_CERN_Sep23/pulseShapes//HPK_nonIrr_LYSO528_Vov3.50_angle52_T5C/c_energy_bar12LR_Vov3.50_th05.png has been created
Info in <TCanvas::Print>: pdf file /eos/home-s/spalluot/www/MTD/MTDTB_CERN_Sep23/pulseShapes//HPK_nonIrr_LYSO528_Vov3.50_angle52_T5C/c_energy_bar12LR_Vov3.50_th05.pdf has been created
Info in <TCanvas::Print>: png file /eos/home-s/spalluot/www/MTD/MTDTB_CERN_Sep23/pulseShapes//HPK_nonIrr_LYSO528_Vov3.50_angle52_T5C/c_energy_bar13LR_Vov3.50_th05.png has been created
Info in <TCanvas::Print>: pdf file /eos/home-s/spalluot/www/MTD/MTDTB_CERN_Sep23/pulseShapes//HPK_nonIrr_LYSO528_Vov3.50_angle52_T5C/c_energy_bar13LR_Vov3.50_th05.pdf has been created
Info in <TCanvas::Print>: png file /eos/home-s/spalluot/www/MTD/MTDTB_CERN_Sep23/pulseShapes//HPK_nonIrr_LYSO528_Vov3.50_angle52_T5C/c_energy_bar14LR_Vov3.50_th05.png has been created
Info in <TCanvas::Print>: pdf file /eos/home-s/spalluot/www/MTD/MTDTB_CERN_Sep23/pulseShapes//HPK_nonIrr_LYSO528_Vov3.50_angle52_T5C/c_energy_bar14LR_Vov3.50_th05.pdf has been created
Info in <TCanvas::Print>: png file /eos/home-s/spalluot/www/MTD/MTDTB_CERN_Sep23/pulseShapes//HPK_nonIrr_LYSO528_Vov3.50_angle52_T5C/c_energy_bar15LR_Vov3.50_th05.png has been created
Info in <TCanvas::Print>: pdf file /eos/home-s/spalluot/www/MTD/MTDTB_CERN_Sep23/pulseShapes//HPK_nonIrr_LYSO528_Vov3.50_angle52_T5C/c_energy_bar15LR_Vov3.50_th05.pdf has been created
Info in <TCanvas::Print>: png file /eos/home-s/spalluot/www/MTD/MTDTB_CERN_Sep23/pulseShapes//HPK_nonIrr_LYSO528_Vov3.50_angle52_T5C/c_energy_bar00LR_Vov3.50_th07.png has been created
Info in <TCanvas::Print>: pdf file /eos/home-s/spalluot/www/MTD/MTDTB_CERN_Sep23/pulseShapes//HPK_nonIrr_LYSO528_Vov3.50_angle52_T5C/c_energy_bar00LR_Vov3.50_th07.pdf has been created
Info in <TCanvas::Print>: png file /eos/home-s/spalluot/www/MTD/MTDTB_CERN_Sep23/pulseShapes//HPK_nonIrr_LYSO528_Vov3.50_angle52_T5C/c_energy_bar01LR_Vov3.50_th07.png has been created
Info in <TCanvas::Print>: pdf file /eos/home-s/spalluot/www/MTD/MTDTB_CERN_Sep23/pulseShapes//HPK_nonIrr_LYSO528_Vov3.50_angle52_T5C/c_energy_bar01LR_Vov3.50_th07.pdf has been created
Info in <TCanvas::Print>: png file /eos/home-s/spalluot/www/MTD/MTDTB_CERN_Sep23/pulseShapes//HPK_nonIrr_LYSO528_Vov3.50_angle52_T5C/c_energy_bar02LR_Vov3.50_th07.png has been created
Info in <TCanvas::Print>: pdf file /eos/home-s/spalluot/www/MTD/MTDTB_CERN_Sep23/pulseShapes//HPK_nonIrr_LYSO528_Vov3.50_angle52_T5C/c_energy_bar02LR_Vov3.50_th07.pdf has been created
Info in <TCanvas::Print>: png file /eos/home-s/spalluot/www/MTD/MTDTB_CERN_Sep23/pulseShapes//HPK_nonIrr_LYSO528_Vov3.50_angle52_T5C/c_energy_bar03LR_Vov3.50_th07.png has been created
Info in <TCanvas::Print>: pdf file /eos/home-s/spalluot/www/MTD/MTDTB_CERN_Sep23/pulseShapes//HPK_nonIrr_LYSO528_Vov3.50_angle52_T5C/c_energy_bar03LR_Vov3.50_th07.pdf has been created
Info in <TCanvas::Print>: png file /eos/home-s/spalluot/www/MTD/MTDTB_CERN_Sep23/pulseShapes//HPK_nonIrr_LYSO528_Vov3.50_angle52_T5C/c_energy_bar04LR_Vov3.50_th07.png has been created
Info in <TCanvas::Print>: pdf file /eos/home-s/spalluot/www/MTD/MTDTB_CERN_Sep23/pulseShapes//HPK_nonIrr_LYSO528_Vov3.50_angle52_T5C/c_energy_bar04LR_Vov3.50_th07.pdf has been created
Info in <TCanvas::Print>: png file /eos/home-s/spalluot/www/MTD/MTDTB_CERN_Sep23/pulseShapes//HPK_nonIrr_LYSO528_Vov3.50_angle52_T5C/c_energy_bar05LR_Vov3.50_th07.png has been created
Info in <TCanvas::Print>: pdf file /eos/home-s/spalluot/www/MTD/MTDTB_CERN_Sep23/pulseShapes//HPK_nonIrr_LYSO528_Vov3.50_angle52_T5C/c_energy_bar05LR_Vov3.50_th07.pdf has been created
Info in <TCanvas::Print>: png file /eos/home-s/spalluot/www/MTD/MTDTB_CERN_Sep23/pulseShapes//HPK_nonIrr_LYSO528_Vov3.50_angle52_T5C/c_energy_bar06LR_Vov3.50_th07.png has been created
Info in <TCanvas::Print>: pdf file /eos/home-s/spalluot/www/MTD/MTDTB_CERN_Sep23/pulseShapes//HPK_nonIrr_LYSO528_Vov3.50_angle52_T5C/c_energy_bar06LR_Vov3.50_th07.pdf has been created
Info in <TCanvas::Print>: png file /eos/home-s/spalluot/www/MTD/MTDTB_CERN_Sep23/pulseShapes//HPK_nonIrr_LYSO528_Vov3.50_angle52_T5C/c_energy_bar07LR_Vov3.50_th07.png has been created
Info in <TCanvas::Print>: pdf file /eos/home-s/spalluot/www/MTD/MTDTB_CERN_Sep23/pulseShapes//HPK_nonIrr_LYSO528_Vov3.50_angle52_T5C/c_energy_bar07LR_Vov3.50_th07.pdf has been created
Info in <TCanvas::Print>: png file /eos/home-s/spalluot/www/MTD/MTDTB_CERN_Sep23/pulseShapes//HPK_nonIrr_LYSO528_Vov3.50_angle52_T5C/c_energy_bar08LR_Vov3.50_th07.png has been created
Info in <TCanvas::Print>: pdf file /eos/home-s/spalluot/www/MTD/MTDTB_CERN_Sep23/pulseShapes//HPK_nonIrr_LYSO528_Vov3.50_angle52_T5C/c_energy_bar08LR_Vov3.50_th07.pdf has been created
Info in <TCanvas::Print>: png file /eos/home-s/spalluot/www/MTD/MTDTB_CERN_Sep23/pulseShapes//HPK_nonIrr_LYSO528_Vov3.50_angle52_T5C/c_energy_bar09LR_Vov3.50_th07.png has been created
Info in <TCanvas::Print>: pdf file /eos/home-s/spalluot/www/MTD/MTDTB_CERN_Sep23/pulseShapes//HPK_nonIrr_LYSO528_Vov3.50_angle52_T5C/c_energy_bar09LR_Vov3.50_th07.pdf has been created
Info in <TCanvas::Print>: png file /eos/home-s/spalluot/www/MTD/MTDTB_CERN_Sep23/pulseShapes//HPK_nonIrr_LYSO528_Vov3.50_angle52_T5C/c_energy_bar10LR_Vov3.50_th07.png has been created
Info in <TCanvas::Print>: pdf file /eos/home-s/spalluot/www/MTD/MTDTB_CERN_Sep23/pulseShapes//HPK_nonIrr_LYSO528_Vov3.50_angle52_T5C/c_energy_bar10LR_Vov3.50_th07.pdf has been created
Info in <TCanvas::Print>: png file /eos/home-s/spalluot/www/MTD/MTDTB_CERN_Sep23/pulseShapes//HPK_nonIrr_LYSO528_Vov3.50_angle52_T5C/c_energy_bar11LR_Vov3.50_th07.png has been created
Info in <TCanvas::Print>: pdf file /eos/home-s/spalluot/www/MTD/MTDTB_CERN_Sep23/pulseShapes//HPK_nonIrr_LYSO528_Vov3.50_angle52_T5C/c_energy_bar11LR_Vov3.50_th07.pdf has been created
Info in <TCanvas::Print>: png file /eos/home-s/spalluot/www/MTD/MTDTB_CERN_Sep23/pulseShapes//HPK_nonIrr_LYSO528_Vov3.50_angle52_T5C/c_energy_bar12LR_Vov3.50_th07.png has been created
Info in <TCanvas::Print>: pdf file /eos/home-s/spalluot/www/MTD/MTDTB_CERN_Sep23/pulseShapes//HPK_nonIrr_LYSO528_Vov3.50_angle52_T5C/c_energy_bar12LR_Vov3.50_th07.pdf has been created
Info in <TCanvas::Print>: png file /eos/home-s/spalluot/www/MTD/MTDTB_CERN_Sep23/pulseShapes//HPK_nonIrr_LYSO528_Vov3.50_angle52_T5C/c_energy_bar13LR_Vov3.50_th07.png has been created
Info in <TCanvas::Print>: pdf file /eos/home-s/spalluot/www/MTD/MTDTB_CERN_Sep23/pulseShapes//HPK_nonIrr_LYSO528_Vov3.50_angle52_T5C/c_energy_bar13LR_Vov3.50_th07.pdf has been created
Info in <TCanvas::Print>: png file /eos/home-s/spalluot/www/MTD/MTDTB_CERN_Sep23/pulseShapes//HPK_nonIrr_LYSO528_Vov3.50_angle52_T5C/c_energy_bar14LR_Vov3.50_th07.png has been created
Info in <TCanvas::Print>: pdf file /eos/home-s/spalluot/www/MTD/MTDTB_CERN_Sep23/pulseShapes//HPK_nonIrr_LYSO528_Vov3.50_angle52_T5C/c_energy_bar14LR_Vov3.50_th07.pdf has been created
Info in <TCanvas::Print>: png file /eos/home-s/spalluot/www/MTD/MTDTB_CERN_Sep23/pulseShapes//HPK_nonIrr_LYSO528_Vov3.50_angle52_T5C/c_energy_bar15LR_Vov3.50_th07.png has been created
Info in <TCanvas::Print>: pdf file /eos/home-s/spalluot/www/MTD/MTDTB_CERN_Sep23/pulseShapes//HPK_nonIrr_LYSO528_Vov3.50_angle52_T5C/c_energy_bar15LR_Vov3.50_th07.pdf has been created
Info in <TCanvas::Print>: png file /eos/home-s/spalluot/www/MTD/MTDTB_CERN_Sep23/pulseShapes//HPK_nonIrr_LYSO528_Vov3.50_angle52_T5C/c_energy_bar00LR_Vov3.50_th11.png has been created
Info in <TCanvas::Print>: pdf file /eos/home-s/spalluot/www/MTD/MTDTB_CERN_Sep23/pulseShapes//HPK_nonIrr_LYSO528_Vov3.50_angle52_T5C/c_energy_bar00LR_Vov3.50_th11.pdf has been created
Info in <TCanvas::Print>: png file /eos/home-s/spalluot/www/MTD/MTDTB_CERN_Sep23/pulseShapes//HPK_nonIrr_LYSO528_Vov3.50_angle52_T5C/c_energy_bar01LR_Vov3.50_th11.png has been created
Info in <TCanvas::Print>: pdf file /eos/home-s/spalluot/www/MTD/MTDTB_CERN_Sep23/pulseShapes//HPK_nonIrr_LYSO528_Vov3.50_angle52_T5C/c_energy_bar01LR_Vov3.50_th11.pdf has been created
Info in <TCanvas::Print>: png file /eos/home-s/spalluot/www/MTD/MTDTB_CERN_Sep23/pulseShapes//HPK_nonIrr_LYSO528_Vov3.50_angle52_T5C/c_energy_bar02LR_Vov3.50_th11.png has been created
Info in <TCanvas::Print>: pdf file /eos/home-s/spalluot/www/MTD/MTDTB_CERN_Sep23/pulseShapes//HPK_nonIrr_LYSO528_Vov3.50_angle52_T5C/c_energy_bar02LR_Vov3.50_th11.pdf has been created
Info in <TCanvas::Print>: png file /eos/home-s/spalluot/www/MTD/MTDTB_CERN_Sep23/pulseShapes//HPK_nonIrr_LYSO528_Vov3.50_angle52_T5C/c_energy_bar03LR_Vov3.50_th11.png has been created
Info in <TCanvas::Print>: pdf file /eos/home-s/spalluot/www/MTD/MTDTB_CERN_Sep23/pulseShapes//HPK_nonIrr_LYSO528_Vov3.50_angle52_T5C/c_energy_bar03LR_Vov3.50_th11.pdf has been created
Info in <TCanvas::Print>: png file /eos/home-s/spalluot/www/MTD/MTDTB_CERN_Sep23/pulseShapes//HPK_nonIrr_LYSO528_Vov3.50_angle52_T5C/c_energy_bar04LR_Vov3.50_th11.png has been created
Info in <TCanvas::Print>: pdf file /eos/home-s/spalluot/www/MTD/MTDTB_CERN_Sep23/pulseShapes//HPK_nonIrr_LYSO528_Vov3.50_angle52_T5C/c_energy_bar04LR_Vov3.50_th11.pdf has been created
Info in <TCanvas::Print>: png file /eos/home-s/spalluot/www/MTD/MTDTB_CERN_Sep23/pulseShapes//HPK_nonIrr_LYSO528_Vov3.50_angle52_T5C/c_energy_bar05LR_Vov3.50_th11.png has been created
Info in <TCanvas::Print>: pdf file /eos/home-s/spalluot/www/MTD/MTDTB_CERN_Sep23/pulseShapes//HPK_nonIrr_LYSO528_Vov3.50_angle52_T5C/c_energy_bar05LR_Vov3.50_th11.pdf has been created
Info in <TCanvas::Print>: png file /eos/home-s/spalluot/www/MTD/MTDTB_CERN_Sep23/pulseShapes//HPK_nonIrr_LYSO528_Vov3.50_angle52_T5C/c_energy_bar06LR_Vov3.50_th11.png has been created
Info in <TCanvas::Print>: pdf file /eos/home-s/spalluot/www/MTD/MTDTB_CERN_Sep23/pulseShapes//HPK_nonIrr_LYSO528_Vov3.50_angle52_T5C/c_energy_bar06LR_Vov3.50_th11.pdf has been created
Info in <TCanvas::Print>: png file /eos/home-s/spalluot/www/MTD/MTDTB_CERN_Sep23/pulseShapes//HPK_nonIrr_LYSO528_Vov3.50_angle52_T5C/c_energy_bar07LR_Vov3.50_th11.png has been created
Info in <TCanvas::Print>: pdf file /eos/home-s/spalluot/www/MTD/MTDTB_CERN_Sep23/pulseShapes//HPK_nonIrr_LYSO528_Vov3.50_angle52_T5C/c_energy_bar07LR_Vov3.50_th11.pdf has been created
Info in <TCanvas::Print>: png file /eos/home-s/spalluot/www/MTD/MTDTB_CERN_Sep23/pulseShapes//HPK_nonIrr_LYSO528_Vov3.50_angle52_T5C/c_energy_bar08LR_Vov3.50_th11.png has been created
Info in <TCanvas::Print>: pdf file /eos/home-s/spalluot/www/MTD/MTDTB_CERN_Sep23/pulseShapes//HPK_nonIrr_LYSO528_Vov3.50_angle52_T5C/c_energy_bar08LR_Vov3.50_th11.pdf has been created
Info in <TCanvas::Print>: png file /eos/home-s/spalluot/www/MTD/MTDTB_CERN_Sep23/pulseShapes//HPK_nonIrr_LYSO528_Vov3.50_angle52_T5C/c_energy_bar09LR_Vov3.50_th11.png has been created
Info in <TCanvas::Print>: pdf file /eos/home-s/spalluot/www/MTD/MTDTB_CERN_Sep23/pulseShapes//HPK_nonIrr_LYSO528_Vov3.50_angle52_T5C/c_energy_bar09LR_Vov3.50_th11.pdf has been created
Info in <TCanvas::Print>: png file /eos/home-s/spalluot/www/MTD/MTDTB_CERN_Sep23/pulseShapes//HPK_nonIrr_LYSO528_Vov3.50_angle52_T5C/c_energy_bar10LR_Vov3.50_th11.png has been created
Info in <TCanvas::Print>: pdf file /eos/home-s/spalluot/www/MTD/MTDTB_CERN_Sep23/pulseShapes//HPK_nonIrr_LYSO528_Vov3.50_angle52_T5C/c_energy_bar10LR_Vov3.50_th11.pdf has been created
Info in <TCanvas::Print>: png file /eos/home-s/spalluot/www/MTD/MTDTB_CERN_Sep23/pulseShapes//HPK_nonIrr_LYSO528_Vov3.50_angle52_T5C/c_energy_bar11LR_Vov3.50_th11.png has been created
Info in <TCanvas::Print>: pdf file /eos/home-s/spalluot/www/MTD/MTDTB_CERN_Sep23/pulseShapes//HPK_nonIrr_LYSO528_Vov3.50_angle52_T5C/c_energy_bar11LR_Vov3.50_th11.pdf has been created
Info in <TCanvas::Print>: png file /eos/home-s/spalluot/www/MTD/MTDTB_CERN_Sep23/pulseShapes//HPK_nonIrr_LYSO528_Vov3.50_angle52_T5C/c_energy_bar12LR_Vov3.50_th11.png has been created
Info in <TCanvas::Print>: pdf file /eos/home-s/spalluot/www/MTD/MTDTB_CERN_Sep23/pulseShapes//HPK_nonIrr_LYSO528_Vov3.50_angle52_T5C/c_energy_bar12LR_Vov3.50_th11.pdf has been created
Info in <TCanvas::Print>: png file /eos/home-s/spalluot/www/MTD/MTDTB_CERN_Sep23/pulseShapes//HPK_nonIrr_LYSO528_Vov3.50_angle52_T5C/c_energy_bar13LR_Vov3.50_th11.png has been created
Info in <TCanvas::Print>: pdf file /eos/home-s/spalluot/www/MTD/MTDTB_CERN_Sep23/pulseShapes//HPK_nonIrr_LYSO528_Vov3.50_angle52_T5C/c_energy_bar13LR_Vov3.50_th11.pdf has been created
Info in <TCanvas::Print>: png file /eos/home-s/spalluot/www/MTD/MTDTB_CERN_Sep23/pulseShapes//HPK_nonIrr_LYSO528_Vov3.50_angle52_T5C/c_energy_bar14LR_Vov3.50_th11.png has been created
Info in <TCanvas::Print>: pdf file /eos/home-s/spalluot/www/MTD/MTDTB_CERN_Sep23/pulseShapes//HPK_nonIrr_LYSO528_Vov3.50_angle52_T5C/c_energy_bar14LR_Vov3.50_th11.pdf has been created
Info in <TCanvas::Print>: png file /eos/home-s/spalluot/www/MTD/MTDTB_CERN_Sep23/pulseShapes//HPK_nonIrr_LYSO528_Vov3.50_angle52_T5C/c_energy_bar15LR_Vov3.50_th11.png has been created
Info in <TCanvas::Print>: pdf file /eos/home-s/spalluot/www/MTD/MTDTB_CERN_Sep23/pulseShapes//HPK_nonIrr_LYSO528_Vov3.50_angle52_T5C/c_energy_bar15LR_Vov3.50_th11.pdf has been created
Info in <TCanvas::Print>: png file /eos/home-s/spalluot/www/MTD/MTDTB_CERN_Sep23/pulseShapes//HPK_nonIrr_LYSO528_Vov3.50_angle52_T5C/c_energy_bar00LR_Vov3.50_th15.png has been created
Info in <TCanvas::Print>: pdf file /eos/home-s/spalluot/www/MTD/MTDTB_CERN_Sep23/pulseShapes//HPK_nonIrr_LYSO528_Vov3.50_angle52_T5C/c_energy_bar00LR_Vov3.50_th15.pdf has been created
Info in <TCanvas::Print>: png file /eos/home-s/spalluot/www/MTD/MTDTB_CERN_Sep23/pulseShapes//HPK_nonIrr_LYSO528_Vov3.50_angle52_T5C/c_energy_bar01LR_Vov3.50_th15.png has been created
Info in <TCanvas::Print>: pdf file /eos/home-s/spalluot/www/MTD/MTDTB_CERN_Sep23/pulseShapes//HPK_nonIrr_LYSO528_Vov3.50_angle52_T5C/c_energy_bar01LR_Vov3.50_th15.pdf has been created
Info in <TCanvas::Print>: png file /eos/home-s/spalluot/www/MTD/MTDTB_CERN_Sep23/pulseShapes//HPK_nonIrr_LYSO528_Vov3.50_angle52_T5C/c_energy_bar02LR_Vov3.50_th15.png has been created
Info in <TCanvas::Print>: pdf file /eos/home-s/spalluot/www/MTD/MTDTB_CERN_Sep23/pulseShapes//HPK_nonIrr_LYSO528_Vov3.50_angle52_T5C/c_energy_bar02LR_Vov3.50_th15.pdf has been created
Info in <TCanvas::Print>: png file /eos/home-s/spalluot/www/MTD/MTDTB_CERN_Sep23/pulseShapes//HPK_nonIrr_LYSO528_Vov3.50_angle52_T5C/c_energy_bar03LR_Vov3.50_th15.png has been created
Info in <TCanvas::Print>: pdf file /eos/home-s/spalluot/www/MTD/MTDTB_CERN_Sep23/pulseShapes//HPK_nonIrr_LYSO528_Vov3.50_angle52_T5C/c_energy_bar03LR_Vov3.50_th15.pdf has been created
Info in <TCanvas::Print>: png file /eos/home-s/spalluot/www/MTD/MTDTB_CERN_Sep23/pulseShapes//HPK_nonIrr_LYSO528_Vov3.50_angle52_T5C/c_energy_bar04LR_Vov3.50_th15.png has been created
Info in <TCanvas::Print>: pdf file /eos/home-s/spalluot/www/MTD/MTDTB_CERN_Sep23/pulseShapes//HPK_nonIrr_LYSO528_Vov3.50_angle52_T5C/c_energy_bar04LR_Vov3.50_th15.pdf has been created
Info in <TCanvas::Print>: png file /eos/home-s/spalluot/www/MTD/MTDTB_CERN_Sep23/pulseShapes//HPK_nonIrr_LYSO528_Vov3.50_angle52_T5C/c_energy_bar05LR_Vov3.50_th15.png has been created
Info in <TCanvas::Print>: pdf file /eos/home-s/spalluot/www/MTD/MTDTB_CERN_Sep23/pulseShapes//HPK_nonIrr_LYSO528_Vov3.50_angle52_T5C/c_energy_bar05LR_Vov3.50_th15.pdf has been created
Info in <TCanvas::Print>: png file /eos/home-s/spalluot/www/MTD/MTDTB_CERN_Sep23/pulseShapes//HPK_nonIrr_LYSO528_Vov3.50_angle52_T5C/c_energy_bar06LR_Vov3.50_th15.png has been created
Info in <TCanvas::Print>: pdf file /eos/home-s/spalluot/www/MTD/MTDTB_CERN_Sep23/pulseShapes//HPK_nonIrr_LYSO528_Vov3.50_angle52_T5C/c_energy_bar06LR_Vov3.50_th15.pdf has been created
Info in <TCanvas::Print>: png file /eos/home-s/spalluot/www/MTD/MTDTB_CERN_Sep23/pulseShapes//HPK_nonIrr_LYSO528_Vov3.50_angle52_T5C/c_energy_bar07LR_Vov3.50_th15.png has been created
Info in <TCanvas::Print>: pdf file /eos/home-s/spalluot/www/MTD/MTDTB_CERN_Sep23/pulseShapes//HPK_nonIrr_LYSO528_Vov3.50_angle52_T5C/c_energy_bar07LR_Vov3.50_th15.pdf has been created
Info in <TCanvas::Print>: png file /eos/home-s/spalluot/www/MTD/MTDTB_CERN_Sep23/pulseShapes//HPK_nonIrr_LYSO528_Vov3.50_angle52_T5C/c_energy_bar08LR_Vov3.50_th15.png has been created
Info in <TCanvas::Print>: pdf file /eos/home-s/spalluot/www/MTD/MTDTB_CERN_Sep23/pulseShapes//HPK_nonIrr_LYSO528_Vov3.50_angle52_T5C/c_energy_bar08LR_Vov3.50_th15.pdf has been created
Info in <TCanvas::Print>: png file /eos/home-s/spalluot/www/MTD/MTDTB_CERN_Sep23/pulseShapes//HPK_nonIrr_LYSO528_Vov3.50_angle52_T5C/c_energy_bar09LR_Vov3.50_th15.png has been created
Info in <TCanvas::Print>: pdf file /eos/home-s/spalluot/www/MTD/MTDTB_CERN_Sep23/pulseShapes//HPK_nonIrr_LYSO528_Vov3.50_angle52_T5C/c_energy_bar09LR_Vov3.50_th15.pdf has been created
Info in <TCanvas::Print>: png file /eos/home-s/spalluot/www/MTD/MTDTB_CERN_Sep23/pulseShapes//HPK_nonIrr_LYSO528_Vov3.50_angle52_T5C/c_energy_bar10LR_Vov3.50_th15.png has been created
Info in <TCanvas::Print>: pdf file /eos/home-s/spalluot/www/MTD/MTDTB_CERN_Sep23/pulseShapes//HPK_nonIrr_LYSO528_Vov3.50_angle52_T5C/c_energy_bar10LR_Vov3.50_th15.pdf has been created
Info in <TCanvas::Print>: png file /eos/home-s/spalluot/www/MTD/MTDTB_CERN_Sep23/pulseShapes//HPK_nonIrr_LYSO528_Vov3.50_angle52_T5C/c_energy_bar11LR_Vov3.50_th15.png has been created
Info in <TCanvas::Print>: pdf file /eos/home-s/spalluot/www/MTD/MTDTB_CERN_Sep23/pulseShapes//HPK_nonIrr_LYSO528_Vov3.50_angle52_T5C/c_energy_bar11LR_Vov3.50_th15.pdf has been created
Info in <TCanvas::Print>: png file /eos/home-s/spalluot/www/MTD/MTDTB_CERN_Sep23/pulseShapes//HPK_nonIrr_LYSO528_Vov3.50_angle52_T5C/c_energy_bar12LR_Vov3.50_th15.png has been created
Info in <TCanvas::Print>: pdf file /eos/home-s/spalluot/www/MTD/MTDTB_CERN_Sep23/pulseShapes//HPK_nonIrr_LYSO528_Vov3.50_angle52_T5C/c_energy_bar12LR_Vov3.50_th15.pdf has been created
Info in <TCanvas::Print>: png file /eos/home-s/spalluot/www/MTD/MTDTB_CERN_Sep23/pulseShapes//HPK_nonIrr_LYSO528_Vov3.50_angle52_T5C/c_energy_bar13LR_Vov3.50_th15.png has been created
Info in <TCanvas::Print>: pdf file /eos/home-s/spalluot/www/MTD/MTDTB_CERN_Sep23/pulseShapes//HPK_nonIrr_LYSO528_Vov3.50_angle52_T5C/c_energy_bar13LR_Vov3.50_th15.pdf has been created
Info in <TCanvas::Print>: png file /eos/home-s/spalluot/www/MTD/MTDTB_CERN_Sep23/pulseShapes//HPK_nonIrr_LYSO528_Vov3.50_angle52_T5C/c_energy_bar14LR_Vov3.50_th15.png has been created
Info in <TCanvas::Print>: pdf file /eos/home-s/spalluot/www/MTD/MTDTB_CERN_Sep23/pulseShapes//HPK_nonIrr_LYSO528_Vov3.50_angle52_T5C/c_energy_bar14LR_Vov3.50_th15.pdf has been created
Info in <TCanvas::Print>: png file /eos/home-s/spalluot/www/MTD/MTDTB_CERN_Sep23/pulseShapes//HPK_nonIrr_LYSO528_Vov3.50_angle52_T5C/c_energy_bar15LR_Vov3.50_th15.png has been created
Info in <TCanvas::Print>: pdf file /eos/home-s/spalluot/www/MTD/MTDTB_CERN_Sep23/pulseShapes//HPK_nonIrr_LYSO528_Vov3.50_angle52_T5C/c_energy_bar15LR_Vov3.50_th15.pdf has been created
Info in <TCanvas::Print>: png file /eos/home-s/spalluot/www/MTD/MTDTB_CERN_Sep23/pulseShapes//HPK_nonIrr_LYSO528_Vov3.50_angle52_T5C/c_energy_bar00LR_Vov3.50_th20.png has been created
Info in <TCanvas::Print>: pdf file /eos/home-s/spalluot/www/MTD/MTDTB_CERN_Sep23/pulseShapes//HPK_nonIrr_LYSO528_Vov3.50_angle52_T5C/c_energy_bar00LR_Vov3.50_th20.pdf has been created
Info in <TCanvas::Print>: png file /eos/home-s/spalluot/www/MTD/MTDTB_CERN_Sep23/pulseShapes//HPK_nonIrr_LYSO528_Vov3.50_angle52_T5C/c_energy_bar01LR_Vov3.50_th20.png has been created
Info in <TCanvas::Print>: pdf file /eos/home-s/spalluot/www/MTD/MTDTB_CERN_Sep23/pulseShapes//HPK_nonIrr_LYSO528_Vov3.50_angle52_T5C/c_energy_bar01LR_Vov3.50_th20.pdf has been created
Info in <TCanvas::Print>: png file /eos/home-s/spalluot/www/MTD/MTDTB_CERN_Sep23/pulseShapes//HPK_nonIrr_LYSO528_Vov3.50_angle52_T5C/c_energy_bar02LR_Vov3.50_th20.png has been created
Info in <TCanvas::Print>: pdf file /eos/home-s/spalluot/www/MTD/MTDTB_CERN_Sep23/pulseShapes//HPK_nonIrr_LYSO528_Vov3.50_angle52_T5C/c_energy_bar02LR_Vov3.50_th20.pdf has been created
Info in <TCanvas::Print>: png file /eos/home-s/spalluot/www/MTD/MTDTB_CERN_Sep23/pulseShapes//HPK_nonIrr_LYSO528_Vov3.50_angle52_T5C/c_energy_bar03LR_Vov3.50_th20.png has been created
Info in <TCanvas::Print>: pdf file /eos/home-s/spalluot/www/MTD/MTDTB_CERN_Sep23/pulseShapes//HPK_nonIrr_LYSO528_Vov3.50_angle52_T5C/c_energy_bar03LR_Vov3.50_th20.pdf has been created
Info in <TCanvas::Print>: png file /eos/home-s/spalluot/www/MTD/MTDTB_CERN_Sep23/pulseShapes//HPK_nonIrr_LYSO528_Vov3.50_angle52_T5C/c_energy_bar04LR_Vov3.50_th20.png has been created
Info in <TCanvas::Print>: pdf file /eos/home-s/spalluot/www/MTD/MTDTB_CERN_Sep23/pulseShapes//HPK_nonIrr_LYSO528_Vov3.50_angle52_T5C/c_energy_bar04LR_Vov3.50_th20.pdf has been created
Info in <TCanvas::Print>: png file /eos/home-s/spalluot/www/MTD/MTDTB_CERN_Sep23/pulseShapes//HPK_nonIrr_LYSO528_Vov3.50_angle52_T5C/c_energy_bar05LR_Vov3.50_th20.png has been created
Info in <TCanvas::Print>: pdf file /eos/home-s/spalluot/www/MTD/MTDTB_CERN_Sep23/pulseShapes//HPK_nonIrr_LYSO528_Vov3.50_angle52_T5C/c_energy_bar05LR_Vov3.50_th20.pdf has been created
Info in <TCanvas::Print>: png file /eos/home-s/spalluot/www/MTD/MTDTB_CERN_Sep23/pulseShapes//HPK_nonIrr_LYSO528_Vov3.50_angle52_T5C/c_energy_bar06LR_Vov3.50_th20.png has been created
Info in <TCanvas::Print>: pdf file /eos/home-s/spalluot/www/MTD/MTDTB_CERN_Sep23/pulseShapes//HPK_nonIrr_LYSO528_Vov3.50_angle52_T5C/c_energy_bar06LR_Vov3.50_th20.pdf has been created
Info in <TCanvas::Print>: png file /eos/home-s/spalluot/www/MTD/MTDTB_CERN_Sep23/pulseShapes//HPK_nonIrr_LYSO528_Vov3.50_angle52_T5C/c_energy_bar07LR_Vov3.50_th20.png has been created
Info in <TCanvas::Print>: pdf file /eos/home-s/spalluot/www/MTD/MTDTB_CERN_Sep23/pulseShapes//HPK_nonIrr_LYSO528_Vov3.50_angle52_T5C/c_energy_bar07LR_Vov3.50_th20.pdf has been created
Info in <TCanvas::Print>: png file /eos/home-s/spalluot/www/MTD/MTDTB_CERN_Sep23/pulseShapes//HPK_nonIrr_LYSO528_Vov3.50_angle52_T5C/c_energy_bar08LR_Vov3.50_th20.png has been created
Info in <TCanvas::Print>: pdf file /eos/home-s/spalluot/www/MTD/MTDTB_CERN_Sep23/pulseShapes//HPK_nonIrr_LYSO528_Vov3.50_angle52_T5C/c_energy_bar08LR_Vov3.50_th20.pdf has been created
Info in <TCanvas::Print>: png file /eos/home-s/spalluot/www/MTD/MTDTB_CERN_Sep23/pulseShapes//HPK_nonIrr_LYSO528_Vov3.50_angle52_T5C/c_energy_bar09LR_Vov3.50_th20.png has been created
Info in <TCanvas::Print>: pdf file /eos/home-s/spalluot/www/MTD/MTDTB_CERN_Sep23/pulseShapes//HPK_nonIrr_LYSO528_Vov3.50_angle52_T5C/c_energy_bar09LR_Vov3.50_th20.pdf has been created
Info in <TCanvas::Print>: png file /eos/home-s/spalluot/www/MTD/MTDTB_CERN_Sep23/pulseShapes//HPK_nonIrr_LYSO528_Vov3.50_angle52_T5C/c_energy_bar10LR_Vov3.50_th20.png has been created
Info in <TCanvas::Print>: pdf file /eos/home-s/spalluot/www/MTD/MTDTB_CERN_Sep23/pulseShapes//HPK_nonIrr_LYSO528_Vov3.50_angle52_T5C/c_energy_bar10LR_Vov3.50_th20.pdf has been created
Info in <TCanvas::Print>: png file /eos/home-s/spalluot/www/MTD/MTDTB_CERN_Sep23/pulseShapes//HPK_nonIrr_LYSO528_Vov3.50_angle52_T5C/c_energy_bar11LR_Vov3.50_th20.png has been created
Info in <TCanvas::Print>: pdf file /eos/home-s/spalluot/www/MTD/MTDTB_CERN_Sep23/pulseShapes//HPK_nonIrr_LYSO528_Vov3.50_angle52_T5C/c_energy_bar11LR_Vov3.50_th20.pdf has been created
Info in <TCanvas::Print>: png file /eos/home-s/spalluot/www/MTD/MTDTB_CERN_Sep23/pulseShapes//HPK_nonIrr_LYSO528_Vov3.50_angle52_T5C/c_energy_bar12LR_Vov3.50_th20.png has been created
Info in <TCanvas::Print>: pdf file /eos/home-s/spalluot/www/MTD/MTDTB_CERN_Sep23/pulseShapes//HPK_nonIrr_LYSO528_Vov3.50_angle52_T5C/c_energy_bar12LR_Vov3.50_th20.pdf has been created
Info in <TCanvas::Print>: png file /eos/home-s/spalluot/www/MTD/MTDTB_CERN_Sep23/pulseShapes//HPK_nonIrr_LYSO528_Vov3.50_angle52_T5C/c_energy_bar13LR_Vov3.50_th20.png has been created
Info in <TCanvas::Print>: pdf file /eos/home-s/spalluot/www/MTD/MTDTB_CERN_Sep23/pulseShapes//HPK_nonIrr_LYSO528_Vov3.50_angle52_T5C/c_energy_bar13LR_Vov3.50_th20.pdf has been created
Info in <TCanvas::Print>: png file /eos/home-s/spalluot/www/MTD/MTDTB_CERN_Sep23/pulseShapes//HPK_nonIrr_LYSO528_Vov3.50_angle52_T5C/c_energy_bar14LR_Vov3.50_th20.png has been created
Info in <TCanvas::Print>: pdf file /eos/home-s/spalluot/www/MTD/MTDTB_CERN_Sep23/pulseShapes//HPK_nonIrr_LYSO528_Vov3.50_angle52_T5C/c_energy_bar14LR_Vov3.50_th20.pdf has been created
Info in <TCanvas::Print>: png file /eos/home-s/spalluot/www/MTD/MTDTB_CERN_Sep23/pulseShapes//HPK_nonIrr_LYSO528_Vov3.50_angle52_T5C/c_energy_bar15LR_Vov3.50_th20.png has been created
Info in <TCanvas::Print>: pdf file /eos/home-s/spalluot/www/MTD/MTDTB_CERN_Sep23/pulseShapes//HPK_nonIrr_LYSO528_Vov3.50_angle52_T5C/c_energy_bar15LR_Vov3.50_th20.pdf has been created
Info in <TCanvas::Print>: png file /eos/home-s/spalluot/www/MTD/MTDTB_CERN_Sep23/pulseShapes//HPK_nonIrr_LYSO528_Vov3.50_angle52_T5C/c_energy_bar00LR_Vov3.50_th25.png has been created
Info in <TCanvas::Print>: pdf file /eos/home-s/spalluot/www/MTD/MTDTB_CERN_Sep23/pulseShapes//HPK_nonIrr_LYSO528_Vov3.50_angle52_T5C/c_energy_bar00LR_Vov3.50_th25.pdf has been created
Info in <TCanvas::Print>: png file /eos/home-s/spalluot/www/MTD/MTDTB_CERN_Sep23/pulseShapes//HPK_nonIrr_LYSO528_Vov3.50_angle52_T5C/c_energy_bar01LR_Vov3.50_th25.png has been created
Info in <TCanvas::Print>: pdf file /eos/home-s/spalluot/www/MTD/MTDTB_CERN_Sep23/pulseShapes//HPK_nonIrr_LYSO528_Vov3.50_angle52_T5C/c_energy_bar01LR_Vov3.50_th25.pdf has been created
Info in <TCanvas::Print>: png file /eos/home-s/spalluot/www/MTD/MTDTB_CERN_Sep23/pulseShapes//HPK_nonIrr_LYSO528_Vov3.50_angle52_T5C/c_energy_bar02LR_Vov3.50_th25.png has been created
Info in <TCanvas::Print>: pdf file /eos/home-s/spalluot/www/MTD/MTDTB_CERN_Sep23/pulseShapes//HPK_nonIrr_LYSO528_Vov3.50_angle52_T5C/c_energy_bar02LR_Vov3.50_th25.pdf has been created
Info in <TCanvas::Print>: png file /eos/home-s/spalluot/www/MTD/MTDTB_CERN_Sep23/pulseShapes//HPK_nonIrr_LYSO528_Vov3.50_angle52_T5C/c_energy_bar03LR_Vov3.50_th25.png has been created
Info in <TCanvas::Print>: pdf file /eos/home-s/spalluot/www/MTD/MTDTB_CERN_Sep23/pulseShapes//HPK_nonIrr_LYSO528_Vov3.50_angle52_T5C/c_energy_bar03LR_Vov3.50_th25.pdf has been created
Info in <TCanvas::Print>: png file /eos/home-s/spalluot/www/MTD/MTDTB_CERN_Sep23/pulseShapes//HPK_nonIrr_LYSO528_Vov3.50_angle52_T5C/c_energy_bar04LR_Vov3.50_th25.png has been created
Info in <TCanvas::Print>: pdf file /eos/home-s/spalluot/www/MTD/MTDTB_CERN_Sep23/pulseShapes//HPK_nonIrr_LYSO528_Vov3.50_angle52_T5C/c_energy_bar04LR_Vov3.50_th25.pdf has been created
Info in <TCanvas::Print>: png file /eos/home-s/spalluot/www/MTD/MTDTB_CERN_Sep23/pulseShapes//HPK_nonIrr_LYSO528_Vov3.50_angle52_T5C/c_energy_bar05LR_Vov3.50_th25.png has been created
Info in <TCanvas::Print>: pdf file /eos/home-s/spalluot/www/MTD/MTDTB_CERN_Sep23/pulseShapes//HPK_nonIrr_LYSO528_Vov3.50_angle52_T5C/c_energy_bar05LR_Vov3.50_th25.pdf has been created
Info in <TCanvas::Print>: png file /eos/home-s/spalluot/www/MTD/MTDTB_CERN_Sep23/pulseShapes//HPK_nonIrr_LYSO528_Vov3.50_angle52_T5C/c_energy_bar06LR_Vov3.50_th25.png has been created
Info in <TCanvas::Print>: pdf file /eos/home-s/spalluot/www/MTD/MTDTB_CERN_Sep23/pulseShapes//HPK_nonIrr_LYSO528_Vov3.50_angle52_T5C/c_energy_bar06LR_Vov3.50_th25.pdf has been created
Info in <TCanvas::Print>: png file /eos/home-s/spalluot/www/MTD/MTDTB_CERN_Sep23/pulseShapes//HPK_nonIrr_LYSO528_Vov3.50_angle52_T5C/c_energy_bar07LR_Vov3.50_th25.png has been created
Info in <TCanvas::Print>: pdf file /eos/home-s/spalluot/www/MTD/MTDTB_CERN_Sep23/pulseShapes//HPK_nonIrr_LYSO528_Vov3.50_angle52_T5C/c_energy_bar07LR_Vov3.50_th25.pdf has been created
Info in <TCanvas::Print>: png file /eos/home-s/spalluot/www/MTD/MTDTB_CERN_Sep23/pulseShapes//HPK_nonIrr_LYSO528_Vov3.50_angle52_T5C/c_energy_bar08LR_Vov3.50_th25.png has been created
Info in <TCanvas::Print>: pdf file /eos/home-s/spalluot/www/MTD/MTDTB_CERN_Sep23/pulseShapes//HPK_nonIrr_LYSO528_Vov3.50_angle52_T5C/c_energy_bar08LR_Vov3.50_th25.pdf has been created
Info in <TCanvas::Print>: png file /eos/home-s/spalluot/www/MTD/MTDTB_CERN_Sep23/pulseShapes//HPK_nonIrr_LYSO528_Vov3.50_angle52_T5C/c_energy_bar09LR_Vov3.50_th25.png has been created
Info in <TCanvas::Print>: pdf file /eos/home-s/spalluot/www/MTD/MTDTB_CERN_Sep23/pulseShapes//HPK_nonIrr_LYSO528_Vov3.50_angle52_T5C/c_energy_bar09LR_Vov3.50_th25.pdf has been created
Info in <TCanvas::Print>: png file /eos/home-s/spalluot/www/MTD/MTDTB_CERN_Sep23/pulseShapes//HPK_nonIrr_LYSO528_Vov3.50_angle52_T5C/c_energy_bar10LR_Vov3.50_th25.png has been created
Info in <TCanvas::Print>: pdf file /eos/home-s/spalluot/www/MTD/MTDTB_CERN_Sep23/pulseShapes//HPK_nonIrr_LYSO528_Vov3.50_angle52_T5C/c_energy_bar10LR_Vov3.50_th25.pdf has been created
Info in <TCanvas::Print>: png file /eos/home-s/spalluot/www/MTD/MTDTB_CERN_Sep23/pulseShapes//HPK_nonIrr_LYSO528_Vov3.50_angle52_T5C/c_energy_bar11LR_Vov3.50_th25.png has been created
Info in <TCanvas::Print>: pdf file /eos/home-s/spalluot/www/MTD/MTDTB_CERN_Sep23/pulseShapes//HPK_nonIrr_LYSO528_Vov3.50_angle52_T5C/c_energy_bar11LR_Vov3.50_th25.pdf has been created
Info in <TCanvas::Print>: png file /eos/home-s/spalluot/www/MTD/MTDTB_CERN_Sep23/pulseShapes//HPK_nonIrr_LYSO528_Vov3.50_angle52_T5C/c_energy_bar12LR_Vov3.50_th25.png has been created
Info in <TCanvas::Print>: pdf file /eos/home-s/spalluot/www/MTD/MTDTB_CERN_Sep23/pulseShapes//HPK_nonIrr_LYSO528_Vov3.50_angle52_T5C/c_energy_bar12LR_Vov3.50_th25.pdf has been created
Info in <TCanvas::Print>: png file /eos/home-s/spalluot/www/MTD/MTDTB_CERN_Sep23/pulseShapes//HPK_nonIrr_LYSO528_Vov3.50_angle52_T5C/c_energy_bar13LR_Vov3.50_th25.png has been created
Info in <TCanvas::Print>: pdf file /eos/home-s/spalluot/www/MTD/MTDTB_CERN_Sep23/pulseShapes//HPK_nonIrr_LYSO528_Vov3.50_angle52_T5C/c_energy_bar13LR_Vov3.50_th25.pdf has been created
Info in <TCanvas::Print>: png file /eos/home-s/spalluot/www/MTD/MTDTB_CERN_Sep23/pulseShapes//HPK_nonIrr_LYSO528_Vov3.50_angle52_T5C/c_energy_bar14LR_Vov3.50_th25.png has been created
Info in <TCanvas::Print>: pdf file /eos/home-s/spalluot/www/MTD/MTDTB_CERN_Sep23/pulseShapes//HPK_nonIrr_LYSO528_Vov3.50_angle52_T5C/c_energy_bar14LR_Vov3.50_th25.pdf has been created
Info in <TCanvas::Print>: png file /eos/home-s/spalluot/www/MTD/MTDTB_CERN_Sep23/pulseShapes//HPK_nonIrr_LYSO528_Vov3.50_angle52_T5C/c_energy_bar15LR_Vov3.50_th25.png has been created
Info in <TCanvas::Print>: pdf file /eos/home-s/spalluot/www/MTD/MTDTB_CERN_Sep23/pulseShapes//HPK_nonIrr_LYSO528_Vov3.50_angle52_T5C/c_energy_bar15LR_Vov3.50_th25.pdf has been created
Info in <TCanvas::Print>: png file /eos/home-s/spalluot/www/MTD/MTDTB_CERN_Sep23/pulseShapes//HPK_nonIrr_LYSO528_Vov3.50_angle52_T5C/g_N_bar00_Vov3.50.png has been created
Info in <TCanvas::Print>: pdf file /eos/home-s/spalluot/www/MTD/MTDTB_CERN_Sep23/pulseShapes//HPK_nonIrr_LYSO528_Vov3.50_angle52_T5C/g_N_bar00_Vov3.50.pdf has been created
Info in <TCanvas::Print>: png file /eos/home-s/spalluot/www/MTD/MTDTB_CERN_Sep23/pulseShapes//HPK_nonIrr_LYSO528_Vov3.50_angle52_T5C/g_N_bar01_Vov3.50.png has been created
Info in <TCanvas::Print>: pdf file /eos/home-s/spalluot/www/MTD/MTDTB_CERN_Sep23/pulseShapes//HPK_nonIrr_LYSO528_Vov3.50_angle52_T5C/g_N_bar01_Vov3.50.pdf has been created
Info in <TCanvas::Print>: png file /eos/home-s/spalluot/www/MTD/MTDTB_CERN_Sep23/pulseShapes//HPK_nonIrr_LYSO528_Vov3.50_angle52_T5C/g_N_bar02_Vov3.50.png has been created
Info in <TCanvas::Print>: pdf file /eos/home-s/spalluot/www/MTD/MTDTB_CERN_Sep23/pulseShapes//HPK_nonIrr_LYSO528_Vov3.50_angle52_T5C/g_N_bar02_Vov3.50.pdf has been created
Info in <TCanvas::Print>: png file /eos/home-s/spalluot/www/MTD/MTDTB_CERN_Sep23/pulseShapes//HPK_nonIrr_LYSO528_Vov3.50_angle52_T5C/g_N_bar03_Vov3.50.png has been created
Info in <TCanvas::Print>: pdf file /eos/home-s/spalluot/www/MTD/MTDTB_CERN_Sep23/pulseShapes//HPK_nonIrr_LYSO528_Vov3.50_angle52_T5C/g_N_bar03_Vov3.50.pdf has been created
Info in <TCanvas::Print>: png file /eos/home-s/spalluot/www/MTD/MTDTB_CERN_Sep23/pulseShapes//HPK_nonIrr_LYSO528_Vov3.50_angle52_T5C/g_N_bar04_Vov3.50.png has been created
Info in <TCanvas::Print>: pdf file /eos/home-s/spalluot/www/MTD/MTDTB_CERN_Sep23/pulseShapes//HPK_nonIrr_LYSO528_Vov3.50_angle52_T5C/g_N_bar04_Vov3.50.pdf has been created
Info in <TCanvas::Print>: png file /eos/home-s/spalluot/www/MTD/MTDTB_CERN_Sep23/pulseShapes//HPK_nonIrr_LYSO528_Vov3.50_angle52_T5C/g_N_bar05_Vov3.50.png has been created
Info in <TCanvas::Print>: pdf file /eos/home-s/spalluot/www/MTD/MTDTB_CERN_Sep23/pulseShapes//HPK_nonIrr_LYSO528_Vov3.50_angle52_T5C/g_N_bar05_Vov3.50.pdf has been created
Info in <TCanvas::Print>: png file /eos/home-s/spalluot/www/MTD/MTDTB_CERN_Sep23/pulseShapes//HPK_nonIrr_LYSO528_Vov3.50_angle52_T5C/g_N_bar06_Vov3.50.png has been created
Info in <TCanvas::Print>: pdf file /eos/home-s/spalluot/www/MTD/MTDTB_CERN_Sep23/pulseShapes//HPK_nonIrr_LYSO528_Vov3.50_angle52_T5C/g_N_bar06_Vov3.50.pdf has been created
Info in <TCanvas::Print>: png file /eos/home-s/spalluot/www/MTD/MTDTB_CERN_Sep23/pulseShapes//HPK_nonIrr_LYSO528_Vov3.50_angle52_T5C/g_N_bar07_Vov3.50.png has been created
Info in <TCanvas::Print>: pdf file /eos/home-s/spalluot/www/MTD/MTDTB_CERN_Sep23/pulseShapes//HPK_nonIrr_LYSO528_Vov3.50_angle52_T5C/g_N_bar07_Vov3.50.pdf has been created
Info in <TCanvas::Print>: png file /eos/home-s/spalluot/www/MTD/MTDTB_CERN_Sep23/pulseShapes//HPK_nonIrr_LYSO528_Vov3.50_angle52_T5C/g_N_bar08_Vov3.50.png has been created
Info in <TCanvas::Print>: pdf file /eos/home-s/spalluot/www/MTD/MTDTB_CERN_Sep23/pulseShapes//HPK_nonIrr_LYSO528_Vov3.50_angle52_T5C/g_N_bar08_Vov3.50.pdf has been created
Info in <TCanvas::Print>: png file /eos/home-s/spalluot/www/MTD/MTDTB_CERN_Sep23/pulseShapes//HPK_nonIrr_LYSO528_Vov3.50_angle52_T5C/g_N_bar09_Vov3.50.png has been created
Info in <TCanvas::Print>: pdf file /eos/home-s/spalluot/www/MTD/MTDTB_CERN_Sep23/pulseShapes//HPK_nonIrr_LYSO528_Vov3.50_angle52_T5C/g_N_bar09_Vov3.50.pdf has been created
Info in <TCanvas::Print>: png file /eos/home-s/spalluot/www/MTD/MTDTB_CERN_Sep23/pulseShapes//HPK_nonIrr_LYSO528_Vov3.50_angle52_T5C/g_N_bar10_Vov3.50.png has been created
Info in <TCanvas::Print>: pdf file /eos/home-s/spalluot/www/MTD/MTDTB_CERN_Sep23/pulseShapes//HPK_nonIrr_LYSO528_Vov3.50_angle52_T5C/g_N_bar10_Vov3.50.pdf has been created
Info in <TCanvas::Print>: png file /eos/home-s/spalluot/www/MTD/MTDTB_CERN_Sep23/pulseShapes//HPK_nonIrr_LYSO528_Vov3.50_angle52_T5C/g_N_bar11_Vov3.50.png has been created
Info in <TCanvas::Print>: pdf file /eos/home-s/spalluot/www/MTD/MTDTB_CERN_Sep23/pulseShapes//HPK_nonIrr_LYSO528_Vov3.50_angle52_T5C/g_N_bar11_Vov3.50.pdf has been created
Info in <TCanvas::Print>: png file /eos/home-s/spalluot/www/MTD/MTDTB_CERN_Sep23/pulseShapes//HPK_nonIrr_LYSO528_Vov3.50_angle52_T5C/g_N_bar12_Vov3.50.png has been created
Info in <TCanvas::Print>: pdf file /eos/home-s/spalluot/www/MTD/MTDTB_CERN_Sep23/pulseShapes//HPK_nonIrr_LYSO528_Vov3.50_angle52_T5C/g_N_bar12_Vov3.50.pdf has been created
Info in <TCanvas::Print>: png file /eos/home-s/spalluot/www/MTD/MTDTB_CERN_Sep23/pulseShapes//HPK_nonIrr_LYSO528_Vov3.50_angle52_T5C/g_N_bar13_Vov3.50.png has been created
Info in <TCanvas::Print>: pdf file /eos/home-s/spalluot/www/MTD/MTDTB_CERN_Sep23/pulseShapes//HPK_nonIrr_LYSO528_Vov3.50_angle52_T5C/g_N_bar13_Vov3.50.pdf has been created
Info in <TCanvas::Print>: png file /eos/home-s/spalluot/www/MTD/MTDTB_CERN_Sep23/pulseShapes//HPK_nonIrr_LYSO528_Vov3.50_angle52_T5C/g_N_bar14_Vov3.50.png has been created
Info in <TCanvas::Print>: pdf file /eos/home-s/spalluot/www/MTD/MTDTB_CERN_Sep23/pulseShapes//HPK_nonIrr_LYSO528_Vov3.50_angle52_T5C/g_N_bar14_Vov3.50.pdf has been created
Info in <TCanvas::Print>: png file /eos/home-s/spalluot/www/MTD/MTDTB_CERN_Sep23/pulseShapes//HPK_nonIrr_LYSO528_Vov3.50_angle52_T5C/g_N_bar15_Vov3.50.png has been created
Info in <TCanvas::Print>: pdf file /eos/home-s/spalluot/www/MTD/MTDTB_CERN_Sep23/pulseShapes//HPK_nonIrr_LYSO528_Vov3.50_angle52_T5C/g_N_bar15_Vov3.50.pdf has been created
Info in <TCanvas::Print>: png file /eos/home-s/spalluot/www/MTD/MTDTB_CERN_Sep23/pulseShapes//HPK_nonIrr_LYSO528_Vov3.50_angle52_T5C/g_tot_bar00_Vov3.50.png has been created
Info in <TCanvas::Print>: pdf file /eos/home-s/spalluot/www/MTD/MTDTB_CERN_Sep23/pulseShapes//HPK_nonIrr_LYSO528_Vov3.50_angle52_T5C/g_tot_bar00_Vov3.50.pdf has been created
Info in <TCanvas::Print>: png file /eos/home-s/spalluot/www/MTD/MTDTB_CERN_Sep23/pulseShapes//HPK_nonIrr_LYSO528_Vov3.50_angle52_T5C/g_tot_bar01_Vov3.50.png has been created
Info in <TCanvas::Print>: pdf file /eos/home-s/spalluot/www/MTD/MTDTB_CERN_Sep23/pulseShapes//HPK_nonIrr_LYSO528_Vov3.50_angle52_T5C/g_tot_bar01_Vov3.50.pdf has been created
Info in <TCanvas::Print>: png file /eos/home-s/spalluot/www/MTD/MTDTB_CERN_Sep23/pulseShapes//HPK_nonIrr_LYSO528_Vov3.50_angle52_T5C/g_tot_bar02_Vov3.50.png has been created
Info in <TCanvas::Print>: pdf file /eos/home-s/spalluot/www/MTD/MTDTB_CERN_Sep23/pulseShapes//HPK_nonIrr_LYSO528_Vov3.50_angle52_T5C/g_tot_bar02_Vov3.50.pdf has been created
Info in <TCanvas::Print>: png file /eos/home-s/spalluot/www/MTD/MTDTB_CERN_Sep23/pulseShapes//HPK_nonIrr_LYSO528_Vov3.50_angle52_T5C/g_tot_bar03_Vov3.50.png has been created
Info in <TCanvas::Print>: pdf file /eos/home-s/spalluot/www/MTD/MTDTB_CERN_Sep23/pulseShapes//HPK_nonIrr_LYSO528_Vov3.50_angle52_T5C/g_tot_bar03_Vov3.50.pdf has been created
Info in <TCanvas::Print>: png file /eos/home-s/spalluot/www/MTD/MTDTB_CERN_Sep23/pulseShapes//HPK_nonIrr_LYSO528_Vov3.50_angle52_T5C/g_tot_bar04_Vov3.50.png has been created
Info in <TCanvas::Print>: pdf file /eos/home-s/spalluot/www/MTD/MTDTB_CERN_Sep23/pulseShapes//HPK_nonIrr_LYSO528_Vov3.50_angle52_T5C/g_tot_bar04_Vov3.50.pdf has been created
Info in <TCanvas::Print>: png file /eos/home-s/spalluot/www/MTD/MTDTB_CERN_Sep23/pulseShapes//HPK_nonIrr_LYSO528_Vov3.50_angle52_T5C/g_tot_bar05_Vov3.50.png has been created
Info in <TCanvas::Print>: pdf file /eos/home-s/spalluot/www/MTD/MTDTB_CERN_Sep23/pulseShapes//HPK_nonIrr_LYSO528_Vov3.50_angle52_T5C/g_tot_bar05_Vov3.50.pdf has been created
Info in <TCanvas::Print>: png file /eos/home-s/spalluot/www/MTD/MTDTB_CERN_Sep23/pulseShapes//HPK_nonIrr_LYSO528_Vov3.50_angle52_T5C/g_tot_bar06_Vov3.50.png has been created
Info in <TCanvas::Print>: pdf file /eos/home-s/spalluot/www/MTD/MTDTB_CERN_Sep23/pulseShapes//HPK_nonIrr_LYSO528_Vov3.50_angle52_T5C/g_tot_bar06_Vov3.50.pdf has been created
Info in <TCanvas::Print>: png file /eos/home-s/spalluot/www/MTD/MTDTB_CERN_Sep23/pulseShapes//HPK_nonIrr_LYSO528_Vov3.50_angle52_T5C/g_tot_bar07_Vov3.50.png has been created
Info in <TCanvas::Print>: pdf file /eos/home-s/spalluot/www/MTD/MTDTB_CERN_Sep23/pulseShapes//HPK_nonIrr_LYSO528_Vov3.50_angle52_T5C/g_tot_bar07_Vov3.50.pdf has been created
Info in <TCanvas::Print>: png file /eos/home-s/spalluot/www/MTD/MTDTB_CERN_Sep23/pulseShapes//HPK_nonIrr_LYSO528_Vov3.50_angle52_T5C/g_tot_bar08_Vov3.50.png has been created
Info in <TCanvas::Print>: pdf file /eos/home-s/spalluot/www/MTD/MTDTB_CERN_Sep23/pulseShapes//HPK_nonIrr_LYSO528_Vov3.50_angle52_T5C/g_tot_bar08_Vov3.50.pdf has been created
Info in <TCanvas::Print>: png file /eos/home-s/spalluot/www/MTD/MTDTB_CERN_Sep23/pulseShapes//HPK_nonIrr_LYSO528_Vov3.50_angle52_T5C/g_tot_bar09_Vov3.50.png has been created
Info in <TCanvas::Print>: pdf file /eos/home-s/spalluot/www/MTD/MTDTB_CERN_Sep23/pulseShapes//HPK_nonIrr_LYSO528_Vov3.50_angle52_T5C/g_tot_bar09_Vov3.50.pdf has been created
Info in <TCanvas::Print>: png file /eos/home-s/spalluot/www/MTD/MTDTB_CERN_Sep23/pulseShapes//HPK_nonIrr_LYSO528_Vov3.50_angle52_T5C/g_tot_bar10_Vov3.50.png has been created
Info in <TCanvas::Print>: pdf file /eos/home-s/spalluot/www/MTD/MTDTB_CERN_Sep23/pulseShapes//HPK_nonIrr_LYSO528_Vov3.50_angle52_T5C/g_tot_bar10_Vov3.50.pdf has been created
Info in <TCanvas::Print>: png file /eos/home-s/spalluot/www/MTD/MTDTB_CERN_Sep23/pulseShapes//HPK_nonIrr_LYSO528_Vov3.50_angle52_T5C/g_tot_bar11_Vov3.50.png has been created
Info in <TCanvas::Print>: pdf file /eos/home-s/spalluot/www/MTD/MTDTB_CERN_Sep23/pulseShapes//HPK_nonIrr_LYSO528_Vov3.50_angle52_T5C/g_tot_bar11_Vov3.50.pdf has been created
Info in <TCanvas::Print>: png file /eos/home-s/spalluot/www/MTD/MTDTB_CERN_Sep23/pulseShapes//HPK_nonIrr_LYSO528_Vov3.50_angle52_T5C/g_tot_bar12_Vov3.50.png has been created
Info in <TCanvas::Print>: pdf file /eos/home-s/spalluot/www/MTD/MTDTB_CERN_Sep23/pulseShapes//HPK_nonIrr_LYSO528_Vov3.50_angle52_T5C/g_tot_bar12_Vov3.50.pdf has been created
Info in <TCanvas::Print>: png file /eos/home-s/spalluot/www/MTD/MTDTB_CERN_Sep23/pulseShapes//HPK_nonIrr_LYSO528_Vov3.50_angle52_T5C/g_tot_bar13_Vov3.50.png has been created
Info in <TCanvas::Print>: pdf file /eos/home-s/spalluot/www/MTD/MTDTB_CERN_Sep23/pulseShapes//HPK_nonIrr_LYSO528_Vov3.50_angle52_T5C/g_tot_bar13_Vov3.50.pdf has been created
Info in <TCanvas::Print>: png file /eos/home-s/spalluot/www/MTD/MTDTB_CERN_Sep23/pulseShapes//HPK_nonIrr_LYSO528_Vov3.50_angle52_T5C/g_tot_bar14_Vov3.50.png has been created
Info in <TCanvas::Print>: pdf file /eos/home-s/spalluot/www/MTD/MTDTB_CERN_Sep23/pulseShapes//HPK_nonIrr_LYSO528_Vov3.50_angle52_T5C/g_tot_bar14_Vov3.50.pdf has been created
Info in <TCanvas::Print>: png file /eos/home-s/spalluot/www/MTD/MTDTB_CERN_Sep23/pulseShapes//HPK_nonIrr_LYSO528_Vov3.50_angle52_T5C/g_tot_bar15_Vov3.50.png has been created
Info in <TCanvas::Print>: pdf file /eos/home-s/spalluot/www/MTD/MTDTB_CERN_Sep23/pulseShapes//HPK_nonIrr_LYSO528_Vov3.50_angle52_T5C/g_tot_bar15_Vov3.50.pdf has been created
Info in <TCanvas::Print>: png file /eos/home-s/spalluot/www/MTD/MTDTB_CERN_Sep23/pulseShapes//HPK_nonIrr_LYSO528_Vov3.50_angle52_T5C/g_energy_bar00_Vov3.50.png has been created
Info in <TCanvas::Print>: pdf file /eos/home-s/spalluot/www/MTD/MTDTB_CERN_Sep23/pulseShapes//HPK_nonIrr_LYSO528_Vov3.50_angle52_T5C/g_energy_bar00_Vov3.50.pdf has been created
Info in <TCanvas::Print>: png file /eos/home-s/spalluot/www/MTD/MTDTB_CERN_Sep23/pulseShapes//HPK_nonIrr_LYSO528_Vov3.50_angle52_T5C/g_energy_bar01_Vov3.50.png has been created
Info in <TCanvas::Print>: pdf file /eos/home-s/spalluot/www/MTD/MTDTB_CERN_Sep23/pulseShapes//HPK_nonIrr_LYSO528_Vov3.50_angle52_T5C/g_energy_bar01_Vov3.50.pdf has been created
Info in <TCanvas::Print>: png file /eos/home-s/spalluot/www/MTD/MTDTB_CERN_Sep23/pulseShapes//HPK_nonIrr_LYSO528_Vov3.50_angle52_T5C/g_energy_bar02_Vov3.50.png has been created
Info in <TCanvas::Print>: pdf file /eos/home-s/spalluot/www/MTD/MTDTB_CERN_Sep23/pulseShapes//HPK_nonIrr_LYSO528_Vov3.50_angle52_T5C/g_energy_bar02_Vov3.50.pdf has been created
Info in <TCanvas::Print>: png file /eos/home-s/spalluot/www/MTD/MTDTB_CERN_Sep23/pulseShapes//HPK_nonIrr_LYSO528_Vov3.50_angle52_T5C/g_energy_bar03_Vov3.50.png has been created
Info in <TCanvas::Print>: pdf file /eos/home-s/spalluot/www/MTD/MTDTB_CERN_Sep23/pulseShapes//HPK_nonIrr_LYSO528_Vov3.50_angle52_T5C/g_energy_bar03_Vov3.50.pdf has been created
Info in <TCanvas::Print>: png file /eos/home-s/spalluot/www/MTD/MTDTB_CERN_Sep23/pulseShapes//HPK_nonIrr_LYSO528_Vov3.50_angle52_T5C/g_energy_bar04_Vov3.50.png has been created
Info in <TCanvas::Print>: pdf file /eos/home-s/spalluot/www/MTD/MTDTB_CERN_Sep23/pulseShapes//HPK_nonIrr_LYSO528_Vov3.50_angle52_T5C/g_energy_bar04_Vov3.50.pdf has been created
Info in <TCanvas::Print>: png file /eos/home-s/spalluot/www/MTD/MTDTB_CERN_Sep23/pulseShapes//HPK_nonIrr_LYSO528_Vov3.50_angle52_T5C/g_energy_bar05_Vov3.50.png has been created
Info in <TCanvas::Print>: pdf file /eos/home-s/spalluot/www/MTD/MTDTB_CERN_Sep23/pulseShapes//HPK_nonIrr_LYSO528_Vov3.50_angle52_T5C/g_energy_bar05_Vov3.50.pdf has been created
Info in <TCanvas::Print>: png file /eos/home-s/spalluot/www/MTD/MTDTB_CERN_Sep23/pulseShapes//HPK_nonIrr_LYSO528_Vov3.50_angle52_T5C/g_energy_bar06_Vov3.50.png has been created
Info in <TCanvas::Print>: pdf file /eos/home-s/spalluot/www/MTD/MTDTB_CERN_Sep23/pulseShapes//HPK_nonIrr_LYSO528_Vov3.50_angle52_T5C/g_energy_bar06_Vov3.50.pdf has been created
Info in <TCanvas::Print>: png file /eos/home-s/spalluot/www/MTD/MTDTB_CERN_Sep23/pulseShapes//HPK_nonIrr_LYSO528_Vov3.50_angle52_T5C/g_energy_bar07_Vov3.50.png has been created
Info in <TCanvas::Print>: pdf file /eos/home-s/spalluot/www/MTD/MTDTB_CERN_Sep23/pulseShapes//HPK_nonIrr_LYSO528_Vov3.50_angle52_T5C/g_energy_bar07_Vov3.50.pdf has been created
Info in <TCanvas::Print>: png file /eos/home-s/spalluot/www/MTD/MTDTB_CERN_Sep23/pulseShapes//HPK_nonIrr_LYSO528_Vov3.50_angle52_T5C/g_energy_bar08_Vov3.50.png has been created
Info in <TCanvas::Print>: pdf file /eos/home-s/spalluot/www/MTD/MTDTB_CERN_Sep23/pulseShapes//HPK_nonIrr_LYSO528_Vov3.50_angle52_T5C/g_energy_bar08_Vov3.50.pdf has been created
Info in <TCanvas::Print>: png file /eos/home-s/spalluot/www/MTD/MTDTB_CERN_Sep23/pulseShapes//HPK_nonIrr_LYSO528_Vov3.50_angle52_T5C/g_energy_bar09_Vov3.50.png has been created
Info in <TCanvas::Print>: pdf file /eos/home-s/spalluot/www/MTD/MTDTB_CERN_Sep23/pulseShapes//HPK_nonIrr_LYSO528_Vov3.50_angle52_T5C/g_energy_bar09_Vov3.50.pdf has been created
Info in <TCanvas::Print>: png file /eos/home-s/spalluot/www/MTD/MTDTB_CERN_Sep23/pulseShapes//HPK_nonIrr_LYSO528_Vov3.50_angle52_T5C/g_energy_bar10_Vov3.50.png has been created
Info in <TCanvas::Print>: pdf file /eos/home-s/spalluot/www/MTD/MTDTB_CERN_Sep23/pulseShapes//HPK_nonIrr_LYSO528_Vov3.50_angle52_T5C/g_energy_bar10_Vov3.50.pdf has been created
Info in <TCanvas::Print>: png file /eos/home-s/spalluot/www/MTD/MTDTB_CERN_Sep23/pulseShapes//HPK_nonIrr_LYSO528_Vov3.50_angle52_T5C/g_energy_bar11_Vov3.50.png has been created
Info in <TCanvas::Print>: pdf file /eos/home-s/spalluot/www/MTD/MTDTB_CERN_Sep23/pulseShapes//HPK_nonIrr_LYSO528_Vov3.50_angle52_T5C/g_energy_bar11_Vov3.50.pdf has been created
Info in <TCanvas::Print>: png file /eos/home-s/spalluot/www/MTD/MTDTB_CERN_Sep23/pulseShapes//HPK_nonIrr_LYSO528_Vov3.50_angle52_T5C/g_energy_bar12_Vov3.50.png has been created
Info in <TCanvas::Print>: pdf file /eos/home-s/spalluot/www/MTD/MTDTB_CERN_Sep23/pulseShapes//HPK_nonIrr_LYSO528_Vov3.50_angle52_T5C/g_energy_bar12_Vov3.50.pdf has been created
Info in <TCanvas::Print>: png file /eos/home-s/spalluot/www/MTD/MTDTB_CERN_Sep23/pulseShapes//HPK_nonIrr_LYSO528_Vov3.50_angle52_T5C/g_energy_bar13_Vov3.50.png has been created
Info in <TCanvas::Print>: pdf file /eos/home-s/spalluot/www/MTD/MTDTB_CERN_Sep23/pulseShapes//HPK_nonIrr_LYSO528_Vov3.50_angle52_T5C/g_energy_bar13_Vov3.50.pdf has been created
Info in <TCanvas::Print>: png file /eos/home-s/spalluot/www/MTD/MTDTB_CERN_Sep23/pulseShapes//HPK_nonIrr_LYSO528_Vov3.50_angle52_T5C/g_energy_bar14_Vov3.50.png has been created
Info in <TCanvas::Print>: pdf file /eos/home-s/spalluot/www/MTD/MTDTB_CERN_Sep23/pulseShapes//HPK_nonIrr_LYSO528_Vov3.50_angle52_T5C/g_energy_bar14_Vov3.50.pdf has been created
Info in <TCanvas::Print>: png file /eos/home-s/spalluot/www/MTD/MTDTB_CERN_Sep23/pulseShapes//HPK_nonIrr_LYSO528_Vov3.50_angle52_T5C/g_energy_bar15_Vov3.50.png has been created
Info in <TCanvas::Print>: pdf file /eos/home-s/spalluot/www/MTD/MTDTB_CERN_Sep23/pulseShapes//HPK_nonIrr_LYSO528_Vov3.50_angle52_T5C/g_energy_bar15_Vov3.50.pdf has been created
Info in <TCanvas::Print>: png file /eos/home-s/spalluot/www/MTD/MTDTB_CERN_Sep23/pulseShapes//HPK_nonIrr_LYSO528_Vov3.50_angle52_T5C/g_ps_bar00_Vov3.50.png has been created
Info in <TCanvas::Print>: pdf file /eos/home-s/spalluot/www/MTD/MTDTB_CERN_Sep23/pulseShapes//HPK_nonIrr_LYSO528_Vov3.50_angle52_T5C/g_ps_bar00_Vov3.50.pdf has been created
Info in <TCanvas::Print>: png file /eos/home-s/spalluot/www/MTD/MTDTB_CERN_Sep23/pulseShapes//HPK_nonIrr_LYSO528_Vov3.50_angle52_T5C/g_ps_bar01_Vov3.50.png has been created
Info in <TCanvas::Print>: pdf file /eos/home-s/spalluot/www/MTD/MTDTB_CERN_Sep23/pulseShapes//HPK_nonIrr_LYSO528_Vov3.50_angle52_T5C/g_ps_bar01_Vov3.50.pdf has been created
Info in <TCanvas::Print>: png file /eos/home-s/spalluot/www/MTD/MTDTB_CERN_Sep23/pulseShapes//HPK_nonIrr_LYSO528_Vov3.50_angle52_T5C/g_ps_bar02_Vov3.50.png has been created
Info in <TCanvas::Print>: pdf file /eos/home-s/spalluot/www/MTD/MTDTB_CERN_Sep23/pulseShapes//HPK_nonIrr_LYSO528_Vov3.50_angle52_T5C/g_ps_bar02_Vov3.50.pdf has been created
Info in <TCanvas::Print>: png file /eos/home-s/spalluot/www/MTD/MTDTB_CERN_Sep23/pulseShapes//HPK_nonIrr_LYSO528_Vov3.50_angle52_T5C/g_ps_bar03_Vov3.50.png has been created
Info in <TCanvas::Print>: pdf file /eos/home-s/spalluot/www/MTD/MTDTB_CERN_Sep23/pulseShapes//HPK_nonIrr_LYSO528_Vov3.50_angle52_T5C/g_ps_bar03_Vov3.50.pdf has been created
Info in <TCanvas::Print>: png file /eos/home-s/spalluot/www/MTD/MTDTB_CERN_Sep23/pulseShapes//HPK_nonIrr_LYSO528_Vov3.50_angle52_T5C/g_ps_bar04_Vov3.50.png has been created
Info in <TCanvas::Print>: pdf file /eos/home-s/spalluot/www/MTD/MTDTB_CERN_Sep23/pulseShapes//HPK_nonIrr_LYSO528_Vov3.50_angle52_T5C/g_ps_bar04_Vov3.50.pdf has been created
Info in <TCanvas::Print>: png file /eos/home-s/spalluot/www/MTD/MTDTB_CERN_Sep23/pulseShapes//HPK_nonIrr_LYSO528_Vov3.50_angle52_T5C/g_ps_bar05_Vov3.50.png has been created
Info in <TCanvas::Print>: pdf file /eos/home-s/spalluot/www/MTD/MTDTB_CERN_Sep23/pulseShapes//HPK_nonIrr_LYSO528_Vov3.50_angle52_T5C/g_ps_bar05_Vov3.50.pdf has been created
Info in <TCanvas::Print>: png file /eos/home-s/spalluot/www/MTD/MTDTB_CERN_Sep23/pulseShapes//HPK_nonIrr_LYSO528_Vov3.50_angle52_T5C/g_ps_bar06_Vov3.50.png has been created
Info in <TCanvas::Print>: pdf file /eos/home-s/spalluot/www/MTD/MTDTB_CERN_Sep23/pulseShapes//HPK_nonIrr_LYSO528_Vov3.50_angle52_T5C/g_ps_bar06_Vov3.50.pdf has been created
Info in <TCanvas::Print>: png file /eos/home-s/spalluot/www/MTD/MTDTB_CERN_Sep23/pulseShapes//HPK_nonIrr_LYSO528_Vov3.50_angle52_T5C/g_ps_bar07_Vov3.50.png has been created
Info in <TCanvas::Print>: pdf file /eos/home-s/spalluot/www/MTD/MTDTB_CERN_Sep23/pulseShapes//HPK_nonIrr_LYSO528_Vov3.50_angle52_T5C/g_ps_bar07_Vov3.50.pdf has been created
Info in <TCanvas::Print>: png file /eos/home-s/spalluot/www/MTD/MTDTB_CERN_Sep23/pulseShapes//HPK_nonIrr_LYSO528_Vov3.50_angle52_T5C/g_ps_bar08_Vov3.50.png has been created
Info in <TCanvas::Print>: pdf file /eos/home-s/spalluot/www/MTD/MTDTB_CERN_Sep23/pulseShapes//HPK_nonIrr_LYSO528_Vov3.50_angle52_T5C/g_ps_bar08_Vov3.50.pdf has been created
Info in <TCanvas::Print>: png file /eos/home-s/spalluot/www/MTD/MTDTB_CERN_Sep23/pulseShapes//HPK_nonIrr_LYSO528_Vov3.50_angle52_T5C/g_ps_bar09_Vov3.50.png has been created
Info in <TCanvas::Print>: pdf file /eos/home-s/spalluot/www/MTD/MTDTB_CERN_Sep23/pulseShapes//HPK_nonIrr_LYSO528_Vov3.50_angle52_T5C/g_ps_bar09_Vov3.50.pdf has been created
Info in <TCanvas::Print>: png file /eos/home-s/spalluot/www/MTD/MTDTB_CERN_Sep23/pulseShapes//HPK_nonIrr_LYSO528_Vov3.50_angle52_T5C/g_ps_bar10_Vov3.50.png has been created
Info in <TCanvas::Print>: pdf file /eos/home-s/spalluot/www/MTD/MTDTB_CERN_Sep23/pulseShapes//HPK_nonIrr_LYSO528_Vov3.50_angle52_T5C/g_ps_bar10_Vov3.50.pdf has been created
Info in <TCanvas::Print>: png file /eos/home-s/spalluot/www/MTD/MTDTB_CERN_Sep23/pulseShapes//HPK_nonIrr_LYSO528_Vov3.50_angle52_T5C/g_ps_bar11_Vov3.50.png has been created
Info in <TCanvas::Print>: pdf file /eos/home-s/spalluot/www/MTD/MTDTB_CERN_Sep23/pulseShapes//HPK_nonIrr_LYSO528_Vov3.50_angle52_T5C/g_ps_bar11_Vov3.50.pdf has been created
Info in <TCanvas::Print>: png file /eos/home-s/spalluot/www/MTD/MTDTB_CERN_Sep23/pulseShapes//HPK_nonIrr_LYSO528_Vov3.50_angle52_T5C/g_ps_bar12_Vov3.50.png has been created
Info in <TCanvas::Print>: pdf file /eos/home-s/spalluot/www/MTD/MTDTB_CERN_Sep23/pulseShapes//HPK_nonIrr_LYSO528_Vov3.50_angle52_T5C/g_ps_bar12_Vov3.50.pdf has been created
Info in <TCanvas::Print>: png file /eos/home-s/spalluot/www/MTD/MTDTB_CERN_Sep23/pulseShapes//HPK_nonIrr_LYSO528_Vov3.50_angle52_T5C/g_ps_bar13_Vov3.50.png has been created
Info in <TCanvas::Print>: pdf file /eos/home-s/spalluot/www/MTD/MTDTB_CERN_Sep23/pulseShapes//HPK_nonIrr_LYSO528_Vov3.50_angle52_T5C/g_ps_bar13_Vov3.50.pdf has been created
Info in <TCanvas::Print>: png file /eos/home-s/spalluot/www/MTD/MTDTB_CERN_Sep23/pulseShapes//HPK_nonIrr_LYSO528_Vov3.50_angle52_T5C/g_ps_bar14_Vov3.50.png has been created
Info in <TCanvas::Print>: pdf file /eos/home-s/spalluot/www/MTD/MTDTB_CERN_Sep23/pulseShapes//HPK_nonIrr_LYSO528_Vov3.50_angle52_T5C/g_ps_bar14_Vov3.50.pdf has been created
