000 (14808124.051.000) 05/19 04:24:07 Job submitted from host: <188.184.90.241:9618?addrs=188.184.90.241-9618+[2001-1458-201-e4--100-2eb]-9618&alias=bigbird15.cern.ch&noUDP&sock=schedd_3273_9590>
...
040 (14808124.051.000) 05/19 04:35:58 Started transferring input files
	Transferring to host: <128.142.60.152:9618?addrs=128.142.60.152-9618+[2001-1458-301-22--100-97]-9618&alias=b7s05p8178.cern.ch&noUDP&sock=slot1_23_3974_cadb_33329>
...
040 (14808124.051.000) 05/19 04:35:58 Finished transferring input files
...
001 (14808124.051.000) 05/19 04:35:59 Job executing on host: <128.142.60.152:9618?addrs=128.142.60.152-9618+[2001-1458-301-22--100-97]-9618&alias=b7s05p8178.cern.ch&noUDP&sock=startd_2927_41cb>
...
006 (14808124.051.000) 05/19 04:36:08 Image size of job updated: 47656
	47  -  MemoryUsage of job (MB)
	47656  -  ResidentSetSize of job (KB)
...
006 (14808124.051.000) 05/19 04:41:09 Image size of job updated: 4404728
	3705  -  MemoryUsage of job (MB)
	3793064  -  ResidentSetSize of job (KB)
...
006 (14808124.051.000) 05/19 04:41:14 Image size of job updated: 4405332
	3705  -  MemoryUsage of job (MB)
	3793064  -  ResidentSetSize of job (KB)
...
040 (14808124.051.000) 05/19 04:41:15 Started transferring output files
...
040 (14808124.051.000) 05/19 04:41:15 Finished transferring output files
...
005 (14808124.051.000) 05/19 04:41:15 Job terminated.
	(1) Normal termination (return value 0)
		Usr 0 00:03:24, Sys 0 00:00:08  -  Run Remote Usage
		Usr 0 00:00:00, Sys 0 00:00:00  -  Run Local Usage
		Usr 0 00:03:24, Sys 0 00:00:08  -  Total Remote Usage
		Usr 0 00:00:00, Sys 0 00:00:00  -  Total Local Usage
	311761  -  Run Bytes Sent By Job
	269  -  Run Bytes Received By Job
	311761  -  Total Bytes Sent By Job
	269  -  Total Bytes Received By Job
	Partitionable Resources :    Usage  Request Allocated 
	   Cpus                 :     0.82        1         1 
	   Disk (KB)            :   326           1   1325157 
	   Memory (MB)          :  3705        2000      2000 

	Job terminated of its own accord at 2023-05-19T02:41:14Z.
...
