000 (14857949.009.000) 06/22 15:24:33 Job submitted from host: <188.184.90.241:9618?addrs=188.184.90.241-9618+[2001-1458-201-e4--100-2eb]-9618&alias=bigbird15.cern.ch&noUDP&sock=schedd_1460210_2ef4>
...
040 (14857949.009.000) 06/22 15:34:21 Started transferring input files
	Transferring to host: <128.142.56.149:9618?addrs=128.142.56.149-9618+[2001-1458-301-6--100-94]-9618&alias=b7s01p8225.cern.ch&noUDP&sock=slot1_18_4332_0929_71538>
...
040 (14857949.009.000) 06/22 15:34:21 Finished transferring input files
...
001 (14857949.009.000) 06/22 15:34:22 Job executing on host: <128.142.56.149:9618?addrs=128.142.56.149-9618+[2001-1458-301-6--100-94]-9618&alias=b7s01p8225.cern.ch&noUDP&sock=startd_2912_f7e0>
...
006 (14857949.009.000) 06/22 15:34:31 Image size of job updated: 48144
	47  -  MemoryUsage of job (MB)
	47676  -  ResidentSetSize of job (KB)
...
006 (14857949.009.000) 06/22 15:39:32 Image size of job updated: 1722948
	1158  -  MemoryUsage of job (MB)
	1184988  -  ResidentSetSize of job (KB)
...
006 (14857949.009.000) 06/22 15:44:32 Image size of job updated: 4037584
	1158  -  MemoryUsage of job (MB)
	1184988  -  ResidentSetSize of job (KB)
...
006 (14857949.009.000) 06/22 15:49:33 Image size of job updated: 4387848
	1158  -  MemoryUsage of job (MB)
	1184988  -  ResidentSetSize of job (KB)
...
006 (14857949.009.000) 06/22 15:51:10 Image size of job updated: 4409316
	1158  -  MemoryUsage of job (MB)
	1184988  -  ResidentSetSize of job (KB)
...
040 (14857949.009.000) 06/22 15:51:10 Started transferring output files
...
040 (14857949.009.000) 06/22 15:51:10 Finished transferring output files
...
005 (14857949.009.000) 06/22 15:51:10 Job terminated.
	(1) Normal termination (return value 0)
		Usr 0 00:07:13, Sys 0 00:00:25  -  Run Remote Usage
		Usr 0 00:00:00, Sys 0 00:00:00  -  Run Local Usage
		Usr 0 00:07:13, Sys 0 00:00:25  -  Total Remote Usage
		Usr 0 00:00:00, Sys 0 00:00:00  -  Total Local Usage
	113022  -  Run Bytes Sent By Job
	323  -  Run Bytes Received By Job
	113022  -  Total Bytes Sent By Job
	323  -  Total Bytes Received By Job
	Partitionable Resources :    Usage  Request Allocated 
	   Cpus                 :     0.26        1         1 
	   Disk (KB)            :   132           1   1205791 
	   Memory (MB)          :  1158        2000      2000 

	Job terminated of its own accord at 2023-06-22T13:51:10Z.
...
