000 (15271413.058.000) 12/18 14:02:22 Job submitted from host: <188.184.90.241:9618?addrs=188.184.90.241-9618+[2001-1458-201-e4--100-2eb]-9618&alias=bigbird15.cern.ch&noUDP&sock=schedd_2763_c443>
...
040 (15271413.058.000) 12/18 14:06:09 Started transferring input files
	Transferring to host: <128.142.60.117:9618?addrs=128.142.60.117-9618+[2001-1458-301-22--100-74]-9618&alias=b9s05p1730.cern.ch&noUDP&sock=slot1_2_122153_96c0_8168>
...
040 (15271413.058.000) 12/18 14:06:09 Finished transferring input files
...
001 (15271413.058.000) 12/18 14:06:10 Job executing on host: <128.142.60.117:9618?addrs=128.142.60.117-9618+[2001-1458-301-22--100-74]-9618&alias=b9s05p1730.cern.ch&noUDP&sock=startd_113008_aab8>
...
006 (15271413.058.000) 12/18 14:06:19 Image size of job updated: 218632
	193  -  MemoryUsage of job (MB)
	197084  -  ResidentSetSize of job (KB)
...
006 (15271413.058.000) 12/18 14:11:20 Image size of job updated: 611544
	596  -  MemoryUsage of job (MB)
	610300  -  ResidentSetSize of job (KB)
...
006 (15271413.058.000) 12/18 14:16:20 Image size of job updated: 985788
	914  -  MemoryUsage of job (MB)
	934944  -  ResidentSetSize of job (KB)
...
006 (15271413.058.000) 12/18 14:21:20 Image size of job updated: 3443472
	3362  -  MemoryUsage of job (MB)
	3442228  -  ResidentSetSize of job (KB)
...
006 (15271413.058.000) 12/18 14:23:49 Image size of job updated: 3488812
	3362  -  MemoryUsage of job (MB)
	3442228  -  ResidentSetSize of job (KB)
...
040 (15271413.058.000) 12/18 14:23:49 Started transferring output files
...
040 (15271413.058.000) 12/18 14:23:49 Finished transferring output files
...
005 (15271413.058.000) 12/18 14:23:49 Job terminated.
	(1) Normal termination (return value 0)
		Usr 0 00:12:58, Sys 0 00:00:10  -  Run Remote Usage
		Usr 0 00:00:00, Sys 0 00:00:00  -  Run Local Usage
		Usr 0 00:12:58, Sys 0 00:00:10  -  Total Remote Usage
		Usr 0 00:00:00, Sys 0 00:00:00  -  Total Local Usage
	267447  -  Run Bytes Sent By Job
	269  -  Run Bytes Received By Job
	267447  -  Total Bytes Sent By Job
	269  -  Total Bytes Received By Job
	Partitionable Resources :    Usage  Request Allocated 
	   Cpus                 :     0.97        1         1 
	   Disk (KB)            :   305           1   3051195 
	   Memory (MB)          :  3362        2000      2000 

	Job terminated of its own accord at 2023-12-18T13:23:49Z.
...
