000 (14807404.007.000) 05/15 22:32:17 Job submitted from host: <188.184.90.241:9618?addrs=188.184.90.241-9618+[2001-1458-201-e4--100-2eb]-9618&alias=bigbird15.cern.ch&noUDP&sock=schedd_3273_9590>
...
040 (14807404.007.000) 05/15 22:47:41 Started transferring input files
	Transferring to host: <188.184.162.185:9618?addrs=188.184.162.185-9618+[2001-1458-301-4a--100-b3]-9618&alias=b7s11p4678.cern.ch&noUDP&sock=slot1_1_4278_fce7_64900>
...
040 (14807404.007.000) 05/15 22:47:41 Finished transferring input files
...
001 (14807404.007.000) 05/15 22:47:42 Job executing on host: <188.184.162.185:9618?addrs=188.184.162.185-9618+[2001-1458-301-4a--100-b3]-9618&alias=b7s11p4678.cern.ch&noUDP&sock=startd_2995_e63c>
...
006 (14807404.007.000) 05/15 22:47:51 Image size of job updated: 554140
	47  -  MemoryUsage of job (MB)
	47704  -  ResidentSetSize of job (KB)
...
006 (14807404.007.000) 05/15 22:52:52 Image size of job updated: 1901636
	1305  -  MemoryUsage of job (MB)
	1335772  -  ResidentSetSize of job (KB)
...
006 (14807404.007.000) 05/15 23:02:53 Image size of job updated: 4038876
	1305  -  MemoryUsage of job (MB)
	1335772  -  ResidentSetSize of job (KB)
...
006 (14807404.007.000) 05/15 23:07:53 Image size of job updated: 4329512
	1305  -  MemoryUsage of job (MB)
	1335772  -  ResidentSetSize of job (KB)
...
006 (14807404.007.000) 05/15 23:12:40 Image size of job updated: 4413684
	1305  -  MemoryUsage of job (MB)
	1335772  -  ResidentSetSize of job (KB)
...
040 (14807404.007.000) 05/15 23:12:40 Started transferring output files
...
040 (14807404.007.000) 05/15 23:12:40 Finished transferring output files
...
005 (14807404.007.000) 05/15 23:12:40 Job terminated.
	(1) Normal termination (return value 0)
		Usr 0 00:09:23, Sys 0 00:00:40  -  Run Remote Usage
		Usr 0 00:00:00, Sys 0 00:00:00  -  Run Local Usage
		Usr 0 00:09:23, Sys 0 00:00:40  -  Total Remote Usage
		Usr 0 00:00:00, Sys 0 00:00:00  -  Total Local Usage
	122208  -  Run Bytes Sent By Job
	323  -  Run Bytes Received By Job
	122208  -  Total Bytes Sent By Job
	323  -  Total Bytes Received By Job
	Partitionable Resources :    Usage  Request Allocated 
	   Cpus                 :     0.08        1         1 
	   Disk (KB)            :   141           1   2832931 
	   Memory (MB)          :  1305        2000      2000 

	Job terminated of its own accord at 2023-05-15T21:12:40Z.
...
