000 (15155263.024.000) 10/07 15:36:06 Job submitted from host: <188.184.90.241:9618?addrs=188.184.90.241-9618+[2001-1458-201-e4--100-2eb]-9618&alias=bigbird15.cern.ch&noUDP&sock=schedd_2763_c443>
...
040 (15155263.024.000) 10/07 15:38:44 Started transferring input files
	Transferring to host: <128.142.61.123:9618?addrs=128.142.61.123-9618+[2001-1458-301-23--100-7a]-9618&alias=b7s06p7679.cern.ch&noUDP&sock=slot1_11_3708_5f10_298339>
...
040 (15155263.024.000) 10/07 15:38:44 Finished transferring input files
...
001 (15155263.024.000) 10/07 15:38:45 Job executing on host: <128.142.61.123:9618?addrs=128.142.61.123-9618+[2001-1458-301-23--100-7a]-9618&alias=b7s06p7679.cern.ch&noUDP&sock=startd_2863_5bbc>
...
006 (15155263.024.000) 10/07 15:38:54 Image size of job updated: 624560
	52  -  MemoryUsage of job (MB)
	52796  -  ResidentSetSize of job (KB)
...
006 (15155263.024.000) 10/07 15:43:55 Image size of job updated: 1111880
	572  -  MemoryUsage of job (MB)
	585052  -  ResidentSetSize of job (KB)
...
006 (15155263.024.000) 10/07 15:48:55 Image size of job updated: 1227996
	572  -  MemoryUsage of job (MB)
	585052  -  ResidentSetSize of job (KB)
...
006 (15155263.024.000) 10/07 15:53:56 Image size of job updated: 3683492
	572  -  MemoryUsage of job (MB)
	585052  -  ResidentSetSize of job (KB)
...
006 (15155263.024.000) 10/07 15:58:57 Image size of job updated: 3932948
	572  -  MemoryUsage of job (MB)
	585052  -  ResidentSetSize of job (KB)
...
006 (15155263.024.000) 10/07 16:03:57 Image size of job updated: 3990808
	572  -  MemoryUsage of job (MB)
	585052  -  ResidentSetSize of job (KB)
...
006 (15155263.024.000) 10/07 16:08:57 Image size of job updated: 4004468
	572  -  MemoryUsage of job (MB)
	585052  -  ResidentSetSize of job (KB)
...
006 (15155263.024.000) 10/07 16:11:45 Image size of job updated: 4011768
	572  -  MemoryUsage of job (MB)
	585052  -  ResidentSetSize of job (KB)
...
040 (15155263.024.000) 10/07 16:11:45 Started transferring output files
...
040 (15155263.024.000) 10/07 16:11:45 Finished transferring output files
...
005 (15155263.024.000) 10/07 16:11:45 Job terminated.
	(1) Normal termination (return value 0)
		Usr 0 00:10:40, Sys 0 00:00:16  -  Run Remote Usage
		Usr 0 00:00:00, Sys 0 00:00:00  -  Run Local Usage
		Usr 0 00:10:40, Sys 0 00:00:16  -  Total Remote Usage
		Usr 0 00:00:00, Sys 0 00:00:00  -  Total Local Usage
	81595  -  Run Bytes Sent By Job
	323  -  Run Bytes Received By Job
	81595  -  Total Bytes Sent By Job
	323  -  Total Bytes Received By Job
	Partitionable Resources :    Usage  Request Allocated 
	   Cpus                 :     0.97        1         1 
	   Disk (KB)            :   101           1   1208247 
	   Memory (MB)          :   572        2000      2000 

	Job terminated of its own accord at 2023-10-07T14:11:45Z.
...
