000 (15271413.077.000) 12/18 14:02:23 Job submitted from host: <188.184.90.241:9618?addrs=188.184.90.241-9618+[2001-1458-201-e4--100-2eb]-9618&alias=bigbird15.cern.ch&noUDP&sock=schedd_2763_c443>
...
040 (15271413.077.000) 12/18 14:06:16 Started transferring input files
	Transferring to host: <188.184.162.48:9618?addrs=188.184.162.48-9618+[2001-1458-301-4a--100-2a]-9618&alias=b9s11p4945.cern.ch&noUDP&sock=slot1_8_125172_bf5b_31551>
...
040 (15271413.077.000) 12/18 14:06:16 Finished transferring input files
...
001 (15271413.077.000) 12/18 14:06:17 Job executing on host: <188.184.162.48:9618?addrs=188.184.162.48-9618+[2001-1458-301-4a--100-2a]-9618&alias=b9s11p4945.cern.ch&noUDP&sock=startd_113977_51fd>
...
006 (15271413.077.000) 12/18 14:06:26 Image size of job updated: 152272
	149  -  MemoryUsage of job (MB)
	152272  -  ResidentSetSize of job (KB)
...
006 (15271413.077.000) 12/18 14:11:27 Image size of job updated: 506780
	495  -  MemoryUsage of job (MB)
	506780  -  ResidentSetSize of job (KB)
...
006 (15271413.077.000) 12/18 14:16:27 Image size of job updated: 779552
	762  -  MemoryUsage of job (MB)
	779552  -  ResidentSetSize of job (KB)
...
006 (15271413.077.000) 12/18 14:21:28 Image size of job updated: 3039436
	2969  -  MemoryUsage of job (MB)
	3039436  -  ResidentSetSize of job (KB)
...
040 (15271413.077.000) 12/18 14:22:04 Started transferring output files
...
040 (15271413.077.000) 12/18 14:22:04 Finished transferring output files
...
005 (15271413.077.000) 12/18 14:22:04 Job terminated.
	(1) Normal termination (return value 0)
		Usr 0 00:11:06, Sys 0 00:00:10  -  Run Remote Usage
		Usr 0 00:00:00, Sys 0 00:00:00  -  Run Local Usage
		Usr 0 00:11:06, Sys 0 00:00:10  -  Total Remote Usage
		Usr 0 00:00:00, Sys 0 00:00:00  -  Total Local Usage
	189785  -  Run Bytes Sent By Job
	269  -  Run Bytes Received By Job
	189785  -  Total Bytes Sent By Job
	269  -  Total Bytes Received By Job
	Partitionable Resources :    Usage  Request Allocated 
	   Cpus                 :     0.97        1         1 
	   Disk (KB)            :   229           1   2937751 
	   Memory (MB)          :  2969        2000      2000 

	Job terminated of its own accord at 2023-12-18T13:22:04Z.
...
