000 (15150662.115.000) 09/28 15:49:40 Job submitted from host: <188.184.90.241:9618?addrs=188.184.90.241-9618+[2001-1458-201-e4--100-2eb]-9618&alias=bigbird15.cern.ch&noUDP&sock=schedd_2763_c443>
...
040 (15150662.115.000) 09/28 16:01:25 Started transferring input files
	Transferring to host: <128.142.56.86:9618?addrs=128.142.56.86-9618&alias=b7s01p8345.cern.ch&noUDP&sock=slot1_21_1389_6d12_32837>
...
040 (15150662.115.000) 09/28 16:01:25 Finished transferring input files
...
001 (15150662.115.000) 09/28 16:01:26 Job executing on host: <128.142.56.86:9618?addrs=128.142.56.86-9618&alias=b7s01p8345.cern.ch&noUDP&sock=startd_2682_3517>
...
006 (15150662.115.000) 09/28 16:01:34 Image size of job updated: 123104
	121  -  MemoryUsage of job (MB)
	123104  -  ResidentSetSize of job (KB)
...
006 (15150662.115.000) 09/28 16:06:28 Image size of job updated: 922680
	121  -  MemoryUsage of job (MB)
	123104  -  ResidentSetSize of job (KB)
...
040 (15150662.115.000) 09/28 16:06:28 Started transferring output files
...
040 (15150662.115.000) 09/28 16:06:28 Finished transferring output files
...
005 (15150662.115.000) 09/28 16:06:28 Job terminated.
	(1) Normal termination (return value 0)
		Usr 0 00:00:12, Sys 0 00:00:00  -  Run Remote Usage
		Usr 0 00:00:00, Sys 0 00:00:00  -  Run Local Usage
		Usr 0 00:00:12, Sys 0 00:00:00  -  Total Remote Usage
		Usr 0 00:00:00, Sys 0 00:00:00  -  Total Local Usage
	7936  -  Run Bytes Sent By Job
	374  -  Run Bytes Received By Job
	7936  -  Total Bytes Sent By Job
	374  -  Total Bytes Received By Job
	Partitionable Resources :    Usage  Request Allocated 
	   Cpus                 :                 1         1 
	   Disk (KB)            :       21        1   1284131 
	   Memory (MB)          :      121     2000      2000 

	Job terminated of its own accord at 2023-09-28T14:06:28Z.
...
