000 (15150655.203.000) 09/28 15:00:14 Job submitted from host: <188.184.90.241:9618?addrs=188.184.90.241-9618+[2001-1458-201-e4--100-2eb]-9618&alias=bigbird15.cern.ch&noUDP&sock=schedd_2763_c443>
...
040 (15150655.203.000) 09/28 15:03:50 Started transferring input files
	Transferring to host: <128.142.57.81:9618?addrs=128.142.57.81-9618+[2001-1458-301-7--100-50]-9618&alias=b7s02p2228.cern.ch&noUDP&sock=slot1_44_4231_df45_187202>
...
040 (15150655.203.000) 09/28 15:03:50 Finished transferring input files
...
001 (15150655.203.000) 09/28 15:03:51 Job executing on host: <128.142.57.81:9618?addrs=128.142.57.81-9618+[2001-1458-301-7--100-50]-9618&alias=b7s02p2228.cern.ch&noUDP&sock=startd_2927_41cb>
...
006 (15150655.203.000) 09/28 15:03:59 Image size of job updated: 123368
	121  -  MemoryUsage of job (MB)
	123368  -  ResidentSetSize of job (KB)
...
006 (15150655.203.000) 09/28 15:06:38 Image size of job updated: 920268
	121  -  MemoryUsage of job (MB)
	123368  -  ResidentSetSize of job (KB)
...
040 (15150655.203.000) 09/28 15:06:38 Started transferring output files
...
040 (15150655.203.000) 09/28 15:06:38 Finished transferring output files
...
005 (15150655.203.000) 09/28 15:06:38 Job terminated.
	(1) Normal termination (return value 0)
		Usr 0 00:00:10, Sys 0 00:00:00  -  Run Remote Usage
		Usr 0 00:00:00, Sys 0 00:00:00  -  Run Local Usage
		Usr 0 00:00:10, Sys 0 00:00:00  -  Total Remote Usage
		Usr 0 00:00:00, Sys 0 00:00:00  -  Total Local Usage
	7742  -  Run Bytes Sent By Job
	374  -  Run Bytes Received By Job
	7742  -  Total Bytes Sent By Job
	374  -  Total Bytes Received By Job
	Partitionable Resources :    Usage  Request Allocated 
	   Cpus                 :                 1         1 
	   Disk (KB)            :       21        1    980243 
	   Memory (MB)          :      121     2000      2000 

	Job terminated of its own accord at 2023-09-28T13:06:38Z.
...
