000 (14807272.007.000) 05/14 22:53:25 Job submitted from host: <188.184.90.241:9618?addrs=188.184.90.241-9618+[2001-1458-201-e4--100-2eb]-9618&alias=bigbird15.cern.ch&noUDP&sock=schedd_3273_9590>
...
040 (14807272.007.000) 05/14 23:06:13 Started transferring input files
	Transferring to host: <188.184.163.50:9618?addrs=188.184.163.50-9618+[2001-1458-301-4d--100-2c]-9618&alias=b7s12p0098.cern.ch&noUDP&sock=slot1_16_3687_932f_61000>
...
040 (14807272.007.000) 05/14 23:06:13 Finished transferring input files
...
001 (14807272.007.000) 05/14 23:06:14 Job executing on host: <188.184.163.50:9618?addrs=188.184.163.50-9618+[2001-1458-301-4d--100-2c]-9618&alias=b7s12p0098.cern.ch&noUDP&sock=startd_3023_1ae3>
...
006 (14807272.007.000) 05/14 23:06:23 Image size of job updated: 554132
	47  -  MemoryUsage of job (MB)
	47684  -  ResidentSetSize of job (KB)
...
006 (14807272.007.000) 05/14 23:11:23 Image size of job updated: 1901628
	1356  -  MemoryUsage of job (MB)
	1388084  -  ResidentSetSize of job (KB)
...
006 (14807272.007.000) 05/14 23:16:23 Image size of job updated: 1926628
	1356  -  MemoryUsage of job (MB)
	1388084  -  ResidentSetSize of job (KB)
...
006 (14807272.007.000) 05/14 23:21:24 Image size of job updated: 4390832
	1356  -  MemoryUsage of job (MB)
	1388084  -  ResidentSetSize of job (KB)
...
006 (14807272.007.000) 05/14 23:26:24 Image size of job updated: 4468620
	1356  -  MemoryUsage of job (MB)
	1388084  -  ResidentSetSize of job (KB)
...
006 (14807272.007.000) 05/14 23:27:01 Image size of job updated: 4478012
	1356  -  MemoryUsage of job (MB)
	1388084  -  ResidentSetSize of job (KB)
...
040 (14807272.007.000) 05/14 23:27:02 Started transferring output files
...
040 (14807272.007.000) 05/14 23:27:02 Finished transferring output files
...
005 (14807272.007.000) 05/14 23:27:02 Job terminated.
	(1) Normal termination (return value 0)
		Usr 0 00:09:26, Sys 0 00:00:40  -  Run Remote Usage
		Usr 0 00:00:00, Sys 0 00:00:00  -  Run Local Usage
		Usr 0 00:09:26, Sys 0 00:00:40  -  Total Remote Usage
		Usr 0 00:00:00, Sys 0 00:00:00  -  Total Local Usage
	108555  -  Run Bytes Sent By Job
	323  -  Run Bytes Received By Job
	108555  -  Total Bytes Sent By Job
	323  -  Total Bytes Received By Job
	Partitionable Resources :    Usage  Request Allocated 
	   Cpus                 :        0        1         1 
	   Disk (KB)            :      127        1   3016616 
	   Memory (MB)          :     1356     2000      2000 

	Job terminated of its own accord at 2023-05-14T21:27:01Z.
...
