000 (14832095.190.000) 06/12 15:17:58 Job submitted from host: <188.184.90.241:9618?addrs=188.184.90.241-9618+[2001-1458-201-e4--100-2eb]-9618&alias=bigbird15.cern.ch&noUDP&sock=schedd_1460210_2ef4>
...
040 (14832095.190.000) 06/12 15:20:43 Started transferring input files
	Transferring to host: <128.142.137.128:9618?addrs=128.142.137.128-9618+[2001-1458-301-5e--100-74]-9618&alias=b7g19p0899.cern.ch&noUDP&sock=slot1_35_4947_5be2_58219>
...
040 (14832095.190.000) 06/12 15:20:43 Finished transferring input files
...
001 (14832095.190.000) 06/12 15:20:44 Job executing on host: <128.142.137.128:9618?addrs=128.142.137.128-9618+[2001-1458-301-5e--100-74]-9618&alias=b7g19p0899.cern.ch&noUDP&sock=startd_4235_6fac>
...
006 (14832095.190.000) 06/12 15:20:53 Image size of job updated: 48236
	47  -  MemoryUsage of job (MB)
	47684  -  ResidentSetSize of job (KB)
...
006 (14832095.190.000) 06/12 15:25:53 Image size of job updated: 1405680
	896  -  MemoryUsage of job (MB)
	917436  -  ResidentSetSize of job (KB)
...
006 (14832095.190.000) 06/12 15:30:54 Image size of job updated: 1607152
	1044  -  MemoryUsage of job (MB)
	1068896  -  ResidentSetSize of job (KB)
...
006 (14832095.190.000) 06/12 15:35:55 Image size of job updated: 1733272
	1044  -  MemoryUsage of job (MB)
	1068896  -  ResidentSetSize of job (KB)
...
006 (14832095.190.000) 06/12 15:40:55 Image size of job updated: 4031868
	1044  -  MemoryUsage of job (MB)
	1068896  -  ResidentSetSize of job (KB)
...
006 (14832095.190.000) 06/12 15:45:55 Image size of job updated: 4031872
	1044  -  MemoryUsage of job (MB)
	1068896  -  ResidentSetSize of job (KB)
...
006 (14832095.190.000) 06/12 15:50:56 Image size of job updated: 4082544
	1044  -  MemoryUsage of job (MB)
	1068896  -  ResidentSetSize of job (KB)
...
006 (14832095.190.000) 06/12 15:55:56 Image size of job updated: 4319072
	1044  -  MemoryUsage of job (MB)
	1068896  -  ResidentSetSize of job (KB)
...
006 (14832095.190.000) 06/12 16:00:56 Image size of job updated: 4376296
	1044  -  MemoryUsage of job (MB)
	1068896  -  ResidentSetSize of job (KB)
...
006 (14832095.190.000) 06/12 16:05:57 Image size of job updated: 4394508
	1044  -  MemoryUsage of job (MB)
	1068896  -  ResidentSetSize of job (KB)
...
006 (14832095.190.000) 06/12 16:09:41 Image size of job updated: 4409460
	1044  -  MemoryUsage of job (MB)
	1068896  -  ResidentSetSize of job (KB)
...
040 (14832095.190.000) 06/12 16:09:41 Started transferring output files
...
040 (14832095.190.000) 06/12 16:09:41 Finished transferring output files
...
005 (14832095.190.000) 06/12 16:09:41 Job terminated.
	(1) Normal termination (return value 0)
		Usr 0 00:11:35, Sys 0 00:00:35  -  Run Remote Usage
		Usr 0 00:00:00, Sys 0 00:00:00  -  Run Local Usage
		Usr 0 00:11:35, Sys 0 00:00:35  -  Total Remote Usage
		Usr 0 00:00:00, Sys 0 00:00:00  -  Total Local Usage
	108404  -  Run Bytes Sent By Job
	323  -  Run Bytes Received By Job
	108404  -  Total Bytes Sent By Job
	323  -  Total Bytes Received By Job
	Partitionable Resources :    Usage  Request Allocated 
	   Cpus                 :     0.01        1         1 
	   Disk (KB)            :   127           1   1633177 
	   Memory (MB)          :  1044        2000      2000 

	Job terminated of its own accord at 2023-06-12T14:09:41Z.
...
