000 (14807135.021.000) 05/13 19:23:40 Job submitted from host: <188.184.90.241:9618?addrs=188.184.90.241-9618+[2001-1458-201-e4--100-2eb]-9618&alias=bigbird15.cern.ch&noUDP&sock=schedd_3273_9590>
...
040 (14807135.021.000) 05/13 19:35:13 Started transferring input files
	Transferring to host: <188.184.162.71:9618?addrs=188.184.162.71-9618&alias=b7s11p6222.cern.ch&noUDP&sock=slot1_24_4107_80c0_46124>
...
040 (14807135.021.000) 05/13 19:35:13 Finished transferring input files
...
001 (14807135.021.000) 05/13 19:35:14 Job executing on host: <188.184.162.71:9618?addrs=188.184.162.71-9618&alias=b7s11p6222.cern.ch&noUDP&sock=startd_4057_57d0>
...
006 (14807135.021.000) 05/13 19:35:23 Image size of job updated: 50352
	47  -  MemoryUsage of job (MB)
	47664  -  ResidentSetSize of job (KB)
...
006 (14807135.021.000) 05/13 19:40:24 Image size of job updated: 1259232
	802  -  MemoryUsage of job (MB)
	821060  -  ResidentSetSize of job (KB)
...
006 (14807135.021.000) 05/13 19:45:24 Image size of job updated: 1859288
	1121  -  MemoryUsage of job (MB)
	1147668  -  ResidentSetSize of job (KB)
...
006 (14807135.021.000) 05/13 19:50:25 Image size of job updated: 1859296
	1149  -  MemoryUsage of job (MB)
	1176560  -  ResidentSetSize of job (KB)
...
006 (14807135.021.000) 05/13 19:55:26 Image size of job updated: 1884296
	1227  -  MemoryUsage of job (MB)
	1255616  -  ResidentSetSize of job (KB)
...
040 (14807135.021.000) 05/13 19:55:28 Started transferring output files
...
040 (14807135.021.000) 05/13 19:55:28 Finished transferring output files
...
009 (14807135.021.000) 05/13 19:55:28 Job was aborted.
	Job removed by SYSTEM_PERIODIC_REMOVE due to wall time exceeded allowed max.
...
