000 (15150662.043.000) 09/28 15:49:40 Job submitted from host: <188.184.90.241:9618?addrs=188.184.90.241-9618+[2001-1458-201-e4--100-2eb]-9618&alias=bigbird15.cern.ch&noUDP&sock=schedd_2763_c443>
...
040 (15150662.043.000) 09/28 16:01:01 Started transferring input files
	Transferring to host: <128.142.137.196:9618?addrs=128.142.137.196-9618+[2001-1458-301-5e--100-b8]-9618&alias=b7g19p9154.cern.ch&noUDP&sock=slot1_29_3639_c12d_90994>
...
040 (15150662.043.000) 09/28 16:01:01 Finished transferring input files
...
001 (15150662.043.000) 09/28 16:01:02 Job executing on host: <128.142.137.196:9618?addrs=128.142.137.196-9618+[2001-1458-301-5e--100-b8]-9618&alias=b7g19p9154.cern.ch&noUDP&sock=startd_2970_c05e>
...
006 (15150662.043.000) 09/28 16:01:11 Image size of job updated: 908748
	120  -  MemoryUsage of job (MB)
	122044  -  ResidentSetSize of job (KB)
...
006 (15150662.043.000) 09/28 16:03:53 Image size of job updated: 919884
	120  -  MemoryUsage of job (MB)
	122044  -  ResidentSetSize of job (KB)
...
040 (15150662.043.000) 09/28 16:03:53 Started transferring output files
...
040 (15150662.043.000) 09/28 16:03:53 Finished transferring output files
...
005 (15150662.043.000) 09/28 16:03:53 Job terminated.
	(1) Normal termination (return value 0)
		Usr 0 00:00:12, Sys 0 00:00:01  -  Run Remote Usage
		Usr 0 00:00:00, Sys 0 00:00:00  -  Run Local Usage
		Usr 0 00:00:12, Sys 0 00:00:01  -  Total Remote Usage
		Usr 0 00:00:00, Sys 0 00:00:00  -  Total Local Usage
	7930  -  Run Bytes Sent By Job
	374  -  Run Bytes Received By Job
	7930  -  Total Bytes Sent By Job
	374  -  Total Bytes Received By Job
	Partitionable Resources :    Usage  Request Allocated 
	   Cpus                 :                 1         1 
	   Disk (KB)            :       22        1   1660316 
	   Memory (MB)          :      120     2000      2000 

	Job terminated of its own accord at 2023-09-28T14:03:53Z.
...
