000 (14832095.123.000) 06/12 15:17:57 Job submitted from host: <188.184.90.241:9618?addrs=188.184.90.241-9618+[2001-1458-201-e4--100-2eb]-9618&alias=bigbird15.cern.ch&noUDP&sock=schedd_1460210_2ef4>
...
040 (14832095.123.000) 06/12 15:20:13 Started transferring input files
	Transferring to host: <128.142.194.155:9618?addrs=128.142.194.155-9618+[2001-1458-301-13--100-1b]-9618&alias=b7g30p9096.cern.ch&noUDP&sock=slot1_18_4840_f7be_63026>
...
040 (14832095.123.000) 06/12 15:20:13 Finished transferring input files
...
001 (14832095.123.000) 06/12 15:20:14 Job executing on host: <128.142.194.155:9618?addrs=128.142.194.155-9618+[2001-1458-301-13--100-1b]-9618&alias=b7g30p9096.cern.ch&noUDP&sock=startd_3327_9fad>
...
006 (14832095.123.000) 06/12 15:20:22 Image size of job updated: 554036
	47  -  MemoryUsage of job (MB)
	47688  -  ResidentSetSize of job (KB)
...
006 (14832095.123.000) 06/12 15:25:22 Image size of job updated: 1870108
	1327  -  MemoryUsage of job (MB)
	1358116  -  ResidentSetSize of job (KB)
...
006 (14832095.123.000) 06/12 15:30:23 Image size of job updated: 2075188
	1327  -  MemoryUsage of job (MB)
	1358116  -  ResidentSetSize of job (KB)
...
006 (14832095.123.000) 06/12 15:40:23 Image size of job updated: 4048536
	1327  -  MemoryUsage of job (MB)
	1358116  -  ResidentSetSize of job (KB)
...
006 (14832095.123.000) 06/12 15:45:24 Image size of job updated: 4048540
	1327  -  MemoryUsage of job (MB)
	1358116  -  ResidentSetSize of job (KB)
...
006 (14832095.123.000) 06/12 15:50:25 Image size of job updated: 4097808
	1327  -  MemoryUsage of job (MB)
	1358116  -  ResidentSetSize of job (KB)
...
006 (14832095.123.000) 06/12 15:55:25 Image size of job updated: 4331596
	1327  -  MemoryUsage of job (MB)
	1358116  -  ResidentSetSize of job (KB)
...
006 (14832095.123.000) 06/12 16:00:26 Image size of job updated: 4339480
	1327  -  MemoryUsage of job (MB)
	1358116  -  ResidentSetSize of job (KB)
...
006 (14832095.123.000) 06/12 16:05:27 Image size of job updated: 4400012
	1327  -  MemoryUsage of job (MB)
	1358116  -  ResidentSetSize of job (KB)
...
006 (14832095.123.000) 06/12 16:10:27 Image size of job updated: 4419140
	1327  -  MemoryUsage of job (MB)
	1358116  -  ResidentSetSize of job (KB)
...
006 (14832095.123.000) 06/12 16:11:46 Image size of job updated: 4425852
	1327  -  MemoryUsage of job (MB)
	1358116  -  ResidentSetSize of job (KB)
...
040 (14832095.123.000) 06/12 16:11:46 Started transferring output files
...
040 (14832095.123.000) 06/12 16:11:46 Finished transferring output files
...
005 (14832095.123.000) 06/12 16:11:46 Job terminated.
	(1) Normal termination (return value 0)
		Usr 0 00:09:40, Sys 0 00:00:39  -  Run Remote Usage
		Usr 0 00:00:00, Sys 0 00:00:00  -  Run Local Usage
		Usr 0 00:09:40, Sys 0 00:00:39  -  Total Remote Usage
		Usr 0 00:00:00, Sys 0 00:00:00  -  Total Local Usage
	128629  -  Run Bytes Sent By Job
	323  -  Run Bytes Received By Job
	128629  -  Total Bytes Sent By Job
	323  -  Total Bytes Received By Job
	Partitionable Resources :    Usage  Request Allocated 
	   Cpus                 :     0.06        1         1 
	   Disk (KB)            :   147           1   3043101 
	   Memory (MB)          :  1327        2000      2000 

	Job terminated of its own accord at 2023-06-12T14:11:46Z.
...
