000 (15153696.112.000) 10/03 22:27:19 Job submitted from host: <188.184.90.241:9618?addrs=188.184.90.241-9618+[2001-1458-201-e4--100-2eb]-9618&alias=bigbird15.cern.ch&noUDP&sock=schedd_2763_c443>
...
040 (15153696.112.000) 10/03 22:30:56 Started transferring input files
	Transferring to host: <128.142.61.142:9618?addrs=128.142.61.142-9618+[2001-1458-301-23--100-8d]-9618&alias=b7s06p2037.cern.ch&noUDP&sock=slot1_20_29192_279c_133438>
...
040 (15153696.112.000) 10/03 22:30:56 Finished transferring input files
...
001 (15153696.112.000) 10/03 22:30:57 Job executing on host: <128.142.61.142:9618?addrs=128.142.61.142-9618+[2001-1458-301-23--100-8d]-9618&alias=b7s06p2037.cern.ch&noUDP&sock=startd_29154_cc2c>
...
006 (15153696.112.000) 10/03 22:31:06 Image size of job updated: 910040
	120  -  MemoryUsage of job (MB)
	122324  -  ResidentSetSize of job (KB)
...
006 (15153696.112.000) 10/03 22:32:37 Image size of job updated: 922916
	120  -  MemoryUsage of job (MB)
	122324  -  ResidentSetSize of job (KB)
...
040 (15153696.112.000) 10/03 22:32:37 Started transferring output files
...
040 (15153696.112.000) 10/03 22:32:37 Finished transferring output files
...
005 (15153696.112.000) 10/03 22:32:37 Job terminated.
	(1) Normal termination (return value 0)
		Usr 0 00:00:11, Sys 0 00:00:00  -  Run Remote Usage
		Usr 0 00:00:00, Sys 0 00:00:00  -  Run Local Usage
		Usr 0 00:00:11, Sys 0 00:00:00  -  Total Remote Usage
		Usr 0 00:00:00, Sys 0 00:00:00  -  Total Local Usage
	7935  -  Run Bytes Sent By Job
	374  -  Run Bytes Received By Job
	7935  -  Total Bytes Sent By Job
	374  -  Total Bytes Received By Job
	Partitionable Resources :    Usage  Request Allocated 
	   Cpus                 :                 1         1 
	   Disk (KB)            :       22        1   1289338 
	   Memory (MB)          :      120     2000      2000 

	Job terminated of its own accord at 2023-10-03T20:32:37Z.
...
