000 (15150654.018.000) 09/28 14:27:13 Job submitted from host: <188.184.90.241:9618?addrs=188.184.90.241-9618+[2001-1458-201-e4--100-2eb]-9618&alias=bigbird15.cern.ch&noUDP&sock=schedd_2763_c443>
...
040 (15150654.018.000) 09/28 14:46:00 Started transferring input files
	Transferring to host: <188.184.163.8:9618?addrs=188.184.163.8-9618+[2001-1458-301-4d--100-2]-9618&alias=b7s12p6507.cern.ch&noUDP&sock=slot1_28_3730_df51_207252>
...
040 (15150654.018.000) 09/28 14:46:00 Finished transferring input files
...
001 (15150654.018.000) 09/28 14:46:01 Job executing on host: <188.184.163.8:9618?addrs=188.184.163.8-9618+[2001-1458-301-4d--100-2]-9618&alias=b7s12p6507.cern.ch&noUDP&sock=startd_2978_3d20>
...
006 (15150654.018.000) 09/28 14:46:10 Image size of job updated: 894500
	107  -  MemoryUsage of job (MB)
	109184  -  ResidentSetSize of job (KB)
...
040 (15150654.018.000) 09/28 14:46:12 Started transferring output files
...
040 (15150654.018.000) 09/28 14:46:12 Finished transferring output files
...
005 (15150654.018.000) 09/28 14:46:12 Job terminated.
	(1) Normal termination (return value 0)
		Usr 0 00:00:01, Sys 0 00:00:00  -  Run Remote Usage
		Usr 0 00:00:00, Sys 0 00:00:00  -  Run Local Usage
		Usr 0 00:00:01, Sys 0 00:00:00  -  Total Remote Usage
		Usr 0 00:00:00, Sys 0 00:00:00  -  Total Local Usage
	7598  -  Run Bytes Sent By Job
	374  -  Run Bytes Received By Job
	7598  -  Total Bytes Sent By Job
	374  -  Total Bytes Received By Job
	Partitionable Resources :    Usage  Request Allocated 
	   Cpus                 :                 1         1 
	   Disk (KB)            :       21        1   3077109 
	   Memory (MB)          :      107     2000      2000 

	Job terminated of its own accord at 2023-09-28T12:46:12Z.
...
