000 (15151321.180.000) 10/02 14:58:31 Job submitted from host: <188.184.90.241:9618?addrs=188.184.90.241-9618+[2001-1458-201-e4--100-2eb]-9618&alias=bigbird15.cern.ch&noUDP&sock=schedd_2763_c443>
...
040 (15151321.180.000) 10/02 15:19:25 Started transferring input files
	Transferring to host: <128.142.248.105:9618?addrs=128.142.248.105-9618+[2001-1458-301-73--100-159]-9618&alias=b7g23p1831.cern.ch&noUDP&sock=slot1_31_262588_c02f_102842>
...
040 (15151321.180.000) 10/02 15:19:25 Finished transferring input files
...
001 (15151321.180.000) 10/02 15:19:26 Job executing on host: <128.142.248.105:9618?addrs=128.142.248.105-9618+[2001-1458-301-73--100-159]-9618&alias=b7g23p1831.cern.ch&noUDP&sock=startd_16915_dc8e>
...
006 (15151321.180.000) 10/02 15:19:35 Image size of job updated: 910232
	120  -  MemoryUsage of job (MB)
	122504  -  ResidentSetSize of job (KB)
...
006 (15151321.180.000) 10/02 15:24:04 Image size of job updated: 922216
	120  -  MemoryUsage of job (MB)
	122504  -  ResidentSetSize of job (KB)
...
040 (15151321.180.000) 10/02 15:24:04 Started transferring output files
...
040 (15151321.180.000) 10/02 15:24:04 Finished transferring output files
...
005 (15151321.180.000) 10/02 15:24:04 Job terminated.
	(1) Normal termination (return value 0)
		Usr 0 00:00:14, Sys 0 00:00:00  -  Run Remote Usage
		Usr 0 00:00:00, Sys 0 00:00:00  -  Run Local Usage
		Usr 0 00:00:14, Sys 0 00:00:00  -  Total Remote Usage
		Usr 0 00:00:00, Sys 0 00:00:00  -  Total Local Usage
	8012  -  Run Bytes Sent By Job
	374  -  Run Bytes Received By Job
	8012  -  Total Bytes Sent By Job
	374  -  Total Bytes Received By Job
	Partitionable Resources :    Usage  Request Allocated 
	   Cpus                 :                 1         1 
	   Disk (KB)            :       23        1   3103153 
	   Memory (MB)          :      120     2000      2000 

	Job terminated of its own accord at 2023-10-02T13:24:04Z.
...
