000 (15155256.018.000) 10/07 14:35:52 Job submitted from host: <188.184.90.241:9618?addrs=188.184.90.241-9618+[2001-1458-201-e4--100-2eb]-9618&alias=bigbird15.cern.ch&noUDP&sock=schedd_2763_c443>
...
040 (15155256.018.000) 10/07 14:37:52 Started transferring input files
	Transferring to host: <128.142.61.148:9618?addrs=128.142.61.148-9618+[2001-1458-301-23--100-93]-9618&alias=b7s06p1140.cern.ch&noUDP&sock=slot1_31_35991_aa51_195900>
...
040 (15155256.018.000) 10/07 14:37:52 Finished transferring input files
...
001 (15155256.018.000) 10/07 14:37:53 Job executing on host: <128.142.61.148:9618?addrs=128.142.61.148-9618+[2001-1458-301-23--100-93]-9618&alias=b7s06p1140.cern.ch&noUDP&sock=startd_34816_7567>
...
006 (15155256.018.000) 10/07 14:38:01 Image size of job updated: 59492
	54  -  MemoryUsage of job (MB)
	54556  -  ResidentSetSize of job (KB)
...
006 (15155256.018.000) 10/07 14:43:01 Image size of job updated: 1029772
	507  -  MemoryUsage of job (MB)
	518480  -  ResidentSetSize of job (KB)
...
006 (15155256.018.000) 10/07 14:48:02 Image size of job updated: 1244232
	708  -  MemoryUsage of job (MB)
	724700  -  ResidentSetSize of job (KB)
...
006 (15155256.018.000) 10/07 14:53:02 Image size of job updated: 3687112
	708  -  MemoryUsage of job (MB)
	724700  -  ResidentSetSize of job (KB)
...
006 (15155256.018.000) 10/07 14:58:02 Image size of job updated: 3972176
	708  -  MemoryUsage of job (MB)
	724700  -  ResidentSetSize of job (KB)
...
006 (15155256.018.000) 10/07 15:01:21 Image size of job updated: 4014888
	708  -  MemoryUsage of job (MB)
	724700  -  ResidentSetSize of job (KB)
...
040 (15155256.018.000) 10/07 15:01:21 Started transferring output files
...
040 (15155256.018.000) 10/07 15:01:21 Finished transferring output files
...
005 (15155256.018.000) 10/07 15:01:22 Job terminated.
	(1) Normal termination (return value 0)
		Usr 0 00:11:57, Sys 0 00:00:20  -  Run Remote Usage
		Usr 0 00:00:00, Sys 0 00:00:00  -  Run Local Usage
		Usr 0 00:11:57, Sys 0 00:00:20  -  Total Remote Usage
		Usr 0 00:00:00, Sys 0 00:00:00  -  Total Local Usage
	88425  -  Run Bytes Sent By Job
	323  -  Run Bytes Received By Job
	88425  -  Total Bytes Sent By Job
	323  -  Total Bytes Received By Job
	Partitionable Resources :    Usage  Request Allocated 
	   Cpus                 :     0.07        1         1 
	   Disk (KB)            :   108           1   1271924 
	   Memory (MB)          :   708        2000      2000 

	Job terminated of its own accord at 2023-10-07T13:01:21Z.
...
