040 (14780183.009.000) 04/12 12:03:03 Started transferring input files
	Transferring to host: <188.184.163.145:9618?addrs=188.184.163.145-9618&alias=b7s12p3939.cern.ch&noUDP&sock=slot1_51_3362_9542_27253>
...
040 (14780183.009.000) 04/12 12:03:03 Finished transferring input files
...
001 (14780183.009.000) 04/12 12:03:04 Job executing on host: <188.184.163.145:9618?addrs=188.184.163.145-9618&alias=b7s12p3939.cern.ch&noUDP&sock=startd_2924_3303>
...
006 (14780183.009.000) 04/12 12:03:13 Image size of job updated: 554192
	94  -  MemoryUsage of job (MB)
	95664  -  ResidentSetSize of job (KB)
...
006 (14780183.009.000) 04/12 12:08:14 Image size of job updated: 1137996
	94  -  MemoryUsage of job (MB)
	95664  -  ResidentSetSize of job (KB)
...
006 (14780183.009.000) 04/12 12:13:15 Image size of job updated: 3344328
	355  -  MemoryUsage of job (MB)
	362988  -  ResidentSetSize of job (KB)
...
006 (14780183.009.000) 04/12 12:16:15 Image size of job updated: 3406164
	355  -  MemoryUsage of job (MB)
	362988  -  ResidentSetSize of job (KB)
...
040 (14780183.009.000) 04/12 12:16:15 Started transferring output files
...
040 (14780183.009.000) 04/12 12:16:15 Finished transferring output files
...
005 (14780183.009.000) 04/12 12:16:15 Job terminated.
	(1) Normal termination (return value 0)
		Usr 0 00:04:30, Sys 0 00:00:14  -  Run Remote Usage
		Usr 0 00:00:00, Sys 0 00:00:00  -  Run Local Usage
		Usr 0 00:04:30, Sys 0 00:00:14  -  Total Remote Usage
		Usr 0 00:00:00, Sys 0 00:00:00  -  Total Local Usage
	86115  -  Run Bytes Sent By Job
	323  -  Run Bytes Received By Job
	86115  -  Total Bytes Sent By Job
	323  -  Total Bytes Received By Job
	Partitionable Resources :    Usage  Request Allocated 
	   Cpus                 :     0.03        1         1 
	   Disk (KB)            :   105           1   3052646 
	   Memory (MB)          :   355        2000      2000 

	Job terminated of its own accord at 2023-04-12T10:16:15Z.
...
