000 (15148591.045.000) 09/26 23:15:32 Job submitted from host: <188.184.90.241:9618?addrs=188.184.90.241-9618+[2001-1458-201-e4--100-2eb]-9618&alias=bigbird15.cern.ch&noUDP&sock=schedd_2763_c443>
...
040 (15148591.045.000) 09/26 23:30:33 Started transferring input files
	Transferring to host: <188.184.162.34:9618?addrs=188.184.162.34-9618+[2001-1458-301-4a--100-1c]-9618&alias=b7s11p1674.cern.ch&noUDP&sock=slot1_9_44730_14d4_81981>
...
040 (15148591.045.000) 09/26 23:30:33 Finished transferring input files
...
001 (15148591.045.000) 09/26 23:30:34 Job executing on host: <188.184.162.34:9618?addrs=188.184.162.34-9618+[2001-1458-301-4a--100-1c]-9618&alias=b7s11p1674.cern.ch&noUDP&sock=startd_3163_2225>
...
006 (15148591.045.000) 09/26 23:30:43 Image size of job updated: 624020
	55  -  MemoryUsage of job (MB)
	55864  -  ResidentSetSize of job (KB)
...
006 (15148591.045.000) 09/26 23:35:44 Image size of job updated: 1044812
	521  -  MemoryUsage of job (MB)
	533144  -  ResidentSetSize of job (KB)
...
006 (15148591.045.000) 09/26 23:40:44 Image size of job updated: 1394812
	851  -  MemoryUsage of job (MB)
	871064  -  ResidentSetSize of job (KB)
...
006 (15148591.045.000) 09/26 23:45:45 Image size of job updated: 1459736
	915  -  MemoryUsage of job (MB)
	936312  -  ResidentSetSize of job (KB)
...
006 (15148591.045.000) 09/26 23:55:46 Image size of job updated: 4165208
	915  -  MemoryUsage of job (MB)
	936312  -  ResidentSetSize of job (KB)
...
006 (15148591.045.000) 09/27 00:00:46 Image size of job updated: 4217432
	915  -  MemoryUsage of job (MB)
	936312  -  ResidentSetSize of job (KB)
...
006 (15148591.045.000) 09/27 00:05:47 Image size of job updated: 4459468
	915  -  MemoryUsage of job (MB)
	936312  -  ResidentSetSize of job (KB)
...
006 (15148591.045.000) 09/27 00:10:48 Image size of job updated: 4533744
	915  -  MemoryUsage of job (MB)
	936312  -  ResidentSetSize of job (KB)
...
006 (15148591.045.000) 09/27 00:12:43 Image size of job updated: 4541516
	915  -  MemoryUsage of job (MB)
	936312  -  ResidentSetSize of job (KB)
...
040 (15148591.045.000) 09/27 00:12:43 Started transferring output files
...
040 (15148591.045.000) 09/27 00:12:43 Finished transferring output files
...
005 (15148591.045.000) 09/27 00:12:43 Job terminated.
	(1) Normal termination (return value 0)
		Usr 0 00:19:54, Sys 0 00:00:34  -  Run Remote Usage
		Usr 0 00:00:00, Sys 0 00:00:00  -  Run Local Usage
		Usr 0 00:19:54, Sys 0 00:00:34  -  Total Remote Usage
		Usr 0 00:00:00, Sys 0 00:00:00  -  Total Local Usage
	100940  -  Run Bytes Sent By Job
	323  -  Run Bytes Received By Job
	100940  -  Total Bytes Sent By Job
	323  -  Total Bytes Received By Job
	Partitionable Resources :    Usage  Request Allocated 
	   Cpus                 :     0.16        1         1 
	   Disk (KB)            :   120           1   2991827 
	   Memory (MB)          :   915        2000      2000 

	Job terminated of its own accord at 2023-09-26T22:12:43Z.
...
