000 (14832095.001.000) 06/12 15:17:57 Job submitted from host: <188.184.90.241:9618?addrs=188.184.90.241-9618+[2001-1458-201-e4--100-2eb]-9618&alias=bigbird15.cern.ch&noUDP&sock=schedd_1460210_2ef4>
...
040 (14832095.001.000) 06/12 15:19:35 Started transferring input files
	Transferring to host: <128.142.195.17:9618?addrs=128.142.195.17-9618+[2001-1458-301-26--100-11]-9618&alias=b7g31p1001.cern.ch&noUDP&sock=slot1_40_5000_b3c4_70222>
...
040 (14832095.001.000) 06/12 15:19:35 Finished transferring input files
...
001 (14832095.001.000) 06/12 15:19:36 Job executing on host: <128.142.195.17:9618?addrs=128.142.195.17-9618+[2001-1458-301-26--100-11]-9618&alias=b7g31p1001.cern.ch&noUDP&sock=startd_4439_5cfe>
...
006 (14832095.001.000) 06/12 15:19:45 Image size of job updated: 554132
	111  -  MemoryUsage of job (MB)
	113064  -  ResidentSetSize of job (KB)
...
006 (14832095.001.000) 06/12 15:24:46 Image size of job updated: 1545300
	958  -  MemoryUsage of job (MB)
	980792  -  ResidentSetSize of job (KB)
...
006 (14832095.001.000) 06/12 15:29:46 Image size of job updated: 1570296
	958  -  MemoryUsage of job (MB)
	980792  -  ResidentSetSize of job (KB)
...
006 (14832095.001.000) 06/12 15:39:47 Image size of job updated: 4029292
	958  -  MemoryUsage of job (MB)
	980792  -  ResidentSetSize of job (KB)
...
006 (14832095.001.000) 06/12 15:49:48 Image size of job updated: 4079992
	958  -  MemoryUsage of job (MB)
	980792  -  ResidentSetSize of job (KB)
...
006 (14832095.001.000) 06/12 15:54:49 Image size of job updated: 4317184
	958  -  MemoryUsage of job (MB)
	980792  -  ResidentSetSize of job (KB)
...
006 (14832095.001.000) 06/12 15:59:50 Image size of job updated: 4324472
	958  -  MemoryUsage of job (MB)
	980792  -  ResidentSetSize of job (KB)
...
006 (14832095.001.000) 06/12 16:04:50 Image size of job updated: 4386428
	958  -  MemoryUsage of job (MB)
	980792  -  ResidentSetSize of job (KB)
...
006 (14832095.001.000) 06/12 16:09:51 Image size of job updated: 4405348
	958  -  MemoryUsage of job (MB)
	980792  -  ResidentSetSize of job (KB)
...
040 (14832095.001.000) 06/12 16:10:01 Started transferring output files
...
040 (14832095.001.000) 06/12 16:10:01 Finished transferring output files
...
005 (14832095.001.000) 06/12 16:10:01 Job terminated.
	(1) Normal termination (return value 0)
		Usr 0 00:07:19, Sys 0 00:00:27  -  Run Remote Usage
		Usr 0 00:00:00, Sys 0 00:00:00  -  Run Local Usage
		Usr 0 00:07:19, Sys 0 00:00:27  -  Total Remote Usage
		Usr 0 00:00:00, Sys 0 00:00:00  -  Total Local Usage
	105709  -  Run Bytes Sent By Job
	323  -  Run Bytes Received By Job
	105709  -  Total Bytes Sent By Job
	323  -  Total Bytes Received By Job
	Partitionable Resources :    Usage  Request Allocated 
	   Cpus                 :     0.03        1         1 
	   Disk (KB)            :   125           1   1285232 
	   Memory (MB)          :   958        2000      2000 

	Job terminated of its own accord at 2023-06-12T14:10:01Z.
...
