000 (15153696.035.000) 10/03 22:27:19 Job submitted from host: <188.184.90.241:9618?addrs=188.184.90.241-9618+[2001-1458-201-e4--100-2eb]-9618&alias=bigbird15.cern.ch&noUDP&sock=schedd_2763_c443>
...
040 (15153696.035.000) 10/03 22:30:23 Started transferring input files
	Transferring to host: <128.142.58.102:9618?addrs=128.142.58.102-9618+[2001-1458-301-16--100-65]-9618&alias=b7s03p1966.cern.ch&noUDP&sock=slot1_5_539_862f_101503>
...
040 (15153696.035.000) 10/03 22:30:23 Finished transferring input files
...
001 (15153696.035.000) 10/03 22:30:24 Job executing on host: <128.142.58.102:9618?addrs=128.142.58.102-9618+[2001-1458-301-16--100-65]-9618&alias=b7s03p1966.cern.ch&noUDP&sock=startd_500_8971>
...
006 (15153696.035.000) 10/03 22:30:33 Image size of job updated: 909888
	120  -  MemoryUsage of job (MB)
	121940  -  ResidentSetSize of job (KB)
...
006 (15153696.035.000) 10/03 22:33:05 Image size of job updated: 918616
	120  -  MemoryUsage of job (MB)
	121940  -  ResidentSetSize of job (KB)
...
040 (15153696.035.000) 10/03 22:33:06 Started transferring output files
...
040 (15153696.035.000) 10/03 22:33:06 Finished transferring output files
...
005 (15153696.035.000) 10/03 22:33:06 Job terminated.
	(1) Normal termination (return value 0)
		Usr 0 00:00:07, Sys 0 00:00:01  -  Run Remote Usage
		Usr 0 00:00:00, Sys 0 00:00:00  -  Run Local Usage
		Usr 0 00:00:07, Sys 0 00:00:01  -  Total Remote Usage
		Usr 0 00:00:00, Sys 0 00:00:00  -  Total Local Usage
	7975  -  Run Bytes Sent By Job
	374  -  Run Bytes Received By Job
	7975  -  Total Bytes Sent By Job
	374  -  Total Bytes Received By Job
	Partitionable Resources :    Usage  Request Allocated 
	   Cpus                 :                 1         1 
	   Disk (KB)            :       22        1   1234513 
	   Memory (MB)          :      120     2000      2000 

	Job terminated of its own accord at 2023-10-03T20:33:05Z.
...
