000 (15148591.057.000) 09/26 23:15:32 Job submitted from host: <188.184.90.241:9618?addrs=188.184.90.241-9618+[2001-1458-201-e4--100-2eb]-9618&alias=bigbird15.cern.ch&noUDP&sock=schedd_2763_c443>
...
040 (15148591.057.000) 09/26 23:30:37 Started transferring input files
	Transferring to host: <188.184.162.180:9618?addrs=188.184.162.180-9618+[2001-1458-301-4a--100-ae]-9618&alias=b7s11p6045.cern.ch&noUDP&sock=slot1_27_4779_fcdb_214649>
...
040 (15148591.057.000) 09/26 23:30:37 Finished transferring input files
...
001 (15148591.057.000) 09/26 23:30:38 Job executing on host: <188.184.162.180:9618?addrs=188.184.162.180-9618+[2001-1458-301-4a--100-ae]-9618&alias=b7s11p6045.cern.ch&noUDP&sock=startd_3205_f120>
...
006 (15148591.057.000) 09/26 23:30:46 Image size of job updated: 56236
	55  -  MemoryUsage of job (MB)
	55504  -  ResidentSetSize of job (KB)
...
006 (15148591.057.000) 09/26 23:35:46 Image size of job updated: 1037704
	499  -  MemoryUsage of job (MB)
	510036  -  ResidentSetSize of job (KB)
...
006 (15148591.057.000) 09/26 23:40:47 Image size of job updated: 1407396
	879  -  MemoryUsage of job (MB)
	899256  -  ResidentSetSize of job (KB)
...
006 (15148591.057.000) 09/26 23:45:47 Image size of job updated: 1624784
	1079  -  MemoryUsage of job (MB)
	1104252  -  ResidentSetSize of job (KB)
...
006 (15148591.057.000) 09/26 23:50:47 Image size of job updated: 1627252
	1079  -  MemoryUsage of job (MB)
	1104252  -  ResidentSetSize of job (KB)
...
006 (15148591.057.000) 09/26 23:55:48 Image size of job updated: 3771944
	1079  -  MemoryUsage of job (MB)
	1104252  -  ResidentSetSize of job (KB)
...
006 (15148591.057.000) 09/27 00:00:49 Image size of job updated: 3815216
	1079  -  MemoryUsage of job (MB)
	1104252  -  ResidentSetSize of job (KB)
...
006 (15148591.057.000) 09/27 00:05:49 Image size of job updated: 4024396
	1079  -  MemoryUsage of job (MB)
	1104252  -  ResidentSetSize of job (KB)
...
006 (15148591.057.000) 09/27 00:10:50 Image size of job updated: 4071636
	1079  -  MemoryUsage of job (MB)
	1104252  -  ResidentSetSize of job (KB)
...
006 (15148591.057.000) 09/27 00:15:51 Image size of job updated: 4089508
	1079  -  MemoryUsage of job (MB)
	1104252  -  ResidentSetSize of job (KB)
...
006 (15148591.057.000) 09/27 00:16:21 Image size of job updated: 4093272
	1079  -  MemoryUsage of job (MB)
	1104252  -  ResidentSetSize of job (KB)
...
040 (15148591.057.000) 09/27 00:16:22 Started transferring output files
...
040 (15148591.057.000) 09/27 00:16:22 Finished transferring output files
...
005 (15148591.057.000) 09/27 00:16:22 Job terminated.
	(1) Normal termination (return value 0)
		Usr 0 00:25:26, Sys 0 00:00:45  -  Run Remote Usage
		Usr 0 00:00:00, Sys 0 00:00:00  -  Run Local Usage
		Usr 0 00:25:26, Sys 0 00:00:45  -  Total Remote Usage
		Usr 0 00:00:00, Sys 0 00:00:00  -  Total Local Usage
	115551  -  Run Bytes Sent By Job
	323  -  Run Bytes Received By Job
	115551  -  Total Bytes Sent By Job
	323  -  Total Bytes Received By Job
	Partitionable Resources :    Usage  Request Allocated 
	   Cpus                 :     1.00        1         1 
	   Disk (KB)            :   134           1   2926012 
	   Memory (MB)          :  1079        2000      2000 

	Job terminated of its own accord at 2023-09-26T22:16:21Z.
...
