000 (15149098.037.000) 09/27 08:23:39 Job submitted from host: <188.184.90.241:9618?addrs=188.184.90.241-9618+[2001-1458-201-e4--100-2eb]-9618&alias=bigbird15.cern.ch&noUDP&sock=schedd_2763_c443>
...
040 (15149098.037.000) 09/27 08:37:05 Started transferring input files
	Transferring to host: <128.142.61.67:9618?addrs=128.142.61.67-9618+[2001-1458-301-23--100-42]-9618&alias=b7s06p7999.cern.ch&noUDP&sock=slot1_20_4164_aa22_13486>
...
040 (15149098.037.000) 09/27 08:37:05 Finished transferring input files
...
001 (15149098.037.000) 09/27 08:37:06 Job executing on host: <128.142.61.67:9618?addrs=128.142.61.67-9618+[2001-1458-301-23--100-42]-9618&alias=b7s06p7999.cern.ch&noUDP&sock=startd_2874_e747>
...
006 (15149098.037.000) 09/27 08:37:14 Image size of job updated: 550284
	37  -  MemoryUsage of job (MB)
	37796  -  ResidentSetSize of job (KB)
...
040 (15149098.037.000) 09/27 08:37:14 Started transferring output files
...
040 (15149098.037.000) 09/27 08:37:14 Finished transferring output files
...
005 (15149098.037.000) 09/27 08:37:14 Job terminated.
	(1) Normal termination (return value 0)
		Usr 0 00:00:03, Sys 0 00:00:01  -  Run Remote Usage
		Usr 0 00:00:00, Sys 0 00:00:00  -  Run Local Usage
		Usr 0 00:00:03, Sys 0 00:00:01  -  Total Remote Usage
		Usr 0 00:00:00, Sys 0 00:00:00  -  Total Local Usage
	22498  -  Run Bytes Sent By Job
	323  -  Run Bytes Received By Job
	22498  -  Total Bytes Sent By Job
	323  -  Total Bytes Received By Job
	Partitionable Resources :    Usage  Request Allocated 
	   Cpus                 :                 1         1 
	   Disk (KB)            :       36        1   1183137 
	   Memory (MB)          :       37     2000      2000 

	Job terminated of its own accord at 2023-09-27T06:37:14Z.
...
