000 (15271413.193.000) 12/18 14:02:23 Job submitted from host: <188.184.90.241:9618?addrs=188.184.90.241-9618+[2001-1458-201-e4--100-2eb]-9618&alias=bigbird15.cern.ch&noUDP&sock=schedd_2763_c443>
...
040 (15271413.193.000) 12/18 14:06:53 Started transferring input files
	Transferring to host: <188.184.162.40:9618?addrs=188.184.162.40-9618+[2001-1458-301-4a--100-22]-9618&alias=b9s11p0397.cern.ch&noUDP&sock=slot1_15_124504_14c0_31029>
...
040 (15271413.193.000) 12/18 14:06:53 Finished transferring input files
...
001 (15271413.193.000) 12/18 14:06:54 Job executing on host: <188.184.162.40:9618?addrs=188.184.162.40-9618+[2001-1458-301-4a--100-22]-9618&alias=b9s11p0397.cern.ch&noUDP&sock=startd_114518_66ba>
...
006 (15271413.193.000) 12/18 14:07:03 Image size of job updated: 337820
	330  -  MemoryUsage of job (MB)
	337820  -  ResidentSetSize of job (KB)
...
006 (15271413.193.000) 12/18 14:12:04 Image size of job updated: 659876
	645  -  MemoryUsage of job (MB)
	659876  -  ResidentSetSize of job (KB)
...
006 (15271413.193.000) 12/18 14:17:05 Image size of job updated: 838444
	819  -  MemoryUsage of job (MB)
	838444  -  ResidentSetSize of job (KB)
...
006 (15271413.193.000) 12/18 14:22:05 Image size of job updated: 3068712
	2997  -  MemoryUsage of job (MB)
	3068712  -  ResidentSetSize of job (KB)
...
006 (15271413.193.000) 12/18 14:22:11 Image size of job updated: 3068712
	2997  -  MemoryUsage of job (MB)
	3068716  -  ResidentSetSize of job (KB)
...
040 (15271413.193.000) 12/18 14:22:11 Started transferring output files
...
040 (15271413.193.000) 12/18 14:22:11 Finished transferring output files
...
005 (15271413.193.000) 12/18 14:22:11 Job terminated.
	(1) Normal termination (return value 0)
		Usr 0 00:12:13, Sys 0 00:00:08  -  Run Remote Usage
		Usr 0 00:00:00, Sys 0 00:00:00  -  Run Local Usage
		Usr 0 00:12:13, Sys 0 00:00:08  -  Total Remote Usage
		Usr 0 00:00:00, Sys 0 00:00:00  -  Total Local Usage
	164320  -  Run Bytes Sent By Job
	269  -  Run Bytes Received By Job
	164320  -  Total Bytes Sent By Job
	269  -  Total Bytes Received By Job
	Partitionable Resources :    Usage  Request Allocated 
	   Cpus                 :     0.95        1         1 
	   Disk (KB)            :   204           1   2994920 
	   Memory (MB)          :  2997        2000      2000 

	Job terminated of its own accord at 2023-12-18T13:22:11Z.
...
