000 (15155256.039.000) 10/07 14:35:52 Job submitted from host: <188.184.90.241:9618?addrs=188.184.90.241-9618+[2001-1458-201-e4--100-2eb]-9618&alias=bigbird15.cern.ch&noUDP&sock=schedd_2763_c443>
...
040 (15155256.039.000) 10/07 14:37:59 Started transferring input files
	Transferring to host: <128.142.56.128:9618?addrs=128.142.56.128-9618+[2001-1458-301-6--100-7f]-9618&alias=b7s01p3274.cern.ch&noUDP&sock=slot1_18_3315_77a0_209789>
...
040 (15155256.039.000) 10/07 14:37:59 Finished transferring input files
...
001 (15155256.039.000) 10/07 14:38:00 Job executing on host: <128.142.56.128:9618?addrs=128.142.56.128-9618+[2001-1458-301-6--100-7f]-9618&alias=b7s01p3274.cern.ch&noUDP&sock=startd_2858_edc3>
...
006 (15155256.039.000) 10/07 14:38:09 Image size of job updated: 624256
	59  -  MemoryUsage of job (MB)
	60040  -  ResidentSetSize of job (KB)
...
006 (15155256.039.000) 10/07 14:43:10 Image size of job updated: 1194236
	568  -  MemoryUsage of job (MB)
	581236  -  ResidentSetSize of job (KB)
...
006 (15155256.039.000) 10/07 14:48:11 Image size of job updated: 3133496
	568  -  MemoryUsage of job (MB)
	581236  -  ResidentSetSize of job (KB)
...
006 (15155256.039.000) 10/07 14:53:11 Image size of job updated: 3372956
	568  -  MemoryUsage of job (MB)
	581236  -  ResidentSetSize of job (KB)
...
006 (15155256.039.000) 10/07 14:55:30 Image size of job updated: 3395528
	568  -  MemoryUsage of job (MB)
	581236  -  ResidentSetSize of job (KB)
...
040 (15155256.039.000) 10/07 14:55:30 Started transferring output files
...
040 (15155256.039.000) 10/07 14:55:30 Finished transferring output files
...
005 (15155256.039.000) 10/07 14:55:30 Job terminated.
	(1) Normal termination (return value 0)
		Usr 0 00:08:10, Sys 0 00:00:15  -  Run Remote Usage
		Usr 0 00:00:00, Sys 0 00:00:00  -  Run Local Usage
		Usr 0 00:08:10, Sys 0 00:00:15  -  Total Remote Usage
		Usr 0 00:00:00, Sys 0 00:00:00  -  Total Local Usage
	80240  -  Run Bytes Sent By Job
	323  -  Run Bytes Received By Job
	80240  -  Total Bytes Sent By Job
	323  -  Total Bytes Received By Job
	Partitionable Resources :    Usage  Request Allocated 
	   Cpus                 :     0.17        1         1 
	   Disk (KB)            :   100           1   1186132 
	   Memory (MB)          :   568        2000      2000 

	Job terminated of its own accord at 2023-10-07T12:55:30Z.
...
