000 (15148189.007.000) 09/26 21:00:55 Job submitted from host: <188.184.90.241:9618?addrs=188.184.90.241-9618+[2001-1458-201-e4--100-2eb]-9618&alias=bigbird15.cern.ch&noUDP&sock=schedd_2763_c443>
...
040 (15148189.007.000) 09/26 21:11:21 Started transferring input files
	Transferring to host: <188.184.162.204:9618?addrs=188.184.162.204-9618+[2001-1458-301-4a--100-c6]-9618&alias=b7s11p8737.cern.ch&noUDP&sock=slot1_5_282128_72ca_163259>
...
040 (15148189.007.000) 09/26 21:11:21 Finished transferring input files
...
001 (15148189.007.000) 09/26 21:11:22 Job executing on host: <188.184.162.204:9618?addrs=188.184.162.204-9618+[2001-1458-301-4a--100-c6]-9618&alias=b7s11p8737.cern.ch&noUDP&sock=startd_282079_4f66>
...
006 (15148189.007.000) 09/26 21:11:30 Image size of job updated: 624512
	86  -  MemoryUsage of job (MB)
	88012  -  ResidentSetSize of job (KB)
...
006 (15148189.007.000) 09/26 21:11:41 Image size of job updated: 685840
	86  -  MemoryUsage of job (MB)
	88012  -  ResidentSetSize of job (KB)
...
040 (15148189.007.000) 09/26 21:11:41 Started transferring output files
...
040 (15148189.007.000) 09/26 21:11:41 Finished transferring output files
...
005 (15148189.007.000) 09/26 21:11:41 Job terminated.
	(1) Normal termination (return value 0)
		Usr 0 00:00:05, Sys 0 00:00:03  -  Run Remote Usage
		Usr 0 00:00:00, Sys 0 00:00:00  -  Run Local Usage
		Usr 0 00:00:05, Sys 0 00:00:03  -  Total Remote Usage
		Usr 0 00:00:00, Sys 0 00:00:00  -  Total Local Usage
	24027  -  Run Bytes Sent By Job
	323  -  Run Bytes Received By Job
	24027  -  Total Bytes Sent By Job
	323  -  Total Bytes Received By Job
	Partitionable Resources :    Usage  Request Allocated 
	   Cpus                 :                 1         1 
	   Disk (KB)            :       37        1   2933402 
	   Memory (MB)          :       86     2000      2000 

	Job terminated of its own accord at 2023-09-26T19:11:41Z.
...
