000 (15159766.047.000) 10/09 11:47:56 Job submitted from host: <188.184.90.241:9618?addrs=188.184.90.241-9618+[2001-1458-201-e4--100-2eb]-9618&alias=bigbird15.cern.ch&noUDP&sock=schedd_2763_c443>
...
022 (15159766.047.000) 10/09 14:24:53 Job disconnected, attempting to reconnect
    Socket between submit and execute hosts closed unexpectedly
    Trying to reconnect to slot1_1@b7g20p8958.cern.ch <128.142.130.44:9618?addrs=128.142.130.44-9618+[2001-1458-301-58--100-20]-9618&alias=b7g20p8958.cern.ch&noUDP&sock=startd_2816_1ec8>
...
024 (15159766.047.000) 10/09 14:24:53 Job reconnection failed
    Job not found at execution machine
    Can not reconnect to slot1_1@b7g20p8958.cern.ch, rescheduling job
...
040 (15159766.047.000) 10/09 14:25:34 Started transferring input files
	Transferring to host: <128.142.58.79:9618?addrs=128.142.58.79-9618+[2001-1458-301-16--100-4e]-9618&alias=b7s03p1923.cern.ch&noUDP&sock=slot1_14_4267_3cc7_215362>
...
040 (15159766.047.000) 10/09 14:25:34 Finished transferring input files
...
001 (15159766.047.000) 10/09 14:25:35 Job executing on host: <128.142.58.79:9618?addrs=128.142.58.79-9618+[2001-1458-301-16--100-4e]-9618&alias=b7s03p1923.cern.ch&noUDP&sock=startd_3225_a904>
...
006 (15159766.047.000) 10/09 14:25:43 Image size of job updated: 803096
	119  -  MemoryUsage of job (MB)
	121152  -  ResidentSetSize of job (KB)
...
006 (15159766.047.000) 10/09 14:29:43 Image size of job updated: 918652
	119  -  MemoryUsage of job (MB)
	121152  -  ResidentSetSize of job (KB)
...
040 (15159766.047.000) 10/09 14:29:43 Started transferring output files
...
040 (15159766.047.000) 10/09 14:29:43 Finished transferring output files
...
005 (15159766.047.000) 10/09 14:29:43 Job terminated.
	(1) Normal termination (return value 0)
		Usr 0 00:00:07, Sys 0 00:00:00  -  Run Remote Usage
		Usr 0 00:00:00, Sys 0 00:00:00  -  Run Local Usage
		Usr 0 00:00:07, Sys 0 00:00:00  -  Total Remote Usage
		Usr 0 00:00:00, Sys 0 00:00:00  -  Total Local Usage
	10727  -  Run Bytes Sent By Job
	374  -  Run Bytes Received By Job
	10727  -  Total Bytes Sent By Job
	374  -  Total Bytes Received By Job
	Partitionable Resources :    Usage  Request Allocated 
	   Cpus                 :                 1         1 
	   Disk (KB)            :       25        1   1273857 
	   Memory (MB)          :      119     2000      2000 

	Job terminated of its own accord at 2023-10-09T12:29:43Z.
...
