000 (15271413.068.000) 12/18 14:02:22 Job submitted from host: <188.184.90.241:9618?addrs=188.184.90.241-9618+[2001-1458-201-e4--100-2eb]-9618&alias=bigbird15.cern.ch&noUDP&sock=schedd_2763_c443>
...
040 (15271413.068.000) 12/18 14:06:13 Started transferring input files
	Transferring to host: <128.142.61.104:9618?addrs=128.142.61.104-9618+[2001-1458-301-23--100-67]-9618&alias=b9s06p8629.cern.ch&noUDP&sock=slot1_3_123706_d160_6408>
...
040 (15271413.068.000) 12/18 14:06:13 Finished transferring input files
...
001 (15271413.068.000) 12/18 14:06:14 Job executing on host: <128.142.61.104:9618?addrs=128.142.61.104-9618+[2001-1458-301-23--100-67]-9618&alias=b9s06p8629.cern.ch&noUDP&sock=startd_112835_00d5>
...
006 (15271413.068.000) 12/18 14:06:22 Image size of job updated: 107236
	92  -  MemoryUsage of job (MB)
	93256  -  ResidentSetSize of job (KB)
...
006 (15271413.068.000) 12/18 14:11:22 Image size of job updated: 550252
	537  -  MemoryUsage of job (MB)
	549848  -  ResidentSetSize of job (KB)
...
006 (15271413.068.000) 12/18 14:16:23 Image size of job updated: 2932460
	2864  -  MemoryUsage of job (MB)
	2931980  -  ResidentSetSize of job (KB)
...
006 (15271413.068.000) 12/18 14:17:23 Image size of job updated: 2964552
	2864  -  MemoryUsage of job (MB)
	2931980  -  ResidentSetSize of job (KB)
...
040 (15271413.068.000) 12/18 14:17:23 Started transferring output files
...
040 (15271413.068.000) 12/18 14:17:23 Finished transferring output files
...
005 (15271413.068.000) 12/18 14:17:23 Job terminated.
	(1) Normal termination (return value 0)
		Usr 0 00:09:15, Sys 0 00:00:08  -  Run Remote Usage
		Usr 0 00:00:00, Sys 0 00:00:00  -  Run Local Usage
		Usr 0 00:09:15, Sys 0 00:00:08  -  Total Remote Usage
		Usr 0 00:00:00, Sys 0 00:00:00  -  Total Local Usage
	186616  -  Run Bytes Sent By Job
	269  -  Run Bytes Received By Job
	186616  -  Total Bytes Sent By Job
	269  -  Total Bytes Received By Job
	Partitionable Resources :    Usage  Request Allocated 
	   Cpus                 :     0.94        1         1 
	   Disk (KB)            :   226           1   3077224 
	   Memory (MB)          :  2864        2000      2000 

	Job terminated of its own accord at 2023-12-18T13:17:23Z.
...
