000 (15155271.022.000) 10/07 16:55:47 Job submitted from host: <188.184.90.241:9618?addrs=188.184.90.241-9618+[2001-1458-201-e4--100-2eb]-9618&alias=bigbird15.cern.ch&noUDP&sock=schedd_2763_c443>
...
040 (15155271.022.000) 10/07 17:05:58 Started transferring input files
	Transferring to host: <188.184.163.25:9618?addrs=188.184.163.25-9618+[2001-1458-301-4d--100-13]-9618&alias=b7s12p8809.cern.ch&noUDP&sock=slot1_8_179586_5540_10877>
...
040 (15155271.022.000) 10/07 17:05:58 Finished transferring input files
...
001 (15155271.022.000) 10/07 17:05:59 Job executing on host: <188.184.163.25:9618?addrs=188.184.163.25-9618+[2001-1458-301-4d--100-13]-9618&alias=b7s12p8809.cern.ch&noUDP&sock=startd_179333_19a6>
...
006 (15155271.022.000) 10/07 17:06:08 Image size of job updated: 685952
	72  -  MemoryUsage of job (MB)
	72816  -  ResidentSetSize of job (KB)
...
006 (15155271.022.000) 10/07 17:11:09 Image size of job updated: 1022452
	522  -  MemoryUsage of job (MB)
	534048  -  ResidentSetSize of job (KB)
...
006 (15155271.022.000) 10/07 17:16:09 Image size of job updated: 1170740
	522  -  MemoryUsage of job (MB)
	534048  -  ResidentSetSize of job (KB)
...
006 (15155271.022.000) 10/07 17:21:09 Image size of job updated: 3600512
	522  -  MemoryUsage of job (MB)
	534048  -  ResidentSetSize of job (KB)
...
006 (15155271.022.000) 10/07 17:26:10 Image size of job updated: 3641488
	522  -  MemoryUsage of job (MB)
	534048  -  ResidentSetSize of job (KB)
...
006 (15155271.022.000) 10/07 17:31:10 Image size of job updated: 3846276
	522  -  MemoryUsage of job (MB)
	534048  -  ResidentSetSize of job (KB)
...
006 (15155271.022.000) 10/07 17:36:10 Image size of job updated: 3885564
	557  -  MemoryUsage of job (MB)
	569352  -  ResidentSetSize of job (KB)
...
006 (15155271.022.000) 10/07 17:41:12 Image size of job updated: 3906540
	571  -  MemoryUsage of job (MB)
	584416  -  ResidentSetSize of job (KB)
...
006 (15155271.022.000) 10/07 17:44:05 Image size of job updated: 3917004
	571  -  MemoryUsage of job (MB)
	584416  -  ResidentSetSize of job (KB)
...
040 (15155271.022.000) 10/07 17:44:05 Started transferring output files
...
040 (15155271.022.000) 10/07 17:44:05 Finished transferring output files
...
005 (15155271.022.000) 10/07 17:44:05 Job terminated.
	(1) Normal termination (return value 0)
		Usr 0 00:13:34, Sys 0 00:00:30  -  Run Remote Usage
		Usr 0 00:00:00, Sys 0 00:00:00  -  Run Local Usage
		Usr 0 00:13:34, Sys 0 00:00:30  -  Total Remote Usage
		Usr 0 00:00:00, Sys 0 00:00:00  -  Total Local Usage
	83978  -  Run Bytes Sent By Job
	323  -  Run Bytes Received By Job
	83978  -  Total Bytes Sent By Job
	323  -  Total Bytes Received By Job
	Partitionable Resources :    Usage  Request Allocated 
	   Cpus                 :     0.21        1         1 
	   Disk (KB)            :   103           1   2936009 
	   Memory (MB)          :   571        2000      2000 

	Job terminated of its own accord at 2023-10-07T15:43:56Z.
...
