000 (14832095.133.000) 06/12 15:17:57 Job submitted from host: <188.184.90.241:9618?addrs=188.184.90.241-9618+[2001-1458-201-e4--100-2eb]-9618&alias=bigbird15.cern.ch&noUDP&sock=schedd_1460210_2ef4>
...
040 (14832095.133.000) 06/12 15:20:18 Started transferring input files
	Transferring to host: <188.184.163.175:9618?addrs=188.184.163.175-9618+[2001-1458-301-4d--100-a9]-9618&alias=b7s12p2670.cern.ch&noUDP&sock=slot1_33_233764_a29b_87101>
...
040 (14832095.133.000) 06/12 15:20:18 Finished transferring input files
...
001 (14832095.133.000) 06/12 15:20:19 Job executing on host: <188.184.163.175:9618?addrs=188.184.163.175-9618+[2001-1458-301-4d--100-a9]-9618&alias=b7s12p2670.cern.ch&noUDP&sock=startd_41566_65ac>
...
006 (14832095.133.000) 06/12 15:20:28 Image size of job updated: 553972
	47  -  MemoryUsage of job (MB)
	47692  -  ResidentSetSize of job (KB)
...
006 (14832095.133.000) 06/12 15:25:29 Image size of job updated: 1403468
	838  -  MemoryUsage of job (MB)
	857428  -  ResidentSetSize of job (KB)
...
006 (14832095.133.000) 06/12 15:30:29 Image size of job updated: 1703520
	1041  -  MemoryUsage of job (MB)
	1064964  -  ResidentSetSize of job (KB)
...
006 (14832095.133.000) 06/12 15:35:29 Image size of job updated: 1728520
	1041  -  MemoryUsage of job (MB)
	1064984  -  ResidentSetSize of job (KB)
...
006 (14832095.133.000) 06/12 15:45:31 Image size of job updated: 4033084
	1041  -  MemoryUsage of job (MB)
	1064984  -  ResidentSetSize of job (KB)
...
006 (14832095.133.000) 06/12 15:55:32 Image size of job updated: 4082620
	1041  -  MemoryUsage of job (MB)
	1064984  -  ResidentSetSize of job (KB)
...
006 (14832095.133.000) 06/12 16:00:33 Image size of job updated: 4318112
	1041  -  MemoryUsage of job (MB)
	1064984  -  ResidentSetSize of job (KB)
...
006 (14832095.133.000) 06/12 16:05:33 Image size of job updated: 4326356
	1041  -  MemoryUsage of job (MB)
	1064984  -  ResidentSetSize of job (KB)
...
006 (14832095.133.000) 06/12 16:10:33 Image size of job updated: 4392560
	1041  -  MemoryUsage of job (MB)
	1064984  -  ResidentSetSize of job (KB)
...
006 (14832095.133.000) 06/12 16:15:35 Image size of job updated: 4406248
	1041  -  MemoryUsage of job (MB)
	1064984  -  ResidentSetSize of job (KB)
...
006 (14832095.133.000) 06/12 16:16:11 Image size of job updated: 4409480
	1041  -  MemoryUsage of job (MB)
	1064984  -  ResidentSetSize of job (KB)
...
040 (14832095.133.000) 06/12 16:16:11 Started transferring output files
...
040 (14832095.133.000) 06/12 16:16:11 Finished transferring output files
...
005 (14832095.133.000) 06/12 16:16:11 Job terminated.
	(1) Normal termination (return value 0)
		Usr 0 00:11:01, Sys 0 00:00:46  -  Run Remote Usage
		Usr 0 00:00:00, Sys 0 00:00:00  -  Run Local Usage
		Usr 0 00:11:01, Sys 0 00:00:46  -  Total Remote Usage
		Usr 0 00:00:00, Sys 0 00:00:00  -  Total Local Usage
	113497  -  Run Bytes Sent By Job
	323  -  Run Bytes Received By Job
	113497  -  Total Bytes Sent By Job
	323  -  Total Bytes Received By Job
	Partitionable Resources :    Usage  Request Allocated 
	   Cpus                 :     0.13        1         1 
	   Disk (KB)            :   132           1   2896877 
	   Memory (MB)          :  1041        2000      2000 

	Job terminated of its own accord at 2023-06-12T14:16:11Z.
...
