000 (14839060.009.000) 06/21 14:44:36 Job submitted from host: <188.184.90.241:9618?addrs=188.184.90.241-9618+[2001-1458-201-e4--100-2eb]-9618&alias=bigbird15.cern.ch&noUDP&sock=schedd_1460210_2ef4>
...
040 (14839060.009.000) 06/21 14:57:12 Started transferring input files
	Transferring to host: <128.142.137.215:9618?addrs=128.142.137.215-9618+[2001-1458-301-5e--100-cb]-9618&alias=b7g19p3103.cern.ch&noUDP&sock=slot1_3_4362_2c6a_76537>
...
040 (14839060.009.000) 06/21 14:57:12 Finished transferring input files
...
001 (14839060.009.000) 06/21 14:57:13 Job executing on host: <128.142.137.215:9618?addrs=128.142.137.215-9618+[2001-1458-301-5e--100-cb]-9618&alias=b7g19p3103.cern.ch&noUDP&sock=startd_3197_745e>
...
006 (14839060.009.000) 06/21 14:57:22 Image size of job updated: 401936
	47  -  MemoryUsage of job (MB)
	47680  -  ResidentSetSize of job (KB)
...
006 (14839060.009.000) 06/21 15:02:23 Image size of job updated: 890164
	340  -  MemoryUsage of job (MB)
	347836  -  ResidentSetSize of job (KB)
...
006 (14839060.009.000) 06/21 15:07:23 Image size of job updated: 1115900
	563  -  MemoryUsage of job (MB)
	575764  -  ResidentSetSize of job (KB)
...
006 (14839060.009.000) 06/21 15:12:23 Image size of job updated: 1290900
	783  -  MemoryUsage of job (MB)
	801672  -  ResidentSetSize of job (KB)
...
006 (14839060.009.000) 06/21 15:17:24 Image size of job updated: 1502704
	966  -  MemoryUsage of job (MB)
	988608  -  ResidentSetSize of job (KB)
...
006 (14839060.009.000) 06/21 15:20:55 Image size of job updated: 4103396
	966  -  MemoryUsage of job (MB)
	988608  -  ResidentSetSize of job (KB)
...
040 (14839060.009.000) 06/21 15:20:55 Started transferring output files
...
040 (14839060.009.000) 06/21 15:20:55 Finished transferring output files
...
005 (14839060.009.000) 06/21 15:20:55 Job terminated.
	(1) Normal termination (return value 0)
		Usr 0 00:22:06, Sys 0 00:00:14  -  Run Remote Usage
		Usr 0 00:00:00, Sys 0 00:00:00  -  Run Local Usage
		Usr 0 00:22:06, Sys 0 00:00:14  -  Total Remote Usage
		Usr 0 00:00:00, Sys 0 00:00:00  -  Total Local Usage
	249073  -  Run Bytes Sent By Job
	269  -  Run Bytes Received By Job
	249073  -  Total Bytes Sent By Job
	269  -  Total Bytes Received By Job
	Partitionable Resources :    Usage  Request Allocated 
	   Cpus                 :     0.99        1         1 
	   Disk (KB)            :   264           1   1689621 
	   Memory (MB)          :   966        2000      2000 

	Job terminated of its own accord at 2023-06-21T13:20:55Z.
...
