000 (14857949.020.000) 06/22 15:24:33 Job submitted from host: <188.184.90.241:9618?addrs=188.184.90.241-9618+[2001-1458-201-e4--100-2eb]-9618&alias=bigbird15.cern.ch&noUDP&sock=schedd_1460210_2ef4>
...
040 (14857949.020.000) 06/22 15:34:24 Started transferring input files
	Transferring to host: <128.142.63.101:9618?addrs=128.142.63.101-9618+[2001-1458-301-38--100-62]-9618&alias=b7s08p4175.cern.ch&noUDP&sock=slot1_9_4086_b4df_78118>
...
040 (14857949.020.000) 06/22 15:34:24 Finished transferring input files
...
001 (14857949.020.000) 06/22 15:34:25 Job executing on host: <128.142.63.101:9618?addrs=128.142.63.101-9618+[2001-1458-301-38--100-62]-9618&alias=b7s08p4175.cern.ch&noUDP&sock=startd_2904_7b1e>
...
006 (14857949.020.000) 06/22 15:34:34 Image size of job updated: 48024
	47  -  MemoryUsage of job (MB)
	47684  -  ResidentSetSize of job (KB)
...
006 (14857949.020.000) 06/22 15:39:35 Image size of job updated: 1758412
	1290  -  MemoryUsage of job (MB)
	1320156  -  ResidentSetSize of job (KB)
...
006 (14857949.020.000) 06/22 15:44:36 Image size of job updated: 1958468
	1290  -  MemoryUsage of job (MB)
	1320156  -  ResidentSetSize of job (KB)
...
006 (14857949.020.000) 06/22 15:49:36 Image size of job updated: 4345512
	1290  -  MemoryUsage of job (MB)
	1320156  -  ResidentSetSize of job (KB)
...
006 (14857949.020.000) 06/22 15:53:45 Image size of job updated: 4431588
	1290  -  MemoryUsage of job (MB)
	1320156  -  ResidentSetSize of job (KB)
...
040 (14857949.020.000) 06/22 15:53:45 Started transferring output files
...
040 (14857949.020.000) 06/22 15:53:45 Finished transferring output files
...
005 (14857949.020.000) 06/22 15:53:45 Job terminated.
	(1) Normal termination (return value 0)
		Usr 0 00:09:42, Sys 0 00:00:38  -  Run Remote Usage
		Usr 0 00:00:00, Sys 0 00:00:00  -  Run Local Usage
		Usr 0 00:09:42, Sys 0 00:00:38  -  Total Remote Usage
		Usr 0 00:00:00, Sys 0 00:00:00  -  Total Local Usage
	122669  -  Run Bytes Sent By Job
	323  -  Run Bytes Received By Job
	122669  -  Total Bytes Sent By Job
	323  -  Total Bytes Received By Job
	Partitionable Resources :    Usage  Request Allocated 
	   Cpus                 :     0.96        1         1 
	   Disk (KB)            :   141           1   1288675 
	   Memory (MB)          :  1290        2000      2000 

	Job terminated of its own accord at 2023-06-22T13:53:45Z.
...
