000 (15159766.030.000) 10/09 11:47:56 Job submitted from host: <188.184.90.241:9618?addrs=188.184.90.241-9618+[2001-1458-201-e4--100-2eb]-9618&alias=bigbird15.cern.ch&noUDP&sock=schedd_2763_c443>
...
040 (15159766.030.000) 10/09 14:24:26 Started transferring input files
	Transferring to host: <128.142.60.169:9618?addrs=128.142.60.169-9618&alias=b7s05p7965.cern.ch&noUDP&sock=slot1_10_3315_77a0_86691>
...
040 (15159766.030.000) 10/09 14:24:26 Finished transferring input files
...
001 (15159766.030.000) 10/09 14:24:27 Job executing on host: <128.142.60.169:9618?addrs=128.142.60.169-9618&alias=b7s05p7965.cern.ch&noUDP&sock=startd_2746_1b27>
...
006 (15159766.030.000) 10/09 14:24:36 Image size of job updated: 123964
	120  -  MemoryUsage of job (MB)
	122120  -  ResidentSetSize of job (KB)
...
006 (15159766.030.000) 10/09 14:27:36 Image size of job updated: 918512
	120  -  MemoryUsage of job (MB)
	122120  -  ResidentSetSize of job (KB)
...
040 (15159766.030.000) 10/09 14:27:36 Started transferring output files
...
040 (15159766.030.000) 10/09 14:27:36 Finished transferring output files
...
005 (15159766.030.000) 10/09 14:27:36 Job terminated.
	(1) Normal termination (return value 0)
		Usr 0 00:00:07, Sys 0 00:00:00  -  Run Remote Usage
		Usr 0 00:00:00, Sys 0 00:00:00  -  Run Local Usage
		Usr 0 00:00:07, Sys 0 00:00:00  -  Total Remote Usage
		Usr 0 00:00:00, Sys 0 00:00:00  -  Total Local Usage
	11075  -  Run Bytes Sent By Job
	374  -  Run Bytes Received By Job
	11075  -  Total Bytes Sent By Job
	374  -  Total Bytes Received By Job
	Partitionable Resources :    Usage  Request Allocated 
	   Cpus                 :                 1         1 
	   Disk (KB)            :       24        1   1253721 
	   Memory (MB)          :      120     2000      2000 

	Job terminated of its own accord at 2023-10-09T12:27:36Z.
...
