000 (15151953.008.000) 10/03 14:45:29 Job submitted from host: <188.184.90.241:9618?addrs=188.184.90.241-9618+[2001-1458-201-e4--100-2eb]-9618&alias=bigbird15.cern.ch&noUDP&sock=schedd_2763_c443>
...
040 (15151953.008.000) 10/03 14:52:16 Started transferring input files
	Transferring to host: <188.184.162.105:9618?addrs=188.184.162.105-9618+[2001-1458-301-4a--100-63]-9618&alias=b7s11p8419.cern.ch&noUDP&sock=slot1_1_164513_0a7b_69579>
...
040 (15151953.008.000) 10/03 14:52:16 Finished transferring input files
...
001 (15151953.008.000) 10/03 14:52:17 Job executing on host: <188.184.162.105:9618?addrs=188.184.162.105-9618+[2001-1458-301-4a--100-63]-9618&alias=b7s11p8419.cern.ch&noUDP&sock=startd_164475_bf7f>
...
006 (15151953.008.000) 10/03 14:52:26 Image size of job updated: 624356
	53  -  MemoryUsage of job (MB)
	54020  -  ResidentSetSize of job (KB)
...
006 (15151953.008.000) 10/03 14:57:27 Image size of job updated: 927588
	395  -  MemoryUsage of job (MB)
	404084  -  ResidentSetSize of job (KB)
...
006 (15151953.008.000) 10/03 15:02:27 Image size of job updated: 1168824
	608  -  MemoryUsage of job (MB)
	622436  -  ResidentSetSize of job (KB)
...
006 (15151953.008.000) 10/03 15:07:27 Image size of job updated: 1487036
	901  -  MemoryUsage of job (MB)
	921988  -  ResidentSetSize of job (KB)
...
006 (15151953.008.000) 10/03 15:22:28 Image size of job updated: 4186960
	901  -  MemoryUsage of job (MB)
	921988  -  ResidentSetSize of job (KB)
...
006 (15151953.008.000) 10/03 15:27:29 Image size of job updated: 4402396
	901  -  MemoryUsage of job (MB)
	921988  -  ResidentSetSize of job (KB)
...
006 (15151953.008.000) 10/03 15:32:29 Image size of job updated: 4476952
	901  -  MemoryUsage of job (MB)
	921988  -  ResidentSetSize of job (KB)
...
006 (15151953.008.000) 10/03 15:37:29 Image size of job updated: 4531152
	901  -  MemoryUsage of job (MB)
	921988  -  ResidentSetSize of job (KB)
...
006 (15151953.008.000) 10/03 15:42:30 Image size of job updated: 4554228
	901  -  MemoryUsage of job (MB)
	921988  -  ResidentSetSize of job (KB)
...
006 (15151953.008.000) 10/03 15:46:20 Image size of job updated: 4565968
	901  -  MemoryUsage of job (MB)
	921988  -  ResidentSetSize of job (KB)
...
040 (15151953.008.000) 10/03 15:46:20 Started transferring output files
...
040 (15151953.008.000) 10/03 15:46:20 Finished transferring output files
...
005 (15151953.008.000) 10/03 15:46:20 Job terminated.
	(1) Normal termination (return value 0)
		Usr 0 00:27:39, Sys 0 00:00:56  -  Run Remote Usage
		Usr 0 00:00:00, Sys 0 00:00:00  -  Run Local Usage
		Usr 0 00:27:39, Sys 0 00:00:56  -  Total Remote Usage
		Usr 0 00:00:00, Sys 0 00:00:00  -  Total Local Usage
	101034  -  Run Bytes Sent By Job
	323  -  Run Bytes Received By Job
	101034  -  Total Bytes Sent By Job
	323  -  Total Bytes Received By Job
	Partitionable Resources :    Usage  Request Allocated 
	   Cpus                 :     0.09        1         1 
	   Disk (KB)            :   120           1   3065962 
	   Memory (MB)          :   901        2000      2000 

	Job terminated of its own accord at 2023-10-03T13:46:20Z.
...
