000 (15153696.033.000) 10/03 22:27:19 Job submitted from host: <188.184.90.241:9618?addrs=188.184.90.241-9618+[2001-1458-201-e4--100-2eb]-9618&alias=bigbird15.cern.ch&noUDP&sock=schedd_2763_c443>
...
040 (15153696.033.000) 10/03 22:30:21 Started transferring input files
	Transferring to host: <128.142.58.101:9618?addrs=128.142.58.101-9618+[2001-1458-301-16--100-64]-9618&alias=b7s03p2983.cern.ch&noUDP&sock=slot1_6_5747_0803_201392>
...
040 (15153696.033.000) 10/03 22:30:21 Finished transferring input files
...
001 (15153696.033.000) 10/03 22:30:22 Job executing on host: <128.142.58.101:9618?addrs=128.142.58.101-9618+[2001-1458-301-16--100-64]-9618&alias=b7s03p2983.cern.ch&noUDP&sock=startd_5040_9969>
...
006 (15153696.033.000) 10/03 22:30:30 Image size of job updated: 911508
	121  -  MemoryUsage of job (MB)
	123620  -  ResidentSetSize of job (KB)
...
006 (15153696.033.000) 10/03 22:35:30 Image size of job updated: 925040
	133  -  MemoryUsage of job (MB)
	135992  -  ResidentSetSize of job (KB)
...
040 (15153696.033.000) 10/03 22:35:38 Started transferring output files
...
040 (15153696.033.000) 10/03 22:35:38 Finished transferring output files
...
005 (15153696.033.000) 10/03 22:35:38 Job terminated.
	(1) Normal termination (return value 0)
		Usr 0 00:00:09, Sys 0 00:00:00  -  Run Remote Usage
		Usr 0 00:00:00, Sys 0 00:00:00  -  Run Local Usage
		Usr 0 00:00:09, Sys 0 00:00:00  -  Total Remote Usage
		Usr 0 00:00:00, Sys 0 00:00:00  -  Total Local Usage
	7940  -  Run Bytes Sent By Job
	374  -  Run Bytes Received By Job
	7940  -  Total Bytes Sent By Job
	374  -  Total Bytes Received By Job
	Partitionable Resources :    Usage  Request Allocated 
	   Cpus                 :                 1         1 
	   Disk (KB)            :       22        1   1219799 
	   Memory (MB)          :      133     2000      2000 

	Job terminated of its own accord at 2023-10-03T20:35:38Z.
...
