000 (15159743.039.000) 10/09 07:56:33 Job submitted from host: <188.184.90.241:9618?addrs=188.184.90.241-9618+[2001-1458-201-e4--100-2eb]-9618&alias=bigbird15.cern.ch&noUDP&sock=schedd_2763_c443>
...
040 (15159743.039.000) 10/09 08:09:48 Started transferring input files
	Transferring to host: <128.142.137.18:9618?addrs=128.142.137.18-9618+[2001-1458-301-5e--100-6]-9618&alias=b7g19p3310.cern.ch&noUDP&sock=slot1_32_3943_f339_104871>
...
040 (15159743.039.000) 10/09 08:09:48 Finished transferring input files
...
001 (15159743.039.000) 10/09 08:09:49 Job executing on host: <128.142.137.18:9618?addrs=128.142.137.18-9618+[2001-1458-301-5e--100-6]-9618&alias=b7g19p3310.cern.ch&noUDP&sock=startd_2985_0a4a>
...
006 (15159743.039.000) 10/09 08:09:58 Image size of job updated: 581228
	53  -  MemoryUsage of job (MB)
	53892  -  ResidentSetSize of job (KB)
...
006 (15159743.039.000) 10/09 08:14:59 Image size of job updated: 990000
	461  -  MemoryUsage of job (MB)
	471344  -  ResidentSetSize of job (KB)
...
006 (15159743.039.000) 10/09 08:19:59 Image size of job updated: 1301572
	843  -  MemoryUsage of job (MB)
	862672  -  ResidentSetSize of job (KB)
...
006 (15159743.039.000) 10/09 08:22:39 Image size of job updated: 3219164
	843  -  MemoryUsage of job (MB)
	862672  -  ResidentSetSize of job (KB)
...
040 (15159743.039.000) 10/09 08:22:39 Started transferring output files
...
040 (15159743.039.000) 10/09 08:22:39 Finished transferring output files
...
005 (15159743.039.000) 10/09 08:22:40 Job terminated.
	(1) Normal termination (return value 0)
		Usr 0 00:10:22, Sys 0 00:00:13  -  Run Remote Usage
		Usr 0 00:00:00, Sys 0 00:00:00  -  Run Local Usage
		Usr 0 00:10:22, Sys 0 00:00:13  -  Total Remote Usage
		Usr 0 00:00:00, Sys 0 00:00:00  -  Total Local Usage
	149086  -  Run Bytes Sent By Job
	269  -  Run Bytes Received By Job
	149086  -  Total Bytes Sent By Job
	269  -  Total Bytes Received By Job
	Partitionable Resources :    Usage  Request Allocated 
	   Cpus                 :     0.99        1         1 
	   Disk (KB)            :   167           1   1703088 
	   Memory (MB)          :   843        2000      2000 

	Job terminated of its own accord at 2023-10-09T06:22:39Z.
...
