000 (14832095.180.000) 06/12 15:17:58 Job submitted from host: <188.184.90.241:9618?addrs=188.184.90.241-9618+[2001-1458-201-e4--100-2eb]-9618&alias=bigbird15.cern.ch&noUDP&sock=schedd_1460210_2ef4>
...
040 (14832095.180.000) 06/12 15:20:38 Started transferring input files
	Transferring to host: <188.184.162.174:9618?addrs=188.184.162.174-9618+[2001-1458-301-4a--100-a8]-9618&alias=b7s11p2145.cern.ch&noUDP&sock=slot1_43_4043_68bd_79605>
...
040 (14832095.180.000) 06/12 15:20:38 Finished transferring input files
...
001 (14832095.180.000) 06/12 15:20:39 Job executing on host: <188.184.162.174:9618?addrs=188.184.162.174-9618+[2001-1458-301-4a--100-a8]-9618&alias=b7s11p2145.cern.ch&noUDP&sock=startd_3002_b366>
...
006 (14832095.180.000) 06/12 15:20:48 Image size of job updated: 554344
	47  -  MemoryUsage of job (MB)
	48000  -  ResidentSetSize of job (KB)
...
006 (14832095.180.000) 06/12 15:25:49 Image size of job updated: 2034948
	1493  -  MemoryUsage of job (MB)
	1528652  -  ResidentSetSize of job (KB)
...
006 (14832095.180.000) 06/12 15:30:50 Image size of job updated: 2238600
	1682  -  MemoryUsage of job (MB)
	1721728  -  ResidentSetSize of job (KB)
...
006 (14832095.180.000) 06/12 15:35:50 Image size of job updated: 2243208
	1682  -  MemoryUsage of job (MB)
	1721728  -  ResidentSetSize of job (KB)
...
006 (14832095.180.000) 06/12 15:45:52 Image size of job updated: 4012688
	1682  -  MemoryUsage of job (MB)
	1721728  -  ResidentSetSize of job (KB)
...
006 (14832095.180.000) 06/12 15:50:52 Image size of job updated: 4062148
	1682  -  MemoryUsage of job (MB)
	1721728  -  ResidentSetSize of job (KB)
...
006 (14832095.180.000) 06/12 15:55:52 Image size of job updated: 4300208
	1682  -  MemoryUsage of job (MB)
	1721728  -  ResidentSetSize of job (KB)
...
006 (14832095.180.000) 06/12 16:00:53 Image size of job updated: 4306900
	1682  -  MemoryUsage of job (MB)
	1721728  -  ResidentSetSize of job (KB)
...
006 (14832095.180.000) 06/12 16:05:53 Image size of job updated: 4368528
	1682  -  MemoryUsage of job (MB)
	1721728  -  ResidentSetSize of job (KB)
...
006 (14832095.180.000) 06/12 16:10:27 Image size of job updated: 4388552
	1682  -  MemoryUsage of job (MB)
	1721728  -  ResidentSetSize of job (KB)
...
040 (14832095.180.000) 06/12 16:10:27 Started transferring output files
...
040 (14832095.180.000) 06/12 16:10:27 Finished transferring output files
...
005 (14832095.180.000) 06/12 16:10:27 Job terminated.
	(1) Normal termination (return value 0)
		Usr 0 00:11:26, Sys 0 00:00:54  -  Run Remote Usage
		Usr 0 00:00:00, Sys 0 00:00:00  -  Run Local Usage
		Usr 0 00:11:26, Sys 0 00:00:54  -  Total Remote Usage
		Usr 0 00:00:00, Sys 0 00:00:00  -  Total Local Usage
	137591  -  Run Bytes Sent By Job
	323  -  Run Bytes Received By Job
	137591  -  Total Bytes Sent By Job
	323  -  Total Bytes Received By Job
	Partitionable Resources :    Usage  Request Allocated 
	   Cpus                 :     0.08        1         1 
	   Disk (KB)            :   156           1   3047791 
	   Memory (MB)          :  1682        2000      2000 

	Job terminated of its own accord at 2023-06-12T14:10:27Z.
...
