000 (15150654.052.000) 09/28 14:27:13 Job submitted from host: <188.184.90.241:9618?addrs=188.184.90.241-9618+[2001-1458-201-e4--100-2eb]-9618&alias=bigbird15.cern.ch&noUDP&sock=schedd_2763_c443>
...
040 (15150654.052.000) 09/28 14:46:11 Started transferring input files
	Transferring to host: <128.142.61.73:9618?addrs=128.142.61.73-9618+[2001-1458-301-23--100-48]-9618&alias=b7s06p1726.cern.ch&noUDP&sock=slot1_3_52797_033c_101672>
...
040 (15150654.052.000) 09/28 14:46:11 Finished transferring input files
...
001 (15150654.052.000) 09/28 14:46:12 Job executing on host: <128.142.61.73:9618?addrs=128.142.61.73-9618+[2001-1458-301-23--100-48]-9618&alias=b7s06p1726.cern.ch&noUDP&sock=startd_52754_6f41>
...
006 (15150654.052.000) 09/28 14:46:20 Image size of job updated: 126284
	122  -  MemoryUsage of job (MB)
	124740  -  ResidentSetSize of job (KB)
...
006 (15150654.052.000) 09/28 14:47:12 Image size of job updated: 918084
	122  -  MemoryUsage of job (MB)
	124740  -  ResidentSetSize of job (KB)
...
040 (15150654.052.000) 09/28 14:47:12 Started transferring output files
...
040 (15150654.052.000) 09/28 14:47:12 Finished transferring output files
...
005 (15150654.052.000) 09/28 14:47:12 Job terminated.
	(1) Normal termination (return value 0)
		Usr 0 00:00:06, Sys 0 00:00:01  -  Run Remote Usage
		Usr 0 00:00:00, Sys 0 00:00:00  -  Run Local Usage
		Usr 0 00:00:06, Sys 0 00:00:01  -  Total Remote Usage
		Usr 0 00:00:00, Sys 0 00:00:00  -  Total Local Usage
	6873  -  Run Bytes Sent By Job
	374  -  Run Bytes Received By Job
	6873  -  Total Bytes Sent By Job
	374  -  Total Bytes Received By Job
	Partitionable Resources :    Usage  Request Allocated 
	   Cpus                 :     0.06        1         1 
	   Disk (KB)            :    28           1   1314075 
	   Memory (MB)          :   122        2000      2000 

	Job terminated of its own accord at 2023-09-28T12:47:12Z.
...
