000 (14760027.012.000) 03/28 18:08:20 Job submitted from host: <188.184.90.241:9618?addrs=188.184.90.241-9618+[2001-1458-201-e4--100-2eb]-9618&alias=bigbird15.cern.ch&noUDP&sock=schedd_3631588_e24a>
...
040 (14760027.012.000) 03/28 18:10:56 Started transferring input files
	Transferring to host: <188.184.163.71:9618?addrs=188.184.163.71-9618+[2001-1458-301-4d--100-41]-9618&alias=b7s12p7279.cern.ch&noUDP&sock=slot1_13_123123_0aa8_22341>
...
040 (14760027.012.000) 03/28 18:10:56 Finished transferring input files
...
001 (14760027.012.000) 03/28 18:10:57 Job executing on host: <188.184.163.71:9618?addrs=188.184.163.71-9618+[2001-1458-301-4d--100-41]-9618&alias=b7s12p7279.cern.ch&noUDP&sock=startd_28897_8455>
...
006 (14760027.012.000) 03/28 18:11:06 Image size of job updated: 48516
	47  -  MemoryUsage of job (MB)
	47888  -  ResidentSetSize of job (KB)
...
006 (14760027.012.000) 03/28 18:13:07 Image size of job updated: 2889400
	47  -  MemoryUsage of job (MB)
	47888  -  ResidentSetSize of job (KB)
...
040 (14760027.012.000) 03/28 18:13:07 Started transferring output files
...
040 (14760027.012.000) 03/28 18:13:07 Finished transferring output files
...
005 (14760027.012.000) 03/28 18:13:07 Job terminated.
	(1) Normal termination (return value 0)
		Usr 0 00:01:27, Sys 0 00:00:04  -  Run Remote Usage
		Usr 0 00:00:00, Sys 0 00:00:00  -  Run Local Usage
		Usr 0 00:01:27, Sys 0 00:00:04  -  Total Remote Usage
		Usr 0 00:00:00, Sys 0 00:00:00  -  Total Local Usage
	128169  -  Run Bytes Sent By Job
	269  -  Run Bytes Received By Job
	128169  -  Total Bytes Sent By Job
	269  -  Total Bytes Received By Job
	Partitionable Resources :    Usage  Request Allocated 
	   Cpus                 :     0.22        1         1 
	   Disk (KB)            :   146           1   3155441 
	   Memory (MB)          :    47        2000      2000 

	Job terminated of its own accord at 2023-03-28T16:13:07Z.
...
