000 (14832095.093.000) 06/12 15:17:57 Job submitted from host: <188.184.90.241:9618?addrs=188.184.90.241-9618+[2001-1458-201-e4--100-2eb]-9618&alias=bigbird15.cern.ch&noUDP&sock=schedd_1460210_2ef4>
...
040 (14832095.093.000) 06/12 15:20:05 Started transferring input files
	Transferring to host: <188.184.163.171:9618?addrs=188.184.163.171-9618+[2001-1458-301-4d--100-a5]-9618&alias=b7s12p8342.cern.ch&noUDP&sock=slot1_1_4355_3dca_13254>
...
040 (14832095.093.000) 06/12 15:20:05 Finished transferring input files
...
001 (14832095.093.000) 06/12 15:20:06 Job executing on host: <188.184.163.171:9618?addrs=188.184.163.171-9618+[2001-1458-301-4d--100-a5]-9618&alias=b7s12p8342.cern.ch&noUDP&sock=startd_2945_9a80>
...
006 (14832095.093.000) 06/12 15:20:15 Image size of job updated: 554232
	47  -  MemoryUsage of job (MB)
	47796  -  ResidentSetSize of job (KB)
...
006 (14832095.093.000) 06/12 15:25:16 Image size of job updated: 1513436
	829  -  MemoryUsage of job (MB)
	848704  -  ResidentSetSize of job (KB)
...
006 (14832095.093.000) 06/12 15:30:17 Image size of job updated: 2231732
	1159  -  MemoryUsage of job (MB)
	1185848  -  ResidentSetSize of job (KB)
...
006 (14832095.093.000) 06/12 15:35:17 Image size of job updated: 2246064
	1281  -  MemoryUsage of job (MB)
	1311336  -  ResidentSetSize of job (KB)
...
006 (14832095.093.000) 06/12 15:40:18 Image size of job updated: 2246064
	1281  -  MemoryUsage of job (MB)
	1311360  -  ResidentSetSize of job (KB)
...
006 (14832095.093.000) 06/12 15:50:19 Image size of job updated: 4045184
	1281  -  MemoryUsage of job (MB)
	1311360  -  ResidentSetSize of job (KB)
...
006 (14832095.093.000) 06/12 15:55:20 Image size of job updated: 4094356
	1281  -  MemoryUsage of job (MB)
	1311360  -  ResidentSetSize of job (KB)
...
006 (14832095.093.000) 06/12 16:00:21 Image size of job updated: 4327048
	1281  -  MemoryUsage of job (MB)
	1311360  -  ResidentSetSize of job (KB)
...
006 (14832095.093.000) 06/12 16:05:21 Image size of job updated: 4335304
	1281  -  MemoryUsage of job (MB)
	1311360  -  ResidentSetSize of job (KB)
...
006 (14832095.093.000) 06/12 16:10:21 Image size of job updated: 4397644
	1281  -  MemoryUsage of job (MB)
	1311360  -  ResidentSetSize of job (KB)
...
006 (14832095.093.000) 06/12 16:15:22 Image size of job updated: 4413176
	1281  -  MemoryUsage of job (MB)
	1311360  -  ResidentSetSize of job (KB)
...
006 (14832095.093.000) 06/12 16:18:05 Image size of job updated: 4421228
	1281  -  MemoryUsage of job (MB)
	1311360  -  ResidentSetSize of job (KB)
...
040 (14832095.093.000) 06/12 16:18:06 Started transferring output files
...
040 (14832095.093.000) 06/12 16:18:06 Finished transferring output files
...
005 (14832095.093.000) 06/12 16:18:06 Job terminated.
	(1) Normal termination (return value 0)
		Usr 0 00:16:12, Sys 0 00:01:08  -  Run Remote Usage
		Usr 0 00:00:00, Sys 0 00:00:00  -  Run Local Usage
		Usr 0 00:16:12, Sys 0 00:01:08  -  Total Remote Usage
		Usr 0 00:00:00, Sys 0 00:00:00  -  Total Local Usage
	137611  -  Run Bytes Sent By Job
	323  -  Run Bytes Received By Job
	137611  -  Total Bytes Sent By Job
	323  -  Total Bytes Received By Job
	Partitionable Resources :    Usage  Request Allocated 
	   Cpus                 :     0.01        1         1 
	   Disk (KB)            :   156           1   2822229 
	   Memory (MB)          :  1281        2000      2000 

	Job terminated of its own accord at 2023-06-12T14:18:05Z.
...
