000 (14839059.003.000) 06/21 14:43:38 Job submitted from host: <188.184.90.241:9618?addrs=188.184.90.241-9618+[2001-1458-201-e4--100-2eb]-9618&alias=bigbird15.cern.ch&noUDP&sock=schedd_1460210_2ef4>
...
040 (14839059.003.000) 06/21 14:55:58 Started transferring input files
	Transferring to host: <188.184.160.163:9618?addrs=188.184.160.163-9618+[2001-1458-301-48--100-9d]-9618&alias=b7s09p4255.cern.ch&noUDP&sock=slot1_26_162407_2c65_94070>
...
040 (14839059.003.000) 06/21 14:55:58 Finished transferring input files
...
001 (14839059.003.000) 06/21 14:55:59 Job executing on host: <188.184.160.163:9618?addrs=188.184.160.163-9618+[2001-1458-301-48--100-9d]-9618&alias=b7s09p4255.cern.ch&noUDP&sock=startd_162354_eb1f>
...
006 (14839059.003.000) 06/21 14:56:08 Image size of job updated: 554136
	47  -  MemoryUsage of job (MB)
	47692  -  ResidentSetSize of job (KB)
...
006 (14839059.003.000) 06/21 15:01:09 Image size of job updated: 1603072
	1065  -  MemoryUsage of job (MB)
	1089716  -  ResidentSetSize of job (KB)
...
006 (14839059.003.000) 06/21 15:06:09 Image size of job updated: 1778128
	1236  -  MemoryUsage of job (MB)
	1264768  -  ResidentSetSize of job (KB)
...
006 (14839059.003.000) 06/21 15:11:10 Image size of job updated: 4323424
	1236  -  MemoryUsage of job (MB)
	1264768  -  ResidentSetSize of job (KB)
...
006 (14839059.003.000) 06/21 15:15:13 Image size of job updated: 4419768
	1236  -  MemoryUsage of job (MB)
	1264768  -  ResidentSetSize of job (KB)
...
040 (14839059.003.000) 06/21 15:15:13 Started transferring output files
...
040 (14839059.003.000) 06/21 15:15:13 Finished transferring output files
...
005 (14839059.003.000) 06/21 15:15:13 Job terminated.
	(1) Normal termination (return value 0)
		Usr 0 00:10:39, Sys 0 00:00:39  -  Run Remote Usage
		Usr 0 00:00:00, Sys 0 00:00:00  -  Run Local Usage
		Usr 0 00:10:39, Sys 0 00:00:39  -  Total Remote Usage
		Usr 0 00:00:00, Sys 0 00:00:00  -  Total Local Usage
	116294  -  Run Bytes Sent By Job
	323  -  Run Bytes Received By Job
	116294  -  Total Bytes Sent By Job
	323  -  Total Bytes Received By Job
	Partitionable Resources :    Usage  Request Allocated 
	   Cpus                 :     0.97        1         1 
	   Disk (KB)            :   135           1   3035500 
	   Memory (MB)          :  1236        2000      2000 

	Job terminated of its own accord at 2023-06-21T13:15:13Z.
...
