040 (14780183.006.000) 04/12 12:03:04 Started transferring input files
	Transferring to host: <188.184.163.186:9618?addrs=188.184.163.186-9618+[2001-1458-301-4d--100-b4]-9618&alias=b7s12p6759.cern.ch&noUDP&sock=slot1_59_200727_147c_15039>
...
040 (14780183.006.000) 04/12 12:03:04 Finished transferring input files
...
001 (14780183.006.000) 04/12 12:03:05 Job executing on host: <188.184.163.186:9618?addrs=188.184.163.186-9618+[2001-1458-301-4d--100-b4]-9618&alias=b7s12p6759.cern.ch&noUDP&sock=startd_3272_e5f8>
...
006 (14780183.006.000) 04/12 12:03:14 Image size of job updated: 538876
	75  -  MemoryUsage of job (MB)
	76240  -  ResidentSetSize of job (KB)
...
006 (14780183.006.000) 04/12 12:08:15 Image size of job updated: 3108392
	107  -  MemoryUsage of job (MB)
	109260  -  ResidentSetSize of job (KB)
...
006 (14780183.006.000) 04/12 12:13:15 Image size of job updated: 3363860
	357  -  MemoryUsage of job (MB)
	364984  -  ResidentSetSize of job (KB)
...
006 (14780183.006.000) 04/12 12:14:44 Image size of job updated: 3382892
	357  -  MemoryUsage of job (MB)
	364984  -  ResidentSetSize of job (KB)
...
040 (14780183.006.000) 04/12 12:14:44 Started transferring output files
...
040 (14780183.006.000) 04/12 12:14:44 Finished transferring output files
...
005 (14780183.006.000) 04/12 12:14:44 Job terminated.
	(1) Normal termination (return value 0)
		Usr 0 00:03:39, Sys 0 00:00:07  -  Run Remote Usage
		Usr 0 00:00:00, Sys 0 00:00:00  -  Run Local Usage
		Usr 0 00:03:39, Sys 0 00:00:07  -  Total Remote Usage
		Usr 0 00:00:00, Sys 0 00:00:00  -  Total Local Usage
	79780  -  Run Bytes Sent By Job
	323  -  Run Bytes Received By Job
	79780  -  Total Bytes Sent By Job
	323  -  Total Bytes Received By Job
	Partitionable Resources :    Usage  Request Allocated 
	   Cpus                 :     0.17        1         1 
	   Disk (KB)            :    99           1   2896059 
	   Memory (MB)          :   357        2000      2000 

	Job terminated of its own accord at 2023-04-12T10:14:44Z.
...
