000 (15271413.192.000) 12/18 14:02:23 Job submitted from host: <188.184.90.241:9618?addrs=188.184.90.241-9618+[2001-1458-201-e4--100-2eb]-9618&alias=bigbird15.cern.ch&noUDP&sock=schedd_2763_c443>
...
040 (15271413.192.000) 12/18 14:06:53 Started transferring input files
	Transferring to host: <188.184.163.186:9618?addrs=188.184.163.186-9618+[2001-1458-301-4d--100-b4]-9618&alias=b9s12p0054.cern.ch&noUDP&sock=slot1_9_132679_1bac_30396>
...
040 (15271413.192.000) 12/18 14:06:53 Finished transferring input files
...
001 (15271413.192.000) 12/18 14:06:54 Job executing on host: <188.184.163.186:9618?addrs=188.184.163.186-9618+[2001-1458-301-4d--100-b4]-9618&alias=b9s12p0054.cern.ch&noUDP&sock=startd_113264_42f6>
...
006 (15271413.192.000) 12/18 14:07:03 Image size of job updated: 441576
	432  -  MemoryUsage of job (MB)
	441576  -  ResidentSetSize of job (KB)
...
006 (15271413.192.000) 12/18 14:12:04 Image size of job updated: 784988
	767  -  MemoryUsage of job (MB)
	784988  -  ResidentSetSize of job (KB)
...
006 (15271413.192.000) 12/18 14:17:05 Image size of job updated: 1763800
	1723  -  MemoryUsage of job (MB)
	1763800  -  ResidentSetSize of job (KB)
...
040 (15271413.192.000) 12/18 14:19:49 Started transferring output files
...
040 (15271413.192.000) 12/18 14:19:49 Finished transferring output files
...
005 (15271413.192.000) 12/18 14:19:49 Job terminated.
	(1) Normal termination (return value 0)
		Usr 0 00:10:40, Sys 0 00:00:10  -  Run Remote Usage
		Usr 0 00:00:00, Sys 0 00:00:00  -  Run Local Usage
		Usr 0 00:10:40, Sys 0 00:00:10  -  Total Remote Usage
		Usr 0 00:00:00, Sys 0 00:00:00  -  Total Local Usage
	163599  -  Run Bytes Sent By Job
	269  -  Run Bytes Received By Job
	163599  -  Total Bytes Sent By Job
	269  -  Total Bytes Received By Job
	Partitionable Resources :    Usage  Request Allocated 
	   Cpus                 :     0.94        1         1 
	   Disk (KB)            :   204           1   3084046 
	   Memory (MB)          :  1723        2000      2000 

	Job terminated of its own accord at 2023-12-18T13:19:49Z.
...
