000 (15148585.002.000) 09/26 22:42:55 Job submitted from host: <188.184.90.241:9618?addrs=188.184.90.241-9618+[2001-1458-201-e4--100-2eb]-9618&alias=bigbird15.cern.ch&noUDP&sock=schedd_2763_c443>
...
040 (15148585.002.000) 09/26 23:21:28 Started transferring input files
	Transferring to host: <128.142.60.93:9618?addrs=128.142.60.93-9618+[2001-1458-301-22--100-5c]-9618&alias=b7s05p1500.cern.ch&noUDP&sock=slot1_9_4517_6291_194161>
...
040 (15148585.002.000) 09/26 23:21:28 Finished transferring input files
...
001 (15148585.002.000) 09/26 23:21:29 Job executing on host: <128.142.60.93:9618?addrs=128.142.60.93-9618+[2001-1458-301-22--100-5c]-9618&alias=b7s05p1500.cern.ch&noUDP&sock=startd_3160_135d>
...
006 (15148585.002.000) 09/26 23:21:38 Image size of job updated: 642024
	51  -  MemoryUsage of job (MB)
	51880  -  ResidentSetSize of job (KB)
...
006 (15148585.002.000) 09/26 23:26:38 Image size of job updated: 1176292
	639  -  MemoryUsage of job (MB)
	654292  -  ResidentSetSize of job (KB)
...
006 (15148585.002.000) 09/26 23:31:39 Image size of job updated: 1500236
	918  -  MemoryUsage of job (MB)
	939908  -  ResidentSetSize of job (KB)
...
040 (15148585.002.000) 09/26 23:33:24 Started transferring output files
...
040 (15148585.002.000) 09/26 23:33:24 Finished transferring output files
...
005 (15148585.002.000) 09/26 23:33:24 Job terminated.
	(1) Normal termination (return value 0)
		Usr 0 00:10:26, Sys 0 00:00:26  -  Run Remote Usage
		Usr 0 00:00:00, Sys 0 00:00:00  -  Run Local Usage
		Usr 0 00:10:26, Sys 0 00:00:26  -  Total Remote Usage
		Usr 0 00:00:00, Sys 0 00:00:00  -  Total Local Usage
	61947  -  Run Bytes Sent By Job
	323  -  Run Bytes Received By Job
	61947  -  Total Bytes Sent By Job
	323  -  Total Bytes Received By Job
	Partitionable Resources :    Usage  Request Allocated 
	   Cpus                 :     0.95        1         1 
	   Disk (KB)            :    82           1   1233600 
	   Memory (MB)          :   918        2000      2000 

	Job terminated of its own accord at 2023-09-26T21:33:24Z.
...
