000 (15151940.002.000) 10/03 13:48:53 Job submitted from host: <188.184.90.241:9618?addrs=188.184.90.241-9618+[2001-1458-201-e4--100-2eb]-9618&alias=bigbird15.cern.ch&noUDP&sock=schedd_2763_c443>
...
040 (15151940.002.000) 10/03 13:58:02 Started transferring input files
	Transferring to host: <128.142.248.196:9618?addrs=128.142.248.196-9618+[2001-1458-301-73--100-c3]-9618&alias=b7g23p3833.cern.ch&noUDP&sock=slot1_16_161315_c2b9_175271>
...
040 (15151940.002.000) 10/03 13:58:02 Finished transferring input files
...
001 (15151940.002.000) 10/03 13:58:03 Job executing on host: <128.142.248.196:9618?addrs=128.142.248.196-9618+[2001-1458-301-73--100-c3]-9618&alias=b7g23p3833.cern.ch&noUDP&sock=startd_159955_676b>
...
006 (15151940.002.000) 10/03 13:58:12 Image size of job updated: 66404
	61  -  MemoryUsage of job (MB)
	61616  -  ResidentSetSize of job (KB)
...
006 (15151940.002.000) 10/03 13:58:20 Image size of job updated: 1391508
	61  -  MemoryUsage of job (MB)
	61616  -  ResidentSetSize of job (KB)
...
040 (15151940.002.000) 10/03 13:58:20 Started transferring output files
...
040 (15151940.002.000) 10/03 13:58:20 Finished transferring output files
...
005 (15151940.002.000) 10/03 13:58:20 Job terminated.
	(1) Normal termination (return value 0)
		Usr 0 00:00:04, Sys 0 00:00:03  -  Run Remote Usage
		Usr 0 00:00:00, Sys 0 00:00:00  -  Run Local Usage
		Usr 0 00:00:04, Sys 0 00:00:03  -  Total Remote Usage
		Usr 0 00:00:00, Sys 0 00:00:00  -  Total Local Usage
	22868  -  Run Bytes Sent By Job
	323  -  Run Bytes Received By Job
	22868  -  Total Bytes Sent By Job
	323  -  Total Bytes Received By Job
	Partitionable Resources :    Usage  Request Allocated 
	   Cpus                 :                 1         1 
	   Disk (KB)            :       36        1   3043172 
	   Memory (MB)          :       61     2000      2000 

	Job terminated of its own accord at 2023-10-03T11:58:20Z.
...
