000 (14832095.036.000) 06/12 15:17:57 Job submitted from host: <188.184.90.241:9618?addrs=188.184.90.241-9618+[2001-1458-201-e4--100-2eb]-9618&alias=bigbird15.cern.ch&noUDP&sock=schedd_1460210_2ef4>
...
040 (14832095.036.000) 06/12 15:19:47 Started transferring input files
	Transferring to host: <128.142.194.155:9618?addrs=128.142.194.155-9618+[2001-1458-301-13--100-1b]-9618&alias=b7g30p9096.cern.ch&noUDP&sock=slot1_10_4840_f7be_63025>
...
040 (14832095.036.000) 06/12 15:19:47 Finished transferring input files
...
001 (14832095.036.000) 06/12 15:19:48 Job executing on host: <128.142.194.155:9618?addrs=128.142.194.155-9618+[2001-1458-301-13--100-1b]-9618&alias=b7g30p9096.cern.ch&noUDP&sock=startd_3327_9fad>
...
006 (14832095.036.000) 06/12 15:19:57 Image size of job updated: 538080
	98  -  MemoryUsage of job (MB)
	99668  -  ResidentSetSize of job (KB)
...
006 (14832095.036.000) 06/12 15:24:58 Image size of job updated: 1851444
	1332  -  MemoryUsage of job (MB)
	1363780  -  ResidentSetSize of job (KB)
...
006 (14832095.036.000) 06/12 15:29:58 Image size of job updated: 1926500
	1332  -  MemoryUsage of job (MB)
	1363780  -  ResidentSetSize of job (KB)
...
006 (14832095.036.000) 06/12 15:39:59 Image size of job updated: 4122668
	1332  -  MemoryUsage of job (MB)
	1363780  -  ResidentSetSize of job (KB)
...
006 (14832095.036.000) 06/12 15:45:00 Image size of job updated: 4122672
	1332  -  MemoryUsage of job (MB)
	1363780  -  ResidentSetSize of job (KB)
...
006 (14832095.036.000) 06/12 15:50:00 Image size of job updated: 4171708
	1332  -  MemoryUsage of job (MB)
	1363780  -  ResidentSetSize of job (KB)
...
006 (14832095.036.000) 06/12 15:55:01 Image size of job updated: 4410328
	1332  -  MemoryUsage of job (MB)
	1363780  -  ResidentSetSize of job (KB)
...
006 (14832095.036.000) 06/12 16:00:02 Image size of job updated: 4414772
	1332  -  MemoryUsage of job (MB)
	1363780  -  ResidentSetSize of job (KB)
...
006 (14832095.036.000) 06/12 16:05:02 Image size of job updated: 4474768
	1332  -  MemoryUsage of job (MB)
	1363780  -  ResidentSetSize of job (KB)
...
006 (14832095.036.000) 06/12 16:10:02 Image size of job updated: 4494360
	1332  -  MemoryUsage of job (MB)
	1363780  -  ResidentSetSize of job (KB)
...
006 (14832095.036.000) 06/12 16:12:29 Image size of job updated: 4505132
	1332  -  MemoryUsage of job (MB)
	1363780  -  ResidentSetSize of job (KB)
...
040 (14832095.036.000) 06/12 16:12:29 Started transferring output files
...
040 (14832095.036.000) 06/12 16:12:29 Finished transferring output files
...
005 (14832095.036.000) 06/12 16:12:29 Job terminated.
	(1) Normal termination (return value 0)
		Usr 0 00:09:16, Sys 0 00:00:38  -  Run Remote Usage
		Usr 0 00:00:00, Sys 0 00:00:00  -  Run Local Usage
		Usr 0 00:09:16, Sys 0 00:00:38  -  Total Remote Usage
		Usr 0 00:00:00, Sys 0 00:00:00  -  Total Local Usage
	122660  -  Run Bytes Sent By Job
	323  -  Run Bytes Received By Job
	122660  -  Total Bytes Sent By Job
	323  -  Total Bytes Received By Job
	Partitionable Resources :    Usage  Request Allocated 
	   Cpus                 :     0.10        1         1 
	   Disk (KB)            :   141           1   3043101 
	   Memory (MB)          :  1332        2000      2000 

	Job terminated of its own accord at 2023-06-12T14:12:29Z.
...
