000 (15271413.073.000) 12/18 14:02:23 Job submitted from host: <188.184.90.241:9618?addrs=188.184.90.241-9618+[2001-1458-201-e4--100-2eb]-9618&alias=bigbird15.cern.ch&noUDP&sock=schedd_2763_c443>
...
040 (15271413.073.000) 12/18 14:06:15 Started transferring input files
	Transferring to host: <128.142.60.50:9618?addrs=128.142.60.50-9618+[2001-1458-301-22--100-31]-9618&alias=b9s05p8824.cern.ch&noUDP&sock=slot1_10_125637_61ce_6894>
...
040 (15271413.073.000) 12/18 14:06:15 Finished transferring input files
...
001 (15271413.073.000) 12/18 14:06:16 Job executing on host: <128.142.60.50:9618?addrs=128.142.60.50-9618+[2001-1458-301-22--100-31]-9618&alias=b9s05p8824.cern.ch&noUDP&sock=startd_113106_e300>
...
006 (15271413.073.000) 12/18 14:06:25 Image size of job updated: 190732
	168  -  MemoryUsage of job (MB)
	171732  -  ResidentSetSize of job (KB)
...
006 (15271413.073.000) 12/18 14:11:27 Image size of job updated: 511652
	499  -  MemoryUsage of job (MB)
	510160  -  ResidentSetSize of job (KB)
...
006 (15271413.073.000) 12/18 14:16:27 Image size of job updated: 855640
	836  -  MemoryUsage of job (MB)
	855568  -  ResidentSetSize of job (KB)
...
006 (15271413.073.000) 12/18 14:19:53 Image size of job updated: 3083768
	836  -  MemoryUsage of job (MB)
	855568  -  ResidentSetSize of job (KB)
...
040 (15271413.073.000) 12/18 14:19:53 Started transferring output files
...
040 (15271413.073.000) 12/18 14:19:53 Finished transferring output files
...
005 (15271413.073.000) 12/18 14:19:53 Job terminated.
	(1) Normal termination (return value 0)
		Usr 0 00:09:47, Sys 0 00:00:07  -  Run Remote Usage
		Usr 0 00:00:00, Sys 0 00:00:00  -  Run Local Usage
		Usr 0 00:09:47, Sys 0 00:00:07  -  Total Remote Usage
		Usr 0 00:00:00, Sys 0 00:00:00  -  Total Local Usage
	188849  -  Run Bytes Sent By Job
	269  -  Run Bytes Received By Job
	188849  -  Total Bytes Sent By Job
	269  -  Total Bytes Received By Job
	Partitionable Resources :    Usage  Request Allocated 
	   Cpus                 :     0.90        1         1 
	   Disk (KB)            :   228           1   2990051 
	   Memory (MB)          :   836        2000      2000 

	Job terminated of its own accord at 2023-12-18T13:19:53Z.
...
