000 (14832095.132.000) 06/12 15:17:57 Job submitted from host: <188.184.90.241:9618?addrs=188.184.90.241-9618+[2001-1458-201-e4--100-2eb]-9618&alias=bigbird15.cern.ch&noUDP&sock=schedd_1460210_2ef4>
...
040 (14832095.132.000) 06/12 15:20:18 Started transferring input files
	Transferring to host: <188.184.162.44:9618?addrs=188.184.162.44-9618+[2001-1458-301-4a--100-26]-9618&alias=b7s11p3562.cern.ch&noUDP&sock=slot1_24_198100_1ef1_62414>
...
040 (14832095.132.000) 06/12 15:20:18 Finished transferring input files
...
001 (14832095.132.000) 06/12 15:20:19 Job executing on host: <188.184.162.44:9618?addrs=188.184.162.44-9618+[2001-1458-301-4a--100-26]-9618&alias=b7s11p3562.cern.ch&noUDP&sock=startd_198061_f351>
...
006 (14832095.132.000) 06/12 15:20:28 Image size of job updated: 554124
	47  -  MemoryUsage of job (MB)
	47684  -  ResidentSetSize of job (KB)
...
006 (14832095.132.000) 06/12 15:25:29 Image size of job updated: 1611712
	1049  -  MemoryUsage of job (MB)
	1073712  -  ResidentSetSize of job (KB)
...
006 (14832095.132.000) 06/12 15:30:30 Image size of job updated: 1636712
	1049  -  MemoryUsage of job (MB)
	1073712  -  ResidentSetSize of job (KB)
...
006 (14832095.132.000) 06/12 15:40:30 Image size of job updated: 4029228
	1049  -  MemoryUsage of job (MB)
	1073712  -  ResidentSetSize of job (KB)
...
006 (14832095.132.000) 06/12 15:45:31 Image size of job updated: 4029232
	1049  -  MemoryUsage of job (MB)
	1073712  -  ResidentSetSize of job (KB)
...
006 (14832095.132.000) 06/12 15:50:31 Image size of job updated: 4080544
	1049  -  MemoryUsage of job (MB)
	1073712  -  ResidentSetSize of job (KB)
...
006 (14832095.132.000) 06/12 15:55:31 Image size of job updated: 4317572
	1049  -  MemoryUsage of job (MB)
	1073712  -  ResidentSetSize of job (KB)
...
006 (14832095.132.000) 06/12 16:00:32 Image size of job updated: 4376124
	1049  -  MemoryUsage of job (MB)
	1073712  -  ResidentSetSize of job (KB)
...
006 (14832095.132.000) 06/12 16:05:33 Image size of job updated: 4395084
	1049  -  MemoryUsage of job (MB)
	1073712  -  ResidentSetSize of job (KB)
...
006 (14832095.132.000) 06/12 16:07:54 Image size of job updated: 4405572
	1049  -  MemoryUsage of job (MB)
	1073712  -  ResidentSetSize of job (KB)
...
040 (14832095.132.000) 06/12 16:07:54 Started transferring output files
...
040 (14832095.132.000) 06/12 16:07:54 Finished transferring output files
...
005 (14832095.132.000) 06/12 16:07:54 Job terminated.
	(1) Normal termination (return value 0)
		Usr 0 00:09:15, Sys 0 00:00:36  -  Run Remote Usage
		Usr 0 00:00:00, Sys 0 00:00:00  -  Run Local Usage
		Usr 0 00:09:15, Sys 0 00:00:36  -  Total Remote Usage
		Usr 0 00:00:00, Sys 0 00:00:00  -  Total Local Usage
	108918  -  Run Bytes Sent By Job
	323  -  Run Bytes Received By Job
	108918  -  Total Bytes Sent By Job
	323  -  Total Bytes Received By Job
	Partitionable Resources :    Usage  Request Allocated 
	   Cpus                 :        0        1         1 
	   Disk (KB)            :      127        1   3146563 
	   Memory (MB)          :     1049     2000      2000 

	Job terminated of its own accord at 2023-06-12T14:07:54Z.
...
