000 (14839060.008.000) 06/21 14:44:36 Job submitted from host: <188.184.90.241:9618?addrs=188.184.90.241-9618+[2001-1458-201-e4--100-2eb]-9618&alias=bigbird15.cern.ch&noUDP&sock=schedd_1460210_2ef4>
...
040 (14839060.008.000) 06/21 14:57:09 Started transferring input files
	Transferring to host: <128.142.131.110:9618?addrs=128.142.131.110-9618+[2001-1458-301-59--100-62]-9618&alias=b7g11p5097.cern.ch&noUDP&sock=slot1_29_3600_468b_80792>
...
040 (14839060.008.000) 06/21 14:57:09 Finished transferring input files
...
001 (14839060.008.000) 06/21 14:57:10 Job executing on host: <128.142.131.110:9618?addrs=128.142.131.110-9618+[2001-1458-301-59--100-62]-9618&alias=b7g11p5097.cern.ch&noUDP&sock=startd_3080_33c9>
...
006 (14839060.008.000) 06/21 14:57:19 Image size of job updated: 554144
	47  -  MemoryUsage of job (MB)
	47672  -  ResidentSetSize of job (KB)
...
006 (14839060.008.000) 06/21 15:02:20 Image size of job updated: 927292
	426  -  MemoryUsage of job (MB)
	435240  -  ResidentSetSize of job (KB)
...
006 (14839060.008.000) 06/21 15:07:20 Image size of job updated: 1152292
	597  -  MemoryUsage of job (MB)
	610372  -  ResidentSetSize of job (KB)
...
006 (14839060.008.000) 06/21 15:12:21 Image size of job updated: 1327292
	792  -  MemoryUsage of job (MB)
	810372  -  ResidentSetSize of job (KB)
...
006 (14839060.008.000) 06/21 15:17:22 Image size of job updated: 3980368
	3333  -  MemoryUsage of job (MB)
	3412752  -  ResidentSetSize of job (KB)
...
006 (14839060.008.000) 06/21 15:19:39 Image size of job updated: 4081592
	3333  -  MemoryUsage of job (MB)
	3412752  -  ResidentSetSize of job (KB)
...
040 (14839060.008.000) 06/21 15:19:39 Started transferring output files
...
040 (14839060.008.000) 06/21 15:19:39 Finished transferring output files
...
005 (14839060.008.000) 06/21 15:19:39 Job terminated.
	(1) Normal termination (return value 0)
		Usr 0 00:21:00, Sys 0 00:00:16  -  Run Remote Usage
		Usr 0 00:00:00, Sys 0 00:00:00  -  Run Local Usage
		Usr 0 00:21:00, Sys 0 00:00:16  -  Total Remote Usage
		Usr 0 00:00:00, Sys 0 00:00:00  -  Total Local Usage
	244797  -  Run Bytes Sent By Job
	269  -  Run Bytes Received By Job
	244797  -  Total Bytes Sent By Job
	269  -  Total Bytes Received By Job
	Partitionable Resources :    Usage  Request Allocated 
	   Cpus                 :     0.96        1         1 
	   Disk (KB)            :   260           1   1727910 
	   Memory (MB)          :  3333        2000      2000 

	Job terminated of its own accord at 2023-06-21T13:19:39Z.
...
