000 (14808278.037.000) 05/20 04:34:45 Job submitted from host: <188.184.90.241:9618?addrs=188.184.90.241-9618+[2001-1458-201-e4--100-2eb]-9618&alias=bigbird15.cern.ch&noUDP&sock=schedd_3273_9590>
...
040 (14808278.037.000) 05/20 04:50:52 Started transferring input files
	Transferring to host: <128.142.60.48:9618?addrs=128.142.60.48-9618+[2001-1458-301-22--100-2f]-9618&alias=b7s05p3499.cern.ch&noUDP&sock=slot1_12_4584_97b3_31254>
...
040 (14808278.037.000) 05/20 04:50:52 Finished transferring input files
...
001 (14808278.037.000) 05/20 04:50:53 Job executing on host: <128.142.60.48:9618?addrs=128.142.60.48-9618+[2001-1458-301-22--100-2f]-9618&alias=b7s05p3499.cern.ch&noUDP&sock=startd_3113_d669>
...
006 (14808278.037.000) 05/20 04:50:56 Image size of job updated: 1
	0  -  MemoryUsage of job (MB)
	0  -  ResidentSetSize of job (KB)
...
040 (14808278.037.000) 05/20 04:50:56 Started transferring output files
...
040 (14808278.037.000) 05/20 04:50:56 Finished transferring output files
...
005 (14808278.037.000) 05/20 04:50:56 Job terminated.
	(1) Normal termination (return value 0)
		Usr 0 00:00:00, Sys 0 00:00:00  -  Run Remote Usage
		Usr 0 00:00:00, Sys 0 00:00:00  -  Run Local Usage
		Usr 0 00:00:00, Sys 0 00:00:00  -  Total Remote Usage
		Usr 0 00:00:00, Sys 0 00:00:00  -  Total Local Usage
	6321  -  Run Bytes Sent By Job
	324  -  Run Bytes Received By Job
	6321  -  Total Bytes Sent By Job
	324  -  Total Bytes Received By Job
	Partitionable Resources :    Usage  Request Allocated 
	   Cpus                 :                 1         1 
	   Disk (KB)            :       20        1   1299941 
	   Memory (MB)          :        0     2000      2000 

	Job terminated of its own accord at 2023-05-20T02:50:56Z.
...
