000 (14839059.001.000) 06/21 14:43:38 Job submitted from host: <188.184.90.241:9618?addrs=188.184.90.241-9618+[2001-1458-201-e4--100-2eb]-9618&alias=bigbird15.cern.ch&noUDP&sock=schedd_1460210_2ef4>
...
040 (14839059.001.000) 06/21 14:55:58 Started transferring input files
	Transferring to host: <188.184.160.163:9618?addrs=188.184.160.163-9618+[2001-1458-301-48--100-9d]-9618&alias=b7s09p4255.cern.ch&noUDP&sock=slot1_23_162407_2c65_94068>
...
040 (14839059.001.000) 06/21 14:55:58 Finished transferring input files
...
001 (14839059.001.000) 06/21 14:55:59 Job executing on host: <188.184.160.163:9618?addrs=188.184.160.163-9618+[2001-1458-301-48--100-9d]-9618&alias=b7s09p4255.cern.ch&noUDP&sock=startd_162354_eb1f>
...
006 (14839059.001.000) 06/21 14:56:08 Image size of job updated: 554128
	47  -  MemoryUsage of job (MB)
	47688  -  ResidentSetSize of job (KB)
...
006 (14839059.001.000) 06/21 15:01:09 Image size of job updated: 1545292
	984  -  MemoryUsage of job (MB)
	1007032  -  ResidentSetSize of job (KB)
...
006 (14839059.001.000) 06/21 15:06:09 Image size of job updated: 1570292
	984  -  MemoryUsage of job (MB)
	1007032  -  ResidentSetSize of job (KB)
...
006 (14839059.001.000) 06/21 15:11:09 Image size of job updated: 4394328
	984  -  MemoryUsage of job (MB)
	1007032  -  ResidentSetSize of job (KB)
...
006 (14839059.001.000) 06/21 15:11:42 Image size of job updated: 4405120
	984  -  MemoryUsage of job (MB)
	1007032  -  ResidentSetSize of job (KB)
...
040 (14839059.001.000) 06/21 15:11:42 Started transferring output files
...
040 (14839059.001.000) 06/21 15:11:43 Finished transferring output files
...
005 (14839059.001.000) 06/21 15:11:43 Job terminated.
	(1) Normal termination (return value 0)
		Usr 0 00:08:43, Sys 0 00:00:32  -  Run Remote Usage
		Usr 0 00:00:00, Sys 0 00:00:00  -  Run Local Usage
		Usr 0 00:08:43, Sys 0 00:00:32  -  Total Remote Usage
		Usr 0 00:00:00, Sys 0 00:00:00  -  Total Local Usage
	105722  -  Run Bytes Sent By Job
	323  -  Run Bytes Received By Job
	105722  -  Total Bytes Sent By Job
	323  -  Total Bytes Received By Job
	Partitionable Resources :    Usage  Request Allocated 
	   Cpus                 :     0.13        1         1 
	   Disk (KB)            :   124           1   3035500 
	   Memory (MB)          :   984        2000      2000 

	Job terminated of its own accord at 2023-06-21T13:11:42Z.
...
