000 (15155243.022.000) 10/07 13:26:29 Job submitted from host: <188.184.90.241:9618?addrs=188.184.90.241-9618+[2001-1458-201-e4--100-2eb]-9618&alias=bigbird15.cern.ch&noUDP&sock=schedd_2763_c443>
...
040 (15155243.022.000) 10/07 13:31:57 Started transferring input files
	Transferring to host: <128.142.132.158:9618?addrs=128.142.132.158-9618+[2001-1458-301-5a--100-92]-9618&alias=b7g12p8068.cern.ch&noUDP&sock=slot1_15_7317_3d03_188866>
...
040 (15155243.022.000) 10/07 13:31:57 Finished transferring input files
...
001 (15155243.022.000) 10/07 13:31:58 Job executing on host: <128.142.132.158:9618?addrs=128.142.132.158-9618+[2001-1458-301-5a--100-92]-9618&alias=b7g12p8068.cern.ch&noUDP&sock=startd_5781_dd17>
...
006 (15155243.022.000) 10/07 13:32:07 Image size of job updated: 581156
	54  -  MemoryUsage of job (MB)
	54768  -  ResidentSetSize of job (KB)
...
006 (15155243.022.000) 10/07 13:37:08 Image size of job updated: 919260
	399  -  MemoryUsage of job (MB)
	407996  -  ResidentSetSize of job (KB)
...
006 (15155243.022.000) 10/07 13:42:09 Image size of job updated: 1221884
	697  -  MemoryUsage of job (MB)
	712792  -  ResidentSetSize of job (KB)
...
006 (15155243.022.000) 10/07 13:47:09 Image size of job updated: 1388060
	780  -  MemoryUsage of job (MB)
	797880  -  ResidentSetSize of job (KB)
...
006 (15155243.022.000) 10/07 13:57:11 Image size of job updated: 4108604
	780  -  MemoryUsage of job (MB)
	797880  -  ResidentSetSize of job (KB)
...
006 (15155243.022.000) 10/07 14:02:11 Image size of job updated: 4398608
	780  -  MemoryUsage of job (MB)
	797880  -  ResidentSetSize of job (KB)
...
006 (15155243.022.000) 10/07 14:07:11 Image size of job updated: 4466372
	780  -  MemoryUsage of job (MB)
	797880  -  ResidentSetSize of job (KB)
...
006 (15155243.022.000) 10/07 14:10:12 Image size of job updated: 4484924
	780  -  MemoryUsage of job (MB)
	797880  -  ResidentSetSize of job (KB)
...
040 (15155243.022.000) 10/07 14:10:12 Started transferring output files
...
040 (15155243.022.000) 10/07 14:10:12 Finished transferring output files
...
005 (15155243.022.000) 10/07 14:10:12 Job terminated.
	(1) Normal termination (return value 0)
		Usr 0 00:21:28, Sys 0 00:00:33  -  Run Remote Usage
		Usr 0 00:00:00, Sys 0 00:00:00  -  Run Local Usage
		Usr 0 00:21:28, Sys 0 00:00:33  -  Total Remote Usage
		Usr 0 00:00:00, Sys 0 00:00:00  -  Total Local Usage
	96458  -  Run Bytes Sent By Job
	323  -  Run Bytes Received By Job
	96458  -  Total Bytes Sent By Job
	323  -  Total Bytes Received By Job
	Partitionable Resources :    Usage  Request Allocated 
	   Cpus                 :     0.01        1         1 
	   Disk (KB)            :   116           1   1674229 
	   Memory (MB)          :   780        2000      2000 

	Job terminated of its own accord at 2023-10-07T12:10:12Z.
...
