000 (15155256.001.000) 10/07 14:35:52 Job submitted from host: <188.184.90.241:9618?addrs=188.184.90.241-9618+[2001-1458-201-e4--100-2eb]-9618&alias=bigbird15.cern.ch&noUDP&sock=schedd_2763_c443>
...
040 (15155256.001.000) 10/07 14:37:49 Started transferring input files
	Transferring to host: <128.142.61.67:9618?addrs=128.142.61.67-9618+[2001-1458-301-23--100-42]-9618&alias=b7s06p7999.cern.ch&noUDP&sock=slot1_33_4164_aa22_36579>
...
040 (15155256.001.000) 10/07 14:37:49 Finished transferring input files
...
001 (15155256.001.000) 10/07 14:37:50 Job executing on host: <128.142.61.67:9618?addrs=128.142.61.67-9618+[2001-1458-301-23--100-42]-9618&alias=b7s06p7999.cern.ch&noUDP&sock=startd_2874_e747>
...
006 (15155256.001.000) 10/07 14:37:59 Image size of job updated: 671300
	51  -  MemoryUsage of job (MB)
	51836  -  ResidentSetSize of job (KB)
...
006 (15155256.001.000) 10/07 14:43:00 Image size of job updated: 1081704
	575  -  MemoryUsage of job (MB)
	588036  -  ResidentSetSize of job (KB)
...
006 (15155256.001.000) 10/07 14:48:01 Image size of job updated: 1547956
	1010  -  MemoryUsage of job (MB)
	1033860  -  ResidentSetSize of job (KB)
...
006 (15155256.001.000) 10/07 14:53:01 Image size of job updated: 1626596
	1010  -  MemoryUsage of job (MB)
	1033864  -  ResidentSetSize of job (KB)
...
006 (15155256.001.000) 10/07 14:58:01 Image size of job updated: 1637132
	1010  -  MemoryUsage of job (MB)
	1033864  -  ResidentSetSize of job (KB)
...
006 (15155256.001.000) 10/07 15:03:02 Image size of job updated: 3771100
	1010  -  MemoryUsage of job (MB)
	1033864  -  ResidentSetSize of job (KB)
...
006 (15155256.001.000) 10/07 15:08:02 Image size of job updated: 4019756
	1010  -  MemoryUsage of job (MB)
	1033864  -  ResidentSetSize of job (KB)
...
006 (15155256.001.000) 10/07 15:13:07 Image size of job updated: 4069168
	1010  -  MemoryUsage of job (MB)
	1033864  -  ResidentSetSize of job (KB)
...
006 (15155256.001.000) 10/07 15:18:03 Image size of job updated: 4089868
	1010  -  MemoryUsage of job (MB)
	1033864  -  ResidentSetSize of job (KB)
...
006 (15155256.001.000) 10/07 15:18:39 Image size of job updated: 4095436
	1010  -  MemoryUsage of job (MB)
	1033864  -  ResidentSetSize of job (KB)
...
040 (15155256.001.000) 10/07 15:18:39 Started transferring output files
...
040 (15155256.001.000) 10/07 15:18:39 Finished transferring output files
...
005 (15155256.001.000) 10/07 15:18:39 Job terminated.
	(1) Normal termination (return value 0)
		Usr 0 00:21:09, Sys 0 00:00:55  -  Run Remote Usage
		Usr 0 00:00:00, Sys 0 00:00:00  -  Run Local Usage
		Usr 0 00:21:09, Sys 0 00:00:55  -  Total Remote Usage
		Usr 0 00:00:00, Sys 0 00:00:00  -  Total Local Usage
	115476  -  Run Bytes Sent By Job
	323  -  Run Bytes Received By Job
	115476  -  Total Bytes Sent By Job
	323  -  Total Bytes Received By Job
	Partitionable Resources :    Usage  Request Allocated 
	   Cpus                 :     1.00        1         1 
	   Disk (KB)            :   134           1   1138526 
	   Memory (MB)          :  1010        2000      2000 

	Job terminated of its own accord at 2023-10-07T13:18:39Z.
...
