000 (15148591.004.000) 09/26 23:15:32 Job submitted from host: <188.184.90.241:9618?addrs=188.184.90.241-9618+[2001-1458-201-e4--100-2eb]-9618&alias=bigbird15.cern.ch&noUDP&sock=schedd_2763_c443>
...
040 (15148591.004.000) 09/26 23:30:20 Started transferring input files
	Transferring to host: <128.142.59.126:9618?addrs=128.142.59.126-9618+[2001-1458-301-21--100-7d]-9618&alias=b7s04p9662.cern.ch&noUDP&sock=slot1_14_4076_a91f_196572>
...
040 (15148591.004.000) 09/26 23:30:20 Finished transferring input files
...
001 (15148591.004.000) 09/26 23:30:21 Job executing on host: <128.142.59.126:9618?addrs=128.142.59.126-9618+[2001-1458-301-21--100-7d]-9618&alias=b7s04p9662.cern.ch&noUDP&sock=startd_2859_9d5b>
...
006 (15148591.004.000) 09/26 23:30:30 Image size of job updated: 55260
	51  -  MemoryUsage of job (MB)
	52116  -  ResidentSetSize of job (KB)
...
006 (15148591.004.000) 09/26 23:35:31 Image size of job updated: 1136816
	615  -  MemoryUsage of job (MB)
	629444  -  ResidentSetSize of job (KB)
...
006 (15148591.004.000) 09/26 23:40:31 Image size of job updated: 1152544
	615  -  MemoryUsage of job (MB)
	629444  -  ResidentSetSize of job (KB)
...
006 (15148591.004.000) 09/26 23:45:31 Image size of job updated: 3685584
	615  -  MemoryUsage of job (MB)
	629444  -  ResidentSetSize of job (KB)
...
006 (15148591.004.000) 09/26 23:50:32 Image size of job updated: 3893312
	615  -  MemoryUsage of job (MB)
	629444  -  ResidentSetSize of job (KB)
...
006 (15148591.004.000) 09/26 23:55:33 Image size of job updated: 3949920
	615  -  MemoryUsage of job (MB)
	629444  -  ResidentSetSize of job (KB)
...
006 (15148591.004.000) 09/26 23:58:22 Image size of job updated: 3970652
	615  -  MemoryUsage of job (MB)
	629444  -  ResidentSetSize of job (KB)
...
040 (15148591.004.000) 09/26 23:58:22 Started transferring output files
...
040 (15148591.004.000) 09/26 23:58:22 Finished transferring output files
...
005 (15148591.004.000) 09/26 23:58:22 Job terminated.
	(1) Normal termination (return value 0)
		Usr 0 00:08:48, Sys 0 00:00:14  -  Run Remote Usage
		Usr 0 00:00:00, Sys 0 00:00:00  -  Run Local Usage
		Usr 0 00:08:48, Sys 0 00:00:14  -  Total Remote Usage
		Usr 0 00:00:00, Sys 0 00:00:00  -  Total Local Usage
	84490  -  Run Bytes Sent By Job
	323  -  Run Bytes Received By Job
	84490  -  Total Bytes Sent By Job
	323  -  Total Bytes Received By Job
	Partitionable Resources :    Usage  Request Allocated 
	   Cpus                 :     0.15        1         1 
	   Disk (KB)            :   104           1   1307965 
	   Memory (MB)          :   615        2000      2000 

	Job terminated of its own accord at 2023-09-26T21:58:22Z.
...
