000 (14808124.063.000) 05/19 04:24:07 Job submitted from host: <188.184.90.241:9618?addrs=188.184.90.241-9618+[2001-1458-201-e4--100-2eb]-9618&alias=bigbird15.cern.ch&noUDP&sock=schedd_3273_9590>
...
040 (14808124.063.000) 05/19 04:36:02 Started transferring input files
	Transferring to host: <128.142.128.150:9618?addrs=128.142.128.150-9618+[2001-1458-301-10--100-95]-9618&alias=b7g25p7881.cern.ch&noUDP&sock=slot1_34_4566_e8f3_43669>
...
040 (14808124.063.000) 05/19 04:36:02 Finished transferring input files
...
001 (14808124.063.000) 05/19 04:36:03 Job executing on host: <128.142.128.150:9618?addrs=128.142.128.150-9618+[2001-1458-301-10--100-95]-9618&alias=b7g25p7881.cern.ch&noUDP&sock=startd_3351_15f3>
...
006 (14808124.063.000) 05/19 04:36:12 Image size of job updated: 639476
	192  -  MemoryUsage of job (MB)
	195628  -  ResidentSetSize of job (KB)
...
006 (14808124.063.000) 05/19 04:41:13 Image size of job updated: 5433816
	4761  -  MemoryUsage of job (MB)
	4874324  -  ResidentSetSize of job (KB)
...
006 (14808124.063.000) 05/19 04:41:57 Image size of job updated: 5482368
	4761  -  MemoryUsage of job (MB)
	4874324  -  ResidentSetSize of job (KB)
...
040 (14808124.063.000) 05/19 04:41:58 Started transferring output files
...
040 (14808124.063.000) 05/19 04:41:58 Finished transferring output files
...
005 (14808124.063.000) 05/19 04:41:58 Job terminated.
	(1) Normal termination (return value 0)
		Usr 0 00:04:16, Sys 0 00:00:06  -  Run Remote Usage
		Usr 0 00:00:00, Sys 0 00:00:00  -  Run Local Usage
		Usr 0 00:04:16, Sys 0 00:00:06  -  Total Remote Usage
		Usr 0 00:00:00, Sys 0 00:00:00  -  Total Local Usage
	542758  -  Run Bytes Sent By Job
	269  -  Run Bytes Received By Job
	542758  -  Total Bytes Sent By Job
	269  -  Total Bytes Received By Job
	Partitionable Resources :    Usage  Request Allocated 
	   Cpus                 :     0.84        1         1 
	   Disk (KB)            :   551           1   2894700 
	   Memory (MB)          :  4761        2000      2000 

	Job terminated of its own accord at 2023-05-19T02:41:57Z.
...
