000 (15271413.171.000) 12/18 14:02:23 Job submitted from host: <188.184.90.241:9618?addrs=188.184.90.241-9618+[2001-1458-201-e4--100-2eb]-9618&alias=bigbird15.cern.ch&noUDP&sock=schedd_2763_c443>
...
040 (15271413.171.000) 12/18 14:06:47 Started transferring input files
	Transferring to host: <128.142.61.147:9618?addrs=128.142.61.147-9618+[2001-1458-301-23--100-92]-9618&alias=b9s06p5351.cern.ch&noUDP&sock=slot1_13_122594_5032_6533>
...
040 (15271413.171.000) 12/18 14:06:47 Finished transferring input files
...
001 (15271413.171.000) 12/18 14:06:48 Job executing on host: <128.142.61.147:9618?addrs=128.142.61.147-9618+[2001-1458-301-23--100-92]-9618&alias=b9s06p5351.cern.ch&noUDP&sock=startd_113100_c56e>
...
006 (15271413.171.000) 12/18 14:06:56 Image size of job updated: 152640
	128  -  MemoryUsage of job (MB)
	130968  -  ResidentSetSize of job (KB)
...
006 (15271413.171.000) 12/18 14:11:56 Image size of job updated: 628036
	614  -  MemoryUsage of job (MB)
	628032  -  ResidentSetSize of job (KB)
...
006 (15271413.171.000) 12/18 14:13:37 Image size of job updated: 2775896
	614  -  MemoryUsage of job (MB)
	628032  -  ResidentSetSize of job (KB)
...
040 (15271413.171.000) 12/18 14:13:37 Started transferring output files
...
040 (15271413.171.000) 12/18 14:13:37 Finished transferring output files
...
005 (15271413.171.000) 12/18 14:13:37 Job terminated.
	(1) Normal termination (return value 0)
		Usr 0 00:04:53, Sys 0 00:00:06  -  Run Remote Usage
		Usr 0 00:00:00, Sys 0 00:00:00  -  Run Local Usage
		Usr 0 00:04:53, Sys 0 00:00:06  -  Total Remote Usage
		Usr 0 00:00:00, Sys 0 00:00:00  -  Total Local Usage
	129299  -  Run Bytes Sent By Job
	269  -  Run Bytes Received By Job
	129299  -  Total Bytes Sent By Job
	269  -  Total Bytes Received By Job
	Partitionable Resources :    Usage  Request Allocated 
	   Cpus                 :     0.93        1         1 
	   Disk (KB)            :   170           1   3016399 
	   Memory (MB)          :   614        2000      2000 

	Job terminated of its own accord at 2023-12-18T13:13:37Z.
...
