000 (15150655.055.000) 09/28 15:00:14 Job submitted from host: <188.184.90.241:9618?addrs=188.184.90.241-9618+[2001-1458-201-e4--100-2eb]-9618&alias=bigbird15.cern.ch&noUDP&sock=schedd_2763_c443>
...
040 (15150655.055.000) 09/28 15:04:57 Started transferring input files
	Transferring to host: <128.142.59.61:9618?addrs=128.142.59.61-9618+[2001-1458-301-21--100-3c]-9618&alias=b7s04p0984.cern.ch&noUDP&sock=slot1_2_3213_995c_182131>
...
040 (15150655.055.000) 09/28 15:04:57 Finished transferring input files
...
001 (15150655.055.000) 09/28 15:04:58 Job executing on host: <128.142.59.61:9618?addrs=128.142.59.61-9618+[2001-1458-301-21--100-3c]-9618&alias=b7s04p0984.cern.ch&noUDP&sock=startd_3027_d944>
...
006 (15150655.055.000) 09/28 15:05:07 Image size of job updated: 909760
	119  -  MemoryUsage of job (MB)
	121824  -  ResidentSetSize of job (KB)
...
006 (15150655.055.000) 09/28 15:07:21 Image size of job updated: 917536
	119  -  MemoryUsage of job (MB)
	121824  -  ResidentSetSize of job (KB)
...
040 (15150655.055.000) 09/28 15:07:21 Started transferring output files
...
040 (15150655.055.000) 09/28 15:07:21 Finished transferring output files
...
005 (15150655.055.000) 09/28 15:07:21 Job terminated.
	(1) Normal termination (return value 0)
		Usr 0 00:00:07, Sys 0 00:00:00  -  Run Remote Usage
		Usr 0 00:00:00, Sys 0 00:00:00  -  Run Local Usage
		Usr 0 00:00:07, Sys 0 00:00:00  -  Total Remote Usage
		Usr 0 00:00:00, Sys 0 00:00:00  -  Total Local Usage
	7822  -  Run Bytes Sent By Job
	374  -  Run Bytes Received By Job
	7822  -  Total Bytes Sent By Job
	374  -  Total Bytes Received By Job
	Partitionable Resources :    Usage  Request Allocated 
	   Cpus                 :        0        1         1 
	   Disk (KB)            :       30        1   1228665 
	   Memory (MB)          :      119     2000      2000 

	Job terminated of its own accord at 2023-09-28T13:07:21Z.
...
