Error in <TSystem::ExpandFileName>: input: $HOME/.root.mimes, output: $HOME/.root.mimes
Error in <TSystem::ExpandFileName>: input: $HOME/.root.mimes, output: $HOME/.root.mimes
Error in <TCanvas::Range>: illegal world coordinates range: x1=2.094375, y1=0.000000, x2=2.098281, y2=0.000000
Error in <TCanvas::RangeAxis>: illegal axis coordinates range: xmin=2.095000, ymin=0.000000, xmax=2.097500, ymax=0.000000
Error in <TCanvas::Range>: illegal world coordinates range: x1=2.094375, y1=0.000000, x2=2.098281, y2=0.000000
Error in <TCanvas::RangeAxis>: illegal axis coordinates range: xmin=2.095000, ymin=0.000000, xmax=2.097500, ymax=0.000000
Error in <TDecompChol::Decompose()>: matrix not positive definite
Error in <TDecompChol::Solve()>: Decomposition failed
Error in <TLinearFitter::Eval>: Matrix inversion failed
Error in <TCanvas::Range>: illegal world coordinates range: x1=0.000000, y1=-0.160494, x2=0.000000, y2=1.074074
Error in <TCanvas::RangeAxis>: illegal axis coordinates range: xmin=0.000000, ymin=0.000000, xmax=0.000000, ymax=1.000000
Error in <TCanvas::Range>: illegal world coordinates range: x1=0.000000, y1=-0.160494, x2=0.000000, y2=1.074074
Error in <TCanvas::RangeAxis>: illegal axis coordinates range: xmin=0.000000, ymin=0.000000, xmax=0.000000, ymax=1.000000
libpng error: Write Error
Error in <TASImage::WriteImage>: error writing file /eos/home-s/spalluot/www/MTD/MTDTB_CERN_Sep23/ModuleCharacterization/HPK_nonIrr_LYSO528_Vov1.50_angle52_first_T5C//totRatioCorr/c_deltaT_vs_totRatio__bar12L-R_Vov1.50_th25_energyBin01.png
Error in <TCanvas::Range>: illegal world coordinates range: x1=0.000000, y1=-0.160494, x2=0.000000, y2=1.074074
Error in <TCanvas::RangeAxis>: illegal axis coordinates range: xmin=0.000000, ymin=0.000000, xmax=0.000000, ymax=1.000000
Error in <TCanvas::Range>: illegal world coordinates range: x1=0.000000, y1=-0.160494, x2=0.000000, y2=1.074074
Error in <TCanvas::RangeAxis>: illegal axis coordinates range: xmin=0.000000, ymin=0.000000, xmax=0.000000, ymax=1.000000
Error in <TDecompChol::Decompose()>: matrix not positive definite
Error in <TDecompChol::Solve()>: Decomposition failed
Error in <TLinearFitter::Eval>: Matrix inversion failed
