000 (14808124.038.000) 05/19 04:24:07 Job submitted from host: <188.184.90.241:9618?addrs=188.184.90.241-9618+[2001-1458-201-e4--100-2eb]-9618&alias=bigbird15.cern.ch&noUDP&sock=schedd_3273_9590>
...
040 (14808124.038.000) 05/19 04:35:53 Started transferring input files
	Transferring to host: <128.142.193.166:9618?addrs=128.142.193.166-9618+[2001-1458-301-8--100-22]-9618&alias=b7g21p1681.cern.ch&noUDP&sock=slot1_5_13950_c970_43589>
...
040 (14808124.038.000) 05/19 04:35:53 Finished transferring input files
...
001 (14808124.038.000) 05/19 04:35:54 Job executing on host: <128.142.193.166:9618?addrs=128.142.193.166-9618+[2001-1458-301-8--100-22]-9618&alias=b7g21p1681.cern.ch&noUDP&sock=startd_2785_db59>
...
006 (14808124.038.000) 05/19 04:36:03 Image size of job updated: 47776
	47  -  MemoryUsage of job (MB)
	47672  -  ResidentSetSize of job (KB)
...
006 (14808124.038.000) 05/19 04:40:56 Image size of job updated: 4094284
	47  -  MemoryUsage of job (MB)
	47672  -  ResidentSetSize of job (KB)
...
040 (14808124.038.000) 05/19 04:40:56 Started transferring output files
...
040 (14808124.038.000) 05/19 04:40:56 Finished transferring output files
...
005 (14808124.038.000) 05/19 04:40:56 Job terminated.
	(1) Normal termination (return value 0)
		Usr 0 00:03:32, Sys 0 00:00:16  -  Run Remote Usage
		Usr 0 00:00:00, Sys 0 00:00:00  -  Run Local Usage
		Usr 0 00:03:32, Sys 0 00:00:16  -  Total Remote Usage
		Usr 0 00:00:00, Sys 0 00:00:00  -  Total Local Usage
	248317  -  Run Bytes Sent By Job
	269  -  Run Bytes Received By Job
	248317  -  Total Bytes Sent By Job
	269  -  Total Bytes Received By Job
	Partitionable Resources :    Usage  Request Allocated 
	   Cpus                 :                 1         1 
	   Disk (KB)            :      256        1   1390685 
	   Memory (MB)          :       47     2000      2000 

	Job terminated of its own accord at 2023-05-19T02:40:56Z.
...
