000 (15151337.012.000) 10/02 16:23:27 Job submitted from host: <188.184.90.241:9618?addrs=188.184.90.241-9618+[2001-1458-201-e4--100-2eb]-9618&alias=bigbird15.cern.ch&noUDP&sock=schedd_2763_c443>
...
040 (15151337.012.000) 10/02 16:27:07 Started transferring input files
	Transferring to host: <188.184.163.12:9618?addrs=188.184.163.12-9618+[2001-1458-301-4d--100-6]-9618&alias=b7s12p5173.cern.ch&noUDP&sock=slot1_22_44822_e758_17409>
...
040 (15151337.012.000) 10/02 16:27:07 Finished transferring input files
...
001 (15151337.012.000) 10/02 16:27:08 Job executing on host: <188.184.163.12:9618?addrs=188.184.163.12-9618+[2001-1458-301-4d--100-6]-9618&alias=b7s12p5173.cern.ch&noUDP&sock=startd_44605_e5fc>
...
006 (15151337.012.000) 10/02 16:27:17 Image size of job updated: 120284
	59  -  MemoryUsage of job (MB)
	60116  -  ResidentSetSize of job (KB)
...
006 (15151337.012.000) 10/02 16:32:18 Image size of job updated: 853100
	59  -  MemoryUsage of job (MB)
	60344  -  ResidentSetSize of job (KB)
...
006 (15151337.012.000) 10/02 16:37:19 Image size of job updated: 3410452
	107  -  MemoryUsage of job (MB)
	109440  -  ResidentSetSize of job (KB)
...
006 (15151337.012.000) 10/02 16:42:19 Image size of job updated: 3410456
	107  -  MemoryUsage of job (MB)
	109440  -  ResidentSetSize of job (KB)
...
006 (15151337.012.000) 10/02 16:47:19 Image size of job updated: 3451276
	148  -  MemoryUsage of job (MB)
	151160  -  ResidentSetSize of job (KB)
...
006 (15151337.012.000) 10/02 16:52:20 Image size of job updated: 3645872
	338  -  MemoryUsage of job (MB)
	345336  -  ResidentSetSize of job (KB)
...
006 (15151337.012.000) 10/02 16:57:21 Image size of job updated: 3696612
	388  -  MemoryUsage of job (MB)
	396772  -  ResidentSetSize of job (KB)
...
006 (15151337.012.000) 10/02 17:02:21 Image size of job updated: 3716968
	408  -  MemoryUsage of job (MB)
	416896  -  ResidentSetSize of job (KB)
...
006 (15151337.012.000) 10/02 17:03:14 Image size of job updated: 3717972
	408  -  MemoryUsage of job (MB)
	416896  -  ResidentSetSize of job (KB)
...
040 (15151337.012.000) 10/02 17:03:14 Started transferring output files
...
040 (15151337.012.000) 10/02 17:03:14 Finished transferring output files
...
005 (15151337.012.000) 10/02 17:03:14 Job terminated.
	(1) Normal termination (return value 0)
		Usr 0 00:05:32, Sys 0 00:00:09  -  Run Remote Usage
		Usr 0 00:00:00, Sys 0 00:00:00  -  Run Local Usage
		Usr 0 00:05:32, Sys 0 00:00:09  -  Total Remote Usage
		Usr 0 00:00:00, Sys 0 00:00:00  -  Total Local Usage
	66372  -  Run Bytes Sent By Job
	323  -  Run Bytes Received By Job
	66372  -  Total Bytes Sent By Job
	323  -  Total Bytes Received By Job
	Partitionable Resources :    Usage  Request Allocated 
	   Cpus                 :     0.09        1         1 
	   Disk (KB)            :    86           1   3059379 
	   Memory (MB)          :   408        2000      2000 

	Job terminated of its own accord at 2023-10-02T15:03:14Z.
...
