000 (15159766.067.000) 10/09 11:47:56 Job submitted from host: <188.184.90.241:9618?addrs=188.184.90.241-9618+[2001-1458-201-e4--100-2eb]-9618&alias=bigbird15.cern.ch&noUDP&sock=schedd_2763_c443>
...
040 (15159766.067.000) 10/09 14:24:38 Started transferring input files
	Transferring to host: <128.142.59.54:9618?addrs=128.142.59.54-9618+[2001-1458-301-21--100-35]-9618&alias=b7s04p3521.cern.ch&noUDP&sock=slot1_15_3704_8d90_113560>
...
040 (15159766.067.000) 10/09 14:24:38 Finished transferring input files
...
001 (15159766.067.000) 10/09 14:24:39 Job executing on host: <128.142.59.54:9618?addrs=128.142.59.54-9618+[2001-1458-301-21--100-35]-9618&alias=b7s04p3521.cern.ch&noUDP&sock=startd_3666_2649>
...
006 (15159766.067.000) 10/09 14:24:47 Image size of job updated: 910180
	121  -  MemoryUsage of job (MB)
	123520  -  ResidentSetSize of job (KB)
...
006 (15159766.067.000) 10/09 14:28:14 Image size of job updated: 923252
	121  -  MemoryUsage of job (MB)
	123520  -  ResidentSetSize of job (KB)
...
040 (15159766.067.000) 10/09 14:28:14 Started transferring output files
...
040 (15159766.067.000) 10/09 14:28:14 Finished transferring output files
...
005 (15159766.067.000) 10/09 14:28:14 Job terminated.
	(1) Normal termination (return value 0)
		Usr 0 00:00:12, Sys 0 00:00:00  -  Run Remote Usage
		Usr 0 00:00:00, Sys 0 00:00:00  -  Run Local Usage
		Usr 0 00:00:12, Sys 0 00:00:00  -  Total Remote Usage
		Usr 0 00:00:00, Sys 0 00:00:00  -  Total Local Usage
	10652  -  Run Bytes Sent By Job
	374  -  Run Bytes Received By Job
	10652  -  Total Bytes Sent By Job
	374  -  Total Bytes Received By Job
	Partitionable Resources :    Usage  Request Allocated 
	   Cpus                 :                 1         1 
	   Disk (KB)            :       24        1   1146159 
	   Memory (MB)          :      121     2000      2000 

	Job terminated of its own accord at 2023-10-09T12:28:14Z.
...
