000 (15159743.062.000) 10/09 07:56:33 Job submitted from host: <188.184.90.241:9618?addrs=188.184.90.241-9618+[2001-1458-201-e4--100-2eb]-9618&alias=bigbird15.cern.ch&noUDP&sock=schedd_2763_c443>
...
040 (15159743.062.000) 10/09 08:10:06 Started transferring input files
	Transferring to host: <128.142.137.174:9618?addrs=128.142.137.174-9618+[2001-1458-301-5e--100-a2]-9618&alias=b7g19p2595.cern.ch&noUDP&sock=slot1_32_3607_352c_106744>
...
040 (15159743.062.000) 10/09 08:10:06 Finished transferring input files
...
001 (15159743.062.000) 10/09 08:10:07 Job executing on host: <128.142.137.174:9618?addrs=128.142.137.174-9618+[2001-1458-301-5e--100-a2]-9618&alias=b7g19p2595.cern.ch&noUDP&sock=startd_3030_e80d>
...
006 (15159743.062.000) 10/09 08:10:16 Image size of job updated: 53020
	50  -  MemoryUsage of job (MB)
	50960  -  ResidentSetSize of job (KB)
...
006 (15159743.062.000) 10/09 08:15:17 Image size of job updated: 2125668
	1459  -  MemoryUsage of job (MB)
	1493544  -  ResidentSetSize of job (KB)
...
040 (15159743.062.000) 10/09 08:15:36 Started transferring output files
...
040 (15159743.062.000) 10/09 08:15:36 Finished transferring output files
...
005 (15159743.062.000) 10/09 08:15:36 Job terminated.
	(1) Normal termination (return value 0)
		Usr 0 00:03:04, Sys 0 00:00:04  -  Run Remote Usage
		Usr 0 00:00:00, Sys 0 00:00:00  -  Run Local Usage
		Usr 0 00:03:04, Sys 0 00:00:04  -  Total Remote Usage
		Usr 0 00:00:00, Sys 0 00:00:00  -  Total Local Usage
	79315  -  Run Bytes Sent By Job
	269  -  Run Bytes Received By Job
	79315  -  Total Bytes Sent By Job
	269  -  Total Bytes Received By Job
	Partitionable Resources :    Usage  Request Allocated 
	   Cpus                 :                 1         1 
	   Disk (KB)            :       91        1   1677186 
	   Memory (MB)          :     1459     2000      2000 

	Job terminated of its own accord at 2023-10-09T06:15:35Z.
...
