000 (15159766.158.000) 10/09 11:47:57 Job submitted from host: <188.184.90.241:9618?addrs=188.184.90.241-9618+[2001-1458-201-e4--100-2eb]-9618&alias=bigbird15.cern.ch&noUDP&sock=schedd_2763_c443>
...
040 (15159766.158.000) 10/09 14:25:10 Started transferring input files
	Transferring to host: <128.142.132.184:9618?addrs=128.142.132.184-9618+[2001-1458-301-5a--100-ac]-9618&alias=b7g12p7295.cern.ch&noUDP&sock=slot1_30_3819_94b4_204680>
...
040 (15159766.158.000) 10/09 14:25:10 Finished transferring input files
...
001 (15159766.158.000) 10/09 14:25:11 Job executing on host: <128.142.132.184:9618?addrs=128.142.132.184-9618+[2001-1458-301-5a--100-ac]-9618&alias=b7g12p7295.cern.ch&noUDP&sock=startd_3178_6c11>
...
006 (15159766.158.000) 10/09 14:25:19 Image size of job updated: 123836
	121  -  MemoryUsage of job (MB)
	123836  -  ResidentSetSize of job (KB)
...
006 (15159766.158.000) 10/09 14:28:25 Image size of job updated: 922460
	121  -  MemoryUsage of job (MB)
	123836  -  ResidentSetSize of job (KB)
...
040 (15159766.158.000) 10/09 14:28:25 Started transferring output files
...
040 (15159766.158.000) 10/09 14:28:25 Finished transferring output files
...
005 (15159766.158.000) 10/09 14:28:25 Job terminated.
	(1) Normal termination (return value 0)
		Usr 0 00:00:13, Sys 0 00:00:01  -  Run Remote Usage
		Usr 0 00:00:00, Sys 0 00:00:00  -  Run Local Usage
		Usr 0 00:00:13, Sys 0 00:00:01  -  Total Remote Usage
		Usr 0 00:00:00, Sys 0 00:00:00  -  Total Local Usage
	8077  -  Run Bytes Sent By Job
	374  -  Run Bytes Received By Job
	8077  -  Total Bytes Sent By Job
	374  -  Total Bytes Received By Job
	Partitionable Resources :    Usage  Request Allocated 
	   Cpus                 :     0.23        1         1 
	   Disk (KB)            :    29           1   1646322 
	   Memory (MB)          :   121        2000      2000 

	Job terminated of its own accord at 2023-10-09T12:28:25Z.
...
