000 (14759904.003.000) 03/28 14:31:39 Job submitted from host: <188.184.90.241:9618?addrs=188.184.90.241-9618+[2001-1458-201-e4--100-2eb]-9618&alias=bigbird15.cern.ch&noUDP&sock=schedd_3631588_e24a>
...
040 (14759904.003.000) 03/28 15:45:23 Entered queue to transfer input files
	Transferring to host: <128.142.131.51:9618?addrs=128.142.131.51-9618+[2001-1458-301-59--100-27]-9618&alias=b7g11p6187.cern.ch&noUDP&sock=slot1_9_3767_f132_1093>
...
040 (14759904.003.000) 03/28 16:02:02 Started transferring input files
	Seconds spent in queue: 999
...
040 (14759904.003.000) 03/28 16:02:02 Finished transferring input files
...
001 (14759904.003.000) 03/28 16:02:03 Job executing on host: <128.142.131.51:9618?addrs=128.142.131.51-9618+[2001-1458-301-59--100-27]-9618&alias=b7g11p6187.cern.ch&noUDP&sock=startd_3190_a734>
...
006 (14759904.003.000) 03/28 16:02:11 Image size of job updated: 554228
	47  -  MemoryUsage of job (MB)
	47780  -  ResidentSetSize of job (KB)
...
006 (14759904.003.000) 03/28 16:06:04 Image size of job updated: 3805088
	47  -  MemoryUsage of job (MB)
	47780  -  ResidentSetSize of job (KB)
...
040 (14759904.003.000) 03/28 16:06:04 Started transferring output files
	Seconds spent in queue: 1241
...
040 (14759904.003.000) 03/28 16:06:04 Finished transferring output files
...
005 (14759904.003.000) 03/28 16:06:04 Job terminated.
	(1) Normal termination (return value 0)
		Usr 0 00:02:00, Sys 0 00:00:05  -  Run Remote Usage
		Usr 0 00:00:00, Sys 0 00:00:00  -  Run Local Usage
		Usr 0 00:02:00, Sys 0 00:00:05  -  Total Remote Usage
		Usr 0 00:00:00, Sys 0 00:00:00  -  Total Local Usage
	187677  -  Run Bytes Sent By Job
	269  -  Run Bytes Received By Job
	187677  -  Total Bytes Sent By Job
	269  -  Total Bytes Received By Job
	Partitionable Resources :    Usage  Request Allocated 
	   Cpus                 :        0        1         1 
	   Disk (KB)            :      204        1   1694835 
	   Memory (MB)          :       47     2000      2000 

	Job terminated of its own accord at 2023-03-28T14:06:04Z.
...
