000 (15271413.022.000) 12/18 14:02:22 Job submitted from host: <188.184.90.241:9618?addrs=188.184.90.241-9618+[2001-1458-201-e4--100-2eb]-9618&alias=bigbird15.cern.ch&noUDP&sock=schedd_2763_c443>
...
040 (15271413.022.000) 12/18 14:05:56 Started transferring input files
	Transferring to host: <188.184.160.29:9618?addrs=188.184.160.29-9618+[2001-1458-301-48--100-17]-9618&alias=b9s09p2363.cern.ch&noUDP&sock=slot1_4_141505_d2d3_17497>
...
040 (15271413.022.000) 12/18 14:05:56 Finished transferring input files
...
001 (15271413.022.000) 12/18 14:05:57 Job executing on host: <188.184.160.29:9618?addrs=188.184.160.29-9618+[2001-1458-301-48--100-17]-9618&alias=b9s09p2363.cern.ch&noUDP&sock=startd_130003_d2c3>
...
006 (15271413.022.000) 12/18 14:06:05 Image size of job updated: 486144
	452  -  MemoryUsage of job (MB)
	462244  -  ResidentSetSize of job (KB)
...
006 (15271413.022.000) 12/18 14:11:05 Image size of job updated: 820232
	800  -  MemoryUsage of job (MB)
	818460  -  ResidentSetSize of job (KB)
...
006 (15271413.022.000) 12/18 14:16:06 Image size of job updated: 1077484
	1052  -  MemoryUsage of job (MB)
	1076232  -  ResidentSetSize of job (KB)
...
006 (15271413.022.000) 12/18 14:21:06 Image size of job updated: 3724120
	3637  -  MemoryUsage of job (MB)
	3724120  -  ResidentSetSize of job (KB)
...
006 (15271413.022.000) 12/18 14:22:07 Image size of job updated: 3736760
	3637  -  MemoryUsage of job (MB)
	3724120  -  ResidentSetSize of job (KB)
...
040 (15271413.022.000) 12/18 14:22:07 Started transferring output files
...
040 (15271413.022.000) 12/18 14:22:07 Finished transferring output files
...
005 (15271413.022.000) 12/18 14:22:07 Job terminated.
	(1) Normal termination (return value 0)
		Usr 0 00:13:20, Sys 0 00:00:09  -  Run Remote Usage
		Usr 0 00:00:00, Sys 0 00:00:00  -  Run Local Usage
		Usr 0 00:13:20, Sys 0 00:00:09  -  Total Remote Usage
		Usr 0 00:00:00, Sys 0 00:00:00  -  Total Local Usage
	203091  -  Run Bytes Sent By Job
	269  -  Run Bytes Received By Job
	203091  -  Total Bytes Sent By Job
	269  -  Total Bytes Received By Job
	Partitionable Resources :    Usage  Request Allocated 
	   Cpus                 :     0.97        1         1 
	   Disk (KB)            :   242           1   3062965 
	   Memory (MB)          :  3637        2000      2000 

	Job terminated of its own accord at 2023-12-18T13:22:07Z.
...
