000 (14832095.187.000) 06/12 15:17:58 Job submitted from host: <188.184.90.241:9618?addrs=188.184.90.241-9618+[2001-1458-201-e4--100-2eb]-9618&alias=bigbird15.cern.ch&noUDP&sock=schedd_1460210_2ef4>
...
040 (14832095.187.000) 06/12 15:20:42 Started transferring input files
	Transferring to host: <128.142.137.48:9618?addrs=128.142.137.48-9618+[2001-1458-301-5e--100-24]-9618&alias=b7g19p6458.cern.ch&noUDP&sock=slot1_15_4397_d58c_57244>
...
040 (14832095.187.000) 06/12 15:20:42 Finished transferring input files
...
001 (14832095.187.000) 06/12 15:20:43 Job executing on host: <128.142.137.48:9618?addrs=128.142.137.48-9618+[2001-1458-301-5e--100-24]-9618&alias=b7g19p6458.cern.ch&noUDP&sock=startd_3127_70bc>
...
006 (14832095.187.000) 06/12 15:20:52 Image size of job updated: 554368
	47  -  MemoryUsage of job (MB)
	48024  -  ResidentSetSize of job (KB)
...
006 (14832095.187.000) 06/12 15:25:52 Image size of job updated: 1778724
	1284  -  MemoryUsage of job (MB)
	1314428  -  ResidentSetSize of job (KB)
...
006 (14832095.187.000) 06/12 15:30:52 Image size of job updated: 3046404
	2507  -  MemoryUsage of job (MB)
	2567100  -  ResidentSetSize of job (KB)
...
006 (14832095.187.000) 06/12 15:35:54 Image size of job updated: 4226296
	3646  -  MemoryUsage of job (MB)
	3733152  -  ResidentSetSize of job (KB)
...
006 (14832095.187.000) 06/12 15:40:54 Image size of job updated: 5378260
	4546  -  MemoryUsage of job (MB)
	4654636  -  ResidentSetSize of job (KB)
...
006 (14832095.187.000) 06/12 15:45:54 Image size of job updated: 6357076
	4546  -  MemoryUsage of job (MB)
	4654668  -  ResidentSetSize of job (KB)
...
006 (14832095.187.000) 06/12 15:50:55 Image size of job updated: 6638100
	4546  -  MemoryUsage of job (MB)
	4654668  -  ResidentSetSize of job (KB)
...
040 (14832095.187.000) 06/12 16:41:44 Started transferring output files
...
040 (14832095.187.000) 06/12 16:41:44 Finished transferring output files
...
005 (14832095.187.000) 06/12 16:41:44 Job terminated.
	(1) Normal termination (return value 0)
		Usr 0 00:41:20, Sys 0 00:07:04  -  Run Remote Usage
		Usr 0 00:00:00, Sys 0 00:00:00  -  Run Local Usage
		Usr 0 00:41:20, Sys 0 00:07:04  -  Total Remote Usage
		Usr 0 00:00:00, Sys 0 00:00:00  -  Total Local Usage
	326449  -  Run Bytes Sent By Job
	323  -  Run Bytes Received By Job
	326449  -  Total Bytes Sent By Job
	323  -  Total Bytes Received By Job
	Partitionable Resources :    Usage  Request Allocated 
	   Cpus                 :     0.13        1         1 
	   Disk (KB)            :   340           1   1663352 
	   Memory (MB)          :  4546        2000      2000 

	Job terminated of its own accord at 2023-06-12T14:41:44Z.
...
