000 (14861550.006.000) 06/22 22:11:47 Job submitted from host: <188.184.90.241:9618?addrs=188.184.90.241-9618+[2001-1458-201-e4--100-2eb]-9618&alias=bigbird15.cern.ch&noUDP&sock=schedd_1460210_2ef4>
...
040 (14861550.006.000) 06/22 22:23:54 Started transferring input files
	Transferring to host: <128.142.192.196:9618?addrs=128.142.192.196-9618+[2001-1458-301-56--100-40]-9618&alias=b7g18p8281.cern.ch&noUDP&sock=slot1_8_4009_73fc_4477>
...
040 (14861550.006.000) 06/22 22:23:54 Finished transferring input files
...
001 (14861550.006.000) 06/22 22:23:55 Job executing on host: <128.142.192.196:9618?addrs=128.142.192.196-9618+[2001-1458-301-56--100-40]-9618&alias=b7g18p8281.cern.ch&noUDP&sock=startd_3922_be87>
...
006 (14861550.006.000) 06/22 22:24:04 Image size of job updated: 48876
	48  -  MemoryUsage of job (MB)
	48232  -  ResidentSetSize of job (KB)
...
006 (14861550.006.000) 06/22 22:29:05 Image size of job updated: 2562296
	2083  -  MemoryUsage of job (MB)
	2132592  -  ResidentSetSize of job (KB)
...
006 (14861550.006.000) 06/22 22:34:06 Image size of job updated: 4122912
	3557  -  MemoryUsage of job (MB)
	3641972  -  ResidentSetSize of job (KB)
...
006 (14861550.006.000) 06/22 22:39:06 Image size of job updated: 5424324
	4840  -  MemoryUsage of job (MB)
	4955620  -  ResidentSetSize of job (KB)
...
006 (14861550.006.000) 06/22 22:44:06 Image size of job updated: 6954124
	6340  -  MemoryUsage of job (MB)
	6491536  -  ResidentSetSize of job (KB)
...
006 (14861550.006.000) 06/22 22:49:07 Image size of job updated: 7466684
	6527  -  MemoryUsage of job (MB)
	6682632  -  ResidentSetSize of job (KB)
...
006 (14861550.006.000) 06/22 22:54:08 Image size of job updated: 7466684
	6551  -  MemoryUsage of job (MB)
	6707500  -  ResidentSetSize of job (KB)
...
040 (14861550.006.000) 06/22 23:12:25 Started transferring output files
...
040 (14861550.006.000) 06/22 23:12:25 Finished transferring output files
...
005 (14861550.006.000) 06/22 23:12:25 Job terminated.
	(1) Normal termination (return value 0)
		Usr 0 00:29:17, Sys 0 00:07:52  -  Run Remote Usage
		Usr 0 00:00:00, Sys 0 00:00:00  -  Run Local Usage
		Usr 0 00:29:17, Sys 0 00:07:52  -  Total Remote Usage
		Usr 0 00:00:00, Sys 0 00:00:00  -  Total Local Usage
	358151  -  Run Bytes Sent By Job
	323  -  Run Bytes Received By Job
	358151  -  Total Bytes Sent By Job
	323  -  Total Bytes Received By Job
	Partitionable Resources :    Usage  Request Allocated 
	   Cpus                 :     0.21        1         1 
	   Disk (KB)            :   371           1   3023155 
	   Memory (MB)          :  6551        2000      2000 

	Job terminated of its own accord at 2023-06-22T21:12:25Z.
...
