000 (15155243.041.000) 10/07 13:26:29 Job submitted from host: <188.184.90.241:9618?addrs=188.184.90.241-9618+[2001-1458-201-e4--100-2eb]-9618&alias=bigbird15.cern.ch&noUDP&sock=schedd_2763_c443>
...
040 (15155243.041.000) 10/07 13:31:59 Started transferring input files
	Transferring to host: <128.142.137.188:9618?addrs=128.142.137.188-9618+[2001-1458-301-5e--100-b0]-9618&alias=b7g19p0738.cern.ch&noUDP&sock=slot1_5_3487_a827_191552>
...
040 (15155243.041.000) 10/07 13:31:59 Finished transferring input files
...
001 (15155243.041.000) 10/07 13:32:00 Job executing on host: <128.142.137.188:9618?addrs=128.142.137.188-9618+[2001-1458-301-5e--100-b0]-9618&alias=b7g19p0738.cern.ch&noUDP&sock=startd_2768_323d>
...
006 (15155243.041.000) 10/07 13:32:09 Image size of job updated: 565368
	51  -  MemoryUsage of job (MB)
	51520  -  ResidentSetSize of job (KB)
...
006 (15155243.041.000) 10/07 13:37:09 Image size of job updated: 1156748
	483  -  MemoryUsage of job (MB)
	493956  -  ResidentSetSize of job (KB)
...
006 (15155243.041.000) 10/07 13:42:09 Image size of job updated: 3549432
	483  -  MemoryUsage of job (MB)
	493956  -  ResidentSetSize of job (KB)
...
006 (15155243.041.000) 10/07 13:47:10 Image size of job updated: 3842804
	483  -  MemoryUsage of job (MB)
	493956  -  ResidentSetSize of job (KB)
...
006 (15155243.041.000) 10/07 13:50:45 Image size of job updated: 3862936
	483  -  MemoryUsage of job (MB)
	493956  -  ResidentSetSize of job (KB)
...
040 (15155243.041.000) 10/07 13:50:45 Started transferring output files
...
040 (15155243.041.000) 10/07 13:50:45 Finished transferring output files
...
005 (15155243.041.000) 10/07 13:50:45 Job terminated.
	(1) Normal termination (return value 0)
		Usr 0 00:07:54, Sys 0 00:00:18  -  Run Remote Usage
		Usr 0 00:00:00, Sys 0 00:00:00  -  Run Local Usage
		Usr 0 00:07:54, Sys 0 00:00:18  -  Total Remote Usage
		Usr 0 00:00:00, Sys 0 00:00:00  -  Total Local Usage
	77143  -  Run Bytes Sent By Job
	323  -  Run Bytes Received By Job
	77143  -  Total Bytes Sent By Job
	323  -  Total Bytes Received By Job
	Partitionable Resources :    Usage  Request Allocated 
	   Cpus                 :     0.78        1         1 
	   Disk (KB)            :    97           1   1570356 
	   Memory (MB)          :   483        2000      2000 

	Job terminated of its own accord at 2023-10-07T11:50:45Z.
...
