000 (15151321.143.000) 10/02 14:58:31 Job submitted from host: <188.184.90.241:9618?addrs=188.184.90.241-9618+[2001-1458-201-e4--100-2eb]-9618&alias=bigbird15.cern.ch&noUDP&sock=schedd_2763_c443>
...
040 (15151321.143.000) 10/02 15:18:05 Started transferring input files
	Transferring to host: <128.142.248.50:9618?addrs=128.142.248.50-9618+[2001-1458-301-73--100-122]-9618&alias=b7g23p4729.cern.ch&noUDP&sock=slot1_31_3763_1fb2_8242>
...
040 (15151321.143.000) 10/02 15:18:05 Finished transferring input files
...
001 (15151321.143.000) 10/02 15:18:06 Job executing on host: <128.142.248.50:9618?addrs=128.142.248.50-9618+[2001-1458-301-73--100-122]-9618&alias=b7g23p4729.cern.ch&noUDP&sock=startd_2946_4a18>
...
006 (15151321.143.000) 10/02 15:18:15 Image size of job updated: 122340
	120  -  MemoryUsage of job (MB)
	122340  -  ResidentSetSize of job (KB)
...
006 (15151321.143.000) 10/02 15:19:37 Image size of job updated: 919788
	120  -  MemoryUsage of job (MB)
	122340  -  ResidentSetSize of job (KB)
...
040 (15151321.143.000) 10/02 15:19:37 Started transferring output files
...
040 (15151321.143.000) 10/02 15:19:37 Finished transferring output files
...
005 (15151321.143.000) 10/02 15:19:37 Job terminated.
	(1) Normal termination (return value 0)
		Usr 0 00:00:12, Sys 0 00:00:01  -  Run Remote Usage
		Usr 0 00:00:00, Sys 0 00:00:00  -  Run Local Usage
		Usr 0 00:00:12, Sys 0 00:00:01  -  Total Remote Usage
		Usr 0 00:00:00, Sys 0 00:00:00  -  Total Local Usage
	7887  -  Run Bytes Sent By Job
	374  -  Run Bytes Received By Job
	7887  -  Total Bytes Sent By Job
	374  -  Total Bytes Received By Job
	Partitionable Resources :    Usage  Request Allocated 
	   Cpus                 :                 1         1 
	   Disk (KB)            :       22        1   2992427 
	   Memory (MB)          :      120     2000      2000 

	Job terminated of its own accord at 2023-10-02T13:19:37Z.
...
