000 (15159743.052.000) 10/09 07:56:33 Job submitted from host: <188.184.90.241:9618?addrs=188.184.90.241-9618+[2001-1458-201-e4--100-2eb]-9618&alias=bigbird15.cern.ch&noUDP&sock=schedd_2763_c443>
...
040 (15159743.052.000) 10/09 08:09:53 Started transferring input files
	Transferring to host: <128.142.132.109:9618?addrs=128.142.132.109-9618+[2001-1458-301-5a--100-61]-9618&alias=b7g12p4952.cern.ch&noUDP&sock=slot1_15_5681_8740_198860>
...
040 (15159743.052.000) 10/09 08:09:53 Finished transferring input files
...
001 (15159743.052.000) 10/09 08:09:54 Job executing on host: <128.142.132.109:9618?addrs=128.142.132.109-9618+[2001-1458-301-5a--100-61]-9618&alias=b7g12p4952.cern.ch&noUDP&sock=startd_4873_0d18>
...
006 (15159743.052.000) 10/09 08:10:02 Image size of job updated: 127708
	0  -  MemoryUsage of job (MB)
	0  -  ResidentSetSize of job (KB)
...
040 (15159743.052.000) 10/09 08:10:02 Started transferring output files
...
040 (15159743.052.000) 10/09 08:10:02 Finished transferring output files
...
005 (15159743.052.000) 10/09 08:10:02 Job terminated.
	(1) Normal termination (return value 0)
		Usr 0 00:00:02, Sys 0 00:00:00  -  Run Remote Usage
		Usr 0 00:00:00, Sys 0 00:00:00  -  Run Local Usage
		Usr 0 00:00:02, Sys 0 00:00:00  -  Total Remote Usage
		Usr 0 00:00:00, Sys 0 00:00:00  -  Total Local Usage
	12974  -  Run Bytes Sent By Job
	269  -  Run Bytes Received By Job
	12974  -  Total Bytes Sent By Job
	269  -  Total Bytes Received By Job
	Partitionable Resources :    Usage  Request Allocated 
	   Cpus                 :                 1         1 
	   Disk (KB)            :       27        1   1691070 
	   Memory (MB)          :        0     2000      2000 

	Job terminated of its own accord at 2023-10-09T06:10:02Z.
...
