000 (15153697.000.000) 10/03 22:34:13 Job submitted from host: <188.184.90.241:9618?addrs=188.184.90.241-9618+[2001-1458-201-e4--100-2eb]-9618&alias=bigbird15.cern.ch&noUDP&sock=schedd_2763_c443>
...
040 (15153697.000.000) 10/03 22:35:51 Started transferring input files
	Transferring to host: <128.142.61.88:9618?addrs=128.142.61.88-9618+[2001-1458-301-23--100-57]-9618&alias=b7s06p0526.cern.ch&noUDP&sock=slot1_27_4505_ee10_207415>
...
040 (15153697.000.000) 10/03 22:35:51 Finished transferring input files
...
001 (15153697.000.000) 10/03 22:35:52 Job executing on host: <128.142.61.88:9618?addrs=128.142.61.88-9618+[2001-1458-301-23--100-57]-9618&alias=b7s06p0526.cern.ch&noUDP&sock=startd_3176_0ce0>
...
006 (15153697.000.000) 10/03 22:36:00 Image size of job updated: 54212
	51  -  MemoryUsage of job (MB)
	51732  -  ResidentSetSize of job (KB)
...
006 (15153697.000.000) 10/03 22:41:00 Image size of job updated: 1028380
	531  -  MemoryUsage of job (MB)
	543376  -  ResidentSetSize of job (KB)
...
006 (15153697.000.000) 10/03 22:46:00 Image size of job updated: 1403660
	860  -  MemoryUsage of job (MB)
	879696  -  ResidentSetSize of job (KB)
...
006 (15153697.000.000) 10/03 22:51:01 Image size of job updated: 1781352
	1241  -  MemoryUsage of job (MB)
	1270744  -  ResidentSetSize of job (KB)
...
006 (15153697.000.000) 10/03 22:55:10 Image size of job updated: 4156756
	1241  -  MemoryUsage of job (MB)
	1270744  -  ResidentSetSize of job (KB)
...
040 (15153697.000.000) 10/03 22:55:10 Started transferring output files
...
040 (15153697.000.000) 10/03 22:55:10 Finished transferring output files
...
005 (15153697.000.000) 10/03 22:55:10 Job terminated.
	(1) Normal termination (return value 0)
		Usr 0 00:16:23, Sys 0 00:00:16  -  Run Remote Usage
		Usr 0 00:00:00, Sys 0 00:00:00  -  Run Local Usage
		Usr 0 00:16:23, Sys 0 00:00:16  -  Total Remote Usage
		Usr 0 00:00:00, Sys 0 00:00:00  -  Total Local Usage
	327627  -  Run Bytes Sent By Job
	269  -  Run Bytes Received By Job
	327627  -  Total Bytes Sent By Job
	269  -  Total Bytes Received By Job
	Partitionable Resources :    Usage  Request Allocated 
	   Cpus                 :     0.92        1         1 
	   Disk (KB)            :   342           1   1264854 
	   Memory (MB)          :  1241        2000      2000 

	Job terminated of its own accord at 2023-10-03T20:55:10Z.
...
