000 (15271413.025.000) 12/18 14:02:22 Job submitted from host: <188.184.90.241:9618?addrs=188.184.90.241-9618+[2001-1458-201-e4--100-2eb]-9618&alias=bigbird15.cern.ch&noUDP&sock=schedd_2763_c443>
...
040 (15271413.025.000) 12/18 14:05:57 Started transferring input files
	Transferring to host: <188.184.162.22:9618?addrs=188.184.162.22-9618+[2001-1458-301-4a--100-10]-9618&alias=b9s11p3978.cern.ch&noUDP&sock=slot1_4_125263_dd7f_31445>
...
040 (15271413.025.000) 12/18 14:05:57 Finished transferring input files
...
001 (15271413.025.000) 12/18 14:05:58 Job executing on host: <188.184.162.22:9618?addrs=188.184.162.22-9618+[2001-1458-301-4a--100-10]-9618&alias=b9s11p3978.cern.ch&noUDP&sock=startd_114054_22c8>
...
006 (15271413.025.000) 12/18 14:06:07 Image size of job updated: 88684
	87  -  MemoryUsage of job (MB)
	88684  -  ResidentSetSize of job (KB)
...
006 (15271413.025.000) 12/18 14:11:08 Image size of job updated: 384680
	376  -  MemoryUsage of job (MB)
	384680  -  ResidentSetSize of job (KB)
...
006 (15271413.025.000) 12/18 14:16:09 Image size of job updated: 625488
	611  -  MemoryUsage of job (MB)
	625488  -  ResidentSetSize of job (KB)
...
006 (15271413.025.000) 12/18 14:21:09 Image size of job updated: 3425592
	3346  -  MemoryUsage of job (MB)
	3425592  -  ResidentSetSize of job (KB)
...
040 (15271413.025.000) 12/18 14:23:27 Started transferring output files
...
040 (15271413.025.000) 12/18 14:23:27 Finished transferring output files
...
005 (15271413.025.000) 12/18 14:23:27 Job terminated.
	(1) Normal termination (return value 0)
		Usr 0 00:13:36, Sys 0 00:00:10  -  Run Remote Usage
		Usr 0 00:00:00, Sys 0 00:00:00  -  Run Local Usage
		Usr 0 00:13:36, Sys 0 00:00:10  -  Total Remote Usage
		Usr 0 00:00:00, Sys 0 00:00:00  -  Total Local Usage
	221852  -  Run Bytes Sent By Job
	269  -  Run Bytes Received By Job
	221852  -  Total Bytes Sent By Job
	269  -  Total Bytes Received By Job
	Partitionable Resources :    Usage  Request Allocated 
	   Cpus                 :     0.95        1         1 
	   Disk (KB)            :   261           1   2936517 
	   Memory (MB)          :  3346        2000      2000 

	Job terminated of its own accord at 2023-12-18T13:23:27Z.
...
