000 (15150655.114.000) 09/28 15:00:14 Job submitted from host: <188.184.90.241:9618?addrs=188.184.90.241-9618+[2001-1458-201-e4--100-2eb]-9618&alias=bigbird15.cern.ch&noUDP&sock=schedd_2763_c443>
...
040 (15150655.114.000) 09/28 15:03:19 Started transferring input files
	Transferring to host: <128.142.59.61:9618?addrs=128.142.59.61-9618+[2001-1458-301-21--100-3c]-9618&alias=b7s04p0984.cern.ch&noUDP&sock=slot1_37_3213_995c_182124>
...
040 (15150655.114.000) 09/28 15:03:19 Finished transferring input files
...
001 (15150655.114.000) 09/28 15:03:20 Job executing on host: <128.142.59.61:9618?addrs=128.142.59.61-9618+[2001-1458-301-21--100-3c]-9618&alias=b7s04p0984.cern.ch&noUDP&sock=startd_3027_d944>
...
006 (15150655.114.000) 09/28 15:03:29 Image size of job updated: 910216
	120  -  MemoryUsage of job (MB)
	122292  -  ResidentSetSize of job (KB)
...
006 (15150655.114.000) 09/28 15:05:30 Image size of job updated: 920700
	120  -  MemoryUsage of job (MB)
	122292  -  ResidentSetSize of job (KB)
...
040 (15150655.114.000) 09/28 15:05:31 Started transferring output files
...
040 (15150655.114.000) 09/28 15:05:31 Finished transferring output files
...
005 (15150655.114.000) 09/28 15:05:31 Job terminated.
	(1) Normal termination (return value 0)
		Usr 0 00:00:09, Sys 0 00:00:00  -  Run Remote Usage
		Usr 0 00:00:00, Sys 0 00:00:00  -  Run Local Usage
		Usr 0 00:00:09, Sys 0 00:00:00  -  Total Remote Usage
		Usr 0 00:00:00, Sys 0 00:00:00  -  Total Local Usage
	7873  -  Run Bytes Sent By Job
	374  -  Run Bytes Received By Job
	7873  -  Total Bytes Sent By Job
	374  -  Total Bytes Received By Job
	Partitionable Resources :    Usage  Request Allocated 
	   Cpus                 :                 1         1 
	   Disk (KB)            :       22        1   1234379 
	   Memory (MB)          :      120     2000      2000 

	Job terminated of its own accord at 2023-09-28T13:05:30Z.
...
