000 (15155243.014.000) 10/07 13:26:29 Job submitted from host: <188.184.90.241:9618?addrs=188.184.90.241-9618+[2001-1458-201-e4--100-2eb]-9618&alias=bigbird15.cern.ch&noUDP&sock=schedd_2763_c443>
...
040 (15155243.014.000) 10/07 13:31:48 Started transferring input files
	Transferring to host: <128.142.137.128:9618?addrs=128.142.137.128-9618+[2001-1458-301-5e--100-74]-9618&alias=b7g19p0899.cern.ch&noUDP&sock=slot1_19_4947_5be2_191994>
...
040 (15155243.014.000) 10/07 13:31:48 Finished transferring input files
...
001 (15155243.014.000) 10/07 13:31:49 Job executing on host: <128.142.137.128:9618?addrs=128.142.137.128-9618+[2001-1458-301-5e--100-74]-9618&alias=b7g19p0899.cern.ch&noUDP&sock=startd_4235_6fac>
...
006 (15155243.014.000) 10/07 13:31:57 Image size of job updated: 120204
	53  -  MemoryUsage of job (MB)
	54272  -  ResidentSetSize of job (KB)
...
006 (15155243.014.000) 10/07 13:36:57 Image size of job updated: 900676
	405  -  MemoryUsage of job (MB)
	414340  -  ResidentSetSize of job (KB)
...
006 (15155243.014.000) 10/07 13:41:58 Image size of job updated: 1226388
	723  -  MemoryUsage of job (MB)
	740052  -  ResidentSetSize of job (KB)
...
006 (15155243.014.000) 10/07 13:46:58 Image size of job updated: 1480604
	947  -  MemoryUsage of job (MB)
	969280  -  ResidentSetSize of job (KB)
...
006 (15155243.014.000) 10/07 13:51:58 Image size of job updated: 1555776
	972  -  MemoryUsage of job (MB)
	994584  -  ResidentSetSize of job (KB)
...
006 (15155243.014.000) 10/07 14:01:59 Image size of job updated: 4225000
	972  -  MemoryUsage of job (MB)
	994584  -  ResidentSetSize of job (KB)
...
006 (15155243.014.000) 10/07 14:06:59 Image size of job updated: 4480844
	972  -  MemoryUsage of job (MB)
	994584  -  ResidentSetSize of job (KB)
...
006 (15155243.014.000) 10/07 14:12:00 Image size of job updated: 4536612
	972  -  MemoryUsage of job (MB)
	994584  -  ResidentSetSize of job (KB)
...
006 (15155243.014.000) 10/07 14:16:01 Image size of job updated: 4556300
	972  -  MemoryUsage of job (MB)
	994584  -  ResidentSetSize of job (KB)
...
040 (15155243.014.000) 10/07 14:16:01 Started transferring output files
...
040 (15155243.014.000) 10/07 14:16:01 Finished transferring output files
...
005 (15155243.014.000) 10/07 14:16:01 Job terminated.
	(1) Normal termination (return value 0)
		Usr 0 00:28:40, Sys 0 00:00:41  -  Run Remote Usage
		Usr 0 00:00:00, Sys 0 00:00:00  -  Run Local Usage
		Usr 0 00:28:40, Sys 0 00:00:41  -  Total Remote Usage
		Usr 0 00:00:00, Sys 0 00:00:00  -  Total Local Usage
	103209  -  Run Bytes Sent By Job
	323  -  Run Bytes Received By Job
	103209  -  Total Bytes Sent By Job
	323  -  Total Bytes Received By Job
	Partitionable Resources :    Usage  Request Allocated 
	   Cpus                 :     0.21        1         1 
	   Disk (KB)            :   122           1   1557948 
	   Memory (MB)          :   972        2000      2000 

	Job terminated of its own accord at 2023-10-07T12:16:01Z.
...
