000 (15150655.156.000) 09/28 15:00:14 Job submitted from host: <188.184.90.241:9618?addrs=188.184.90.241-9618+[2001-1458-201-e4--100-2eb]-9618&alias=bigbird15.cern.ch&noUDP&sock=schedd_2763_c443>
...
040 (15150655.156.000) 09/28 15:03:33 Started transferring input files
	Transferring to host: <188.184.163.170:9618?addrs=188.184.163.170-9618&alias=b7s12p6642.cern.ch&noUDP&sock=slot1_26_4213_3084_134>
...
040 (15150655.156.000) 09/28 15:03:33 Finished transferring input files
...
001 (15150655.156.000) 09/28 15:03:34 Job executing on host: <188.184.163.170:9618?addrs=188.184.163.170-9618&alias=b7s12p6642.cern.ch&noUDP&sock=startd_4159_4e79>
...
006 (15150655.156.000) 09/28 15:03:43 Image size of job updated: 910840
	122  -  MemoryUsage of job (MB)
	124056  -  ResidentSetSize of job (KB)
...
006 (15150655.156.000) 09/28 15:06:52 Image size of job updated: 921748
	122  -  MemoryUsage of job (MB)
	124056  -  ResidentSetSize of job (KB)
...
040 (15150655.156.000) 09/28 15:06:52 Started transferring output files
...
040 (15150655.156.000) 09/28 15:06:52 Finished transferring output files
...
005 (15150655.156.000) 09/28 15:06:52 Job terminated.
	(1) Normal termination (return value 0)
		Usr 0 00:00:14, Sys 0 00:00:00  -  Run Remote Usage
		Usr 0 00:00:00, Sys 0 00:00:00  -  Run Local Usage
		Usr 0 00:00:14, Sys 0 00:00:00  -  Total Remote Usage
		Usr 0 00:00:00, Sys 0 00:00:00  -  Total Local Usage
	7893  -  Run Bytes Sent By Job
	374  -  Run Bytes Received By Job
	7893  -  Total Bytes Sent By Job
	374  -  Total Bytes Received By Job
	Partitionable Resources :    Usage  Request Allocated 
	   Cpus                 :                 1         1 
	   Disk (KB)            :       21        1   2984995 
	   Memory (MB)          :      122     2000      2000 

	Job terminated of its own accord at 2023-09-28T13:06:52Z.
...
