000 (14807221.001.000) 05/14 12:38:57 Job submitted from host: <188.184.90.241:9618?addrs=188.184.90.241-9618+[2001-1458-201-e4--100-2eb]-9618&alias=bigbird15.cern.ch&noUDP&sock=schedd_3273_9590>
...
040 (14807221.001.000) 05/14 12:50:01 Started transferring input files
	Transferring to host: <128.142.61.11:9618?addrs=128.142.61.11-9618+[2001-1458-301-23--100-a]-9618&alias=b7s06p7354.cern.ch&noUDP&sock=slot1_18_4124_7b21_57423>
...
040 (14807221.001.000) 05/14 12:50:01 Finished transferring input files
...
001 (14807221.001.000) 05/14 12:50:02 Job executing on host: <128.142.61.11:9618?addrs=128.142.61.11-9618+[2001-1458-301-23--100-a]-9618&alias=b7s06p7354.cern.ch&noUDP&sock=startd_2863_5bbc>
...
006 (14807221.001.000) 05/14 12:50:11 Image size of job updated: 554280
	167  -  MemoryUsage of job (MB)
	170388  -  ResidentSetSize of job (KB)
...
006 (14807221.001.000) 05/14 12:55:12 Image size of job updated: 3049096
	2539  -  MemoryUsage of job (MB)
	2599836  -  ResidentSetSize of job (KB)
...
006 (14807221.001.000) 05/14 13:00:12 Image size of job updated: 5128484
	4553  -  MemoryUsage of job (MB)
	4661720  -  ResidentSetSize of job (KB)
...
006 (14807221.001.000) 05/14 13:05:12 Image size of job updated: 6111128
	5350  -  MemoryUsage of job (MB)
	5478152  -  ResidentSetSize of job (KB)
...
040 (14807221.001.000) 05/14 13:17:39 Started transferring output files
...
040 (14807221.001.000) 05/14 13:17:39 Finished transferring output files
...
005 (14807221.001.000) 05/14 13:17:39 Job terminated.
	(1) Normal termination (return value 0)
		Usr 0 00:18:07, Sys 0 00:04:22  -  Run Remote Usage
		Usr 0 00:00:00, Sys 0 00:00:00  -  Run Local Usage
		Usr 0 00:18:07, Sys 0 00:04:22  -  Total Remote Usage
		Usr 0 00:00:00, Sys 0 00:00:00  -  Total Local Usage
	310472  -  Run Bytes Sent By Job
	323  -  Run Bytes Received By Job
	310472  -  Total Bytes Sent By Job
	323  -  Total Bytes Received By Job
	Partitionable Resources :    Usage  Request Allocated 
	   Cpus                 :     0.88        1         1 
	   Disk (KB)            :   324           1   1299834 
	   Memory (MB)          :  5350        2000      2000 

	Job terminated of its own accord at 2023-05-14T11:17:38Z.
...
