000 (14832095.089.000) 06/12 15:17:57 Job submitted from host: <188.184.90.241:9618?addrs=188.184.90.241-9618+[2001-1458-201-e4--100-2eb]-9618&alias=bigbird15.cern.ch&noUDP&sock=schedd_1460210_2ef4>
...
040 (14832095.089.000) 06/12 15:20:04 Started transferring input files
	Transferring to host: <188.184.162.134:9618?addrs=188.184.162.134-9618+[2001-1458-301-4a--100-80]-9618&alias=b7s11p2291.cern.ch&noUDP&sock=slot1_8_122839_f01c_89912>
...
040 (14832095.089.000) 06/12 15:20:04 Finished transferring input files
...
001 (14832095.089.000) 06/12 15:20:05 Job executing on host: <188.184.162.134:9618?addrs=188.184.162.134-9618+[2001-1458-301-4a--100-80]-9618&alias=b7s11p2291.cern.ch&noUDP&sock=startd_90998_a338>
...
006 (14832095.089.000) 06/12 15:20:14 Image size of job updated: 48100
	47  -  MemoryUsage of job (MB)
	47688  -  ResidentSetSize of job (KB)
...
006 (14832095.089.000) 06/12 15:25:15 Image size of job updated: 1385532
	877  -  MemoryUsage of job (MB)
	897228  -  ResidentSetSize of job (KB)
...
006 (14832095.089.000) 06/12 15:30:16 Image size of job updated: 1733184
	1142  -  MemoryUsage of job (MB)
	1168820  -  ResidentSetSize of job (KB)
...
006 (14832095.089.000) 06/12 15:35:16 Image size of job updated: 1733192
	1142  -  MemoryUsage of job (MB)
	1168820  -  ResidentSetSize of job (KB)
...
006 (14832095.089.000) 06/12 15:45:18 Image size of job updated: 4036208
	1142  -  MemoryUsage of job (MB)
	1168820  -  ResidentSetSize of job (KB)
...
006 (14832095.089.000) 06/12 15:50:18 Image size of job updated: 4321236
	1142  -  MemoryUsage of job (MB)
	1168820  -  ResidentSetSize of job (KB)
...
006 (14832095.089.000) 06/12 15:55:18 Image size of job updated: 4331660
	1142  -  MemoryUsage of job (MB)
	1168820  -  ResidentSetSize of job (KB)
...
006 (14832095.089.000) 06/12 16:00:19 Image size of job updated: 4398516
	1142  -  MemoryUsage of job (MB)
	1168820  -  ResidentSetSize of job (KB)
...
006 (14832095.089.000) 06/12 16:04:40 Image size of job updated: 4410940
	1142  -  MemoryUsage of job (MB)
	1168820  -  ResidentSetSize of job (KB)
...
040 (14832095.089.000) 06/12 16:04:40 Started transferring output files
...
040 (14832095.089.000) 06/12 16:04:40 Finished transferring output files
...
005 (14832095.089.000) 06/12 16:04:40 Job terminated.
	(1) Normal termination (return value 0)
		Usr 0 00:11:49, Sys 0 00:00:47  -  Run Remote Usage
		Usr 0 00:00:00, Sys 0 00:00:00  -  Run Local Usage
		Usr 0 00:11:49, Sys 0 00:00:47  -  Total Remote Usage
		Usr 0 00:00:00, Sys 0 00:00:00  -  Total Local Usage
	113442  -  Run Bytes Sent By Job
	323  -  Run Bytes Received By Job
	113442  -  Total Bytes Sent By Job
	323  -  Total Bytes Received By Job
	Partitionable Resources :    Usage  Request Allocated 
	   Cpus                 :        0        1         1 
	   Disk (KB)            :      132        1   3060000 
	   Memory (MB)          :     1142     2000      2000 

	Job terminated of its own accord at 2023-06-12T14:04:40Z.
...
