000 (15148591.033.000) 09/26 23:15:32 Job submitted from host: <188.184.90.241:9618?addrs=188.184.90.241-9618+[2001-1458-201-e4--100-2eb]-9618&alias=bigbird15.cern.ch&noUDP&sock=schedd_2763_c443>
...
040 (15148591.033.000) 09/26 23:30:29 Started transferring input files
	Transferring to host: <188.184.162.192:9618?addrs=188.184.162.192-9618+[2001-1458-301-4a--100-ba]-9618&alias=b7s11p9297.cern.ch&noUDP&sock=slot1_1_198144_1f73_60803>
...
040 (15148591.033.000) 09/26 23:30:29 Finished transferring input files
...
001 (15148591.033.000) 09/26 23:30:30 Job executing on host: <188.184.162.192:9618?addrs=188.184.162.192-9618+[2001-1458-301-4a--100-ba]-9618&alias=b7s11p9297.cern.ch&noUDP&sock=startd_3375_8c39>
...
006 (15148591.033.000) 09/26 23:30:39 Image size of job updated: 581116
	54  -  MemoryUsage of job (MB)
	54304  -  ResidentSetSize of job (KB)
...
006 (15148591.033.000) 09/26 23:35:40 Image size of job updated: 1155528
	629  -  MemoryUsage of job (MB)
	643912  -  ResidentSetSize of job (KB)
...
006 (15148591.033.000) 09/26 23:40:40 Image size of job updated: 1454108
	629  -  MemoryUsage of job (MB)
	643912  -  ResidentSetSize of job (KB)
...
006 (15148591.033.000) 09/26 23:50:41 Image size of job updated: 4190960
	629  -  MemoryUsage of job (MB)
	643912  -  ResidentSetSize of job (KB)
...
006 (15148591.033.000) 09/26 23:55:42 Image size of job updated: 4433788
	629  -  MemoryUsage of job (MB)
	643912  -  ResidentSetSize of job (KB)
...
006 (15148591.033.000) 09/27 00:00:42 Image size of job updated: 4497860
	666  -  MemoryUsage of job (MB)
	681616  -  ResidentSetSize of job (KB)
...
006 (15148591.033.000) 09/27 00:04:17 Image size of job updated: 4518064
	666  -  MemoryUsage of job (MB)
	681616  -  ResidentSetSize of job (KB)
...
040 (15148591.033.000) 09/27 00:04:17 Started transferring output files
...
040 (15148591.033.000) 09/27 00:04:17 Finished transferring output files
...
005 (15148591.033.000) 09/27 00:04:17 Job terminated.
	(1) Normal termination (return value 0)
		Usr 0 00:13:00, Sys 0 00:00:26  -  Run Remote Usage
		Usr 0 00:00:00, Sys 0 00:00:00  -  Run Local Usage
		Usr 0 00:13:00, Sys 0 00:00:26  -  Total Remote Usage
		Usr 0 00:00:00, Sys 0 00:00:00  -  Total Local Usage
	96549  -  Run Bytes Sent By Job
	323  -  Run Bytes Received By Job
	96549  -  Total Bytes Sent By Job
	323  -  Total Bytes Received By Job
	Partitionable Resources :    Usage  Request Allocated 
	   Cpus                 :     0.14        1         1 
	   Disk (KB)            :   116           1   2991618 
	   Memory (MB)          :   666        2000      2000 

	Job terminated of its own accord at 2023-09-26T22:04:17Z.
...
