000 (15153697.003.000) 10/03 22:34:13 Job submitted from host: <188.184.90.241:9618?addrs=188.184.90.241-9618+[2001-1458-201-e4--100-2eb]-9618&alias=bigbird15.cern.ch&noUDP&sock=schedd_2763_c443>
...
040 (15153697.003.000) 10/03 22:35:58 Started transferring input files
	Transferring to host: <188.184.163.74:9618?addrs=188.184.163.74-9618+[2001-1458-301-4d--100-44]-9618&alias=b7s12p5677.cern.ch&noUDP&sock=slot1_3_216385_8eb8_98701>
...
040 (15153697.003.000) 10/03 22:35:58 Finished transferring input files
...
001 (15153697.003.000) 10/03 22:35:59 Job executing on host: <188.184.163.74:9618?addrs=188.184.163.74-9618+[2001-1458-301-4d--100-44]-9618&alias=b7s12p5677.cern.ch&noUDP&sock=startd_216346_f088>
...
006 (15153697.003.000) 10/03 22:36:08 Image size of job updated: 565340
	52  -  MemoryUsage of job (MB)
	52232  -  ResidentSetSize of job (KB)
...
006 (15153697.003.000) 10/03 22:41:09 Image size of job updated: 1044644
	511  -  MemoryUsage of job (MB)
	522544  -  ResidentSetSize of job (KB)
...
006 (15153697.003.000) 10/03 22:44:03 Image size of job updated: 3395848
	511  -  MemoryUsage of job (MB)
	522548  -  ResidentSetSize of job (KB)
...
040 (15153697.003.000) 10/03 22:44:03 Started transferring output files
...
040 (15153697.003.000) 10/03 22:44:03 Finished transferring output files
...
005 (15153697.003.000) 10/03 22:44:03 Job terminated.
	(1) Normal termination (return value 0)
		Usr 0 00:06:47, Sys 0 00:00:08  -  Run Remote Usage
		Usr 0 00:00:00, Sys 0 00:00:00  -  Run Local Usage
		Usr 0 00:06:47, Sys 0 00:00:08  -  Total Remote Usage
		Usr 0 00:00:00, Sys 0 00:00:00  -  Total Local Usage
	167814  -  Run Bytes Sent By Job
	269  -  Run Bytes Received By Job
	167814  -  Total Bytes Sent By Job
	269  -  Total Bytes Received By Job
	Partitionable Resources :    Usage  Request Allocated 
	   Cpus                 :                 1         1 
	   Disk (KB)            :      179        1   3015362 
	   Memory (MB)          :      511     2000      2000 

	Job terminated of its own accord at 2023-10-03T20:44:03Z.
...
