000 (14807221.000.000) 05/14 12:38:57 Job submitted from host: <188.184.90.241:9618?addrs=188.184.90.241-9618+[2001-1458-201-e4--100-2eb]-9618&alias=bigbird15.cern.ch&noUDP&sock=schedd_3273_9590>
...
040 (14807221.000.000) 05/14 12:50:01 Started transferring input files
	Transferring to host: <188.184.163.193:9618?addrs=188.184.163.193-9618+[2001-1458-301-4d--100-bb]-9618&alias=b7s12p3439.cern.ch&noUDP&sock=slot1_36_4211_c7c4_90803>
...
040 (14807221.000.000) 05/14 12:50:01 Finished transferring input files
...
001 (14807221.000.000) 05/14 12:50:02 Job executing on host: <188.184.163.193:9618?addrs=188.184.163.193-9618+[2001-1458-301-4d--100-bb]-9618&alias=b7s12p3439.cern.ch&noUDP&sock=startd_3241_a288>
...
006 (14807221.000.000) 05/14 12:50:11 Image size of job updated: 48280
	47  -  MemoryUsage of job (MB)
	47664  -  ResidentSetSize of job (KB)
...
006 (14807221.000.000) 05/14 12:55:12 Image size of job updated: 1793792
	1227  -  MemoryUsage of job (MB)
	1255848  -  ResidentSetSize of job (KB)
...
006 (14807221.000.000) 05/14 13:00:12 Image size of job updated: 1818792
	1227  -  MemoryUsage of job (MB)
	1255848  -  ResidentSetSize of job (KB)
...
006 (14807221.000.000) 05/14 13:05:12 Image size of job updated: 4096160
	1227  -  MemoryUsage of job (MB)
	1255848  -  ResidentSetSize of job (KB)
...
006 (14807221.000.000) 05/14 13:10:12 Image size of job updated: 4335696
	1227  -  MemoryUsage of job (MB)
	1255848  -  ResidentSetSize of job (KB)
...
006 (14807221.000.000) 05/14 13:15:13 Image size of job updated: 4398664
	1227  -  MemoryUsage of job (MB)
	1255848  -  ResidentSetSize of job (KB)
...
006 (14807221.000.000) 05/14 13:18:36 Image size of job updated: 4421400
	1227  -  MemoryUsage of job (MB)
	1255848  -  ResidentSetSize of job (KB)
...
040 (14807221.000.000) 05/14 13:18:36 Started transferring output files
...
040 (14807221.000.000) 05/14 13:18:36 Finished transferring output files
...
005 (14807221.000.000) 05/14 13:18:36 Job terminated.
	(1) Normal termination (return value 0)
		Usr 0 00:08:21, Sys 0 00:00:34  -  Run Remote Usage
		Usr 0 00:00:00, Sys 0 00:00:00  -  Run Local Usage
		Usr 0 00:08:21, Sys 0 00:00:34  -  Total Remote Usage
		Usr 0 00:00:00, Sys 0 00:00:00  -  Total Local Usage
	116853  -  Run Bytes Sent By Job
	323  -  Run Bytes Received By Job
	116853  -  Total Bytes Sent By Job
	323  -  Total Bytes Received By Job
	Partitionable Resources :    Usage  Request Allocated 
	   Cpus                 :        0        1         1 
	   Disk (KB)            :      135        1   3023490 
	   Memory (MB)          :     1227     2000      2000 

	Job terminated of its own accord at 2023-05-14T11:18:36Z.
...
