000 (15150655.037.000) 09/28 15:00:14 Job submitted from host: <188.184.90.241:9618?addrs=188.184.90.241-9618+[2001-1458-201-e4--100-2eb]-9618&alias=bigbird15.cern.ch&noUDP&sock=schedd_2763_c443>
...
040 (15150655.037.000) 09/28 15:02:53 Started transferring input files
	Transferring to host: <128.142.59.61:9618?addrs=128.142.59.61-9618+[2001-1458-301-21--100-3c]-9618&alias=b7s04p0984.cern.ch&noUDP&sock=slot1_11_3213_995c_182120>
...
040 (15150655.037.000) 09/28 15:02:53 Finished transferring input files
...
001 (15150655.037.000) 09/28 15:02:54 Job executing on host: <128.142.59.61:9618?addrs=128.142.59.61-9618+[2001-1458-301-21--100-3c]-9618&alias=b7s04p0984.cern.ch&noUDP&sock=startd_3027_d944>
...
006 (15150655.037.000) 09/28 15:03:02 Image size of job updated: 124304
	122  -  MemoryUsage of job (MB)
	124304  -  ResidentSetSize of job (KB)
...
006 (15150655.037.000) 09/28 15:06:44 Image size of job updated: 925572
	122  -  MemoryUsage of job (MB)
	124304  -  ResidentSetSize of job (KB)
...
040 (15150655.037.000) 09/28 15:06:44 Started transferring output files
...
040 (15150655.037.000) 09/28 15:06:44 Finished transferring output files
...
005 (15150655.037.000) 09/28 15:06:44 Job terminated.
	(1) Normal termination (return value 0)
		Usr 0 00:00:11, Sys 0 00:00:00  -  Run Remote Usage
		Usr 0 00:00:00, Sys 0 00:00:00  -  Run Local Usage
		Usr 0 00:00:11, Sys 0 00:00:00  -  Total Remote Usage
		Usr 0 00:00:00, Sys 0 00:00:00  -  Total Local Usage
	7925  -  Run Bytes Sent By Job
	374  -  Run Bytes Received By Job
	7925  -  Total Bytes Sent By Job
	374  -  Total Bytes Received By Job
	Partitionable Resources :    Usage  Request Allocated 
	   Cpus                 :     0.04        1         1 
	   Disk (KB)            :    29           1   1234419 
	   Memory (MB)          :   122        2000      2000 

	Job terminated of its own accord at 2023-09-28T13:06:44Z.
...
