000 (15150655.101.000) 09/28 15:00:14 Job submitted from host: <188.184.90.241:9618?addrs=188.184.90.241-9618+[2001-1458-201-e4--100-2eb]-9618&alias=bigbird15.cern.ch&noUDP&sock=schedd_2763_c443>
...
040 (15150655.101.000) 09/28 15:03:15 Started transferring input files
	Transferring to host: <188.184.163.172:9618?addrs=188.184.163.172-9618&alias=b7s12p7188.cern.ch&noUDP&sock=slot1_30_4979_e7e4_107>
...
040 (15150655.101.000) 09/28 15:03:15 Finished transferring input files
...
001 (15150655.101.000) 09/28 15:03:16 Job executing on host: <188.184.163.172:9618?addrs=188.184.163.172-9618&alias=b7s12p7188.cern.ch&noUDP&sock=startd_4564_1a54>
...
006 (15150655.101.000) 09/28 15:03:25 Image size of job updated: 910664
	122  -  MemoryUsage of job (MB)
	123964  -  ResidentSetSize of job (KB)
...
006 (15150655.101.000) 09/28 15:06:11 Image size of job updated: 921304
	122  -  MemoryUsage of job (MB)
	123964  -  ResidentSetSize of job (KB)
...
040 (15150655.101.000) 09/28 15:06:11 Started transferring output files
...
040 (15150655.101.000) 09/28 15:06:11 Finished transferring output files
...
005 (15150655.101.000) 09/28 15:06:11 Job terminated.
	(1) Normal termination (return value 0)
		Usr 0 00:00:15, Sys 0 00:00:00  -  Run Remote Usage
		Usr 0 00:00:00, Sys 0 00:00:00  -  Run Local Usage
		Usr 0 00:00:15, Sys 0 00:00:00  -  Total Remote Usage
		Usr 0 00:00:00, Sys 0 00:00:00  -  Total Local Usage
	7830  -  Run Bytes Sent By Job
	374  -  Run Bytes Received By Job
	7830  -  Total Bytes Sent By Job
	374  -  Total Bytes Received By Job
	Partitionable Resources :    Usage  Request Allocated 
	   Cpus                 :                 1         1 
	   Disk (KB)            :       21        1   3026201 
	   Memory (MB)          :      122     2000      2000 

	Job terminated of its own accord at 2023-09-28T13:06:11Z.
...
