000 (14808124.004.000) 05/19 04:24:07 Job submitted from host: <188.184.90.241:9618?addrs=188.184.90.241-9618+[2001-1458-201-e4--100-2eb]-9618&alias=bigbird15.cern.ch&noUDP&sock=schedd_3273_9590>
...
040 (14808124.004.000) 05/19 04:35:41 Started transferring input files
	Transferring to host: <188.184.160.77:9618?addrs=188.184.160.77-9618+[2001-1458-301-48--100-47]-9618&alias=b7s09p8543.cern.ch&noUDP&sock=slot1_7_122912_5f7f_64735>
...
040 (14808124.004.000) 05/19 04:35:41 Finished transferring input files
...
001 (14808124.004.000) 05/19 04:35:42 Job executing on host: <188.184.160.77:9618?addrs=188.184.160.77-9618+[2001-1458-301-48--100-47]-9618&alias=b7s09p8543.cern.ch&noUDP&sock=startd_28396_df62>
...
006 (14808124.004.000) 05/19 04:35:51 Image size of job updated: 720076
	247  -  MemoryUsage of job (MB)
	252500  -  ResidentSetSize of job (KB)
...
006 (14808124.004.000) 05/19 04:37:06 Image size of job updated: 1406880
	247  -  MemoryUsage of job (MB)
	252500  -  ResidentSetSize of job (KB)
...
040 (14808124.004.000) 05/19 04:37:06 Started transferring output files
...
040 (14808124.004.000) 05/19 04:37:06 Finished transferring output files
...
005 (14808124.004.000) 05/19 04:37:06 Job terminated.
	(1) Normal termination (return value 0)
		Usr 0 00:00:41, Sys 0 00:00:03  -  Run Remote Usage
		Usr 0 00:00:00, Sys 0 00:00:00  -  Run Local Usage
		Usr 0 00:00:41, Sys 0 00:00:03  -  Total Remote Usage
		Usr 0 00:00:00, Sys 0 00:00:00  -  Total Local Usage
	90622  -  Run Bytes Sent By Job
	269  -  Run Bytes Received By Job
	90622  -  Total Bytes Sent By Job
	269  -  Total Bytes Received By Job
	Partitionable Resources :    Usage  Request Allocated 
	   Cpus                 :     0.04        1         1 
	   Disk (KB)            :   109           1   3087289 
	   Memory (MB)          :   247        2000      2000 

	Job terminated of its own accord at 2023-05-19T02:37:06Z.
...
