000 (15271413.074.000) 12/18 14:02:23 Job submitted from host: <188.184.90.241:9618?addrs=188.184.90.241-9618+[2001-1458-201-e4--100-2eb]-9618&alias=bigbird15.cern.ch&noUDP&sock=schedd_2763_c443>
...
040 (15271413.074.000) 12/18 14:06:15 Started transferring input files
	Transferring to host: <128.142.33.203:9618?addrs=128.142.33.203-9618+[2001-1458-301-39--100-8]-9618&alias=b9g24p0512.cern.ch&noUDP&sock=slot1_8_3630_69cd_9644>
...
040 (15271413.074.000) 12/18 14:06:15 Finished transferring input files
...
001 (15271413.074.000) 12/18 14:06:16 Job executing on host: <128.142.33.203:9618?addrs=128.142.33.203-9618+[2001-1458-301-39--100-8]-9618&alias=b9g24p0512.cern.ch&noUDP&sock=startd_3165_8156>
...
006 (15271413.074.000) 12/18 14:06:25 Image size of job updated: 110384
	93  -  MemoryUsage of job (MB)
	94504  -  ResidentSetSize of job (KB)
...
006 (15271413.074.000) 12/18 14:11:27 Image size of job updated: 501848
	490  -  MemoryUsage of job (MB)
	501356  -  ResidentSetSize of job (KB)
...
006 (15271413.074.000) 12/18 14:16:27 Image size of job updated: 757524
	736  -  MemoryUsage of job (MB)
	753016  -  ResidentSetSize of job (KB)
...
006 (15271413.074.000) 12/18 14:19:23 Image size of job updated: 2987780
	736  -  MemoryUsage of job (MB)
	753016  -  ResidentSetSize of job (KB)
...
040 (15271413.074.000) 12/18 14:19:23 Started transferring output files
...
040 (15271413.074.000) 12/18 14:19:23 Finished transferring output files
...
005 (15271413.074.000) 12/18 14:19:23 Job terminated.
	(1) Normal termination (return value 0)
		Usr 0 00:10:13, Sys 0 00:00:08  -  Run Remote Usage
		Usr 0 00:00:00, Sys 0 00:00:00  -  Run Local Usage
		Usr 0 00:10:13, Sys 0 00:00:08  -  Total Remote Usage
		Usr 0 00:00:00, Sys 0 00:00:00  -  Total Local Usage
	187994  -  Run Bytes Sent By Job
	269  -  Run Bytes Received By Job
	187994  -  Total Bytes Sent By Job
	269  -  Total Bytes Received By Job
	Partitionable Resources :    Usage  Request Allocated 
	   Cpus                 :     0.64        1         1 
	   Disk (KB)            :   227           1   2816570 
	   Memory (MB)          :   736        2000      2000 

	Job terminated of its own accord at 2023-12-18T13:19:23Z.
...
