000 (15271413.178.000) 12/18 14:02:23 Job submitted from host: <188.184.90.241:9618?addrs=188.184.90.241-9618+[2001-1458-201-e4--100-2eb]-9618&alias=bigbird15.cern.ch&noUDP&sock=schedd_2763_c443>
...
040 (15271413.178.000) 12/18 14:06:48 Started transferring input files
	Transferring to host: <128.142.60.142:9618?addrs=128.142.60.142-9618+[2001-1458-301-22--100-8d]-9618&alias=b9s05p5520.cern.ch&noUDP&sock=slot1_4_127933_1f2b_6579>
...
040 (15271413.178.000) 12/18 14:06:48 Finished transferring input files
...
001 (15271413.178.000) 12/18 14:06:49 Job executing on host: <128.142.60.142:9618?addrs=128.142.60.142-9618+[2001-1458-301-22--100-8d]-9618&alias=b9s05p5520.cern.ch&noUDP&sock=startd_112941_b5df>
...
006 (15271413.178.000) 12/18 14:06:58 Image size of job updated: 111932
	89  -  MemoryUsage of job (MB)
	90836  -  ResidentSetSize of job (KB)
...
006 (15271413.178.000) 12/18 14:11:59 Image size of job updated: 494808
	463  -  MemoryUsage of job (MB)
	473288  -  ResidentSetSize of job (KB)
...
006 (15271413.178.000) 12/18 14:17:00 Image size of job updated: 2841080
	2773  -  MemoryUsage of job (MB)
	2839056  -  ResidentSetSize of job (KB)
...
040 (15271413.178.000) 12/18 14:17:23 Started transferring output files
...
040 (15271413.178.000) 12/18 14:17:23 Finished transferring output files
...
005 (15271413.178.000) 12/18 14:17:24 Job terminated.
	(1) Normal termination (return value 0)
		Usr 0 00:08:46, Sys 0 00:00:06  -  Run Remote Usage
		Usr 0 00:00:00, Sys 0 00:00:00  -  Run Local Usage
		Usr 0 00:08:46, Sys 0 00:00:06  -  Total Remote Usage
		Usr 0 00:00:00, Sys 0 00:00:00  -  Total Local Usage
	159966  -  Run Bytes Sent By Job
	269  -  Run Bytes Received By Job
	159966  -  Total Bytes Sent By Job
	269  -  Total Bytes Received By Job
	Partitionable Resources :    Usage  Request Allocated 
	   Cpus                 :     0.95        1         1 
	   Disk (KB)            :   200           1   3031684 
	   Memory (MB)          :  2773        2000      2000 

	Job terminated of its own accord at 2023-12-18T13:17:23Z.
...
