000 (14808124.003.000) 05/19 04:24:07 Job submitted from host: <188.184.90.241:9618?addrs=188.184.90.241-9618+[2001-1458-201-e4--100-2eb]-9618&alias=bigbird15.cern.ch&noUDP&sock=schedd_3273_9590>
...
040 (14808124.003.000) 05/19 04:35:42 Started transferring input files
	Transferring to host: <128.142.195.45:9618?addrs=128.142.195.45-9618+[2001-1458-301-26--100-2d]-9618&alias=b7g31p0105.cern.ch&noUDP&sock=slot1_11_8663_9df9_34476>
...
040 (14808124.003.000) 05/19 04:35:42 Finished transferring input files
...
001 (14808124.003.000) 05/19 04:35:43 Job executing on host: <128.142.195.45:9618?addrs=128.142.195.45-9618+[2001-1458-301-26--100-2d]-9618&alias=b7g31p0105.cern.ch&noUDP&sock=startd_6667_9600>
...
006 (14808124.003.000) 05/19 04:35:52 Image size of job updated: 226504
	222  -  MemoryUsage of job (MB)
	226504  -  ResidentSetSize of job (KB)
...
006 (14808124.003.000) 05/19 04:36:41 Image size of job updated: 1285360
	222  -  MemoryUsage of job (MB)
	226504  -  ResidentSetSize of job (KB)
...
040 (14808124.003.000) 05/19 04:36:41 Started transferring output files
...
040 (14808124.003.000) 05/19 04:36:41 Finished transferring output files
...
005 (14808124.003.000) 05/19 04:36:41 Job terminated.
	(1) Normal termination (return value 0)
		Usr 0 00:00:38, Sys 0 00:00:02  -  Run Remote Usage
		Usr 0 00:00:00, Sys 0 00:00:00  -  Run Local Usage
		Usr 0 00:00:38, Sys 0 00:00:02  -  Total Remote Usage
		Usr 0 00:00:00, Sys 0 00:00:00  -  Total Local Usage
	90889  -  Run Bytes Sent By Job
	269  -  Run Bytes Received By Job
	90889  -  Total Bytes Sent By Job
	269  -  Total Bytes Received By Job
	Partitionable Resources :    Usage  Request Allocated 
	   Cpus                 :                 1         1 
	   Disk (KB)            :      102        1   1336257 
	   Memory (MB)          :      222     2000      2000 

	Job terminated of its own accord at 2023-05-19T02:36:41Z.
...
