000 (14808124.043.000) 05/19 04:24:07 Job submitted from host: <188.184.90.241:9618?addrs=188.184.90.241-9618+[2001-1458-201-e4--100-2eb]-9618&alias=bigbird15.cern.ch&noUDP&sock=schedd_3273_9590>
...
040 (14808124.043.000) 05/19 04:35:57 Started transferring input files
	Transferring to host: <128.142.58.32:9618?addrs=128.142.58.32-9618+[2001-1458-301-16--100-1f]-9618&alias=b7s03p2844.cern.ch&noUDP&sock=slot1_24_3549_5769_42151>
...
040 (14808124.043.000) 05/19 04:35:57 Finished transferring input files
...
001 (14808124.043.000) 05/19 04:35:58 Job executing on host: <128.142.58.32:9618?addrs=128.142.58.32-9618+[2001-1458-301-16--100-1f]-9618&alias=b7s03p2844.cern.ch&noUDP&sock=startd_3119_f3fb>
...
006 (14808124.043.000) 05/19 04:36:07 Image size of job updated: 47676
	47  -  MemoryUsage of job (MB)
	47676  -  ResidentSetSize of job (KB)
...
006 (14808124.043.000) 05/19 04:41:02 Image size of job updated: 4404248
	47  -  MemoryUsage of job (MB)
	47676  -  ResidentSetSize of job (KB)
...
040 (14808124.043.000) 05/19 04:41:02 Started transferring output files
...
040 (14808124.043.000) 05/19 04:41:03 Finished transferring output files
...
005 (14808124.043.000) 05/19 04:41:03 Job terminated.
	(1) Normal termination (return value 0)
		Usr 0 00:03:32, Sys 0 00:00:09  -  Run Remote Usage
		Usr 0 00:00:00, Sys 0 00:00:00  -  Run Local Usage
		Usr 0 00:03:32, Sys 0 00:00:09  -  Total Remote Usage
		Usr 0 00:00:00, Sys 0 00:00:00  -  Total Local Usage
	311732  -  Run Bytes Sent By Job
	269  -  Run Bytes Received By Job
	311732  -  Total Bytes Sent By Job
	269  -  Total Bytes Received By Job
	Partitionable Resources :    Usage  Request Allocated 
	   Cpus                 :     1.00        1         1 
	   Disk (KB)            :   325           1   1281976 
	   Memory (MB)          :    47        2000      2000 

	Job terminated of its own accord at 2023-05-19T02:41:02Z.
...
