000 (14832095.025.000) 06/12 15:17:57 Job submitted from host: <188.184.90.241:9618?addrs=188.184.90.241-9618+[2001-1458-201-e4--100-2eb]-9618&alias=bigbird15.cern.ch&noUDP&sock=schedd_1460210_2ef4>
...
040 (14832095.025.000) 06/12 15:19:44 Started transferring input files
	Transferring to host: <128.142.58.45:9618?addrs=128.142.58.45-9618+[2001-1458-301-16--100-2c]-9618&alias=b7s03p3966.cern.ch&noUDP&sock=slot1_22_4383_f84b_63360>
...
040 (14832095.025.000) 06/12 15:19:44 Finished transferring input files
...
001 (14832095.025.000) 06/12 15:19:45 Job executing on host: <128.142.58.45:9618?addrs=128.142.58.45-9618+[2001-1458-301-16--100-2c]-9618&alias=b7s03p3966.cern.ch&noUDP&sock=startd_3173_fe18>
...
006 (14832095.025.000) 06/12 15:19:53 Image size of job updated: 554132
	47  -  MemoryUsage of job (MB)
	47692  -  ResidentSetSize of job (KB)
...
006 (14832095.025.000) 06/12 15:24:53 Image size of job updated: 1539820
	953  -  MemoryUsage of job (MB)
	975292  -  ResidentSetSize of job (KB)
...
006 (14832095.025.000) 06/12 15:39:55 Image size of job updated: 4026672
	953  -  MemoryUsage of job (MB)
	975292  -  ResidentSetSize of job (KB)
...
006 (14832095.025.000) 06/12 15:49:57 Image size of job updated: 4078952
	953  -  MemoryUsage of job (MB)
	975292  -  ResidentSetSize of job (KB)
...
006 (14832095.025.000) 06/12 15:54:57 Image size of job updated: 4315388
	953  -  MemoryUsage of job (MB)
	975292  -  ResidentSetSize of job (KB)
...
006 (14832095.025.000) 06/12 15:59:57 Image size of job updated: 4371372
	953  -  MemoryUsage of job (MB)
	975292  -  ResidentSetSize of job (KB)
...
006 (14832095.025.000) 06/12 16:04:58 Image size of job updated: 4383156
	953  -  MemoryUsage of job (MB)
	975292  -  ResidentSetSize of job (KB)
...
006 (14832095.025.000) 06/12 16:09:59 Image size of job updated: 4398816
	953  -  MemoryUsage of job (MB)
	975292  -  ResidentSetSize of job (KB)
...
006 (14832095.025.000) 06/12 16:10:50 Image size of job updated: 4402684
	953  -  MemoryUsage of job (MB)
	975292  -  ResidentSetSize of job (KB)
...
040 (14832095.025.000) 06/12 16:10:50 Started transferring output files
...
040 (14832095.025.000) 06/12 16:10:50 Finished transferring output files
...
005 (14832095.025.000) 06/12 16:10:50 Job terminated.
	(1) Normal termination (return value 0)
		Usr 0 00:05:47, Sys 0 00:00:22  -  Run Remote Usage
		Usr 0 00:00:00, Sys 0 00:00:00  -  Run Local Usage
		Usr 0 00:05:47, Sys 0 00:00:22  -  Total Remote Usage
		Usr 0 00:00:00, Sys 0 00:00:00  -  Total Local Usage
	103974  -  Run Bytes Sent By Job
	323  -  Run Bytes Received By Job
	103974  -  Total Bytes Sent By Job
	323  -  Total Bytes Received By Job
	Partitionable Resources :    Usage  Request Allocated 
	   Cpus                 :     0.02        1         1 
	   Disk (KB)            :   123           1   1342521 
	   Memory (MB)          :   953        2000      2000 

	Job terminated of its own accord at 2023-06-12T14:10:50Z.
...
