000 (14807404.001.000) 05/15 22:32:17 Job submitted from host: <188.184.90.241:9618?addrs=188.184.90.241-9618+[2001-1458-201-e4--100-2eb]-9618&alias=bigbird15.cern.ch&noUDP&sock=schedd_3273_9590>
...
040 (14807404.001.000) 05/15 22:59:43 Started transferring input files
	Transferring to host: <128.142.63.52:9618?addrs=128.142.63.52-9618+[2001-1458-301-38--100-31]-9618&alias=b7s08p2898.cern.ch&noUDP&sock=slot1_16_6892_c991_32520>
...
040 (14807404.001.000) 05/15 22:59:43 Finished transferring input files
...
001 (14807404.001.000) 05/15 22:59:44 Job executing on host: <128.142.63.52:9618?addrs=128.142.63.52-9618+[2001-1458-301-38--100-31]-9618&alias=b7s08p2898.cern.ch&noUDP&sock=startd_5548_0b85>
...
006 (14807404.001.000) 05/15 22:59:52 Image size of job updated: 48044
	47  -  MemoryUsage of job (MB)
	47672  -  ResidentSetSize of job (KB)
...
006 (14807404.001.000) 05/15 23:04:52 Image size of job updated: 1732132
	1166  -  MemoryUsage of job (MB)
	1193736  -  ResidentSetSize of job (KB)
...
006 (14807404.001.000) 05/15 23:09:53 Image size of job updated: 4040896
	1166  -  MemoryUsage of job (MB)
	1193736  -  ResidentSetSize of job (KB)
...
006 (14807404.001.000) 05/15 23:14:54 Image size of job updated: 4092420
	1166  -  MemoryUsage of job (MB)
	1193736  -  ResidentSetSize of job (KB)
...
006 (14807404.001.000) 05/15 23:19:54 Image size of job updated: 4385356
	1166  -  MemoryUsage of job (MB)
	1193736  -  ResidentSetSize of job (KB)
...
006 (14807404.001.000) 05/15 23:23:23 Image size of job updated: 4412644
	1166  -  MemoryUsage of job (MB)
	1193736  -  ResidentSetSize of job (KB)
...
040 (14807404.001.000) 05/15 23:23:23 Started transferring output files
...
040 (14807404.001.000) 05/15 23:23:23 Finished transferring output files
...
005 (14807404.001.000) 05/15 23:23:23 Job terminated.
	(1) Normal termination (return value 0)
		Usr 0 00:06:58, Sys 0 00:00:30  -  Run Remote Usage
		Usr 0 00:00:00, Sys 0 00:00:00  -  Run Local Usage
		Usr 0 00:06:58, Sys 0 00:00:30  -  Total Remote Usage
		Usr 0 00:00:00, Sys 0 00:00:00  -  Total Local Usage
	114093  -  Run Bytes Sent By Job
	323  -  Run Bytes Received By Job
	114093  -  Total Bytes Sent By Job
	323  -  Total Bytes Received By Job
	Partitionable Resources :    Usage  Request Allocated 
	   Cpus                 :     0.11        1         1 
	   Disk (KB)            :   133           1   1339006 
	   Memory (MB)          :  1166        2000      2000 

	Job terminated of its own accord at 2023-05-15T21:23:23Z.
...
