000 (15155243.004.000) 10/07 13:26:28 Job submitted from host: <188.184.90.241:9618?addrs=188.184.90.241-9618+[2001-1458-201-e4--100-2eb]-9618&alias=bigbird15.cern.ch&noUDP&sock=schedd_2763_c443>
...
040 (15155243.004.000) 10/07 13:31:48 Started transferring input files
	Transferring to host: <188.184.163.96:9618?addrs=188.184.163.96-9618&alias=b7s12p7679.cern.ch&noUDP&sock=slot1_28_240714_89f6_177362>
...
040 (15155243.004.000) 10/07 13:31:48 Finished transferring input files
...
001 (15155243.004.000) 10/07 13:31:49 Job executing on host: <188.184.163.96:9618?addrs=188.184.163.96-9618&alias=b7s12p7679.cern.ch&noUDP&sock=startd_5209_84ea>
...
006 (15155243.004.000) 10/07 13:31:58 Image size of job updated: 130304
	61  -  MemoryUsage of job (MB)
	61448  -  ResidentSetSize of job (KB)
...
006 (15155243.004.000) 10/07 13:36:59 Image size of job updated: 977996
	454  -  MemoryUsage of job (MB)
	464856  -  ResidentSetSize of job (KB)
...
006 (15155243.004.000) 10/07 13:41:59 Image size of job updated: 1295376
	766  -  MemoryUsage of job (MB)
	784248  -  ResidentSetSize of job (KB)
...
006 (15155243.004.000) 10/07 13:47:00 Image size of job updated: 1448676
	834  -  MemoryUsage of job (MB)
	853176  -  ResidentSetSize of job (KB)
...
006 (15155243.004.000) 10/07 13:52:01 Image size of job updated: 1448680
	834  -  MemoryUsage of job (MB)
	853176  -  ResidentSetSize of job (KB)
...
006 (15155243.004.000) 10/07 13:57:01 Image size of job updated: 4083036
	834  -  MemoryUsage of job (MB)
	853176  -  ResidentSetSize of job (KB)
...
006 (15155243.004.000) 10/07 14:02:01 Image size of job updated: 4132388
	834  -  MemoryUsage of job (MB)
	853176  -  ResidentSetSize of job (KB)
...
006 (15155243.004.000) 10/07 14:07:02 Image size of job updated: 4372688
	834  -  MemoryUsage of job (MB)
	853176  -  ResidentSetSize of job (KB)
...
006 (15155243.004.000) 10/07 14:12:02 Image size of job updated: 4433356
	834  -  MemoryUsage of job (MB)
	853176  -  ResidentSetSize of job (KB)
...
006 (15155243.004.000) 10/07 14:15:41 Image size of job updated: 4454908
	834  -  MemoryUsage of job (MB)
	853176  -  ResidentSetSize of job (KB)
...
040 (15155243.004.000) 10/07 14:15:41 Started transferring output files
...
040 (15155243.004.000) 10/07 14:15:41 Finished transferring output files
...
005 (15155243.004.000) 10/07 14:15:41 Job terminated.
	(1) Normal termination (return value 0)
		Usr 0 00:21:44, Sys 0 00:00:39  -  Run Remote Usage
		Usr 0 00:00:00, Sys 0 00:00:00  -  Run Local Usage
		Usr 0 00:21:44, Sys 0 00:00:39  -  Total Remote Usage
		Usr 0 00:00:00, Sys 0 00:00:00  -  Total Local Usage
	99878  -  Run Bytes Sent By Job
	323  -  Run Bytes Received By Job
	99878  -  Total Bytes Sent By Job
	323  -  Total Bytes Received By Job
	Partitionable Resources :    Usage  Request Allocated 
	   Cpus                 :        0        1         1 
	   Disk (KB)            :      118        1   2785174 
	   Memory (MB)          :      834     2000      2000 

	Job terminated of its own accord at 2023-10-07T12:15:41Z.
...
