000 (15148591.060.000) 09/26 23:15:32 Job submitted from host: <188.184.90.241:9618?addrs=188.184.90.241-9618+[2001-1458-201-e4--100-2eb]-9618&alias=bigbird15.cern.ch&noUDP&sock=schedd_2763_c443>
...
040 (15148591.060.000) 09/26 23:30:38 Started transferring input files
	Transferring to host: <128.142.130.176:9618?addrs=128.142.130.176-9618+[2001-1458-301-58--100-a4]-9618&alias=b7g20p8708.cern.ch&noUDP&sock=slot1_7_3349_6c61_178238>
...
040 (15148591.060.000) 09/26 23:30:38 Finished transferring input files
...
001 (15148591.060.000) 09/26 23:30:39 Job executing on host: <128.142.130.176:9618?addrs=128.142.130.176-9618+[2001-1458-301-58--100-a4]-9618&alias=b7g20p8708.cern.ch&noUDP&sock=startd_2804_e3a5>
...
006 (15148591.060.000) 09/26 23:30:48 Image size of job updated: 565328
	52  -  MemoryUsage of job (MB)
	52536  -  ResidentSetSize of job (KB)
...
006 (15148591.060.000) 09/26 23:35:49 Image size of job updated: 1057964
	523  -  MemoryUsage of job (MB)
	535012  -  ResidentSetSize of job (KB)
...
006 (15148591.060.000) 09/26 23:40:50 Image size of job updated: 1149972
	523  -  MemoryUsage of job (MB)
	535024  -  ResidentSetSize of job (KB)
...
006 (15148591.060.000) 09/26 23:45:50 Image size of job updated: 3612072
	523  -  MemoryUsage of job (MB)
	535024  -  ResidentSetSize of job (KB)
...
006 (15148591.060.000) 09/26 23:50:50 Image size of job updated: 3852160
	523  -  MemoryUsage of job (MB)
	535024  -  ResidentSetSize of job (KB)
...
006 (15148591.060.000) 09/26 23:55:52 Image size of job updated: 3861876
	523  -  MemoryUsage of job (MB)
	535024  -  ResidentSetSize of job (KB)
...
006 (15148591.060.000) 09/27 00:00:52 Image size of job updated: 3917552
	540  -  MemoryUsage of job (MB)
	552808  -  ResidentSetSize of job (KB)
...
006 (15148591.060.000) 09/27 00:03:47 Image size of job updated: 3933620
	540  -  MemoryUsage of job (MB)
	552808  -  ResidentSetSize of job (KB)
...
040 (15148591.060.000) 09/27 00:03:47 Started transferring output files
...
040 (15148591.060.000) 09/27 00:03:47 Finished transferring output files
...
005 (15148591.060.000) 09/27 00:03:47 Job terminated.
	(1) Normal termination (return value 0)
		Usr 0 00:12:13, Sys 0 00:00:21  -  Run Remote Usage
		Usr 0 00:00:00, Sys 0 00:00:00  -  Run Local Usage
		Usr 0 00:12:13, Sys 0 00:00:21  -  Total Remote Usage
		Usr 0 00:00:00, Sys 0 00:00:00  -  Total Local Usage
	85525  -  Run Bytes Sent By Job
	323  -  Run Bytes Received By Job
	85525  -  Total Bytes Sent By Job
	323  -  Total Bytes Received By Job
	Partitionable Resources :    Usage  Request Allocated 
	   Cpus                 :     0.11        1         1 
	   Disk (KB)            :   105           1   1635564 
	   Memory (MB)          :   540        2000      2000 

	Job terminated of its own accord at 2023-09-26T22:03:47Z.
...
