000 (15159756.055.000) 10/09 09:27:44 Job submitted from host: <188.184.90.241:9618?addrs=188.184.90.241-9618+[2001-1458-201-e4--100-2eb]-9618&alias=bigbird15.cern.ch&noUDP&sock=schedd_2763_c443>
...
040 (15159756.055.000) 10/09 11:15:01 Started transferring input files
	Transferring to host: <128.142.56.30:9618?addrs=128.142.56.30-9618+[2001-1458-301-6--100-1d]-9618&alias=b7s01p7773.cern.ch&noUDP&sock=slot1_35_55093_c099_116452>
...
040 (15159756.055.000) 10/09 11:15:01 Finished transferring input files
...
001 (15159756.055.000) 10/09 11:15:02 Job executing on host: <128.142.56.30:9618?addrs=128.142.56.30-9618+[2001-1458-301-6--100-1d]-9618&alias=b7s01p7773.cern.ch&noUDP&sock=startd_55055_baac>
...
006 (15159756.055.000) 10/09 11:15:11 Image size of job updated: 52320
	51  -  MemoryUsage of job (MB)
	51992  -  ResidentSetSize of job (KB)
...
006 (15159756.055.000) 10/09 11:20:12 Image size of job updated: 3007416
	2406  -  MemoryUsage of job (MB)
	2463420  -  ResidentSetSize of job (KB)
...
006 (15159756.055.000) 10/09 11:21:29 Image size of job updated: 3103676
	2406  -  MemoryUsage of job (MB)
	2463420  -  ResidentSetSize of job (KB)
...
040 (15159756.055.000) 10/09 11:21:29 Started transferring output files
...
040 (15159756.055.000) 10/09 11:21:29 Finished transferring output files
...
005 (15159756.055.000) 10/09 11:21:29 Job terminated.
	(1) Normal termination (return value 0)
		Usr 0 00:03:49, Sys 0 00:00:07  -  Run Remote Usage
		Usr 0 00:00:00, Sys 0 00:00:00  -  Run Local Usage
		Usr 0 00:03:49, Sys 0 00:00:07  -  Total Remote Usage
		Usr 0 00:00:00, Sys 0 00:00:00  -  Total Local Usage
	117863  -  Run Bytes Sent By Job
	269  -  Run Bytes Received By Job
	117863  -  Total Bytes Sent By Job
	269  -  Total Bytes Received By Job
	Partitionable Resources :    Usage  Request Allocated 
	   Cpus                 :                 1         1 
	   Disk (KB)            :      129        1   1239052 
	   Memory (MB)          :     2406     2000      2000 

	Job terminated of its own accord at 2023-10-09T09:21:29Z.
...
