000 (15271413.144.000) 12/18 14:02:23 Job submitted from host: <188.184.90.241:9618?addrs=188.184.90.241-9618+[2001-1458-201-e4--100-2eb]-9618&alias=bigbird15.cern.ch&noUDP&sock=schedd_2763_c443>
...
040 (15271413.144.000) 12/18 14:06:37 Started transferring input files
	Transferring to host: <128.142.60.159:9618?addrs=128.142.60.159-9618+[2001-1458-301-22--100-9e]-9618&alias=b9s05p6489.cern.ch&noUDP&sock=slot1_14_126073_9560_6582>
...
040 (15271413.144.000) 12/18 14:06:37 Finished transferring input files
...
001 (15271413.144.000) 12/18 14:06:38 Job executing on host: <128.142.60.159:9618?addrs=128.142.60.159-9618+[2001-1458-301-22--100-9e]-9618&alias=b9s05p6489.cern.ch&noUDP&sock=startd_113144_f399>
...
006 (15271413.144.000) 12/18 14:06:46 Image size of job updated: 126408
	92  -  MemoryUsage of job (MB)
	94080  -  ResidentSetSize of job (KB)
...
006 (15271413.144.000) 12/18 14:11:46 Image size of job updated: 512648
	426  -  MemoryUsage of job (MB)
	436124  -  ResidentSetSize of job (KB)
...
006 (15271413.144.000) 12/18 14:16:47 Image size of job updated: 2847924
	2720  -  MemoryUsage of job (MB)
	2784796  -  ResidentSetSize of job (KB)
...
006 (15271413.144.000) 12/18 14:17:33 Image size of job updated: 2869444
	2720  -  MemoryUsage of job (MB)
	2784848  -  ResidentSetSize of job (KB)
...
040 (15271413.144.000) 12/18 14:17:33 Started transferring output files
...
040 (15271413.144.000) 12/18 14:17:33 Finished transferring output files
...
005 (15271413.144.000) 12/18 14:17:33 Job terminated.
	(1) Normal termination (return value 0)
		Usr 0 00:08:44, Sys 0 00:00:08  -  Run Remote Usage
		Usr 0 00:00:00, Sys 0 00:00:00  -  Run Local Usage
		Usr 0 00:08:44, Sys 0 00:00:08  -  Total Remote Usage
		Usr 0 00:00:00, Sys 0 00:00:00  -  Total Local Usage
	166397  -  Run Bytes Sent By Job
	269  -  Run Bytes Received By Job
	166397  -  Total Bytes Sent By Job
	269  -  Total Bytes Received By Job
	Partitionable Resources :    Usage  Request Allocated 
	   Cpus                 :                 1         1 
	   Disk (KB)            :      199        1   3047252 
	   Memory (MB)          :     2720     2000      2000 

	Job terminated of its own accord at 2023-12-18T13:17:33Z.
...
