000 (15155263.037.000) 10/07 15:36:06 Job submitted from host: <188.184.90.241:9618?addrs=188.184.90.241-9618+[2001-1458-201-e4--100-2eb]-9618&alias=bigbird15.cern.ch&noUDP&sock=schedd_2763_c443>
...
040 (15155263.037.000) 10/07 15:38:50 Started transferring input files
	Transferring to host: <128.142.61.127:9618?addrs=128.142.61.127-9618&alias=b7s06p4472.cern.ch&noUDP&sock=slot1_44_4030_3fdd_1161>
...
040 (15155263.037.000) 10/07 15:38:50 Finished transferring input files
...
001 (15155263.037.000) 10/07 15:38:51 Job executing on host: <128.142.61.127:9618?addrs=128.142.61.127-9618&alias=b7s06p4472.cern.ch&noUDP&sock=startd_3968_4be2>
...
006 (15155263.037.000) 10/07 15:39:00 Image size of job updated: 684748
	51  -  MemoryUsage of job (MB)
	51392  -  ResidentSetSize of job (KB)
...
006 (15155263.037.000) 10/07 15:44:00 Image size of job updated: 1093816
	588  -  MemoryUsage of job (MB)
	601400  -  ResidentSetSize of job (KB)
...
006 (15155263.037.000) 10/07 15:49:00 Image size of job updated: 1155544
	588  -  MemoryUsage of job (MB)
	601444  -  ResidentSetSize of job (KB)
...
006 (15155263.037.000) 10/07 15:54:01 Image size of job updated: 3628372
	588  -  MemoryUsage of job (MB)
	601444  -  ResidentSetSize of job (KB)
...
006 (15155263.037.000) 10/07 15:59:02 Image size of job updated: 3672924
	588  -  MemoryUsage of job (MB)
	601444  -  ResidentSetSize of job (KB)
...
006 (15155263.037.000) 10/07 16:04:02 Image size of job updated: 3874620
	588  -  MemoryUsage of job (MB)
	601444  -  ResidentSetSize of job (KB)
...
006 (15155263.037.000) 10/07 16:09:02 Image size of job updated: 3880064
	588  -  MemoryUsage of job (MB)
	601444  -  ResidentSetSize of job (KB)
...
006 (15155263.037.000) 10/07 16:14:03 Image size of job updated: 3936040
	588  -  MemoryUsage of job (MB)
	601444  -  ResidentSetSize of job (KB)
...
006 (15155263.037.000) 10/07 16:16:38 Image size of job updated: 3949500
	588  -  MemoryUsage of job (MB)
	601444  -  ResidentSetSize of job (KB)
...
040 (15155263.037.000) 10/07 16:16:38 Started transferring output files
...
040 (15155263.037.000) 10/07 16:16:38 Finished transferring output files
...
005 (15155263.037.000) 10/07 16:16:38 Job terminated.
	(1) Normal termination (return value 0)
		Usr 0 00:10:26, Sys 0 00:00:16  -  Run Remote Usage
		Usr 0 00:00:00, Sys 0 00:00:00  -  Run Local Usage
		Usr 0 00:10:26, Sys 0 00:00:16  -  Total Remote Usage
		Usr 0 00:00:00, Sys 0 00:00:00  -  Total Local Usage
	84398  -  Run Bytes Sent By Job
	323  -  Run Bytes Received By Job
	84398  -  Total Bytes Sent By Job
	323  -  Total Bytes Received By Job
	Partitionable Resources :    Usage  Request Allocated 
	   Cpus                 :        0        1         1 
	   Disk (KB)            :      103        1   2740891 
	   Memory (MB)          :      588     2000      2000 

	Job terminated of its own accord at 2023-10-07T14:16:38Z.
...
