000 (14808124.037.000) 05/19 04:24:07 Job submitted from host: <188.184.90.241:9618?addrs=188.184.90.241-9618+[2001-1458-201-e4--100-2eb]-9618&alias=bigbird15.cern.ch&noUDP&sock=schedd_3273_9590>
...
040 (14808124.037.000) 05/19 04:35:53 Started transferring input files
	Transferring to host: <188.184.162.187:9618?addrs=188.184.162.187-9618+[2001-1458-301-4a--100-b5]-9618&alias=b7s11p2884.cern.ch&noUDP&sock=slot1_13_121798_7592_65427>
...
040 (14808124.037.000) 05/19 04:35:53 Finished transferring input files
...
001 (14808124.037.000) 05/19 04:35:54 Job executing on host: <188.184.162.187:9618?addrs=188.184.162.187-9618+[2001-1458-301-4a--100-b5]-9618&alias=b7s11p2884.cern.ch&noUDP&sock=startd_91068_a6da>
...
006 (14808124.037.000) 05/19 04:36:03 Image size of job updated: 540620
	88  -  MemoryUsage of job (MB)
	89712  -  ResidentSetSize of job (KB)
...
006 (14808124.037.000) 05/19 04:39:18 Image size of job updated: 3978864
	89  -  MemoryUsage of job (MB)
	90464  -  ResidentSetSize of job (KB)
...
040 (14808124.037.000) 05/19 04:39:18 Started transferring output files
...
040 (14808124.037.000) 05/19 04:39:18 Finished transferring output files
...
005 (14808124.037.000) 05/19 04:39:18 Job terminated.
	(1) Normal termination (return value 0)
		Usr 0 00:02:29, Sys 0 00:00:08  -  Run Remote Usage
		Usr 0 00:00:00, Sys 0 00:00:00  -  Run Local Usage
		Usr 0 00:02:29, Sys 0 00:00:08  -  Total Remote Usage
		Usr 0 00:00:00, Sys 0 00:00:00  -  Total Local Usage
	224414  -  Run Bytes Sent By Job
	269  -  Run Bytes Received By Job
	224414  -  Total Bytes Sent By Job
	269  -  Total Bytes Received By Job
	Partitionable Resources :    Usage  Request Allocated 
	   Cpus                 :                 1         1 
	   Disk (KB)            :      233        1   3068202 
	   Memory (MB)          :       89     2000      2000 

	Job terminated of its own accord at 2023-05-19T02:39:18Z.
...
