000 (14807272.023.000) 05/14 22:53:25 Job submitted from host: <188.184.90.241:9618?addrs=188.184.90.241-9618+[2001-1458-201-e4--100-2eb]-9618&alias=bigbird15.cern.ch&noUDP&sock=schedd_3273_9590>
...
040 (14807272.023.000) 05/14 23:06:22 Started transferring input files
	Transferring to host: <128.142.132.133:9618?addrs=128.142.132.133-9618+[2001-1458-301-5a--100-79]-9618&alias=b7g12p1501.cern.ch&noUDP&sock=slot1_21_3477_9c66_37268>
...
040 (14807272.023.000) 05/14 23:06:22 Finished transferring input files
...
001 (14807272.023.000) 05/14 23:06:23 Job executing on host: <128.142.132.133:9618?addrs=128.142.132.133-9618+[2001-1458-301-5a--100-79]-9618&alias=b7g12p1501.cern.ch&noUDP&sock=startd_2955_7672>
...
006 (14807272.023.000) 05/14 23:06:32 Image size of job updated: 530776
	47  -  MemoryUsage of job (MB)
	47676  -  ResidentSetSize of job (KB)
...
006 (14807272.023.000) 05/14 23:11:32 Image size of job updated: 1546996
	1034  -  MemoryUsage of job (MB)
	1058660  -  ResidentSetSize of job (KB)
...
006 (14807272.023.000) 05/14 23:16:32 Image size of job updated: 1927120
	1204  -  MemoryUsage of job (MB)
	1232604  -  ResidentSetSize of job (KB)
...
006 (14807272.023.000) 05/14 23:21:33 Image size of job updated: 4107224
	1204  -  MemoryUsage of job (MB)
	1232604  -  ResidentSetSize of job (KB)
...
006 (14807272.023.000) 05/14 23:26:34 Image size of job updated: 4405588
	1204  -  MemoryUsage of job (MB)
	1232604  -  ResidentSetSize of job (KB)
...
006 (14807272.023.000) 05/14 23:30:25 Image size of job updated: 4491404
	1204  -  MemoryUsage of job (MB)
	1232604  -  ResidentSetSize of job (KB)
...
040 (14807272.023.000) 05/14 23:30:25 Started transferring output files
...
040 (14807272.023.000) 05/14 23:30:25 Finished transferring output files
...
005 (14807272.023.000) 05/14 23:30:25 Job terminated.
	(1) Normal termination (return value 0)
		Usr 0 00:13:41, Sys 0 00:00:44  -  Run Remote Usage
		Usr 0 00:00:00, Sys 0 00:00:00  -  Run Local Usage
		Usr 0 00:13:41, Sys 0 00:00:44  -  Total Remote Usage
		Usr 0 00:00:00, Sys 0 00:00:00  -  Total Local Usage
	104766  -  Run Bytes Sent By Job
	323  -  Run Bytes Received By Job
	104766  -  Total Bytes Sent By Job
	323  -  Total Bytes Received By Job
	Partitionable Resources :    Usage  Request Allocated 
	   Cpus                 :        0        1         1 
	   Disk (KB)            :      123        1   1609220 
	   Memory (MB)          :     1204     2000      2000 

	Job terminated of its own accord at 2023-05-14T21:30:25Z.
...
