000 (15153696.181.000) 10/03 22:27:19 Job submitted from host: <188.184.90.241:9618?addrs=188.184.90.241-9618+[2001-1458-201-e4--100-2eb]-9618&alias=bigbird15.cern.ch&noUDP&sock=schedd_2763_c443>
...
040 (15153696.181.000) 10/03 22:33:01 Started transferring input files
	Transferring to host: <188.184.162.142:9618?addrs=188.184.162.142-9618+[2001-1458-301-4a--100-88]-9618&alias=b7s11p5218.cern.ch&noUDP&sock=slot1_21_123233_8bec_224823>
...
040 (15153696.181.000) 10/03 22:33:01 Finished transferring input files
...
001 (15153696.181.000) 10/03 22:33:02 Job executing on host: <188.184.162.142:9618?addrs=188.184.162.142-9618+[2001-1458-301-4a--100-88]-9618&alias=b7s11p5218.cern.ch&noUDP&sock=startd_28727_e93b>
...
006 (15153696.181.000) 10/03 22:33:10 Image size of job updated: 910416
	120  -  MemoryUsage of job (MB)
	122588  -  ResidentSetSize of job (KB)
...
006 (15153696.181.000) 10/03 22:36:49 Image size of job updated: 921976
	120  -  MemoryUsage of job (MB)
	122588  -  ResidentSetSize of job (KB)
...
040 (15153696.181.000) 10/03 22:36:49 Started transferring output files
...
040 (15153696.181.000) 10/03 22:36:49 Finished transferring output files
...
005 (15153696.181.000) 10/03 22:36:49 Job terminated.
	(1) Normal termination (return value 0)
		Usr 0 00:00:12, Sys 0 00:00:01  -  Run Remote Usage
		Usr 0 00:00:00, Sys 0 00:00:00  -  Run Local Usage
		Usr 0 00:00:12, Sys 0 00:00:01  -  Total Remote Usage
		Usr 0 00:00:00, Sys 0 00:00:00  -  Total Local Usage
	8013  -  Run Bytes Sent By Job
	374  -  Run Bytes Received By Job
	8013  -  Total Bytes Sent By Job
	374  -  Total Bytes Received By Job
	Partitionable Resources :    Usage  Request Allocated 
	   Cpus                 :     0.07        1         1 
	   Disk (KB)            :    30           1   3018372 
	   Memory (MB)          :   120        2000      2000 

	Job terminated of its own accord at 2023-10-03T20:36:49Z.
...
