000 (15150662.133.000) 09/28 15:49:40 Job submitted from host: <188.184.90.241:9618?addrs=188.184.90.241-9618+[2001-1458-201-e4--100-2eb]-9618&alias=bigbird15.cern.ch&noUDP&sock=schedd_2763_c443>
...
040 (15150662.133.000) 09/28 16:01:32 Started transferring input files
	Transferring to host: <128.142.137.210:9618?addrs=128.142.137.210-9618+[2001-1458-301-5e--100-c6]-9618&alias=b7g19p8484.cern.ch&noUDP&sock=slot1_43_38758_4461_32210>
...
040 (15150662.133.000) 09/28 16:01:32 Finished transferring input files
...
001 (15150662.133.000) 09/28 16:01:33 Job executing on host: <128.142.137.210:9618?addrs=128.142.137.210-9618+[2001-1458-301-5e--100-c6]-9618&alias=b7g19p8484.cern.ch&noUDP&sock=startd_37424_5466>
...
006 (15150662.133.000) 09/28 16:01:42 Image size of job updated: 911004
	121  -  MemoryUsage of job (MB)
	123180  -  ResidentSetSize of job (KB)
...
006 (15150662.133.000) 09/28 16:05:36 Image size of job updated: 922416
	121  -  MemoryUsage of job (MB)
	123180  -  ResidentSetSize of job (KB)
...
040 (15150662.133.000) 09/28 16:05:36 Started transferring output files
...
040 (15150662.133.000) 09/28 16:05:36 Finished transferring output files
...
005 (15150662.133.000) 09/28 16:05:36 Job terminated.
	(1) Normal termination (return value 0)
		Usr 0 00:00:15, Sys 0 00:00:01  -  Run Remote Usage
		Usr 0 00:00:00, Sys 0 00:00:00  -  Run Local Usage
		Usr 0 00:00:15, Sys 0 00:00:01  -  Total Remote Usage
		Usr 0 00:00:00, Sys 0 00:00:00  -  Total Local Usage
	7992  -  Run Bytes Sent By Job
	374  -  Run Bytes Received By Job
	7992  -  Total Bytes Sent By Job
	374  -  Total Bytes Received By Job
	Partitionable Resources :    Usage  Request Allocated 
	   Cpus                 :        0        1         1 
	   Disk (KB)            :       29        1   1592959 
	   Memory (MB)          :      121     2000      2000 

	Job terminated of its own accord at 2023-09-28T14:05:36Z.
...
