000 (15149098.044.000) 09/27 08:23:39 Job submitted from host: <188.184.90.241:9618?addrs=188.184.90.241-9618+[2001-1458-201-e4--100-2eb]-9618&alias=bigbird15.cern.ch&noUDP&sock=schedd_2763_c443>
...
040 (15149098.044.000) 09/27 08:40:24 Started transferring input files
	Transferring to host: <128.142.61.15:9618?addrs=128.142.61.15-9618+[2001-1458-301-23--100-e]-9618&alias=b7s06p7712.cern.ch&noUDP&sock=slot1_27_26223_39c3_117061>
...
040 (15149098.044.000) 09/27 08:40:24 Finished transferring input files
...
001 (15149098.044.000) 09/27 08:40:25 Job executing on host: <128.142.61.15:9618?addrs=128.142.61.15-9618+[2001-1458-301-23--100-e]-9618&alias=b7s06p7712.cern.ch&noUDP&sock=startd_26086_679c>
...
006 (15149098.044.000) 09/27 08:40:34 Image size of job updated: 597896
	55  -  MemoryUsage of job (MB)
	55732  -  ResidentSetSize of job (KB)
...
006 (15149098.044.000) 09/27 08:45:34 Image size of job updated: 1106300
	580  -  MemoryUsage of job (MB)
	593704  -  ResidentSetSize of job (KB)
...
006 (15149098.044.000) 09/27 08:50:34 Image size of job updated: 1156476
	580  -  MemoryUsage of job (MB)
	593704  -  ResidentSetSize of job (KB)
...
006 (15149098.044.000) 09/27 08:55:35 Image size of job updated: 3846568
	580  -  MemoryUsage of job (MB)
	593704  -  ResidentSetSize of job (KB)
...
006 (15149098.044.000) 09/27 08:58:55 Image size of job updated: 3927344
	580  -  MemoryUsage of job (MB)
	593704  -  ResidentSetSize of job (KB)
...
040 (15149098.044.000) 09/27 08:58:55 Started transferring output files
...
040 (15149098.044.000) 09/27 08:58:55 Finished transferring output files
...
005 (15149098.044.000) 09/27 08:58:55 Job terminated.
	(1) Normal termination (return value 0)
		Usr 0 00:09:25, Sys 0 00:00:18  -  Run Remote Usage
		Usr 0 00:00:00, Sys 0 00:00:00  -  Run Local Usage
		Usr 0 00:09:25, Sys 0 00:00:18  -  Total Remote Usage
		Usr 0 00:00:00, Sys 0 00:00:00  -  Total Local Usage
	83475  -  Run Bytes Sent By Job
	323  -  Run Bytes Received By Job
	83475  -  Total Bytes Sent By Job
	323  -  Total Bytes Received By Job
	Partitionable Resources :    Usage  Request Allocated 
	   Cpus                 :     0.15        1         1 
	   Disk (KB)            :   103           1   1228160 
	   Memory (MB)          :   580        2000      2000 

	Job terminated of its own accord at 2023-09-27T06:58:55Z.
...
