000 (15148189.005.000) 09/26 21:00:55 Job submitted from host: <188.184.90.241:9618?addrs=188.184.90.241-9618+[2001-1458-201-e4--100-2eb]-9618&alias=bigbird15.cern.ch&noUDP&sock=schedd_2763_c443>
...
040 (15148189.005.000) 09/26 21:11:19 Started transferring input files
	Transferring to host: <188.184.162.200:9618?addrs=188.184.162.200-9618+[2001-1458-301-4a--100-c2]-9618&alias=b7s11p9438.cern.ch&noUDP&sock=slot1_7_246667_f748_118364>
...
040 (15148189.005.000) 09/26 21:11:19 Finished transferring input files
...
001 (15148189.005.000) 09/26 21:11:20 Job executing on host: <188.184.162.200:9618?addrs=188.184.162.200-9618+[2001-1458-301-4a--100-c2]-9618&alias=b7s11p9438.cern.ch&noUDP&sock=startd_3369_6ea8>
...
006 (15148189.005.000) 09/26 21:11:28 Image size of job updated: 608804
	60  -  MemoryUsage of job (MB)
	60612  -  ResidentSetSize of job (KB)
...
006 (15148189.005.000) 09/26 21:16:28 Image size of job updated: 1127112
	553  -  MemoryUsage of job (MB)
	565908  -  ResidentSetSize of job (KB)
...
006 (15148189.005.000) 09/26 21:26:30 Image size of job updated: 3662256
	553  -  MemoryUsage of job (MB)
	565908  -  ResidentSetSize of job (KB)
...
006 (15148189.005.000) 09/26 21:31:30 Image size of job updated: 3906600
	553  -  MemoryUsage of job (MB)
	565908  -  ResidentSetSize of job (KB)
...
006 (15148189.005.000) 09/26 21:36:30 Image size of job updated: 3974456
	553  -  MemoryUsage of job (MB)
	565908  -  ResidentSetSize of job (KB)
...
006 (15148189.005.000) 09/26 21:38:22 Image size of job updated: 3987360
	553  -  MemoryUsage of job (MB)
	565908  -  ResidentSetSize of job (KB)
...
040 (15148189.005.000) 09/26 21:38:22 Started transferring output files
...
040 (15148189.005.000) 09/26 21:38:22 Finished transferring output files
...
005 (15148189.005.000) 09/26 21:38:22 Job terminated.
	(1) Normal termination (return value 0)
		Usr 0 00:08:25, Sys 0 00:00:20  -  Run Remote Usage
		Usr 0 00:00:00, Sys 0 00:00:00  -  Run Local Usage
		Usr 0 00:08:25, Sys 0 00:00:20  -  Total Remote Usage
		Usr 0 00:00:00, Sys 0 00:00:00  -  Total Local Usage
	81024  -  Run Bytes Sent By Job
	323  -  Run Bytes Received By Job
	81024  -  Total Bytes Sent By Job
	323  -  Total Bytes Received By Job
	Partitionable Resources :    Usage  Request Allocated 
	   Cpus                 :     0.23        1         1 
	   Disk (KB)            :   101           1   3016879 
	   Memory (MB)          :   553        2000      2000 

	Job terminated of its own accord at 2023-09-26T19:38:22Z.
...
