000 (15155256.040.000) 10/07 14:35:52 Job submitted from host: <188.184.90.241:9618?addrs=188.184.90.241-9618+[2001-1458-201-e4--100-2eb]-9618&alias=bigbird15.cern.ch&noUDP&sock=schedd_2763_c443>
...
040 (15155256.040.000) 10/07 14:37:58 Started transferring input files
	Transferring to host: <128.142.56.164:9618?addrs=128.142.56.164-9618+[2001-1458-301-6--100-a3]-9618&alias=b7s01p4175.cern.ch&noUDP&sock=slot1_20_53386_0434_113762>
...
040 (15155256.040.000) 10/07 14:37:58 Finished transferring input files
...
001 (15155256.040.000) 10/07 14:37:59 Job executing on host: <128.142.56.164:9618?addrs=128.142.56.164-9618+[2001-1458-301-6--100-a3]-9618&alias=b7s01p4175.cern.ch&noUDP&sock=startd_3080_33c9>
...
006 (15155256.040.000) 10/07 14:38:08 Image size of job updated: 549220
	36  -  MemoryUsage of job (MB)
	36228  -  ResidentSetSize of job (KB)
...
040 (15155256.040.000) 10/07 14:38:09 Started transferring output files
...
040 (15155256.040.000) 10/07 14:38:09 Finished transferring output files
...
005 (15155256.040.000) 10/07 14:38:09 Job terminated.
	(1) Normal termination (return value 0)
		Usr 0 00:00:00, Sys 0 00:00:00  -  Run Remote Usage
		Usr 0 00:00:00, Sys 0 00:00:00  -  Run Local Usage
		Usr 0 00:00:00, Sys 0 00:00:00  -  Total Remote Usage
		Usr 0 00:00:00, Sys 0 00:00:00  -  Total Local Usage
	22111  -  Run Bytes Sent By Job
	323  -  Run Bytes Received By Job
	22111  -  Total Bytes Sent By Job
	323  -  Total Bytes Received By Job
	Partitionable Resources :    Usage  Request Allocated 
	   Cpus                 :                 1         1 
	   Disk (KB)            :       36        1   1325401 
	   Memory (MB)          :       36     2000      2000 

	Job terminated of its own accord at 2023-10-07T12:38:09Z.
...
