000 (15151337.007.000) 10/02 16:23:27 Job submitted from host: <188.184.90.241:9618?addrs=188.184.90.241-9618+[2001-1458-201-e4--100-2eb]-9618&alias=bigbird15.cern.ch&noUDP&sock=schedd_2763_c443>
...
040 (15151337.007.000) 10/02 16:27:06 Started transferring input files
	Transferring to host: <188.184.162.188:9618?addrs=188.184.162.188-9618+[2001-1458-301-4a--100-b6]-9618&alias=b7s11p6874.cern.ch&noUDP&sock=slot1_10_3242_083d_96483>
...
040 (15151337.007.000) 10/02 16:27:06 Finished transferring input files
...
001 (15151337.007.000) 10/02 16:27:07 Job executing on host: <188.184.162.188:9618?addrs=188.184.162.188-9618+[2001-1458-301-4a--100-b6]-9618&alias=b7s11p6874.cern.ch&noUDP&sock=startd_2814_bf98>
...
006 (15151337.007.000) 10/02 16:27:15 Image size of job updated: 581284
	62  -  MemoryUsage of job (MB)
	63320  -  ResidentSetSize of job (KB)
...
006 (15151337.007.000) 10/02 16:27:38 Image size of job updated: 581284
	65  -  MemoryUsage of job (MB)
	65660  -  ResidentSetSize of job (KB)
...
040 (15151337.007.000) 10/02 16:27:38 Started transferring output files
...
040 (15151337.007.000) 10/02 16:27:38 Finished transferring output files
...
005 (15151337.007.000) 10/02 16:27:38 Job terminated.
	(1) Normal termination (return value 0)
		Usr 0 00:00:05, Sys 0 00:00:02  -  Run Remote Usage
		Usr 0 00:00:00, Sys 0 00:00:00  -  Run Local Usage
		Usr 0 00:00:05, Sys 0 00:00:02  -  Total Remote Usage
		Usr 0 00:00:00, Sys 0 00:00:00  -  Total Local Usage
	24115  -  Run Bytes Sent By Job
	323  -  Run Bytes Received By Job
	24115  -  Total Bytes Sent By Job
	323  -  Total Bytes Received By Job
	Partitionable Resources :    Usage  Request Allocated 
	   Cpus                 :                 1         1 
	   Disk (KB)            :       37        1   2997089 
	   Memory (MB)          :       65     2000      2000 

	Job terminated of its own accord at 2023-10-02T14:27:38Z.
...
