000 (15271413.004.000) 12/18 14:02:22 Job submitted from host: <188.184.90.241:9618?addrs=188.184.90.241-9618+[2001-1458-201-e4--100-2eb]-9618&alias=bigbird15.cern.ch&noUDP&sock=schedd_2763_c443>
...
040 (15271413.004.000) 12/18 14:05:50 Started transferring input files
	Transferring to host: <188.184.165.88:9618?addrs=188.184.165.88-9618+[2001-1458-301-51--100-53]-9618&alias=b9s14p1959.cern.ch&noUDP&sock=slot1_8_13635_d744_26704>
...
040 (15271413.004.000) 12/18 14:05:50 Finished transferring input files
...
001 (15271413.004.000) 12/18 14:05:51 Job executing on host: <188.184.165.88:9618?addrs=188.184.165.88-9618+[2001-1458-301-51--100-53]-9618&alias=b9s14p1959.cern.ch&noUDP&sock=startd_11880_4535>
...
006 (15271413.004.000) 12/18 14:05:59 Image size of job updated: 345592
	311  -  MemoryUsage of job (MB)
	318088  -  ResidentSetSize of job (KB)
...
006 (15271413.004.000) 12/18 14:10:59 Image size of job updated: 3082824
	3010  -  MemoryUsage of job (MB)
	3082136  -  ResidentSetSize of job (KB)
...
006 (15271413.004.000) 12/18 14:11:34 Image size of job updated: 3092884
	3010  -  MemoryUsage of job (MB)
	3082136  -  ResidentSetSize of job (KB)
...
040 (15271413.004.000) 12/18 14:11:34 Started transferring output files
...
040 (15271413.004.000) 12/18 14:11:34 Finished transferring output files
...
005 (15271413.004.000) 12/18 14:11:34 Job terminated.
	(1) Normal termination (return value 0)
		Usr 0 00:03:19, Sys 0 00:00:04  -  Run Remote Usage
		Usr 0 00:00:00, Sys 0 00:00:00  -  Run Local Usage
		Usr 0 00:03:19, Sys 0 00:00:04  -  Total Remote Usage
		Usr 0 00:00:00, Sys 0 00:00:00  -  Total Local Usage
	114133  -  Run Bytes Sent By Job
	269  -  Run Bytes Received By Job
	114133  -  Total Bytes Sent By Job
	269  -  Total Bytes Received By Job
	Partitionable Resources :    Usage  Request Allocated 
	   Cpus                 :     0.19        1         1 
	   Disk (KB)            :   155           1   2879492 
	   Memory (MB)          :  3010        2000      2000 

	Job terminated of its own accord at 2023-12-18T13:11:34Z.
...
