000 (15150654.079.000) 09/28 14:27:13 Job submitted from host: <188.184.90.241:9618?addrs=188.184.90.241-9618+[2001-1458-201-e4--100-2eb]-9618&alias=bigbird15.cern.ch&noUDP&sock=schedd_2763_c443>
...
040 (15150654.079.000) 09/28 14:46:19 Started transferring input files
	Transferring to host: <188.184.163.197:9618?addrs=188.184.163.197-9618&alias=b7s12p7721.cern.ch&noUDP&sock=slot1_2_3712_3090_43>
...
040 (15150654.079.000) 09/28 14:46:19 Finished transferring input files
...
001 (15150654.079.000) 09/28 14:46:20 Job executing on host: <188.184.163.197:9618?addrs=188.184.163.197-9618&alias=b7s12p7721.cern.ch&noUDP&sock=startd_2850_7101>
...
006 (15150654.079.000) 09/28 14:46:28 Image size of job updated: 125304
	123  -  MemoryUsage of job (MB)
	125304  -  ResidentSetSize of job (KB)
...
006 (15150654.079.000) 09/28 14:47:53 Image size of job updated: 920760
	123  -  MemoryUsage of job (MB)
	125304  -  ResidentSetSize of job (KB)
...
040 (15150654.079.000) 09/28 14:47:53 Started transferring output files
...
040 (15150654.079.000) 09/28 14:47:53 Finished transferring output files
...
005 (15150654.079.000) 09/28 14:47:53 Job terminated.
	(1) Normal termination (return value 0)
		Usr 0 00:00:09, Sys 0 00:00:00  -  Run Remote Usage
		Usr 0 00:00:00, Sys 0 00:00:00  -  Run Local Usage
		Usr 0 00:00:09, Sys 0 00:00:00  -  Total Remote Usage
		Usr 0 00:00:00, Sys 0 00:00:00  -  Total Local Usage
	7006  -  Run Bytes Sent By Job
	374  -  Run Bytes Received By Job
	7006  -  Total Bytes Sent By Job
	374  -  Total Bytes Received By Job
	Partitionable Resources :    Usage  Request Allocated 
	   Cpus                 :                 1         1 
	   Disk (KB)            :       20        1   3020127 
	   Memory (MB)          :      123     2000      2000 

	Job terminated of its own accord at 2023-09-28T12:47:53Z.
...
