000 (15271413.099.000) 12/18 14:02:23 Job submitted from host: <188.184.90.241:9618?addrs=188.184.90.241-9618+[2001-1458-201-e4--100-2eb]-9618&alias=bigbird15.cern.ch&noUDP&sock=schedd_2763_c443>
...
040 (15271413.099.000) 12/18 14:06:23 Started transferring input files
	Transferring to host: <188.184.163.197:9618?addrs=188.184.163.197-9618+[2001-1458-301-4d--100-bf]-9618&alias=b9s12p1302.cern.ch&noUDP&sock=slot1_4_126744_5d1b_30342>
...
040 (15271413.099.000) 12/18 14:06:23 Finished transferring input files
...
001 (15271413.099.000) 12/18 14:06:24 Job executing on host: <188.184.163.197:9618?addrs=188.184.163.197-9618+[2001-1458-301-4d--100-bf]-9618&alias=b9s12p1302.cern.ch&noUDP&sock=startd_115390_854f>
...
006 (15271413.099.000) 12/18 14:06:33 Image size of job updated: 446924
	437  -  MemoryUsage of job (MB)
	446924  -  ResidentSetSize of job (KB)
...
040 (15271413.099.000) 12/18 14:07:21 Started transferring output files
...
040 (15271413.099.000) 12/18 14:07:21 Finished transferring output files
...
005 (15271413.099.000) 12/18 14:07:21 Job terminated.
	(1) Normal termination (return value 0)
		Usr 0 00:00:01, Sys 0 00:00:00  -  Run Remote Usage
		Usr 0 00:00:00, Sys 0 00:00:00  -  Run Local Usage
		Usr 0 00:00:01, Sys 0 00:00:00  -  Total Remote Usage
		Usr 0 00:00:00, Sys 0 00:00:00  -  Total Local Usage
	11901  -  Run Bytes Sent By Job
	269  -  Run Bytes Received By Job
	11901  -  Total Bytes Sent By Job
	269  -  Total Bytes Received By Job
	Partitionable Resources :    Usage  Request Allocated 
	   Cpus                 :                 1         1 
	   Disk (KB)            :       26        1   2993769 
	   Memory (MB)          :      437     2000      2000 

	Job terminated of its own accord at 2023-12-18T13:07:21Z.
...
