000 (15271413.048.000) 12/18 14:02:22 Job submitted from host: <188.184.90.241:9618?addrs=188.184.90.241-9618+[2001-1458-201-e4--100-2eb]-9618&alias=bigbird15.cern.ch&noUDP&sock=schedd_2763_c443>
...
040 (15271413.048.000) 12/18 14:06:04 Started transferring input files
	Transferring to host: <128.142.61.149:9618?addrs=128.142.61.149-9618+[2001-1458-301-23--100-94]-9618&alias=b9s06p4623.cern.ch&noUDP&sock=slot1_5_128923_aa94_6517>
...
040 (15271413.048.000) 12/18 14:06:04 Finished transferring input files
...
001 (15271413.048.000) 12/18 14:06:05 Job executing on host: <128.142.61.149:9618?addrs=128.142.61.149-9618+[2001-1458-301-23--100-94]-9618&alias=b9s06p4623.cern.ch&noUDP&sock=startd_112940_0647>
...
006 (15271413.048.000) 12/18 14:06:14 Image size of job updated: 133448
	125  -  MemoryUsage of job (MB)
	127908  -  ResidentSetSize of job (KB)
...
006 (15271413.048.000) 12/18 14:11:14 Image size of job updated: 821000
	802  -  MemoryUsage of job (MB)
	820508  -  ResidentSetSize of job (KB)
...
006 (15271413.048.000) 12/18 14:12:35 Image size of job updated: 2611932
	802  -  MemoryUsage of job (MB)
	820508  -  ResidentSetSize of job (KB)
...
040 (15271413.048.000) 12/18 14:12:35 Started transferring output files
...
040 (15271413.048.000) 12/18 14:12:35 Finished transferring output files
...
005 (15271413.048.000) 12/18 14:12:35 Job terminated.
	(1) Normal termination (return value 0)
		Usr 0 00:04:19, Sys 0 00:00:04  -  Run Remote Usage
		Usr 0 00:00:00, Sys 0 00:00:00  -  Run Local Usage
		Usr 0 00:04:19, Sys 0 00:00:04  -  Total Remote Usage
		Usr 0 00:00:00, Sys 0 00:00:00  -  Total Local Usage
	118043  -  Run Bytes Sent By Job
	269  -  Run Bytes Received By Job
	118043  -  Total Bytes Sent By Job
	269  -  Total Bytes Received By Job
	Partitionable Resources :    Usage  Request Allocated 
	   Cpus                 :                 1         1 
	   Disk (KB)            :      152        1   3047379 
	   Memory (MB)          :      802     2000      2000 

	Job terminated of its own accord at 2023-12-18T13:12:35Z.
...
