000 (15159756.044.000) 10/09 09:27:43 Job submitted from host: <188.184.90.241:9618?addrs=188.184.90.241-9618+[2001-1458-201-e4--100-2eb]-9618&alias=bigbird15.cern.ch&noUDP&sock=schedd_2763_c443>
...
040 (15159756.044.000) 10/09 11:14:57 Started transferring input files
	Transferring to host: <128.142.59.127:9618?addrs=128.142.59.127-9618&alias=b7s04p8178.cern.ch&noUDP&sock=slot1_10_4013_457c_200903>
...
040 (15159756.044.000) 10/09 11:14:57 Finished transferring input files
...
001 (15159756.044.000) 10/09 11:14:58 Job executing on host: <128.142.59.127:9618?addrs=128.142.59.127-9618&alias=b7s04p8178.cern.ch&noUDP&sock=startd_3945_8535>
...
006 (15159756.044.000) 10/09 11:15:06 Image size of job updated: 540832
	50  -  MemoryUsage of job (MB)
	51176  -  ResidentSetSize of job (KB)
...
006 (15159756.044.000) 10/09 11:20:06 Image size of job updated: 979504
	434  -  MemoryUsage of job (MB)
	444400  -  ResidentSetSize of job (KB)
...
006 (15159756.044.000) 10/09 11:23:26 Image size of job updated: 3309968
	434  -  MemoryUsage of job (MB)
	444400  -  ResidentSetSize of job (KB)
...
040 (15159756.044.000) 10/09 11:23:26 Started transferring output files
...
040 (15159756.044.000) 10/09 11:23:26 Finished transferring output files
...
005 (15159756.044.000) 10/09 11:23:26 Job terminated.
	(1) Normal termination (return value 0)
		Usr 0 00:07:15, Sys 0 00:00:06  -  Run Remote Usage
		Usr 0 00:00:00, Sys 0 00:00:00  -  Run Local Usage
		Usr 0 00:07:15, Sys 0 00:00:06  -  Total Remote Usage
		Usr 0 00:00:00, Sys 0 00:00:00  -  Total Local Usage
	149906  -  Run Bytes Sent By Job
	269  -  Run Bytes Received By Job
	149906  -  Total Bytes Sent By Job
	269  -  Total Bytes Received By Job
	Partitionable Resources :    Usage  Request Allocated 
	   Cpus                 :                 1         1 
	   Disk (KB)            :      160        1   1005872 
	   Memory (MB)          :      434     2000      2000 

	Job terminated of its own accord at 2023-10-09T09:23:26Z.
...
