000 (15271413.120.000) 12/18 14:02:23 Job submitted from host: <188.184.90.241:9618?addrs=188.184.90.241-9618+[2001-1458-201-e4--100-2eb]-9618&alias=bigbird15.cern.ch&noUDP&sock=schedd_2763_c443>
...
040 (15271413.120.000) 12/18 14:06:30 Started transferring input files
	Transferring to host: <188.184.163.118:9618?addrs=188.184.163.118-9618+[2001-1458-301-4d--100-70]-9618&alias=b9s12p2793.cern.ch&noUDP&sock=slot1_8_134843_d784_30845>
...
040 (15271413.120.000) 12/18 14:06:30 Finished transferring input files
...
001 (15271413.120.000) 12/18 14:06:31 Job executing on host: <188.184.163.118:9618?addrs=188.184.163.118-9618+[2001-1458-301-4d--100-70]-9618&alias=b9s12p2793.cern.ch&noUDP&sock=startd_114013_0366>
...
006 (15271413.120.000) 12/18 14:06:40 Image size of job updated: 82768
	81  -  MemoryUsage of job (MB)
	82768  -  ResidentSetSize of job (KB)
...
040 (15271413.120.000) 12/18 14:07:47 Started transferring output files
...
040 (15271413.120.000) 12/18 14:07:47 Finished transferring output files
...
005 (15271413.120.000) 12/18 14:07:47 Job terminated.
	(1) Normal termination (return value 0)
		Usr 0 00:00:06, Sys 0 00:00:02  -  Run Remote Usage
		Usr 0 00:00:00, Sys 0 00:00:00  -  Run Local Usage
		Usr 0 00:00:06, Sys 0 00:00:02  -  Total Remote Usage
		Usr 0 00:00:00, Sys 0 00:00:00  -  Total Local Usage
	20884  -  Run Bytes Sent By Job
	269  -  Run Bytes Received By Job
	20884  -  Total Bytes Sent By Job
	269  -  Total Bytes Received By Job
	Partitionable Resources :    Usage  Request Allocated 
	   Cpus                 :        0        1         1 
	   Disk (KB)            :       42        1   3104295 
	   Memory (MB)          :       81     2000      2000 

	Job terminated of its own accord at 2023-12-18T13:07:47Z.
...
