000 (15150662.202.000) 09/28 15:49:41 Job submitted from host: <188.184.90.241:9618?addrs=188.184.90.241-9618+[2001-1458-201-e4--100-2eb]-9618&alias=bigbird15.cern.ch&noUDP&sock=schedd_2763_c443>
...
040 (15150662.202.000) 09/28 16:01:55 Started transferring input files
	Transferring to host: <188.184.163.14:9618?addrs=188.184.163.14-9618+[2001-1458-301-4d--100-8]-9618&alias=b7s12p2242.cern.ch&noUDP&sock=slot1_41_123067_95a6_213752>
...
040 (15150662.202.000) 09/28 16:01:55 Finished transferring input files
...
001 (15150662.202.000) 09/28 16:01:56 Job executing on host: <188.184.163.14:9618?addrs=188.184.163.14-9618+[2001-1458-301-4d--100-8]-9618&alias=b7s12p2242.cern.ch&noUDP&sock=startd_28826_d11b>
...
006 (15150662.202.000) 09/28 16:02:04 Image size of job updated: 747864
	120  -  MemoryUsage of job (MB)
	122196  -  ResidentSetSize of job (KB)
...
006 (15150662.202.000) 09/28 16:05:59 Image size of job updated: 923096
	120  -  MemoryUsage of job (MB)
	122196  -  ResidentSetSize of job (KB)
...
040 (15150662.202.000) 09/28 16:05:59 Started transferring output files
...
040 (15150662.202.000) 09/28 16:05:59 Finished transferring output files
...
005 (15150662.202.000) 09/28 16:05:59 Job terminated.
	(1) Normal termination (return value 0)
		Usr 0 00:00:16, Sys 0 00:00:01  -  Run Remote Usage
		Usr 0 00:00:00, Sys 0 00:00:00  -  Run Local Usage
		Usr 0 00:00:16, Sys 0 00:00:01  -  Total Remote Usage
		Usr 0 00:00:00, Sys 0 00:00:00  -  Total Local Usage
	7934  -  Run Bytes Sent By Job
	374  -  Run Bytes Received By Job
	7934  -  Total Bytes Sent By Job
	374  -  Total Bytes Received By Job
	Partitionable Resources :    Usage  Request Allocated 
	   Cpus                 :                 1         1 
	   Disk (KB)            :       22        1   3132826 
	   Memory (MB)          :      120     2000      2000 

	Job terminated of its own accord at 2023-09-28T14:05:59Z.
...
