000 (15155263.040.000) 10/07 15:36:06 Job submitted from host: <188.184.90.241:9618?addrs=188.184.90.241-9618+[2001-1458-201-e4--100-2eb]-9618&alias=bigbird15.cern.ch&noUDP&sock=schedd_2763_c443>
...
040 (15155263.040.000) 10/07 15:38:52 Started transferring input files
	Transferring to host: <128.142.61.65:9618?addrs=128.142.61.65-9618+[2001-1458-301-23--100-40]-9618&alias=b7s06p7861.cern.ch&noUDP&sock=slot1_19_3159_8d1a_35381>
...
040 (15155263.040.000) 10/07 15:38:52 Finished transferring input files
...
001 (15155263.040.000) 10/07 15:38:53 Job executing on host: <128.142.61.65:9618?addrs=128.142.61.65-9618+[2001-1458-301-23--100-40]-9618&alias=b7s06p7861.cern.ch&noUDP&sock=startd_2809_519f>
...
006 (15155263.040.000) 10/07 15:39:03 Image size of job updated: 693188
	51  -  MemoryUsage of job (MB)
	52124  -  ResidentSetSize of job (KB)
...
006 (15155263.040.000) 10/07 15:44:03 Image size of job updated: 1163384
	612  -  MemoryUsage of job (MB)
	626300  -  ResidentSetSize of job (KB)
...
006 (15155263.040.000) 10/07 15:49:04 Image size of job updated: 1163448
	612  -  MemoryUsage of job (MB)
	626300  -  ResidentSetSize of job (KB)
...
006 (15155263.040.000) 10/07 15:59:05 Image size of job updated: 3609704
	612  -  MemoryUsage of job (MB)
	626300  -  ResidentSetSize of job (KB)
...
006 (15155263.040.000) 10/07 16:04:05 Image size of job updated: 3853036
	612  -  MemoryUsage of job (MB)
	626300  -  ResidentSetSize of job (KB)
...
006 (15155263.040.000) 10/07 16:09:06 Image size of job updated: 3906664
	612  -  MemoryUsage of job (MB)
	626300  -  ResidentSetSize of job (KB)
...
006 (15155263.040.000) 10/07 16:14:07 Image size of job updated: 3920656
	612  -  MemoryUsage of job (MB)
	626300  -  ResidentSetSize of job (KB)
...
006 (15155263.040.000) 10/07 16:15:09 Image size of job updated: 3927884
	612  -  MemoryUsage of job (MB)
	626300  -  ResidentSetSize of job (KB)
...
040 (15155263.040.000) 10/07 16:15:09 Started transferring output files
...
040 (15155263.040.000) 10/07 16:15:09 Finished transferring output files
...
005 (15155263.040.000) 10/07 16:15:09 Job terminated.
	(1) Normal termination (return value 0)
		Usr 0 00:08:57, Sys 0 00:00:17  -  Run Remote Usage
		Usr 0 00:00:00, Sys 0 00:00:00  -  Run Local Usage
		Usr 0 00:08:57, Sys 0 00:00:17  -  Total Remote Usage
		Usr 0 00:00:00, Sys 0 00:00:00  -  Total Local Usage
	85486  -  Run Bytes Sent By Job
	323  -  Run Bytes Received By Job
	85486  -  Total Bytes Sent By Job
	323  -  Total Bytes Received By Job
	Partitionable Resources :    Usage  Request Allocated 
	   Cpus                 :     0.14        1         1 
	   Disk (KB)            :   104           1   1223996 
	   Memory (MB)          :   612        2000      2000 

	Job terminated of its own accord at 2023-10-07T14:15:09Z.
...
