000 (15159756.070.000) 10/09 09:27:44 Job submitted from host: <188.184.90.241:9618?addrs=188.184.90.241-9618+[2001-1458-201-e4--100-2eb]-9618&alias=bigbird15.cern.ch&noUDP&sock=schedd_2763_c443>
...
040 (15159756.070.000) 10/09 11:15:05 Started transferring input files
	Transferring to host: <188.184.162.103:9618?addrs=188.184.162.103-9618+[2001-1458-301-4a--100-61]-9618&alias=b7s11p7261.cern.ch&noUDP&sock=slot1_12_4729_c219_229554>
...
040 (15159756.070.000) 10/09 11:15:05 Finished transferring input files
...
001 (15159756.070.000) 10/09 11:15:06 Job executing on host: <188.184.162.103:9618?addrs=188.184.162.103-9618+[2001-1458-301-4a--100-61]-9618&alias=b7s11p7261.cern.ch&noUDP&sock=startd_3294_fd0d>
...
006 (15159756.070.000) 10/09 11:15:15 Image size of job updated: 120636
	51  -  MemoryUsage of job (MB)
	51928  -  ResidentSetSize of job (KB)
...
006 (15159756.070.000) 10/09 11:20:15 Image size of job updated: 925916
	431  -  MemoryUsage of job (MB)
	440568  -  ResidentSetSize of job (KB)
...
006 (15159756.070.000) 10/09 11:23:56 Image size of job updated: 3627180
	431  -  MemoryUsage of job (MB)
	440568  -  ResidentSetSize of job (KB)
...
040 (15159756.070.000) 10/09 11:23:56 Started transferring output files
...
040 (15159756.070.000) 10/09 11:23:56 Finished transferring output files
...
005 (15159756.070.000) 10/09 11:23:56 Job terminated.
	(1) Normal termination (return value 0)
		Usr 0 00:07:41, Sys 0 00:00:07  -  Run Remote Usage
		Usr 0 00:00:00, Sys 0 00:00:00  -  Run Local Usage
		Usr 0 00:07:41, Sys 0 00:00:07  -  Total Remote Usage
		Usr 0 00:00:00, Sys 0 00:00:00  -  Total Local Usage
	143644  -  Run Bytes Sent By Job
	269  -  Run Bytes Received By Job
	143644  -  Total Bytes Sent By Job
	269  -  Total Bytes Received By Job
	Partitionable Resources :    Usage  Request Allocated 
	   Cpus                 :     0.96        1         1 
	   Disk (KB)            :   162           1   3024261 
	   Memory (MB)          :   431        2000      2000 

	Job terminated of its own accord at 2023-10-09T09:23:56Z.
...
