000 (14832095.067.000) 06/12 15:17:57 Job submitted from host: <188.184.90.241:9618?addrs=188.184.90.241-9618+[2001-1458-201-e4--100-2eb]-9618&alias=bigbird15.cern.ch&noUDP&sock=schedd_1460210_2ef4>
...
040 (14832095.067.000) 06/12 15:19:57 Started transferring input files
	Transferring to host: <188.184.163.88:9618?addrs=188.184.163.88-9618&alias=b7s12p6841.cern.ch&noUDP&sock=slot1_6_3609_9dec_90918>
...
040 (14832095.067.000) 06/12 15:19:57 Finished transferring input files
...
001 (14832095.067.000) 06/12 15:19:58 Job executing on host: <188.184.163.88:9618?addrs=188.184.163.88-9618&alias=b7s12p6841.cern.ch&noUDP&sock=startd_2948_a949>
...
006 (14832095.067.000) 06/12 15:20:07 Image size of job updated: 553972
	47  -  MemoryUsage of job (MB)
	47628  -  ResidentSetSize of job (KB)
...
006 (14832095.067.000) 06/12 15:25:08 Image size of job updated: 1480292
	959  -  MemoryUsage of job (MB)
	981040  -  ResidentSetSize of job (KB)
...
006 (14832095.067.000) 06/12 15:30:09 Image size of job updated: 2130348
	1389  -  MemoryUsage of job (MB)
	1421584  -  ResidentSetSize of job (KB)
...
006 (14832095.067.000) 06/12 15:35:09 Image size of job updated: 2155348
	1465  -  MemoryUsage of job (MB)
	1499140  -  ResidentSetSize of job (KB)
...
006 (14832095.067.000) 06/12 15:45:10 Image size of job updated: 4067832
	1465  -  MemoryUsage of job (MB)
	1499140  -  ResidentSetSize of job (KB)
...
006 (14832095.067.000) 06/12 15:55:10 Image size of job updated: 4350192
	1465  -  MemoryUsage of job (MB)
	1499140  -  ResidentSetSize of job (KB)
...
006 (14832095.067.000) 06/12 16:00:11 Image size of job updated: 4359396
	1465  -  MemoryUsage of job (MB)
	1499140  -  ResidentSetSize of job (KB)
...
006 (14832095.067.000) 06/12 16:05:12 Image size of job updated: 4419660
	1465  -  MemoryUsage of job (MB)
	1499140  -  ResidentSetSize of job (KB)
...
006 (14832095.067.000) 06/12 16:10:12 Image size of job updated: 4439624
	1465  -  MemoryUsage of job (MB)
	1499140  -  ResidentSetSize of job (KB)
...
006 (14832095.067.000) 06/12 16:10:48 Image size of job updated: 4443784
	1465  -  MemoryUsage of job (MB)
	1499140  -  ResidentSetSize of job (KB)
...
040 (14832095.067.000) 06/12 16:10:48 Started transferring output files
...
040 (14832095.067.000) 06/12 16:10:48 Finished transferring output files
...
005 (14832095.067.000) 06/12 16:10:48 Job terminated.
	(1) Normal termination (return value 0)
		Usr 0 00:15:21, Sys 0 00:01:04  -  Run Remote Usage
		Usr 0 00:00:00, Sys 0 00:00:00  -  Run Local Usage
		Usr 0 00:15:21, Sys 0 00:01:04  -  Total Remote Usage
		Usr 0 00:00:00, Sys 0 00:00:00  -  Total Local Usage
	132019  -  Run Bytes Sent By Job
	323  -  Run Bytes Received By Job
	132019  -  Total Bytes Sent By Job
	323  -  Total Bytes Received By Job
	Partitionable Resources :    Usage  Request Allocated 
	   Cpus                 :        0        1         1 
	   Disk (KB)            :      150        1   2902635 
	   Memory (MB)          :     1465     2000      2000 

	Job terminated of its own accord at 2023-06-12T14:10:48Z.
...
