000 (15271413.142.000) 12/18 14:02:23 Job submitted from host: <188.184.90.241:9618?addrs=188.184.90.241-9618+[2001-1458-201-e4--100-2eb]-9618&alias=bigbird15.cern.ch&noUDP&sock=schedd_2763_c443>
...
040 (15271413.142.000) 12/18 14:06:37 Started transferring input files
	Transferring to host: <128.142.60.167:9618?addrs=128.142.60.167-9618+[2001-1458-301-22--100-a6]-9618&alias=b9s05p9775.cern.ch&noUDP&sock=slot1_8_125659_e20f_6697>
...
040 (15271413.142.000) 12/18 14:06:37 Finished transferring input files
...
001 (15271413.142.000) 12/18 14:06:38 Job executing on host: <128.142.60.167:9618?addrs=128.142.60.167-9618+[2001-1458-301-22--100-a6]-9618&alias=b9s05p9775.cern.ch&noUDP&sock=startd_113199_ad4f>
...
006 (15271413.142.000) 12/18 14:06:46 Image size of job updated: 135280
	132  -  MemoryUsage of job (MB)
	134856  -  ResidentSetSize of job (KB)
...
006 (15271413.142.000) 12/18 14:11:46 Image size of job updated: 632000
	618  -  MemoryUsage of job (MB)
	632000  -  ResidentSetSize of job (KB)
...
006 (15271413.142.000) 12/18 14:13:53 Image size of job updated: 2838056
	618  -  MemoryUsage of job (MB)
	632000  -  ResidentSetSize of job (KB)
...
040 (15271413.142.000) 12/18 14:13:53 Started transferring output files
...
040 (15271413.142.000) 12/18 14:13:53 Finished transferring output files
...
005 (15271413.142.000) 12/18 14:13:53 Job terminated.
	(1) Normal termination (return value 0)
		Usr 0 00:05:59, Sys 0 00:00:04  -  Run Remote Usage
		Usr 0 00:00:00, Sys 0 00:00:00  -  Run Local Usage
		Usr 0 00:05:59, Sys 0 00:00:04  -  Total Remote Usage
		Usr 0 00:00:00, Sys 0 00:00:00  -  Total Local Usage
	163098  -  Run Bytes Sent By Job
	269  -  Run Bytes Received By Job
	163098  -  Total Bytes Sent By Job
	269  -  Total Bytes Received By Job
	Partitionable Resources :    Usage  Request Allocated 
	   Cpus                 :                 1         1 
	   Disk (KB)            :      196        1   2997459 
	   Memory (MB)          :      618     2000      2000 

	Job terminated of its own accord at 2023-12-18T13:13:53Z.
...
