000 (15271413.000.000) 12/18 14:02:22 Job submitted from host: <188.184.90.241:9618?addrs=188.184.90.241-9618+[2001-1458-201-e4--100-2eb]-9618&alias=bigbird15.cern.ch&noUDP&sock=schedd_2763_c443>
...
040 (15271413.000.000) 12/18 14:05:47 Started transferring input files
	Transferring to host: <188.184.184.253:9618?addrs=188.184.184.253-9618+[2001-1458-301-4f--100-fd]-9618&alias=b9g36p7719.cern.ch&noUDP&sock=slot1_6_7216_131f_8720>
...
040 (15271413.000.000) 12/18 14:05:47 Finished transferring input files
...
001 (15271413.000.000) 12/18 14:05:48 Job executing on host: <188.184.184.253:9618?addrs=188.184.184.253-9618+[2001-1458-301-4f--100-fd]-9618&alias=b9g36p7719.cern.ch&noUDP&sock=startd_7176_b7b4>
...
006 (15271413.000.000) 12/18 14:05:57 Image size of job updated: 106596
	86  -  MemoryUsage of job (MB)
	87412  -  ResidentSetSize of job (KB)
...
006 (15271413.000.000) 12/18 14:09:48 Image size of job updated: 2811636
	86  -  MemoryUsage of job (MB)
	87412  -  ResidentSetSize of job (KB)
...
040 (15271413.000.000) 12/18 14:09:48 Started transferring output files
...
040 (15271413.000.000) 12/18 14:09:48 Finished transferring output files
...
005 (15271413.000.000) 12/18 14:09:48 Job terminated.
	(1) Normal termination (return value 0)
		Usr 0 00:02:44, Sys 0 00:00:03  -  Run Remote Usage
		Usr 0 00:00:00, Sys 0 00:00:00  -  Run Local Usage
		Usr 0 00:02:44, Sys 0 00:00:03  -  Total Remote Usage
		Usr 0 00:00:00, Sys 0 00:00:00  -  Total Local Usage
	113982  -  Run Bytes Sent By Job
	269  -  Run Bytes Received By Job
	113982  -  Total Bytes Sent By Job
	269  -  Total Bytes Received By Job
	Partitionable Resources :    Usage  Request Allocated 
	   Cpus                 :     0.11        1         1 
	   Disk (KB)            :   155           1   1333388 
	   Memory (MB)          :    86        2000      2000 

	Job terminated of its own accord at 2023-12-18T13:09:48Z.
...
