000 (15159766.036.000) 10/09 11:47:56 Job submitted from host: <188.184.90.241:9618?addrs=188.184.90.241-9618+[2001-1458-201-e4--100-2eb]-9618&alias=bigbird15.cern.ch&noUDP&sock=schedd_2763_c443>
...
040 (15159766.036.000) 10/09 14:24:29 Started transferring input files
	Transferring to host: <128.142.57.94:9618?addrs=128.142.57.94-9618&alias=b7s02p3547.cern.ch&noUDP&sock=slot1_24_5669_12c0_124>
...
040 (15159766.036.000) 10/09 14:24:29 Finished transferring input files
...
001 (15159766.036.000) 10/09 14:24:30 Job executing on host: <128.142.57.94:9618?addrs=128.142.57.94-9618&alias=b7s02p3547.cern.ch&noUDP&sock=startd_4743_e1c8>
...
006 (15159766.036.000) 10/09 14:24:38 Image size of job updated: 908864
	119  -  MemoryUsage of job (MB)
	121408  -  ResidentSetSize of job (KB)
...
006 (15159766.036.000) 10/09 14:27:06 Image size of job updated: 919480
	119  -  MemoryUsage of job (MB)
	121416  -  ResidentSetSize of job (KB)
...
040 (15159766.036.000) 10/09 14:27:06 Started transferring output files
...
040 (15159766.036.000) 10/09 14:27:06 Finished transferring output files
...
005 (15159766.036.000) 10/09 14:27:06 Job terminated.
	(1) Normal termination (return value 0)
		Usr 0 00:00:09, Sys 0 00:00:00  -  Run Remote Usage
		Usr 0 00:00:00, Sys 0 00:00:00  -  Run Local Usage
		Usr 0 00:00:09, Sys 0 00:00:00  -  Total Remote Usage
		Usr 0 00:00:00, Sys 0 00:00:00  -  Total Local Usage
	10558  -  Run Bytes Sent By Job
	374  -  Run Bytes Received By Job
	10558  -  Total Bytes Sent By Job
	374  -  Total Bytes Received By Job
	Partitionable Resources :    Usage  Request Allocated 
	   Cpus                 :                 1         1 
	   Disk (KB)            :       24        1   1367070 
	   Memory (MB)          :      119     2000      2000 

	Job terminated of its own accord at 2023-10-09T12:27:06Z.
...
