000 (14808124.028.000) 05/19 04:24:07 Job submitted from host: <188.184.90.241:9618?addrs=188.184.90.241-9618+[2001-1458-201-e4--100-2eb]-9618&alias=bigbird15.cern.ch&noUDP&sock=schedd_3273_9590>
...
040 (14808124.028.000) 05/19 04:35:50 Started transferring input files
	Transferring to host: <128.142.58.173:9618?addrs=128.142.58.173-9618+[2001-1458-301-16--100-ac]-9618&alias=b7s03p6736.cern.ch&noUDP&sock=slot1_20_4756_c83a_35741>
...
040 (14808124.028.000) 05/19 04:35:50 Finished transferring input files
...
001 (14808124.028.000) 05/19 04:35:51 Job executing on host: <128.142.58.173:9618?addrs=128.142.58.173-9618+[2001-1458-301-16--100-ac]-9618&alias=b7s03p6736.cern.ch&noUDP&sock=startd_3222_9a3c>
...
006 (14808124.028.000) 05/19 04:35:59 Image size of job updated: 554376
	47  -  MemoryUsage of job (MB)
	48008  -  ResidentSetSize of job (KB)
...
006 (14808124.028.000) 05/19 04:40:59 Image size of job updated: 3733508
	3151  -  MemoryUsage of job (MB)
	3226144  -  ResidentSetSize of job (KB)
...
006 (14808124.028.000) 05/19 04:45:59 Image size of job updated: 6861524
	6403  -  MemoryUsage of job (MB)
	6556124  -  ResidentSetSize of job (KB)
...
006 (14808124.028.000) 05/19 04:51:00 Image size of job updated: 12175488
	11741  -  MemoryUsage of job (MB)
	12022152  -  ResidentSetSize of job (KB)
...
006 (14808124.028.000) 05/19 04:56:00 Image size of job updated: 12580348
	11791  -  MemoryUsage of job (MB)
	12073404  -  ResidentSetSize of job (KB)
...
006 (14808124.028.000) 05/19 05:00:49 Image size of job updated: 12680988
	11791  -  MemoryUsage of job (MB)
	12073404  -  ResidentSetSize of job (KB)
...
040 (14808124.028.000) 05/19 05:00:49 Started transferring output files
...
040 (14808124.028.000) 05/19 05:00:49 Finished transferring output files
...
005 (14808124.028.000) 05/19 05:00:49 Job terminated.
	(1) Normal termination (return value 0)
		Usr 0 00:18:57, Sys 0 00:00:35  -  Run Remote Usage
		Usr 0 00:00:00, Sys 0 00:00:00  -  Run Local Usage
		Usr 0 00:18:57, Sys 0 00:00:35  -  Total Remote Usage
		Usr 0 00:00:00, Sys 0 00:00:00  -  Total Local Usage
	2064057  -  Run Bytes Sent By Job
	269  -  Run Bytes Received By Job
	2064057  -  Total Bytes Sent By Job
	269  -  Total Bytes Received By Job
	Partitionable Resources :    Usage  Request Allocated 
	   Cpus                 :     1.00        1         1 
	   Disk (KB)            :  2037           1   1295935 
	   Memory (MB)          : 11791        2000      2000 

	Job terminated of its own accord at 2023-05-19T03:00:49Z.
...
