000 (15155271.016.000) 10/07 16:55:47 Job submitted from host: <188.184.90.241:9618?addrs=188.184.90.241-9618+[2001-1458-201-e4--100-2eb]-9618&alias=bigbird15.cern.ch&noUDP&sock=schedd_2763_c443>
...
040 (15155271.016.000) 10/07 17:05:57 Started transferring input files
	Transferring to host: <188.184.162.193:9618?addrs=188.184.162.193-9618&alias=b7s11p7899.cern.ch&noUDP&sock=slot1_23_101440_6816_190975>
...
040 (15155271.016.000) 10/07 17:05:57 Finished transferring input files
...
001 (15155271.016.000) 10/07 17:05:58 Job executing on host: <188.184.162.193:9618?addrs=188.184.162.193-9618&alias=b7s11p7899.cern.ch&noUDP&sock=startd_2924_3303>
...
006 (15155271.016.000) 10/07 17:06:07 Image size of job updated: 581080
	69  -  MemoryUsage of job (MB)
	70320  -  ResidentSetSize of job (KB)
...
006 (15155271.016.000) 10/07 17:11:08 Image size of job updated: 969704
	424  -  MemoryUsage of job (MB)
	433584  -  ResidentSetSize of job (KB)
...
006 (15155271.016.000) 10/07 17:16:08 Image size of job updated: 1215640
	677  -  MemoryUsage of job (MB)
	693188  -  ResidentSetSize of job (KB)
...
006 (15155271.016.000) 10/07 17:21:09 Image size of job updated: 1229996
	677  -  MemoryUsage of job (MB)
	693188  -  ResidentSetSize of job (KB)
...
006 (15155271.016.000) 10/07 17:31:09 Image size of job updated: 3648516
	677  -  MemoryUsage of job (MB)
	693188  -  ResidentSetSize of job (KB)
...
006 (15155271.016.000) 10/07 17:36:10 Image size of job updated: 3891832
	677  -  MemoryUsage of job (MB)
	693188  -  ResidentSetSize of job (KB)
...
006 (15155271.016.000) 10/07 17:41:10 Image size of job updated: 3899648
	677  -  MemoryUsage of job (MB)
	693188  -  ResidentSetSize of job (KB)
...
006 (15155271.016.000) 10/07 17:46:10 Image size of job updated: 3949792
	677  -  MemoryUsage of job (MB)
	693188  -  ResidentSetSize of job (KB)
...
006 (15155271.016.000) 10/07 17:50:43 Image size of job updated: 3969660
	677  -  MemoryUsage of job (MB)
	693188  -  ResidentSetSize of job (KB)
...
040 (15155271.016.000) 10/07 17:50:43 Started transferring output files
...
040 (15155271.016.000) 10/07 17:50:43 Finished transferring output files
...
005 (15155271.016.000) 10/07 17:50:43 Job terminated.
	(1) Normal termination (return value 0)
		Usr 0 00:17:33, Sys 0 00:00:28  -  Run Remote Usage
		Usr 0 00:00:00, Sys 0 00:00:00  -  Run Local Usage
		Usr 0 00:17:33, Sys 0 00:00:28  -  Total Remote Usage
		Usr 0 00:00:00, Sys 0 00:00:00  -  Total Local Usage
	90195  -  Run Bytes Sent By Job
	323  -  Run Bytes Received By Job
	90195  -  Total Bytes Sent By Job
	323  -  Total Bytes Received By Job
	Partitionable Resources :    Usage  Request Allocated 
	   Cpus                 :     0.09        1         1 
	   Disk (KB)            :   109           1   2927605 
	   Memory (MB)          :   677        2000      2000 

	Job terminated of its own accord at 2023-10-07T15:50:43Z.
...
