000 (15149098.021.000) 09/27 08:23:39 Job submitted from host: <188.184.90.241:9618?addrs=188.184.90.241-9618+[2001-1458-201-e4--100-2eb]-9618&alias=bigbird15.cern.ch&noUDP&sock=schedd_2763_c443>
...
040 (15149098.021.000) 09/27 08:37:01 Started transferring input files
	Transferring to host: <188.184.162.135:9618?addrs=188.184.162.135-9618&alias=b7s11p9669.cern.ch&noUDP&sock=slot1_23_5952_78eb_37981>
...
040 (15149098.021.000) 09/27 08:37:01 Finished transferring input files
...
001 (15149098.021.000) 09/27 08:37:02 Job executing on host: <188.184.162.135:9618?addrs=188.184.162.135-9618&alias=b7s11p9669.cern.ch&noUDP&sock=startd_4896_d3c6>
...
006 (15149098.021.000) 09/27 08:37:11 Image size of job updated: 581156
	62  -  MemoryUsage of job (MB)
	63188  -  ResidentSetSize of job (KB)
...
006 (15149098.021.000) 09/27 08:42:12 Image size of job updated: 1110920
	614  -  MemoryUsage of job (MB)
	627836  -  ResidentSetSize of job (KB)
...
006 (15149098.021.000) 09/27 08:47:12 Image size of job updated: 1260984
	614  -  MemoryUsage of job (MB)
	627836  -  ResidentSetSize of job (KB)
...
006 (15149098.021.000) 09/27 08:52:13 Image size of job updated: 3630852
	614  -  MemoryUsage of job (MB)
	627836  -  ResidentSetSize of job (KB)
...
006 (15149098.021.000) 09/27 08:57:14 Image size of job updated: 3943544
	614  -  MemoryUsage of job (MB)
	627836  -  ResidentSetSize of job (KB)
...
006 (15149098.021.000) 09/27 08:57:54 Image size of job updated: 3961212
	614  -  MemoryUsage of job (MB)
	627836  -  ResidentSetSize of job (KB)
...
040 (15149098.021.000) 09/27 08:57:54 Started transferring output files
...
040 (15149098.021.000) 09/27 08:57:54 Finished transferring output files
...
005 (15149098.021.000) 09/27 08:57:54 Job terminated.
	(1) Normal termination (return value 0)
		Usr 0 00:10:54, Sys 0 00:00:23  -  Run Remote Usage
		Usr 0 00:00:00, Sys 0 00:00:00  -  Run Local Usage
		Usr 0 00:10:54, Sys 0 00:00:23  -  Total Remote Usage
		Usr 0 00:00:00, Sys 0 00:00:00  -  Total Local Usage
	85447  -  Run Bytes Sent By Job
	323  -  Run Bytes Received By Job
	85447  -  Total Bytes Sent By Job
	323  -  Total Bytes Received By Job
	Partitionable Resources :    Usage  Request Allocated 
	   Cpus                 :     0.12        1         1 
	   Disk (KB)            :   104           1   2895224 
	   Memory (MB)          :   614        2000      2000 

	Job terminated of its own accord at 2023-09-27T06:57:54Z.
...
