000 (14832095.083.000) 06/12 15:17:57 Job submitted from host: <188.184.90.241:9618?addrs=188.184.90.241-9618+[2001-1458-201-e4--100-2eb]-9618&alias=bigbird15.cern.ch&noUDP&sock=schedd_1460210_2ef4>
...
040 (14832095.083.000) 06/12 15:20:03 Started transferring input files
	Transferring to host: <188.184.162.189:9618?addrs=188.184.162.189-9618+[2001-1458-301-4a--100-b7]-9618&alias=b7s11p1071.cern.ch&noUDP&sock=slot1_24_220087_f38f_77898>
...
040 (14832095.083.000) 06/12 15:20:03 Finished transferring input files
...
001 (14832095.083.000) 06/12 15:20:04 Job executing on host: <188.184.162.189:9618?addrs=188.184.162.189-9618+[2001-1458-301-4a--100-b7]-9618&alias=b7s11p1071.cern.ch&noUDP&sock=startd_220035_4968>
...
006 (14832095.083.000) 06/12 15:20:12 Image size of job updated: 554128
	47  -  MemoryUsage of job (MB)
	47684  -  ResidentSetSize of job (KB)
...
006 (14832095.083.000) 06/12 15:25:12 Image size of job updated: 1428772
	919  -  MemoryUsage of job (MB)
	940372  -  ResidentSetSize of job (KB)
...
006 (14832095.083.000) 06/12 15:30:14 Image size of job updated: 1703828
	1113  -  MemoryUsage of job (MB)
	1139316  -  ResidentSetSize of job (KB)
...
006 (14832095.083.000) 06/12 15:45:15 Image size of job updated: 4033704
	1113  -  MemoryUsage of job (MB)
	1139316  -  ResidentSetSize of job (KB)
...
006 (14832095.083.000) 06/12 15:55:16 Image size of job updated: 4083860
	1113  -  MemoryUsage of job (MB)
	1139316  -  ResidentSetSize of job (KB)
...
006 (14832095.083.000) 06/12 16:00:17 Image size of job updated: 4319644
	1113  -  MemoryUsage of job (MB)
	1139316  -  ResidentSetSize of job (KB)
...
006 (14832095.083.000) 06/12 16:05:18 Image size of job updated: 4325524
	1113  -  MemoryUsage of job (MB)
	1139316  -  ResidentSetSize of job (KB)
...
006 (14832095.083.000) 06/12 16:10:18 Image size of job updated: 4385728
	1113  -  MemoryUsage of job (MB)
	1139316  -  ResidentSetSize of job (KB)
...
006 (14832095.083.000) 06/12 16:15:18 Image size of job updated: 4405276
	1113  -  MemoryUsage of job (MB)
	1139316  -  ResidentSetSize of job (KB)
...
006 (14832095.083.000) 06/12 16:16:16 Image size of job updated: 4409296
	1113  -  MemoryUsage of job (MB)
	1139316  -  ResidentSetSize of job (KB)
...
040 (14832095.083.000) 06/12 16:16:16 Started transferring output files
...
040 (14832095.083.000) 06/12 16:16:16 Finished transferring output files
...
005 (14832095.083.000) 06/12 16:16:16 Job terminated.
	(1) Normal termination (return value 0)
		Usr 0 00:12:06, Sys 0 00:00:40  -  Run Remote Usage
		Usr 0 00:00:00, Sys 0 00:00:00  -  Run Local Usage
		Usr 0 00:12:06, Sys 0 00:00:40  -  Total Remote Usage
		Usr 0 00:00:00, Sys 0 00:00:00  -  Total Local Usage
	112146  -  Run Bytes Sent By Job
	323  -  Run Bytes Received By Job
	112146  -  Total Bytes Sent By Job
	323  -  Total Bytes Received By Job
	Partitionable Resources :    Usage  Request Allocated 
	   Cpus                 :     0.09        1         1 
	   Disk (KB)            :   131           1   3000053 
	   Memory (MB)          :  1113        2000      2000 

	Job terminated of its own accord at 2023-06-12T14:16:16Z.
...
