000 (15159756.006.000) 10/09 09:27:43 Job submitted from host: <188.184.90.241:9618?addrs=188.184.90.241-9618+[2001-1458-201-e4--100-2eb]-9618&alias=bigbird15.cern.ch&noUDP&sock=schedd_2763_c443>
...
040 (15159756.006.000) 10/09 11:14:44 Started transferring input files
	Transferring to host: <128.142.60.129:9618?addrs=128.142.60.129-9618+[2001-1458-301-22--100-80]-9618&alias=b7s05p7062.cern.ch&noUDP&sock=slot1_12_55813_0eb7_144664>
...
040 (15159756.006.000) 10/09 11:14:44 Finished transferring input files
...
001 (15159756.006.000) 10/09 11:14:45 Job executing on host: <128.142.60.129:9618?addrs=128.142.60.129-9618+[2001-1458-301-22--100-80]-9618&alias=b7s05p7062.cern.ch&noUDP&sock=startd_3067_490e>
...
006 (15159756.006.000) 10/09 11:14:53 Image size of job updated: 63812
	59  -  MemoryUsage of job (MB)
	60336  -  ResidentSetSize of job (KB)
...
006 (15159756.006.000) 10/09 11:19:53 Image size of job updated: 937916
	443  -  MemoryUsage of job (MB)
	453184  -  ResidentSetSize of job (KB)
...
006 (15159756.006.000) 10/09 11:24:54 Image size of job updated: 1237884
	713  -  MemoryUsage of job (MB)
	729612  -  ResidentSetSize of job (KB)
...
006 (15159756.006.000) 10/09 11:27:38 Image size of job updated: 3507600
	713  -  MemoryUsage of job (MB)
	729612  -  ResidentSetSize of job (KB)
...
040 (15159756.006.000) 10/09 11:27:38 Started transferring output files
...
040 (15159756.006.000) 10/09 11:27:38 Finished transferring output files
...
005 (15159756.006.000) 10/09 11:27:38 Job terminated.
	(1) Normal termination (return value 0)
		Usr 0 00:11:14, Sys 0 00:00:07  -  Run Remote Usage
		Usr 0 00:00:00, Sys 0 00:00:00  -  Run Local Usage
		Usr 0 00:11:14, Sys 0 00:00:07  -  Total Remote Usage
		Usr 0 00:00:00, Sys 0 00:00:00  -  Total Local Usage
	186804  -  Run Bytes Sent By Job
	269  -  Run Bytes Received By Job
	186804  -  Total Bytes Sent By Job
	269  -  Total Bytes Received By Job
	Partitionable Resources :    Usage  Request Allocated 
	   Cpus                 :     0.94        1         1 
	   Disk (KB)            :   204           1   1211915 
	   Memory (MB)          :   713        2000      2000 

	Job terminated of its own accord at 2023-10-09T09:27:38Z.
...
