000 (15150655.029.000) 09/28 15:00:14 Job submitted from host: <188.184.90.241:9618?addrs=188.184.90.241-9618+[2001-1458-201-e4--100-2eb]-9618&alias=bigbird15.cern.ch&noUDP&sock=schedd_2763_c443>
...
040 (15150655.029.000) 09/28 15:04:10 Started transferring input files
	Transferring to host: <128.142.59.88:9618?addrs=128.142.59.88-9618+[2001-1458-301-21--100-57]-9618&alias=b7s04p0166.cern.ch&noUDP&sock=slot1_7_61455_5b5c_97048>
...
040 (15150655.029.000) 09/28 15:04:10 Finished transferring input files
...
001 (15150655.029.000) 09/28 15:04:11 Job executing on host: <128.142.59.88:9618?addrs=128.142.59.88-9618+[2001-1458-301-21--100-57]-9618&alias=b7s04p0166.cern.ch&noUDP&sock=startd_2913_a778>
...
006 (15150655.029.000) 09/28 15:04:20 Image size of job updated: 912320
	122  -  MemoryUsage of job (MB)
	124436  -  ResidentSetSize of job (KB)
...
006 (15150655.029.000) 09/28 15:07:48 Image size of job updated: 926984
	122  -  MemoryUsage of job (MB)
	124436  -  ResidentSetSize of job (KB)
...
040 (15150655.029.000) 09/28 15:07:49 Started transferring output files
...
040 (15150655.029.000) 09/28 15:07:49 Finished transferring output files
...
005 (15150655.029.000) 09/28 15:07:49 Job terminated.
	(1) Normal termination (return value 0)
		Usr 0 00:00:11, Sys 0 00:00:00  -  Run Remote Usage
		Usr 0 00:00:00, Sys 0 00:00:00  -  Run Local Usage
		Usr 0 00:00:11, Sys 0 00:00:00  -  Total Remote Usage
		Usr 0 00:00:00, Sys 0 00:00:00  -  Total Local Usage
	7926  -  Run Bytes Sent By Job
	374  -  Run Bytes Received By Job
	7926  -  Total Bytes Sent By Job
	374  -  Total Bytes Received By Job
	Partitionable Resources :    Usage  Request Allocated 
	   Cpus                 :                 1         1 
	   Disk (KB)            :       22        1   1348169 
	   Memory (MB)          :      122     2000      2000 

	Job terminated of its own accord at 2023-09-28T13:07:48Z.
...
