000 (15149098.031.000) 09/27 08:23:39 Job submitted from host: <188.184.90.241:9618?addrs=188.184.90.241-9618+[2001-1458-201-e4--100-2eb]-9618&alias=bigbird15.cern.ch&noUDP&sock=schedd_2763_c443>
...
040 (15149098.031.000) 09/27 08:37:02 Started transferring input files
	Transferring to host: <188.184.162.135:9618?addrs=188.184.162.135-9618&alias=b7s11p9669.cern.ch&noUDP&sock=slot1_24_5952_78eb_37982>
...
040 (15149098.031.000) 09/27 08:37:02 Finished transferring input files
...
001 (15149098.031.000) 09/27 08:37:03 Job executing on host: <188.184.162.135:9618?addrs=188.184.162.135-9618&alias=b7s11p9669.cern.ch&noUDP&sock=startd_4896_d3c6>
...
006 (15149098.031.000) 09/27 08:37:12 Image size of job updated: 565364
	51  -  MemoryUsage of job (MB)
	51612  -  ResidentSetSize of job (KB)
...
006 (15149098.031.000) 09/27 08:42:13 Image size of job updated: 1156144
	630  -  MemoryUsage of job (MB)
	644416  -  ResidentSetSize of job (KB)
...
006 (15149098.031.000) 09/27 08:47:13 Image size of job updated: 3859344
	630  -  MemoryUsage of job (MB)
	644416  -  ResidentSetSize of job (KB)
...
006 (15149098.031.000) 09/27 08:50:59 Image size of job updated: 3900484
	630  -  MemoryUsage of job (MB)
	644416  -  ResidentSetSize of job (KB)
...
040 (15149098.031.000) 09/27 08:50:59 Started transferring output files
...
040 (15149098.031.000) 09/27 08:50:59 Finished transferring output files
...
005 (15149098.031.000) 09/27 08:50:59 Job terminated.
	(1) Normal termination (return value 0)
		Usr 0 00:07:33, Sys 0 00:00:19  -  Run Remote Usage
		Usr 0 00:00:00, Sys 0 00:00:00  -  Run Local Usage
		Usr 0 00:07:33, Sys 0 00:00:19  -  Total Remote Usage
		Usr 0 00:00:00, Sys 0 00:00:00  -  Total Local Usage
	73185  -  Run Bytes Sent By Job
	323  -  Run Bytes Received By Job
	73185  -  Total Bytes Sent By Job
	323  -  Total Bytes Received By Job
	Partitionable Resources :    Usage  Request Allocated 
	   Cpus                 :     0.91        1         1 
	   Disk (KB)            :    92           1   2895224 
	   Memory (MB)          :   630        2000      2000 

	Job terminated of its own accord at 2023-09-27T06:50:59Z.
...
