000 (14759892.008.000) 03/28 13:59:15 Job submitted from host: <188.184.90.241:9618?addrs=188.184.90.241-9618+[2001-1458-201-e4--100-2eb]-9618&alias=bigbird15.cern.ch&noUDP&sock=schedd_3631588_e24a>
...
040 (14759892.008.000) 03/28 14:02:12 Started transferring input files
	Transferring to host: <128.142.63.62:9618?addrs=128.142.63.62-9618+[2001-1458-301-38--100-3b]-9618&alias=b7s08p5299.cern.ch&noUDP&sock=slot1_2_3602_af4c_52191>
...
040 (14759892.008.000) 03/28 14:02:12 Finished transferring input files
...
001 (14759892.008.000) 03/28 14:02:13 Job executing on host: <128.142.63.62:9618?addrs=128.142.63.62-9618+[2001-1458-301-38--100-3b]-9618&alias=b7s08p5299.cern.ch&noUDP&sock=startd_2951_b811>
...
006 (14759892.008.000) 03/28 14:02:21 Image size of job updated: 51912
	47  -  MemoryUsage of job (MB)
	47768  -  ResidentSetSize of job (KB)
...
006 (14759892.008.000) 03/28 14:07:21 Image size of job updated: 1352280
	57  -  MemoryUsage of job (MB)
	57564  -  ResidentSetSize of job (KB)
...
006 (14759892.008.000) 03/28 14:12:22 Image size of job updated: 1352280
	63  -  MemoryUsage of job (MB)
	63928  -  ResidentSetSize of job (KB)
...
006 (14759892.008.000) 03/28 14:17:22 Image size of job updated: 4141820
	217  -  MemoryUsage of job (MB)
	221500  -  ResidentSetSize of job (KB)
...
006 (14759892.008.000) 03/28 14:22:22 Image size of job updated: 4433540
	502  -  MemoryUsage of job (MB)
	513680  -  ResidentSetSize of job (KB)
...
040 (14759892.008.000) 03/28 14:22:22 Started transferring output files
...
040 (14759892.008.000) 03/28 14:22:22 Finished transferring output files
...
009 (14759892.008.000) 03/28 14:22:22 Job was aborted.
	Job removed by SYSTEM_PERIODIC_REMOVE due to wall time exceeded allowed max.
...
