000 (15150655.163.000) 09/28 15:00:14 Job submitted from host: <188.184.90.241:9618?addrs=188.184.90.241-9618+[2001-1458-201-e4--100-2eb]-9618&alias=bigbird15.cern.ch&noUDP&sock=schedd_2763_c443>
...
040 (15150655.163.000) 09/28 15:03:36 Started transferring input files
	Transferring to host: <128.142.58.134:9618?addrs=128.142.58.134-9618&alias=b7s03p1899.cern.ch&noUDP&sock=slot1_26_9273_6ad2_187745>
...
040 (15150655.163.000) 09/28 15:03:36 Finished transferring input files
...
001 (15150655.163.000) 09/28 15:03:37 Job executing on host: <128.142.58.134:9618?addrs=128.142.58.134-9618&alias=b7s03p1899.cern.ch&noUDP&sock=startd_8166_c677>
...
006 (15150655.163.000) 09/28 15:03:46 Image size of job updated: 911788
	122  -  MemoryUsage of job (MB)
	123948  -  ResidentSetSize of job (KB)
...
006 (15150655.163.000) 09/28 15:08:27 Image size of job updated: 923900
	122  -  MemoryUsage of job (MB)
	123948  -  ResidentSetSize of job (KB)
...
040 (15150655.163.000) 09/28 15:08:27 Started transferring output files
...
040 (15150655.163.000) 09/28 15:08:27 Finished transferring output files
...
005 (15150655.163.000) 09/28 15:08:27 Job terminated.
	(1) Normal termination (return value 0)
		Usr 0 00:00:11, Sys 0 00:00:00  -  Run Remote Usage
		Usr 0 00:00:00, Sys 0 00:00:00  -  Run Local Usage
		Usr 0 00:00:11, Sys 0 00:00:00  -  Total Remote Usage
		Usr 0 00:00:00, Sys 0 00:00:00  -  Total Local Usage
	7909  -  Run Bytes Sent By Job
	374  -  Run Bytes Received By Job
	7909  -  Total Bytes Sent By Job
	374  -  Total Bytes Received By Job
	Partitionable Resources :    Usage  Request Allocated 
	   Cpus                 :                 1         1 
	   Disk (KB)            :       21        1   2852793 
	   Memory (MB)          :      122     2000      2000 

	Job terminated of its own accord at 2023-09-28T13:08:27Z.
...
