000 (15159756.025.000) 10/09 09:27:43 Job submitted from host: <188.184.90.241:9618?addrs=188.184.90.241-9618+[2001-1458-201-e4--100-2eb]-9618&alias=bigbird15.cern.ch&noUDP&sock=schedd_2763_c443>
...
040 (15159756.025.000) 10/09 11:14:49 Started transferring input files
	Transferring to host: <188.184.160.20:9618?addrs=188.184.160.20-9618+[2001-1458-301-48--100-e]-9618&alias=b7s09p4420.cern.ch&noUDP&sock=slot1_10_122627_9094_232281>
...
040 (15159756.025.000) 10/09 11:14:49 Finished transferring input files
...
001 (15159756.025.000) 10/09 11:14:50 Job executing on host: <188.184.160.20:9618?addrs=188.184.160.20-9618+[2001-1458-301-48--100-e]-9618&alias=b7s09p4420.cern.ch&noUDP&sock=startd_90797_c4af>
...
006 (15159756.025.000) 10/09 11:14:58 Image size of job updated: 608836
	51  -  MemoryUsage of job (MB)
	51452  -  ResidentSetSize of job (KB)
...
006 (15159756.025.000) 10/09 11:19:58 Image size of job updated: 893140
	350  -  MemoryUsage of job (MB)
	357972  -  ResidentSetSize of job (KB)
...
006 (15159756.025.000) 10/09 11:24:59 Image size of job updated: 1098612
	599  -  MemoryUsage of job (MB)
	612840  -  ResidentSetSize of job (KB)
...
006 (15159756.025.000) 10/09 11:29:30 Image size of job updated: 3477388
	599  -  MemoryUsage of job (MB)
	612840  -  ResidentSetSize of job (KB)
...
040 (15159756.025.000) 10/09 11:29:30 Started transferring output files
...
040 (15159756.025.000) 10/09 11:29:30 Finished transferring output files
...
005 (15159756.025.000) 10/09 11:29:30 Job terminated.
	(1) Normal termination (return value 0)
		Usr 0 00:12:55, Sys 0 00:00:13  -  Run Remote Usage
		Usr 0 00:00:00, Sys 0 00:00:00  -  Run Local Usage
		Usr 0 00:12:55, Sys 0 00:00:13  -  Total Remote Usage
		Usr 0 00:00:00, Sys 0 00:00:00  -  Total Local Usage
	178652  -  Run Bytes Sent By Job
	269  -  Run Bytes Received By Job
	178652  -  Total Bytes Sent By Job
	269  -  Total Bytes Received By Job
	Partitionable Resources :    Usage  Request Allocated 
	   Cpus                 :     0.96        1         1 
	   Disk (KB)            :   196           1   2961276 
	   Memory (MB)          :   599        2000      2000 

	Job terminated of its own accord at 2023-10-09T09:29:30Z.
...
