000 (15150655.145.000) 09/28 15:00:14 Job submitted from host: <188.184.90.241:9618?addrs=188.184.90.241-9618+[2001-1458-201-e4--100-2eb]-9618&alias=bigbird15.cern.ch&noUDP&sock=schedd_2763_c443>
...
040 (15150655.145.000) 09/28 15:03:30 Started transferring input files
	Transferring to host: <128.142.61.55:9618?addrs=128.142.61.55-9618+[2001-1458-301-23--100-36]-9618&alias=b7s06p1551.cern.ch&noUDP&sock=slot1_43_10307_f6bc_27876>
...
040 (15150655.145.000) 09/28 15:03:30 Finished transferring input files
...
001 (15150655.145.000) 09/28 15:03:31 Job executing on host: <128.142.61.55:9618?addrs=128.142.61.55-9618+[2001-1458-301-23--100-36]-9618&alias=b7s06p1551.cern.ch&noUDP&sock=startd_10257_06ff>
...
006 (15150655.145.000) 09/28 15:03:40 Image size of job updated: 910724
	121  -  MemoryUsage of job (MB)
	122992  -  ResidentSetSize of job (KB)
...
006 (15150655.145.000) 09/28 15:06:56 Image size of job updated: 920052
	121  -  MemoryUsage of job (MB)
	122992  -  ResidentSetSize of job (KB)
...
040 (15150655.145.000) 09/28 15:06:56 Started transferring output files
...
040 (15150655.145.000) 09/28 15:06:56 Finished transferring output files
...
005 (15150655.145.000) 09/28 15:06:56 Job terminated.
	(1) Normal termination (return value 0)
		Usr 0 00:00:08, Sys 0 00:00:00  -  Run Remote Usage
		Usr 0 00:00:00, Sys 0 00:00:00  -  Run Local Usage
		Usr 0 00:00:08, Sys 0 00:00:00  -  Total Remote Usage
		Usr 0 00:00:00, Sys 0 00:00:00  -  Total Local Usage
	7933  -  Run Bytes Sent By Job
	374  -  Run Bytes Received By Job
	7933  -  Total Bytes Sent By Job
	374  -  Total Bytes Received By Job
	Partitionable Resources :    Usage  Request Allocated 
	   Cpus                 :                 1         1 
	   Disk (KB)            :       22        1   1281583 
	   Memory (MB)          :      121     2000      2000 

	Job terminated of its own accord at 2023-09-28T13:06:56Z.
...
