000 (15150655.186.000) 09/28 15:00:14 Job submitted from host: <188.184.90.241:9618?addrs=188.184.90.241-9618+[2001-1458-201-e4--100-2eb]-9618&alias=bigbird15.cern.ch&noUDP&sock=schedd_2763_c443>
...
040 (15150655.186.000) 09/28 15:05:52 Started transferring input files
	Transferring to host: <128.142.137.214:9618?addrs=128.142.137.214-9618+[2001-1458-301-5e--100-ca]-9618&alias=b7g19p0105.cern.ch&noUDP&sock=slot1_12_7366_c365_185962>
...
040 (15150655.186.000) 09/28 15:05:52 Finished transferring input files
...
001 (15150655.186.000) 09/28 15:05:53 Job executing on host: <128.142.137.214:9618?addrs=128.142.137.214-9618+[2001-1458-301-5e--100-ca]-9618&alias=b7g19p0105.cern.ch&noUDP&sock=startd_5802_4494>
...
006 (15150655.186.000) 09/28 15:05:56 Image size of job updated: 60476
	0  -  MemoryUsage of job (MB)
	0  -  ResidentSetSize of job (KB)
...
040 (15150655.186.000) 09/28 15:05:56 Started transferring output files
...
040 (15150655.186.000) 09/28 15:05:56 Finished transferring output files
...
005 (15150655.186.000) 09/28 15:05:56 Job terminated.
	(1) Normal termination (return value 0)
		Usr 0 00:00:01, Sys 0 00:00:00  -  Run Remote Usage
		Usr 0 00:00:00, Sys 0 00:00:00  -  Run Local Usage
		Usr 0 00:00:01, Sys 0 00:00:00  -  Total Remote Usage
		Usr 0 00:00:00, Sys 0 00:00:00  -  Total Local Usage
	7655  -  Run Bytes Sent By Job
	374  -  Run Bytes Received By Job
	7655  -  Total Bytes Sent By Job
	374  -  Total Bytes Received By Job
	Partitionable Resources :    Usage  Request Allocated 
	   Cpus                 :                 1         1 
	   Disk (KB)            :       21        1   1668462 
	   Memory (MB)          :        0     2000      2000 

	Job terminated of its own accord at 2023-09-28T13:05:56Z.
...
