000 (14858748.010.000) 06/22 16:47:12 Job submitted from host: <188.184.90.241:9618?addrs=188.184.90.241-9618+[2001-1458-201-e4--100-2eb]-9618&alias=bigbird15.cern.ch&noUDP&sock=schedd_1460210_2ef4>
...
040 (14858748.010.000) 06/22 17:01:44 Started transferring input files
	Transferring to host: <188.184.163.169:9618?addrs=188.184.163.169-9618&alias=b7s12p4837.cern.ch&noUDP&sock=slot1_2_4867_fddf_101137>
...
040 (14858748.010.000) 06/22 17:01:44 Finished transferring input files
...
001 (14858748.010.000) 06/22 17:01:45 Job executing on host: <188.184.163.169:9618?addrs=188.184.163.169-9618&alias=b7s12p4837.cern.ch&noUDP&sock=startd_3269_d72f>
...
006 (14858748.010.000) 06/22 17:01:54 Image size of job updated: 48156
	47  -  MemoryUsage of job (MB)
	47672  -  ResidentSetSize of job (KB)
...
006 (14858748.010.000) 06/22 17:06:55 Image size of job updated: 947776
	450  -  MemoryUsage of job (MB)
	459820  -  ResidentSetSize of job (KB)
...
006 (14858748.010.000) 06/22 17:11:56 Image size of job updated: 1198488
	625  -  MemoryUsage of job (MB)
	639152  -  ResidentSetSize of job (KB)
...
006 (14858748.010.000) 06/22 17:16:56 Image size of job updated: 1489404
	930  -  MemoryUsage of job (MB)
	952120  -  ResidentSetSize of job (KB)
...
006 (14858748.010.000) 06/22 17:21:29 Image size of job updated: 4129340
	930  -  MemoryUsage of job (MB)
	952120  -  ResidentSetSize of job (KB)
...
040 (14858748.010.000) 06/22 17:21:29 Started transferring output files
...
040 (14858748.010.000) 06/22 17:21:29 Finished transferring output files
...
005 (14858748.010.000) 06/22 17:21:29 Job terminated.
	(1) Normal termination (return value 0)
		Usr 0 00:18:11, Sys 0 00:00:11  -  Run Remote Usage
		Usr 0 00:00:00, Sys 0 00:00:00  -  Run Local Usage
		Usr 0 00:18:11, Sys 0 00:00:11  -  Total Remote Usage
		Usr 0 00:00:00, Sys 0 00:00:00  -  Total Local Usage
	255164  -  Run Bytes Sent By Job
	269  -  Run Bytes Received By Job
	255164  -  Total Bytes Sent By Job
	269  -  Total Bytes Received By Job
	Partitionable Resources :    Usage  Request Allocated 
	   Cpus                 :     0.76        1         1 
	   Disk (KB)            :   270           1   3004262 
	   Memory (MB)          :   930        2000      2000 

	Job terminated of its own accord at 2023-06-22T15:21:29Z.
...
