000 (15148189.010.000) 09/26 21:00:55 Job submitted from host: <188.184.90.241:9618?addrs=188.184.90.241-9618+[2001-1458-201-e4--100-2eb]-9618&alias=bigbird15.cern.ch&noUDP&sock=schedd_2763_c443>
...
040 (15148189.010.000) 09/26 21:11:20 Started transferring input files
	Transferring to host: <128.142.132.170:9618?addrs=128.142.132.170-9618+[2001-1458-301-5a--100-9e]-9618&alias=b7g12p2612.cern.ch&noUDP&sock=slot1_12_3665_12ee_55533>
...
040 (15148189.010.000) 09/26 21:11:20 Finished transferring input files
...
001 (15148189.010.000) 09/26 21:11:21 Job executing on host: <128.142.132.170:9618?addrs=128.142.132.170-9618+[2001-1458-301-5a--100-9e]-9618&alias=b7g12p2612.cern.ch&noUDP&sock=startd_3012_8f58>
...
006 (15148189.010.000) 09/26 21:11:30 Image size of job updated: 625304
	55  -  MemoryUsage of job (MB)
	55836  -  ResidentSetSize of job (KB)
...
006 (15148189.010.000) 09/26 21:11:41 Image size of job updated: 1387192
	58  -  MemoryUsage of job (MB)
	58756  -  ResidentSetSize of job (KB)
...
040 (15148189.010.000) 09/26 21:11:41 Started transferring output files
...
040 (15148189.010.000) 09/26 21:11:41 Finished transferring output files
...
005 (15148189.010.000) 09/26 21:11:41 Job terminated.
	(1) Normal termination (return value 0)
		Usr 0 00:00:05, Sys 0 00:00:03  -  Run Remote Usage
		Usr 0 00:00:00, Sys 0 00:00:00  -  Run Local Usage
		Usr 0 00:00:05, Sys 0 00:00:03  -  Total Remote Usage
		Usr 0 00:00:00, Sys 0 00:00:00  -  Total Local Usage
	23955  -  Run Bytes Sent By Job
	323  -  Run Bytes Received By Job
	23955  -  Total Bytes Sent By Job
	323  -  Total Bytes Received By Job
	Partitionable Resources :    Usage  Request Allocated 
	   Cpus                 :                 1         1 
	   Disk (KB)            :       37        1   1691389 
	   Memory (MB)          :       58     2000      2000 

	Job terminated of its own accord at 2023-09-26T19:11:41Z.
...
