000 (15155256.014.000) 10/07 14:35:52 Job submitted from host: <188.184.90.241:9618?addrs=188.184.90.241-9618+[2001-1458-201-e4--100-2eb]-9618&alias=bigbird15.cern.ch&noUDP&sock=schedd_2763_c443>
...
040 (15155256.014.000) 10/07 14:37:50 Started transferring input files
	Transferring to host: <128.142.56.131:9618?addrs=128.142.56.131-9618+[2001-1458-301-6--100-82]-9618&alias=b7s01p4885.cern.ch&noUDP&sock=slot1_13_4092_ef1f_209717>
...
040 (15155256.014.000) 10/07 14:37:50 Finished transferring input files
...
001 (15155256.014.000) 10/07 14:37:51 Job executing on host: <128.142.56.131:9618?addrs=128.142.56.131-9618+[2001-1458-301-6--100-82]-9618&alias=b7s01p4885.cern.ch&noUDP&sock=startd_2993_870c>
...
006 (15155256.014.000) 10/07 14:37:59 Image size of job updated: 54156
	53  -  MemoryUsage of job (MB)
	53756  -  ResidentSetSize of job (KB)
...
006 (15155256.014.000) 10/07 14:42:59 Image size of job updated: 1171272
	620  -  MemoryUsage of job (MB)
	634764  -  ResidentSetSize of job (KB)
...
006 (15155256.014.000) 10/07 14:48:00 Image size of job updated: 1421336
	863  -  MemoryUsage of job (MB)
	883592  -  ResidentSetSize of job (KB)
...
006 (15155256.014.000) 10/07 14:53:01 Image size of job updated: 3606680
	863  -  MemoryUsage of job (MB)
	883592  -  ResidentSetSize of job (KB)
...
006 (15155256.014.000) 10/07 14:58:01 Image size of job updated: 3855356
	863  -  MemoryUsage of job (MB)
	883592  -  ResidentSetSize of job (KB)
...
006 (15155256.014.000) 10/07 15:03:02 Image size of job updated: 3911328
	863  -  MemoryUsage of job (MB)
	883592  -  ResidentSetSize of job (KB)
...
006 (15155256.014.000) 10/07 15:06:18 Image size of job updated: 3934000
	863  -  MemoryUsage of job (MB)
	883592  -  ResidentSetSize of job (KB)
...
040 (15155256.014.000) 10/07 15:06:18 Started transferring output files
...
040 (15155256.014.000) 10/07 15:06:18 Finished transferring output files
...
005 (15155256.014.000) 10/07 15:06:18 Job terminated.
	(1) Normal termination (return value 0)
		Usr 0 00:10:47, Sys 0 00:00:23  -  Run Remote Usage
		Usr 0 00:00:00, Sys 0 00:00:00  -  Run Local Usage
		Usr 0 00:10:47, Sys 0 00:00:23  -  Total Remote Usage
		Usr 0 00:00:00, Sys 0 00:00:00  -  Total Local Usage
	93366  -  Run Bytes Sent By Job
	323  -  Run Bytes Received By Job
	93366  -  Total Bytes Sent By Job
	323  -  Total Bytes Received By Job
	Partitionable Resources :    Usage  Request Allocated 
	   Cpus                 :     0.08        1         1 
	   Disk (KB)            :   112           1   1310351 
	   Memory (MB)          :   863        2000      2000 

	Job terminated of its own accord at 2023-10-07T13:06:18Z.
...
