000 (15150655.138.000) 09/28 15:00:14 Job submitted from host: <188.184.90.241:9618?addrs=188.184.90.241-9618+[2001-1458-201-e4--100-2eb]-9618&alias=bigbird15.cern.ch&noUDP&sock=schedd_2763_c443>
...
040 (15150655.138.000) 09/28 15:03:27 Started transferring input files
	Transferring to host: <128.142.58.110:9618?addrs=128.142.58.110-9618+[2001-1458-301-16--100-6d]-9618&alias=b7s03p3859.cern.ch&noUDP&sock=slot1_19_40371_c583_95768>
...
040 (15150655.138.000) 09/28 15:03:27 Finished transferring input files
...
001 (15150655.138.000) 09/28 15:03:28 Job executing on host: <128.142.58.110:9618?addrs=128.142.58.110-9618+[2001-1458-301-16--100-6d]-9618&alias=b7s03p3859.cern.ch&noUDP&sock=startd_40319_0f13>
...
006 (15150655.138.000) 09/28 15:03:36 Image size of job updated: 123276
	121  -  MemoryUsage of job (MB)
	123248  -  ResidentSetSize of job (KB)
...
006 (15150655.138.000) 09/28 15:04:58 Image size of job updated: 921480
	121  -  MemoryUsage of job (MB)
	123248  -  ResidentSetSize of job (KB)
...
040 (15150655.138.000) 09/28 15:04:58 Started transferring output files
...
040 (15150655.138.000) 09/28 15:04:58 Finished transferring output files
...
005 (15150655.138.000) 09/28 15:04:58 Job terminated.
	(1) Normal termination (return value 0)
		Usr 0 00:00:10, Sys 0 00:00:00  -  Run Remote Usage
		Usr 0 00:00:00, Sys 0 00:00:00  -  Run Local Usage
		Usr 0 00:00:10, Sys 0 00:00:00  -  Total Remote Usage
		Usr 0 00:00:00, Sys 0 00:00:00  -  Total Local Usage
	7946  -  Run Bytes Sent By Job
	374  -  Run Bytes Received By Job
	7946  -  Total Bytes Sent By Job
	374  -  Total Bytes Received By Job
	Partitionable Resources :    Usage  Request Allocated 
	   Cpus                 :                 1         1 
	   Disk (KB)            :       22        1   1318011 
	   Memory (MB)          :      121     2000      2000 

	Job terminated of its own accord at 2023-09-28T13:04:58Z.
...
