000 (15149113.016.000) 09/27 10:32:17 Job submitted from host: <188.184.90.241:9618?addrs=188.184.90.241-9618+[2001-1458-201-e4--100-2eb]-9618&alias=bigbird15.cern.ch&noUDP&sock=schedd_2763_c443>
...
040 (15149113.016.000) 09/27 10:47:15 Started transferring input files
	Transferring to host: <188.184.160.41:9618?addrs=188.184.160.41-9618+[2001-1458-301-48--100-23]-9618&alias=b7s09p9955.cern.ch&noUDP&sock=slot1_18_122954_f741_219813>
...
040 (15149113.016.000) 09/27 10:47:15 Finished transferring input files
...
001 (15149113.016.000) 09/27 10:47:16 Job executing on host: <188.184.160.41:9618?addrs=188.184.160.41-9618+[2001-1458-301-48--100-23]-9618&alias=b7s09p9955.cern.ch&noUDP&sock=startd_28570_38dd>
...
006 (15149113.016.000) 09/27 10:47:24 Image size of job updated: 127708
	53  -  MemoryUsage of job (MB)
	53548  -  ResidentSetSize of job (KB)
...
006 (15149113.016.000) 09/27 10:52:24 Image size of job updated: 1014128
	61  -  MemoryUsage of job (MB)
	62048  -  ResidentSetSize of job (KB)
...
006 (15149113.016.000) 09/27 10:57:25 Image size of job updated: 3603028
	198  -  MemoryUsage of job (MB)
	202300  -  ResidentSetSize of job (KB)
...
006 (15149113.016.000) 09/27 11:02:26 Image size of job updated: 3806392
	395  -  MemoryUsage of job (MB)
	404156  -  ResidentSetSize of job (KB)
...
006 (15149113.016.000) 09/27 11:07:26 Image size of job updated: 3868288
	458  -  MemoryUsage of job (MB)
	468256  -  ResidentSetSize of job (KB)
...
006 (15149113.016.000) 09/27 11:10:15 Image size of job updated: 3884484
	458  -  MemoryUsage of job (MB)
	468256  -  ResidentSetSize of job (KB)
...
040 (15149113.016.000) 09/27 11:10:15 Started transferring output files
...
040 (15149113.016.000) 09/27 11:10:15 Finished transferring output files
...
005 (15149113.016.000) 09/27 11:10:15 Job terminated.
	(1) Normal termination (return value 0)
		Usr 0 00:04:41, Sys 0 00:00:11  -  Run Remote Usage
		Usr 0 00:00:00, Sys 0 00:00:00  -  Run Local Usage
		Usr 0 00:04:41, Sys 0 00:00:11  -  Total Remote Usage
		Usr 0 00:00:00, Sys 0 00:00:00  -  Total Local Usage
	69989  -  Run Bytes Sent By Job
	323  -  Run Bytes Received By Job
	69989  -  Total Bytes Sent By Job
	323  -  Total Bytes Received By Job
	Partitionable Resources :    Usage  Request Allocated 
	   Cpus                 :     0.10        1         1 
	   Disk (KB)            :    90           1   3060899 
	   Memory (MB)          :   458        2000      2000 

	Job terminated of its own accord at 2023-09-27T09:10:15Z.
...
