000 (14808124.041.000) 05/19 04:24:07 Job submitted from host: <188.184.90.241:9618?addrs=188.184.90.241-9618+[2001-1458-201-e4--100-2eb]-9618&alias=bigbird15.cern.ch&noUDP&sock=schedd_3273_9590>
...
040 (14808124.041.000) 05/19 04:35:54 Started transferring input files
	Transferring to host: <128.142.58.99:9618?addrs=128.142.58.99-9618+[2001-1458-301-16--100-62]-9618&alias=b7s03p0220.cern.ch&noUDP&sock=slot1_12_8834_1a20_41638>
...
040 (14808124.041.000) 05/19 04:35:54 Finished transferring input files
...
001 (14808124.041.000) 05/19 04:35:55 Job executing on host: <128.142.58.99:9618?addrs=128.142.58.99-9618+[2001-1458-301-16--100-62]-9618&alias=b7s03p0220.cern.ch&noUDP&sock=startd_7318_1e27>
...
006 (14808124.041.000) 05/19 04:36:04 Image size of job updated: 554200
	47  -  MemoryUsage of job (MB)
	47772  -  ResidentSetSize of job (KB)
...
006 (14808124.041.000) 05/19 04:41:04 Image size of job updated: 4794308
	47  -  MemoryUsage of job (MB)
	47772  -  ResidentSetSize of job (KB)
...
040 (14808124.041.000) 05/19 04:41:04 Started transferring output files
...
040 (14808124.041.000) 05/19 04:41:04 Finished transferring output files
...
005 (14808124.041.000) 05/19 04:41:04 Job terminated.
	(1) Normal termination (return value 0)
		Usr 0 00:03:44, Sys 0 00:00:11  -  Run Remote Usage
		Usr 0 00:00:00, Sys 0 00:00:00  -  Run Local Usage
		Usr 0 00:03:44, Sys 0 00:00:11  -  Total Remote Usage
		Usr 0 00:00:00, Sys 0 00:00:00  -  Total Local Usage
	392638  -  Run Bytes Sent By Job
	269  -  Run Bytes Received By Job
	392638  -  Total Bytes Sent By Job
	269  -  Total Bytes Received By Job
	Partitionable Resources :    Usage  Request Allocated 
	   Cpus                 :     1.00        1         1 
	   Disk (KB)            :   404           1   1334016 
	   Memory (MB)          :    47        2000      2000 

	Job terminated of its own accord at 2023-05-19T02:41:04Z.
...
