000 (15159756.037.000) 10/09 09:27:43 Job submitted from host: <188.184.90.241:9618?addrs=188.184.90.241-9618+[2001-1458-201-e4--100-2eb]-9618&alias=bigbird15.cern.ch&noUDP&sock=schedd_2763_c443>
...
040 (15159756.037.000) 10/09 11:15:30 Started transferring input files
	Transferring to host: <128.142.56.44:9618?addrs=128.142.56.44-9618+[2001-1458-301-6--100-2b]-9618&alias=b7s01p7499.cern.ch&noUDP&sock=slot1_19_4937_5022_199618>
...
040 (15159756.037.000) 10/09 11:15:30 Finished transferring input files
...
001 (15159756.037.000) 10/09 11:15:31 Job executing on host: <128.142.56.44:9618?addrs=128.142.56.44-9618+[2001-1458-301-6--100-2b]-9618&alias=b7s01p7499.cern.ch&noUDP&sock=startd_3483_a074>
...
006 (15159756.037.000) 10/09 11:15:42 Image size of job updated: 641296
	60  -  MemoryUsage of job (MB)
	61052  -  ResidentSetSize of job (KB)
...
006 (15159756.037.000) 10/09 11:20:42 Image size of job updated: 1026384
	505  -  MemoryUsage of job (MB)
	516104  -  ResidentSetSize of job (KB)
...
006 (15159756.037.000) 10/09 11:23:05 Image size of job updated: 3365748
	505  -  MemoryUsage of job (MB)
	516104  -  ResidentSetSize of job (KB)
...
040 (15159756.037.000) 10/09 11:23:05 Started transferring output files
...
040 (15159756.037.000) 10/09 11:23:05 Finished transferring output files
...
005 (15159756.037.000) 10/09 11:23:05 Job terminated.
	(1) Normal termination (return value 0)
		Usr 0 00:06:22, Sys 0 00:00:04  -  Run Remote Usage
		Usr 0 00:00:00, Sys 0 00:00:00  -  Run Local Usage
		Usr 0 00:06:22, Sys 0 00:00:04  -  Total Remote Usage
		Usr 0 00:00:00, Sys 0 00:00:00  -  Total Local Usage
	160836  -  Run Bytes Sent By Job
	269  -  Run Bytes Received By Job
	160836  -  Total Bytes Sent By Job
	269  -  Total Bytes Received By Job
	Partitionable Resources :    Usage  Request Allocated 
	   Cpus                 :                 1         1 
	   Disk (KB)            :      171        1   1320194 
	   Memory (MB)          :      505     2000      2000 

	Job terminated of its own accord at 2023-10-09T09:23:05Z.
...
