000 (15159756.077.000) 10/09 09:27:44 Job submitted from host: <188.184.90.241:9618?addrs=188.184.90.241-9618+[2001-1458-201-e4--100-2eb]-9618&alias=bigbird15.cern.ch&noUDP&sock=schedd_2763_c443>
...
040 (15159756.077.000) 10/09 11:15:12 Started transferring input files
	Transferring to host: <188.184.162.205:9618?addrs=188.184.162.205-9618+[2001-1458-301-4a--100-c7]-9618&alias=b7s11p3823.cern.ch&noUDP&sock=slot1_11_4883_43e0_228049>
...
040 (15159756.077.000) 10/09 11:15:12 Finished transferring input files
...
001 (15159756.077.000) 10/09 11:15:13 Job executing on host: <188.184.162.205:9618?addrs=188.184.162.205-9618+[2001-1458-301-4a--100-c7]-9618&alias=b7s11p3823.cern.ch&noUDP&sock=startd_3374_dca1>
...
006 (15159756.077.000) 10/09 11:15:22 Image size of job updated: 88976
	53  -  MemoryUsage of job (MB)
	53324  -  ResidentSetSize of job (KB)
...
006 (15159756.077.000) 10/09 11:20:22 Image size of job updated: 942124
	446  -  MemoryUsage of job (MB)
	455968  -  ResidentSetSize of job (KB)
...
006 (15159756.077.000) 10/09 11:25:04 Image size of job updated: 3340504
	446  -  MemoryUsage of job (MB)
	455968  -  ResidentSetSize of job (KB)
...
040 (15159756.077.000) 10/09 11:25:05 Started transferring output files
...
040 (15159756.077.000) 10/09 11:25:05 Finished transferring output files
...
005 (15159756.077.000) 10/09 11:25:05 Job terminated.
	(1) Normal termination (return value 0)
		Usr 0 00:07:35, Sys 0 00:00:10  -  Run Remote Usage
		Usr 0 00:00:00, Sys 0 00:00:00  -  Run Local Usage
		Usr 0 00:07:35, Sys 0 00:00:10  -  Total Remote Usage
		Usr 0 00:00:00, Sys 0 00:00:00  -  Total Local Usage
	162986  -  Run Bytes Sent By Job
	269  -  Run Bytes Received By Job
	162986  -  Total Bytes Sent By Job
	269  -  Total Bytes Received By Job
	Partitionable Resources :    Usage  Request Allocated 
	   Cpus                 :     0.96        1         1 
	   Disk (KB)            :   181           1   2891669 
	   Memory (MB)          :   446        2000      2000 

	Job terminated of its own accord at 2023-10-09T09:25:04Z.
...
