000 (15153696.151.000) 10/03 22:27:19 Job submitted from host: <188.184.90.241:9618?addrs=188.184.90.241-9618+[2001-1458-201-e4--100-2eb]-9618&alias=bigbird15.cern.ch&noUDP&sock=schedd_2763_c443>
...
040 (15153696.151.000) 10/03 22:31:11 Started transferring input files
	Transferring to host: <188.184.163.73:9618?addrs=188.184.163.73-9618&alias=b7s12p9292.cern.ch&noUDP&sock=slot1_31_4725_f099_223306>
...
040 (15153696.151.000) 10/03 22:31:11 Finished transferring input files
...
001 (15153696.151.000) 10/03 22:31:12 Job executing on host: <188.184.163.73:9618?addrs=188.184.163.73-9618&alias=b7s12p9292.cern.ch&noUDP&sock=startd_3270_86c8>
...
006 (15153696.151.000) 10/03 22:31:20 Image size of job updated: 912464
	122  -  MemoryUsage of job (MB)
	124648  -  ResidentSetSize of job (KB)
...
006 (15153696.151.000) 10/03 22:34:32 Image size of job updated: 925368
	122  -  MemoryUsage of job (MB)
	124648  -  ResidentSetSize of job (KB)
...
040 (15153696.151.000) 10/03 22:34:32 Started transferring output files
...
040 (15153696.151.000) 10/03 22:34:32 Finished transferring output files
...
005 (15153696.151.000) 10/03 22:34:32 Job terminated.
	(1) Normal termination (return value 0)
		Usr 0 00:00:15, Sys 0 00:00:00  -  Run Remote Usage
		Usr 0 00:00:00, Sys 0 00:00:00  -  Run Local Usage
		Usr 0 00:00:15, Sys 0 00:00:00  -  Total Remote Usage
		Usr 0 00:00:00, Sys 0 00:00:00  -  Total Local Usage
	7937  -  Run Bytes Sent By Job
	374  -  Run Bytes Received By Job
	7937  -  Total Bytes Sent By Job
	374  -  Total Bytes Received By Job
	Partitionable Resources :    Usage  Request Allocated 
	   Cpus                 :     0.06        1         1 
	   Disk (KB)            :    29           1   3121538 
	   Memory (MB)          :   122        2000      2000 

	Job terminated of its own accord at 2023-10-03T20:34:32Z.
...
