000 (15155256.013.000) 10/07 14:35:52 Job submitted from host: <188.184.90.241:9618?addrs=188.184.90.241-9618+[2001-1458-201-e4--100-2eb]-9618&alias=bigbird15.cern.ch&noUDP&sock=schedd_2763_c443>
...
040 (15155256.013.000) 10/07 14:37:50 Started transferring input files
	Transferring to host: <128.142.59.129:9618?addrs=128.142.59.129-9618+[2001-1458-301-21--100-80]-9618&alias=b7s04p9554.cern.ch&noUDP&sock=slot1_26_60706_9e5e_137247>
...
040 (15155256.013.000) 10/07 14:37:50 Finished transferring input files
...
001 (15155256.013.000) 10/07 14:37:51 Job executing on host: <128.142.59.129:9618?addrs=128.142.59.129-9618+[2001-1458-301-21--100-80]-9618&alias=b7s04p9554.cern.ch&noUDP&sock=startd_60668_c7c3>
...
006 (15155256.013.000) 10/07 14:37:59 Image size of job updated: 625984
	50  -  MemoryUsage of job (MB)
	50260  -  ResidentSetSize of job (KB)
...
006 (15155256.013.000) 10/07 14:42:59 Image size of job updated: 1122032
	599  -  MemoryUsage of job (MB)
	612376  -  ResidentSetSize of job (KB)
...
006 (15155256.013.000) 10/07 14:48:00 Image size of job updated: 1210660
	599  -  MemoryUsage of job (MB)
	612376  -  ResidentSetSize of job (KB)
...
006 (15155256.013.000) 10/07 14:53:01 Image size of job updated: 3720144
	599  -  MemoryUsage of job (MB)
	612376  -  ResidentSetSize of job (KB)
...
006 (15155256.013.000) 10/07 14:58:01 Image size of job updated: 3978932
	599  -  MemoryUsage of job (MB)
	612376  -  ResidentSetSize of job (KB)
...
006 (15155256.013.000) 10/07 15:00:57 Image size of job updated: 4006328
	599  -  MemoryUsage of job (MB)
	612376  -  ResidentSetSize of job (KB)
...
040 (15155256.013.000) 10/07 15:00:57 Started transferring output files
...
040 (15155256.013.000) 10/07 15:00:57 Finished transferring output files
...
005 (15155256.013.000) 10/07 15:00:57 Job terminated.
	(1) Normal termination (return value 0)
		Usr 0 00:10:09, Sys 0 00:00:18  -  Run Remote Usage
		Usr 0 00:00:00, Sys 0 00:00:00  -  Run Local Usage
		Usr 0 00:10:09, Sys 0 00:00:18  -  Total Remote Usage
		Usr 0 00:00:00, Sys 0 00:00:00  -  Total Local Usage
	86813  -  Run Bytes Sent By Job
	323  -  Run Bytes Received By Job
	86813  -  Total Bytes Sent By Job
	323  -  Total Bytes Received By Job
	Partitionable Resources :    Usage  Request Allocated 
	   Cpus                 :     0.10        1         1 
	   Disk (KB)            :   106           1   2841657 
	   Memory (MB)          :   599        2000      2000 

	Job terminated of its own accord at 2023-10-07T13:00:57Z.
...
