000 (15271413.044.000) 12/18 14:02:22 Job submitted from host: <188.184.90.241:9618?addrs=188.184.90.241-9618+[2001-1458-201-e4--100-2eb]-9618&alias=bigbird15.cern.ch&noUDP&sock=schedd_2763_c443>
...
040 (15271413.044.000) 12/18 14:06:03 Started transferring input files
	Transferring to host: <128.142.194.201:9618?addrs=128.142.194.201-9618+[2001-1458-301-13--100-49]-9618&alias=b9g30p1774.cern.ch&noUDP&sock=slot1_8_9062_bfaa_9495>
...
040 (15271413.044.000) 12/18 14:06:03 Finished transferring input files
...
001 (15271413.044.000) 12/18 14:06:04 Job executing on host: <128.142.194.201:9618?addrs=128.142.194.201-9618+[2001-1458-301-13--100-49]-9618&alias=b9g30p1774.cern.ch&noUDP&sock=startd_7813_a588>
...
006 (15271413.044.000) 12/18 14:06:13 Image size of job updated: 119736
	100  -  MemoryUsage of job (MB)
	101936  -  ResidentSetSize of job (KB)
...
006 (15271413.044.000) 12/18 14:11:14 Image size of job updated: 610652
	596  -  MemoryUsage of job (MB)
	609316  -  ResidentSetSize of job (KB)
...
006 (15271413.044.000) 12/18 14:12:49 Image size of job updated: 2601064
	596  -  MemoryUsage of job (MB)
	609316  -  ResidentSetSize of job (KB)
...
040 (15271413.044.000) 12/18 14:12:49 Started transferring output files
...
040 (15271413.044.000) 12/18 14:12:49 Finished transferring output files
...
005 (15271413.044.000) 12/18 14:12:49 Job terminated.
	(1) Normal termination (return value 0)
		Usr 0 00:04:02, Sys 0 00:00:06  -  Run Remote Usage
		Usr 0 00:00:00, Sys 0 00:00:00  -  Run Local Usage
		Usr 0 00:04:02, Sys 0 00:00:06  -  Total Remote Usage
		Usr 0 00:00:00, Sys 0 00:00:00  -  Total Local Usage
	117414  -  Run Bytes Sent By Job
	269  -  Run Bytes Received By Job
	117414  -  Total Bytes Sent By Job
	269  -  Total Bytes Received By Job
	Partitionable Resources :    Usage  Request Allocated 
	   Cpus                 :        0        1         1 
	   Disk (KB)            :      158        1   2870366 
	   Memory (MB)          :      596     2000      2000 

	Job terminated of its own accord at 2023-12-18T13:12:49Z.
...
