000 (15150662.148.000) 09/28 15:49:40 Job submitted from host: <188.184.90.241:9618?addrs=188.184.90.241-9618+[2001-1458-201-e4--100-2eb]-9618&alias=bigbird15.cern.ch&noUDP&sock=schedd_2763_c443>
...
040 (15150662.148.000) 09/28 16:01:37 Started transferring input files
	Transferring to host: <128.142.132.153:9618?addrs=128.142.132.153-9618+[2001-1458-301-5a--100-8d]-9618&alias=b7g12p4806.cern.ch&noUDP&sock=slot1_41_4177_d303_7724>
...
040 (15150662.148.000) 09/28 16:01:37 Finished transferring input files
...
001 (15150662.148.000) 09/28 16:01:38 Job executing on host: <128.142.132.153:9618?addrs=128.142.132.153-9618+[2001-1458-301-5a--100-8d]-9618&alias=b7g12p4806.cern.ch&noUDP&sock=startd_3080_33c9>
...
006 (15150662.148.000) 09/28 16:01:46 Image size of job updated: 124064
	122  -  MemoryUsage of job (MB)
	124064  -  ResidentSetSize of job (KB)
...
006 (15150662.148.000) 09/28 16:04:39 Image size of job updated: 922276
	122  -  MemoryUsage of job (MB)
	124064  -  ResidentSetSize of job (KB)
...
040 (15150662.148.000) 09/28 16:04:39 Started transferring output files
...
040 (15150662.148.000) 09/28 16:04:39 Finished transferring output files
...
005 (15150662.148.000) 09/28 16:04:39 Job terminated.
	(1) Normal termination (return value 0)
		Usr 0 00:00:15, Sys 0 00:00:01  -  Run Remote Usage
		Usr 0 00:00:00, Sys 0 00:00:00  -  Run Local Usage
		Usr 0 00:00:15, Sys 0 00:00:01  -  Total Remote Usage
		Usr 0 00:00:00, Sys 0 00:00:00  -  Total Local Usage
	8077  -  Run Bytes Sent By Job
	374  -  Run Bytes Received By Job
	8077  -  Total Bytes Sent By Job
	374  -  Total Bytes Received By Job
	Partitionable Resources :    Usage  Request Allocated 
	   Cpus                 :     0.04        1         1 
	   Disk (KB)            :    29           1   1651854 
	   Memory (MB)          :   122        2000      2000 

	Job terminated of its own accord at 2023-09-28T14:04:39Z.
...
