000 (15150655.113.000) 09/28 15:00:14 Job submitted from host: <188.184.90.241:9618?addrs=188.184.90.241-9618+[2001-1458-201-e4--100-2eb]-9618&alias=bigbird15.cern.ch&noUDP&sock=schedd_2763_c443>
...
040 (15150655.113.000) 09/28 15:03:19 Started transferring input files
	Transferring to host: <128.142.63.29:9618?addrs=128.142.63.29-9618+[2001-1458-301-38--100-1a]-9618&alias=b7s08p2254.cern.ch&noUDP&sock=slot1_42_3285_545f_43941>
...
040 (15150655.113.000) 09/28 15:03:19 Finished transferring input files
...
001 (15150655.113.000) 09/28 15:03:20 Job executing on host: <128.142.63.29:9618?addrs=128.142.63.29-9618+[2001-1458-301-38--100-1a]-9618&alias=b7s08p2254.cern.ch&noUDP&sock=startd_2664_dc63>
...
006 (15150655.113.000) 09/28 15:03:29 Image size of job updated: 911088
	121  -  MemoryUsage of job (MB)
	123228  -  ResidentSetSize of job (KB)
...
006 (15150655.113.000) 09/28 15:06:10 Image size of job updated: 920708
	121  -  MemoryUsage of job (MB)
	123228  -  ResidentSetSize of job (KB)
...
040 (15150655.113.000) 09/28 15:06:10 Started transferring output files
...
040 (15150655.113.000) 09/28 15:06:10 Finished transferring output files
...
005 (15150655.113.000) 09/28 15:06:10 Job terminated.
	(1) Normal termination (return value 0)
		Usr 0 00:00:08, Sys 0 00:00:00  -  Run Remote Usage
		Usr 0 00:00:00, Sys 0 00:00:00  -  Run Local Usage
		Usr 0 00:00:08, Sys 0 00:00:00  -  Total Remote Usage
		Usr 0 00:00:00, Sys 0 00:00:00  -  Total Local Usage
	8015  -  Run Bytes Sent By Job
	374  -  Run Bytes Received By Job
	8015  -  Total Bytes Sent By Job
	374  -  Total Bytes Received By Job
	Partitionable Resources :    Usage  Request Allocated 
	   Cpus                 :     0.00        1         1 
	   Disk (KB)            :    29           1   1240384 
	   Memory (MB)          :   121        2000      2000 

	Job terminated of its own accord at 2023-09-28T13:06:10Z.
...
