000 (14832095.062.000) 06/12 15:17:57 Job submitted from host: <188.184.90.241:9618?addrs=188.184.90.241-9618+[2001-1458-201-e4--100-2eb]-9618&alias=bigbird15.cern.ch&noUDP&sock=schedd_1460210_2ef4>
...
040 (14832095.062.000) 06/12 15:19:56 Started transferring input files
	Transferring to host: <188.184.162.44:9618?addrs=188.184.162.44-9618+[2001-1458-301-4a--100-26]-9618&alias=b7s11p3562.cern.ch&noUDP&sock=slot1_22_198100_1ef1_62413>
...
040 (14832095.062.000) 06/12 15:19:56 Finished transferring input files
...
001 (14832095.062.000) 06/12 15:19:57 Job executing on host: <188.184.162.44:9618?addrs=188.184.162.44-9618+[2001-1458-301-4a--100-26]-9618&alias=b7s11p3562.cern.ch&noUDP&sock=startd_198061_f351>
...
006 (14832095.062.000) 06/12 15:20:05 Image size of job updated: 554128
	47  -  MemoryUsage of job (MB)
	47720  -  ResidentSetSize of job (KB)
...
006 (14832095.062.000) 06/12 15:25:05 Image size of job updated: 1654552
	1142  -  MemoryUsage of job (MB)
	1168840  -  ResidentSetSize of job (KB)
...
006 (14832095.062.000) 06/12 15:30:06 Image size of job updated: 1904608
	1337  -  MemoryUsage of job (MB)
	1369080  -  ResidentSetSize of job (KB)
...
006 (14832095.062.000) 06/12 15:40:07 Image size of job updated: 4044656
	1337  -  MemoryUsage of job (MB)
	1369080  -  ResidentSetSize of job (KB)
...
006 (14832095.062.000) 06/12 15:50:09 Image size of job updated: 4093940
	1337  -  MemoryUsage of job (MB)
	1369080  -  ResidentSetSize of job (KB)
...
006 (14832095.062.000) 06/12 15:55:09 Image size of job updated: 4327036
	1337  -  MemoryUsage of job (MB)
	1369080  -  ResidentSetSize of job (KB)
...
006 (14832095.062.000) 06/12 16:00:09 Image size of job updated: 4340872
	1337  -  MemoryUsage of job (MB)
	1369080  -  ResidentSetSize of job (KB)
...
006 (14832095.062.000) 06/12 16:05:10 Image size of job updated: 4409248
	1337  -  MemoryUsage of job (MB)
	1369080  -  ResidentSetSize of job (KB)
...
006 (14832095.062.000) 06/12 16:09:04 Image size of job updated: 4420684
	1337  -  MemoryUsage of job (MB)
	1369080  -  ResidentSetSize of job (KB)
...
040 (14832095.062.000) 06/12 16:09:04 Started transferring output files
...
040 (14832095.062.000) 06/12 16:09:04 Finished transferring output files
...
005 (14832095.062.000) 06/12 16:09:04 Job terminated.
	(1) Normal termination (return value 0)
		Usr 0 00:11:39, Sys 0 00:00:48  -  Run Remote Usage
		Usr 0 00:00:00, Sys 0 00:00:00  -  Run Local Usage
		Usr 0 00:11:39, Sys 0 00:00:48  -  Total Remote Usage
		Usr 0 00:00:00, Sys 0 00:00:00  -  Total Local Usage
	121876  -  Run Bytes Sent By Job
	323  -  Run Bytes Received By Job
	121876  -  Total Bytes Sent By Job
	323  -  Total Bytes Received By Job
	Partitionable Resources :    Usage  Request Allocated 
	   Cpus                 :        0        1         1 
	   Disk (KB)            :      140        1   3146158 
	   Memory (MB)          :     1337     2000      2000 

	Job terminated of its own accord at 2023-06-12T14:09:04Z.
...
