000 (14857949.006.000) 06/22 15:24:33 Job submitted from host: <188.184.90.241:9618?addrs=188.184.90.241-9618+[2001-1458-201-e4--100-2eb]-9618&alias=bigbird15.cern.ch&noUDP&sock=schedd_1460210_2ef4>
...
040 (14857949.006.000) 06/22 15:34:20 Started transferring input files
	Transferring to host: <128.142.63.24:9618?addrs=128.142.63.24-9618+[2001-1458-301-38--100-15]-9618&alias=b7s08p8310.cern.ch&noUDP&sock=slot1_10_4133_d281_85100>
...
040 (14857949.006.000) 06/22 15:34:20 Finished transferring input files
...
001 (14857949.006.000) 06/22 15:34:21 Job executing on host: <128.142.63.24:9618?addrs=128.142.63.24-9618+[2001-1458-301-38--100-15]-9618&alias=b7s08p8310.cern.ch&noUDP&sock=startd_3145_c971>
...
006 (14857949.006.000) 06/22 15:34:30 Image size of job updated: 553972
	47  -  MemoryUsage of job (MB)
	48048  -  ResidentSetSize of job (KB)
...
006 (14857949.006.000) 06/22 15:39:31 Image size of job updated: 2323780
	1799  -  MemoryUsage of job (MB)
	1841796  -  ResidentSetSize of job (KB)
...
006 (14857949.006.000) 06/22 15:44:31 Image size of job updated: 3924964
	3358  -  MemoryUsage of job (MB)
	3438428  -  ResidentSetSize of job (KB)
...
006 (14857949.006.000) 06/22 15:49:31 Image size of job updated: 5391796
	4797  -  MemoryUsage of job (MB)
	4912108  -  ResidentSetSize of job (KB)
...
006 (14857949.006.000) 06/22 15:54:32 Image size of job updated: 6808200
	6154  -  MemoryUsage of job (MB)
	6301328  -  ResidentSetSize of job (KB)
...
006 (14857949.006.000) 06/22 15:59:32 Image size of job updated: 6921492
	6154  -  MemoryUsage of job (MB)
	6301328  -  ResidentSetSize of job (KB)
...
006 (14857949.006.000) 06/22 16:04:32 Image size of job updated: 6934320
	6154  -  MemoryUsage of job (MB)
	6301344  -  ResidentSetSize of job (KB)
...
040 (14857949.006.000) 06/22 16:21:42 Started transferring output files
...
040 (14857949.006.000) 06/22 16:21:42 Finished transferring output files
...
005 (14857949.006.000) 06/22 16:21:42 Job terminated.
	(1) Normal termination (return value 0)
		Usr 0 00:27:21, Sys 0 00:07:07  -  Run Remote Usage
		Usr 0 00:00:00, Sys 0 00:00:00  -  Run Local Usage
		Usr 0 00:27:21, Sys 0 00:07:07  -  Total Remote Usage
		Usr 0 00:00:00, Sys 0 00:00:00  -  Total Local Usage
	344568  -  Run Bytes Sent By Job
	323  -  Run Bytes Received By Job
	344568  -  Total Bytes Sent By Job
	323  -  Total Bytes Received By Job
	Partitionable Resources :    Usage  Request Allocated 
	   Cpus                 :     0.03        1         1 
	   Disk (KB)            :   358           1   1299685 
	   Memory (MB)          :  6154        2000      2000 

	Job terminated of its own accord at 2023-06-22T14:21:42Z.
...
