000 (15149113.017.000) 09/27 10:32:17 Job submitted from host: <188.184.90.241:9618?addrs=188.184.90.241-9618+[2001-1458-201-e4--100-2eb]-9618&alias=bigbird15.cern.ch&noUDP&sock=schedd_2763_c443>
...
040 (15149113.017.000) 09/27 10:47:14 Started transferring input files
	Transferring to host: <188.184.162.129:9618?addrs=188.184.162.129-9618+[2001-1458-301-4a--100-7b]-9618&alias=b7s11p6764.cern.ch&noUDP&sock=slot1_13_4173_0183_182920>
...
040 (15149113.017.000) 09/27 10:47:14 Finished transferring input files
...
001 (15149113.017.000) 09/27 10:47:15 Job executing on host: <188.184.162.129:9618?addrs=188.184.162.129-9618+[2001-1458-301-4a--100-7b]-9618&alias=b7s11p6764.cern.ch&noUDP&sock=startd_2993_870c>
...
006 (15149113.017.000) 09/27 10:47:23 Image size of job updated: 87056
	78  -  MemoryUsage of job (MB)
	78884  -  ResidentSetSize of job (KB)
...
006 (15149113.017.000) 09/27 10:47:39 Image size of job updated: 680064
	82  -  MemoryUsage of job (MB)
	83552  -  ResidentSetSize of job (KB)
...
040 (15149113.017.000) 09/27 10:47:39 Started transferring output files
...
040 (15149113.017.000) 09/27 10:47:39 Finished transferring output files
...
005 (15149113.017.000) 09/27 10:47:39 Job terminated.
	(1) Normal termination (return value 0)
		Usr 0 00:00:06, Sys 0 00:00:02  -  Run Remote Usage
		Usr 0 00:00:00, Sys 0 00:00:00  -  Run Local Usage
		Usr 0 00:00:06, Sys 0 00:00:02  -  Total Remote Usage
		Usr 0 00:00:00, Sys 0 00:00:00  -  Total Local Usage
	25221  -  Run Bytes Sent By Job
	323  -  Run Bytes Received By Job
	25221  -  Total Bytes Sent By Job
	323  -  Total Bytes Received By Job
	Partitionable Resources :    Usage  Request Allocated 
	   Cpus                 :                 1         1 
	   Disk (KB)            :       39        1   3146888 
	   Memory (MB)          :       82     2000      2000 

	Job terminated of its own accord at 2023-09-27T08:47:39Z.
...
