000 (14832095.055.000) 06/12 15:17:57 Job submitted from host: <188.184.90.241:9618?addrs=188.184.90.241-9618+[2001-1458-201-e4--100-2eb]-9618&alias=bigbird15.cern.ch&noUDP&sock=schedd_1460210_2ef4>
...
040 (14832095.055.000) 06/12 15:19:53 Started transferring input files
	Transferring to host: <128.142.58.58:9618?addrs=128.142.58.58-9618+[2001-1458-301-16--100-39]-9618&alias=b7s03p6459.cern.ch&noUDP&sock=slot1_13_4432_7ead_38386>
...
040 (14832095.055.000) 06/12 15:19:53 Finished transferring input files
...
001 (14832095.055.000) 06/12 15:19:54 Job executing on host: <128.142.58.58:9618?addrs=128.142.58.58-9618+[2001-1458-301-16--100-39]-9618&alias=b7s03p6459.cern.ch&noUDP&sock=startd_4210_49ce>
...
006 (14832095.055.000) 06/12 15:20:03 Image size of job updated: 554124
	47  -  MemoryUsage of job (MB)
	47972  -  ResidentSetSize of job (KB)
...
006 (14832095.055.000) 06/12 15:25:04 Image size of job updated: 2017040
	1423  -  MemoryUsage of job (MB)
	1457020  -  ResidentSetSize of job (KB)
...
006 (14832095.055.000) 06/12 15:30:04 Image size of job updated: 2873624
	2163  -  MemoryUsage of job (MB)
	2214564  -  ResidentSetSize of job (KB)
...
006 (14832095.055.000) 06/12 15:45:05 Image size of job updated: 4041660
	2163  -  MemoryUsage of job (MB)
	2214564  -  ResidentSetSize of job (KB)
...
006 (14832095.055.000) 06/12 15:55:06 Image size of job updated: 4319756
	2163  -  MemoryUsage of job (MB)
	2214564  -  ResidentSetSize of job (KB)
...
006 (14832095.055.000) 06/12 16:00:07 Image size of job updated: 4332216
	2163  -  MemoryUsage of job (MB)
	2214564  -  ResidentSetSize of job (KB)
...
006 (14832095.055.000) 06/12 16:05:07 Image size of job updated: 4391524
	2163  -  MemoryUsage of job (MB)
	2214564  -  ResidentSetSize of job (KB)
...
006 (14832095.055.000) 06/12 16:10:08 Image size of job updated: 4416020
	2163  -  MemoryUsage of job (MB)
	2214564  -  ResidentSetSize of job (KB)
...
006 (14832095.055.000) 06/12 16:10:26 Image size of job updated: 4418784
	2163  -  MemoryUsage of job (MB)
	2214564  -  ResidentSetSize of job (KB)
...
040 (14832095.055.000) 06/12 16:10:26 Started transferring output files
...
040 (14832095.055.000) 06/12 16:10:26 Finished transferring output files
...
005 (14832095.055.000) 06/12 16:10:26 Job terminated.
	(1) Normal termination (return value 0)
		Usr 0 00:13:23, Sys 0 00:01:11  -  Run Remote Usage
		Usr 0 00:00:00, Sys 0 00:00:00  -  Run Local Usage
		Usr 0 00:13:23, Sys 0 00:01:11  -  Total Remote Usage
		Usr 0 00:00:00, Sys 0 00:00:00  -  Total Local Usage
	159246  -  Run Bytes Sent By Job
	323  -  Run Bytes Received By Job
	159246  -  Total Bytes Sent By Job
	323  -  Total Bytes Received By Job
	Partitionable Resources :    Usage  Request Allocated 
	   Cpus                 :        0        1         1 
	   Disk (KB)            :      177        1   1327292 
	   Memory (MB)          :     2163     2000      2000 

	Job terminated of its own accord at 2023-06-12T14:10:26Z.
...
