000 (15153696.135.000) 10/03 22:27:19 Job submitted from host: <188.184.90.241:9618?addrs=188.184.90.241-9618+[2001-1458-201-e4--100-2eb]-9618&alias=bigbird15.cern.ch&noUDP&sock=schedd_2763_c443>
...
040 (15153696.135.000) 10/03 22:31:04 Started transferring input files
	Transferring to host: <128.142.60.141:9618?addrs=128.142.60.141-9618+[2001-1458-301-22--100-8c]-9618&alias=b7s05p7330.cern.ch&noUDP&sock=slot1_38_10948_9b36_204222>
...
040 (15153696.135.000) 10/03 22:31:04 Finished transferring input files
...
001 (15153696.135.000) 10/03 22:31:05 Job executing on host: <128.142.60.141:9618?addrs=128.142.60.141-9618+[2001-1458-301-22--100-8c]-9618&alias=b7s05p7330.cern.ch&noUDP&sock=startd_10029_a367>
...
006 (15153696.135.000) 10/03 22:31:13 Image size of job updated: 910680
	120  -  MemoryUsage of job (MB)
	122764  -  ResidentSetSize of job (KB)
...
006 (15153696.135.000) 10/03 22:33:33 Image size of job updated: 919416
	120  -  MemoryUsage of job (MB)
	122764  -  ResidentSetSize of job (KB)
...
040 (15153696.135.000) 10/03 22:33:33 Started transferring output files
...
040 (15153696.135.000) 10/03 22:33:33 Finished transferring output files
...
005 (15153696.135.000) 10/03 22:33:33 Job terminated.
	(1) Normal termination (return value 0)
		Usr 0 00:00:05, Sys 0 00:00:00  -  Run Remote Usage
		Usr 0 00:00:00, Sys 0 00:00:00  -  Run Local Usage
		Usr 0 00:00:05, Sys 0 00:00:00  -  Total Remote Usage
		Usr 0 00:00:00, Sys 0 00:00:00  -  Total Local Usage
	7888  -  Run Bytes Sent By Job
	374  -  Run Bytes Received By Job
	7888  -  Total Bytes Sent By Job
	374  -  Total Bytes Received By Job
	Partitionable Resources :    Usage  Request Allocated 
	   Cpus                 :                 1         1 
	   Disk (KB)            :       22        1   1275126 
	   Memory (MB)          :      120     2000      2000 

	Job terminated of its own accord at 2023-10-03T20:33:33Z.
...
