000 (14832095.102.000) 06/12 15:17:57 Job submitted from host: <188.184.90.241:9618?addrs=188.184.90.241-9618+[2001-1458-201-e4--100-2eb]-9618&alias=bigbird15.cern.ch&noUDP&sock=schedd_1460210_2ef4>
...
040 (14832095.102.000) 06/12 15:20:15 Started transferring input files
	Transferring to host: <128.142.192.212:9618?addrs=128.142.192.212-9618+[2001-1458-301-56--100-50]-9618&alias=b7g18p0338.cern.ch&noUDP&sock=slot1_18_3334_dac1_4774>
...
040 (14832095.102.000) 06/12 15:20:15 Finished transferring input files
...
001 (14832095.102.000) 06/12 15:20:16 Job executing on host: <128.142.192.212:9618?addrs=128.142.192.212-9618+[2001-1458-301-56--100-50]-9618&alias=b7g18p0338.cern.ch&noUDP&sock=startd_2857_3e2a>
...
006 (14832095.102.000) 06/12 15:20:25 Image size of job updated: 538076
	47  -  MemoryUsage of job (MB)
	47624  -  ResidentSetSize of job (KB)
...
006 (14832095.102.000) 06/12 15:25:26 Image size of job updated: 1250236
	721  -  MemoryUsage of job (MB)
	737388  -  ResidentSetSize of job (KB)
...
006 (14832095.102.000) 06/12 15:30:26 Image size of job updated: 1475292
	721  -  MemoryUsage of job (MB)
	737388  -  ResidentSetSize of job (KB)
...
006 (14832095.102.000) 06/12 15:40:28 Image size of job updated: 4023504
	721  -  MemoryUsage of job (MB)
	737388  -  ResidentSetSize of job (KB)
...
006 (14832095.102.000) 06/12 15:45:28 Image size of job updated: 4023508
	721  -  MemoryUsage of job (MB)
	737388  -  ResidentSetSize of job (KB)
...
006 (14832095.102.000) 06/12 15:50:29 Image size of job updated: 4075056
	721  -  MemoryUsage of job (MB)
	737388  -  ResidentSetSize of job (KB)
...
006 (14832095.102.000) 06/12 15:55:30 Image size of job updated: 4309084
	721  -  MemoryUsage of job (MB)
	737388  -  ResidentSetSize of job (KB)
...
006 (14832095.102.000) 06/12 16:00:30 Image size of job updated: 4368136
	721  -  MemoryUsage of job (MB)
	737388  -  ResidentSetSize of job (KB)
...
006 (14832095.102.000) 06/12 16:05:30 Image size of job updated: 4381896
	721  -  MemoryUsage of job (MB)
	737388  -  ResidentSetSize of job (KB)
...
006 (14832095.102.000) 06/12 16:08:21 Image size of job updated: 4396312
	721  -  MemoryUsage of job (MB)
	737388  -  ResidentSetSize of job (KB)
...
040 (14832095.102.000) 06/12 16:08:22 Started transferring output files
...
040 (14832095.102.000) 06/12 16:08:22 Finished transferring output files
...
005 (14832095.102.000) 06/12 16:08:22 Job terminated.
	(1) Normal termination (return value 0)
		Usr 0 00:08:14, Sys 0 00:00:27  -  Run Remote Usage
		Usr 0 00:00:00, Sys 0 00:00:00  -  Run Local Usage
		Usr 0 00:08:14, Sys 0 00:00:27  -  Total Remote Usage
		Usr 0 00:00:00, Sys 0 00:00:00  -  Total Local Usage
	101745  -  Run Bytes Sent By Job
	323  -  Run Bytes Received By Job
	101745  -  Total Bytes Sent By Job
	323  -  Total Bytes Received By Job
	Partitionable Resources :    Usage  Request Allocated 
	   Cpus                 :     0.13        1         1 
	   Disk (KB)            :   120           1   3024535 
	   Memory (MB)          :   721        2000      2000 

	Job terminated of its own accord at 2023-06-12T14:08:21Z.
...
