000 (15149113.003.000) 09/27 10:32:17 Job submitted from host: <188.184.90.241:9618?addrs=188.184.90.241-9618+[2001-1458-201-e4--100-2eb]-9618&alias=bigbird15.cern.ch&noUDP&sock=schedd_2763_c443>
...
040 (15149113.003.000) 09/27 10:47:08 Started transferring input files
	Transferring to host: <128.142.60.155:9618?addrs=128.142.60.155-9618+[2001-1458-301-22--100-9a]-9618&alias=b7s05p3351.cern.ch&noUDP&sock=slot1_15_10008_4a90_31261>
...
040 (15149113.003.000) 09/27 10:47:08 Finished transferring input files
...
001 (15149113.003.000) 09/27 10:47:09 Job executing on host: <128.142.60.155:9618?addrs=128.142.60.155-9618+[2001-1458-301-22--100-9a]-9618&alias=b7s05p3351.cern.ch&noUDP&sock=startd_8437_a8a1>
...
006 (15149113.003.000) 09/27 10:47:18 Image size of job updated: 58916
	55  -  MemoryUsage of job (MB)
	55804  -  ResidentSetSize of job (KB)
...
006 (15149113.003.000) 09/27 10:52:19 Image size of job updated: 1046740
	59  -  MemoryUsage of job (MB)
	59740  -  ResidentSetSize of job (KB)
...
006 (15149113.003.000) 09/27 10:57:20 Image size of job updated: 3527576
	150  -  MemoryUsage of job (MB)
	153416  -  ResidentSetSize of job (KB)
...
006 (15149113.003.000) 09/27 11:02:20 Image size of job updated: 3762184
	381  -  MemoryUsage of job (MB)
	389292  -  ResidentSetSize of job (KB)
...
006 (15149113.003.000) 09/27 11:07:20 Image size of job updated: 3803692
	426  -  MemoryUsage of job (MB)
	435928  -  ResidentSetSize of job (KB)
...
006 (15149113.003.000) 09/27 11:12:09 Image size of job updated: 3845504
	426  -  MemoryUsage of job (MB)
	435928  -  ResidentSetSize of job (KB)
...
040 (15149113.003.000) 09/27 11:12:09 Started transferring output files
...
040 (15149113.003.000) 09/27 11:12:09 Finished transferring output files
...
005 (15149113.003.000) 09/27 11:12:09 Job terminated.
	(1) Normal termination (return value 0)
		Usr 0 00:04:36, Sys 0 00:00:12  -  Run Remote Usage
		Usr 0 00:00:00, Sys 0 00:00:00  -  Run Local Usage
		Usr 0 00:04:36, Sys 0 00:00:12  -  Total Remote Usage
		Usr 0 00:00:00, Sys 0 00:00:00  -  Total Local Usage
	69209  -  Run Bytes Sent By Job
	323  -  Run Bytes Received By Job
	69209  -  Total Bytes Sent By Job
	323  -  Total Bytes Received By Job
	Partitionable Resources :    Usage  Request Allocated 
	   Cpus                 :     0.07        1         1 
	   Disk (KB)            :    89           1   1298206 
	   Memory (MB)          :   426        2000      2000 

	Job terminated of its own accord at 2023-09-27T09:12:09Z.
...
