000 (15271413.008.000) 12/18 14:02:22 Job submitted from host: <188.184.90.241:9618?addrs=188.184.90.241-9618+[2001-1458-201-e4--100-2eb]-9618&alias=bigbird15.cern.ch&noUDP&sock=schedd_2763_c443>
...
040 (15271413.008.000) 12/18 14:05:51 Started transferring input files
	Transferring to host: <188.184.162.42:9618?addrs=188.184.162.42-9618+[2001-1458-301-4a--100-24]-9618&alias=b9s11p7165.cern.ch&noUDP&sock=slot1_12_125663_b38f_30689>
...
040 (15271413.008.000) 12/18 14:05:51 Finished transferring input files
...
001 (15271413.008.000) 12/18 14:05:52 Job executing on host: <188.184.162.42:9618?addrs=188.184.162.42-9618+[2001-1458-301-4a--100-24]-9618&alias=b9s11p7165.cern.ch&noUDP&sock=startd_114448_6318>
...
006 (15271413.008.000) 12/18 14:06:00 Image size of job updated: 125500
	123  -  MemoryUsage of job (MB)
	125500  -  ResidentSetSize of job (KB)
...
006 (15271413.008.000) 12/18 14:11:00 Image size of job updated: 488256
	477  -  MemoryUsage of job (MB)
	488256  -  ResidentSetSize of job (KB)
...
006 (15271413.008.000) 12/18 14:16:01 Image size of job updated: 703968
	688  -  MemoryUsage of job (MB)
	703968  -  ResidentSetSize of job (KB)
...
040 (15271413.008.000) 12/18 14:19:49 Started transferring output files
...
040 (15271413.008.000) 12/18 14:19:49 Finished transferring output files
...
005 (15271413.008.000) 12/18 14:19:49 Job terminated.
	(1) Normal termination (return value 0)
		Usr 0 00:12:21, Sys 0 00:00:07  -  Run Remote Usage
		Usr 0 00:00:00, Sys 0 00:00:00  -  Run Local Usage
		Usr 0 00:12:21, Sys 0 00:00:07  -  Total Remote Usage
		Usr 0 00:00:00, Sys 0 00:00:00  -  Total Local Usage
	185608  -  Run Bytes Sent By Job
	269  -  Run Bytes Received By Job
	185608  -  Total Bytes Sent By Job
	269  -  Total Bytes Received By Job
	Partitionable Resources :    Usage  Request Allocated 
	   Cpus                 :     0.94        1         1 
	   Disk (KB)            :   225           1   2993747 
	   Memory (MB)          :   688        2000      2000 

	Job terminated of its own accord at 2023-12-18T13:19:49Z.
...
