000 (15271413.069.000) 12/18 14:02:23 Job submitted from host: <188.184.90.241:9618?addrs=188.184.90.241-9618+[2001-1458-201-e4--100-2eb]-9618&alias=bigbird15.cern.ch&noUDP&sock=schedd_2763_c443>
...
040 (15271413.069.000) 12/18 14:06:13 Started transferring input files
	Transferring to host: <128.142.61.129:9618?addrs=128.142.61.129-9618+[2001-1458-301-23--100-80]-9618&alias=b9s06p9090.cern.ch&noUDP&sock=slot1_19_125291_9800_6534>
...
040 (15271413.069.000) 12/18 14:06:13 Finished transferring input files
...
001 (15271413.069.000) 12/18 14:06:14 Job executing on host: <128.142.61.129:9618?addrs=128.142.61.129-9618+[2001-1458-301-23--100-80]-9618&alias=b9s06p9090.cern.ch&noUDP&sock=startd_113171_78a8>
...
006 (15271413.069.000) 12/18 14:06:22 Image size of job updated: 132756
	112  -  MemoryUsage of job (MB)
	113760  -  ResidentSetSize of job (KB)
...
006 (15271413.069.000) 12/18 14:11:22 Image size of job updated: 481976
	450  -  MemoryUsage of job (MB)
	460544  -  ResidentSetSize of job (KB)
...
006 (15271413.069.000) 12/18 14:16:23 Image size of job updated: 809696
	789  -  MemoryUsage of job (MB)
	807648  -  ResidentSetSize of job (KB)
...
006 (15271413.069.000) 12/18 14:19:11 Image size of job updated: 3008772
	789  -  MemoryUsage of job (MB)
	807648  -  ResidentSetSize of job (KB)
...
040 (15271413.069.000) 12/18 14:19:11 Started transferring output files
...
040 (15271413.069.000) 12/18 14:19:11 Finished transferring output files
...
005 (15271413.069.000) 12/18 14:19:11 Job terminated.
	(1) Normal termination (return value 0)
		Usr 0 00:09:46, Sys 0 00:00:08  -  Run Remote Usage
		Usr 0 00:00:00, Sys 0 00:00:00  -  Run Local Usage
		Usr 0 00:09:46, Sys 0 00:00:08  -  Total Remote Usage
		Usr 0 00:00:00, Sys 0 00:00:00  -  Total Local Usage
	179572  -  Run Bytes Sent By Job
	269  -  Run Bytes Received By Job
	179572  -  Total Bytes Sent By Job
	269  -  Total Bytes Received By Job
	Partitionable Resources :    Usage  Request Allocated 
	   Cpus                 :     0.92        1         1 
	   Disk (KB)            :   219           1   3043730 
	   Memory (MB)          :   789        2000      2000 

	Job terminated of its own accord at 2023-12-18T13:19:11Z.
...
