000 (15151321.061.000) 10/02 14:58:31 Job submitted from host: <188.184.90.241:9618?addrs=188.184.90.241-9618+[2001-1458-201-e4--100-2eb]-9618&alias=bigbird15.cern.ch&noUDP&sock=schedd_2763_c443>
...
040 (15151321.061.000) 10/02 15:16:04 Started transferring input files
	Transferring to host: <128.142.61.127:9618?addrs=128.142.61.127-9618+[2001-1458-301-23--100-7e]-9618&alias=b7s06p4472.cern.ch&noUDP&sock=slot1_24_54020_ba0e_11663>
...
040 (15151321.061.000) 10/02 15:16:04 Finished transferring input files
...
001 (15151321.061.000) 10/02 15:16:05 Job executing on host: <128.142.61.127:9618?addrs=128.142.61.127-9618+[2001-1458-301-23--100-7e]-9618&alias=b7s06p4472.cern.ch&noUDP&sock=startd_3452_5d04>
...
006 (15151321.061.000) 10/02 15:16:15 Image size of job updated: 803396
	121  -  MemoryUsage of job (MB)
	123548  -  ResidentSetSize of job (KB)
...
006 (15151321.061.000) 10/02 15:17:39 Image size of job updated: 922724
	121  -  MemoryUsage of job (MB)
	123548  -  ResidentSetSize of job (KB)
...
040 (15151321.061.000) 10/02 15:17:39 Started transferring output files
...
040 (15151321.061.000) 10/02 15:17:39 Finished transferring output files
...
005 (15151321.061.000) 10/02 15:17:39 Job terminated.
	(1) Normal termination (return value 0)
		Usr 0 00:00:09, Sys 0 00:00:01  -  Run Remote Usage
		Usr 0 00:00:00, Sys 0 00:00:00  -  Run Local Usage
		Usr 0 00:00:09, Sys 0 00:00:01  -  Total Remote Usage
		Usr 0 00:00:00, Sys 0 00:00:00  -  Total Local Usage
	7960  -  Run Bytes Sent By Job
	374  -  Run Bytes Received By Job
	7960  -  Total Bytes Sent By Job
	374  -  Total Bytes Received By Job
	Partitionable Resources :    Usage  Request Allocated 
	   Cpus                 :                 1         1 
	   Disk (KB)            :       23        1   2952073 
	   Memory (MB)          :      121     2000      2000 

	Job terminated of its own accord at 2023-10-02T13:17:39Z.
...
