000 (14832095.171.000) 06/12 15:17:58 Job submitted from host: <188.184.90.241:9618?addrs=188.184.90.241-9618+[2001-1458-201-e4--100-2eb]-9618&alias=bigbird15.cern.ch&noUDP&sock=schedd_1460210_2ef4>
...
040 (14832095.171.000) 06/12 15:20:35 Started transferring input files
	Transferring to host: <128.142.51.209:9618?addrs=128.142.51.209-9618+[2001-1458-301-3--100-e]-9618&alias=b7g02p5414.cern.ch&noUDP&sock=slot1_33_3381_f863_36287>
...
040 (14832095.171.000) 06/12 15:20:35 Finished transferring input files
...
001 (14832095.171.000) 06/12 15:20:36 Job executing on host: <128.142.51.209:9618?addrs=128.142.51.209-9618+[2001-1458-301-3--100-e]-9618&alias=b7g02p5414.cern.ch&noUDP&sock=startd_2924_3303>
...
006 (14832095.171.000) 06/12 15:20:45 Image size of job updated: 47640
	47  -  MemoryUsage of job (MB)
	47640  -  ResidentSetSize of job (KB)
...
006 (14832095.171.000) 06/12 15:25:46 Image size of job updated: 1552356
	1039  -  MemoryUsage of job (MB)
	1063936  -  ResidentSetSize of job (KB)
...
006 (14832095.171.000) 06/12 15:30:46 Image size of job updated: 2377412
	1791  -  MemoryUsage of job (MB)
	1833876  -  ResidentSetSize of job (KB)
...
006 (14832095.171.000) 06/12 15:35:46 Image size of job updated: 2477284
	1791  -  MemoryUsage of job (MB)
	1833876  -  ResidentSetSize of job (KB)
...
006 (14832095.171.000) 06/12 15:50:47 Image size of job updated: 4052184
	1791  -  MemoryUsage of job (MB)
	1833876  -  ResidentSetSize of job (KB)
...
006 (14832095.171.000) 06/12 16:00:49 Image size of job updated: 4332704
	1791  -  MemoryUsage of job (MB)
	1833876  -  ResidentSetSize of job (KB)
...
006 (14832095.171.000) 06/12 16:05:49 Image size of job updated: 4339668
	1791  -  MemoryUsage of job (MB)
	1833876  -  ResidentSetSize of job (KB)
...
006 (14832095.171.000) 06/12 16:10:50 Image size of job updated: 4346652
	1791  -  MemoryUsage of job (MB)
	1833876  -  ResidentSetSize of job (KB)
...
006 (14832095.171.000) 06/12 16:15:51 Image size of job updated: 4412276
	1791  -  MemoryUsage of job (MB)
	1833876  -  ResidentSetSize of job (KB)
...
006 (14832095.171.000) 06/12 16:19:17 Image size of job updated: 4428480
	1791  -  MemoryUsage of job (MB)
	1833876  -  ResidentSetSize of job (KB)
...
040 (14832095.171.000) 06/12 16:19:17 Started transferring output files
...
040 (14832095.171.000) 06/12 16:19:17 Finished transferring output files
...
005 (14832095.171.000) 06/12 16:19:17 Job terminated.
	(1) Normal termination (return value 0)
		Usr 0 00:15:48, Sys 0 00:01:15  -  Run Remote Usage
		Usr 0 00:00:00, Sys 0 00:00:00  -  Run Local Usage
		Usr 0 00:15:48, Sys 0 00:01:15  -  Total Remote Usage
		Usr 0 00:00:00, Sys 0 00:00:00  -  Total Local Usage
	142171  -  Run Bytes Sent By Job
	323  -  Run Bytes Received By Job
	142171  -  Total Bytes Sent By Job
	323  -  Total Bytes Received By Job
	Partitionable Resources :    Usage  Request Allocated 
	   Cpus                 :     0.12        1         1 
	   Disk (KB)            :   160           1   1485231 
	   Memory (MB)          :  1791        2000      2000 

	Job terminated of its own accord at 2023-06-12T14:19:17Z.
...
