000 (15149098.022.000) 09/27 08:23:39 Job submitted from host: <188.184.90.241:9618?addrs=188.184.90.241-9618+[2001-1458-201-e4--100-2eb]-9618&alias=bigbird15.cern.ch&noUDP&sock=schedd_2763_c443>
...
040 (15149098.022.000) 09/27 08:37:01 Started transferring input files
	Transferring to host: <128.142.61.39:9618?addrs=128.142.61.39-9618&alias=b7s06p7473.cern.ch&noUDP&sock=slot1_15_4176_1ea3_6812>
...
040 (15149098.022.000) 09/27 08:37:01 Finished transferring input files
...
001 (15149098.022.000) 09/27 08:37:02 Job executing on host: <128.142.61.39:9618?addrs=128.142.61.39-9618&alias=b7s06p7473.cern.ch&noUDP&sock=startd_2851_2099>
...
006 (15149098.022.000) 09/27 08:37:11 Image size of job updated: 401936
	62  -  MemoryUsage of job (MB)
	63312  -  ResidentSetSize of job (KB)
...
040 (15149098.022.000) 09/27 08:37:16 Started transferring output files
...
040 (15149098.022.000) 09/27 08:37:16 Finished transferring output files
...
005 (15149098.022.000) 09/27 08:37:16 Job terminated.
	(1) Normal termination (return value 0)
		Usr 0 00:00:03, Sys 0 00:00:01  -  Run Remote Usage
		Usr 0 00:00:00, Sys 0 00:00:00  -  Run Local Usage
		Usr 0 00:00:03, Sys 0 00:00:01  -  Total Remote Usage
		Usr 0 00:00:00, Sys 0 00:00:00  -  Total Local Usage
	23758  -  Run Bytes Sent By Job
	323  -  Run Bytes Received By Job
	23758  -  Total Bytes Sent By Job
	323  -  Total Bytes Received By Job
	Partitionable Resources :    Usage  Request Allocated 
	   Cpus                 :                 1         1 
	   Disk (KB)            :       37        1   1232455 
	   Memory (MB)          :       62     2000      2000 

	Job terminated of its own accord at 2023-09-27T06:37:16Z.
...
