000 (15150662.068.000) 09/28 15:49:40 Job submitted from host: <188.184.90.241:9618?addrs=188.184.90.241-9618+[2001-1458-201-e4--100-2eb]-9618&alias=bigbird15.cern.ch&noUDP&sock=schedd_2763_c443>
...
040 (15150662.068.000) 09/28 16:01:09 Started transferring input files
	Transferring to host: <188.184.162.148:9618?addrs=188.184.162.148-9618&alias=b7s11p3165.cern.ch&noUDP&sock=slot1_10_6820_0e8e_90922>
...
040 (15150662.068.000) 09/28 16:01:09 Finished transferring input files
...
001 (15150662.068.000) 09/28 16:01:10 Job executing on host: <188.184.162.148:9618?addrs=188.184.162.148-9618&alias=b7s11p3165.cern.ch&noUDP&sock=startd_5556_8847>
...
006 (15150662.068.000) 09/28 16:01:18 Image size of job updated: 122312
	120  -  MemoryUsage of job (MB)
	122312  -  ResidentSetSize of job (KB)
...
006 (15150662.068.000) 09/28 16:05:11 Image size of job updated: 923164
	120  -  MemoryUsage of job (MB)
	122312  -  ResidentSetSize of job (KB)
...
040 (15150662.068.000) 09/28 16:05:11 Started transferring output files
...
040 (15150662.068.000) 09/28 16:05:11 Finished transferring output files
...
005 (15150662.068.000) 09/28 16:05:11 Job terminated.
	(1) Normal termination (return value 0)
		Usr 0 00:00:15, Sys 0 00:00:01  -  Run Remote Usage
		Usr 0 00:00:00, Sys 0 00:00:00  -  Run Local Usage
		Usr 0 00:00:15, Sys 0 00:00:01  -  Total Remote Usage
		Usr 0 00:00:00, Sys 0 00:00:00  -  Total Local Usage
	7962  -  Run Bytes Sent By Job
	374  -  Run Bytes Received By Job
	7962  -  Total Bytes Sent By Job
	374  -  Total Bytes Received By Job
	Partitionable Resources :    Usage  Request Allocated 
	   Cpus                 :                 1         1 
	   Disk (KB)            :       21        1   2973277 
	   Memory (MB)          :      120     2000      2000 

	Job terminated of its own accord at 2023-09-28T14:05:11Z.
...
