000 (15159766.075.000) 10/09 11:47:56 Job submitted from host: <188.184.90.241:9618?addrs=188.184.90.241-9618+[2001-1458-201-e4--100-2eb]-9618&alias=bigbird15.cern.ch&noUDP&sock=schedd_2763_c443>
...
040 (15159766.075.000) 10/09 14:24:41 Started transferring input files
	Transferring to host: <128.142.57.19:9618?addrs=128.142.57.19-9618&alias=b7s02p6948.cern.ch&noUDP&sock=slot1_14_22054_c9ba_116769>
...
040 (15159766.075.000) 10/09 14:24:41 Finished transferring input files
...
001 (15159766.075.000) 10/09 14:24:42 Job executing on host: <128.142.57.19:9618?addrs=128.142.57.19-9618&alias=b7s02p6948.cern.ch&noUDP&sock=startd_5310_cbfb>
...
006 (15159766.075.000) 10/09 14:24:44 Image size of job updated: 716
	0  -  MemoryUsage of job (MB)
	0  -  ResidentSetSize of job (KB)
...
040 (15159766.075.000) 10/09 14:24:44 Started transferring output files
...
040 (15159766.075.000) 10/09 14:24:44 Finished transferring output files
...
005 (15159766.075.000) 10/09 14:24:44 Job terminated.
	(1) Normal termination (return value 0)
		Usr 0 00:00:01, Sys 0 00:00:00  -  Run Remote Usage
		Usr 0 00:00:00, Sys 0 00:00:00  -  Run Local Usage
		Usr 0 00:00:01, Sys 0 00:00:00  -  Total Remote Usage
		Usr 0 00:00:00, Sys 0 00:00:00  -  Total Local Usage
	7866  -  Run Bytes Sent By Job
	374  -  Run Bytes Received By Job
	7866  -  Total Bytes Sent By Job
	374  -  Total Bytes Received By Job
	Partitionable Resources :    Usage  Request Allocated 
	   Cpus                 :                 1         1 
	   Disk (KB)            :       21        1   2840280 
	   Memory (MB)          :        0     2000      2000 

	Job terminated of its own accord at 2023-10-09T12:24:44Z.
...
