000 (15271413.030.000) 12/18 14:02:22 Job submitted from host: <188.184.90.241:9618?addrs=188.184.90.241-9618+[2001-1458-201-e4--100-2eb]-9618&alias=bigbird15.cern.ch&noUDP&sock=schedd_2763_c443>
...
040 (15271413.030.000) 12/18 14:05:58 Started transferring input files
	Transferring to host: <128.142.60.110:9618?addrs=128.142.60.110-9618+[2001-1458-301-22--100-6d]-9618&alias=b9s05p5752.cern.ch&noUDP&sock=slot1_11_122944_eb81_6584>
...
040 (15271413.030.000) 12/18 14:05:58 Finished transferring input files
...
001 (15271413.030.000) 12/18 14:05:59 Job executing on host: <128.142.60.110:9618?addrs=128.142.60.110-9618+[2001-1458-301-22--100-6d]-9618&alias=b9s05p5752.cern.ch&noUDP&sock=startd_113032_20fe>
...
006 (15271413.030.000) 12/18 14:06:08 Image size of job updated: 107920
	82  -  MemoryUsage of job (MB)
	83748  -  ResidentSetSize of job (KB)
...
006 (15271413.030.000) 12/18 14:11:09 Image size of job updated: 416796
	387  -  MemoryUsage of job (MB)
	395756  -  ResidentSetSize of job (KB)
...
006 (15271413.030.000) 12/18 14:16:10 Image size of job updated: 729572
	713  -  MemoryUsage of job (MB)
	729572  -  ResidentSetSize of job (KB)
...
006 (15271413.030.000) 12/18 14:21:10 Image size of job updated: 3388648
	3310  -  MemoryUsage of job (MB)
	3388428  -  ResidentSetSize of job (KB)
...
006 (15271413.030.000) 12/18 14:22:01 Image size of job updated: 3410376
	3310  -  MemoryUsage of job (MB)
	3388428  -  ResidentSetSize of job (KB)
...
040 (15271413.030.000) 12/18 14:22:01 Started transferring output files
...
040 (15271413.030.000) 12/18 14:22:01 Finished transferring output files
...
005 (15271413.030.000) 12/18 14:22:01 Job terminated.
	(1) Normal termination (return value 0)
		Usr 0 00:11:55, Sys 0 00:00:09  -  Run Remote Usage
		Usr 0 00:00:00, Sys 0 00:00:00  -  Run Local Usage
		Usr 0 00:11:55, Sys 0 00:00:09  -  Total Remote Usage
		Usr 0 00:00:00, Sys 0 00:00:00  -  Total Local Usage
	211591  -  Run Bytes Sent By Job
	269  -  Run Bytes Received By Job
	211591  -  Total Bytes Sent By Job
	269  -  Total Bytes Received By Job
	Partitionable Resources :    Usage  Request Allocated 
	   Cpus                 :     0.92        1         1 
	   Disk (KB)            :   251           1   3037921 
	   Memory (MB)          :  3310        2000      2000 

	Job terminated of its own accord at 2023-12-18T13:22:01Z.
...
