000 (14832095.022.000) 06/12 15:17:57 Job submitted from host: <188.184.90.241:9618?addrs=188.184.90.241-9618+[2001-1458-201-e4--100-2eb]-9618&alias=bigbird15.cern.ch&noUDP&sock=schedd_1460210_2ef4>
...
040 (14832095.022.000) 06/12 15:19:42 Started transferring input files
	Transferring to host: <128.142.56.62:9618?addrs=128.142.56.62-9618+[2001-1458-301-6--100-3d]-9618&alias=b7s01p6047.cern.ch&noUDP&sock=slot1_8_4552_0bb2_61192>
...
040 (14832095.022.000) 06/12 15:19:42 Finished transferring input files
...
001 (14832095.022.000) 06/12 15:19:43 Job executing on host: <128.142.56.62:9618?addrs=128.142.56.62-9618+[2001-1458-301-6--100-3d]-9618&alias=b7s01p6047.cern.ch&noUDP&sock=startd_3180_cb41>
...
006 (14832095.022.000) 06/12 15:19:52 Image size of job updated: 670832
	188  -  MemoryUsage of job (MB)
	191504  -  ResidentSetSize of job (KB)
...
006 (14832095.022.000) 06/12 15:23:28 Image size of job updated: 1213496
	188  -  MemoryUsage of job (MB)
	191644  -  ResidentSetSize of job (KB)
...
040 (14832095.022.000) 06/12 15:23:28 Started transferring output files
...
040 (14832095.022.000) 06/12 15:23:28 Finished transferring output files
...
005 (14832095.022.000) 06/12 15:23:28 Job terminated.
	(1) Normal termination (return value 0)
		Usr 0 00:01:23, Sys 0 00:00:04  -  Run Remote Usage
		Usr 0 00:00:00, Sys 0 00:00:00  -  Run Local Usage
		Usr 0 00:01:23, Sys 0 00:00:04  -  Total Remote Usage
		Usr 0 00:00:00, Sys 0 00:00:00  -  Total Local Usage
	39354  -  Run Bytes Sent By Job
	323  -  Run Bytes Received By Job
	39354  -  Total Bytes Sent By Job
	323  -  Total Bytes Received By Job
	Partitionable Resources :    Usage  Request Allocated 
	   Cpus                 :                 1         1 
	   Disk (KB)            :       52        1   1248109 
	   Memory (MB)          :      188     2000      2000 

	Job terminated of its own accord at 2023-06-12T13:23:28Z.
...
