000 (14808124.073.000) 05/19 04:24:07 Job submitted from host: <188.184.90.241:9618?addrs=188.184.90.241-9618+[2001-1458-201-e4--100-2eb]-9618&alias=bigbird15.cern.ch&noUDP&sock=schedd_3273_9590>
...
040 (14808124.073.000) 05/19 04:36:06 Started transferring input files
	Transferring to host: <128.142.132.112:9618?addrs=128.142.132.112-9618+[2001-1458-301-5a--100-64]-9618&alias=b7g12p9767.cern.ch&noUDP&sock=slot1_10_4413_1b8d_34693>
...
040 (14808124.073.000) 05/19 04:36:06 Finished transferring input files
...
001 (14808124.073.000) 05/19 04:36:07 Job executing on host: <128.142.132.112:9618?addrs=128.142.132.112-9618+[2001-1458-301-5a--100-64]-9618&alias=b7g12p9767.cern.ch&noUDP&sock=startd_3175_5d48>
...
006 (14808124.073.000) 05/19 04:36:16 Image size of job updated: 554128
	47  -  MemoryUsage of job (MB)
	47668  -  ResidentSetSize of job (KB)
...
006 (14808124.073.000) 05/19 04:41:17 Image size of job updated: 4207884
	3512  -  MemoryUsage of job (MB)
	3595728  -  ResidentSetSize of job (KB)
...
006 (14808124.073.000) 05/19 04:41:32 Image size of job updated: 4207896
	3512  -  MemoryUsage of job (MB)
	3595728  -  ResidentSetSize of job (KB)
...
040 (14808124.073.000) 05/19 04:41:32 Started transferring output files
...
040 (14808124.073.000) 05/19 04:41:32 Finished transferring output files
...
005 (14808124.073.000) 05/19 04:41:32 Job terminated.
	(1) Normal termination (return value 0)
		Usr 0 00:03:55, Sys 0 00:00:17  -  Run Remote Usage
		Usr 0 00:00:00, Sys 0 00:00:00  -  Run Local Usage
		Usr 0 00:03:55, Sys 0 00:00:17  -  Total Remote Usage
		Usr 0 00:00:00, Sys 0 00:00:00  -  Total Local Usage
	271521  -  Run Bytes Sent By Job
	269  -  Run Bytes Received By Job
	271521  -  Total Bytes Sent By Job
	269  -  Total Bytes Received By Job
	Partitionable Resources :    Usage  Request Allocated 
	   Cpus                 :     0.15        1         1 
	   Disk (KB)            :   286           1   1651504 
	   Memory (MB)          :  3512        2000      2000 

	Job terminated of its own accord at 2023-05-19T02:41:32Z.
...
