000 (15271413.045.000) 12/18 14:02:22 Job submitted from host: <188.184.90.241:9618?addrs=188.184.90.241-9618+[2001-1458-201-e4--100-2eb]-9618&alias=bigbird15.cern.ch&noUDP&sock=schedd_2763_c443>
...
040 (15271413.045.000) 12/18 14:06:03 Started transferring input files
	Transferring to host: <128.142.194.193:9618?addrs=128.142.194.193-9618+[2001-1458-301-13--100-41]-9618&alias=b9g30p6627.cern.ch&noUDP&sock=slot1_14_9831_9429_10027>
...
040 (15271413.045.000) 12/18 14:06:03 Finished transferring input files
...
001 (15271413.045.000) 12/18 14:06:04 Job executing on host: <128.142.194.193:9618?addrs=128.142.194.193-9618+[2001-1458-301-13--100-41]-9618&alias=b9g30p6627.cern.ch&noUDP&sock=startd_8711_9994>
...
006 (15271413.045.000) 12/18 14:06:13 Image size of job updated: 122120
	100  -  MemoryUsage of job (MB)
	102148  -  ResidentSetSize of job (KB)
...
006 (15271413.045.000) 12/18 14:11:14 Image size of job updated: 2567436
	2507  -  MemoryUsage of job (MB)
	2566444  -  ResidentSetSize of job (KB)
...
006 (15271413.045.000) 12/18 14:12:06 Image size of job updated: 2611644
	2507  -  MemoryUsage of job (MB)
	2566444  -  ResidentSetSize of job (KB)
...
040 (15271413.045.000) 12/18 14:12:06 Started transferring output files
...
040 (15271413.045.000) 12/18 14:12:06 Finished transferring output files
...
005 (15271413.045.000) 12/18 14:12:06 Job terminated.
	(1) Normal termination (return value 0)
		Usr 0 00:03:30, Sys 0 00:00:05  -  Run Remote Usage
		Usr 0 00:00:00, Sys 0 00:00:00  -  Run Local Usage
		Usr 0 00:03:30, Sys 0 00:00:05  -  Total Remote Usage
		Usr 0 00:00:00, Sys 0 00:00:00  -  Total Local Usage
	116966  -  Run Bytes Sent By Job
	269  -  Run Bytes Received By Job
	116966  -  Total Bytes Sent By Job
	269  -  Total Bytes Received By Job
	Partitionable Resources :    Usage  Request Allocated 
	   Cpus                 :     0.14        1         1 
	   Disk (KB)            :   158           1   2876787 
	   Memory (MB)          :  2507        2000      2000 

	Job terminated of its own accord at 2023-12-18T13:12:06Z.
...
