000 (14832095.013.000) 06/12 15:17:57 Job submitted from host: <188.184.90.241:9618?addrs=188.184.90.241-9618+[2001-1458-201-e4--100-2eb]-9618&alias=bigbird15.cern.ch&noUDP&sock=schedd_1460210_2ef4>
...
040 (14832095.013.000) 06/12 15:19:39 Started transferring input files
	Transferring to host: <128.142.61.152:9618?addrs=128.142.61.152-9618+[2001-1458-301-23--100-97]-9618&alias=b7s06p3046.cern.ch&noUDP&sock=slot1_13_4572_2333_62704>
...
040 (14832095.013.000) 06/12 15:19:39 Finished transferring input files
...
001 (14832095.013.000) 06/12 15:19:40 Job executing on host: <128.142.61.152:9618?addrs=128.142.61.152-9618+[2001-1458-301-23--100-97]-9618&alias=b7s06p3046.cern.ch&noUDP&sock=startd_3155_a563>
...
006 (14832095.013.000) 06/12 15:19:49 Image size of job updated: 174748
	171  -  MemoryUsage of job (MB)
	174084  -  ResidentSetSize of job (KB)
...
006 (14832095.013.000) 06/12 15:24:50 Image size of job updated: 2781284
	2247  -  MemoryUsage of job (MB)
	2300124  -  ResidentSetSize of job (KB)
...
006 (14832095.013.000) 06/12 15:29:50 Image size of job updated: 4644652
	4107  -  MemoryUsage of job (MB)
	4205148  -  ResidentSetSize of job (KB)
...
006 (14832095.013.000) 06/12 15:34:50 Image size of job updated: 6459324
	5866  -  MemoryUsage of job (MB)
	6006016  -  ResidentSetSize of job (KB)
...
006 (14832095.013.000) 06/12 15:39:51 Image size of job updated: 8039976
	7366  -  MemoryUsage of job (MB)
	7542128  -  ResidentSetSize of job (KB)
...
006 (14832095.013.000) 06/12 15:44:52 Image size of job updated: 9635296
	8924  -  MemoryUsage of job (MB)
	9137268  -  ResidentSetSize of job (KB)
...
006 (14832095.013.000) 06/12 15:49:52 Image size of job updated: 11171012
	10415  -  MemoryUsage of job (MB)
	10664304  -  ResidentSetSize of job (KB)
...
006 (14832095.013.000) 06/12 15:54:53 Image size of job updated: 12581276
	11844  -  MemoryUsage of job (MB)
	12127492  -  ResidentSetSize of job (KB)
...
006 (14832095.013.000) 06/12 15:59:54 Image size of job updated: 13910424
	13124  -  MemoryUsage of job (MB)
	13438148  -  ResidentSetSize of job (KB)
...
006 (14832095.013.000) 06/12 16:04:54 Image size of job updated: 14440300
	13546  -  MemoryUsage of job (MB)
	13870896  -  ResidentSetSize of job (KB)
...
006 (14832095.013.000) 06/12 16:09:54 Image size of job updated: 14553560
	13549  -  MemoryUsage of job (MB)
	13873652  -  ResidentSetSize of job (KB)
...
006 (14832095.013.000) 06/12 16:14:55 Image size of job updated: 14553560
	13549  -  MemoryUsage of job (MB)
	13873960  -  ResidentSetSize of job (KB)
...
006 (14832095.013.000) 06/12 16:19:55 Image size of job updated: 14566412
	13549  -  MemoryUsage of job (MB)
	13873960  -  ResidentSetSize of job (KB)
...
040 (14832095.013.000) 06/12 17:20:01 Started transferring output files
...
040 (14832095.013.000) 06/12 17:20:01 Finished transferring output files
...
009 (14832095.013.000) 06/12 17:20:01 Job was aborted.
	Job removed by SYSTEM_PERIODIC_REMOVE due to wall time exceeded allowed max.
...
