000 (15155263.055.000) 10/07 15:36:06 Job submitted from host: <188.184.90.241:9618?addrs=188.184.90.241-9618+[2001-1458-201-e4--100-2eb]-9618&alias=bigbird15.cern.ch&noUDP&sock=schedd_2763_c443>
...
040 (15155263.055.000) 10/07 15:38:59 Started transferring input files
	Transferring to host: <128.142.61.127:9618?addrs=128.142.61.127-9618&alias=b7s06p4472.cern.ch&noUDP&sock=slot1_49_4030_3fdd_1164>
...
040 (15155263.055.000) 10/07 15:38:59 Finished transferring input files
...
001 (15155263.055.000) 10/07 15:39:00 Job executing on host: <128.142.61.127:9618?addrs=128.142.61.127-9618&alias=b7s06p4472.cern.ch&noUDP&sock=startd_3968_4be2>
...
006 (15155263.055.000) 10/07 15:39:09 Image size of job updated: 670960
	53  -  MemoryUsage of job (MB)
	53556  -  ResidentSetSize of job (KB)
...
006 (15155263.055.000) 10/07 15:44:10 Image size of job updated: 964492
	61  -  MemoryUsage of job (MB)
	62148  -  ResidentSetSize of job (KB)
...
006 (15155263.055.000) 10/07 15:49:11 Image size of job updated: 3559532
	154  -  MemoryUsage of job (MB)
	156696  -  ResidentSetSize of job (KB)
...
006 (15155263.055.000) 10/07 15:54:11 Image size of job updated: 3801140
	392  -  MemoryUsage of job (MB)
	400436  -  ResidentSetSize of job (KB)
...
006 (15155263.055.000) 10/07 15:59:12 Image size of job updated: 3872444
	460  -  MemoryUsage of job (MB)
	470532  -  ResidentSetSize of job (KB)
...
006 (15155263.055.000) 10/07 16:00:04 Image size of job updated: 3879804
	460  -  MemoryUsage of job (MB)
	470532  -  ResidentSetSize of job (KB)
...
040 (15155263.055.000) 10/07 16:00:04 Started transferring output files
...
040 (15155263.055.000) 10/07 16:00:04 Finished transferring output files
...
005 (15155263.055.000) 10/07 16:00:05 Job terminated.
	(1) Normal termination (return value 0)
		Usr 0 00:04:58, Sys 0 00:00:16  -  Run Remote Usage
		Usr 0 00:00:00, Sys 0 00:00:00  -  Run Local Usage
		Usr 0 00:04:58, Sys 0 00:00:16  -  Total Remote Usage
		Usr 0 00:00:00, Sys 0 00:00:00  -  Total Local Usage
	72983  -  Run Bytes Sent By Job
	323  -  Run Bytes Received By Job
	72983  -  Total Bytes Sent By Job
	323  -  Total Bytes Received By Job
	Partitionable Resources :    Usage  Request Allocated 
	   Cpus                 :     0.04        1         1 
	   Disk (KB)            :    92           1   2736685 
	   Memory (MB)          :   460        2000      2000 

	Job terminated of its own accord at 2023-10-07T14:00:04Z.
...
