000 (14832095.185.000) 06/12 15:17:58 Job submitted from host: <188.184.90.241:9618?addrs=188.184.90.241-9618+[2001-1458-201-e4--100-2eb]-9618&alias=bigbird15.cern.ch&noUDP&sock=schedd_1460210_2ef4>
...
040 (14832095.185.000) 06/12 15:20:42 Started transferring input files
	Transferring to host: <128.142.137.217:9618?addrs=128.142.137.217-9618+[2001-1458-301-5e--100-cd]-9618&alias=b7g19p6459.cern.ch&noUDP&sock=slot1_7_3364_fe02_13106>
...
040 (14832095.185.000) 06/12 15:20:42 Finished transferring input files
...
001 (14832095.185.000) 06/12 15:20:43 Job executing on host: <128.142.137.217:9618?addrs=128.142.137.217-9618+[2001-1458-301-5e--100-cd]-9618&alias=b7g19p6459.cern.ch&noUDP&sock=startd_2729_720b>
...
006 (14832095.185.000) 06/12 15:20:51 Image size of job updated: 538076
	47  -  MemoryUsage of job (MB)
	47428  -  ResidentSetSize of job (KB)
...
006 (14832095.185.000) 06/12 15:25:51 Image size of job updated: 1455452
	969  -  MemoryUsage of job (MB)
	992236  -  ResidentSetSize of job (KB)
...
006 (14832095.185.000) 06/12 15:30:52 Image size of job updated: 1755508
	1189  -  MemoryUsage of job (MB)
	1217436  -  ResidentSetSize of job (KB)
...
006 (14832095.185.000) 06/12 15:45:53 Image size of job updated: 4033816
	1189  -  MemoryUsage of job (MB)
	1217436  -  ResidentSetSize of job (KB)
...
006 (14832095.185.000) 06/12 15:50:53 Image size of job updated: 4082272
	1189  -  MemoryUsage of job (MB)
	1217436  -  ResidentSetSize of job (KB)
...
006 (14832095.185.000) 06/12 15:55:53 Image size of job updated: 4317876
	1189  -  MemoryUsage of job (MB)
	1217436  -  ResidentSetSize of job (KB)
...
006 (14832095.185.000) 06/12 16:00:54 Image size of job updated: 4325248
	1189  -  MemoryUsage of job (MB)
	1217436  -  ResidentSetSize of job (KB)
...
006 (14832095.185.000) 06/12 16:05:55 Image size of job updated: 4382408
	1189  -  MemoryUsage of job (MB)
	1217436  -  ResidentSetSize of job (KB)
...
006 (14832095.185.000) 06/12 16:10:55 Image size of job updated: 4405144
	1189  -  MemoryUsage of job (MB)
	1217436  -  ResidentSetSize of job (KB)
...
006 (14832095.185.000) 06/12 16:12:26 Image size of job updated: 4410036
	1189  -  MemoryUsage of job (MB)
	1217436  -  ResidentSetSize of job (KB)
...
040 (14832095.185.000) 06/12 16:12:26 Started transferring output files
...
040 (14832095.185.000) 06/12 16:12:26 Finished transferring output files
...
005 (14832095.185.000) 06/12 16:12:26 Job terminated.
	(1) Normal termination (return value 0)
		Usr 0 00:12:48, Sys 0 00:00:43  -  Run Remote Usage
		Usr 0 00:00:00, Sys 0 00:00:00  -  Run Local Usage
		Usr 0 00:12:48, Sys 0 00:00:43  -  Total Remote Usage
		Usr 0 00:00:00, Sys 0 00:00:00  -  Total Local Usage
	115099  -  Run Bytes Sent By Job
	323  -  Run Bytes Received By Job
	115099  -  Total Bytes Sent By Job
	323  -  Total Bytes Received By Job
	Partitionable Resources :    Usage  Request Allocated 
	   Cpus                 :     0.09        1         1 
	   Disk (KB)            :   133           1   1661375 
	   Memory (MB)          :  1189        2000      2000 

	Job terminated of its own accord at 2023-06-12T14:12:26Z.
...
