000 (15162822.003.000) 10/11 13:51:22 Job submitted from host: <188.184.90.241:9618?addrs=188.184.90.241-9618+[2001-1458-201-e4--100-2eb]-9618&alias=bigbird15.cern.ch&noUDP&sock=schedd_2763_c443>
...
040 (15162822.003.000) 10/11 14:31:38 Started transferring input files
	Transferring to host: <128.142.60.63:9618?addrs=128.142.60.63-9618&alias=b7s05p0756.cern.ch&noUDP&sock=slot1_6_3226_c23c_95149>
...
040 (15162822.003.000) 10/11 14:31:38 Finished transferring input files
...
001 (15162822.003.000) 10/11 14:31:39 Job executing on host: <128.142.60.63:9618?addrs=128.142.60.63-9618&alias=b7s05p0756.cern.ch&noUDP&sock=startd_2729_720b>
...
006 (15162822.003.000) 10/11 14:31:48 Image size of job updated: 672980
	120  -  MemoryUsage of job (MB)
	122844  -  ResidentSetSize of job (KB)
...
006 (15162822.003.000) 10/11 14:36:49 Image size of job updated: 2339992
	2286  -  MemoryUsage of job (MB)
	2339992  -  ResidentSetSize of job (KB)
...
006 (15162822.003.000) 10/11 14:38:49 Image size of job updated: 3326264
	2286  -  MemoryUsage of job (MB)
	2339992  -  ResidentSetSize of job (KB)
...
040 (15162822.003.000) 10/11 14:38:49 Started transferring output files
...
040 (15162822.003.000) 10/11 14:38:49 Finished transferring output files
...
005 (15162822.003.000) 10/11 14:38:49 Job terminated.
	(1) Normal termination (return value 0)
		Usr 0 00:05:10, Sys 0 00:00:05  -  Run Remote Usage
		Usr 0 00:00:00, Sys 0 00:00:00  -  Run Local Usage
		Usr 0 00:05:10, Sys 0 00:00:05  -  Total Remote Usage
		Usr 0 00:00:00, Sys 0 00:00:00  -  Total Local Usage
	183432  -  Run Bytes Sent By Job
	269  -  Run Bytes Received By Job
	183432  -  Total Bytes Sent By Job
	269  -  Total Bytes Received By Job
	Partitionable Resources :    Usage  Request Allocated 
	   Cpus                 :     1.00        1         1 
	   Disk (KB)            :   201           1   1342856 
	   Memory (MB)          :  2286        2000      2000 

	Job terminated of its own accord at 2023-10-11T12:38:49Z.
...
