000 (15151337.001.000) 10/02 16:23:27 Job submitted from host: <188.184.90.241:9618?addrs=188.184.90.241-9618+[2001-1458-201-e4--100-2eb]-9618&alias=bigbird15.cern.ch&noUDP&sock=schedd_2763_c443>
...
040 (15151337.001.000) 10/02 16:27:03 Started transferring input files
	Transferring to host: <188.184.162.228:9618?addrs=188.184.162.228-9618+[2001-1458-301-4a--100-de]-9618&alias=b7s11p5550.cern.ch&noUDP&sock=slot1_5_3558_aeca_12192>
...
040 (15151337.001.000) 10/02 16:27:03 Finished transferring input files
...
001 (15151337.001.000) 10/02 16:27:04 Job executing on host: <188.184.162.228:9618?addrs=188.184.162.228-9618+[2001-1458-301-4a--100-de]-9618&alias=b7s11p5550.cern.ch&noUDP&sock=startd_2883_13a1>
...
006 (15151337.001.000) 10/02 16:27:13 Image size of job updated: 581280
	51  -  MemoryUsage of job (MB)
	51836  -  ResidentSetSize of job (KB)
...
006 (15151337.001.000) 10/02 16:32:13 Image size of job updated: 1063560
	525  -  MemoryUsage of job (MB)
	536680  -  ResidentSetSize of job (KB)
...
006 (15151337.001.000) 10/02 16:37:13 Image size of job updated: 1115176
	525  -  MemoryUsage of job (MB)
	536680  -  ResidentSetSize of job (KB)
...
006 (15151337.001.000) 10/02 16:42:14 Image size of job updated: 3912856
	525  -  MemoryUsage of job (MB)
	536680  -  ResidentSetSize of job (KB)
...
006 (15151337.001.000) 10/02 16:47:14 Image size of job updated: 3925384
	525  -  MemoryUsage of job (MB)
	536680  -  ResidentSetSize of job (KB)
...
006 (15151337.001.000) 10/02 16:52:14 Image size of job updated: 3989576
	550  -  MemoryUsage of job (MB)
	562864  -  ResidentSetSize of job (KB)
...
006 (15151337.001.000) 10/02 16:53:58 Image size of job updated: 3997880
	550  -  MemoryUsage of job (MB)
	562864  -  ResidentSetSize of job (KB)
...
040 (15151337.001.000) 10/02 16:53:58 Started transferring output files
...
040 (15151337.001.000) 10/02 16:53:58 Finished transferring output files
...
005 (15151337.001.000) 10/02 16:53:58 Job terminated.
	(1) Normal termination (return value 0)
		Usr 0 00:11:56, Sys 0 00:00:20  -  Run Remote Usage
		Usr 0 00:00:00, Sys 0 00:00:00  -  Run Local Usage
		Usr 0 00:11:56, Sys 0 00:00:20  -  Total Remote Usage
		Usr 0 00:00:00, Sys 0 00:00:00  -  Total Local Usage
	82733  -  Run Bytes Sent By Job
	323  -  Run Bytes Received By Job
	82733  -  Total Bytes Sent By Job
	323  -  Total Bytes Received By Job
	Partitionable Resources :    Usage  Request Allocated 
	   Cpus                 :     0.49        1         1 
	   Disk (KB)            :   102           1   2760621 
	   Memory (MB)          :   550        2000      2000 

	Job terminated of its own accord at 2023-10-02T14:53:58Z.
...
