000 (15150655.157.000) 09/28 15:00:14 Job submitted from host: <188.184.90.241:9618?addrs=188.184.90.241-9618+[2001-1458-201-e4--100-2eb]-9618&alias=bigbird15.cern.ch&noUDP&sock=schedd_2763_c443>
...
040 (15150655.157.000) 09/28 15:05:12 Started transferring input files
	Transferring to host: <128.142.60.115:9618?addrs=128.142.60.115-9618+[2001-1458-301-22--100-72]-9618&alias=b7s05p0547.cern.ch&noUDP&sock=slot1_15_5182_f00c_191383>
...
040 (15150655.157.000) 09/28 15:05:12 Finished transferring input files
...
001 (15150655.157.000) 09/28 15:05:13 Job executing on host: <128.142.60.115:9618?addrs=128.142.60.115-9618+[2001-1458-301-22--100-72]-9618&alias=b7s05p0547.cern.ch&noUDP&sock=startd_4486_99f1>
...
006 (15150655.157.000) 09/28 15:05:15 Image size of job updated: 113800
	0  -  MemoryUsage of job (MB)
	0  -  ResidentSetSize of job (KB)
...
040 (15150655.157.000) 09/28 15:05:15 Started transferring output files
...
040 (15150655.157.000) 09/28 15:05:15 Finished transferring output files
...
005 (15150655.157.000) 09/28 15:05:15 Job terminated.
	(1) Normal termination (return value 0)
		Usr 0 00:00:01, Sys 0 00:00:00  -  Run Remote Usage
		Usr 0 00:00:00, Sys 0 00:00:00  -  Run Local Usage
		Usr 0 00:00:01, Sys 0 00:00:00  -  Total Remote Usage
		Usr 0 00:00:00, Sys 0 00:00:00  -  Total Local Usage
	7677  -  Run Bytes Sent By Job
	374  -  Run Bytes Received By Job
	7677  -  Total Bytes Sent By Job
	374  -  Total Bytes Received By Job
	Partitionable Resources :    Usage  Request Allocated 
	   Cpus                 :                 1         1 
	   Disk (KB)            :       22        1   1291096 
	   Memory (MB)          :        0     2000      2000 

	Job terminated of its own accord at 2023-09-28T13:05:15Z.
...
