000 (14858748.012.000) 06/22 16:47:12 Job submitted from host: <188.184.90.241:9618?addrs=188.184.90.241-9618+[2001-1458-201-e4--100-2eb]-9618&alias=bigbird15.cern.ch&noUDP&sock=schedd_1460210_2ef4>
...
040 (14858748.012.000) 06/22 17:01:44 Started transferring input files
	Transferring to host: <188.184.160.93:9618?addrs=188.184.160.93-9618+[2001-1458-301-48--100-57]-9618&alias=b7s09p5986.cern.ch&noUDP&sock=slot1_10_60191_c129_90026>
...
040 (14858748.012.000) 06/22 17:01:44 Finished transferring input files
...
001 (14858748.012.000) 06/22 17:01:45 Job executing on host: <188.184.160.93:9618?addrs=188.184.160.93-9618+[2001-1458-301-48--100-57]-9618&alias=b7s09p5986.cern.ch&noUDP&sock=startd_60152_d8e5>
...
006 (14858748.012.000) 06/22 17:01:54 Image size of job updated: 554552
	47  -  MemoryUsage of job (MB)
	48080  -  ResidentSetSize of job (KB)
...
006 (14858748.012.000) 06/22 17:06:55 Image size of job updated: 1052516
	526  -  MemoryUsage of job (MB)
	538380  -  ResidentSetSize of job (KB)
...
006 (14858748.012.000) 06/22 17:11:55 Image size of job updated: 1441720
	910  -  MemoryUsage of job (MB)
	931344  -  ResidentSetSize of job (KB)
...
006 (14858748.012.000) 06/22 17:16:56 Image size of job updated: 1851696
	1314  -  MemoryUsage of job (MB)
	1344848  -  ResidentSetSize of job (KB)
...
006 (14858748.012.000) 06/22 17:21:57 Image size of job updated: 2254720
	1729  -  MemoryUsage of job (MB)
	1769772  -  ResidentSetSize of job (KB)
...
006 (14858748.012.000) 06/22 17:26:57 Image size of job updated: 2661460
	2107  -  MemoryUsage of job (MB)
	2156992  -  ResidentSetSize of job (KB)
...
006 (14858748.012.000) 06/22 17:31:57 Image size of job updated: 3065420
	2499  -  MemoryUsage of job (MB)
	2558948  -  ResidentSetSize of job (KB)
...
006 (14858748.012.000) 06/22 17:36:58 Image size of job updated: 3507260
	2924  -  MemoryUsage of job (MB)
	2993692  -  ResidentSetSize of job (KB)
...
006 (14858748.012.000) 06/22 17:41:59 Image size of job updated: 6227652
	4911  -  MemoryUsage of job (MB)
	5027896  -  ResidentSetSize of job (KB)
...
006 (14858748.012.000) 06/22 17:45:57 Image size of job updated: 6344632
	4911  -  MemoryUsage of job (MB)
	5027896  -  ResidentSetSize of job (KB)
...
040 (14858748.012.000) 06/22 17:45:57 Started transferring output files
...
040 (14858748.012.000) 06/22 17:45:57 Finished transferring output files
...
005 (14858748.012.000) 06/22 17:45:57 Job terminated.
	(1) Normal termination (return value 0)
		Usr 0 00:40:59, Sys 0 00:00:18  -  Run Remote Usage
		Usr 0 00:00:00, Sys 0 00:00:00  -  Run Local Usage
		Usr 0 00:40:59, Sys 0 00:00:18  -  Total Remote Usage
		Usr 0 00:00:00, Sys 0 00:00:00  -  Total Local Usage
	703710  -  Run Bytes Sent By Job
	269  -  Run Bytes Received By Job
	703710  -  Total Bytes Sent By Job
	269  -  Total Bytes Received By Job
	Partitionable Resources :    Usage  Request Allocated 
	   Cpus                 :     0.96        1         1 
	   Disk (KB)            :   709           1   2969613 
	   Memory (MB)          :  4911        2000      2000 

	Job terminated of its own accord at 2023-06-22T15:45:57Z.
...
