000 (15149098.020.000) 09/27 08:23:39 Job submitted from host: <188.184.90.241:9618?addrs=188.184.90.241-9618+[2001-1458-201-e4--100-2eb]-9618&alias=bigbird15.cern.ch&noUDP&sock=schedd_2763_c443>
...
040 (15149098.020.000) 09/27 08:37:00 Started transferring input files
	Transferring to host: <128.142.248.118:9618?addrs=128.142.248.118-9618+[2001-1458-301-73--100-166]-9618&alias=b7g23p2143.cern.ch&noUDP&sock=slot1_7_172234_2f15_167655>
...
040 (15149098.020.000) 09/27 08:37:00 Finished transferring input files
...
001 (15149098.020.000) 09/27 08:37:01 Job executing on host: <128.142.248.118:9618?addrs=128.142.248.118-9618+[2001-1458-301-73--100-166]-9618&alias=b7g23p2143.cern.ch&noUDP&sock=startd_172192_f7d9>
...
006 (15149098.020.000) 09/27 08:37:10 Image size of job updated: 581388
	59  -  MemoryUsage of job (MB)
	60332  -  ResidentSetSize of job (KB)
...
006 (15149098.020.000) 09/27 08:42:11 Image size of job updated: 1095848
	562  -  MemoryUsage of job (MB)
	575076  -  ResidentSetSize of job (KB)
...
006 (15149098.020.000) 09/27 08:47:11 Image size of job updated: 3703920
	562  -  MemoryUsage of job (MB)
	575076  -  ResidentSetSize of job (KB)
...
006 (15149098.020.000) 09/27 08:52:11 Image size of job updated: 3951728
	562  -  MemoryUsage of job (MB)
	575076  -  ResidentSetSize of job (KB)
...
006 (15149098.020.000) 09/27 08:56:05 Image size of job updated: 4032608
	562  -  MemoryUsage of job (MB)
	575076  -  ResidentSetSize of job (KB)
...
040 (15149098.020.000) 09/27 08:56:05 Started transferring output files
...
040 (15149098.020.000) 09/27 08:56:05 Finished transferring output files
...
005 (15149098.020.000) 09/27 08:56:05 Job terminated.
	(1) Normal termination (return value 0)
		Usr 0 00:09:46, Sys 0 00:00:19  -  Run Remote Usage
		Usr 0 00:00:00, Sys 0 00:00:00  -  Run Local Usage
		Usr 0 00:09:46, Sys 0 00:00:19  -  Total Remote Usage
		Usr 0 00:00:00, Sys 0 00:00:00  -  Total Local Usage
	79326  -  Run Bytes Sent By Job
	323  -  Run Bytes Received By Job
	79326  -  Total Bytes Sent By Job
	323  -  Total Bytes Received By Job
	Partitionable Resources :    Usage  Request Allocated 
	   Cpus                 :     1.00        1         1 
	   Disk (KB)            :    99           1   2948065 
	   Memory (MB)          :   562        2000      2000 

	Job terminated of its own accord at 2023-09-27T06:56:05Z.
...
