000 (15150655.001.000) 09/28 15:00:14 Job submitted from host: <188.184.90.241:9618?addrs=188.184.90.241-9618+[2001-1458-201-e4--100-2eb]-9618&alias=bigbird15.cern.ch&noUDP&sock=schedd_2763_c443>
...
040 (15150655.001.000) 09/28 15:02:41 Started transferring input files
	Transferring to host: <128.142.56.116:9618?addrs=128.142.56.116-9618+[2001-1458-301-6--100-73]-9618&alias=b7s01p4287.cern.ch&noUDP&sock=slot1_14_4228_c225_30936>
...
040 (15150655.001.000) 09/28 15:02:41 Finished transferring input files
...
001 (15150655.001.000) 09/28 15:02:42 Job executing on host: <128.142.56.116:9618?addrs=128.142.56.116-9618+[2001-1458-301-6--100-73]-9618&alias=b7s01p4287.cern.ch&noUDP&sock=startd_2909_e917>
...
006 (15150655.001.000) 09/28 15:02:51 Image size of job updated: 910932
	122  -  MemoryUsage of job (MB)
	124396  -  ResidentSetSize of job (KB)
...
006 (15150655.001.000) 09/28 15:04:24 Image size of job updated: 922480
	122  -  MemoryUsage of job (MB)
	124396  -  ResidentSetSize of job (KB)
...
040 (15150655.001.000) 09/28 15:04:24 Started transferring output files
...
040 (15150655.001.000) 09/28 15:04:24 Finished transferring output files
...
005 (15150655.001.000) 09/28 15:04:24 Job terminated.
	(1) Normal termination (return value 0)
		Usr 0 00:00:10, Sys 0 00:00:00  -  Run Remote Usage
		Usr 0 00:00:00, Sys 0 00:00:00  -  Run Local Usage
		Usr 0 00:00:10, Sys 0 00:00:00  -  Total Remote Usage
		Usr 0 00:00:00, Sys 0 00:00:00  -  Total Local Usage
	8116  -  Run Bytes Sent By Job
	374  -  Run Bytes Received By Job
	8116  -  Total Bytes Sent By Job
	374  -  Total Bytes Received By Job
	Partitionable Resources :    Usage  Request Allocated 
	   Cpus                 :                 1         1 
	   Disk (KB)            :       22        1   1186255 
	   Memory (MB)          :      122     2000      2000 

	Job terminated of its own accord at 2023-09-28T13:04:24Z.
...
