000 (15271413.090.000) 12/18 14:02:23 Job submitted from host: <188.184.90.241:9618?addrs=188.184.90.241-9618+[2001-1458-201-e4--100-2eb]-9618&alias=bigbird15.cern.ch&noUDP&sock=schedd_2763_c443>
...
040 (15271413.090.000) 12/18 14:06:21 Started transferring input files
	Transferring to host: <128.142.61.26:9618?addrs=128.142.61.26-9618+[2001-1458-301-23--100-19]-9618&alias=b9s06p0722.cern.ch&noUDP&sock=slot1_10_142135_b72d_6463>
...
040 (15271413.090.000) 12/18 14:06:21 Finished transferring input files
...
001 (15271413.090.000) 12/18 14:06:22 Job executing on host: <128.142.61.26:9618?addrs=128.142.61.26-9618+[2001-1458-301-23--100-19]-9618&alias=b9s06p0722.cern.ch&noUDP&sock=startd_112931_d9ed>
...
006 (15271413.090.000) 12/18 14:06:30 Image size of job updated: 143452
	100  -  MemoryUsage of job (MB)
	101664  -  ResidentSetSize of job (KB)
...
006 (15271413.090.000) 12/18 14:11:30 Image size of job updated: 522356
	480  -  MemoryUsage of job (MB)
	490768  -  ResidentSetSize of job (KB)
...
006 (15271413.090.000) 12/18 14:15:42 Image size of job updated: 2417700
	480  -  MemoryUsage of job (MB)
	490768  -  ResidentSetSize of job (KB)
...
040 (15271413.090.000) 12/18 14:15:42 Started transferring output files
...
040 (15271413.090.000) 12/18 14:15:42 Finished transferring output files
...
005 (15271413.090.000) 12/18 14:15:42 Job terminated.
	(1) Normal termination (return value 0)
		Usr 0 00:06:34, Sys 0 00:00:05  -  Run Remote Usage
		Usr 0 00:00:00, Sys 0 00:00:00  -  Run Local Usage
		Usr 0 00:06:34, Sys 0 00:00:05  -  Total Remote Usage
		Usr 0 00:00:00, Sys 0 00:00:00  -  Total Local Usage
	144639  -  Run Bytes Sent By Job
	269  -  Run Bytes Received By Job
	144639  -  Total Bytes Sent By Job
	269  -  Total Bytes Received By Job
	Partitionable Resources :    Usage  Request Allocated 
	   Cpus                 :                 1         1 
	   Disk (KB)            :      178        1   3031041 
	   Memory (MB)          :      480     2000      2000 

	Job terminated of its own accord at 2023-12-18T13:15:42Z.
...
