000 (14807221.029.000) 05/14 12:38:57 Job submitted from host: <188.184.90.241:9618?addrs=188.184.90.241-9618+[2001-1458-201-e4--100-2eb]-9618&alias=bigbird15.cern.ch&noUDP&sock=schedd_3273_9590>
...
040 (14807221.029.000) 05/14 12:52:20 Started transferring input files
	Transferring to host: <128.142.61.113:9618?addrs=128.142.61.113-9618+[2001-1458-301-23--100-70]-9618&alias=b7s06p7072.cern.ch&noUDP&sock=slot1_10_6861_f1f0_63759>
...
040 (14807221.029.000) 05/14 12:52:20 Finished transferring input files
...
001 (14807221.029.000) 05/14 12:52:21 Job executing on host: <128.142.61.113:9618?addrs=128.142.61.113-9618+[2001-1458-301-23--100-70]-9618&alias=b7s06p7072.cern.ch&noUDP&sock=startd_5328_24b0>
...
006 (14807221.029.000) 05/14 12:52:30 Image size of job updated: 47676
	47  -  MemoryUsage of job (MB)
	47676  -  ResidentSetSize of job (KB)
...
006 (14807221.029.000) 05/14 12:57:30 Image size of job updated: 1890192
	1367  -  MemoryUsage of job (MB)
	1398800  -  ResidentSetSize of job (KB)
...
006 (14807221.029.000) 05/14 13:02:30 Image size of job updated: 1915192
	1367  -  MemoryUsage of job (MB)
	1398800  -  ResidentSetSize of job (KB)
...
006 (14807221.029.000) 05/14 13:07:31 Image size of job updated: 4106768
	1367  -  MemoryUsage of job (MB)
	1398800  -  ResidentSetSize of job (KB)
...
006 (14807221.029.000) 05/14 13:12:32 Image size of job updated: 4156920
	1367  -  MemoryUsage of job (MB)
	1398800  -  ResidentSetSize of job (KB)
...
006 (14807221.029.000) 05/14 13:17:32 Image size of job updated: 4399704
	1367  -  MemoryUsage of job (MB)
	1398800  -  ResidentSetSize of job (KB)
...
006 (14807221.029.000) 05/14 13:22:32 Image size of job updated: 4454548
	1367  -  MemoryUsage of job (MB)
	1398800  -  ResidentSetSize of job (KB)
...
006 (14807221.029.000) 05/14 13:26:45 Image size of job updated: 4488356
	1367  -  MemoryUsage of job (MB)
	1398800  -  ResidentSetSize of job (KB)
...
040 (14807221.029.000) 05/14 13:26:45 Started transferring output files
...
040 (14807221.029.000) 05/14 13:26:45 Finished transferring output files
...
005 (14807221.029.000) 05/14 13:26:45 Job terminated.
	(1) Normal termination (return value 0)
		Usr 0 00:06:56, Sys 0 00:00:32  -  Run Remote Usage
		Usr 0 00:00:00, Sys 0 00:00:00  -  Run Local Usage
		Usr 0 00:06:56, Sys 0 00:00:32  -  Total Remote Usage
		Usr 0 00:00:00, Sys 0 00:00:00  -  Total Local Usage
	107646  -  Run Bytes Sent By Job
	323  -  Run Bytes Received By Job
	107646  -  Total Bytes Sent By Job
	323  -  Total Bytes Received By Job
	Partitionable Resources :    Usage  Request Allocated 
	   Cpus                 :        0        1         1 
	   Disk (KB)            :      126        1   1236000 
	   Memory (MB)          :     1367     2000      2000 

	Job terminated of its own accord at 2023-05-14T11:26:45Z.
...
