000 (15149098.091.000) 09/27 08:23:39 Job submitted from host: <188.184.90.241:9618?addrs=188.184.90.241-9618+[2001-1458-201-e4--100-2eb]-9618&alias=bigbird15.cern.ch&noUDP&sock=schedd_2763_c443>
...
040 (15149098.091.000) 09/27 08:40:39 Started transferring input files
	Transferring to host: <128.142.248.55:9618?addrs=128.142.248.55-9618+[2001-1458-301-73--100-127]-9618&alias=b7g23p2997.cern.ch&noUDP&sock=slot1_5_4676_6a37_266044>
...
040 (15149098.091.000) 09/27 08:40:39 Finished transferring input files
...
001 (15149098.091.000) 09/27 08:40:40 Job executing on host: <128.142.248.55:9618?addrs=128.142.248.55-9618+[2001-1458-301-73--100-127]-9618&alias=b7g23p2997.cern.ch&noUDP&sock=startd_3249_1f4a>
...
006 (15149098.091.000) 09/27 08:40:48 Image size of job updated: 581072
	53  -  MemoryUsage of job (MB)
	54148  -  ResidentSetSize of job (KB)
...
006 (15149098.091.000) 09/27 08:45:48 Image size of job updated: 1132504
	603  -  MemoryUsage of job (MB)
	616460  -  ResidentSetSize of job (KB)
...
006 (15149098.091.000) 09/27 08:50:49 Image size of job updated: 1142352
	603  -  MemoryUsage of job (MB)
	616460  -  ResidentSetSize of job (KB)
...
006 (15149098.091.000) 09/27 08:59:20 Image size of job updated: 3618604
	603  -  MemoryUsage of job (MB)
	616460  -  ResidentSetSize of job (KB)
...
006 (15149098.091.000) 09/27 09:04:52 Image size of job updated: 3897008
	603  -  MemoryUsage of job (MB)
	616460  -  ResidentSetSize of job (KB)
...
040 (15149098.091.000) 09/27 09:04:52 Started transferring output files
...
040 (15149098.091.000) 09/27 09:04:52 Finished transferring output files
...
005 (15149098.091.000) 09/27 09:04:52 Job terminated.
	(1) Normal termination (return value 0)
		Usr 0 00:09:56, Sys 0 00:00:24  -  Run Remote Usage
		Usr 0 00:00:00, Sys 0 00:00:00  -  Run Local Usage
		Usr 0 00:09:56, Sys 0 00:00:24  -  Total Remote Usage
		Usr 0 00:00:00, Sys 0 00:00:00  -  Total Local Usage
	83657  -  Run Bytes Sent By Job
	323  -  Run Bytes Received By Job
	83657  -  Total Bytes Sent By Job
	323  -  Total Bytes Received By Job
	Partitionable Resources :    Usage  Request Allocated 
	   Cpus                 :     0.03        1         1 
	   Disk (KB)            :   103           1   3070212 
	   Memory (MB)          :   603        2000      2000 

	Job terminated of its own accord at 2023-09-27T07:04:52Z.
...
