000 (15148580.010.000) 09/26 21:47:31 Job submitted from host: <188.184.90.241:9618?addrs=188.184.90.241-9618+[2001-1458-201-e4--100-2eb]-9618&alias=bigbird15.cern.ch&noUDP&sock=schedd_2763_c443>
...
040 (15148580.010.000) 09/26 22:02:57 Started transferring input files
	Transferring to host: <128.142.57.17:9618?addrs=128.142.57.17-9618+[2001-1458-301-7--100-10]-9618&alias=b7s02p2973.cern.ch&noUDP&sock=slot1_14_4104_63a0_196960>
...
040 (15148580.010.000) 09/26 22:02:57 Finished transferring input files
...
001 (15148580.010.000) 09/26 22:02:58 Job executing on host: <128.142.57.17:9618?addrs=128.142.57.17-9618+[2001-1458-301-7--100-10]-9618&alias=b7s02p2973.cern.ch&noUDP&sock=startd_2945_9a80>
...
006 (15148580.010.000) 09/26 22:03:07 Image size of job updated: 63344
	52  -  MemoryUsage of job (MB)
	52540  -  ResidentSetSize of job (KB)
...
006 (15148580.010.000) 09/26 22:08:08 Image size of job updated: 1098104
	646  -  MemoryUsage of job (MB)
	661292  -  ResidentSetSize of job (KB)
...
006 (15148580.010.000) 09/26 22:13:08 Image size of job updated: 1584260
	992  -  MemoryUsage of job (MB)
	1015628  -  ResidentSetSize of job (KB)
...
006 (15148580.010.000) 09/26 22:18:08 Image size of job updated: 1584260
	998  -  MemoryUsage of job (MB)
	1021924  -  ResidentSetSize of job (KB)
...
006 (15148580.010.000) 09/26 22:23:10 Image size of job updated: 4145156
	998  -  MemoryUsage of job (MB)
	1021924  -  ResidentSetSize of job (KB)
...
006 (15148580.010.000) 09/26 22:28:10 Image size of job updated: 4427940
	998  -  MemoryUsage of job (MB)
	1021924  -  ResidentSetSize of job (KB)
...
006 (15148580.010.000) 09/26 22:33:10 Image size of job updated: 4488312
	998  -  MemoryUsage of job (MB)
	1021924  -  ResidentSetSize of job (KB)
...
006 (15148580.010.000) 09/26 22:37:40 Image size of job updated: 4521512
	998  -  MemoryUsage of job (MB)
	1021924  -  ResidentSetSize of job (KB)
...
040 (15148580.010.000) 09/26 22:37:40 Started transferring output files
...
040 (15148580.010.000) 09/26 22:37:40 Finished transferring output files
...
005 (15148580.010.000) 09/26 22:37:40 Job terminated.
	(1) Normal termination (return value 0)
		Usr 0 00:12:04, Sys 0 00:00:37  -  Run Remote Usage
		Usr 0 00:00:00, Sys 0 00:00:00  -  Run Local Usage
		Usr 0 00:12:04, Sys 0 00:00:37  -  Total Remote Usage
		Usr 0 00:00:00, Sys 0 00:00:00  -  Total Local Usage
	102688  -  Run Bytes Sent By Job
	323  -  Run Bytes Received By Job
	102688  -  Total Bytes Sent By Job
	323  -  Total Bytes Received By Job
	Partitionable Resources :    Usage  Request Allocated 
	   Cpus                 :     0.07        1         1 
	   Disk (KB)            :   122           1   1122768 
	   Memory (MB)          :   998        2000      2000 

	Job terminated of its own accord at 2023-09-26T20:37:40Z.
...
