000 (15159756.097.000) 10/09 09:27:44 Job submitted from host: <188.184.90.241:9618?addrs=188.184.90.241-9618+[2001-1458-201-e4--100-2eb]-9618&alias=bigbird15.cern.ch&noUDP&sock=schedd_2763_c443>
...
040 (15159756.097.000) 10/09 11:15:17 Started transferring input files
	Transferring to host: <188.184.162.63:9618?addrs=188.184.162.63-9618+[2001-1458-301-4a--100-39]-9618&alias=b7s11p9434.cern.ch&noUDP&sock=slot1_2_3536_2e89_58975>
...
040 (15159756.097.000) 10/09 11:15:17 Finished transferring input files
...
001 (15159756.097.000) 10/09 11:15:18 Job executing on host: <188.184.162.63:9618?addrs=188.184.162.63-9618+[2001-1458-301-4a--100-39]-9618&alias=b7s11p9434.cern.ch&noUDP&sock=startd_2916_b641>
...
006 (15159756.097.000) 10/09 11:15:27 Image size of job updated: 574756
	51  -  MemoryUsage of job (MB)
	52116  -  ResidentSetSize of job (KB)
...
006 (15159756.097.000) 10/09 11:20:28 Image size of job updated: 3018776
	2436  -  MemoryUsage of job (MB)
	2494352  -  ResidentSetSize of job (KB)
...
006 (15159756.097.000) 10/09 11:21:50 Image size of job updated: 3120096
	2436  -  MemoryUsage of job (MB)
	2494352  -  ResidentSetSize of job (KB)
...
040 (15159756.097.000) 10/09 11:21:50 Started transferring output files
...
040 (15159756.097.000) 10/09 11:21:50 Finished transferring output files
...
005 (15159756.097.000) 10/09 11:21:50 Job terminated.
	(1) Normal termination (return value 0)
		Usr 0 00:05:07, Sys 0 00:00:06  -  Run Remote Usage
		Usr 0 00:00:00, Sys 0 00:00:00  -  Run Local Usage
		Usr 0 00:05:07, Sys 0 00:00:06  -  Total Remote Usage
		Usr 0 00:00:00, Sys 0 00:00:00  -  Total Local Usage
	113306  -  Run Bytes Sent By Job
	269  -  Run Bytes Received By Job
	113306  -  Total Bytes Sent By Job
	269  -  Total Bytes Received By Job
	Partitionable Resources :    Usage  Request Allocated 
	   Cpus                 :     0.99        1         1 
	   Disk (KB)            :   132           1   2935539 
	   Memory (MB)          :  2436        2000      2000 

	Job terminated of its own accord at 2023-10-09T09:21:50Z.
...
