000 (15149098.029.000) 09/27 08:23:39 Job submitted from host: <188.184.90.241:9618?addrs=188.184.90.241-9618+[2001-1458-201-e4--100-2eb]-9618&alias=bigbird15.cern.ch&noUDP&sock=schedd_2763_c443>
...
040 (15149098.029.000) 09/27 08:37:07 Started transferring input files
	Transferring to host: <128.142.61.113:9618?addrs=128.142.61.113-9618+[2001-1458-301-23--100-70]-9618&alias=b7s06p7072.cern.ch&noUDP&sock=slot1_16_13153_3a70_16712>
...
040 (15149098.029.000) 09/27 08:37:07 Finished transferring input files
...
001 (15149098.029.000) 09/27 08:37:08 Job executing on host: <128.142.61.113:9618?addrs=128.142.61.113-9618+[2001-1458-301-23--100-70]-9618&alias=b7s06p7072.cern.ch&noUDP&sock=startd_13075_f0e1>
...
006 (15149098.029.000) 09/27 08:37:17 Image size of job updated: 530500
	29  -  MemoryUsage of job (MB)
	29324  -  ResidentSetSize of job (KB)
...
006 (15149098.029.000) 09/27 08:42:18 Image size of job updated: 3189800
	155  -  MemoryUsage of job (MB)
	158384  -  ResidentSetSize of job (KB)
...
006 (15149098.029.000) 09/27 08:46:28 Image size of job updated: 3881744
	155  -  MemoryUsage of job (MB)
	158384  -  ResidentSetSize of job (KB)
...
040 (15149098.029.000) 09/27 08:46:28 Started transferring output files
...
040 (15149098.029.000) 09/27 08:46:28 Finished transferring output files
...
005 (15149098.029.000) 09/27 08:46:28 Job terminated.
	(1) Normal termination (return value 0)
		Usr 0 00:03:40, Sys 0 00:00:18  -  Run Remote Usage
		Usr 0 00:00:00, Sys 0 00:00:00  -  Run Local Usage
		Usr 0 00:03:40, Sys 0 00:00:18  -  Total Remote Usage
		Usr 0 00:00:00, Sys 0 00:00:00  -  Total Local Usage
	69585  -  Run Bytes Sent By Job
	323  -  Run Bytes Received By Job
	69585  -  Total Bytes Sent By Job
	323  -  Total Bytes Received By Job
	Partitionable Resources :    Usage  Request Allocated 
	   Cpus                 :     0.17        1         1 
	   Disk (KB)            :    89           1   1319868 
	   Memory (MB)          :   155        2000      2000 

	Job terminated of its own accord at 2023-09-27T06:46:28Z.
...
