000 (15150662.046.000) 09/28 15:49:40 Job submitted from host: <188.184.90.241:9618?addrs=188.184.90.241-9618+[2001-1458-201-e4--100-2eb]-9618&alias=bigbird15.cern.ch&noUDP&sock=schedd_2763_c443>
...
040 (15150662.046.000) 09/28 16:01:02 Started transferring input files
	Transferring to host: <128.142.132.25:9618?addrs=128.142.132.25-9618+[2001-1458-301-5a--100-d]-9618&alias=b7g12p4989.cern.ch&noUDP&sock=slot1_17_3256_e57d_89980>
...
040 (15150662.046.000) 09/28 16:01:02 Finished transferring input files
...
001 (15150662.046.000) 09/28 16:01:03 Job executing on host: <128.142.132.25:9618?addrs=128.142.132.25-9618+[2001-1458-301-5a--100-d]-9618&alias=b7g12p4989.cern.ch&noUDP&sock=startd_2805_933e>
...
006 (15150662.046.000) 09/28 16:01:12 Image size of job updated: 124712
	122  -  MemoryUsage of job (MB)
	124068  -  ResidentSetSize of job (KB)
...
006 (15150662.046.000) 09/28 16:05:58 Image size of job updated: 925496
	122  -  MemoryUsage of job (MB)
	124068  -  ResidentSetSize of job (KB)
...
040 (15150662.046.000) 09/28 16:05:58 Started transferring output files
...
040 (15150662.046.000) 09/28 16:05:58 Finished transferring output files
...
005 (15150662.046.000) 09/28 16:05:58 Job terminated.
	(1) Normal termination (return value 0)
		Usr 0 00:00:18, Sys 0 00:00:01  -  Run Remote Usage
		Usr 0 00:00:00, Sys 0 00:00:00  -  Run Local Usage
		Usr 0 00:00:18, Sys 0 00:00:01  -  Total Remote Usage
		Usr 0 00:00:00, Sys 0 00:00:00  -  Total Local Usage
	7979  -  Run Bytes Sent By Job
	374  -  Run Bytes Received By Job
	7979  -  Total Bytes Sent By Job
	374  -  Total Bytes Received By Job
	Partitionable Resources :    Usage  Request Allocated 
	   Cpus                 :                 1         1 
	   Disk (KB)            :       22        1   1664969 
	   Memory (MB)          :      122     2000      2000 

	Job terminated of its own accord at 2023-09-28T14:05:58Z.
...
