000 (15148591.010.000) 09/26 23:15:32 Job submitted from host: <188.184.90.241:9618?addrs=188.184.90.241-9618+[2001-1458-201-e4--100-2eb]-9618&alias=bigbird15.cern.ch&noUDP&sock=schedd_2763_c443>
...
040 (15148591.010.000) 09/26 23:30:21 Started transferring input files
	Transferring to host: <188.184.160.155:9618?addrs=188.184.160.155-9618+[2001-1458-301-48--100-95]-9618&alias=b7s09p6967.cern.ch&noUDP&sock=slot1_6_4411_b2cc_216984>
...
040 (15148591.010.000) 09/26 23:30:21 Finished transferring input files
...
001 (15148591.010.000) 09/26 23:30:22 Job executing on host: <188.184.160.155:9618?addrs=188.184.160.155-9618+[2001-1458-301-48--100-95]-9618&alias=b7s09p6967.cern.ch&noUDP&sock=startd_3320_d284>
...
006 (15148591.010.000) 09/26 23:30:31 Image size of job updated: 538084
	52  -  MemoryUsage of job (MB)
	52472  -  ResidentSetSize of job (KB)
...
006 (15148591.010.000) 09/26 23:35:31 Image size of job updated: 1010768
	504  -  MemoryUsage of job (MB)
	515288  -  ResidentSetSize of job (KB)
...
006 (15148591.010.000) 09/26 23:40:32 Image size of job updated: 1075964
	504  -  MemoryUsage of job (MB)
	515288  -  ResidentSetSize of job (KB)
...
006 (15148591.010.000) 09/26 23:45:33 Image size of job updated: 3158092
	504  -  MemoryUsage of job (MB)
	515288  -  ResidentSetSize of job (KB)
...
006 (15148591.010.000) 09/26 23:50:33 Image size of job updated: 3364936
	504  -  MemoryUsage of job (MB)
	515288  -  ResidentSetSize of job (KB)
...
006 (15148591.010.000) 09/26 23:55:34 Image size of job updated: 3410344
	504  -  MemoryUsage of job (MB)
	515288  -  ResidentSetSize of job (KB)
...
006 (15148591.010.000) 09/26 23:59:36 Image size of job updated: 3430344
	504  -  MemoryUsage of job (MB)
	515288  -  ResidentSetSize of job (KB)
...
040 (15148591.010.000) 09/26 23:59:36 Started transferring output files
...
040 (15148591.010.000) 09/26 23:59:36 Finished transferring output files
...
005 (15148591.010.000) 09/26 23:59:36 Job terminated.
	(1) Normal termination (return value 0)
		Usr 0 00:09:44, Sys 0 00:00:17  -  Run Remote Usage
		Usr 0 00:00:00, Sys 0 00:00:00  -  Run Local Usage
		Usr 0 00:09:44, Sys 0 00:00:17  -  Total Remote Usage
		Usr 0 00:00:00, Sys 0 00:00:00  -  Total Local Usage
	76853  -  Run Bytes Sent By Job
	323  -  Run Bytes Received By Job
	76853  -  Total Bytes Sent By Job
	323  -  Total Bytes Received By Job
	Partitionable Resources :    Usage  Request Allocated 
	   Cpus                 :        0        1         1 
	   Disk (KB)            :       97        1   2959809 
	   Memory (MB)          :      504     2000      2000 

	Job terminated of its own accord at 2023-09-26T21:59:36Z.
...
