000 (14808124.077.000) 05/19 04:24:07 Job submitted from host: <188.184.90.241:9618?addrs=188.184.90.241-9618+[2001-1458-201-e4--100-2eb]-9618&alias=bigbird15.cern.ch&noUDP&sock=schedd_3273_9590>
...
040 (14808124.077.000) 05/19 04:36:07 Started transferring input files
	Transferring to host: <128.142.33.220:9618?addrs=128.142.33.220-9618+[2001-1458-301-39--100-19]-9618&alias=b7g24p9939.cern.ch&noUDP&sock=slot1_14_4640_0cb6_34397>
...
040 (14808124.077.000) 05/19 04:36:07 Finished transferring input files
...
001 (14808124.077.000) 05/19 04:36:08 Job executing on host: <128.142.33.220:9618?addrs=128.142.33.220-9618+[2001-1458-301-39--100-19]-9618&alias=b7g24p9939.cern.ch&noUDP&sock=startd_3251_7e7b>
...
006 (14808124.077.000) 05/19 04:36:16 Image size of job updated: 76820
	76  -  MemoryUsage of job (MB)
	76820  -  ResidentSetSize of job (KB)
...
006 (14808124.077.000) 05/19 04:41:16 Image size of job updated: 3346856
	2824  -  MemoryUsage of job (MB)
	2891680  -  ResidentSetSize of job (KB)
...
006 (14808124.077.000) 05/19 04:46:17 Image size of job updated: 7703984
	7524  -  MemoryUsage of job (MB)
	7703984  -  ResidentSetSize of job (KB)
...
006 (14808124.077.000) 05/19 04:51:17 Image size of job updated: 8972516
	8268  -  MemoryUsage of job (MB)
	8465608  -  ResidentSetSize of job (KB)
...
006 (14808124.077.000) 05/19 04:52:29 Image size of job updated: 9073756
	8268  -  MemoryUsage of job (MB)
	8465608  -  ResidentSetSize of job (KB)
...
040 (14808124.077.000) 05/19 04:52:29 Started transferring output files
...
040 (14808124.077.000) 05/19 04:52:29 Finished transferring output files
...
005 (14808124.077.000) 05/19 04:52:29 Job terminated.
	(1) Normal termination (return value 0)
		Usr 0 00:11:49, Sys 0 00:00:19  -  Run Remote Usage
		Usr 0 00:00:00, Sys 0 00:00:00  -  Run Local Usage
		Usr 0 00:11:49, Sys 0 00:00:19  -  Total Remote Usage
		Usr 0 00:00:00, Sys 0 00:00:00  -  Total Local Usage
	1295295  -  Run Bytes Sent By Job
	269  -  Run Bytes Received By Job
	1295295  -  Total Bytes Sent By Job
	269  -  Total Bytes Received By Job
	Partitionable Resources :    Usage  Request Allocated 
	   Cpus                 :     1.00        1         1 
	   Disk (KB)            :  1286           1   2915638 
	   Memory (MB)          :  8268        2000      2000 

	Job terminated of its own accord at 2023-05-19T02:52:29Z.
...
