000 (15155271.041.000) 10/07 16:55:47 Job submitted from host: <188.184.90.241:9618?addrs=188.184.90.241-9618+[2001-1458-201-e4--100-2eb]-9618&alias=bigbird15.cern.ch&noUDP&sock=schedd_2763_c443>
...
040 (15155271.041.000) 10/07 17:06:05 Started transferring input files
	Transferring to host: <128.142.61.77:9618?addrs=128.142.61.77-9618+[2001-1458-301-23--100-4c]-9618&alias=b7s06p7522.cern.ch&noUDP&sock=slot1_12_9304_4273_6414>
...
040 (15155271.041.000) 10/07 17:06:05 Finished transferring input files
...
001 (15155271.041.000) 10/07 17:06:06 Job executing on host: <128.142.61.77:9618?addrs=128.142.61.77-9618+[2001-1458-301-23--100-4c]-9618&alias=b7s06p7522.cern.ch&noUDP&sock=startd_3177_bc79>
...
006 (15155271.041.000) 10/07 17:06:14 Image size of job updated: 115716
	96  -  MemoryUsage of job (MB)
	97652  -  ResidentSetSize of job (KB)
...
006 (15155271.041.000) 10/07 17:10:32 Image size of job updated: 1148440
	110  -  MemoryUsage of job (MB)
	112460  -  ResidentSetSize of job (KB)
...
040 (15155271.041.000) 10/07 17:10:32 Started transferring output files
...
040 (15155271.041.000) 10/07 17:10:32 Finished transferring output files
...
005 (15155271.041.000) 10/07 17:10:32 Job terminated.
	(1) Normal termination (return value 0)
		Usr 0 00:04:02, Sys 0 00:00:08  -  Run Remote Usage
		Usr 0 00:00:00, Sys 0 00:00:00  -  Run Local Usage
		Usr 0 00:04:02, Sys 0 00:00:08  -  Total Remote Usage
		Usr 0 00:00:00, Sys 0 00:00:00  -  Total Local Usage
	39908  -  Run Bytes Sent By Job
	323  -  Run Bytes Received By Job
	39908  -  Total Bytes Sent By Job
	323  -  Total Bytes Received By Job
	Partitionable Resources :    Usage  Request Allocated 
	   Cpus                 :                 1         1 
	   Disk (KB)            :       53        1   2907053 
	   Memory (MB)          :      110     2000      2000 

	Job terminated of its own accord at 2023-10-07T15:10:32Z.
...
