000 (14807404.013.000) 05/15 22:32:17 Job submitted from host: <188.184.90.241:9618?addrs=188.184.90.241-9618+[2001-1458-201-e4--100-2eb]-9618&alias=bigbird15.cern.ch&noUDP&sock=schedd_3273_9590>
...
040 (14807404.013.000) 05/15 22:47:28 Started transferring input files
	Transferring to host: <128.142.59.129:9618?addrs=128.142.59.129-9618+[2001-1458-301-21--100-80]-9618&alias=b7s04p9554.cern.ch&noUDP&sock=slot1_2_3457_84e6_39539>
...
040 (14807404.013.000) 05/15 22:47:28 Finished transferring input files
...
001 (14807404.013.000) 05/15 22:47:29 Job executing on host: <128.142.59.129:9618?addrs=128.142.59.129-9618+[2001-1458-301-21--100-80]-9618&alias=b7s04p9554.cern.ch&noUDP&sock=startd_2871_d87e>
...
006 (14807404.013.000) 05/15 22:47:37 Image size of job updated: 554704
	48  -  MemoryUsage of job (MB)
	48252  -  ResidentSetSize of job (KB)
...
006 (14807404.013.000) 05/15 22:52:37 Image size of job updated: 2499524
	1996  -  MemoryUsage of job (MB)
	2043148  -  ResidentSetSize of job (KB)
...
006 (14807404.013.000) 05/15 22:57:38 Image size of job updated: 4743020
	4163  -  MemoryUsage of job (MB)
	4261996  -  ResidentSetSize of job (KB)
...
006 (14807404.013.000) 05/15 23:02:39 Image size of job updated: 6804384
	6157  -  MemoryUsage of job (MB)
	6304380  -  ResidentSetSize of job (KB)
...
006 (14807404.013.000) 05/15 23:07:39 Image size of job updated: 8553200
	7857  -  MemoryUsage of job (MB)
	8045360  -  ResidentSetSize of job (KB)
...
006 (14807404.013.000) 05/15 23:12:40 Image size of job updated: 10283716
	9613  -  MemoryUsage of job (MB)
	9843228  -  ResidentSetSize of job (KB)
...
006 (14807404.013.000) 05/15 23:17:41 Image size of job updated: 11884608
	11177  -  MemoryUsage of job (MB)
	11444316  -  ResidentSetSize of job (KB)
...
006 (14807404.013.000) 05/15 23:22:41 Image size of job updated: 13454596
	12686  -  MemoryUsage of job (MB)
	12990116  -  ResidentSetSize of job (KB)
...
006 (14807404.013.000) 05/15 23:27:41 Image size of job updated: 14924692
	14116  -  MemoryUsage of job (MB)
	14454216  -  ResidentSetSize of job (KB)
...
006 (14807404.013.000) 05/15 23:32:42 Image size of job updated: 16400220
	15514  -  MemoryUsage of job (MB)
	15885400  -  ResidentSetSize of job (KB)
...
006 (14807404.013.000) 05/15 23:37:43 Image size of job updated: 17784288
	16499  -  MemoryUsage of job (MB)
	16894136  -  ResidentSetSize of job (KB)
...
006 (14807404.013.000) 05/15 23:42:43 Image size of job updated: 19202092
	16499  -  MemoryUsage of job (MB)
	16894176  -  ResidentSetSize of job (KB)
...
006 (14807404.013.000) 05/15 23:47:44 Image size of job updated: 20545940
	16608  -  MemoryUsage of job (MB)
	17005748  -  ResidentSetSize of job (KB)
...
006 (14807404.013.000) 05/15 23:52:45 Image size of job updated: 21678168
	16608  -  MemoryUsage of job (MB)
	17005748  -  ResidentSetSize of job (KB)
...
006 (14807404.013.000) 05/15 23:57:45 Image size of job updated: 23104808
	16608  -  MemoryUsage of job (MB)
	17005748  -  ResidentSetSize of job (KB)
...
006 (14807404.013.000) 05/16 00:02:45 Image size of job updated: 24354416
	17727  -  MemoryUsage of job (MB)
	18151960  -  ResidentSetSize of job (KB)
...
006 (14807404.013.000) 05/16 00:07:46 Image size of job updated: 24354416
	17839  -  MemoryUsage of job (MB)
	18266228  -  ResidentSetSize of job (KB)
...
006 (14807404.013.000) 05/16 00:12:46 Image size of job updated: 24480524
	17839  -  MemoryUsage of job (MB)
	18266252  -  ResidentSetSize of job (KB)
...
040 (14807404.013.000) 05/16 00:47:34 Started transferring output files
...
040 (14807404.013.000) 05/16 00:47:34 Finished transferring output files
...
009 (14807404.013.000) 05/16 00:47:34 Job was aborted.
	Job removed by SYSTEM_PERIODIC_REMOVE due to wall time exceeded allowed max.
...
