000 (15148591.062.000) 09/26 23:15:32 Job submitted from host: <188.184.90.241:9618?addrs=188.184.90.241-9618+[2001-1458-201-e4--100-2eb]-9618&alias=bigbird15.cern.ch&noUDP&sock=schedd_2763_c443>
...
040 (15148591.062.000) 09/26 23:30:38 Started transferring input files
	Transferring to host: <128.142.132.81:9618?addrs=128.142.132.81-9618+[2001-1458-301-5a--100-45]-9618&alias=b7g12p4078.cern.ch&noUDP&sock=slot1_11_4426_446d_177040>
...
040 (15148591.062.000) 09/26 23:30:38 Finished transferring input files
...
001 (15148591.062.000) 09/26 23:30:39 Job executing on host: <128.142.132.81:9618?addrs=128.142.132.81-9618+[2001-1458-301-5a--100-45]-9618&alias=b7g12p4078.cern.ch&noUDP&sock=startd_3227_0835>
...
006 (15148591.062.000) 09/26 23:30:48 Image size of job updated: 73308
	62  -  MemoryUsage of job (MB)
	62832  -  ResidentSetSize of job (KB)
...
006 (15148591.062.000) 09/26 23:35:49 Image size of job updated: 1063020
	540  -  MemoryUsage of job (MB)
	552840  -  ResidentSetSize of job (KB)
...
006 (15148591.062.000) 09/26 23:38:59 Image size of job updated: 1113084
	540  -  MemoryUsage of job (MB)
	552840  -  ResidentSetSize of job (KB)
...
040 (15148591.062.000) 09/26 23:38:59 Started transferring output files
...
040 (15148591.062.000) 09/26 23:38:59 Finished transferring output files
...
005 (15148591.062.000) 09/26 23:38:59 Job terminated.
	(1) Normal termination (return value 0)
		Usr 0 00:07:46, Sys 0 00:00:15  -  Run Remote Usage
		Usr 0 00:00:00, Sys 0 00:00:00  -  Run Local Usage
		Usr 0 00:07:46, Sys 0 00:00:15  -  Total Remote Usage
		Usr 0 00:00:00, Sys 0 00:00:00  -  Total Local Usage
	40589  -  Run Bytes Sent By Job
	323  -  Run Bytes Received By Job
	40589  -  Total Bytes Sent By Job
	323  -  Total Bytes Received By Job
	Partitionable Resources :    Usage  Request Allocated 
	   Cpus                 :     0.98        1         1 
	   Disk (KB)            :    61           1   1641437 
	   Memory (MB)          :   540        2000      2000 

	Job terminated of its own accord at 2023-09-26T21:38:59Z.
...
