000 (15148580.000.000) 09/26 21:47:31 Job submitted from host: <188.184.90.241:9618?addrs=188.184.90.241-9618+[2001-1458-201-e4--100-2eb]-9618&alias=bigbird15.cern.ch&noUDP&sock=schedd_2763_c443>
...
040 (15148580.000.000) 09/26 22:02:54 Started transferring input files
	Transferring to host: <128.142.57.68:9618?addrs=128.142.57.68-9618+[2001-1458-301-7--100-43]-9618&alias=b7s02p2719.cern.ch&noUDP&sock=slot1_15_17198_4bf4_121625>
...
040 (15148580.000.000) 09/26 22:02:54 Finished transferring input files
...
001 (15148580.000.000) 09/26 22:02:55 Job executing on host: <128.142.57.68:9618?addrs=128.142.57.68-9618+[2001-1458-301-7--100-43]-9618&alias=b7s02p2719.cern.ch&noUDP&sock=startd_2861_fc8b>
...
006 (15148580.000.000) 09/26 22:03:03 Image size of job updated: 624432
	62  -  MemoryUsage of job (MB)
	63284  -  ResidentSetSize of job (KB)
...
006 (15148580.000.000) 09/26 22:08:03 Image size of job updated: 1086212
	541  -  MemoryUsage of job (MB)
	553048  -  ResidentSetSize of job (KB)
...
006 (15148580.000.000) 09/26 22:08:26 Image size of job updated: 1113084
	541  -  MemoryUsage of job (MB)
	553048  -  ResidentSetSize of job (KB)
...
040 (15148580.000.000) 09/26 22:08:27 Started transferring output files
...
040 (15148580.000.000) 09/26 22:08:27 Finished transferring output files
...
005 (15148580.000.000) 09/26 22:08:27 Job terminated.
	(1) Normal termination (return value 0)
		Usr 0 00:04:32, Sys 0 00:00:10  -  Run Remote Usage
		Usr 0 00:00:00, Sys 0 00:00:00  -  Run Local Usage
		Usr 0 00:04:32, Sys 0 00:00:10  -  Total Remote Usage
		Usr 0 00:00:00, Sys 0 00:00:00  -  Total Local Usage
	40584  -  Run Bytes Sent By Job
	323  -  Run Bytes Received By Job
	40584  -  Total Bytes Sent By Job
	323  -  Total Bytes Received By Job
	Partitionable Resources :    Usage  Request Allocated 
	   Cpus                 :                 1         1 
	   Disk (KB)            :       54        1   1216338 
	   Memory (MB)          :      541     2000      2000 

	Job terminated of its own accord at 2023-09-26T20:08:26Z.
...
