000 (15150662.062.000) 09/28 15:49:40 Job submitted from host: <188.184.90.241:9618?addrs=188.184.90.241-9618+[2001-1458-201-e4--100-2eb]-9618&alias=bigbird15.cern.ch&noUDP&sock=schedd_2763_c443>
...
040 (15150662.062.000) 09/28 16:01:08 Started transferring input files
	Transferring to host: <128.142.132.64:9618?addrs=128.142.132.64-9618+[2001-1458-301-5a--100-34]-9618&alias=b7g12p5351.cern.ch&noUDP&sock=slot1_12_26645_9015_92850>
...
040 (15150662.062.000) 09/28 16:01:08 Finished transferring input files
...
001 (15150662.062.000) 09/28 16:01:09 Job executing on host: <128.142.132.64:9618?addrs=128.142.132.64-9618+[2001-1458-301-5a--100-34]-9618&alias=b7g12p5351.cern.ch&noUDP&sock=startd_6331_1e2d>
...
006 (15150662.062.000) 09/28 16:01:17 Image size of job updated: 113332
	0  -  MemoryUsage of job (MB)
	0  -  ResidentSetSize of job (KB)
...
040 (15150662.062.000) 09/28 16:01:17 Started transferring output files
...
040 (15150662.062.000) 09/28 16:01:17 Finished transferring output files
...
005 (15150662.062.000) 09/28 16:01:17 Job terminated.
	(1) Normal termination (return value 0)
		Usr 0 00:00:02, Sys 0 00:00:00  -  Run Remote Usage
		Usr 0 00:00:00, Sys 0 00:00:00  -  Run Local Usage
		Usr 0 00:00:02, Sys 0 00:00:00  -  Total Remote Usage
		Usr 0 00:00:00, Sys 0 00:00:00  -  Total Local Usage
	7607  -  Run Bytes Sent By Job
	374  -  Run Bytes Received By Job
	7607  -  Total Bytes Sent By Job
	374  -  Total Bytes Received By Job
	Partitionable Resources :    Usage  Request Allocated 
	   Cpus                 :                 1         1 
	   Disk (KB)            :       21        1   1649128 
	   Memory (MB)          :        0     2000      2000 

	Job terminated of its own accord at 2023-09-28T14:01:17Z.
...
