000 (15149098.054.000) 09/27 08:23:39 Job submitted from host: <188.184.90.241:9618?addrs=188.184.90.241-9618+[2001-1458-201-e4--100-2eb]-9618&alias=bigbird15.cern.ch&noUDP&sock=schedd_2763_c443>
...
040 (15149098.054.000) 09/27 08:40:28 Started transferring input files
	Transferring to host: <128.142.61.127:9618?addrs=128.142.61.127-9618+[2001-1458-301-23--100-7e]-9618&alias=b7s06p4472.cern.ch&noUDP&sock=slot1_3_54020_ba0e_1436>
...
040 (15149098.054.000) 09/27 08:40:28 Finished transferring input files
...
001 (15149098.054.000) 09/27 08:40:29 Job executing on host: <128.142.61.127:9618?addrs=128.142.61.127-9618+[2001-1458-301-23--100-7e]-9618&alias=b7s06p4472.cern.ch&noUDP&sock=startd_3452_5d04>
...
006 (15149098.054.000) 09/27 08:40:38 Image size of job updated: 609776
	51  -  MemoryUsage of job (MB)
	51964  -  ResidentSetSize of job (KB)
...
006 (15149098.054.000) 09/27 08:45:39 Image size of job updated: 3561640
	156  -  MemoryUsage of job (MB)
	159672  -  ResidentSetSize of job (KB)
...
006 (15149098.054.000) 09/27 08:50:39 Image size of job updated: 3809604
	399  -  MemoryUsage of job (MB)
	408052  -  ResidentSetSize of job (KB)
...
006 (15149098.054.000) 09/27 08:54:26 Image size of job updated: 3882096
	399  -  MemoryUsage of job (MB)
	408052  -  ResidentSetSize of job (KB)
...
040 (15149098.054.000) 09/27 08:54:26 Started transferring output files
...
040 (15149098.054.000) 09/27 08:54:26 Finished transferring output files
...
005 (15149098.054.000) 09/27 08:54:26 Job terminated.
	(1) Normal termination (return value 0)
		Usr 0 00:04:19, Sys 0 00:00:12  -  Run Remote Usage
		Usr 0 00:00:00, Sys 0 00:00:00  -  Run Local Usage
		Usr 0 00:04:19, Sys 0 00:00:12  -  Total Remote Usage
		Usr 0 00:00:00, Sys 0 00:00:00  -  Total Local Usage
	68735  -  Run Bytes Sent By Job
	323  -  Run Bytes Received By Job
	68735  -  Total Bytes Sent By Job
	323  -  Total Bytes Received By Job
	Partitionable Resources :    Usage  Request Allocated 
	   Cpus                 :     0.90        1         1 
	   Disk (KB)            :    88           1   2905457 
	   Memory (MB)          :   399        2000      2000 

	Job terminated of its own accord at 2023-09-27T06:54:26Z.
...
