000 (15155263.009.000) 10/07 15:36:06 Job submitted from host: <188.184.90.241:9618?addrs=188.184.90.241-9618+[2001-1458-201-e4--100-2eb]-9618&alias=bigbird15.cern.ch&noUDP&sock=schedd_2763_c443>
...
040 (15155263.009.000) 10/07 15:38:38 Started transferring input files
	Transferring to host: <128.142.61.52:9618?addrs=128.142.61.52-9618+[2001-1458-301-23--100-33]-9618&alias=b7s06p8124.cern.ch&noUDP&sock=slot1_6_4563_cbd3_316904>
...
040 (15155263.009.000) 10/07 15:38:38 Finished transferring input files
...
001 (15155263.009.000) 10/07 15:38:39 Job executing on host: <128.142.61.52:9618?addrs=128.142.61.52-9618+[2001-1458-301-23--100-33]-9618&alias=b7s06p8124.cern.ch&noUDP&sock=startd_3097_dce5>
...
006 (15155263.009.000) 10/07 15:38:47 Image size of job updated: 625348
	54  -  MemoryUsage of job (MB)
	54688  -  ResidentSetSize of job (KB)
...
006 (15155263.009.000) 10/07 15:39:07 Image size of job updated: 631376
	54  -  MemoryUsage of job (MB)
	54688  -  ResidentSetSize of job (KB)
...
040 (15155263.009.000) 10/07 15:39:07 Started transferring output files
...
040 (15155263.009.000) 10/07 15:39:07 Finished transferring output files
...
005 (15155263.009.000) 10/07 15:39:07 Job terminated.
	(1) Normal termination (return value 0)
		Usr 0 00:00:04, Sys 0 00:00:02  -  Run Remote Usage
		Usr 0 00:00:00, Sys 0 00:00:00  -  Run Local Usage
		Usr 0 00:00:04, Sys 0 00:00:02  -  Total Remote Usage
		Usr 0 00:00:00, Sys 0 00:00:00  -  Total Local Usage
	23719  -  Run Bytes Sent By Job
	323  -  Run Bytes Received By Job
	23719  -  Total Bytes Sent By Job
	323  -  Total Bytes Received By Job
	Partitionable Resources :    Usage  Request Allocated 
	   Cpus                 :                 1         1 
	   Disk (KB)            :       37        1   1172655 
	   Memory (MB)          :       54     2000      2000 

	Job terminated of its own accord at 2023-10-07T13:39:07Z.
...
