000 (14808124.006.000) 05/19 04:24:07 Job submitted from host: <188.184.90.241:9618?addrs=188.184.90.241-9618+[2001-1458-201-e4--100-2eb]-9618&alias=bigbird15.cern.ch&noUDP&sock=schedd_3273_9590>
...
040 (14808124.006.000) 05/19 04:35:55 Started transferring input files
	Transferring to host: <128.142.137.160:9618?addrs=128.142.137.160-9618+[2001-1458-301-5e--100-94]-9618&alias=b7g19p5823.cern.ch&noUDP&sock=slot1_4_3367_1b22_45395>
...
040 (14808124.006.000) 05/19 04:35:55 Finished transferring input files
...
001 (14808124.006.000) 05/19 04:35:56 Job executing on host: <128.142.137.160:9618?addrs=128.142.137.160-9618+[2001-1458-301-5e--100-94]-9618&alias=b7g19p5823.cern.ch&noUDP&sock=startd_2949_58e1>
...
006 (14808124.006.000) 05/19 04:36:05 Image size of job updated: 108036
	106  -  MemoryUsage of job (MB)
	107904  -  ResidentSetSize of job (KB)
...
006 (14808124.006.000) 05/19 04:38:04 Image size of job updated: 1391900
	106  -  MemoryUsage of job (MB)
	107904  -  ResidentSetSize of job (KB)
...
040 (14808124.006.000) 05/19 04:38:04 Started transferring output files
...
040 (14808124.006.000) 05/19 04:38:04 Finished transferring output files
...
005 (14808124.006.000) 05/19 04:38:04 Job terminated.
	(1) Normal termination (return value 0)
		Usr 0 00:00:49, Sys 0 00:00:03  -  Run Remote Usage
		Usr 0 00:00:00, Sys 0 00:00:00  -  Run Local Usage
		Usr 0 00:00:49, Sys 0 00:00:03  -  Total Remote Usage
		Usr 0 00:00:00, Sys 0 00:00:00  -  Total Local Usage
	87198  -  Run Bytes Sent By Job
	269  -  Run Bytes Received By Job
	87198  -  Total Bytes Sent By Job
	269  -  Total Bytes Received By Job
	Partitionable Resources :    Usage  Request Allocated 
	   Cpus                 :     0.08        1         1 
	   Disk (KB)            :   106           1   1513152 
	   Memory (MB)          :   106        2000      2000 

	Job terminated of its own accord at 2023-05-19T02:38:04Z.
...
