000 (15153696.030.000) 10/03 22:27:19 Job submitted from host: <188.184.90.241:9618?addrs=188.184.90.241-9618+[2001-1458-201-e4--100-2eb]-9618&alias=bigbird15.cern.ch&noUDP&sock=schedd_2763_c443>
...
040 (15153696.030.000) 10/03 22:30:33 Started transferring input files
	Transferring to host: <128.142.63.37:9618?addrs=128.142.63.37-9618+[2001-1458-301-38--100-22]-9618&alias=b7s08p3742.cern.ch&noUDP&sock=slot1_12_4408_95ac_204060>
...
040 (15153696.030.000) 10/03 22:30:33 Finished transferring input files
...
001 (15153696.030.000) 10/03 22:30:34 Job executing on host: <128.142.63.37:9618?addrs=128.142.63.37-9618+[2001-1458-301-38--100-22]-9618&alias=b7s08p3742.cern.ch&noUDP&sock=startd_3190_a734>
...
006 (15153696.030.000) 10/03 22:30:42 Image size of job updated: 121832
	119  -  MemoryUsage of job (MB)
	121832  -  ResidentSetSize of job (KB)
...
006 (15153696.030.000) 10/03 22:33:10 Image size of job updated: 917596
	119  -  MemoryUsage of job (MB)
	121832  -  ResidentSetSize of job (KB)
...
040 (15153696.030.000) 10/03 22:33:10 Started transferring output files
...
040 (15153696.030.000) 10/03 22:33:11 Finished transferring output files
...
005 (15153696.030.000) 10/03 22:33:11 Job terminated.
	(1) Normal termination (return value 0)
		Usr 0 00:00:07, Sys 0 00:00:00  -  Run Remote Usage
		Usr 0 00:00:00, Sys 0 00:00:00  -  Run Local Usage
		Usr 0 00:00:07, Sys 0 00:00:00  -  Total Remote Usage
		Usr 0 00:00:00, Sys 0 00:00:00  -  Total Local Usage
	7891  -  Run Bytes Sent By Job
	374  -  Run Bytes Received By Job
	7891  -  Total Bytes Sent By Job
	374  -  Total Bytes Received By Job
	Partitionable Resources :    Usage  Request Allocated 
	   Cpus                 :                 1         1 
	   Disk (KB)            :       22        1   1284761 
	   Memory (MB)          :      119     2000      2000 

	Job terminated of its own accord at 2023-10-03T20:33:10Z.
...
