000 (14832095.024.000) 06/12 15:17:57 Job submitted from host: <188.184.90.241:9618?addrs=188.184.90.241-9618+[2001-1458-201-e4--100-2eb]-9618&alias=bigbird15.cern.ch&noUDP&sock=schedd_1460210_2ef4>
...
040 (14832095.024.000) 06/12 15:19:43 Started transferring input files
	Transferring to host: <128.142.60.152:9618?addrs=128.142.60.152-9618+[2001-1458-301-22--100-97]-9618&alias=b7s05p8178.cern.ch&noUDP&sock=slot1_17_3974_cadb_59929>
...
040 (14832095.024.000) 06/12 15:19:43 Finished transferring input files
...
001 (14832095.024.000) 06/12 15:19:44 Job executing on host: <128.142.60.152:9618?addrs=128.142.60.152-9618+[2001-1458-301-22--100-97]-9618&alias=b7s05p8178.cern.ch&noUDP&sock=startd_2927_41cb>
...
006 (14832095.024.000) 06/12 15:19:52 Image size of job updated: 184176
	172  -  MemoryUsage of job (MB)
	176024  -  ResidentSetSize of job (KB)
...
006 (14832095.024.000) 06/12 15:23:01 Image size of job updated: 1205548
	172  -  MemoryUsage of job (MB)
	176024  -  ResidentSetSize of job (KB)
...
040 (14832095.024.000) 06/12 15:23:01 Started transferring output files
...
040 (14832095.024.000) 06/12 15:23:01 Finished transferring output files
...
005 (14832095.024.000) 06/12 15:23:01 Job terminated.
	(1) Normal termination (return value 0)
		Usr 0 00:00:41, Sys 0 00:00:03  -  Run Remote Usage
		Usr 0 00:00:00, Sys 0 00:00:00  -  Run Local Usage
		Usr 0 00:00:41, Sys 0 00:00:03  -  Total Remote Usage
		Usr 0 00:00:00, Sys 0 00:00:00  -  Total Local Usage
	35675  -  Run Bytes Sent By Job
	323  -  Run Bytes Received By Job
	35675  -  Total Bytes Sent By Job
	323  -  Total Bytes Received By Job
	Partitionable Resources :    Usage  Request Allocated 
	   Cpus                 :                 1         1 
	   Disk (KB)            :       49        1   1297415 
	   Memory (MB)          :      172     2000      2000 

	Job terminated of its own accord at 2023-06-12T13:23:01Z.
...
