000 (15150655.025.000) 09/28 15:00:14 Job submitted from host: <188.184.90.241:9618?addrs=188.184.90.241-9618+[2001-1458-201-e4--100-2eb]-9618&alias=bigbird15.cern.ch&noUDP&sock=schedd_2763_c443>
...
040 (15150655.025.000) 09/28 15:02:50 Started transferring input files
	Transferring to host: <128.142.58.92:9618?addrs=128.142.58.92-9618+[2001-1458-301-16--100-5b]-9618&alias=b7s03p3722.cern.ch&noUDP&sock=slot1_16_12034_caa2_60920>
...
040 (15150655.025.000) 09/28 15:02:50 Finished transferring input files
...
001 (15150655.025.000) 09/28 15:02:51 Job executing on host: <128.142.58.92:9618?addrs=128.142.58.92-9618+[2001-1458-301-16--100-5b]-9618&alias=b7s03p3722.cern.ch&noUDP&sock=startd_11996_d631>
...
006 (15150655.025.000) 09/28 15:03:00 Image size of job updated: 912268
	122  -  MemoryUsage of job (MB)
	124380  -  ResidentSetSize of job (KB)
...
006 (15150655.025.000) 09/28 15:06:55 Image size of job updated: 924408
	122  -  MemoryUsage of job (MB)
	124380  -  ResidentSetSize of job (KB)
...
040 (15150655.025.000) 09/28 15:06:55 Started transferring output files
...
040 (15150655.025.000) 09/28 15:06:55 Finished transferring output files
...
005 (15150655.025.000) 09/28 15:06:55 Job terminated.
	(1) Normal termination (return value 0)
		Usr 0 00:00:11, Sys 0 00:00:00  -  Run Remote Usage
		Usr 0 00:00:00, Sys 0 00:00:00  -  Run Local Usage
		Usr 0 00:00:11, Sys 0 00:00:00  -  Total Remote Usage
		Usr 0 00:00:00, Sys 0 00:00:00  -  Total Local Usage
	7929  -  Run Bytes Sent By Job
	374  -  Run Bytes Received By Job
	7929  -  Total Bytes Sent By Job
	374  -  Total Bytes Received By Job
	Partitionable Resources :    Usage  Request Allocated 
	   Cpus                 :     0.07        1         1 
	   Disk (KB)            :    29           1   1290529 
	   Memory (MB)          :   122        2000      2000 

	Job terminated of its own accord at 2023-09-28T13:06:55Z.
...
