000 (15150662.060.000) 09/28 15:49:40 Job submitted from host: <188.184.90.241:9618?addrs=188.184.90.241-9618+[2001-1458-201-e4--100-2eb]-9618&alias=bigbird15.cern.ch&noUDP&sock=schedd_2763_c443>
...
040 (15150662.060.000) 09/28 16:01:07 Started transferring input files
	Transferring to host: <128.142.137.150:9618?addrs=128.142.137.150-9618+[2001-1458-301-5e--100-8a]-9618&alias=b7g19p2620.cern.ch&noUDP&sock=slot1_3_22123_679d_92933>
...
040 (15150662.060.000) 09/28 16:01:07 Finished transferring input files
...
001 (15150662.060.000) 09/28 16:01:08 Job executing on host: <128.142.137.150:9618?addrs=128.142.137.150-9618+[2001-1458-301-5e--100-8a]-9618&alias=b7g19p2620.cern.ch&noUDP&sock=startd_22083_ae00>
...
006 (15150662.060.000) 09/28 16:01:17 Image size of job updated: 910188
	120  -  MemoryUsage of job (MB)
	122356  -  ResidentSetSize of job (KB)
...
006 (15150662.060.000) 09/28 16:03:29 Image size of job updated: 916448
	120  -  MemoryUsage of job (MB)
	122356  -  ResidentSetSize of job (KB)
...
040 (15150662.060.000) 09/28 16:03:29 Started transferring output files
...
040 (15150662.060.000) 09/28 16:03:29 Finished transferring output files
...
005 (15150662.060.000) 09/28 16:03:29 Job terminated.
	(1) Normal termination (return value 0)
		Usr 0 00:00:12, Sys 0 00:00:01  -  Run Remote Usage
		Usr 0 00:00:00, Sys 0 00:00:00  -  Run Local Usage
		Usr 0 00:00:12, Sys 0 00:00:01  -  Total Remote Usage
		Usr 0 00:00:00, Sys 0 00:00:00  -  Total Local Usage
	8097  -  Run Bytes Sent By Job
	374  -  Run Bytes Received By Job
	8097  -  Total Bytes Sent By Job
	374  -  Total Bytes Received By Job
	Partitionable Resources :    Usage  Request Allocated 
	   Cpus                 :     0.08        1         1 
	   Disk (KB)            :    29           1   1588454 
	   Memory (MB)          :   120        2000      2000 

	Job terminated of its own accord at 2023-09-28T14:03:29Z.
...
