000 (15271413.116.000) 12/18 14:02:23 Job submitted from host: <188.184.90.241:9618?addrs=188.184.90.241-9618+[2001-1458-201-e4--100-2eb]-9618&alias=bigbird15.cern.ch&noUDP&sock=schedd_2763_c443>
...
040 (15271413.116.000) 12/18 14:06:28 Started transferring input files
	Transferring to host: <128.142.61.30:9618?addrs=128.142.61.30-9618+[2001-1458-301-23--100-1d]-9618&alias=b9s06p2482.cern.ch&noUDP&sock=slot1_13_121342_2a7f_6533>
...
040 (15271413.116.000) 12/18 14:06:28 Finished transferring input files
...
001 (15271413.116.000) 12/18 14:06:29 Job executing on host: <128.142.61.30:9618?addrs=128.142.61.30-9618+[2001-1458-301-23--100-1d]-9618&alias=b9s06p2482.cern.ch&noUDP&sock=startd_112970_9a1e>
...
006 (15271413.116.000) 12/18 14:06:38 Image size of job updated: 219684
	208  -  MemoryUsage of job (MB)
	212652  -  ResidentSetSize of job (KB)
...
006 (15271413.116.000) 12/18 14:11:39 Image size of job updated: 571268
	558  -  MemoryUsage of job (MB)
	571264  -  ResidentSetSize of job (KB)
...
006 (15271413.116.000) 12/18 14:15:19 Image size of job updated: 2854688
	558  -  MemoryUsage of job (MB)
	571264  -  ResidentSetSize of job (KB)
...
040 (15271413.116.000) 12/18 14:15:19 Started transferring output files
...
040 (15271413.116.000) 12/18 14:15:19 Finished transferring output files
...
005 (15271413.116.000) 12/18 14:15:19 Job terminated.
	(1) Normal termination (return value 0)
		Usr 0 00:05:55, Sys 0 00:00:06  -  Run Remote Usage
		Usr 0 00:00:00, Sys 0 00:00:00  -  Run Local Usage
		Usr 0 00:05:55, Sys 0 00:00:06  -  Total Remote Usage
		Usr 0 00:00:00, Sys 0 00:00:00  -  Total Local Usage
	153502  -  Run Bytes Sent By Job
	269  -  Run Bytes Received By Job
	153502  -  Total Bytes Sent By Job
	269  -  Total Bytes Received By Job
	Partitionable Resources :    Usage  Request Allocated 
	   Cpus                 :     0.95        1         1 
	   Disk (KB)            :   194           1   3042150 
	   Memory (MB)          :   558        2000      2000 

	Job terminated of its own accord at 2023-12-18T13:15:19Z.
...
