000 (15271413.175.000) 12/18 14:02:23 Job submitted from host: <188.184.90.241:9618?addrs=188.184.90.241-9618+[2001-1458-201-e4--100-2eb]-9618&alias=bigbird15.cern.ch&noUDP&sock=schedd_2763_c443>
...
040 (15271413.175.000) 12/18 14:06:47 Started transferring input files
	Transferring to host: <128.142.194.219:9618?addrs=128.142.194.219-9618+[2001-1458-301-13--100-5b]-9618&alias=b9g30p4876.cern.ch&noUDP&sock=slot1_9_6139_3b13_9661>
...
040 (15271413.175.000) 12/18 14:06:47 Finished transferring input files
...
001 (15271413.175.000) 12/18 14:06:48 Job executing on host: <128.142.194.219:9618?addrs=128.142.194.219-9618+[2001-1458-301-13--100-5b]-9618&alias=b9g30p4876.cern.ch&noUDP&sock=startd_4878_7b11>
...
006 (15271413.175.000) 12/18 14:06:56 Image size of job updated: 161948
	158  -  MemoryUsage of job (MB)
	160796  -  ResidentSetSize of job (KB)
...
006 (15271413.175.000) 12/18 14:11:56 Image size of job updated: 528880
	517  -  MemoryUsage of job (MB)
	528880  -  ResidentSetSize of job (KB)
...
006 (15271413.175.000) 12/18 14:16:57 Image size of job updated: 923292
	879  -  MemoryUsage of job (MB)
	899276  -  ResidentSetSize of job (KB)
...
006 (15271413.175.000) 12/18 14:20:11 Image size of job updated: 3140892
	879  -  MemoryUsage of job (MB)
	899276  -  ResidentSetSize of job (KB)
...
040 (15271413.175.000) 12/18 14:20:11 Started transferring output files
...
040 (15271413.175.000) 12/18 14:20:11 Finished transferring output files
...
005 (15271413.175.000) 12/18 14:20:11 Job terminated.
	(1) Normal termination (return value 0)
		Usr 0 00:09:32, Sys 0 00:00:09  -  Run Remote Usage
		Usr 0 00:00:00, Sys 0 00:00:00  -  Run Local Usage
		Usr 0 00:09:32, Sys 0 00:00:09  -  Total Remote Usage
		Usr 0 00:00:00, Sys 0 00:00:00  -  Total Local Usage
	209406  -  Run Bytes Sent By Job
	269  -  Run Bytes Received By Job
	209406  -  Total Bytes Sent By Job
	269  -  Total Bytes Received By Job
	Partitionable Resources :    Usage  Request Allocated 
	   Cpus                 :     0.74        1         1 
	   Disk (KB)            :   248           1   2974371 
	   Memory (MB)          :   879        2000      2000 

	Job terminated of its own accord at 2023-12-18T13:20:11Z.
...
