000 (14807135.023.000) 05/13 19:23:40 Job submitted from host: <188.184.90.241:9618?addrs=188.184.90.241-9618+[2001-1458-201-e4--100-2eb]-9618&alias=bigbird15.cern.ch&noUDP&sock=schedd_3273_9590>
...
040 (14807135.023.000) 05/13 19:35:15 Started transferring input files
	Transferring to host: <188.184.162.117:9618?addrs=188.184.162.117-9618+[2001-1458-301-4a--100-6f]-9618&alias=b7s11p6321.cern.ch&noUDP&sock=slot1_9_153742_e5a5_34104>
...
040 (14807135.023.000) 05/13 19:35:15 Finished transferring input files
...
001 (14807135.023.000) 05/13 19:35:16 Job executing on host: <188.184.162.117:9618?addrs=188.184.162.117-9618+[2001-1458-301-4a--100-6f]-9618&alias=b7s11p6321.cern.ch&noUDP&sock=startd_2899_0d25>
...
006 (14807135.023.000) 05/13 19:35:24 Image size of job updated: 554124
	47  -  MemoryUsage of job (MB)
	47676  -  ResidentSetSize of job (KB)
...
006 (14807135.023.000) 05/13 19:40:24 Image size of job updated: 1771460
	1228  -  MemoryUsage of job (MB)
	1257024  -  ResidentSetSize of job (KB)
...
006 (14807135.023.000) 05/13 19:45:25 Image size of job updated: 1947632
	1254  -  MemoryUsage of job (MB)
	1283272  -  ResidentSetSize of job (KB)
...
006 (14807135.023.000) 05/13 19:50:26 Image size of job updated: 4407120
	1254  -  MemoryUsage of job (MB)
	1283272  -  ResidentSetSize of job (KB)
...
006 (14807135.023.000) 05/13 19:52:48 Image size of job updated: 4484876
	1254  -  MemoryUsage of job (MB)
	1283272  -  ResidentSetSize of job (KB)
...
040 (14807135.023.000) 05/13 19:52:48 Started transferring output files
...
040 (14807135.023.000) 05/13 19:52:48 Finished transferring output files
...
005 (14807135.023.000) 05/13 19:52:48 Job terminated.
	(1) Normal termination (return value 0)
		Usr 0 00:12:21, Sys 0 00:00:43  -  Run Remote Usage
		Usr 0 00:00:00, Sys 0 00:00:00  -  Run Local Usage
		Usr 0 00:12:21, Sys 0 00:00:43  -  Total Remote Usage
		Usr 0 00:00:00, Sys 0 00:00:00  -  Total Local Usage
	103471  -  Run Bytes Sent By Job
	323  -  Run Bytes Received By Job
	103471  -  Total Bytes Sent By Job
	323  -  Total Bytes Received By Job
	Partitionable Resources :    Usage  Request Allocated 
	   Cpus                 :     0.95        1         1 
	   Disk (KB)            :   122           1   2957791 
	   Memory (MB)          :  1254        2000      2000 

	Job terminated of its own accord at 2023-05-13T17:52:48Z.
...
