000 (15150655.054.000) 09/28 15:00:14 Job submitted from host: <188.184.90.241:9618?addrs=188.184.90.241-9618+[2001-1458-201-e4--100-2eb]-9618&alias=bigbird15.cern.ch&noUDP&sock=schedd_2763_c443>
...
040 (15150655.054.000) 09/28 15:02:59 Started transferring input files
	Transferring to host: <128.142.58.92:9618?addrs=128.142.58.92-9618+[2001-1458-301-16--100-5b]-9618&alias=b7s03p3722.cern.ch&noUDP&sock=slot1_17_12034_caa2_60921>
...
040 (15150655.054.000) 09/28 15:02:59 Finished transferring input files
...
001 (15150655.054.000) 09/28 15:03:00 Job executing on host: <128.142.58.92:9618?addrs=128.142.58.92-9618+[2001-1458-301-16--100-5b]-9618&alias=b7s03p3722.cern.ch&noUDP&sock=startd_11996_d631>
...
006 (15150655.054.000) 09/28 15:03:08 Image size of job updated: 127212
	125  -  MemoryUsage of job (MB)
	127208  -  ResidentSetSize of job (KB)
...
006 (15150655.054.000) 09/28 15:06:39 Image size of job updated: 916444
	125  -  MemoryUsage of job (MB)
	127208  -  ResidentSetSize of job (KB)
...
040 (15150655.054.000) 09/28 15:06:39 Started transferring output files
...
040 (15150655.054.000) 09/28 15:06:39 Finished transferring output files
...
005 (15150655.054.000) 09/28 15:06:39 Job terminated.
	(1) Normal termination (return value 0)
		Usr 0 00:00:05, Sys 0 00:00:00  -  Run Remote Usage
		Usr 0 00:00:00, Sys 0 00:00:00  -  Run Local Usage
		Usr 0 00:00:05, Sys 0 00:00:00  -  Total Remote Usage
		Usr 0 00:00:00, Sys 0 00:00:00  -  Total Local Usage
	8029  -  Run Bytes Sent By Job
	374  -  Run Bytes Received By Job
	8029  -  Total Bytes Sent By Job
	374  -  Total Bytes Received By Job
	Partitionable Resources :    Usage  Request Allocated 
	   Cpus                 :     0.04        1         1 
	   Disk (KB)            :    29           1   1290554 
	   Memory (MB)          :   125        2000      2000 

	Job terminated of its own accord at 2023-09-28T13:06:39Z.
...
