000 (15155263.021.000) 10/07 15:36:06 Job submitted from host: <188.184.90.241:9618?addrs=188.184.90.241-9618+[2001-1458-201-e4--100-2eb]-9618&alias=bigbird15.cern.ch&noUDP&sock=schedd_2763_c443>
...
040 (15155263.021.000) 10/07 15:38:43 Started transferring input files
	Transferring to host: <128.142.61.65:9618?addrs=128.142.61.65-9618+[2001-1458-301-23--100-40]-9618&alias=b7s06p7861.cern.ch&noUDP&sock=slot1_11_3159_8d1a_35377>
...
040 (15155263.021.000) 10/07 15:38:43 Finished transferring input files
...
001 (15155263.021.000) 10/07 15:38:44 Job executing on host: <128.142.61.65:9618?addrs=128.142.61.65-9618+[2001-1458-301-23--100-40]-9618&alias=b7s06p7861.cern.ch&noUDP&sock=startd_2809_519f>
...
006 (15155263.021.000) 10/07 15:38:53 Image size of job updated: 636976
	52  -  MemoryUsage of job (MB)
	52464  -  ResidentSetSize of job (KB)
...
006 (15155263.021.000) 10/07 15:43:54 Image size of job updated: 1076072
	543  -  MemoryUsage of job (MB)
	555556  -  ResidentSetSize of job (KB)
...
006 (15155263.021.000) 10/07 15:48:54 Image size of job updated: 3663880
	543  -  MemoryUsage of job (MB)
	555556  -  ResidentSetSize of job (KB)
...
006 (15155263.021.000) 10/07 15:53:54 Image size of job updated: 3915596
	543  -  MemoryUsage of job (MB)
	555556  -  ResidentSetSize of job (KB)
...
006 (15155263.021.000) 10/07 15:58:55 Image size of job updated: 3983924
	543  -  MemoryUsage of job (MB)
	555556  -  ResidentSetSize of job (KB)
...
006 (15155263.021.000) 10/07 15:59:46 Image size of job updated: 3991172
	543  -  MemoryUsage of job (MB)
	555556  -  ResidentSetSize of job (KB)
...
040 (15155263.021.000) 10/07 15:59:46 Started transferring output files
...
040 (15155263.021.000) 10/07 15:59:46 Finished transferring output files
...
005 (15155263.021.000) 10/07 15:59:46 Job terminated.
	(1) Normal termination (return value 0)
		Usr 0 00:07:42, Sys 0 00:00:13  -  Run Remote Usage
		Usr 0 00:00:00, Sys 0 00:00:00  -  Run Local Usage
		Usr 0 00:07:42, Sys 0 00:00:13  -  Total Remote Usage
		Usr 0 00:00:00, Sys 0 00:00:00  -  Total Local Usage
	79562  -  Run Bytes Sent By Job
	323  -  Run Bytes Received By Job
	79562  -  Total Bytes Sent By Job
	323  -  Total Bytes Received By Job
	Partitionable Resources :    Usage  Request Allocated 
	   Cpus                 :     0.99        1         1 
	   Disk (KB)            :    99           1   1223362 
	   Memory (MB)          :   543        2000      2000 

	Job terminated of its own accord at 2023-10-07T13:59:46Z.
...
