000 (14832095.000.000) 06/12 15:17:57 Job submitted from host: <188.184.90.241:9618?addrs=188.184.90.241-9618+[2001-1458-201-e4--100-2eb]-9618&alias=bigbird15.cern.ch&noUDP&sock=schedd_1460210_2ef4>
...
040 (14832095.000.000) 06/12 15:19:35 Started transferring input files
	Transferring to host: <128.142.62.189:9618?addrs=128.142.62.189-9618+[2001-1458-301-37--100-bc]-9618&alias=b7s07p3616.cern.ch&noUDP&sock=slot1_13_4617_d815_63021>
...
040 (14832095.000.000) 06/12 15:19:35 Finished transferring input files
...
001 (14832095.000.000) 06/12 15:19:36 Job executing on host: <128.142.62.189:9618?addrs=128.142.62.189-9618+[2001-1458-301-37--100-bc]-9618&alias=b7s07p3616.cern.ch&noUDP&sock=startd_3221_eaa3>
...
006 (14832095.000.000) 06/12 15:19:45 Image size of job updated: 554140
	47  -  MemoryUsage of job (MB)
	47696  -  ResidentSetSize of job (KB)
...
006 (14832095.000.000) 06/12 15:24:46 Image size of job updated: 1476384
	891  -  MemoryUsage of job (MB)
	911492  -  ResidentSetSize of job (KB)
...
040 (14832095.000.000) 06/12 15:25:47 Started transferring output files
...
040 (14832095.000.000) 06/12 15:25:47 Finished transferring output files
...
005 (14832095.000.000) 06/12 15:25:47 Job terminated.
	(1) Normal termination (return value 0)
		Usr 0 00:04:40, Sys 0 00:00:21  -  Run Remote Usage
		Usr 0 00:00:00, Sys 0 00:00:00  -  Run Local Usage
		Usr 0 00:04:40, Sys 0 00:00:21  -  Total Remote Usage
		Usr 0 00:00:00, Sys 0 00:00:00  -  Total Local Usage
	61493  -  Run Bytes Sent By Job
	323  -  Run Bytes Received By Job
	61493  -  Total Bytes Sent By Job
	323  -  Total Bytes Received By Job
	Partitionable Resources :    Usage  Request Allocated 
	   Cpus                 :     0.72        1         1 
	   Disk (KB)            :    81           1   1341414 
	   Memory (MB)          :   891        2000      2000 

	Job terminated of its own accord at 2023-06-12T13:25:47Z.
...
