000 (14832095.111.000) 06/12 15:17:57 Job submitted from host: <188.184.90.241:9618?addrs=188.184.90.241-9618+[2001-1458-201-e4--100-2eb]-9618&alias=bigbird15.cern.ch&noUDP&sock=schedd_1460210_2ef4>
...
040 (14832095.111.000) 06/12 15:20:11 Started transferring input files
	Transferring to host: <128.142.192.195:9618?addrs=128.142.192.195-9618+[2001-1458-301-56--100-3f]-9618&alias=b7g18p9378.cern.ch&noUDP&sock=slot1_13_13298_64d6_59210>
...
040 (14832095.111.000) 06/12 15:20:11 Finished transferring input files
...
001 (14832095.111.000) 06/12 15:20:12 Job executing on host: <128.142.192.195:9618?addrs=128.142.192.195-9618+[2001-1458-301-56--100-3f]-9618&alias=b7g18p9378.cern.ch&noUDP&sock=startd_13193_e10e>
...
006 (14832095.111.000) 06/12 15:20:21 Image size of job updated: 48092
	47  -  MemoryUsage of job (MB)
	47668  -  ResidentSetSize of job (KB)
...
006 (14832095.111.000) 06/12 15:25:21 Image size of job updated: 1179080
	56  -  MemoryUsage of job (MB)
	57024  -  ResidentSetSize of job (KB)
...
006 (14832095.111.000) 06/12 15:30:21 Image size of job updated: 1214320
	138  -  MemoryUsage of job (MB)
	141272  -  ResidentSetSize of job (KB)
...
006 (14832095.111.000) 06/12 15:30:56 Image size of job updated: 1215196
	138  -  MemoryUsage of job (MB)
	141272  -  ResidentSetSize of job (KB)
...
040 (14832095.111.000) 06/12 15:30:56 Started transferring output files
...
040 (14832095.111.000) 06/12 15:30:56 Finished transferring output files
...
005 (14832095.111.000) 06/12 15:30:56 Job terminated.
	(1) Normal termination (return value 0)
		Usr 0 00:04:06, Sys 0 00:00:14  -  Run Remote Usage
		Usr 0 00:00:00, Sys 0 00:00:00  -  Run Local Usage
		Usr 0 00:04:06, Sys 0 00:00:14  -  Total Remote Usage
		Usr 0 00:00:00, Sys 0 00:00:00  -  Total Local Usage
	52233  -  Run Bytes Sent By Job
	323  -  Run Bytes Received By Job
	52233  -  Total Bytes Sent By Job
	323  -  Total Bytes Received By Job
	Partitionable Resources :    Usage  Request Allocated 
	   Cpus                 :     0.43        1         1 
	   Disk (KB)            :    72           1   3160625 
	   Memory (MB)          :   138        2000      2000 

	Job terminated of its own accord at 2023-06-12T13:30:56Z.
...
