000 (14832095.136.000) 06/12 15:17:57 Job submitted from host: <188.184.90.241:9618?addrs=188.184.90.241-9618+[2001-1458-201-e4--100-2eb]-9618&alias=bigbird15.cern.ch&noUDP&sock=schedd_1460210_2ef4>
...
040 (14832095.136.000) 06/12 15:20:19 Started transferring input files
	Transferring to host: <188.184.162.210:9618?addrs=188.184.162.210-9618+[2001-1458-301-4a--100-cc]-9618&alias=b7s11p9993.cern.ch&noUDP&sock=slot1_38_132335_ba9e_91073>
...
040 (14832095.136.000) 06/12 15:20:19 Finished transferring input files
...
001 (14832095.136.000) 06/12 15:20:20 Job executing on host: <188.184.162.210:9618?addrs=188.184.162.210-9618+[2001-1458-301-4a--100-cc]-9618&alias=b7s11p9993.cern.ch&noUDP&sock=startd_101356_5d32>
...
006 (14832095.136.000) 06/12 15:20:29 Image size of job updated: 554128
	47  -  MemoryUsage of job (MB)
	47688  -  ResidentSetSize of job (KB)
...
006 (14832095.136.000) 06/12 15:25:29 Image size of job updated: 1387584
	854  -  MemoryUsage of job (MB)
	874432  -  ResidentSetSize of job (KB)
...
006 (14832095.136.000) 06/12 15:30:29 Image size of job updated: 1787284
	1185  -  MemoryUsage of job (MB)
	1212492  -  ResidentSetSize of job (KB)
...
006 (14832095.136.000) 06/12 15:45:31 Image size of job updated: 4046132
	1185  -  MemoryUsage of job (MB)
	1212492  -  ResidentSetSize of job (KB)
...
006 (14832095.136.000) 06/12 15:55:32 Image size of job updated: 4097744
	1185  -  MemoryUsage of job (MB)
	1212492  -  ResidentSetSize of job (KB)
...
006 (14832095.136.000) 06/12 16:00:32 Image size of job updated: 4332832
	1185  -  MemoryUsage of job (MB)
	1212492  -  ResidentSetSize of job (KB)
...
006 (14832095.136.000) 06/12 16:05:33 Image size of job updated: 4341928
	1185  -  MemoryUsage of job (MB)
	1212492  -  ResidentSetSize of job (KB)
...
006 (14832095.136.000) 06/12 16:10:33 Image size of job updated: 4412460
	1185  -  MemoryUsage of job (MB)
	1212492  -  ResidentSetSize of job (KB)
...
006 (14832095.136.000) 06/12 16:14:05 Image size of job updated: 4421676
	1185  -  MemoryUsage of job (MB)
	1212492  -  ResidentSetSize of job (KB)
...
040 (14832095.136.000) 06/12 16:14:05 Started transferring output files
...
040 (14832095.136.000) 06/12 16:14:05 Finished transferring output files
...
005 (14832095.136.000) 06/12 16:14:05 Job terminated.
	(1) Normal termination (return value 0)
		Usr 0 00:13:27, Sys 0 00:00:53  -  Run Remote Usage
		Usr 0 00:00:00, Sys 0 00:00:00  -  Run Local Usage
		Usr 0 00:13:27, Sys 0 00:00:53  -  Total Remote Usage
		Usr 0 00:00:00, Sys 0 00:00:00  -  Total Local Usage
	117081  -  Run Bytes Sent By Job
	323  -  Run Bytes Received By Job
	117081  -  Total Bytes Sent By Job
	323  -  Total Bytes Received By Job
	Partitionable Resources :    Usage  Request Allocated 
	   Cpus                 :     0.92        1         1 
	   Disk (KB)            :   136           1   3074617 
	   Memory (MB)          :  1185        2000      2000 

	Job terminated of its own accord at 2023-06-12T14:14:05Z.
...
