000 (15153697.004.000) 10/03 22:34:13 Job submitted from host: <188.184.90.241:9618?addrs=188.184.90.241-9618+[2001-1458-201-e4--100-2eb]-9618&alias=bigbird15.cern.ch&noUDP&sock=schedd_2763_c443>
...
040 (15153697.004.000) 10/03 22:35:59 Started transferring input files
	Transferring to host: <128.142.58.102:9618?addrs=128.142.58.102-9618+[2001-1458-301-16--100-65]-9618&alias=b7s03p1966.cern.ch&noUDP&sock=slot1_12_539_862f_101516>
...
040 (15153697.004.000) 10/03 22:35:59 Finished transferring input files
...
001 (15153697.004.000) 10/03 22:36:00 Job executing on host: <128.142.58.102:9618?addrs=128.142.58.102-9618+[2001-1458-301-16--100-65]-9618&alias=b7s03p1966.cern.ch&noUDP&sock=startd_500_8971>
...
006 (15153697.004.000) 10/03 22:36:09 Image size of job updated: 565344
	51  -  MemoryUsage of job (MB)
	51996  -  ResidentSetSize of job (KB)
...
006 (15153697.004.000) 10/03 22:41:09 Image size of job updated: 1038076
	473  -  MemoryUsage of job (MB)
	483632  -  ResidentSetSize of job (KB)
...
006 (15153697.004.000) 10/03 22:43:52 Image size of job updated: 3392124
	473  -  MemoryUsage of job (MB)
	483632  -  ResidentSetSize of job (KB)
...
040 (15153697.004.000) 10/03 22:43:52 Started transferring output files
...
040 (15153697.004.000) 10/03 22:43:53 Finished transferring output files
...
005 (15153697.004.000) 10/03 22:43:53 Job terminated.
	(1) Normal termination (return value 0)
		Usr 0 00:06:42, Sys 0 00:00:08  -  Run Remote Usage
		Usr 0 00:00:00, Sys 0 00:00:00  -  Run Local Usage
		Usr 0 00:06:42, Sys 0 00:00:08  -  Total Remote Usage
		Usr 0 00:00:00, Sys 0 00:00:00  -  Total Local Usage
	166798  -  Run Bytes Sent By Job
	269  -  Run Bytes Received By Job
	166798  -  Total Bytes Sent By Job
	269  -  Total Bytes Received By Job
	Partitionable Resources :    Usage  Request Allocated 
	   Cpus                 :                 1         1 
	   Disk (KB)            :      178        1   1232056 
	   Memory (MB)          :      473     2000      2000 

	Job terminated of its own accord at 2023-10-03T20:43:52Z.
...
