000 (15150655.174.000) 09/28 15:00:14 Job submitted from host: <188.184.90.241:9618?addrs=188.184.90.241-9618+[2001-1458-201-e4--100-2eb]-9618&alias=bigbird15.cern.ch&noUDP&sock=schedd_2763_c443>
...
040 (15150655.174.000) 09/28 15:05:33 Started transferring input files
	Transferring to host: <188.184.163.143:9618?addrs=188.184.163.143-9618+[2001-1458-301-4d--100-89]-9618&alias=b7s12p5563.cern.ch&noUDP&sock=slot1_22_238228_ed51_4861>
...
040 (15150655.174.000) 09/28 15:05:33 Finished transferring input files
...
001 (15150655.174.000) 09/28 15:05:34 Job executing on host: <188.184.163.143:9618?addrs=188.184.163.143-9618+[2001-1458-301-4d--100-89]-9618&alias=b7s12p5563.cern.ch&noUDP&sock=startd_2917_65d9>
...
006 (15150655.174.000) 09/28 15:05:36 Image size of job updated: 81332
	0  -  MemoryUsage of job (MB)
	0  -  ResidentSetSize of job (KB)
...
040 (15150655.174.000) 09/28 15:05:36 Started transferring output files
...
040 (15150655.174.000) 09/28 15:05:36 Finished transferring output files
...
005 (15150655.174.000) 09/28 15:05:36 Job terminated.
	(1) Normal termination (return value 0)
		Usr 0 00:00:01, Sys 0 00:00:00  -  Run Remote Usage
		Usr 0 00:00:00, Sys 0 00:00:00  -  Run Local Usage
		Usr 0 00:00:01, Sys 0 00:00:00  -  Total Remote Usage
		Usr 0 00:00:00, Sys 0 00:00:00  -  Total Local Usage
	7837  -  Run Bytes Sent By Job
	374  -  Run Bytes Received By Job
	7837  -  Total Bytes Sent By Job
	374  -  Total Bytes Received By Job
	Partitionable Resources :    Usage  Request Allocated 
	   Cpus                 :                 1         1 
	   Disk (KB)            :       22        1   2841058 
	   Memory (MB)          :        0     2000      2000 

	Job terminated of its own accord at 2023-09-28T13:05:36Z.
...
