000 (15150655.158.000) 09/28 15:00:14 Job submitted from host: <188.184.90.241:9618?addrs=188.184.90.241-9618+[2001-1458-201-e4--100-2eb]-9618&alias=bigbird15.cern.ch&noUDP&sock=schedd_2763_c443>
...
040 (15150655.158.000) 09/28 15:05:14 Started transferring input files
	Transferring to host: <188.184.163.170:9618?addrs=188.184.163.170-9618&alias=b7s12p6642.cern.ch&noUDP&sock=slot1_18_4213_3084_148>
...
040 (15150655.158.000) 09/28 15:05:14 Finished transferring input files
...
001 (15150655.158.000) 09/28 15:05:15 Job executing on host: <188.184.163.170:9618?addrs=188.184.163.170-9618&alias=b7s12p6642.cern.ch&noUDP&sock=startd_4159_4e79>
...
006 (15150655.158.000) 09/28 15:05:18 Image size of job updated: 804424
	0  -  MemoryUsage of job (MB)
	0  -  ResidentSetSize of job (KB)
...
040 (15150655.158.000) 09/28 15:05:18 Started transferring output files
...
040 (15150655.158.000) 09/28 15:05:18 Finished transferring output files
...
005 (15150655.158.000) 09/28 15:05:18 Job terminated.
	(1) Normal termination (return value 0)
		Usr 0 00:00:02, Sys 0 00:00:00  -  Run Remote Usage
		Usr 0 00:00:00, Sys 0 00:00:00  -  Run Local Usage
		Usr 0 00:00:02, Sys 0 00:00:00  -  Total Remote Usage
		Usr 0 00:00:00, Sys 0 00:00:00  -  Total Local Usage
	7680  -  Run Bytes Sent By Job
	374  -  Run Bytes Received By Job
	7680  -  Total Bytes Sent By Job
	374  -  Total Bytes Received By Job
	Partitionable Resources :    Usage  Request Allocated 
	   Cpus                 :                 1         1 
	   Disk (KB)            :       22        1   2984711 
	   Memory (MB)          :        0     2000      2000 

	Job terminated of its own accord at 2023-09-28T13:05:18Z.
...
