000 (14832095.186.000) 06/12 15:17:58 Job submitted from host: <188.184.90.241:9618?addrs=188.184.90.241-9618+[2001-1458-201-e4--100-2eb]-9618&alias=bigbird15.cern.ch&noUDP&sock=schedd_1460210_2ef4>
...
040 (14832095.186.000) 06/12 15:20:42 Started transferring input files
	Transferring to host: <128.142.137.129:9618?addrs=128.142.137.129-9618+[2001-1458-301-5e--100-75]-9618&alias=b7g19p4949.cern.ch&noUDP&sock=slot1_29_4154_9e62_18007>
...
040 (14832095.186.000) 06/12 15:20:42 Finished transferring input files
...
001 (14832095.186.000) 06/12 15:20:43 Job executing on host: <128.142.137.129:9618?addrs=128.142.137.129-9618+[2001-1458-301-5e--100-75]-9618&alias=b7g19p4949.cern.ch&noUDP&sock=startd_3067_490e>
...
006 (14832095.186.000) 06/12 15:20:52 Image size of job updated: 554228
	47  -  MemoryUsage of job (MB)
	47776  -  ResidentSetSize of job (KB)
...
006 (14832095.186.000) 06/12 15:25:53 Image size of job updated: 1538496
	937  -  MemoryUsage of job (MB)
	959388  -  ResidentSetSize of job (KB)
...
006 (14832095.186.000) 06/12 15:30:53 Image size of job updated: 2187636
	1616  -  MemoryUsage of job (MB)
	1654192  -  ResidentSetSize of job (KB)
...
006 (14832095.186.000) 06/12 15:35:53 Image size of job updated: 2187636
	1616  -  MemoryUsage of job (MB)
	1654692  -  ResidentSetSize of job (KB)
...
006 (14832095.186.000) 06/12 15:45:55 Image size of job updated: 4042540
	1616  -  MemoryUsage of job (MB)
	1654692  -  ResidentSetSize of job (KB)
...
006 (14832095.186.000) 06/12 15:50:55 Image size of job updated: 4042544
	1616  -  MemoryUsage of job (MB)
	1654692  -  ResidentSetSize of job (KB)
...
006 (14832095.186.000) 06/12 15:55:56 Image size of job updated: 4091332
	1616  -  MemoryUsage of job (MB)
	1654692  -  ResidentSetSize of job (KB)
...
006 (14832095.186.000) 06/12 16:00:57 Image size of job updated: 4325528
	1616  -  MemoryUsage of job (MB)
	1654692  -  ResidentSetSize of job (KB)
...
006 (14832095.186.000) 06/12 16:05:57 Image size of job updated: 4332824
	1616  -  MemoryUsage of job (MB)
	1654692  -  ResidentSetSize of job (KB)
...
006 (14832095.186.000) 06/12 16:10:58 Image size of job updated: 4389008
	1616  -  MemoryUsage of job (MB)
	1654692  -  ResidentSetSize of job (KB)
...
006 (14832095.186.000) 06/12 16:15:59 Image size of job updated: 4406252
	1616  -  MemoryUsage of job (MB)
	1654692  -  ResidentSetSize of job (KB)
...
006 (14832095.186.000) 06/12 16:18:52 Image size of job updated: 4418448
	1616  -  MemoryUsage of job (MB)
	1654692  -  ResidentSetSize of job (KB)
...
040 (14832095.186.000) 06/12 16:18:52 Started transferring output files
...
040 (14832095.186.000) 06/12 16:18:52 Finished transferring output files
...
005 (14832095.186.000) 06/12 16:18:52 Job terminated.
	(1) Normal termination (return value 0)
		Usr 0 00:15:20, Sys 0 00:00:59  -  Run Remote Usage
		Usr 0 00:00:00, Sys 0 00:00:00  -  Run Local Usage
		Usr 0 00:15:20, Sys 0 00:00:59  -  Total Remote Usage
		Usr 0 00:00:00, Sys 0 00:00:00  -  Total Local Usage
	135042  -  Run Bytes Sent By Job
	323  -  Run Bytes Received By Job
	135042  -  Total Bytes Sent By Job
	323  -  Total Bytes Received By Job
	Partitionable Resources :    Usage  Request Allocated 
	   Cpus                 :        0        1         1 
	   Disk (KB)            :      153        1   1689965 
	   Memory (MB)          :     1616     2000      2000 

	Job terminated of its own accord at 2023-06-12T14:18:52Z.
...
