000 (15149098.056.000) 09/27 08:23:39 Job submitted from host: <188.184.90.241:9618?addrs=188.184.90.241-9618+[2001-1458-201-e4--100-2eb]-9618&alias=bigbird15.cern.ch&noUDP&sock=schedd_2763_c443>
...
040 (15149098.056.000) 09/27 08:40:30 Started transferring input files
	Transferring to host: <188.184.163.176:9618?addrs=188.184.163.176-9618+[2001-1458-301-4d--100-aa]-9618&alias=b7s12p0359.cern.ch&noUDP&sock=slot1_11_47340_0ffe_2598>
...
040 (15149098.056.000) 09/27 08:40:30 Finished transferring input files
...
001 (15149098.056.000) 09/27 08:40:31 Job executing on host: <188.184.163.176:9618?addrs=188.184.163.176-9618+[2001-1458-301-4d--100-aa]-9618&alias=b7s12p0359.cern.ch&noUDP&sock=startd_40016_39e0>
...
006 (15149098.056.000) 09/27 08:40:39 Image size of job updated: 676132
	51  -  MemoryUsage of job (MB)
	51984  -  ResidentSetSize of job (KB)
...
006 (15149098.056.000) 09/27 08:45:39 Image size of job updated: 2658620
	149  -  MemoryUsage of job (MB)
	151880  -  ResidentSetSize of job (KB)
...
006 (15149098.056.000) 09/27 08:49:20 Image size of job updated: 2850908
	149  -  MemoryUsage of job (MB)
	151880  -  ResidentSetSize of job (KB)
...
040 (15149098.056.000) 09/27 08:49:20 Started transferring output files
...
040 (15149098.056.000) 09/27 08:49:20 Finished transferring output files
...
005 (15149098.056.000) 09/27 08:49:20 Job terminated.
	(1) Normal termination (return value 0)
		Usr 0 00:04:05, Sys 0 00:00:14  -  Run Remote Usage
		Usr 0 00:00:00, Sys 0 00:00:00  -  Run Local Usage
		Usr 0 00:04:05, Sys 0 00:00:14  -  Total Remote Usage
		Usr 0 00:00:00, Sys 0 00:00:00  -  Total Local Usage
	53477  -  Run Bytes Sent By Job
	323  -  Run Bytes Received By Job
	53477  -  Total Bytes Sent By Job
	323  -  Total Bytes Received By Job
	Partitionable Resources :    Usage  Request Allocated 
	   Cpus                 :     0.86        1         1 
	   Disk (KB)            :    73           1   3041855 
	   Memory (MB)          :   149        2000      2000 

	Job terminated of its own accord at 2023-09-27T06:49:20Z.
...
