000 (14832095.071.000) 06/12 15:17:57 Job submitted from host: <188.184.90.241:9618?addrs=188.184.90.241-9618+[2001-1458-201-e4--100-2eb]-9618&alias=bigbird15.cern.ch&noUDP&sock=schedd_1460210_2ef4>
...
040 (14832095.071.000) 06/12 15:19:58 Started transferring input files
	Transferring to host: <188.184.163.145:9618?addrs=188.184.163.145-9618&alias=b7s12p3939.cern.ch&noUDP&sock=slot1_15_3362_9542_116031>
...
040 (14832095.071.000) 06/12 15:19:58 Finished transferring input files
...
001 (14832095.071.000) 06/12 15:19:59 Job executing on host: <188.184.163.145:9618?addrs=188.184.163.145-9618&alias=b7s12p3939.cern.ch&noUDP&sock=startd_2924_3303>
...
006 (14832095.071.000) 06/12 15:20:08 Image size of job updated: 48228
	47  -  MemoryUsage of job (MB)
	47692  -  ResidentSetSize of job (KB)
...
006 (14832095.071.000) 06/12 15:25:09 Image size of job updated: 1521472
	911  -  MemoryUsage of job (MB)
	931972  -  ResidentSetSize of job (KB)
...
006 (14832095.071.000) 06/12 15:30:09 Image size of job updated: 1821528
	1228  -  MemoryUsage of job (MB)
	1257040  -  ResidentSetSize of job (KB)
...
006 (14832095.071.000) 06/12 15:45:11 Image size of job updated: 4039636
	1228  -  MemoryUsage of job (MB)
	1257040  -  ResidentSetSize of job (KB)
...
006 (14832095.071.000) 06/12 15:50:11 Image size of job updated: 4091464
	1228  -  MemoryUsage of job (MB)
	1257040  -  ResidentSetSize of job (KB)
...
006 (14832095.071.000) 06/12 15:55:12 Image size of job updated: 4325576
	1228  -  MemoryUsage of job (MB)
	1257040  -  ResidentSetSize of job (KB)
...
006 (14832095.071.000) 06/12 16:00:13 Image size of job updated: 4333808
	1228  -  MemoryUsage of job (MB)
	1257040  -  ResidentSetSize of job (KB)
...
006 (14832095.071.000) 06/12 16:05:13 Image size of job updated: 4392308
	1228  -  MemoryUsage of job (MB)
	1257040  -  ResidentSetSize of job (KB)
...
006 (14832095.071.000) 06/12 16:09:45 Image size of job updated: 4415628
	1228  -  MemoryUsage of job (MB)
	1257040  -  ResidentSetSize of job (KB)
...
040 (14832095.071.000) 06/12 16:09:45 Started transferring output files
...
040 (14832095.071.000) 06/12 16:09:45 Finished transferring output files
...
005 (14832095.071.000) 06/12 16:09:45 Job terminated.
	(1) Normal termination (return value 0)
		Usr 0 00:13:01, Sys 0 00:00:46  -  Run Remote Usage
		Usr 0 00:00:00, Sys 0 00:00:00  -  Run Local Usage
		Usr 0 00:13:01, Sys 0 00:00:46  -  Total Remote Usage
		Usr 0 00:00:00, Sys 0 00:00:00  -  Total Local Usage
	117141  -  Run Bytes Sent By Job
	323  -  Run Bytes Received By Job
	117141  -  Total Bytes Sent By Job
	323  -  Total Bytes Received By Job
	Partitionable Resources :    Usage  Request Allocated 
	   Cpus                 :     0.11        1         1 
	   Disk (KB)            :   135           1   2964339 
	   Memory (MB)          :  1228        2000      2000 

	Job terminated of its own accord at 2023-06-12T14:09:45Z.
...
