000 (15149098.005.000) 09/27 08:23:39 Job submitted from host: <188.184.90.241:9618?addrs=188.184.90.241-9618+[2001-1458-201-e4--100-2eb]-9618&alias=bigbird15.cern.ch&noUDP&sock=schedd_2763_c443>
...
040 (15149098.005.000) 09/27 08:33:37 Started transferring input files
	Transferring to host: <188.184.162.105:9618?addrs=188.184.162.105-9618+[2001-1458-301-4a--100-63]-9618&alias=b7s11p8419.cern.ch&noUDP&sock=slot1_24_164513_0a7b_56947>
...
040 (15149098.005.000) 09/27 08:33:37 Finished transferring input files
...
001 (15149098.005.000) 09/27 08:33:38 Job executing on host: <188.184.162.105:9618?addrs=188.184.162.105-9618+[2001-1458-301-4a--100-63]-9618&alias=b7s11p8419.cern.ch&noUDP&sock=startd_164475_bf7f>
...
006 (15149098.005.000) 09/27 08:33:48 Image size of job updated: 671796
	51  -  MemoryUsage of job (MB)
	51400  -  ResidentSetSize of job (KB)
...
006 (15149098.005.000) 09/27 08:33:59 Image size of job updated: 1371016
	51  -  MemoryUsage of job (MB)
	51400  -  ResidentSetSize of job (KB)
...
040 (15149098.005.000) 09/27 08:33:59 Started transferring output files
...
040 (15149098.005.000) 09/27 08:33:59 Finished transferring output files
...
005 (15149098.005.000) 09/27 08:33:59 Job terminated.
	(1) Normal termination (return value 0)
		Usr 0 00:00:04, Sys 0 00:00:02  -  Run Remote Usage
		Usr 0 00:00:00, Sys 0 00:00:00  -  Run Local Usage
		Usr 0 00:00:04, Sys 0 00:00:02  -  Total Remote Usage
		Usr 0 00:00:00, Sys 0 00:00:00  -  Total Local Usage
	24469  -  Run Bytes Sent By Job
	323  -  Run Bytes Received By Job
	24469  -  Total Bytes Sent By Job
	323  -  Total Bytes Received By Job
	Partitionable Resources :    Usage  Request Allocated 
	   Cpus                 :                 1         1 
	   Disk (KB)            :       38        1   3141663 
	   Memory (MB)          :       51     2000      2000 

	Job terminated of its own accord at 2023-09-27T06:33:59Z.
...
