000 (15148189.015.000) 09/26 21:00:55 Job submitted from host: <188.184.90.241:9618?addrs=188.184.90.241-9618+[2001-1458-201-e4--100-2eb]-9618&alias=bigbird15.cern.ch&noUDP&sock=schedd_2763_c443>
...
040 (15148189.015.000) 09/26 21:11:22 Started transferring input files
	Transferring to host: <128.142.56.59:9618?addrs=128.142.56.59-9618+[2001-1458-301-6--100-3a]-9618&alias=b7s01p6579.cern.ch&noUDP&sock=slot1_16_3848_0396_181926>
...
040 (15148189.015.000) 09/26 21:11:22 Finished transferring input files
...
001 (15148189.015.000) 09/26 21:11:23 Job executing on host: <128.142.56.59:9618?addrs=128.142.56.59-9618+[2001-1458-301-6--100-3a]-9618&alias=b7s01p6579.cern.ch&noUDP&sock=startd_3158_b42c>
...
006 (15148189.015.000) 09/26 21:11:32 Image size of job updated: 54632
	53  -  MemoryUsage of job (MB)
	54076  -  ResidentSetSize of job (KB)
...
006 (15148189.015.000) 09/26 21:16:33 Image size of job updated: 1070316
	520  -  MemoryUsage of job (MB)
	532060  -  ResidentSetSize of job (KB)
...
006 (15148189.015.000) 09/26 21:21:34 Image size of job updated: 3587656
	520  -  MemoryUsage of job (MB)
	532060  -  ResidentSetSize of job (KB)
...
006 (15148189.015.000) 09/26 21:26:34 Image size of job updated: 3588748
	520  -  MemoryUsage of job (MB)
	532060  -  ResidentSetSize of job (KB)
...
006 (15148189.015.000) 09/26 21:31:35 Image size of job updated: 3633564
	520  -  MemoryUsage of job (MB)
	532060  -  ResidentSetSize of job (KB)
...
006 (15148189.015.000) 09/26 21:36:36 Image size of job updated: 3846492
	520  -  MemoryUsage of job (MB)
	532060  -  ResidentSetSize of job (KB)
...
006 (15148189.015.000) 09/26 21:41:17 Image size of job updated: 3915212
	520  -  MemoryUsage of job (MB)
	532060  -  ResidentSetSize of job (KB)
...
040 (15148189.015.000) 09/26 21:41:17 Started transferring output files
...
040 (15148189.015.000) 09/26 21:41:17 Finished transferring output files
...
005 (15148189.015.000) 09/26 21:41:17 Job terminated.
	(1) Normal termination (return value 0)
		Usr 0 00:06:13, Sys 0 00:00:12  -  Run Remote Usage
		Usr 0 00:00:00, Sys 0 00:00:00  -  Run Local Usage
		Usr 0 00:06:13, Sys 0 00:00:12  -  Total Remote Usage
		Usr 0 00:00:00, Sys 0 00:00:00  -  Total Local Usage
	77949  -  Run Bytes Sent By Job
	323  -  Run Bytes Received By Job
	77949  -  Total Bytes Sent By Job
	323  -  Total Bytes Received By Job
	Partitionable Resources :    Usage  Request Allocated 
	   Cpus                 :     0.24        1         1 
	   Disk (KB)            :    98           1   1262775 
	   Memory (MB)          :   520        2000      2000 

	Job terminated of its own accord at 2023-09-26T19:41:17Z.
...
