000 (15148591.025.000) 09/26 23:15:32 Job submitted from host: <188.184.90.241:9618?addrs=188.184.90.241-9618+[2001-1458-201-e4--100-2eb]-9618&alias=bigbird15.cern.ch&noUDP&sock=schedd_2763_c443>
...
040 (15148591.025.000) 09/26 23:30:26 Started transferring input files
	Transferring to host: <188.184.162.87:9618?addrs=188.184.162.87-9618+[2001-1458-301-4a--100-51]-9618&alias=b7s11p3418.cern.ch&noUDP&sock=slot1_16_122451_8e8d_117141>
...
040 (15148591.025.000) 09/26 23:30:26 Finished transferring input files
...
001 (15148591.025.000) 09/26 23:30:27 Job executing on host: <188.184.162.87:9618?addrs=188.184.162.87-9618+[2001-1458-301-4a--100-51]-9618&alias=b7s11p3418.cern.ch&noUDP&sock=startd_122412_0757>
...
006 (15148591.025.000) 09/26 23:30:36 Image size of job updated: 538216
	58  -  MemoryUsage of job (MB)
	59016  -  ResidentSetSize of job (KB)
...
006 (15148591.025.000) 09/26 23:35:37 Image size of job updated: 1023508
	484  -  MemoryUsage of job (MB)
	495440  -  ResidentSetSize of job (KB)
...
006 (15148591.025.000) 09/26 23:40:37 Image size of job updated: 1363964
	771  -  MemoryUsage of job (MB)
	788580  -  ResidentSetSize of job (KB)
...
006 (15148591.025.000) 09/26 23:45:37 Image size of job updated: 1697148
	1155  -  MemoryUsage of job (MB)
	1182672  -  ResidentSetSize of job (KB)
...
006 (15148591.025.000) 09/26 23:50:38 Image size of job updated: 1714568
	1155  -  MemoryUsage of job (MB)
	1182672  -  ResidentSetSize of job (KB)
...
006 (15148591.025.000) 09/26 23:55:39 Image size of job updated: 1739644
	1155  -  MemoryUsage of job (MB)
	1182672  -  ResidentSetSize of job (KB)
...
006 (15148591.025.000) 09/27 00:00:39 Image size of job updated: 4151300
	1155  -  MemoryUsage of job (MB)
	1182672  -  ResidentSetSize of job (KB)
...
006 (15148591.025.000) 09/27 00:05:40 Image size of job updated: 4429120
	1155  -  MemoryUsage of job (MB)
	1182672  -  ResidentSetSize of job (KB)
...
006 (15148591.025.000) 09/27 00:10:41 Image size of job updated: 4472616
	1155  -  MemoryUsage of job (MB)
	1182672  -  ResidentSetSize of job (KB)
...
006 (15148591.025.000) 09/27 00:15:41 Image size of job updated: 4515124
	1155  -  MemoryUsage of job (MB)
	1182672  -  ResidentSetSize of job (KB)
...
006 (15148591.025.000) 09/27 00:16:51 Image size of job updated: 4523732
	1155  -  MemoryUsage of job (MB)
	1182672  -  ResidentSetSize of job (KB)
...
040 (15148591.025.000) 09/27 00:16:51 Started transferring output files
...
040 (15148591.025.000) 09/27 00:16:51 Finished transferring output files
...
005 (15148591.025.000) 09/27 00:16:51 Job terminated.
	(1) Normal termination (return value 0)
		Usr 0 00:26:37, Sys 0 00:00:48  -  Run Remote Usage
		Usr 0 00:00:00, Sys 0 00:00:00  -  Run Local Usage
		Usr 0 00:26:37, Sys 0 00:00:48  -  Total Remote Usage
		Usr 0 00:00:00, Sys 0 00:00:00  -  Total Local Usage
	112689  -  Run Bytes Sent By Job
	323  -  Run Bytes Received By Job
	112689  -  Total Bytes Sent By Job
	323  -  Total Bytes Received By Job
	Partitionable Resources :    Usage  Request Allocated 
	   Cpus                 :     0.99        1         1 
	   Disk (KB)            :   132           1   2783273 
	   Memory (MB)          :  1155        2000      2000 

	Job terminated of its own accord at 2023-09-26T22:16:51Z.
...
