000 (15148591.082.000) 09/26 23:15:32 Job submitted from host: <188.184.90.241:9618?addrs=188.184.90.241-9618+[2001-1458-201-e4--100-2eb]-9618&alias=bigbird15.cern.ch&noUDP&sock=schedd_2763_c443>
...
040 (15148591.082.000) 09/26 23:30:45 Started transferring input files
	Transferring to host: <128.142.137.94:9618?addrs=128.142.137.94-9618+[2001-1458-301-5e--100-52]-9618&alias=b7g19p9196.cern.ch&noUDP&sock=slot1_19_5254_ab0f_178479>
...
040 (15148591.082.000) 09/26 23:30:45 Finished transferring input files
...
001 (15148591.082.000) 09/26 23:30:46 Job executing on host: <128.142.137.94:9618?addrs=128.142.137.94-9618+[2001-1458-301-5e--100-52]-9618&alias=b7g19p9196.cern.ch&noUDP&sock=startd_4594_ae2c>
...
006 (15148591.082.000) 09/26 23:30:55 Image size of job updated: 63400
	62  -  MemoryUsage of job (MB)
	63400  -  ResidentSetSize of job (KB)
...
006 (15148591.082.000) 09/26 23:35:56 Image size of job updated: 962736
	466  -  MemoryUsage of job (MB)
	476600  -  ResidentSetSize of job (KB)
...
006 (15148591.082.000) 09/26 23:40:56 Image size of job updated: 1214204
	466  -  MemoryUsage of job (MB)
	476600  -  ResidentSetSize of job (KB)
...
006 (15148591.082.000) 09/26 23:45:56 Image size of job updated: 3107316
	466  -  MemoryUsage of job (MB)
	476600  -  ResidentSetSize of job (KB)
...
006 (15148591.082.000) 09/26 23:50:58 Image size of job updated: 3306580
	466  -  MemoryUsage of job (MB)
	476600  -  ResidentSetSize of job (KB)
...
006 (15148591.082.000) 09/26 23:55:58 Image size of job updated: 3337792
	466  -  MemoryUsage of job (MB)
	476600  -  ResidentSetSize of job (KB)
...
006 (15148591.082.000) 09/27 00:00:58 Image size of job updated: 3370212
	466  -  MemoryUsage of job (MB)
	476600  -  ResidentSetSize of job (KB)
...
006 (15148591.082.000) 09/27 00:02:11 Image size of job updated: 3374672
	466  -  MemoryUsage of job (MB)
	476600  -  ResidentSetSize of job (KB)
...
040 (15148591.082.000) 09/27 00:02:11 Started transferring output files
...
040 (15148591.082.000) 09/27 00:02:11 Finished transferring output files
...
005 (15148591.082.000) 09/27 00:02:11 Job terminated.
	(1) Normal termination (return value 0)
		Usr 0 00:12:16, Sys 0 00:00:19  -  Run Remote Usage
		Usr 0 00:00:00, Sys 0 00:00:00  -  Run Local Usage
		Usr 0 00:12:16, Sys 0 00:00:19  -  Total Remote Usage
		Usr 0 00:00:00, Sys 0 00:00:00  -  Total Local Usage
	73765  -  Run Bytes Sent By Job
	323  -  Run Bytes Received By Job
	73765  -  Total Bytes Sent By Job
	323  -  Total Bytes Received By Job
	Partitionable Resources :    Usage  Request Allocated 
	   Cpus                 :     0.13        1         1 
	   Disk (KB)            :    93           1   1589736 
	   Memory (MB)          :   466        2000      2000 

	Job terminated of its own accord at 2023-09-26T22:02:11Z.
...
