000 (14857949.025.000) 06/22 15:24:33 Job submitted from host: <188.184.90.241:9618?addrs=188.184.90.241-9618+[2001-1458-201-e4--100-2eb]-9618&alias=bigbird15.cern.ch&noUDP&sock=schedd_1460210_2ef4>
...
040 (14857949.025.000) 06/22 15:34:26 Started transferring input files
	Transferring to host: <128.142.61.30:9618?addrs=128.142.61.30-9618+[2001-1458-301-23--100-1d]-9618&alias=b7s06p1081.cern.ch&noUDP&sock=slot1_12_11190_1e00_76466>
...
040 (14857949.025.000) 06/22 15:34:26 Finished transferring input files
...
001 (14857949.025.000) 06/22 15:34:27 Job executing on host: <128.142.61.30:9618?addrs=128.142.61.30-9618+[2001-1458-301-23--100-1d]-9618&alias=b7s06p1081.cern.ch&noUDP&sock=startd_10925_3843>
...
006 (14857949.025.000) 06/22 15:34:36 Image size of job updated: 48132
	47  -  MemoryUsage of job (MB)
	47692  -  ResidentSetSize of job (KB)
...
006 (14857949.025.000) 06/22 15:39:37 Image size of job updated: 1771352
	1205  -  MemoryUsage of job (MB)
	1233332  -  ResidentSetSize of job (KB)
...
006 (14857949.025.000) 06/22 15:49:38 Image size of job updated: 4311148
	1205  -  MemoryUsage of job (MB)
	1233332  -  ResidentSetSize of job (KB)
...
006 (14857949.025.000) 06/22 15:54:38 Image size of job updated: 4403152
	1205  -  MemoryUsage of job (MB)
	1233332  -  ResidentSetSize of job (KB)
...
040 (14857949.025.000) 06/22 15:54:41 Started transferring output files
...
040 (14857949.025.000) 06/22 15:54:41 Finished transferring output files
...
005 (14857949.025.000) 06/22 15:54:41 Job terminated.
	(1) Normal termination (return value 0)
		Usr 0 00:08:03, Sys 0 00:00:29  -  Run Remote Usage
		Usr 0 00:00:00, Sys 0 00:00:00  -  Run Local Usage
		Usr 0 00:08:03, Sys 0 00:00:29  -  Total Remote Usage
		Usr 0 00:00:00, Sys 0 00:00:00  -  Total Local Usage
	116047  -  Run Bytes Sent By Job
	323  -  Run Bytes Received By Job
	116047  -  Total Bytes Sent By Job
	323  -  Total Bytes Received By Job
	Partitionable Resources :    Usage  Request Allocated 
	   Cpus                 :     0.16        1         1 
	   Disk (KB)            :   135           1   1277010 
	   Memory (MB)          :  1205        2000      2000 

	Job terminated of its own accord at 2023-06-22T13:54:40Z.
...
