000 (15149098.027.000) 09/27 08:23:39 Job submitted from host: <188.184.90.241:9618?addrs=188.184.90.241-9618+[2001-1458-201-e4--100-2eb]-9618&alias=bigbird15.cern.ch&noUDP&sock=schedd_2763_c443>
...
040 (15149098.027.000) 09/27 08:40:25 Started transferring input files
	Transferring to host: <188.184.162.193:9618?addrs=188.184.162.193-9618&alias=b7s11p7899.cern.ch&noUDP&sock=slot1_18_101440_6816_169698>
...
040 (15149098.027.000) 09/27 08:40:25 Finished transferring input files
...
001 (15149098.027.000) 09/27 08:40:26 Job executing on host: <188.184.162.193:9618?addrs=188.184.162.193-9618&alias=b7s11p7899.cern.ch&noUDP&sock=startd_2924_3303>
...
006 (15149098.027.000) 09/27 08:40:34 Image size of job updated: 124028
	54  -  MemoryUsage of job (MB)
	55200  -  ResidentSetSize of job (KB)
...
006 (15149098.027.000) 09/27 08:46:05 Image size of job updated: 3516704
	132  -  MemoryUsage of job (MB)
	134208  -  ResidentSetSize of job (KB)
...
006 (15149098.027.000) 09/27 08:50:35 Image size of job updated: 3756848
	367  -  MemoryUsage of job (MB)
	374932  -  ResidentSetSize of job (KB)
...
006 (15149098.027.000) 09/27 08:54:47 Image size of job updated: 3826880
	367  -  MemoryUsage of job (MB)
	374932  -  ResidentSetSize of job (KB)
...
040 (15149098.027.000) 09/27 08:54:47 Started transferring output files
...
040 (15149098.027.000) 09/27 08:54:47 Finished transferring output files
...
005 (15149098.027.000) 09/27 08:54:47 Job terminated.
	(1) Normal termination (return value 0)
		Usr 0 00:04:49, Sys 0 00:00:12  -  Run Remote Usage
		Usr 0 00:00:00, Sys 0 00:00:00  -  Run Local Usage
		Usr 0 00:04:49, Sys 0 00:00:12  -  Total Remote Usage
		Usr 0 00:00:00, Sys 0 00:00:00  -  Total Local Usage
	73165  -  Run Bytes Sent By Job
	323  -  Run Bytes Received By Job
	73165  -  Total Bytes Sent By Job
	323  -  Total Bytes Received By Job
	Partitionable Resources :    Usage  Request Allocated 
	   Cpus                 :     0.63        1         1 
	   Disk (KB)            :    92           1   3056139 
	   Memory (MB)          :   367        2000      2000 

	Job terminated of its own accord at 2023-09-27T06:54:47Z.
...
