000 (15149098.094.000) 09/27 08:23:39 Job submitted from host: <188.184.90.241:9618?addrs=188.184.90.241-9618+[2001-1458-201-e4--100-2eb]-9618&alias=bigbird15.cern.ch&noUDP&sock=schedd_2763_c443>
...
040 (15149098.094.000) 09/27 08:40:40 Started transferring input files
	Transferring to host: <128.142.248.23:9618?addrs=128.142.248.23-9618+[2001-1458-301-73--100-107]-9618&alias=b7g23p4077.cern.ch&noUDP&sock=slot1_23_223174_05ac_34711>
...
040 (15149098.094.000) 09/27 08:40:40 Finished transferring input files
...
001 (15149098.094.000) 09/27 08:40:41 Job executing on host: <128.142.248.23:9618?addrs=128.142.248.23-9618+[2001-1458-301-73--100-107]-9618&alias=b7g23p4077.cern.ch&noUDP&sock=startd_218394_b27e>
...
006 (15149098.094.000) 09/27 08:40:43 Image size of job updated: 1
	0  -  MemoryUsage of job (MB)
	0  -  ResidentSetSize of job (KB)
...
040 (15149098.094.000) 09/27 08:40:43 Started transferring output files
...
040 (15149098.094.000) 09/27 08:40:43 Finished transferring output files
...
005 (15149098.094.000) 09/27 08:40:43 Job terminated.
	(1) Normal termination (return value 0)
		Usr 0 00:00:01, Sys 0 00:00:01  -  Run Remote Usage
		Usr 0 00:00:00, Sys 0 00:00:00  -  Run Local Usage
		Usr 0 00:00:01, Sys 0 00:00:01  -  Total Remote Usage
		Usr 0 00:00:00, Sys 0 00:00:00  -  Total Local Usage
	22164  -  Run Bytes Sent By Job
	323  -  Run Bytes Received By Job
	22164  -  Total Bytes Sent By Job
	323  -  Total Bytes Received By Job
	Partitionable Resources :    Usage  Request Allocated 
	   Cpus                 :                 1         1 
	   Disk (KB)            :       35        1   2963510 
	   Memory (MB)          :        0     2000      2000 

	Job terminated of its own accord at 2023-09-27T06:40:43Z.
...
