000 (15271413.020.000) 12/18 14:02:22 Job submitted from host: <188.184.90.241:9618?addrs=188.184.90.241-9618+[2001-1458-201-e4--100-2eb]-9618&alias=bigbird15.cern.ch&noUDP&sock=schedd_2763_c443>
...
040 (15271413.020.000) 12/18 14:05:56 Started transferring input files
	Transferring to host: <188.184.164.149:9618?addrs=188.184.164.149-9618+[2001-1458-301-4e--100-8f]-9618&alias=b9s13p8100.cern.ch&noUDP&sock=slot1_14_6448_f2ff_9728>
...
040 (15271413.020.000) 12/18 14:05:56 Finished transferring input files
...
001 (15271413.020.000) 12/18 14:05:57 Job executing on host: <188.184.164.149:9618?addrs=188.184.164.149-9618+[2001-1458-301-4e--100-8f]-9618&alias=b9s13p8100.cern.ch&noUDP&sock=startd_5755_07a0>
...
006 (15271413.020.000) 12/18 14:06:05 Image size of job updated: 481392
	462  -  MemoryUsage of job (MB)
	472404  -  ResidentSetSize of job (KB)
...
006 (15271413.020.000) 12/18 14:11:05 Image size of job updated: 794792
	776  -  MemoryUsage of job (MB)
	793732  -  ResidentSetSize of job (KB)
...
006 (15271413.020.000) 12/18 14:16:06 Image size of job updated: 1083468
	1056  -  MemoryUsage of job (MB)
	1080912  -  ResidentSetSize of job (KB)
...
006 (15271413.020.000) 12/18 14:21:07 Image size of job updated: 3758640
	3669  -  MemoryUsage of job (MB)
	3756292  -  ResidentSetSize of job (KB)
...
006 (15271413.020.000) 12/18 14:23:29 Image size of job updated: 3822244
	3669  -  MemoryUsage of job (MB)
	3756292  -  ResidentSetSize of job (KB)
...
040 (15271413.020.000) 12/18 14:23:29 Started transferring output files
...
040 (15271413.020.000) 12/18 14:23:29 Finished transferring output files
...
005 (15271413.020.000) 12/18 14:23:29 Job terminated.
	(1) Normal termination (return value 0)
		Usr 0 00:14:56, Sys 0 00:00:10  -  Run Remote Usage
		Usr 0 00:00:00, Sys 0 00:00:00  -  Run Local Usage
		Usr 0 00:14:56, Sys 0 00:00:10  -  Total Remote Usage
		Usr 0 00:00:00, Sys 0 00:00:00  -  Total Local Usage
	225458  -  Run Bytes Sent By Job
	269  -  Run Bytes Received By Job
	225458  -  Total Bytes Sent By Job
	269  -  Total Bytes Received By Job
	Partitionable Resources :    Usage  Request Allocated 
	   Cpus                 :     0.93        1         1 
	   Disk (KB)            :   264           1   2938940 
	   Memory (MB)          :  3669        2000      2000 

	Job terminated of its own accord at 2023-12-18T13:23:29Z.
...
