000 (15271413.130.000) 12/18 14:02:23 Job submitted from host: <188.184.90.241:9618?addrs=188.184.90.241-9618+[2001-1458-201-e4--100-2eb]-9618&alias=bigbird15.cern.ch&noUDP&sock=schedd_2763_c443>
...
040 (15271413.130.000) 12/18 14:06:33 Started transferring input files
	Transferring to host: <128.142.60.152:9618?addrs=128.142.60.152-9618+[2001-1458-301-22--100-97]-9618&alias=b9s05p8890.cern.ch&noUDP&sock=slot1_5_126439_76af_6161>
...
040 (15271413.130.000) 12/18 14:06:33 Finished transferring input files
...
001 (15271413.130.000) 12/18 14:06:34 Job executing on host: <128.142.60.152:9618?addrs=128.142.60.152-9618+[2001-1458-301-22--100-97]-9618&alias=b9s05p8890.cern.ch&noUDP&sock=startd_113445_699b>
...
006 (15271413.130.000) 12/18 14:06:43 Image size of job updated: 395296
	358  -  MemoryUsage of job (MB)
	365680  -  ResidentSetSize of job (KB)
...
006 (15271413.130.000) 12/18 14:11:44 Image size of job updated: 871168
	848  -  MemoryUsage of job (MB)
	867900  -  ResidentSetSize of job (KB)
...
006 (15271413.130.000) 12/18 14:15:12 Image size of job updated: 3125008
	848  -  MemoryUsage of job (MB)
	867900  -  ResidentSetSize of job (KB)
...
040 (15271413.130.000) 12/18 14:15:12 Started transferring output files
...
040 (15271413.130.000) 12/18 14:15:12 Finished transferring output files
...
005 (15271413.130.000) 12/18 14:15:12 Job terminated.
	(1) Normal termination (return value 0)
		Usr 0 00:05:42, Sys 0 00:00:06  -  Run Remote Usage
		Usr 0 00:00:00, Sys 0 00:00:00  -  Run Local Usage
		Usr 0 00:05:42, Sys 0 00:00:06  -  Total Remote Usage
		Usr 0 00:00:00, Sys 0 00:00:00  -  Total Local Usage
	154414  -  Run Bytes Sent By Job
	269  -  Run Bytes Received By Job
	154414  -  Total Bytes Sent By Job
	269  -  Total Bytes Received By Job
	Partitionable Resources :    Usage  Request Allocated 
	   Cpus                 :     0.89        1         1 
	   Disk (KB)            :   195           1   3050928 
	   Memory (MB)          :   848        2000      2000 

	Job terminated of its own accord at 2023-12-18T13:15:12Z.
...
