000 (15271413.146.000) 12/18 14:02:23 Job submitted from host: <188.184.90.241:9618?addrs=188.184.90.241-9618+[2001-1458-201-e4--100-2eb]-9618&alias=bigbird15.cern.ch&noUDP&sock=schedd_2763_c443>
...
040 (15271413.146.000) 12/18 14:06:38 Started transferring input files
	Transferring to host: <128.142.61.14:9618?addrs=128.142.61.14-9618+[2001-1458-301-23--100-d]-9618&alias=b9s06p2199.cern.ch&noUDP&sock=slot1_25_130665_101b_6350>
...
040 (15271413.146.000) 12/18 14:06:38 Finished transferring input files
...
001 (15271413.146.000) 12/18 14:06:39 Job executing on host: <128.142.61.14:9618?addrs=128.142.61.14-9618+[2001-1458-301-23--100-d]-9618&alias=b9s06p2199.cern.ch&noUDP&sock=startd_112688_2c69>
...
006 (15271413.146.000) 12/18 14:06:47 Image size of job updated: 142652
	81  -  MemoryUsage of job (MB)
	82520  -  ResidentSetSize of job (KB)
...
006 (15271413.146.000) 12/18 14:11:47 Image size of job updated: 511396
	497  -  MemoryUsage of job (MB)
	508808  -  ResidentSetSize of job (KB)
...
006 (15271413.146.000) 12/18 14:16:48 Image size of job updated: 2849740
	2783  -  MemoryUsage of job (MB)
	2849740  -  ResidentSetSize of job (KB)
...
006 (15271413.146.000) 12/18 14:17:30 Image size of job updated: 2876768
	2783  -  MemoryUsage of job (MB)
	2849740  -  ResidentSetSize of job (KB)
...
040 (15271413.146.000) 12/18 14:17:30 Started transferring output files
...
040 (15271413.146.000) 12/18 14:17:30 Finished transferring output files
...
005 (15271413.146.000) 12/18 14:17:30 Job terminated.
	(1) Normal termination (return value 0)
		Usr 0 00:09:17, Sys 0 00:00:08  -  Run Remote Usage
		Usr 0 00:00:00, Sys 0 00:00:00  -  Run Local Usage
		Usr 0 00:09:17, Sys 0 00:00:08  -  Total Remote Usage
		Usr 0 00:00:00, Sys 0 00:00:00  -  Total Local Usage
	167147  -  Run Bytes Sent By Job
	269  -  Run Bytes Received By Job
	167147  -  Total Bytes Sent By Job
	269  -  Total Bytes Received By Job
	Partitionable Resources :    Usage  Request Allocated 
	   Cpus                 :     0.95        1         1 
	   Disk (KB)            :   207           1   3063845 
	   Memory (MB)          :  2783        2000      2000 

	Job terminated of its own accord at 2023-12-18T13:17:30Z.
...
