000 (14760027.000.000) 03/28 18:08:19 Job submitted from host: <188.184.90.241:9618?addrs=188.184.90.241-9618+[2001-1458-201-e4--100-2eb]-9618&alias=bigbird15.cern.ch&noUDP&sock=schedd_3631588_e24a>
...
040 (14760027.000.000) 03/28 18:09:13 Started transferring input files
	Transferring to host: <128.142.57.135:9618?addrs=128.142.57.135-9618+[2001-1458-301-7--100-86]-9618&alias=b7s02p8414.cern.ch&noUDP&sock=slot1_31_4107_80c0_54578>
...
040 (14760027.000.000) 03/28 18:09:13 Finished transferring input files
...
001 (14760027.000.000) 03/28 18:09:14 Job executing on host: <128.142.57.135:9618?addrs=128.142.57.135-9618+[2001-1458-301-7--100-86]-9618&alias=b7s02p8414.cern.ch&noUDP&sock=startd_4037_9feb>
...
006 (14760027.000.000) 03/28 18:09:23 Image size of job updated: 47768
	47  -  MemoryUsage of job (MB)
	47768  -  ResidentSetSize of job (KB)
...
006 (14760027.000.000) 03/28 18:12:59 Image size of job updated: 2998680
	47  -  MemoryUsage of job (MB)
	47768  -  ResidentSetSize of job (KB)
...
040 (14760027.000.000) 03/28 18:12:59 Started transferring output files
...
040 (14760027.000.000) 03/28 18:12:59 Finished transferring output files
...
005 (14760027.000.000) 03/28 18:12:59 Job terminated.
	(1) Normal termination (return value 0)
		Usr 0 00:01:14, Sys 0 00:00:05  -  Run Remote Usage
		Usr 0 00:00:00, Sys 0 00:00:00  -  Run Local Usage
		Usr 0 00:01:14, Sys 0 00:00:05  -  Total Remote Usage
		Usr 0 00:00:00, Sys 0 00:00:00  -  Total Local Usage
	149785  -  Run Bytes Sent By Job
	269  -  Run Bytes Received By Job
	149785  -  Total Bytes Sent By Job
	269  -  Total Bytes Received By Job
	Partitionable Resources :    Usage  Request Allocated 
	   Cpus                 :                 1         1 
	   Disk (KB)            :      160        1   1316511 
	   Memory (MB)          :       47     2000      2000 

	Job terminated of its own accord at 2023-03-28T16:12:59Z.
...
