000 (15159766.022.000) 10/09 11:47:56 Job submitted from host: <188.184.90.241:9618?addrs=188.184.90.241-9618+[2001-1458-201-e4--100-2eb]-9618&alias=bigbird15.cern.ch&noUDP&sock=schedd_2763_c443>
...
040 (15159766.022.000) 10/09 14:24:24 Started transferring input files
	Transferring to host: <188.184.163.189:9618?addrs=188.184.163.189-9618&alias=b7s12p9170.cern.ch&noUDP&sock=slot1_10_7583_a8cd_14712>
...
040 (15159766.022.000) 10/09 14:24:24 Finished transferring input files
...
001 (15159766.022.000) 10/09 14:24:25 Job executing on host: <188.184.163.189:9618?addrs=188.184.163.189-9618&alias=b7s12p9170.cern.ch&noUDP&sock=startd_5821_4ce0>
...
006 (15159766.022.000) 10/09 14:24:34 Image size of job updated: 911296
	122  -  MemoryUsage of job (MB)
	124020  -  ResidentSetSize of job (KB)
...
006 (15159766.022.000) 10/09 14:28:57 Image size of job updated: 927108
	122  -  MemoryUsage of job (MB)
	124020  -  ResidentSetSize of job (KB)
...
040 (15159766.022.000) 10/09 14:28:57 Started transferring output files
...
040 (15159766.022.000) 10/09 14:28:57 Finished transferring output files
...
005 (15159766.022.000) 10/09 14:28:57 Job terminated.
	(1) Normal termination (return value 0)
		Usr 0 00:00:18, Sys 0 00:00:01  -  Run Remote Usage
		Usr 0 00:00:00, Sys 0 00:00:00  -  Run Local Usage
		Usr 0 00:00:18, Sys 0 00:00:01  -  Total Remote Usage
		Usr 0 00:00:00, Sys 0 00:00:00  -  Total Local Usage
	10673  -  Run Bytes Sent By Job
	374  -  Run Bytes Received By Job
	10673  -  Total Bytes Sent By Job
	374  -  Total Bytes Received By Job
	Partitionable Resources :    Usage  Request Allocated 
	   Cpus                 :        0        1         1 
	   Disk (KB)            :       31        1   2926908 
	   Memory (MB)          :      122     2000      2000 

	Job terminated of its own accord at 2023-10-09T12:28:57Z.
...
