000 (15271413.179.000) 12/18 14:02:23 Job submitted from host: <188.184.90.241:9618?addrs=188.184.90.241-9618+[2001-1458-201-e4--100-2eb]-9618&alias=bigbird15.cern.ch&noUDP&sock=schedd_2763_c443>
...
040 (15271413.179.000) 12/18 14:06:49 Started transferring input files
	Transferring to host: <128.142.194.194:9618?addrs=128.142.194.194-9618+[2001-1458-301-13--100-42]-9618&alias=b9g30p2121.cern.ch&noUDP&sock=slot1_19_147241_5abd_89564>
...
040 (15271413.179.000) 12/18 14:06:49 Finished transferring input files
...
001 (15271413.179.000) 12/18 14:06:50 Job executing on host: <128.142.194.194:9618?addrs=128.142.194.194-9618+[2001-1458-301-13--100-42]-9618&alias=b9g30p2121.cern.ch&noUDP&sock=startd_135524_c523>
...
006 (15271413.179.000) 12/18 14:06:59 Image size of job updated: 107980
	106  -  MemoryUsage of job (MB)
	107980  -  ResidentSetSize of job (KB)
...
006 (15271413.179.000) 12/18 14:12:00 Image size of job updated: 497812
	487  -  MemoryUsage of job (MB)
	497812  -  ResidentSetSize of job (KB)
...
040 (15271413.179.000) 12/18 14:16:53 Started transferring output files
...
040 (15271413.179.000) 12/18 14:16:53 Finished transferring output files
...
005 (15271413.179.000) 12/18 14:16:53 Job terminated.
	(1) Normal termination (return value 0)
		Usr 0 00:07:34, Sys 0 00:00:08  -  Run Remote Usage
		Usr 0 00:00:00, Sys 0 00:00:00  -  Run Local Usage
		Usr 0 00:07:34, Sys 0 00:00:08  -  Total Remote Usage
		Usr 0 00:00:00, Sys 0 00:00:00  -  Total Local Usage
	167227  -  Run Bytes Sent By Job
	269  -  Run Bytes Received By Job
	167227  -  Total Bytes Sent By Job
	269  -  Total Bytes Received By Job
	Partitionable Resources :    Usage  Request Allocated 
	   Cpus                 :     0.94        1         1 
	   Disk (KB)            :   207           1   2928780 
	   Memory (MB)          :   487        2000      2000 

	Job terminated of its own accord at 2023-12-18T13:16:53Z.
...
