000 (14832095.151.000) 06/12 15:17:57 Job submitted from host: <188.184.90.241:9618?addrs=188.184.90.241-9618+[2001-1458-201-e4--100-2eb]-9618&alias=bigbird15.cern.ch&noUDP&sock=schedd_1460210_2ef4>
...
040 (14832095.151.000) 06/12 15:20:26 Started transferring input files
	Transferring to host: <188.184.160.86:9618?addrs=188.184.160.86-9618+[2001-1458-301-48--100-50]-9618&alias=b7s09p7478.cern.ch&noUDP&sock=slot1_37_119889_6564_90415>
...
040 (14832095.151.000) 06/12 15:20:26 Finished transferring input files
...
001 (14832095.151.000) 06/12 15:20:27 Job executing on host: <188.184.160.86:9618?addrs=188.184.160.86-9618+[2001-1458-301-48--100-50]-9618&alias=b7s09p7478.cern.ch&noUDP&sock=startd_87521_b46d>
...
006 (14832095.151.000) 06/12 15:20:36 Image size of job updated: 554008
	47  -  MemoryUsage of job (MB)
	47752  -  ResidentSetSize of job (KB)
...
006 (14832095.151.000) 06/12 15:25:37 Image size of job updated: 1747992
	1207  -  MemoryUsage of job (MB)
	1235644  -  ResidentSetSize of job (KB)
...
006 (14832095.151.000) 06/12 15:30:37 Image size of job updated: 2259740
	1703  -  MemoryUsage of job (MB)
	1743020  -  ResidentSetSize of job (KB)
...
006 (14832095.151.000) 06/12 15:35:38 Image size of job updated: 2259748
	1703  -  MemoryUsage of job (MB)
	1743020  -  ResidentSetSize of job (KB)
...
006 (14832095.151.000) 06/12 15:45:39 Image size of job updated: 4047316
	1703  -  MemoryUsage of job (MB)
	1743020  -  ResidentSetSize of job (KB)
...
006 (14832095.151.000) 06/12 15:50:39 Image size of job updated: 4097236
	1703  -  MemoryUsage of job (MB)
	1743020  -  ResidentSetSize of job (KB)
...
006 (14832095.151.000) 06/12 15:55:40 Image size of job updated: 4328128
	1703  -  MemoryUsage of job (MB)
	1743020  -  ResidentSetSize of job (KB)
...
006 (14832095.151.000) 06/12 16:00:41 Image size of job updated: 4337904
	1703  -  MemoryUsage of job (MB)
	1743020  -  ResidentSetSize of job (KB)
...
006 (14832095.151.000) 06/12 16:05:41 Image size of job updated: 4392328
	1703  -  MemoryUsage of job (MB)
	1743020  -  ResidentSetSize of job (KB)
...
006 (14832095.151.000) 06/12 16:10:42 Image size of job updated: 4416376
	1703  -  MemoryUsage of job (MB)
	1743020  -  ResidentSetSize of job (KB)
...
006 (14832095.151.000) 06/12 16:11:59 Image size of job updated: 4422796
	1703  -  MemoryUsage of job (MB)
	1743020  -  ResidentSetSize of job (KB)
...
040 (14832095.151.000) 06/12 16:11:59 Started transferring output files
...
040 (14832095.151.000) 06/12 16:11:59 Finished transferring output files
...
005 (14832095.151.000) 06/12 16:11:59 Job terminated.
	(1) Normal termination (return value 0)
		Usr 0 00:12:38, Sys 0 00:01:00  -  Run Remote Usage
		Usr 0 00:00:00, Sys 0 00:00:00  -  Run Local Usage
		Usr 0 00:12:38, Sys 0 00:01:00  -  Total Remote Usage
		Usr 0 00:00:00, Sys 0 00:00:00  -  Total Local Usage
	137226  -  Run Bytes Sent By Job
	323  -  Run Bytes Received By Job
	137226  -  Total Bytes Sent By Job
	323  -  Total Bytes Received By Job
	Partitionable Resources :    Usage  Request Allocated 
	   Cpus                 :     0.08        1         1 
	   Disk (KB)            :   155           1   3026672 
	   Memory (MB)          :  1703        2000      2000 

	Job terminated of its own accord at 2023-06-12T14:11:59Z.
...
