000 (15150662.033.000) 09/28 15:49:40 Job submitted from host: <188.184.90.241:9618?addrs=188.184.90.241-9618+[2001-1458-201-e4--100-2eb]-9618&alias=bigbird15.cern.ch&noUDP&sock=schedd_2763_c443>
...
040 (15150662.033.000) 09/28 16:00:58 Started transferring input files
	Transferring to host: <188.184.162.116:9618?addrs=188.184.162.116-9618+[2001-1458-301-4a--100-6e]-9618&alias=b7s11p8606.cern.ch&noUDP&sock=slot1_6_256523_68d9_206258>
...
040 (15150662.033.000) 09/28 16:00:58 Finished transferring input files
...
001 (15150662.033.000) 09/28 16:00:59 Job executing on host: <188.184.162.116:9618?addrs=188.184.162.116-9618+[2001-1458-301-4a--100-6e]-9618&alias=b7s11p8606.cern.ch&noUDP&sock=startd_256484_44e0>
...
006 (15150662.033.000) 09/28 16:01:07 Image size of job updated: 129752
	121  -  MemoryUsage of job (MB)
	123396  -  ResidentSetSize of job (KB)
...
006 (15150662.033.000) 09/28 16:04:10 Image size of job updated: 925296
	121  -  MemoryUsage of job (MB)
	123396  -  ResidentSetSize of job (KB)
...
040 (15150662.033.000) 09/28 16:04:11 Started transferring output files
...
040 (15150662.033.000) 09/28 16:04:11 Finished transferring output files
...
005 (15150662.033.000) 09/28 16:04:11 Job terminated.
	(1) Normal termination (return value 0)
		Usr 0 00:00:16, Sys 0 00:00:01  -  Run Remote Usage
		Usr 0 00:00:00, Sys 0 00:00:00  -  Run Local Usage
		Usr 0 00:00:16, Sys 0 00:00:01  -  Total Remote Usage
		Usr 0 00:00:00, Sys 0 00:00:00  -  Total Local Usage
	7964  -  Run Bytes Sent By Job
	374  -  Run Bytes Received By Job
	7964  -  Total Bytes Sent By Job
	374  -  Total Bytes Received By Job
	Partitionable Resources :    Usage  Request Allocated 
	   Cpus                 :                 1         1 
	   Disk (KB)            :       22        1   3002829 
	   Memory (MB)          :      121     2000      2000 

	Job terminated of its own accord at 2023-09-28T14:04:10Z.
...
