000 (15155256.010.000) 10/07 14:35:52 Job submitted from host: <188.184.90.241:9618?addrs=188.184.90.241-9618+[2001-1458-201-e4--100-2eb]-9618&alias=bigbird15.cern.ch&noUDP&sock=schedd_2763_c443>
...
040 (15155256.010.000) 10/07 14:37:49 Started transferring input files
	Transferring to host: <128.142.60.45:9618?addrs=128.142.60.45-9618+[2001-1458-301-22--100-2c]-9618&alias=b7s05p3924.cern.ch&noUDP&sock=slot1_38_1102_3566_45568>
...
040 (15155256.010.000) 10/07 14:37:49 Finished transferring input files
...
001 (15155256.010.000) 10/07 14:37:50 Job executing on host: <128.142.60.45:9618?addrs=128.142.60.45-9618+[2001-1458-301-22--100-2c]-9618&alias=b7s05p3924.cern.ch&noUDP&sock=startd_2898_5d8c>
...
006 (15155256.010.000) 10/07 14:37:59 Image size of job updated: 538084
	60  -  MemoryUsage of job (MB)
	60476  -  ResidentSetSize of job (KB)
...
006 (15155256.010.000) 10/07 14:43:00 Image size of job updated: 1198540
	673  -  MemoryUsage of job (MB)
	688244  -  ResidentSetSize of job (KB)
...
006 (15155256.010.000) 10/07 14:48:00 Image size of job updated: 1419664
	838  -  MemoryUsage of job (MB)
	857604  -  ResidentSetSize of job (KB)
...
006 (15155256.010.000) 10/07 14:53:00 Image size of job updated: 3690940
	838  -  MemoryUsage of job (MB)
	857604  -  ResidentSetSize of job (KB)
...
006 (15155256.010.000) 10/07 14:58:01 Image size of job updated: 3941664
	838  -  MemoryUsage of job (MB)
	857604  -  ResidentSetSize of job (KB)
...
006 (15155256.010.000) 10/07 15:03:01 Image size of job updated: 4012780
	838  -  MemoryUsage of job (MB)
	857604  -  ResidentSetSize of job (KB)
...
006 (15155256.010.000) 10/07 15:03:16 Image size of job updated: 4016604
	838  -  MemoryUsage of job (MB)
	857604  -  ResidentSetSize of job (KB)
...
040 (15155256.010.000) 10/07 15:03:16 Started transferring output files
...
040 (15155256.010.000) 10/07 15:03:16 Finished transferring output files
...
005 (15155256.010.000) 10/07 15:03:16 Job terminated.
	(1) Normal termination (return value 0)
		Usr 0 00:13:23, Sys 0 00:00:27  -  Run Remote Usage
		Usr 0 00:00:00, Sys 0 00:00:00  -  Run Local Usage
		Usr 0 00:13:23, Sys 0 00:00:27  -  Total Remote Usage
		Usr 0 00:00:00, Sys 0 00:00:00  -  Total Local Usage
	94711  -  Run Bytes Sent By Job
	323  -  Run Bytes Received By Job
	94711  -  Total Bytes Sent By Job
	323  -  Total Bytes Received By Job
	Partitionable Resources :    Usage  Request Allocated 
	   Cpus                 :        0        1         1 
	   Disk (KB)            :      114        1   2811844 
	   Memory (MB)          :      838     2000      2000 

	Job terminated of its own accord at 2023-10-07T13:03:16Z.
...
