000 (15153696.140.000) 10/03 22:27:19 Job submitted from host: <188.184.90.241:9618?addrs=188.184.90.241-9618+[2001-1458-201-e4--100-2eb]-9618&alias=bigbird15.cern.ch&noUDP&sock=schedd_2763_c443>
...
040 (15153696.140.000) 10/03 22:32:56 Started transferring input files
	Transferring to host: <128.142.61.44:9618?addrs=128.142.61.44-9618+[2001-1458-301-23--100-2b]-9618&alias=b7s06p0363.cern.ch&noUDP&sock=slot1_21_4231_df45_205271>
...
040 (15153696.140.000) 10/03 22:32:56 Finished transferring input files
...
001 (15153696.140.000) 10/03 22:32:57 Job executing on host: <128.142.61.44:9618?addrs=128.142.61.44-9618+[2001-1458-301-23--100-2b]-9618&alias=b7s06p0363.cern.ch&noUDP&sock=startd_2953_1742>
...
006 (15153696.140.000) 10/03 22:33:06 Image size of job updated: 910184
	121  -  MemoryUsage of job (MB)
	123748  -  ResidentSetSize of job (KB)
...
006 (15153696.140.000) 10/03 22:38:07 Image size of job updated: 921640
	129  -  MemoryUsage of job (MB)
	131336  -  ResidentSetSize of job (KB)
...
040 (15153696.140.000) 10/03 22:39:42 Started transferring output files
...
040 (15153696.140.000) 10/03 22:39:42 Finished transferring output files
...
005 (15153696.140.000) 10/03 22:39:42 Job terminated.
	(1) Normal termination (return value 0)
		Usr 0 00:00:10, Sys 0 00:00:00  -  Run Remote Usage
		Usr 0 00:00:00, Sys 0 00:00:00  -  Run Local Usage
		Usr 0 00:00:10, Sys 0 00:00:00  -  Total Remote Usage
		Usr 0 00:00:00, Sys 0 00:00:00  -  Total Local Usage
	7885  -  Run Bytes Sent By Job
	374  -  Run Bytes Received By Job
	7885  -  Total Bytes Sent By Job
	374  -  Total Bytes Received By Job
	Partitionable Resources :    Usage  Request Allocated 
	   Cpus                 :     0.13        1         1 
	   Disk (KB)            :    30           1   1178472 
	   Memory (MB)          :   129        2000      2000 

	Job terminated of its own accord at 2023-10-03T20:39:42Z.
...
