000 (15155243.044.000) 10/07 13:26:29 Job submitted from host: <188.184.90.241:9618?addrs=188.184.90.241-9618+[2001-1458-201-e4--100-2eb]-9618&alias=bigbird15.cern.ch&noUDP&sock=schedd_2763_c443>
...
040 (15155243.044.000) 10/07 13:32:01 Started transferring input files
	Transferring to host: <128.142.137.49:9618?addrs=128.142.137.49-9618+[2001-1458-301-5e--100-25]-9618&alias=b7g19p8834.cern.ch&noUDP&sock=slot1_24_8618_e918_197958>
...
040 (15155243.044.000) 10/07 13:32:01 Finished transferring input files
...
001 (15155243.044.000) 10/07 13:32:02 Job executing on host: <128.142.137.49:9618?addrs=128.142.137.49-9618+[2001-1458-301-5e--100-25]-9618&alias=b7g19p8834.cern.ch&noUDP&sock=startd_7724_999b>
...
006 (15155243.044.000) 10/07 13:32:11 Image size of job updated: 116728
	109  -  MemoryUsage of job (MB)
	110804  -  ResidentSetSize of job (KB)
...
006 (15155243.044.000) 10/07 13:32:16 Image size of job updated: 197728
	109  -  MemoryUsage of job (MB)
	110804  -  ResidentSetSize of job (KB)
...
040 (15155243.044.000) 10/07 13:32:16 Started transferring output files
...
040 (15155243.044.000) 10/07 13:32:16 Finished transferring output files
...
005 (15155243.044.000) 10/07 13:32:16 Job terminated.
	(1) Normal termination (return value 0)
		Usr 0 00:00:04, Sys 0 00:00:01  -  Run Remote Usage
		Usr 0 00:00:00, Sys 0 00:00:00  -  Run Local Usage
		Usr 0 00:00:04, Sys 0 00:00:01  -  Total Remote Usage
		Usr 0 00:00:00, Sys 0 00:00:00  -  Total Local Usage
	22498  -  Run Bytes Sent By Job
	323  -  Run Bytes Received By Job
	22498  -  Total Bytes Sent By Job
	323  -  Total Bytes Received By Job
	Partitionable Resources :    Usage  Request Allocated 
	   Cpus                 :                 1         1 
	   Disk (KB)            :       36        1   1565466 
	   Memory (MB)          :      109     2000      2000 

	Job terminated of its own accord at 2023-10-07T11:32:16Z.
...
