Error in <TSystem::ExpandFileName>: input: $HOME/.root.mimes, output: $HOME/.root.mimes
Error in <TSystem::ExpandFileName>: input: $HOME/.root.mimes, output: $HOME/.root.mimes
Error in <TCanvas::Range>: illegal world coordinates range: x1=0.578750, y1=0.000000, x2=0.586562, y2=0.000000
Error in <TCanvas::RangeAxis>: illegal axis coordinates range: xmin=0.580000, ymin=0.000000, xmax=0.585000, ymax=0.000000
Error in <TCanvas::Range>: illegal world coordinates range: x1=0.578750, y1=0.000000, x2=0.586562, y2=0.000000
Error in <TCanvas::RangeAxis>: illegal axis coordinates range: xmin=0.580000, ymin=0.000000, xmax=0.585000, ymax=0.000000
Error in <TCanvas::Range>: illegal world coordinates range: x1=0.926875, y1=0.000000, x2=0.930781, y2=0.000000
Error in <TCanvas::RangeAxis>: illegal axis coordinates range: xmin=0.927500, ymin=0.000000, xmax=0.930000, ymax=0.000000
Error in <TCanvas::Range>: illegal world coordinates range: x1=0.926875, y1=0.000000, x2=0.930781, y2=0.000000
Error in <TCanvas::RangeAxis>: illegal axis coordinates range: xmin=0.927500, ymin=0.000000, xmax=0.930000, ymax=0.000000
Error in <TCanvas::Range>: illegal world coordinates range: x1=1.278750, y1=0.000000, x2=1.286562, y2=0.000000
Error in <TCanvas::RangeAxis>: illegal axis coordinates range: xmin=1.280000, ymin=0.000000, xmax=1.285000, ymax=0.000000
Error in <TCanvas::Range>: illegal world coordinates range: x1=1.278750, y1=0.000000, x2=1.286562, y2=0.000000
Error in <TCanvas::RangeAxis>: illegal axis coordinates range: xmin=1.280000, ymin=0.000000, xmax=1.285000, ymax=0.000000
Error in <TCanvas::Range>: illegal world coordinates range: x1=2.238750, y1=0.000000, x2=2.246562, y2=0.000000
Error in <TCanvas::RangeAxis>: illegal axis coordinates range: xmin=2.240000, ymin=0.000000, xmax=2.245000, ymax=0.000000
Error in <TCanvas::Range>: illegal world coordinates range: x1=2.238750, y1=0.000000, x2=2.246562, y2=0.000000
Error in <TCanvas::RangeAxis>: illegal axis coordinates range: xmin=2.240000, ymin=0.000000, xmax=2.245000, ymax=0.000000
Error in <TCanvas::Range>: illegal world coordinates range: x1=1.099375, y1=0.000000, x2=1.103281, y2=0.000000
Error in <TCanvas::RangeAxis>: illegal axis coordinates range: xmin=1.100000, ymin=0.000000, xmax=1.102500, ymax=0.000000
Error in <TCanvas::Range>: illegal world coordinates range: x1=1.099375, y1=0.000000, x2=1.103281, y2=0.000000
Error in <TCanvas::RangeAxis>: illegal axis coordinates range: xmin=1.100000, ymin=0.000000, xmax=1.102500, ymax=0.000000
Error in <TCanvas::Range>: illegal world coordinates range: x1=1.203750, y1=0.000000, x2=1.211562, y2=0.000000
Error in <TCanvas::RangeAxis>: illegal axis coordinates range: xmin=1.205000, ymin=0.000000, xmax=1.210000, ymax=0.000000
Error in <TCanvas::Range>: illegal world coordinates range: x1=1.203750, y1=0.000000, x2=1.211562, y2=0.000000
Error in <TCanvas::RangeAxis>: illegal axis coordinates range: xmin=1.205000, ymin=0.000000, xmax=1.210000, ymax=0.000000
Error in <TCanvas::Range>: illegal world coordinates range: x1=1.081875, y1=0.000000, x2=1.085781, y2=0.000000
Error in <TCanvas::RangeAxis>: illegal axis coordinates range: xmin=1.082500, ymin=0.000000, xmax=1.085000, ymax=0.000000
Error in <TCanvas::Range>: illegal world coordinates range: x1=1.081875, y1=0.000000, x2=1.085781, y2=0.000000
Error in <TCanvas::RangeAxis>: illegal axis coordinates range: xmin=1.082500, ymin=0.000000, xmax=1.085000, ymax=0.000000
Error in <TCanvas::Range>: illegal world coordinates range: x1=0.993750, y1=0.000000, x2=1.001562, y2=0.000000
Error in <TCanvas::RangeAxis>: illegal axis coordinates range: xmin=0.995000, ymin=0.000000, xmax=1.000000, ymax=0.000000
Error in <TCanvas::Range>: illegal world coordinates range: x1=0.993750, y1=0.000000, x2=1.001562, y2=0.000000
Error in <TCanvas::RangeAxis>: illegal axis coordinates range: xmin=0.995000, ymin=0.000000, xmax=1.000000, ymax=0.000000
Error in <TCanvas::Range>: illegal world coordinates range: x1=0.871875, y1=0.000000, x2=0.875781, y2=0.000000
Error in <TCanvas::RangeAxis>: illegal axis coordinates range: xmin=0.872500, ymin=0.000000, xmax=0.875000, ymax=0.000000
Error in <TCanvas::Range>: illegal world coordinates range: x1=0.871875, y1=0.000000, x2=0.875781, y2=0.000000
Error in <TCanvas::RangeAxis>: illegal axis coordinates range: xmin=0.872500, ymin=0.000000, xmax=0.875000, ymax=0.000000
Error in <TCanvas::Range>: illegal world coordinates range: x1=0.718750, y1=0.000000, x2=0.726562, y2=0.000000
Error in <TCanvas::RangeAxis>: illegal axis coordinates range: xmin=0.720000, ymin=0.000000, xmax=0.725000, ymax=0.000000
Error in <TCanvas::Range>: illegal world coordinates range: x1=0.718750, y1=0.000000, x2=0.726562, y2=0.000000
Error in <TCanvas::RangeAxis>: illegal axis coordinates range: xmin=0.720000, ymin=0.000000, xmax=0.725000, ymax=0.000000
Error in <TCanvas::Range>: illegal world coordinates range: x1=0.879375, y1=0.000000, x2=0.883281, y2=0.000000
Error in <TCanvas::RangeAxis>: illegal axis coordinates range: xmin=0.880000, ymin=0.000000, xmax=0.882500, ymax=0.000000
Error in <TCanvas::Range>: illegal world coordinates range: x1=0.879375, y1=0.000000, x2=0.883281, y2=0.000000
Error in <TCanvas::RangeAxis>: illegal axis coordinates range: xmin=0.880000, ymin=0.000000, xmax=0.882500, ymax=0.000000
Error in <TCanvas::Range>: illegal world coordinates range: x1=0.468750, y1=0.000000, x2=0.476562, y2=0.000000
Error in <TCanvas::RangeAxis>: illegal axis coordinates range: xmin=0.470000, ymin=0.000000, xmax=0.475000, ymax=0.000000
Error in <TCanvas::Range>: illegal world coordinates range: x1=0.468750, y1=0.000000, x2=0.476562, y2=0.000000
Error in <TCanvas::RangeAxis>: illegal axis coordinates range: xmin=0.470000, ymin=0.000000, xmax=0.475000, ymax=0.000000
Error in <TCanvas::Range>: illegal world coordinates range: x1=1.011875, y1=0.000000, x2=1.015781, y2=0.000000
Error in <TCanvas::RangeAxis>: illegal axis coordinates range: xmin=1.012500, ymin=0.000000, xmax=1.015000, ymax=0.000000
Error in <TCanvas::Range>: illegal world coordinates range: x1=1.011875, y1=0.000000, x2=1.015781, y2=0.000000
Error in <TCanvas::RangeAxis>: illegal axis coordinates range: xmin=1.012500, ymin=0.000000, xmax=1.015000, ymax=0.000000
Error in <TCanvas::Range>: illegal world coordinates range: x1=0.578750, y1=0.000000, x2=0.586562, y2=0.000000
Error in <TCanvas::RangeAxis>: illegal axis coordinates range: xmin=0.580000, ymin=0.000000, xmax=0.585000, ymax=0.000000
Error in <TCanvas::Range>: illegal world coordinates range: x1=0.578750, y1=0.000000, x2=0.586562, y2=0.000000
Error in <TCanvas::RangeAxis>: illegal axis coordinates range: xmin=0.580000, ymin=0.000000, xmax=0.585000, ymax=0.000000
Error in <TCanvas::Range>: illegal world coordinates range: x1=0.816875, y1=0.000000, x2=0.820781, y2=0.000000
Error in <TCanvas::RangeAxis>: illegal axis coordinates range: xmin=0.817500, ymin=0.000000, xmax=0.820000, ymax=0.000000
Error in <TCanvas::Range>: illegal world coordinates range: x1=0.816875, y1=0.000000, x2=0.820781, y2=0.000000
Error in <TCanvas::RangeAxis>: illegal axis coordinates range: xmin=0.817500, ymin=0.000000, xmax=0.820000, ymax=0.000000
Error in <TCanvas::Range>: illegal world coordinates range: x1=0.483750, y1=0.000000, x2=0.491562, y2=0.000000
Error in <TCanvas::RangeAxis>: illegal axis coordinates range: xmin=0.485000, ymin=0.000000, xmax=0.490000, ymax=0.000000
Error in <TCanvas::Range>: illegal world coordinates range: x1=0.483750, y1=0.000000, x2=0.491562, y2=0.000000
Error in <TCanvas::RangeAxis>: illegal axis coordinates range: xmin=0.485000, ymin=0.000000, xmax=0.490000, ymax=0.000000
Error in <TCanvas::Range>: illegal world coordinates range: x1=1.004375, y1=0.000000, x2=1.008281, y2=0.000000
Error in <TCanvas::RangeAxis>: illegal axis coordinates range: xmin=1.005000, ymin=0.000000, xmax=1.007500, ymax=0.000000
Error in <TCanvas::Range>: illegal world coordinates range: x1=1.004375, y1=0.000000, x2=1.008281, y2=0.000000
Error in <TCanvas::RangeAxis>: illegal axis coordinates range: xmin=1.005000, ymin=0.000000, xmax=1.007500, ymax=0.000000
Error in <TCanvas::Range>: illegal world coordinates range: x1=0.988750, y1=0.000000, x2=0.996562, y2=0.000000
Error in <TCanvas::RangeAxis>: illegal axis coordinates range: xmin=0.990000, ymin=0.000000, xmax=0.995000, ymax=0.000000
Error in <TCanvas::Range>: illegal world coordinates range: x1=0.988750, y1=0.000000, x2=0.996562, y2=0.000000
Error in <TCanvas::RangeAxis>: illegal axis coordinates range: xmin=0.990000, ymin=0.000000, xmax=0.995000, ymax=0.000000
Error in <TCanvas::Range>: illegal world coordinates range: x1=0.954375, y1=0.000000, x2=0.958281, y2=0.000000
Error in <TCanvas::RangeAxis>: illegal axis coordinates range: xmin=0.955000, ymin=0.000000, xmax=0.957500, ymax=0.000000
Error in <TCanvas::Range>: illegal world coordinates range: x1=0.954375, y1=0.000000, x2=0.958281, y2=0.000000
Error in <TCanvas::RangeAxis>: illegal axis coordinates range: xmin=0.955000, ymin=0.000000, xmax=0.957500, ymax=0.000000
Error in <TCanvas::Range>: illegal world coordinates range: x1=0.523750, y1=0.000000, x2=0.531562, y2=0.000000
Error in <TCanvas::RangeAxis>: illegal axis coordinates range: xmin=0.525000, ymin=0.000000, xmax=0.530000, ymax=0.000000
Error in <TCanvas::Range>: illegal world coordinates range: x1=0.523750, y1=0.000000, x2=0.531562, y2=0.000000
Error in <TCanvas::RangeAxis>: illegal axis coordinates range: xmin=0.525000, ymin=0.000000, xmax=0.530000, ymax=0.000000
Error in <TCanvas::Range>: illegal world coordinates range: x1=1.064375, y1=0.000000, x2=1.068281, y2=0.000000
Error in <TCanvas::RangeAxis>: illegal axis coordinates range: xmin=1.065000, ymin=0.000000, xmax=1.067500, ymax=0.000000
Error in <TCanvas::Range>: illegal world coordinates range: x1=1.064375, y1=0.000000, x2=1.068281, y2=0.000000
Error in <TCanvas::RangeAxis>: illegal axis coordinates range: xmin=1.065000, ymin=0.000000, xmax=1.067500, ymax=0.000000
Error in <TCanvas::Range>: illegal world coordinates range: x1=0.873750, y1=0.000000, x2=0.881562, y2=0.000000
Error in <TCanvas::RangeAxis>: illegal axis coordinates range: xmin=0.875000, ymin=0.000000, xmax=0.880000, ymax=0.000000
Error in <TCanvas::Range>: illegal world coordinates range: x1=0.873750, y1=0.000000, x2=0.881562, y2=0.000000
Error in <TCanvas::RangeAxis>: illegal axis coordinates range: xmin=0.875000, ymin=0.000000, xmax=0.880000, ymax=0.000000
Error in <TCanvas::Range>: illegal world coordinates range: x1=0.984375, y1=0.000000, x2=0.988281, y2=0.000000
Error in <TCanvas::RangeAxis>: illegal axis coordinates range: xmin=0.985000, ymin=0.000000, xmax=0.987500, ymax=0.000000
Error in <TCanvas::Range>: illegal world coordinates range: x1=0.984375, y1=0.000000, x2=0.988281, y2=0.000000
Error in <TCanvas::RangeAxis>: illegal axis coordinates range: xmin=0.985000, ymin=0.000000, xmax=0.987500, ymax=0.000000
Error in <TCanvas::Range>: illegal world coordinates range: x1=1.108750, y1=0.000000, x2=1.116562, y2=0.000000
Error in <TCanvas::RangeAxis>: illegal axis coordinates range: xmin=1.110000, ymin=0.000000, xmax=1.115000, ymax=0.000000
Error in <TCanvas::Range>: illegal world coordinates range: x1=1.108750, y1=0.000000, x2=1.116562, y2=0.000000
Error in <TCanvas::RangeAxis>: illegal axis coordinates range: xmin=1.110000, ymin=0.000000, xmax=1.115000, ymax=0.000000
Error in <TCanvas::Range>: illegal world coordinates range: x1=1.236875, y1=0.000000, x2=1.240781, y2=0.000000
Error in <TCanvas::RangeAxis>: illegal axis coordinates range: xmin=1.237500, ymin=0.000000, xmax=1.240000, ymax=0.000000
Error in <TCanvas::Range>: illegal world coordinates range: x1=1.236875, y1=0.000000, x2=1.240781, y2=0.000000
Error in <TCanvas::RangeAxis>: illegal axis coordinates range: xmin=1.237500, ymin=0.000000, xmax=1.240000, ymax=0.000000
Error in <TCanvas::Range>: illegal world coordinates range: x1=0.633750, y1=0.000000, x2=0.641562, y2=0.000000
Error in <TCanvas::RangeAxis>: illegal axis coordinates range: xmin=0.635000, ymin=0.000000, xmax=0.640000, ymax=0.000000
Error in <TCanvas::Range>: illegal world coordinates range: x1=0.633750, y1=0.000000, x2=0.641562, y2=0.000000
Error in <TCanvas::RangeAxis>: illegal axis coordinates range: xmin=0.635000, ymin=0.000000, xmax=0.640000, ymax=0.000000
Error in <TCanvas::Range>: illegal world coordinates range: x1=0.813750, y1=0.000000, x2=0.821562, y2=0.000000
Error in <TCanvas::RangeAxis>: illegal axis coordinates range: xmin=0.815000, ymin=0.000000, xmax=0.820000, ymax=0.000000
Error in <TCanvas::Range>: illegal world coordinates range: x1=0.813750, y1=0.000000, x2=0.821562, y2=0.000000
Error in <TCanvas::RangeAxis>: illegal axis coordinates range: xmin=0.815000, ymin=0.000000, xmax=0.820000, ymax=0.000000
Error in <TCanvas::Range>: illegal world coordinates range: x1=0.986875, y1=0.000000, x2=0.990781, y2=0.000000
Error in <TCanvas::RangeAxis>: illegal axis coordinates range: xmin=0.987500, ymin=0.000000, xmax=0.990000, ymax=0.000000
Error in <TCanvas::Range>: illegal world coordinates range: x1=0.986875, y1=0.000000, x2=0.990781, y2=0.000000
Error in <TCanvas::RangeAxis>: illegal axis coordinates range: xmin=0.987500, ymin=0.000000, xmax=0.990000, ymax=0.000000
Error in <TCanvas::Range>: illegal world coordinates range: x1=0.582500, y1=-0.160494, x2=0.582500, y2=1.074074
Error in <TCanvas::RangeAxis>: illegal axis coordinates range: xmin=0.582500, ymin=0.000000, xmax=0.582500, ymax=1.000000
Error in <TCanvas::Range>: illegal world coordinates range: x1=0.582500, y1=-0.160494, x2=0.582500, y2=1.074074
Error in <TCanvas::RangeAxis>: illegal axis coordinates range: xmin=0.582500, ymin=0.000000, xmax=0.582500, ymax=1.000000
Error in <TDecompChol::Decompose()>: matrix not positive definite
Error in <TDecompChol::Solve()>: Decomposition failed
Error in <TLinearFitter::Eval>: Matrix inversion failed
Error in <TDecompChol::Decompose()>: matrix not positive definite
Error in <TDecompChol::Solve()>: Decomposition failed
Error in <TLinearFitter::Eval>: Matrix inversion failed
Error in <TDecompChol::Decompose()>: matrix not positive definite
Error in <TDecompChol::Solve()>: Decomposition failed
Error in <TLinearFitter::Eval>: Matrix inversion failed
Error in <TDecompChol::Decompose()>: matrix not positive definite
Error in <TDecompChol::Solve()>: Decomposition failed
Error in <TLinearFitter::Eval>: Matrix inversion failed
Error in <TCanvas::Range>: illegal world coordinates range: x1=1.282500, y1=-0.160494, x2=1.282500, y2=1.074074
Error in <TCanvas::RangeAxis>: illegal axis coordinates range: xmin=1.282500, ymin=0.000000, xmax=1.282500, ymax=1.000000
Error in <TCanvas::Range>: illegal world coordinates range: x1=1.282500, y1=-0.160494, x2=1.282500, y2=1.074074
Error in <TCanvas::RangeAxis>: illegal axis coordinates range: xmin=1.282500, ymin=0.000000, xmax=1.282500, ymax=1.000000
Error in <TDecompChol::Decompose()>: matrix not positive definite
Error in <TDecompChol::Solve()>: Decomposition failed
Error in <TLinearFitter::Eval>: Matrix inversion failed
Error in <TDecompChol::Decompose()>: matrix not positive definite
Error in <TDecompChol::Solve()>: Decomposition failed
Error in <TLinearFitter::Eval>: Matrix inversion failed
Error in <TCanvas::Range>: illegal world coordinates range: x1=2.242500, y1=-0.160494, x2=2.242500, y2=1.074074
Error in <TCanvas::RangeAxis>: illegal axis coordinates range: xmin=2.242500, ymin=0.000000, xmax=2.242500, ymax=1.000000
Error in <TCanvas::Range>: illegal world coordinates range: x1=2.242500, y1=-0.160494, x2=2.242500, y2=1.074074
Error in <TCanvas::RangeAxis>: illegal axis coordinates range: xmin=2.242500, ymin=0.000000, xmax=2.242500, ymax=1.000000
Error in <TDecompChol::Decompose()>: matrix not positive definite
Error in <TDecompChol::Solve()>: Decomposition failed
Error in <TLinearFitter::Eval>: Matrix inversion failed
Error in <TDecompChol::Decompose()>: matrix not positive definite
Error in <TDecompChol::Solve()>: Decomposition failed
Error in <TLinearFitter::Eval>: Matrix inversion failed
Error in <TDecompChol::Decompose()>: matrix not positive definite
Error in <TDecompChol::Solve()>: Decomposition failed
Error in <TLinearFitter::Eval>: Matrix inversion failed
Error in <TCanvas::Range>: illegal world coordinates range: x1=1.207500, y1=-0.160494, x2=1.207500, y2=1.074074
Error in <TCanvas::RangeAxis>: illegal axis coordinates range: xmin=1.207500, ymin=0.000000, xmax=1.207500, ymax=1.000000
Error in <TCanvas::Range>: illegal world coordinates range: x1=1.207500, y1=-0.160494, x2=1.207500, y2=1.074074
Error in <TCanvas::RangeAxis>: illegal axis coordinates range: xmin=1.207500, ymin=0.000000, xmax=1.207500, ymax=1.000000
Error in <TCanvas::Range>: illegal world coordinates range: x1=0.997500, y1=-0.160494, x2=0.997500, y2=1.074074
Error in <TCanvas::RangeAxis>: illegal axis coordinates range: xmin=0.997500, ymin=0.000000, xmax=0.997500, ymax=1.000000
Error in <TCanvas::Range>: illegal world coordinates range: x1=0.997500, y1=-0.160494, x2=0.997500, y2=1.074074
Error in <TCanvas::RangeAxis>: illegal axis coordinates range: xmin=0.997500, ymin=0.000000, xmax=0.997500, ymax=1.000000
Error in <TCanvas::Range>: illegal world coordinates range: x1=0.722500, y1=-0.160494, x2=0.722500, y2=1.074074
Error in <TCanvas::RangeAxis>: illegal axis coordinates range: xmin=0.722500, ymin=0.000000, xmax=0.722500, ymax=1.000000
Error in <TCanvas::Range>: illegal world coordinates range: x1=0.722500, y1=-0.160494, x2=0.722500, y2=1.074074
Error in <TCanvas::RangeAxis>: illegal axis coordinates range: xmin=0.722500, ymin=0.000000, xmax=0.722500, ymax=1.000000
Error in <TCanvas::Range>: illegal world coordinates range: x1=0.472500, y1=-0.160494, x2=0.472500, y2=1.074074
Error in <TCanvas::RangeAxis>: illegal axis coordinates range: xmin=0.472500, ymin=0.000000, xmax=0.472500, ymax=1.000000
Error in <TCanvas::Range>: illegal world coordinates range: x1=0.472500, y1=-0.160494, x2=0.472500, y2=1.074074
Error in <TCanvas::RangeAxis>: illegal axis coordinates range: xmin=0.472500, ymin=0.000000, xmax=0.472500, ymax=1.000000
Error in <TCanvas::Range>: illegal world coordinates range: x1=0.582500, y1=-0.160494, x2=0.582500, y2=1.074074
Error in <TCanvas::RangeAxis>: illegal axis coordinates range: xmin=0.582500, ymin=0.000000, xmax=0.582500, ymax=1.000000
Error in <TCanvas::Range>: illegal world coordinates range: x1=0.582500, y1=-0.160494, x2=0.582500, y2=1.074074
Error in <TCanvas::RangeAxis>: illegal axis coordinates range: xmin=0.582500, ymin=0.000000, xmax=0.582500, ymax=1.000000
Error in <TCanvas::Range>: illegal world coordinates range: x1=0.487500, y1=-0.160494, x2=0.487500, y2=1.074074
Error in <TCanvas::RangeAxis>: illegal axis coordinates range: xmin=0.487500, ymin=0.000000, xmax=0.487500, ymax=1.000000
Error in <TCanvas::Range>: illegal world coordinates range: x1=0.487500, y1=-0.160494, x2=0.487500, y2=1.074074
Error in <TCanvas::RangeAxis>: illegal axis coordinates range: xmin=0.487500, ymin=0.000000, xmax=0.487500, ymax=1.000000
Error in <TDecompChol::Decompose()>: matrix not positive definite
Error in <TDecompChol::Solve()>: Decomposition failed
Error in <TLinearFitter::Eval>: Matrix inversion failed
Error in <TDecompChol::Decompose()>: matrix not positive definite
Error in <TDecompChol::Solve()>: Decomposition failed
Error in <TLinearFitter::Eval>: Matrix inversion failed
Error in <TDecompChol::Decompose()>: matrix not positive definite
Error in <TDecompChol::Solve()>: Decomposition failed
Error in <TLinearFitter::Eval>: Matrix inversion failed
Error in <TDecompChol::Decompose()>: matrix not positive definite
Error in <TDecompChol::Solve()>: Decomposition failed
Error in <TLinearFitter::Eval>: Matrix inversion failed
Error in <TDecompChol::Decompose()>: matrix not positive definite
Error in <TDecompChol::Solve()>: Decomposition failed
Error in <TLinearFitter::Eval>: Matrix inversion failed
Error in <TDecompChol::Decompose()>: matrix not positive definite
Error in <TDecompChol::Solve()>: Decomposition failed
Error in <TLinearFitter::Eval>: Matrix inversion failed
Error in <TDecompChol::Decompose()>: matrix not positive definite
Error in <TDecompChol::Solve()>: Decomposition failed
Error in <TLinearFitter::Eval>: Matrix inversion failed
Error in <TDecompChol::Decompose()>: matrix not positive definite
Error in <TDecompChol::Solve()>: Decomposition failed
Error in <TLinearFitter::Eval>: Matrix inversion failed
Error in <TCanvas::Range>: illegal world coordinates range: x1=0.992500, y1=-0.160494, x2=0.992500, y2=1.074074
Error in <TCanvas::RangeAxis>: illegal axis coordinates range: xmin=0.992500, ymin=0.000000, xmax=0.992500, ymax=1.000000
Error in <TCanvas::Range>: illegal world coordinates range: x1=0.992500, y1=-0.160494, x2=0.992500, y2=1.074074
Error in <TCanvas::RangeAxis>: illegal axis coordinates range: xmin=0.992500, ymin=0.000000, xmax=0.992500, ymax=1.000000
Error in <TCanvas::Range>: illegal world coordinates range: x1=0.527500, y1=-0.160494, x2=0.527500, y2=1.074074
Error in <TCanvas::RangeAxis>: illegal axis coordinates range: xmin=0.527500, ymin=0.000000, xmax=0.527500, ymax=1.000000
Error in <TCanvas::Range>: illegal world coordinates range: x1=0.527500, y1=-0.160494, x2=0.527500, y2=1.074074
Error in <TCanvas::RangeAxis>: illegal axis coordinates range: xmin=0.527500, ymin=0.000000, xmax=0.527500, ymax=1.000000
Error in <TCanvas::Range>: illegal world coordinates range: x1=0.877500, y1=-0.160494, x2=0.877500, y2=1.074074
Error in <TCanvas::RangeAxis>: illegal axis coordinates range: xmin=0.877500, ymin=0.000000, xmax=0.877500, ymax=1.000000
Error in <TCanvas::Range>: illegal world coordinates range: x1=0.877500, y1=-0.160494, x2=0.877500, y2=1.074074
Error in <TCanvas::RangeAxis>: illegal axis coordinates range: xmin=0.877500, ymin=0.000000, xmax=0.877500, ymax=1.000000
Error in <TCanvas::Range>: illegal world coordinates range: x1=1.112500, y1=-0.160494, x2=1.112500, y2=1.074074
Error in <TCanvas::RangeAxis>: illegal axis coordinates range: xmin=1.112500, ymin=0.000000, xmax=1.112500, ymax=1.000000
Error in <TCanvas::Range>: illegal world coordinates range: x1=1.112500, y1=-0.160494, x2=1.112500, y2=1.074074
Error in <TCanvas::RangeAxis>: illegal axis coordinates range: xmin=1.112500, ymin=0.000000, xmax=1.112500, ymax=1.000000
Error in <TCanvas::Range>: illegal world coordinates range: x1=0.637500, y1=-0.160494, x2=0.637500, y2=1.074074
Error in <TCanvas::RangeAxis>: illegal axis coordinates range: xmin=0.637500, ymin=0.000000, xmax=0.637500, ymax=1.000000
Error in <TCanvas::Range>: illegal world coordinates range: x1=0.637500, y1=-0.160494, x2=0.637500, y2=1.074074
Error in <TCanvas::RangeAxis>: illegal axis coordinates range: xmin=0.637500, ymin=0.000000, xmax=0.637500, ymax=1.000000
Error in <TCanvas::Range>: illegal world coordinates range: x1=0.817500, y1=-0.160494, x2=0.817500, y2=1.074074
Error in <TCanvas::RangeAxis>: illegal axis coordinates range: xmin=0.817500, ymin=0.000000, xmax=0.817500, ymax=1.000000
Error in <TCanvas::Range>: illegal world coordinates range: x1=0.817500, y1=-0.160494, x2=0.817500, y2=1.074074
Error in <TCanvas::RangeAxis>: illegal axis coordinates range: xmin=0.817500, ymin=0.000000, xmax=0.817500, ymax=1.000000
Error in <TDecompChol::Decompose()>: matrix not positive definite
Error in <TDecompChol::Solve()>: Decomposition failed
Error in <TLinearFitter::Eval>: Matrix inversion failed
Error in <TDecompChol::Decompose()>: matrix not positive definite
Error in <TDecompChol::Solve()>: Decomposition failed
Error in <TLinearFitter::Eval>: Matrix inversion failed
Error in <TDecompChol::Decompose()>: matrix not positive definite
Error in <TDecompChol::Solve()>: Decomposition failed
Error in <TLinearFitter::Eval>: Matrix inversion failed
Error in <TDecompChol::Decompose()>: matrix not positive definite
Error in <TDecompChol::Solve()>: Decomposition failed
Error in <TLinearFitter::Eval>: Matrix inversion failed
Error in <TDecompChol::Decompose()>: matrix not positive definite
Error in <TDecompChol::Solve()>: Decomposition failed
Error in <TLinearFitter::Eval>: Matrix inversion failed
Error in <TDecompChol::Decompose()>: matrix not positive definite
Error in <TDecompChol::Solve()>: Decomposition failed
Error in <TLinearFitter::Eval>: Matrix inversion failed
Error in <TDecompChol::Decompose()>: matrix not positive definite
Error in <TDecompChol::Solve()>: Decomposition failed
Error in <TLinearFitter::Eval>: Matrix inversion failed
Error in <TDecompChol::Decompose()>: matrix not positive definite
Error in <TDecompChol::Solve()>: Decomposition failed
Error in <TLinearFitter::Eval>: Matrix inversion failed
Error in <TDecompChol::Decompose()>: matrix not positive definite
Error in <TDecompChol::Solve()>: Decomposition failed
Error in <TLinearFitter::Eval>: Matrix inversion failed
Error in <TDecompChol::Decompose()>: matrix not positive definite
Error in <TDecompChol::Solve()>: Decomposition failed
Error in <TLinearFitter::Eval>: Matrix inversion failed
