000 (15271413.081.000) 12/18 14:02:23 Job submitted from host: <188.184.90.241:9618?addrs=188.184.90.241-9618+[2001-1458-201-e4--100-2eb]-9618&alias=bigbird15.cern.ch&noUDP&sock=schedd_2763_c443>
...
040 (15271413.081.000) 12/18 14:06:17 Started transferring input files
	Transferring to host: <128.142.63.88:9618?addrs=128.142.63.88-9618+[2001-1458-301-38--100-55]-9618&alias=b9s08p4844.cern.ch&noUDP&sock=slot1_16_154400_8480_25942>
...
040 (15271413.081.000) 12/18 14:06:17 Finished transferring input files
...
001 (15271413.081.000) 12/18 14:06:18 Job executing on host: <128.142.63.88:9618?addrs=128.142.63.88-9618+[2001-1458-301-38--100-55]-9618&alias=b9s08p4844.cern.ch&noUDP&sock=startd_142834_d272>
...
006 (15271413.081.000) 12/18 14:06:28 Image size of job updated: 249188
	219  -  MemoryUsage of job (MB)
	223676  -  ResidentSetSize of job (KB)
...
006 (15271413.081.000) 12/18 14:11:28 Image size of job updated: 726872
	710  -  MemoryUsage of job (MB)
	726300  -  ResidentSetSize of job (KB)
...
006 (15271413.081.000) 12/18 14:16:28 Image size of job updated: 3394004
	710  -  MemoryUsage of job (MB)
	726300  -  ResidentSetSize of job (KB)
...
040 (15271413.081.000) 12/18 14:16:28 Started transferring output files
...
040 (15271413.081.000) 12/18 14:16:28 Finished transferring output files
...
005 (15271413.081.000) 12/18 14:16:28 Job terminated.
	(1) Normal termination (return value 0)
		Usr 0 00:06:51, Sys 0 00:00:05  -  Run Remote Usage
		Usr 0 00:00:00, Sys 0 00:00:00  -  Run Local Usage
		Usr 0 00:06:51, Sys 0 00:00:05  -  Total Remote Usage
		Usr 0 00:00:00, Sys 0 00:00:00  -  Total Local Usage
	187183  -  Run Bytes Sent By Job
	269  -  Run Bytes Received By Job
	187183  -  Total Bytes Sent By Job
	269  -  Total Bytes Received By Job
	Partitionable Resources :    Usage  Request Allocated 
	   Cpus                 :     0.94        1         1 
	   Disk (KB)            :   227           1   2898816 
	   Memory (MB)          :   710        2000      2000 

	Job terminated of its own accord at 2023-12-18T13:16:28Z.
...
