000 (15149098.048.000) 09/27 08:23:39 Job submitted from host: <188.184.90.241:9618?addrs=188.184.90.241-9618+[2001-1458-201-e4--100-2eb]-9618&alias=bigbird15.cern.ch&noUDP&sock=schedd_2763_c443>
...
040 (15149098.048.000) 09/27 08:40:26 Started transferring input files
	Transferring to host: <128.142.61.39:9618?addrs=128.142.61.39-9618&alias=b7s06p7473.cern.ch&noUDP&sock=slot1_12_4176_1ea3_6818>
...
040 (15149098.048.000) 09/27 08:40:26 Finished transferring input files
...
001 (15149098.048.000) 09/27 08:40:27 Job executing on host: <128.142.61.39:9618?addrs=128.142.61.39-9618&alias=b7s06p7473.cern.ch&noUDP&sock=startd_2851_2099>
...
006 (15149098.048.000) 09/27 08:40:36 Image size of job updated: 581336
	59  -  MemoryUsage of job (MB)
	59956  -  ResidentSetSize of job (KB)
...
006 (15149098.048.000) 09/27 08:45:37 Image size of job updated: 1129848
	602  -  MemoryUsage of job (MB)
	616332  -  ResidentSetSize of job (KB)
...
006 (15149098.048.000) 09/27 08:50:38 Image size of job updated: 1152796
	602  -  MemoryUsage of job (MB)
	616332  -  ResidentSetSize of job (KB)
...
006 (15149098.048.000) 09/27 08:55:38 Image size of job updated: 3836720
	602  -  MemoryUsage of job (MB)
	616332  -  ResidentSetSize of job (KB)
...
006 (15149098.048.000) 09/27 08:58:44 Image size of job updated: 3912840
	602  -  MemoryUsage of job (MB)
	616332  -  ResidentSetSize of job (KB)
...
040 (15149098.048.000) 09/27 08:58:44 Started transferring output files
...
040 (15149098.048.000) 09/27 08:58:44 Finished transferring output files
...
005 (15149098.048.000) 09/27 08:58:44 Job terminated.
	(1) Normal termination (return value 0)
		Usr 0 00:09:21, Sys 0 00:00:15  -  Run Remote Usage
		Usr 0 00:00:00, Sys 0 00:00:00  -  Run Local Usage
		Usr 0 00:09:21, Sys 0 00:00:15  -  Total Remote Usage
		Usr 0 00:00:00, Sys 0 00:00:00  -  Total Local Usage
	83713  -  Run Bytes Sent By Job
	323  -  Run Bytes Received By Job
	83713  -  Total Bytes Sent By Job
	323  -  Total Bytes Received By Job
	Partitionable Resources :    Usage  Request Allocated 
	   Cpus                 :     0.04        1         1 
	   Disk (KB)            :   102           1   1241982 
	   Memory (MB)          :   602        2000      2000 

	Job terminated of its own accord at 2023-09-27T06:58:44Z.
...
