000 (15150662.129.000) 09/28 15:49:40 Job submitted from host: <188.184.90.241:9618?addrs=188.184.90.241-9618+[2001-1458-201-e4--100-2eb]-9618&alias=bigbird15.cern.ch&noUDP&sock=schedd_2763_c443>
...
040 (15150662.129.000) 09/28 16:01:30 Started transferring input files
	Transferring to host: <188.184.163.88:9618?addrs=188.184.163.88-9618+[2001-1458-301-4d--100-52]-9618&alias=b7s12p6841.cern.ch&noUDP&sock=slot1_12_4729_c219_52471>
...
040 (15150662.129.000) 09/28 16:01:30 Finished transferring input files
...
001 (15150662.129.000) 09/28 16:01:31 Job executing on host: <188.184.163.88:9618?addrs=188.184.163.88-9618+[2001-1458-301-4d--100-52]-9618&alias=b7s12p6841.cern.ch&noUDP&sock=startd_3112_26d1>
...
006 (15150662.129.000) 09/28 16:01:36 Image size of job updated: 109188
	0  -  MemoryUsage of job (MB)
	0  -  ResidentSetSize of job (KB)
...
040 (15150662.129.000) 09/28 16:01:36 Started transferring output files
...
040 (15150662.129.000) 09/28 16:01:36 Finished transferring output files
...
005 (15150662.129.000) 09/28 16:01:36 Job terminated.
	(1) Normal termination (return value 0)
		Usr 0 00:00:01, Sys 0 00:00:00  -  Run Remote Usage
		Usr 0 00:00:00, Sys 0 00:00:00  -  Run Local Usage
		Usr 0 00:00:01, Sys 0 00:00:00  -  Total Remote Usage
		Usr 0 00:00:00, Sys 0 00:00:00  -  Total Local Usage
	7608  -  Run Bytes Sent By Job
	374  -  Run Bytes Received By Job
	7608  -  Total Bytes Sent By Job
	374  -  Total Bytes Received By Job
	Partitionable Resources :    Usage  Request Allocated 
	   Cpus                 :                 1         1 
	   Disk (KB)            :       21        1   3041781 
	   Memory (MB)          :        0     2000      2000 

	Job terminated of its own accord at 2023-09-28T14:01:36Z.
...
