000 (15151337.037.000) 10/02 16:23:27 Job submitted from host: <188.184.90.241:9618?addrs=188.184.90.241-9618+[2001-1458-201-e4--100-2eb]-9618&alias=bigbird15.cern.ch&noUDP&sock=schedd_2763_c443>
...
040 (15151337.037.000) 10/02 16:27:18 Started transferring input files
	Transferring to host: <128.142.56.59:9618?addrs=128.142.56.59-9618+[2001-1458-301-6--100-3a]-9618&alias=b7s01p6579.cern.ch&noUDP&sock=slot1_9_3848_0396_190204>
...
040 (15151337.037.000) 10/02 16:27:18 Finished transferring input files
...
001 (15151337.037.000) 10/02 16:27:19 Job executing on host: <128.142.56.59:9618?addrs=128.142.56.59-9618+[2001-1458-301-6--100-3a]-9618&alias=b7s01p6579.cern.ch&noUDP&sock=startd_3158_b42c>
...
006 (15151337.037.000) 10/02 16:27:28 Image size of job updated: 688452
	53  -  MemoryUsage of job (MB)
	54128  -  ResidentSetSize of job (KB)
...
006 (15151337.037.000) 10/02 16:32:29 Image size of job updated: 1074712
	600  -  MemoryUsage of job (MB)
	613404  -  ResidentSetSize of job (KB)
...
006 (15151337.037.000) 10/02 16:37:29 Image size of job updated: 1174880
	600  -  MemoryUsage of job (MB)
	613404  -  ResidentSetSize of job (KB)
...
006 (15151337.037.000) 10/02 16:47:30 Image size of job updated: 3593708
	600  -  MemoryUsage of job (MB)
	613404  -  ResidentSetSize of job (KB)
...
006 (15151337.037.000) 10/02 16:52:31 Image size of job updated: 3636784
	600  -  MemoryUsage of job (MB)
	613404  -  ResidentSetSize of job (KB)
...
006 (15151337.037.000) 10/02 16:57:31 Image size of job updated: 3837224
	600  -  MemoryUsage of job (MB)
	613404  -  ResidentSetSize of job (KB)
...
006 (15151337.037.000) 10/02 17:02:32 Image size of job updated: 3840768
	600  -  MemoryUsage of job (MB)
	613404  -  ResidentSetSize of job (KB)
...
006 (15151337.037.000) 10/02 17:07:33 Image size of job updated: 3886996
	600  -  MemoryUsage of job (MB)
	613404  -  ResidentSetSize of job (KB)
...
006 (15151337.037.000) 10/02 17:12:33 Image size of job updated: 3898424
	600  -  MemoryUsage of job (MB)
	613404  -  ResidentSetSize of job (KB)
...
006 (15151337.037.000) 10/02 17:14:39 Image size of job updated: 3909024
	600  -  MemoryUsage of job (MB)
	613404  -  ResidentSetSize of job (KB)
...
040 (15151337.037.000) 10/02 17:14:39 Started transferring output files
...
040 (15151337.037.000) 10/02 17:14:39 Finished transferring output files
...
005 (15151337.037.000) 10/02 17:14:39 Job terminated.
	(1) Normal termination (return value 0)
		Usr 0 00:10:46, Sys 0 00:00:17  -  Run Remote Usage
		Usr 0 00:00:00, Sys 0 00:00:00  -  Run Local Usage
		Usr 0 00:10:46, Sys 0 00:00:17  -  Total Remote Usage
		Usr 0 00:00:00, Sys 0 00:00:00  -  Total Local Usage
	83205  -  Run Bytes Sent By Job
	323  -  Run Bytes Received By Job
	83205  -  Total Bytes Sent By Job
	323  -  Total Bytes Received By Job
	Partitionable Resources :    Usage  Request Allocated 
	   Cpus                 :     0.17        1         1 
	   Disk (KB)            :   103           1   1285826 
	   Memory (MB)          :   600        2000      2000 

	Job terminated of its own accord at 2023-10-02T15:14:39Z.
...
