000 (14759903.001.000) 03/28 14:29:27 Job submitted from host: <188.184.90.241:9618?addrs=188.184.90.241-9618+[2001-1458-201-e4--100-2eb]-9618&alias=bigbird15.cern.ch&noUDP&sock=schedd_3631588_e24a>
...
040 (14759903.001.000) 03/28 15:23:45 Started transferring input files
	Transferring to host: <128.142.248.182:9618?addrs=128.142.248.182-9618+[2001-1458-301-73--100-b5]-9618&alias=b7g23p6365.cern.ch&noUDP&sock=slot1_21_3916_ed18_119252>
...
040 (14759903.001.000) 03/28 15:23:45 Finished transferring input files
...
001 (14759903.001.000) 03/28 15:23:46 Job executing on host: <128.142.248.182:9618?addrs=128.142.248.182-9618+[2001-1458-301-73--100-b5]-9618&alias=b7g23p6365.cern.ch&noUDP&sock=startd_3299_6b07>
...
006 (14759903.001.000) 03/28 15:23:55 Image size of job updated: 554252
	47  -  MemoryUsage of job (MB)
	47812  -  ResidentSetSize of job (KB)
...
006 (14759903.001.000) 03/28 15:28:56 Image size of job updated: 955256
	63  -  MemoryUsage of job (MB)
	64444  -  ResidentSetSize of job (KB)
...
006 (14759903.001.000) 03/28 15:33:56 Image size of job updated: 3318228
	314  -  MemoryUsage of job (MB)
	320780  -  ResidentSetSize of job (KB)
...
006 (14759903.001.000) 03/28 15:38:57 Image size of job updated: 3378652
	374  -  MemoryUsage of job (MB)
	382284  -  ResidentSetSize of job (KB)
...
006 (14759903.001.000) 03/28 15:39:37 Image size of job updated: 3384180
	374  -  MemoryUsage of job (MB)
	382284  -  ResidentSetSize of job (KB)
...
040 (14759903.001.000) 03/28 15:39:38 Started transferring output files
...
040 (14759903.001.000) 03/28 15:39:40 Finished transferring output files
...
005 (14759903.001.000) 03/28 15:39:43 Job terminated.
	(1) Normal termination (return value 0)
		Usr 0 00:04:22, Sys 0 00:00:08  -  Run Remote Usage
		Usr 0 00:00:00, Sys 0 00:00:00  -  Run Local Usage
		Usr 0 00:04:22, Sys 0 00:00:08  -  Total Remote Usage
		Usr 0 00:00:00, Sys 0 00:00:00  -  Total Local Usage
	75339  -  Run Bytes Sent By Job
	323  -  Run Bytes Received By Job
	75339  -  Total Bytes Sent By Job
	323  -  Total Bytes Received By Job
	Partitionable Resources :    Usage  Request Allocated 
	   Cpus                 :     0.10        1         1 
	   Disk (KB)            :    95           1   3003245 
	   Memory (MB)          :   374        2000      2000 

	Job terminated of its own accord at 2023-03-28T13:39:37Z.
...
