000 (15148591.037.000) 09/26 23:15:32 Job submitted from host: <188.184.90.241:9618?addrs=188.184.90.241-9618+[2001-1458-201-e4--100-2eb]-9618&alias=bigbird15.cern.ch&noUDP&sock=schedd_2763_c443>
...
040 (15148591.037.000) 09/26 23:30:30 Started transferring input files
	Transferring to host: <188.184.162.164:9618?addrs=188.184.162.164-9618+[2001-1458-301-4a--100-9e]-9618&alias=b7s11p6658.cern.ch&noUDP&sock=slot1_14_179953_eaef_59236>
...
040 (15148591.037.000) 09/26 23:30:30 Finished transferring input files
...
001 (15148591.037.000) 09/26 23:30:31 Job executing on host: <188.184.162.164:9618?addrs=188.184.162.164-9618+[2001-1458-301-4a--100-9e]-9618&alias=b7s11p6658.cern.ch&noUDP&sock=startd_3243_01b9>
...
006 (15148591.037.000) 09/26 23:30:39 Image size of job updated: 54740
	53  -  MemoryUsage of job (MB)
	54252  -  ResidentSetSize of job (KB)
...
006 (15148591.037.000) 09/26 23:35:39 Image size of job updated: 1103532
	554  -  MemoryUsage of job (MB)
	567264  -  ResidentSetSize of job (KB)
...
006 (15148591.037.000) 09/26 23:40:40 Image size of job updated: 1407936
	827  -  MemoryUsage of job (MB)
	846552  -  ResidentSetSize of job (KB)
...
006 (15148591.037.000) 09/26 23:55:41 Image size of job updated: 4162848
	827  -  MemoryUsage of job (MB)
	846552  -  ResidentSetSize of job (KB)
...
006 (15148591.037.000) 09/27 00:00:42 Image size of job updated: 4446916
	827  -  MemoryUsage of job (MB)
	846552  -  ResidentSetSize of job (KB)
...
006 (15148591.037.000) 09/27 00:05:42 Image size of job updated: 4512208
	827  -  MemoryUsage of job (MB)
	846552  -  ResidentSetSize of job (KB)
...
006 (15148591.037.000) 09/27 00:09:32 Image size of job updated: 4539432
	827  -  MemoryUsage of job (MB)
	846552  -  ResidentSetSize of job (KB)
...
040 (15148591.037.000) 09/27 00:09:32 Started transferring output files
...
040 (15148591.037.000) 09/27 00:09:32 Finished transferring output files
...
005 (15148591.037.000) 09/27 00:09:32 Job terminated.
	(1) Normal termination (return value 0)
		Usr 0 00:14:12, Sys 0 00:00:29  -  Run Remote Usage
		Usr 0 00:00:00, Sys 0 00:00:00  -  Run Local Usage
		Usr 0 00:14:12, Sys 0 00:00:29  -  Total Remote Usage
		Usr 0 00:00:00, Sys 0 00:00:00  -  Total Local Usage
	95164  -  Run Bytes Sent By Job
	323  -  Run Bytes Received By Job
	95164  -  Total Bytes Sent By Job
	323  -  Total Bytes Received By Job
	Partitionable Resources :    Usage  Request Allocated 
	   Cpus                 :     0.07        1         1 
	   Disk (KB)            :   114           1   3011917 
	   Memory (MB)          :   827        2000      2000 

	Job terminated of its own accord at 2023-09-26T22:09:32Z.
...
