000 (15159743.088.000) 10/09 07:56:33 Job submitted from host: <188.184.90.241:9618?addrs=188.184.90.241-9618+[2001-1458-201-e4--100-2eb]-9618&alias=bigbird15.cern.ch&noUDP&sock=schedd_2763_c443>
...
040 (15159743.088.000) 10/09 08:10:14 Started transferring input files
	Transferring to host: <128.142.130.26:9618?addrs=128.142.130.26-9618+[2001-1458-301-58--100-e]-9618&alias=b7g20p9528.cern.ch&noUDP&sock=slot1_32_8568_ae55_189408>
...
040 (15159743.088.000) 10/09 08:10:14 Finished transferring input files
...
001 (15159743.088.000) 10/09 08:10:15 Job executing on host: <128.142.130.26:9618?addrs=128.142.130.26-9618+[2001-1458-301-58--100-e]-9618&alias=b7g20p9528.cern.ch&noUDP&sock=startd_7570_f805>
...
006 (15159743.088.000) 10/09 08:10:24 Image size of job updated: 136572
	52  -  MemoryUsage of job (MB)
	52280  -  ResidentSetSize of job (KB)
...
006 (15159743.088.000) 10/09 08:15:25 Image size of job updated: 880932
	362  -  MemoryUsage of job (MB)
	370576  -  ResidentSetSize of job (KB)
...
006 (15159743.088.000) 10/09 08:20:25 Image size of job updated: 2494984
	1962  -  MemoryUsage of job (MB)
	2008788  -  ResidentSetSize of job (KB)
...
006 (15159743.088.000) 10/09 08:21:52 Image size of job updated: 3013220
	1962  -  MemoryUsage of job (MB)
	2008788  -  ResidentSetSize of job (KB)
...
040 (15159743.088.000) 10/09 08:21:52 Started transferring output files
...
040 (15159743.088.000) 10/09 08:21:52 Finished transferring output files
...
005 (15159743.088.000) 10/09 08:21:52 Job terminated.
	(1) Normal termination (return value 0)
		Usr 0 00:10:17, Sys 0 00:00:14  -  Run Remote Usage
		Usr 0 00:00:00, Sys 0 00:00:00  -  Run Local Usage
		Usr 0 00:10:17, Sys 0 00:00:14  -  Total Remote Usage
		Usr 0 00:00:00, Sys 0 00:00:00  -  Total Local Usage
	149382  -  Run Bytes Sent By Job
	269  -  Run Bytes Received By Job
	149382  -  Total Bytes Sent By Job
	269  -  Total Bytes Received By Job
	Partitionable Resources :    Usage  Request Allocated 
	   Cpus                 :     0.96        1         1 
	   Disk (KB)            :   167           1   1611327 
	   Memory (MB)          :  1962        2000      2000 

	Job terminated of its own accord at 2023-10-09T06:21:52Z.
...
