000 (15150654.194.000) 09/28 14:27:13 Job submitted from host: <188.184.90.241:9618?addrs=188.184.90.241-9618+[2001-1458-201-e4--100-2eb]-9618&alias=bigbird15.cern.ch&noUDP&sock=schedd_2763_c443>
...
040 (15150654.194.000) 09/28 14:47:01 Started transferring input files
	Transferring to host: <128.142.56.101:9618?addrs=128.142.56.101-9618+[2001-1458-301-6--100-64]-9618&alias=b7s01p7623.cern.ch&noUDP&sock=slot1_23_4094_57e0_195838>
...
040 (15150654.194.000) 09/28 14:47:01 Finished transferring input files
...
001 (15150654.194.000) 09/28 14:47:02 Job executing on host: <128.142.56.101:9618?addrs=128.142.56.101-9618+[2001-1458-301-6--100-64]-9618&alias=b7s01p7623.cern.ch&noUDP&sock=startd_2923_836b>
...
006 (15150654.194.000) 09/28 14:47:10 Image size of job updated: 911192
	121  -  MemoryUsage of job (MB)
	123280  -  ResidentSetSize of job (KB)
...
006 (15150654.194.000) 09/28 14:49:25 Image size of job updated: 921592
	121  -  MemoryUsage of job (MB)
	123280  -  ResidentSetSize of job (KB)
...
040 (15150654.194.000) 09/28 14:49:25 Started transferring output files
...
040 (15150654.194.000) 09/28 14:49:25 Finished transferring output files
...
005 (15150654.194.000) 09/28 14:49:25 Job terminated.
	(1) Normal termination (return value 0)
		Usr 0 00:00:09, Sys 0 00:00:00  -  Run Remote Usage
		Usr 0 00:00:00, Sys 0 00:00:00  -  Run Local Usage
		Usr 0 00:00:09, Sys 0 00:00:00  -  Total Remote Usage
		Usr 0 00:00:00, Sys 0 00:00:00  -  Total Local Usage
	8015  -  Run Bytes Sent By Job
	374  -  Run Bytes Received By Job
	8015  -  Total Bytes Sent By Job
	374  -  Total Bytes Received By Job
	Partitionable Resources :    Usage  Request Allocated 
	   Cpus                 :                 1         1 
	   Disk (KB)            :       22        1   1320614 
	   Memory (MB)          :      121     2000      2000 

	Job terminated of its own accord at 2023-09-28T12:49:25Z.
...
