000 (15150662.072.000) 09/28 15:49:40 Job submitted from host: <188.184.90.241:9618?addrs=188.184.90.241-9618+[2001-1458-201-e4--100-2eb]-9618&alias=bigbird15.cern.ch&noUDP&sock=schedd_2763_c443>
...
040 (15150662.072.000) 09/28 16:01:11 Started transferring input files
	Transferring to host: <128.142.60.91:9618?addrs=128.142.60.91-9618+[2001-1458-301-22--100-5a]-9618&alias=b7s05p9425.cern.ch&noUDP&sock=slot1_7_20568_c43d_128373>
...
040 (15150662.072.000) 09/28 16:01:11 Finished transferring input files
...
001 (15150662.072.000) 09/28 16:01:12 Job executing on host: <128.142.60.91:9618?addrs=128.142.60.91-9618+[2001-1458-301-22--100-5a]-9618&alias=b7s05p9425.cern.ch&noUDP&sock=startd_20530_736b>
...
006 (15150662.072.000) 09/28 16:01:21 Image size of job updated: 129448
	124  -  MemoryUsage of job (MB)
	126192  -  ResidentSetSize of job (KB)
...
006 (15150662.072.000) 09/28 16:03:45 Image size of job updated: 914968
	124  -  MemoryUsage of job (MB)
	126192  -  ResidentSetSize of job (KB)
...
040 (15150662.072.000) 09/28 16:03:45 Started transferring output files
...
040 (15150662.072.000) 09/28 16:03:45 Finished transferring output files
...
005 (15150662.072.000) 09/28 16:03:45 Job terminated.
	(1) Normal termination (return value 0)
		Usr 0 00:00:05, Sys 0 00:00:01  -  Run Remote Usage
		Usr 0 00:00:00, Sys 0 00:00:00  -  Run Local Usage
		Usr 0 00:00:05, Sys 0 00:00:01  -  Total Remote Usage
		Usr 0 00:00:00, Sys 0 00:00:00  -  Total Local Usage
	8837  -  Run Bytes Sent By Job
	374  -  Run Bytes Received By Job
	8837  -  Total Bytes Sent By Job
	374  -  Total Bytes Received By Job
	Partitionable Resources :    Usage  Request Allocated 
	   Cpus                 :                 1         1 
	   Disk (KB)            :       23        1   2970524 
	   Memory (MB)          :      124     2000      2000 

	Job terminated of its own accord at 2023-09-28T14:03:45Z.
...
