000 (15155243.048.000) 10/07 13:26:29 Job submitted from host: <188.184.90.241:9618?addrs=188.184.90.241-9618+[2001-1458-201-e4--100-2eb]-9618&alias=bigbird15.cern.ch&noUDP&sock=schedd_2763_c443>
...
040 (15155243.048.000) 10/07 13:32:02 Started transferring input files
	Transferring to host: <128.142.137.187:9618?addrs=128.142.137.187-9618+[2001-1458-301-5e--100-af]-9618&alias=b7g19p7305.cern.ch&noUDP&sock=slot1_12_3391_0423_53671>
...
040 (15155243.048.000) 10/07 13:32:02 Finished transferring input files
...
001 (15155243.048.000) 10/07 13:32:03 Job executing on host: <128.142.137.187:9618?addrs=128.142.137.187-9618+[2001-1458-301-5e--100-af]-9618&alias=b7g19p7305.cern.ch&noUDP&sock=startd_2927_41cb>
...
006 (15155243.048.000) 10/07 13:32:12 Image size of job updated: 712448
	53  -  MemoryUsage of job (MB)
	53272  -  ResidentSetSize of job (KB)
...
040 (15155243.048.000) 10/07 13:32:33 Started transferring output files
...
040 (15155243.048.000) 10/07 13:32:33 Finished transferring output files
...
005 (15155243.048.000) 10/07 13:32:33 Job terminated.
	(1) Normal termination (return value 0)
		Usr 0 00:00:10, Sys 0 00:00:03  -  Run Remote Usage
		Usr 0 00:00:00, Sys 0 00:00:00  -  Run Local Usage
		Usr 0 00:00:10, Sys 0 00:00:03  -  Total Remote Usage
		Usr 0 00:00:00, Sys 0 00:00:00  -  Total Local Usage
	25187  -  Run Bytes Sent By Job
	323  -  Run Bytes Received By Job
	25187  -  Total Bytes Sent By Job
	323  -  Total Bytes Received By Job
	Partitionable Resources :    Usage  Request Allocated 
	   Cpus                 :                 1         1 
	   Disk (KB)            :       39        1   1517474 
	   Memory (MB)          :       53     2000      2000 

	Job terminated of its own accord at 2023-10-07T11:32:33Z.
...
