000 (15159756.002.000) 10/09 09:27:43 Job submitted from host: <188.184.90.241:9618?addrs=188.184.90.241-9618+[2001-1458-201-e4--100-2eb]-9618&alias=bigbird15.cern.ch&noUDP&sock=schedd_2763_c443>
...
040 (15159756.002.000) 10/09 11:14:40 Started transferring input files
	Transferring to host: <128.142.56.93:9618?addrs=128.142.56.93-9618+[2001-1458-301-6--100-5c]-9618&alias=b7s01p9446.cern.ch&noUDP&sock=slot1_19_4776_dfbb_214438>
...
040 (15159756.002.000) 10/09 11:14:41 Finished transferring input files
...
001 (15159756.002.000) 10/09 11:14:41 Job executing on host: <128.142.56.93:9618?addrs=128.142.56.93-9618+[2001-1458-301-6--100-5c]-9618&alias=b7s01p9446.cern.ch&noUDP&sock=startd_3286_804b>
...
006 (15159756.002.000) 10/09 11:14:50 Image size of job updated: 625548
	59  -  MemoryUsage of job (MB)
	59548  -  ResidentSetSize of job (KB)
...
006 (15159756.002.000) 10/09 11:19:50 Image size of job updated: 957828
	426  -  MemoryUsage of job (MB)
	435304  -  ResidentSetSize of job (KB)
...
006 (15159756.002.000) 10/09 11:23:34 Image size of job updated: 3408992
	426  -  MemoryUsage of job (MB)
	435304  -  ResidentSetSize of job (KB)
...
040 (15159756.002.000) 10/09 11:23:34 Started transferring output files
...
040 (15159756.002.000) 10/09 11:23:34 Finished transferring output files
...
005 (15159756.002.000) 10/09 11:23:34 Job terminated.
	(1) Normal termination (return value 0)
		Usr 0 00:07:42, Sys 0 00:00:07  -  Run Remote Usage
		Usr 0 00:00:00, Sys 0 00:00:00  -  Run Local Usage
		Usr 0 00:07:42, Sys 0 00:00:07  -  Total Remote Usage
		Usr 0 00:00:00, Sys 0 00:00:00  -  Total Local Usage
	165209  -  Run Bytes Sent By Job
	269  -  Run Bytes Received By Job
	165209  -  Total Bytes Sent By Job
	269  -  Total Bytes Received By Job
	Partitionable Resources :    Usage  Request Allocated 
	   Cpus                 :     1.00        1         1 
	   Disk (KB)            :   183           1   1339556 
	   Memory (MB)          :   426        2000      2000 

	Job terminated of its own accord at 2023-10-09T09:23:34Z.
...
