000 (15271413.093.000) 12/18 14:02:23 Job submitted from host: <188.184.90.241:9618?addrs=188.184.90.241-9618+[2001-1458-201-e4--100-2eb]-9618&alias=bigbird15.cern.ch&noUDP&sock=schedd_2763_c443>
...
040 (15271413.093.000) 12/18 14:06:22 Started transferring input files
	Transferring to host: <188.184.162.192:9618?addrs=188.184.162.192-9618+[2001-1458-301-4a--100-ba]-9618&alias=b9s11p3093.cern.ch&noUDP&sock=slot1_2_124579_ece3_31058>
...
040 (15271413.093.000) 12/18 14:06:22 Finished transferring input files
...
001 (15271413.093.000) 12/18 14:06:23 Job executing on host: <188.184.162.192:9618?addrs=188.184.162.192-9618+[2001-1458-301-4a--100-ba]-9618&alias=b9s11p3093.cern.ch&noUDP&sock=startd_113387_a11d>
...
006 (15271413.093.000) 12/18 14:06:31 Image size of job updated: 426692
	417  -  MemoryUsage of job (MB)
	426692  -  ResidentSetSize of job (KB)
...
006 (15271413.093.000) 12/18 14:11:31 Image size of job updated: 807216
	789  -  MemoryUsage of job (MB)
	807216  -  ResidentSetSize of job (KB)
...
006 (15271413.093.000) 12/18 14:16:32 Image size of job updated: 2401296
	2346  -  MemoryUsage of job (MB)
	2401296  -  ResidentSetSize of job (KB)
...
040 (15271413.093.000) 12/18 14:18:20 Started transferring output files
...
040 (15271413.093.000) 12/18 14:18:20 Finished transferring output files
...
005 (15271413.093.000) 12/18 14:18:20 Job terminated.
	(1) Normal termination (return value 0)
		Usr 0 00:10:08, Sys 0 00:00:07  -  Run Remote Usage
		Usr 0 00:00:00, Sys 0 00:00:00  -  Run Local Usage
		Usr 0 00:10:08, Sys 0 00:00:07  -  Total Remote Usage
		Usr 0 00:00:00, Sys 0 00:00:00  -  Total Local Usage
	150660  -  Run Bytes Sent By Job
	269  -  Run Bytes Received By Job
	150660  -  Total Bytes Sent By Job
	269  -  Total Bytes Received By Job
	Partitionable Resources :    Usage  Request Allocated 
	   Cpus                 :     0.98        1         1 
	   Disk (KB)            :   191           1   2930977 
	   Memory (MB)          :  2346        2000      2000 

	Job terminated of its own accord at 2023-12-18T13:18:20Z.
...
