000 (15271413.067.000) 12/18 14:02:22 Job submitted from host: <188.184.90.241:9618?addrs=188.184.90.241-9618+[2001-1458-201-e4--100-2eb]-9618&alias=bigbird15.cern.ch&noUDP&sock=schedd_2763_c443>
...
040 (15271413.067.000) 12/18 14:06:13 Started transferring input files
	Transferring to host: <128.142.60.20:9618?addrs=128.142.60.20-9618+[2001-1458-301-22--100-13]-9618&alias=b9s05p3692.cern.ch&noUDP&sock=slot1_12_127124_1bab_10322>
...
040 (15271413.067.000) 12/18 14:06:13 Finished transferring input files
...
001 (15271413.067.000) 12/18 14:06:14 Job executing on host: <128.142.60.20:9618?addrs=128.142.60.20-9618+[2001-1458-301-22--100-13]-9618&alias=b9s05p3692.cern.ch&noUDP&sock=startd_113091_9914>
...
006 (15271413.067.000) 12/18 14:06:22 Image size of job updated: 180988
	171  -  MemoryUsage of job (MB)
	174476  -  ResidentSetSize of job (KB)
...
006 (15271413.067.000) 12/18 14:11:22 Image size of job updated: 545328
	533  -  MemoryUsage of job (MB)
	545328  -  ResidentSetSize of job (KB)
...
006 (15271413.067.000) 12/18 14:16:23 Image size of job updated: 854676
	833  -  MemoryUsage of job (MB)
	852916  -  ResidentSetSize of job (KB)
...
006 (15271413.067.000) 12/18 14:20:29 Image size of job updated: 3168944
	833  -  MemoryUsage of job (MB)
	852916  -  ResidentSetSize of job (KB)
...
040 (15271413.067.000) 12/18 14:20:29 Started transferring output files
...
040 (15271413.067.000) 12/18 14:20:29 Finished transferring output files
...
005 (15271413.067.000) 12/18 14:20:29 Job terminated.
	(1) Normal termination (return value 0)
		Usr 0 00:11:53, Sys 0 00:00:09  -  Run Remote Usage
		Usr 0 00:00:00, Sys 0 00:00:00  -  Run Local Usage
		Usr 0 00:11:53, Sys 0 00:00:09  -  Total Remote Usage
		Usr 0 00:00:00, Sys 0 00:00:00  -  Total Local Usage
	215220  -  Run Bytes Sent By Job
	269  -  Run Bytes Received By Job
	215220  -  Total Bytes Sent By Job
	269  -  Total Bytes Received By Job
	Partitionable Resources :    Usage  Request Allocated 
	   Cpus                 :     0.94        1         1 
	   Disk (KB)            :   254           1   3049386 
	   Memory (MB)          :   833        2000      2000 

	Job terminated of its own accord at 2023-12-18T13:20:29Z.
...
