000 (14858748.013.000) 06/22 16:47:12 Job submitted from host: <188.184.90.241:9618?addrs=188.184.90.241-9618+[2001-1458-201-e4--100-2eb]-9618&alias=bigbird15.cern.ch&noUDP&sock=schedd_1460210_2ef4>
...
040 (14858748.013.000) 06/22 17:01:45 Started transferring input files
	Transferring to host: <188.184.163.143:9618?addrs=188.184.163.143-9618&alias=b7s12p5563.cern.ch&noUDP&sock=slot1_11_4112_06a0_93656>
...
040 (14858748.013.000) 06/22 17:01:45 Finished transferring input files
...
001 (14858748.013.000) 06/22 17:01:46 Job executing on host: <188.184.163.143:9618?addrs=188.184.163.143-9618&alias=b7s12p5563.cern.ch&noUDP&sock=startd_4054_4908>
...
006 (14858748.013.000) 06/22 17:01:55 Image size of job updated: 116388
	48  -  MemoryUsage of job (MB)
	48188  -  ResidentSetSize of job (KB)
...
006 (14858748.013.000) 06/22 17:06:55 Image size of job updated: 1005060
	502  -  MemoryUsage of job (MB)
	513892  -  ResidentSetSize of job (KB)
...
006 (14858748.013.000) 06/22 17:11:55 Image size of job updated: 1377240
	857  -  MemoryUsage of job (MB)
	876576  -  ResidentSetSize of job (KB)
...
006 (14858748.013.000) 06/22 17:16:56 Image size of job updated: 1737860
	1203  -  MemoryUsage of job (MB)
	1230960  -  ResidentSetSize of job (KB)
...
006 (14858748.013.000) 06/22 17:21:57 Image size of job updated: 2056900
	1517  -  MemoryUsage of job (MB)
	1552600  -  ResidentSetSize of job (KB)
...
006 (14858748.013.000) 06/22 17:26:57 Image size of job updated: 2402844
	1853  -  MemoryUsage of job (MB)
	1897244  -  ResidentSetSize of job (KB)
...
006 (14858748.013.000) 06/22 17:31:57 Image size of job updated: 2762824
	2228  -  MemoryUsage of job (MB)
	2280924  -  ResidentSetSize of job (KB)
...
006 (14858748.013.000) 06/22 17:36:58 Image size of job updated: 2992040
	2434  -  MemoryUsage of job (MB)
	2492072  -  ResidentSetSize of job (KB)
...
006 (14858748.013.000) 06/22 17:41:58 Image size of job updated: 3306888
	2735  -  MemoryUsage of job (MB)
	2799988  -  ResidentSetSize of job (KB)
...
006 (14858748.013.000) 06/22 17:46:58 Image size of job updated: 3596152
	3021  -  MemoryUsage of job (MB)
	3092652  -  ResidentSetSize of job (KB)
...
006 (14858748.013.000) 06/22 17:51:59 Image size of job updated: 3926796
	3342  -  MemoryUsage of job (MB)
	3421864  -  ResidentSetSize of job (KB)
...
006 (14858748.013.000) 06/22 17:57:00 Image size of job updated: 4244612
	3651  -  MemoryUsage of job (MB)
	3737712  -  ResidentSetSize of job (KB)
...
006 (14858748.013.000) 06/22 18:02:00 Image size of job updated: 4526872
	3936  -  MemoryUsage of job (MB)
	4029508  -  ResidentSetSize of job (KB)
...
006 (14858748.013.000) 06/22 18:07:01 Image size of job updated: 4866652
	4016  -  MemoryUsage of job (MB)
	4111676  -  ResidentSetSize of job (KB)
...
006 (14858748.013.000) 06/22 18:12:02 Image size of job updated: 5174788
	4016  -  MemoryUsage of job (MB)
	4111684  -  ResidentSetSize of job (KB)
...
006 (14858748.013.000) 06/22 18:17:02 Image size of job updated: 5492308
	4016  -  MemoryUsage of job (MB)
	4111684  -  ResidentSetSize of job (KB)
...
006 (14858748.013.000) 06/22 18:22:02 Image size of job updated: 5797956
	4016  -  MemoryUsage of job (MB)
	4111684  -  ResidentSetSize of job (KB)
...
006 (14858748.013.000) 06/22 18:27:04 Image size of job updated: 6121916
	4016  -  MemoryUsage of job (MB)
	4111684  -  ResidentSetSize of job (KB)
...
006 (14858748.013.000) 06/22 18:32:04 Image size of job updated: 6423892
	4016  -  MemoryUsage of job (MB)
	4111684  -  ResidentSetSize of job (KB)
...
006 (14858748.013.000) 06/22 18:37:04 Image size of job updated: 6768220
	4016  -  MemoryUsage of job (MB)
	4111684  -  ResidentSetSize of job (KB)
...
006 (14858748.013.000) 06/22 18:42:05 Image size of job updated: 7084264
	4016  -  MemoryUsage of job (MB)
	4111684  -  ResidentSetSize of job (KB)
...
006 (14858748.013.000) 06/22 18:47:06 Image size of job updated: 7435360
	4016  -  MemoryUsage of job (MB)
	4111684  -  ResidentSetSize of job (KB)
...
006 (14858748.013.000) 06/22 18:52:06 Image size of job updated: 7778976
	4016  -  MemoryUsage of job (MB)
	4111684  -  ResidentSetSize of job (KB)
...
006 (14858748.013.000) 06/22 18:57:06 Image size of job updated: 8133156
	4016  -  MemoryUsage of job (MB)
	4111684  -  ResidentSetSize of job (KB)
...
006 (14858748.013.000) 06/22 19:01:50 Image size of job updated: 8449956
	4016  -  MemoryUsage of job (MB)
	4111684  -  ResidentSetSize of job (KB)
...
040 (14858748.013.000) 06/22 19:01:50 Started transferring output files
...
040 (14858748.013.000) 06/22 19:01:50 Finished transferring output files
...
009 (14858748.013.000) 06/22 19:01:51 Job was aborted.
	Job removed by SYSTEM_PERIODIC_REMOVE due to wall time exceeded allowed max.
...
