000 (15155271.006.000) 10/07 16:55:47 Job submitted from host: <188.184.90.241:9618?addrs=188.184.90.241-9618+[2001-1458-201-e4--100-2eb]-9618&alias=bigbird15.cern.ch&noUDP&sock=schedd_2763_c443>
...
040 (15155271.006.000) 10/07 17:05:55 Started transferring input files
	Transferring to host: <128.142.61.29:9618?addrs=128.142.61.29-9618+[2001-1458-301-23--100-1c]-9618&alias=b7s06p7938.cern.ch&noUDP&sock=slot1_1_44614_594f_16710>
...
040 (15155271.006.000) 10/07 17:05:55 Finished transferring input files
...
001 (15155271.006.000) 10/07 17:05:56 Job executing on host: <128.142.61.29:9618?addrs=128.142.61.29-9618+[2001-1458-301-23--100-1c]-9618&alias=b7s06p7938.cern.ch&noUDP&sock=startd_44575_5225>
...
006 (15155271.006.000) 10/07 17:06:04 Image size of job updated: 688700
	60  -  MemoryUsage of job (MB)
	60516  -  ResidentSetSize of job (KB)
...
006 (15155271.006.000) 10/07 17:11:04 Image size of job updated: 1167756
	667  -  MemoryUsage of job (MB)
	682840  -  ResidentSetSize of job (KB)
...
006 (15155271.006.000) 10/07 17:16:04 Image size of job updated: 1366188
	667  -  MemoryUsage of job (MB)
	682840  -  ResidentSetSize of job (KB)
...
006 (15155271.006.000) 10/07 17:26:06 Image size of job updated: 3882124
	667  -  MemoryUsage of job (MB)
	682840  -  ResidentSetSize of job (KB)
...
006 (15155271.006.000) 10/07 17:31:06 Image size of job updated: 3940532
	667  -  MemoryUsage of job (MB)
	682840  -  ResidentSetSize of job (KB)
...
006 (15155271.006.000) 10/07 17:36:07 Image size of job updated: 3960176
	667  -  MemoryUsage of job (MB)
	682840  -  ResidentSetSize of job (KB)
...
006 (15155271.006.000) 10/07 17:36:42 Image size of job updated: 3966028
	667  -  MemoryUsage of job (MB)
	682840  -  ResidentSetSize of job (KB)
...
040 (15155271.006.000) 10/07 17:36:42 Started transferring output files
...
040 (15155271.006.000) 10/07 17:36:42 Finished transferring output files
...
005 (15155271.006.000) 10/07 17:36:42 Job terminated.
	(1) Normal termination (return value 0)
		Usr 0 00:10:21, Sys 0 00:00:22  -  Run Remote Usage
		Usr 0 00:00:00, Sys 0 00:00:00  -  Run Local Usage
		Usr 0 00:10:21, Sys 0 00:00:22  -  Total Remote Usage
		Usr 0 00:00:00, Sys 0 00:00:00  -  Total Local Usage
	94168  -  Run Bytes Sent By Job
	323  -  Run Bytes Received By Job
	94168  -  Total Bytes Sent By Job
	323  -  Total Bytes Received By Job
	Partitionable Resources :    Usage  Request Allocated 
	   Cpus                 :        0        1         1 
	   Disk (KB)            :      113        1   2835917 
	   Memory (MB)          :      667     2000      2000 

	Job terminated of its own accord at 2023-10-07T15:36:42Z.
...
