000 (15155263.035.000) 10/07 15:36:06 Job submitted from host: <188.184.90.241:9618?addrs=188.184.90.241-9618+[2001-1458-201-e4--100-2eb]-9618&alias=bigbird15.cern.ch&noUDP&sock=schedd_2763_c443>
...
040 (15155263.035.000) 10/07 15:38:49 Started transferring input files
	Transferring to host: <128.142.61.38:9618?addrs=128.142.61.38-9618+[2001-1458-301-23--100-25]-9618&alias=b7s06p8377.cern.ch&noUDP&sock=slot1_24_37491_8d0e_25068>
...
040 (15155263.035.000) 10/07 15:38:49 Finished transferring input files
...
001 (15155263.035.000) 10/07 15:38:50 Job executing on host: <128.142.61.38:9618?addrs=128.142.61.38-9618+[2001-1458-301-23--100-25]-9618&alias=b7s06p8377.cern.ch&noUDP&sock=startd_37453_38a5>
...
006 (15155263.035.000) 10/07 15:38:59 Image size of job updated: 686624
	55  -  MemoryUsage of job (MB)
	55772  -  ResidentSetSize of job (KB)
...
006 (15155263.035.000) 10/07 15:44:00 Image size of job updated: 1123220
	548  -  MemoryUsage of job (MB)
	561080  -  ResidentSetSize of job (KB)
...
006 (15155263.035.000) 10/07 15:49:00 Image size of job updated: 1148220
	548  -  MemoryUsage of job (MB)
	561080  -  ResidentSetSize of job (KB)
...
006 (15155263.035.000) 10/07 15:54:00 Image size of job updated: 3134912
	548  -  MemoryUsage of job (MB)
	561080  -  ResidentSetSize of job (KB)
...
006 (15155263.035.000) 10/07 15:59:01 Image size of job updated: 3342148
	548  -  MemoryUsage of job (MB)
	561080  -  ResidentSetSize of job (KB)
...
006 (15155263.035.000) 10/07 16:04:02 Image size of job updated: 3385896
	548  -  MemoryUsage of job (MB)
	561080  -  ResidentSetSize of job (KB)
...
006 (15155263.035.000) 10/07 16:09:02 Image size of job updated: 3404136
	548  -  MemoryUsage of job (MB)
	561080  -  ResidentSetSize of job (KB)
...
006 (15155263.035.000) 10/07 16:10:12 Image size of job updated: 3407640
	548  -  MemoryUsage of job (MB)
	561080  -  ResidentSetSize of job (KB)
...
040 (15155263.035.000) 10/07 16:10:12 Started transferring output files
...
040 (15155263.035.000) 10/07 16:10:12 Finished transferring output files
...
005 (15155263.035.000) 10/07 16:10:12 Job terminated.
	(1) Normal termination (return value 0)
		Usr 0 00:07:53, Sys 0 00:00:13  -  Run Remote Usage
		Usr 0 00:00:00, Sys 0 00:00:00  -  Run Local Usage
		Usr 0 00:07:53, Sys 0 00:00:13  -  Total Remote Usage
		Usr 0 00:00:00, Sys 0 00:00:00  -  Total Local Usage
	76537  -  Run Bytes Sent By Job
	323  -  Run Bytes Received By Job
	76537  -  Total Bytes Sent By Job
	323  -  Total Bytes Received By Job
	Partitionable Resources :    Usage  Request Allocated 
	   Cpus                 :        0        1         1 
	   Disk (KB)            :       96        1   1161958 
	   Memory (MB)          :      548     2000      2000 

	Job terminated of its own accord at 2023-10-07T14:10:12Z.
...
