000 (15155271.026.000) 10/07 16:55:47 Job submitted from host: <188.184.90.241:9618?addrs=188.184.90.241-9618+[2001-1458-201-e4--100-2eb]-9618&alias=bigbird15.cern.ch&noUDP&sock=schedd_2763_c443>
...
040 (15155271.026.000) 10/07 17:06:02 Started transferring input files
	Transferring to host: <128.142.61.38:9618?addrs=128.142.61.38-9618+[2001-1458-301-23--100-25]-9618&alias=b7s06p8377.cern.ch&noUDP&sock=slot1_6_37491_8d0e_25395>
...
040 (15155271.026.000) 10/07 17:06:02 Finished transferring input files
...
001 (15155271.026.000) 10/07 17:06:03 Job executing on host: <128.142.61.38:9618?addrs=128.142.61.38-9618+[2001-1458-301-23--100-25]-9618&alias=b7s06p8377.cern.ch&noUDP&sock=startd_37453_38a5>
...
006 (15155271.026.000) 10/07 17:06:11 Image size of job updated: 630292
	68  -  MemoryUsage of job (MB)
	69568  -  ResidentSetSize of job (KB)
...
006 (15155271.026.000) 10/07 17:10:31 Image size of job updated: 1123864
	68  -  MemoryUsage of job (MB)
	69568  -  ResidentSetSize of job (KB)
...
040 (15155271.026.000) 10/07 17:10:31 Started transferring output files
...
040 (15155271.026.000) 10/07 17:10:31 Finished transferring output files
...
005 (15155271.026.000) 10/07 17:10:31 Job terminated.
	(1) Normal termination (return value 0)
		Usr 0 00:04:00, Sys 0 00:00:08  -  Run Remote Usage
		Usr 0 00:00:00, Sys 0 00:00:00  -  Run Local Usage
		Usr 0 00:04:00, Sys 0 00:00:08  -  Total Remote Usage
		Usr 0 00:00:00, Sys 0 00:00:00  -  Total Local Usage
	39812  -  Run Bytes Sent By Job
	323  -  Run Bytes Received By Job
	39812  -  Total Bytes Sent By Job
	323  -  Total Bytes Received By Job
	Partitionable Resources :    Usage  Request Allocated 
	   Cpus                 :     0.96        1         1 
	   Disk (KB)            :    60           1   1210424 
	   Memory (MB)          :    68        2000      2000 

	Job terminated of its own accord at 2023-10-07T15:10:31Z.
...
