000 (14807383.011.000) 05/15 18:20:36 Job submitted from host: <188.184.90.241:9618?addrs=188.184.90.241-9618+[2001-1458-201-e4--100-2eb]-9618&alias=bigbird15.cern.ch&noUDP&sock=schedd_3273_9590>
...
040 (14807383.011.000) 05/15 18:34:06 Started transferring input files
	Transferring to host: <128.142.56.36:9618?addrs=128.142.56.36-9618+[2001-1458-301-6--100-23]-9618&alias=b7s01p5421.cern.ch&noUDP&sock=slot1_16_4090_865f_40133>
...
040 (14807383.011.000) 05/15 18:34:06 Finished transferring input files
...
001 (14807383.011.000) 05/15 18:34:07 Job executing on host: <128.142.56.36:9618?addrs=128.142.56.36-9618+[2001-1458-301-6--100-23]-9618&alias=b7s01p5421.cern.ch&noUDP&sock=startd_2929_a0fc>
...
006 (14807383.011.000) 05/15 18:34:16 Image size of job updated: 48176
	47  -  MemoryUsage of job (MB)
	47628  -  ResidentSetSize of job (KB)
...
006 (14807383.011.000) 05/15 18:39:17 Image size of job updated: 1786708
	1241  -  MemoryUsage of job (MB)
	1269764  -  ResidentSetSize of job (KB)
...
006 (14807383.011.000) 05/15 18:49:17 Image size of job updated: 4093728
	1241  -  MemoryUsage of job (MB)
	1269764  -  ResidentSetSize of job (KB)
...
006 (14807383.011.000) 05/15 18:54:18 Image size of job updated: 4333844
	1241  -  MemoryUsage of job (MB)
	1269764  -  ResidentSetSize of job (KB)
...
006 (14807383.011.000) 05/15 18:59:18 Image size of job updated: 4393000
	1241  -  MemoryUsage of job (MB)
	1269764  -  ResidentSetSize of job (KB)
...
006 (14807383.011.000) 05/15 19:04:18 Image size of job updated: 4416284
	1241  -  MemoryUsage of job (MB)
	1269764  -  ResidentSetSize of job (KB)
...
040 (14807383.011.000) 05/15 19:04:24 Started transferring output files
...
040 (14807383.011.000) 05/15 19:04:24 Finished transferring output files
...
005 (14807383.011.000) 05/15 19:04:24 Job terminated.
	(1) Normal termination (return value 0)
		Usr 0 00:06:27, Sys 0 00:00:27  -  Run Remote Usage
		Usr 0 00:00:00, Sys 0 00:00:00  -  Run Local Usage
		Usr 0 00:06:27, Sys 0 00:00:27  -  Total Remote Usage
		Usr 0 00:00:00, Sys 0 00:00:00  -  Total Local Usage
	117925  -  Run Bytes Sent By Job
	323  -  Run Bytes Received By Job
	117925  -  Total Bytes Sent By Job
	323  -  Total Bytes Received By Job
	Partitionable Resources :    Usage  Request Allocated 
	   Cpus                 :     0.10        1         1 
	   Disk (KB)            :   136           1   1320336 
	   Memory (MB)          :  1241        2000      2000 

	Job terminated of its own accord at 2023-05-15T17:04:23Z.
...
