000 (14807135.009.000) 05/13 19:23:40 Job submitted from host: <188.184.90.241:9618?addrs=188.184.90.241-9618+[2001-1458-201-e4--100-2eb]-9618&alias=bigbird15.cern.ch&noUDP&sock=schedd_3273_9590>
...
040 (14807135.009.000) 05/13 19:35:09 Started transferring input files
	Transferring to host: <188.184.163.10:9618?addrs=188.184.163.10-9618&alias=b7s12p3027.cern.ch&noUDP&sock=slot1_2_6262_e538_59475>
...
040 (14807135.009.000) 05/13 19:35:09 Finished transferring input files
...
001 (14807135.009.000) 05/13 19:35:10 Job executing on host: <188.184.163.10:9618?addrs=188.184.163.10-9618&alias=b7s12p3027.cern.ch&noUDP&sock=startd_5246_e5ec>
...
006 (14807135.009.000) 05/13 19:35:19 Image size of job updated: 554116
	47  -  MemoryUsage of job (MB)
	47672  -  ResidentSetSize of job (KB)
...
006 (14807135.009.000) 05/13 19:40:20 Image size of job updated: 1722932
	1136  -  MemoryUsage of job (MB)
	1162456  -  ResidentSetSize of job (KB)
...
006 (14807135.009.000) 05/13 19:45:21 Image size of job updated: 1747932
	1136  -  MemoryUsage of job (MB)
	1162456  -  ResidentSetSize of job (KB)
...
006 (14807135.009.000) 05/13 19:50:21 Image size of job updated: 4454752
	1136  -  MemoryUsage of job (MB)
	1162456  -  ResidentSetSize of job (KB)
...
006 (14807135.009.000) 05/13 19:51:43 Image size of job updated: 4477724
	1136  -  MemoryUsage of job (MB)
	1162456  -  ResidentSetSize of job (KB)
...
040 (14807135.009.000) 05/13 19:51:44 Started transferring output files
...
040 (14807135.009.000) 05/13 19:51:44 Finished transferring output files
...
005 (14807135.009.000) 05/13 19:51:44 Job terminated.
	(1) Normal termination (return value 0)
		Usr 0 00:10:12, Sys 0 00:00:36  -  Run Remote Usage
		Usr 0 00:00:00, Sys 0 00:00:00  -  Run Local Usage
		Usr 0 00:10:12, Sys 0 00:00:36  -  Total Remote Usage
		Usr 0 00:00:00, Sys 0 00:00:00  -  Total Local Usage
	99973  -  Run Bytes Sent By Job
	323  -  Run Bytes Received By Job
	99973  -  Total Bytes Sent By Job
	323  -  Total Bytes Received By Job
	Partitionable Resources :    Usage  Request Allocated 
	   Cpus                 :     0.23        1         1 
	   Disk (KB)            :   118           1   3112716 
	   Memory (MB)          :  1136        2000      2000 

	Job terminated of its own accord at 2023-05-13T17:51:43Z.
...
