000 (15148591.011.000) 09/26 23:15:32 Job submitted from host: <188.184.90.241:9618?addrs=188.184.90.241-9618+[2001-1458-201-e4--100-2eb]-9618&alias=bigbird15.cern.ch&noUDP&sock=schedd_2763_c443>
...
040 (15148591.011.000) 09/26 23:30:23 Started transferring input files
	Transferring to host: <188.184.160.188:9618?addrs=188.184.160.188-9618+[2001-1458-301-48--100-b6]-9618&alias=b7s09p9672.cern.ch&noUDP&sock=slot1_18_4289_bd07_118161>
...
040 (15148591.011.000) 09/26 23:30:23 Finished transferring input files
...
001 (15148591.011.000) 09/26 23:30:24 Job executing on host: <188.184.160.188:9618?addrs=188.184.160.188-9618+[2001-1458-301-48--100-b6]-9618&alias=b7s09p9672.cern.ch&noUDP&sock=startd_4126_abd9>
...
006 (15148591.011.000) 09/26 23:30:33 Image size of job updated: 54072
	51  -  MemoryUsage of job (MB)
	52180  -  ResidentSetSize of job (KB)
...
006 (15148591.011.000) 09/26 23:35:34 Image size of job updated: 1109956
	548  -  MemoryUsage of job (MB)
	560484  -  ResidentSetSize of job (KB)
...
006 (15148591.011.000) 09/26 23:40:35 Image size of job updated: 3135564
	548  -  MemoryUsage of job (MB)
	560484  -  ResidentSetSize of job (KB)
...
006 (15148591.011.000) 09/26 23:45:35 Image size of job updated: 3321376
	548  -  MemoryUsage of job (MB)
	560484  -  ResidentSetSize of job (KB)
...
006 (15148591.011.000) 09/26 23:50:35 Image size of job updated: 3366388
	548  -  MemoryUsage of job (MB)
	560484  -  ResidentSetSize of job (KB)
...
006 (15148591.011.000) 09/26 23:53:37 Image size of job updated: 3384568
	548  -  MemoryUsage of job (MB)
	560484  -  ResidentSetSize of job (KB)
...
040 (15148591.011.000) 09/26 23:53:37 Started transferring output files
...
040 (15148591.011.000) 09/26 23:53:37 Finished transferring output files
...
005 (15148591.011.000) 09/26 23:53:37 Job terminated.
	(1) Normal termination (return value 0)
		Usr 0 00:06:29, Sys 0 00:00:16  -  Run Remote Usage
		Usr 0 00:00:00, Sys 0 00:00:00  -  Run Local Usage
		Usr 0 00:06:29, Sys 0 00:00:16  -  Total Remote Usage
		Usr 0 00:00:00, Sys 0 00:00:00  -  Total Local Usage
	84318  -  Run Bytes Sent By Job
	323  -  Run Bytes Received By Job
	84318  -  Total Bytes Sent By Job
	323  -  Total Bytes Received By Job
	Partitionable Resources :    Usage  Request Allocated 
	   Cpus                 :     0.15        1         1 
	   Disk (KB)            :   104           1   3017721 
	   Memory (MB)          :   548        2000      2000 

	Job terminated of its own accord at 2023-09-26T21:53:37Z.
...
