000 (14807221.030.000) 05/14 12:38:57 Job submitted from host: <188.184.90.241:9618?addrs=188.184.90.241-9618+[2001-1458-201-e4--100-2eb]-9618&alias=bigbird15.cern.ch&noUDP&sock=schedd_3273_9590>
...
040 (14807221.030.000) 05/14 12:52:21 Started transferring input files
	Transferring to host: <128.142.192.212:9618?addrs=128.142.192.212-9618+[2001-1458-301-56--100-50]-9618&alias=b7g18p0338.cern.ch&noUDP&sock=slot1_12_4116_d820_39163>
...
040 (14807221.030.000) 05/14 12:52:21 Finished transferring input files
...
001 (14807221.030.000) 05/14 12:52:22 Job executing on host: <128.142.192.212:9618?addrs=128.142.192.212-9618+[2001-1458-301-56--100-50]-9618&alias=b7g18p0338.cern.ch&noUDP&sock=startd_3879_3ff5>
...
006 (14807221.030.000) 05/14 12:52:30 Image size of job updated: 554280
	47  -  MemoryUsage of job (MB)
	47928  -  ResidentSetSize of job (KB)
...
006 (14807221.030.000) 05/14 12:57:30 Image size of job updated: 2420936
	1884  -  MemoryUsage of job (MB)
	1928772  -  ResidentSetSize of job (KB)
...
006 (14807221.030.000) 05/14 13:02:31 Image size of job updated: 3866724
	3284  -  MemoryUsage of job (MB)
	3362184  -  ResidentSetSize of job (KB)
...
006 (14807221.030.000) 05/14 13:07:31 Image size of job updated: 4166580
	3532  -  MemoryUsage of job (MB)
	3616400  -  ResidentSetSize of job (KB)
...
006 (14807221.030.000) 05/14 13:17:32 Image size of job updated: 4393348
	3532  -  MemoryUsage of job (MB)
	3616400  -  ResidentSetSize of job (KB)
...
006 (14807221.030.000) 05/14 13:20:50 Image size of job updated: 4490384
	3532  -  MemoryUsage of job (MB)
	3616400  -  ResidentSetSize of job (KB)
...
040 (14807221.030.000) 05/14 13:20:51 Started transferring output files
...
040 (14807221.030.000) 05/14 13:20:51 Finished transferring output files
...
005 (14807221.030.000) 05/14 13:20:51 Job terminated.
	(1) Normal termination (return value 0)
		Usr 0 00:19:51, Sys 0 00:02:58  -  Run Remote Usage
		Usr 0 00:00:00, Sys 0 00:00:00  -  Run Local Usage
		Usr 0 00:19:51, Sys 0 00:02:58  -  Total Remote Usage
		Usr 0 00:00:00, Sys 0 00:00:00  -  Total Local Usage
	207543  -  Run Bytes Sent By Job
	323  -  Run Bytes Received By Job
	207543  -  Total Bytes Sent By Job
	323  -  Total Bytes Received By Job
	Partitionable Resources :    Usage  Request Allocated 
	   Cpus                 :     0.93        1         1 
	   Disk (KB)            :   223           1   2897097 
	   Memory (MB)          :  3532        2000      2000 

	Job terminated of its own accord at 2023-05-14T11:20:50Z.
...
