000 (14857949.008.000) 06/22 15:24:33 Job submitted from host: <188.184.90.241:9618?addrs=188.184.90.241-9618+[2001-1458-201-e4--100-2eb]-9618&alias=bigbird15.cern.ch&noUDP&sock=schedd_1460210_2ef4>
...
040 (14857949.008.000) 06/22 15:34:21 Started transferring input files
	Transferring to host: <128.142.57.142:9618?addrs=128.142.57.142-9618+[2001-1458-301-7--100-8d]-9618&alias=b7s02p9100.cern.ch&noUDP&sock=slot1_8_4020_341d_74916>
...
040 (14857949.008.000) 06/22 15:34:21 Finished transferring input files
...
001 (14857949.008.000) 06/22 15:34:22 Job executing on host: <128.142.57.142:9618?addrs=128.142.57.142-9618+[2001-1458-301-7--100-8d]-9618&alias=b7s02p9100.cern.ch&noUDP&sock=startd_3811_9b84>
...
006 (14857949.008.000) 06/22 15:34:31 Image size of job updated: 554128
	47  -  MemoryUsage of job (MB)
	47700  -  ResidentSetSize of job (KB)
...
006 (14857949.008.000) 06/22 15:39:32 Image size of job updated: 1923796
	1181  -  MemoryUsage of job (MB)
	1209156  -  ResidentSetSize of job (KB)
...
006 (14857949.008.000) 06/22 15:44:32 Image size of job updated: 4038852
	1181  -  MemoryUsage of job (MB)
	1209156  -  ResidentSetSize of job (KB)
...
006 (14857949.008.000) 06/22 15:49:32 Image size of job updated: 4404436
	1181  -  MemoryUsage of job (MB)
	1209156  -  ResidentSetSize of job (KB)
...
006 (14857949.008.000) 06/22 15:50:25 Image size of job updated: 4415088
	1181  -  MemoryUsage of job (MB)
	1209156  -  ResidentSetSize of job (KB)
...
040 (14857949.008.000) 06/22 15:50:25 Started transferring output files
...
040 (14857949.008.000) 06/22 15:50:25 Finished transferring output files
...
005 (14857949.008.000) 06/22 15:50:25 Job terminated.
	(1) Normal termination (return value 0)
		Usr 0 00:07:13, Sys 0 00:00:25  -  Run Remote Usage
		Usr 0 00:00:00, Sys 0 00:00:00  -  Run Local Usage
		Usr 0 00:07:13, Sys 0 00:00:25  -  Total Remote Usage
		Usr 0 00:00:00, Sys 0 00:00:00  -  Total Local Usage
	116222  -  Run Bytes Sent By Job
	323  -  Run Bytes Received By Job
	116222  -  Total Bytes Sent By Job
	323  -  Total Bytes Received By Job
	Partitionable Resources :    Usage  Request Allocated 
	   Cpus                 :     0.20        1         1 
	   Disk (KB)            :   135           1   1259019 
	   Memory (MB)          :  1181        2000      2000 

	Job terminated of its own accord at 2023-06-22T13:50:25Z.
...
