000 (14808124.024.000) 05/19 04:24:07 Job submitted from host: <188.184.90.241:9618?addrs=188.184.90.241-9618+[2001-1458-201-e4--100-2eb]-9618&alias=bigbird15.cern.ch&noUDP&sock=schedd_3273_9590>
...
040 (14808124.024.000) 05/19 04:35:48 Started transferring input files
	Transferring to host: <128.142.61.133:9618?addrs=128.142.61.133-9618+[2001-1458-301-23--100-84]-9618&alias=b7s06p0228.cern.ch&noUDP&sock=slot1_12_11163_17df_34055>
...
040 (14808124.024.000) 05/19 04:35:48 Finished transferring input files
...
001 (14808124.024.000) 05/19 04:35:49 Job executing on host: <128.142.61.133:9618?addrs=128.142.61.133-9618+[2001-1458-301-23--100-84]-9618&alias=b7s06p0228.cern.ch&noUDP&sock=startd_10699_33db>
...
006 (14808124.024.000) 05/19 04:35:57 Image size of job updated: 554128
	47  -  MemoryUsage of job (MB)
	47668  -  ResidentSetSize of job (KB)
...
006 (14808124.024.000) 05/19 04:40:57 Image size of job updated: 4298516
	3590  -  MemoryUsage of job (MB)
	3675512  -  ResidentSetSize of job (KB)
...
006 (14808124.024.000) 05/19 04:41:10 Image size of job updated: 4299120
	3590  -  MemoryUsage of job (MB)
	3675512  -  ResidentSetSize of job (KB)
...
040 (14808124.024.000) 05/19 04:41:11 Started transferring output files
...
040 (14808124.024.000) 05/19 04:41:11 Finished transferring output files
...
005 (14808124.024.000) 05/19 04:41:11 Job terminated.
	(1) Normal termination (return value 0)
		Usr 0 00:03:40, Sys 0 00:00:08  -  Run Remote Usage
		Usr 0 00:00:00, Sys 0 00:00:00  -  Run Local Usage
		Usr 0 00:03:40, Sys 0 00:00:08  -  Total Remote Usage
		Usr 0 00:00:00, Sys 0 00:00:00  -  Total Local Usage
	291135  -  Run Bytes Sent By Job
	269  -  Run Bytes Received By Job
	291135  -  Total Bytes Sent By Job
	269  -  Total Bytes Received By Job
	Partitionable Resources :    Usage  Request Allocated 
	   Cpus                 :     0.99        1         1 
	   Disk (KB)            :   305           1   1323862 
	   Memory (MB)          :  3590        2000      2000 

	Job terminated of its own accord at 2023-05-19T02:41:10Z.
...
