000 (15148591.038.000) 09/26 23:15:32 Job submitted from host: <188.184.90.241:9618?addrs=188.184.90.241-9618+[2001-1458-201-e4--100-2eb]-9618&alias=bigbird15.cern.ch&noUDP&sock=schedd_2763_c443>
...
040 (15148591.038.000) 09/26 23:30:31 Started transferring input files
	Transferring to host: <188.184.162.51:9618?addrs=188.184.162.51-9618+[2001-1458-301-4a--100-2d]-9618&alias=b7s11p0165.cern.ch&noUDP&sock=slot1_7_3853_8976_105119>
...
040 (15148591.038.000) 09/26 23:30:31 Finished transferring input files
...
001 (15148591.038.000) 09/26 23:30:32 Job executing on host: <188.184.162.51:9618?addrs=188.184.162.51-9618+[2001-1458-301-4a--100-2d]-9618&alias=b7s11p0165.cern.ch&noUDP&sock=startd_3169_3fb7>
...
006 (15148591.038.000) 09/26 23:30:41 Image size of job updated: 624012
	67  -  MemoryUsage of job (MB)
	68520  -  ResidentSetSize of job (KB)
...
006 (15148591.038.000) 09/26 23:35:42 Image size of job updated: 1034320
	535  -  MemoryUsage of job (MB)
	547464  -  ResidentSetSize of job (KB)
...
006 (15148591.038.000) 09/26 23:40:42 Image size of job updated: 1394556
	813  -  MemoryUsage of job (MB)
	831960  -  ResidentSetSize of job (KB)
...
006 (15148591.038.000) 09/26 23:55:44 Image size of job updated: 4192664
	813  -  MemoryUsage of job (MB)
	831960  -  ResidentSetSize of job (KB)
...
006 (15148591.038.000) 09/27 00:00:44 Image size of job updated: 4468104
	813  -  MemoryUsage of job (MB)
	831960  -  ResidentSetSize of job (KB)
...
006 (15148591.038.000) 09/27 00:05:45 Image size of job updated: 4517576
	813  -  MemoryUsage of job (MB)
	831960  -  ResidentSetSize of job (KB)
...
006 (15148591.038.000) 09/27 00:10:46 Image size of job updated: 4557292
	813  -  MemoryUsage of job (MB)
	831960  -  ResidentSetSize of job (KB)
...
040 (15148591.038.000) 09/27 00:10:57 Started transferring output files
...
040 (15148591.038.000) 09/27 00:10:57 Finished transferring output files
...
005 (15148591.038.000) 09/27 00:10:57 Job terminated.
	(1) Normal termination (return value 0)
		Usr 0 00:19:35, Sys 0 00:00:31  -  Run Remote Usage
		Usr 0 00:00:00, Sys 0 00:00:00  -  Run Local Usage
		Usr 0 00:19:35, Sys 0 00:00:31  -  Total Remote Usage
		Usr 0 00:00:00, Sys 0 00:00:00  -  Total Local Usage
	98435  -  Run Bytes Sent By Job
	323  -  Run Bytes Received By Job
	98435  -  Total Bytes Sent By Job
	323  -  Total Bytes Received By Job
	Partitionable Resources :    Usage  Request Allocated 
	   Cpus                 :     0.19        1         1 
	   Disk (KB)            :   118           1   2926508 
	   Memory (MB)          :   813        2000      2000 

	Job terminated of its own accord at 2023-09-26T22:10:57Z.
...
