000 (15151321.155.000) 10/02 14:58:31 Job submitted from host: <188.184.90.241:9618?addrs=188.184.90.241-9618+[2001-1458-201-e4--100-2eb]-9618&alias=bigbird15.cern.ch&noUDP&sock=schedd_2763_c443>
...
040 (15151321.155.000) 10/02 15:18:42 Started transferring input files
	Transferring to host: <128.142.61.95:9618?addrs=128.142.61.95-9618+[2001-1458-301-23--100-5e]-9618&alias=b7s06p7589.cern.ch&noUDP&sock=slot1_24_5573_6ebc_19215>
...
040 (15151321.155.000) 10/02 15:18:42 Finished transferring input files
...
001 (15151321.155.000) 10/02 15:18:43 Job executing on host: <128.142.61.95:9618?addrs=128.142.61.95-9618+[2001-1458-301-23--100-5e]-9618&alias=b7s06p7589.cern.ch&noUDP&sock=startd_4736_149f>
...
006 (15151321.155.000) 10/02 15:18:52 Image size of job updated: 741460
	121  -  MemoryUsage of job (MB)
	123492  -  ResidentSetSize of job (KB)
...
006 (15151321.155.000) 10/02 15:22:05 Image size of job updated: 923048
	121  -  MemoryUsage of job (MB)
	123492  -  ResidentSetSize of job (KB)
...
040 (15151321.155.000) 10/02 15:22:05 Started transferring output files
...
040 (15151321.155.000) 10/02 15:22:05 Finished transferring output files
...
005 (15151321.155.000) 10/02 15:22:05 Job terminated.
	(1) Normal termination (return value 0)
		Usr 0 00:00:09, Sys 0 00:00:00  -  Run Remote Usage
		Usr 0 00:00:00, Sys 0 00:00:00  -  Run Local Usage
		Usr 0 00:00:09, Sys 0 00:00:00  -  Total Remote Usage
		Usr 0 00:00:00, Sys 0 00:00:00  -  Total Local Usage
	7933  -  Run Bytes Sent By Job
	374  -  Run Bytes Received By Job
	7933  -  Total Bytes Sent By Job
	374  -  Total Bytes Received By Job
	Partitionable Resources :    Usage  Request Allocated 
	   Cpus                 :                 1         1 
	   Disk (KB)            :       23        1   1300196 
	   Memory (MB)          :      121     2000      2000 

	Job terminated of its own accord at 2023-10-02T13:22:05Z.
...
