000 (15155263.038.000) 10/07 15:36:06 Job submitted from host: <188.184.90.241:9618?addrs=188.184.90.241-9618+[2001-1458-201-e4--100-2eb]-9618&alias=bigbird15.cern.ch&noUDP&sock=schedd_2763_c443>
...
040 (15155263.038.000) 10/07 15:38:50 Started transferring input files
	Transferring to host: <128.142.61.52:9618?addrs=128.142.61.52-9618+[2001-1458-301-23--100-33]-9618&alias=b7s06p8124.cern.ch&noUDP&sock=slot1_22_4563_cbd3_316910>
...
040 (15155263.038.000) 10/07 15:38:50 Finished transferring input files
...
001 (15155263.038.000) 10/07 15:38:51 Job executing on host: <128.142.61.52:9618?addrs=128.142.61.52-9618+[2001-1458-301-23--100-33]-9618&alias=b7s06p8124.cern.ch&noUDP&sock=startd_3097_dce5>
...
006 (15155263.038.000) 10/07 15:39:00 Image size of job updated: 624692
	59  -  MemoryUsage of job (MB)
	59824  -  ResidentSetSize of job (KB)
...
006 (15155263.038.000) 10/07 15:44:00 Image size of job updated: 1114668
	581  -  MemoryUsage of job (MB)
	594012  -  ResidentSetSize of job (KB)
...
006 (15155263.038.000) 10/07 15:49:00 Image size of job updated: 1151552
	581  -  MemoryUsage of job (MB)
	594012  -  ResidentSetSize of job (KB)
...
006 (15155263.038.000) 10/07 15:59:02 Image size of job updated: 3633616
	581  -  MemoryUsage of job (MB)
	594012  -  ResidentSetSize of job (KB)
...
006 (15155263.038.000) 10/07 16:04:02 Image size of job updated: 3841100
	581  -  MemoryUsage of job (MB)
	594012  -  ResidentSetSize of job (KB)
...
006 (15155263.038.000) 10/07 16:09:03 Image size of job updated: 3891896
	581  -  MemoryUsage of job (MB)
	594012  -  ResidentSetSize of job (KB)
...
006 (15155263.038.000) 10/07 16:13:54 Image size of job updated: 3911060
	581  -  MemoryUsage of job (MB)
	594012  -  ResidentSetSize of job (KB)
...
040 (15155263.038.000) 10/07 16:13:54 Started transferring output files
...
040 (15155263.038.000) 10/07 16:13:54 Finished transferring output files
...
005 (15155263.038.000) 10/07 16:13:54 Job terminated.
	(1) Normal termination (return value 0)
		Usr 0 00:10:03, Sys 0 00:00:15  -  Run Remote Usage
		Usr 0 00:00:00, Sys 0 00:00:00  -  Run Local Usage
		Usr 0 00:10:03, Sys 0 00:00:15  -  Total Remote Usage
		Usr 0 00:00:00, Sys 0 00:00:00  -  Total Local Usage
	83721  -  Run Bytes Sent By Job
	323  -  Run Bytes Received By Job
	83721  -  Total Bytes Sent By Job
	323  -  Total Bytes Received By Job
	Partitionable Resources :    Usage  Request Allocated 
	   Cpus                 :        0        1         1 
	   Disk (KB)            :      103        1   1180684 
	   Memory (MB)          :      581     2000      2000 

	Job terminated of its own accord at 2023-10-07T14:13:54Z.
...
