000 (15155243.000.000) 10/07 13:26:28 Job submitted from host: <188.184.90.241:9618?addrs=188.184.90.241-9618+[2001-1458-201-e4--100-2eb]-9618&alias=bigbird15.cern.ch&noUDP&sock=schedd_2763_c443>
...
040 (15155243.000.000) 10/07 13:31:45 Started transferring input files
	Transferring to host: <188.184.163.209:9618?addrs=188.184.163.209-9618+[2001-1458-301-4d--100-cb]-9618&alias=b7s12p8199.cern.ch&noUDP&sock=slot1_17_288833_ba3a_154965>
...
040 (15155243.000.000) 10/07 13:31:45 Finished transferring input files
...
001 (15155243.000.000) 10/07 13:31:46 Job executing on host: <188.184.163.209:9618?addrs=188.184.163.209-9618+[2001-1458-301-4d--100-cb]-9618&alias=b7s12p8199.cern.ch&noUDP&sock=startd_173471_417a>
...
006 (15155243.000.000) 10/07 13:32:09 Image size of job updated: 162176
	91  -  MemoryUsage of job (MB)
	92804  -  ResidentSetSize of job (KB)
...
006 (15155243.000.000) 10/07 13:37:09 Image size of job updated: 1027356
	508  -  MemoryUsage of job (MB)
	519408  -  ResidentSetSize of job (KB)
...
006 (15155243.000.000) 10/07 13:42:10 Image size of job updated: 1402964
	876  -  MemoryUsage of job (MB)
	896268  -  ResidentSetSize of job (KB)
...
006 (15155243.000.000) 10/07 13:47:11 Image size of job updated: 1685324
	897  -  MemoryUsage of job (MB)
	918188  -  ResidentSetSize of job (KB)
...
006 (15155243.000.000) 10/07 13:52:11 Image size of job updated: 1710320
	1005  -  MemoryUsage of job (MB)
	1028512  -  ResidentSetSize of job (KB)
...
040 (15155243.000.000) 10/07 13:57:07 Started transferring output files
...
040 (15155243.000.000) 10/07 13:57:07 Finished transferring output files
...
005 (15155243.000.000) 10/07 13:57:07 Job terminated.
	(1) Normal termination (return value 0)
		Usr 0 00:18:46, Sys 0 00:02:55  -  Run Remote Usage
		Usr 0 00:00:00, Sys 0 00:00:00  -  Run Local Usage
		Usr 0 00:18:46, Sys 0 00:02:55  -  Total Remote Usage
		Usr 0 00:00:00, Sys 0 00:00:00  -  Total Local Usage
	71222  -  Run Bytes Sent By Job
	323  -  Run Bytes Received By Job
	71222  -  Total Bytes Sent By Job
	323  -  Total Bytes Received By Job
	Partitionable Resources :    Usage  Request Allocated 
	   Cpus                 :     0.51        1         1 
	   Disk (KB)            :    91           1   2832640 
	   Memory (MB)          :  1005        2000      2000 

	Job terminated of its own accord at 2023-10-07T11:57:07Z.
...
