000 (14832095.156.000) 06/12 15:17:57 Job submitted from host: <188.184.90.241:9618?addrs=188.184.90.241-9618+[2001-1458-201-e4--100-2eb]-9618&alias=bigbird15.cern.ch&noUDP&sock=schedd_1460210_2ef4>
...
040 (14832095.156.000) 06/12 15:20:28 Started transferring input files
	Transferring to host: <188.184.163.89:9618?addrs=188.184.163.89-9618+[2001-1458-301-4d--100-53]-9618&alias=b7s12p1618.cern.ch&noUDP&sock=slot1_25_3629_b56d_90938>
...
040 (14832095.156.000) 06/12 15:20:28 Finished transferring input files
...
001 (14832095.156.000) 06/12 15:20:29 Job executing on host: <188.184.163.89:9618?addrs=188.184.163.89-9618+[2001-1458-301-4d--100-53]-9618&alias=b7s12p1618.cern.ch&noUDP&sock=startd_2992_d773>
...
006 (14832095.156.000) 06/12 15:20:38 Image size of job updated: 554132
	47  -  MemoryUsage of job (MB)
	47684  -  ResidentSetSize of job (KB)
...
006 (14832095.156.000) 06/12 15:25:39 Image size of job updated: 1532376
	946  -  MemoryUsage of job (MB)
	968700  -  ResidentSetSize of job (KB)
...
006 (14832095.156.000) 06/12 15:30:40 Image size of job updated: 2280972
	1047  -  MemoryUsage of job (MB)
	1071988  -  ResidentSetSize of job (KB)
...
006 (14832095.156.000) 06/12 15:35:40 Image size of job updated: 2280972
	1420  -  MemoryUsage of job (MB)
	1453224  -  ResidentSetSize of job (KB)
...
006 (14832095.156.000) 06/12 15:55:42 Image size of job updated: 4037208
	1420  -  MemoryUsage of job (MB)
	1453224  -  ResidentSetSize of job (KB)
...
006 (14832095.156.000) 06/12 16:00:43 Image size of job updated: 4085592
	1420  -  MemoryUsage of job (MB)
	1453224  -  ResidentSetSize of job (KB)
...
006 (14832095.156.000) 06/12 16:05:44 Image size of job updated: 4319488
	1420  -  MemoryUsage of job (MB)
	1453224  -  ResidentSetSize of job (KB)
...
006 (14832095.156.000) 06/12 16:10:44 Image size of job updated: 4328144
	1420  -  MemoryUsage of job (MB)
	1453224  -  ResidentSetSize of job (KB)
...
006 (14832095.156.000) 06/12 16:15:44 Image size of job updated: 4332820
	1420  -  MemoryUsage of job (MB)
	1453224  -  ResidentSetSize of job (KB)
...
006 (14832095.156.000) 06/12 16:20:45 Image size of job updated: 4408332
	1420  -  MemoryUsage of job (MB)
	1453224  -  ResidentSetSize of job (KB)
...
006 (14832095.156.000) 06/12 16:21:34 Image size of job updated: 4412952
	1420  -  MemoryUsage of job (MB)
	1453224  -  ResidentSetSize of job (KB)
...
040 (14832095.156.000) 06/12 16:21:34 Started transferring output files
...
040 (14832095.156.000) 06/12 16:21:34 Finished transferring output files
...
005 (14832095.156.000) 06/12 16:21:34 Job terminated.
	(1) Normal termination (return value 0)
		Usr 0 00:15:10, Sys 0 00:01:05  -  Run Remote Usage
		Usr 0 00:00:00, Sys 0 00:00:00  -  Run Local Usage
		Usr 0 00:15:10, Sys 0 00:01:05  -  Total Remote Usage
		Usr 0 00:00:00, Sys 0 00:00:00  -  Total Local Usage
	137832  -  Run Bytes Sent By Job
	323  -  Run Bytes Received By Job
	137832  -  Total Bytes Sent By Job
	323  -  Total Bytes Received By Job
	Partitionable Resources :    Usage  Request Allocated 
	   Cpus                 :     1.00        1         1 
	   Disk (KB)            :   156           1   2998684 
	   Memory (MB)          :  1420        2000      2000 

	Job terminated of its own accord at 2023-06-12T14:21:34Z.
...
