000 (15271413.165.000) 12/18 14:02:23 Job submitted from host: <188.184.90.241:9618?addrs=188.184.90.241-9618+[2001-1458-201-e4--100-2eb]-9618&alias=bigbird15.cern.ch&noUDP&sock=schedd_2763_c443>
...
040 (15271413.165.000) 12/18 14:06:44 Started transferring input files
	Transferring to host: <128.142.61.120:9618?addrs=128.142.61.120-9618+[2001-1458-301-23--100-77]-9618&alias=b9s06p7436.cern.ch&noUDP&sock=slot1_9_129245_8b61_6334>
...
040 (15271413.165.000) 12/18 14:06:44 Finished transferring input files
...
001 (15271413.165.000) 12/18 14:06:45 Job executing on host: <128.142.61.120:9618?addrs=128.142.61.120-9618+[2001-1458-301-23--100-77]-9618&alias=b9s06p7436.cern.ch&noUDP&sock=startd_113079_5df1>
...
006 (15271413.165.000) 12/18 14:06:54 Image size of job updated: 225124
	212  -  MemoryUsage of job (MB)
	216364  -  ResidentSetSize of job (KB)
...
006 (15271413.165.000) 12/18 14:11:55 Image size of job updated: 2615920
	2555  -  MemoryUsage of job (MB)
	2615920  -  ResidentSetSize of job (KB)
...
006 (15271413.165.000) 12/18 14:12:38 Image size of job updated: 2632920
	2555  -  MemoryUsage of job (MB)
	2615920  -  ResidentSetSize of job (KB)
...
040 (15271413.165.000) 12/18 14:12:38 Started transferring output files
...
040 (15271413.165.000) 12/18 14:12:38 Finished transferring output files
...
005 (15271413.165.000) 12/18 14:12:38 Job terminated.
	(1) Normal termination (return value 0)
		Usr 0 00:03:43, Sys 0 00:00:04  -  Run Remote Usage
		Usr 0 00:00:00, Sys 0 00:00:00  -  Run Local Usage
		Usr 0 00:03:43, Sys 0 00:00:04  -  Total Remote Usage
		Usr 0 00:00:00, Sys 0 00:00:00  -  Total Local Usage
	114195  -  Run Bytes Sent By Job
	269  -  Run Bytes Received By Job
	114195  -  Total Bytes Sent By Job
	269  -  Total Bytes Received By Job
	Partitionable Resources :    Usage  Request Allocated 
	   Cpus                 :     0.92        1         1 
	   Disk (KB)            :   155           1   3044498 
	   Memory (MB)          :  2555        2000      2000 

	Job terminated of its own accord at 2023-12-18T13:12:38Z.
...
