000 (15159766.142.000) 10/09 11:47:57 Job submitted from host: <188.184.90.241:9618?addrs=188.184.90.241-9618+[2001-1458-201-e4--100-2eb]-9618&alias=bigbird15.cern.ch&noUDP&sock=schedd_2763_c443>
...
040 (15159766.142.000) 10/09 14:25:04 Started transferring input files
	Transferring to host: <128.142.60.169:9618?addrs=128.142.60.169-9618&alias=b7s05p7965.cern.ch&noUDP&sock=slot1_18_3315_77a0_86693>
...
040 (15159766.142.000) 10/09 14:25:04 Finished transferring input files
...
001 (15159766.142.000) 10/09 14:25:05 Job executing on host: <128.142.60.169:9618?addrs=128.142.60.169-9618&alias=b7s05p7965.cern.ch&noUDP&sock=startd_2746_1b27>
...
006 (15159766.142.000) 10/09 14:25:13 Image size of job updated: 744312
	121  -  MemoryUsage of job (MB)
	123296  -  ResidentSetSize of job (KB)
...
006 (15159766.142.000) 10/09 14:30:13 Image size of job updated: 920328
	129  -  MemoryUsage of job (MB)
	131344  -  ResidentSetSize of job (KB)
...
006 (15159766.142.000) 10/09 14:31:24 Image size of job updated: 921748
	129  -  MemoryUsage of job (MB)
	131344  -  ResidentSetSize of job (KB)
...
040 (15159766.142.000) 10/09 14:31:24 Started transferring output files
...
040 (15159766.142.000) 10/09 14:31:24 Finished transferring output files
...
005 (15159766.142.000) 10/09 14:31:24 Job terminated.
	(1) Normal termination (return value 0)
		Usr 0 00:00:09, Sys 0 00:00:00  -  Run Remote Usage
		Usr 0 00:00:00, Sys 0 00:00:00  -  Run Local Usage
		Usr 0 00:00:09, Sys 0 00:00:00  -  Total Remote Usage
		Usr 0 00:00:00, Sys 0 00:00:00  -  Total Local Usage
	8223  -  Run Bytes Sent By Job
	374  -  Run Bytes Received By Job
	8223  -  Total Bytes Sent By Job
	374  -  Total Bytes Received By Job
	Partitionable Resources :    Usage  Request Allocated 
	   Cpus                 :                 1         1 
	   Disk (KB)            :       22        1   1253610 
	   Memory (MB)          :      129     2000      2000 

	Job terminated of its own accord at 2023-10-09T12:31:24Z.
...
