000 (14832095.018.000) 06/12 15:17:57 Job submitted from host: <188.184.90.241:9618?addrs=188.184.90.241-9618+[2001-1458-201-e4--100-2eb]-9618&alias=bigbird15.cern.ch&noUDP&sock=schedd_1460210_2ef4>
...
040 (14832095.018.000) 06/12 15:19:41 Started transferring input files
	Transferring to host: <128.142.56.146:9618?addrs=128.142.56.146-9618+[2001-1458-301-6--100-91]-9618&alias=b7s01p4951.cern.ch&noUDP&sock=slot1_14_6642_a3c7_70338>
...
040 (14832095.018.000) 06/12 15:19:41 Finished transferring input files
...
001 (14832095.018.000) 06/12 15:19:42 Job executing on host: <128.142.56.146:9618?addrs=128.142.56.146-9618+[2001-1458-301-6--100-91]-9618&alias=b7s01p4951.cern.ch&noUDP&sock=startd_5439_47b3>
...
006 (14832095.018.000) 06/12 15:19:50 Image size of job updated: 554136
	109  -  MemoryUsage of job (MB)
	110840  -  ResidentSetSize of job (KB)
...
006 (14832095.018.000) 06/12 15:24:50 Image size of job updated: 1109836
	109  -  MemoryUsage of job (MB)
	110852  -  ResidentSetSize of job (KB)
...
006 (14832095.018.000) 06/12 15:29:52 Image size of job updated: 3104068
	109  -  MemoryUsage of job (MB)
	110852  -  ResidentSetSize of job (KB)
...
006 (14832095.018.000) 06/12 15:34:52 Image size of job updated: 3140368
	139  -  MemoryUsage of job (MB)
	141608  -  ResidentSetSize of job (KB)
...
006 (14832095.018.000) 06/12 15:39:52 Image size of job updated: 3311928
	306  -  MemoryUsage of job (MB)
	313176  -  ResidentSetSize of job (KB)
...
006 (14832095.018.000) 06/12 15:44:53 Image size of job updated: 3335844
	331  -  MemoryUsage of job (MB)
	338888  -  ResidentSetSize of job (KB)
...
006 (14832095.018.000) 06/12 15:49:54 Image size of job updated: 3371256
	364  -  MemoryUsage of job (MB)
	372548  -  ResidentSetSize of job (KB)
...
006 (14832095.018.000) 06/12 15:51:55 Image size of job updated: 3377768
	364  -  MemoryUsage of job (MB)
	372548  -  ResidentSetSize of job (KB)
...
040 (14832095.018.000) 06/12 15:51:55 Started transferring output files
...
040 (14832095.018.000) 06/12 15:51:55 Finished transferring output files
...
005 (14832095.018.000) 06/12 15:51:55 Job terminated.
	(1) Normal termination (return value 0)
		Usr 0 00:03:40, Sys 0 00:00:10  -  Run Remote Usage
		Usr 0 00:00:00, Sys 0 00:00:00  -  Run Local Usage
		Usr 0 00:03:40, Sys 0 00:00:10  -  Total Remote Usage
		Usr 0 00:00:00, Sys 0 00:00:00  -  Total Local Usage
	73428  -  Run Bytes Sent By Job
	323  -  Run Bytes Received By Job
	73428  -  Total Bytes Sent By Job
	323  -  Total Bytes Received By Job
	Partitionable Resources :    Usage  Request Allocated 
	   Cpus                 :     0.33        1         1 
	   Disk (KB)            :    93           1   1299285 
	   Memory (MB)          :   364        2000      2000 

	Job terminated of its own accord at 2023-06-12T13:51:55Z.
...
