000 (14832095.173.000) 06/12 15:17:58 Job submitted from host: <188.184.90.241:9618?addrs=188.184.90.241-9618+[2001-1458-201-e4--100-2eb]-9618&alias=bigbird15.cern.ch&noUDP&sock=schedd_1460210_2ef4>
...
040 (14832095.173.000) 06/12 15:20:35 Started transferring input files
	Transferring to host: <188.184.160.196:9618?addrs=188.184.160.196-9618+[2001-1458-301-48--100-be]-9618&alias=b7s09p2132.cern.ch&noUDP&sock=slot1_35_121563_e168_89816>
...
040 (14832095.173.000) 06/12 15:20:35 Finished transferring input files
...
001 (14832095.173.000) 06/12 15:20:36 Job executing on host: <188.184.160.196:9618?addrs=188.184.160.196-9618+[2001-1458-301-48--100-be]-9618&alias=b7s09p2132.cern.ch&noUDP&sock=startd_28734_b665>
...
006 (14832095.173.000) 06/12 15:20:45 Image size of job updated: 538064
	48  -  MemoryUsage of job (MB)
	48216  -  ResidentSetSize of job (KB)
...
006 (14832095.173.000) 06/12 15:25:46 Image size of job updated: 2057692
	1436  -  MemoryUsage of job (MB)
	1470052  -  ResidentSetSize of job (KB)
...
006 (14832095.173.000) 06/12 15:30:46 Image size of job updated: 2980804
	2415  -  MemoryUsage of job (MB)
	2471976  -  ResidentSetSize of job (KB)
...
006 (14832095.173.000) 06/12 15:40:48 Image size of job updated: 2980812
	2415  -  MemoryUsage of job (MB)
	2471976  -  ResidentSetSize of job (KB)
...
006 (14832095.173.000) 06/12 15:50:48 Image size of job updated: 4011184
	2415  -  MemoryUsage of job (MB)
	2471976  -  ResidentSetSize of job (KB)
...
006 (14832095.173.000) 06/12 15:55:49 Image size of job updated: 4061260
	2415  -  MemoryUsage of job (MB)
	2471976  -  ResidentSetSize of job (KB)
...
006 (14832095.173.000) 06/12 16:00:49 Image size of job updated: 4291528
	2415  -  MemoryUsage of job (MB)
	2471976  -  ResidentSetSize of job (KB)
...
006 (14832095.173.000) 06/12 16:05:49 Image size of job updated: 4303040
	2415  -  MemoryUsage of job (MB)
	2471976  -  ResidentSetSize of job (KB)
...
006 (14832095.173.000) 06/12 16:10:51 Image size of job updated: 4368568
	2415  -  MemoryUsage of job (MB)
	2471976  -  ResidentSetSize of job (KB)
...
006 (14832095.173.000) 06/12 16:15:39 Image size of job updated: 4382828
	2415  -  MemoryUsage of job (MB)
	2471976  -  ResidentSetSize of job (KB)
...
040 (14832095.173.000) 06/12 16:15:40 Started transferring output files
...
040 (14832095.173.000) 06/12 16:15:40 Finished transferring output files
...
005 (14832095.173.000) 06/12 16:15:40 Job terminated.
	(1) Normal termination (return value 0)
		Usr 0 00:15:33, Sys 0 00:01:46  -  Run Remote Usage
		Usr 0 00:00:00, Sys 0 00:00:00  -  Run Local Usage
		Usr 0 00:15:33, Sys 0 00:01:46  -  Total Remote Usage
		Usr 0 00:00:00, Sys 0 00:00:00  -  Total Local Usage
	169472  -  Run Bytes Sent By Job
	323  -  Run Bytes Received By Job
	169472  -  Total Bytes Sent By Job
	323  -  Total Bytes Received By Job
	Partitionable Resources :    Usage  Request Allocated 
	   Cpus                 :     0.01        1         1 
	   Disk (KB)            :   187           1   3085217 
	   Memory (MB)          :  2415        2000      2000 

	Job terminated of its own accord at 2023-06-12T14:15:39Z.
...
