000 (15149098.046.000) 09/27 08:23:39 Job submitted from host: <188.184.90.241:9618?addrs=188.184.90.241-9618+[2001-1458-201-e4--100-2eb]-9618&alias=bigbird15.cern.ch&noUDP&sock=schedd_2763_c443>
...
040 (15149098.046.000) 09/27 08:40:31 Started transferring input files
	Transferring to host: <128.142.61.36:9618?addrs=128.142.61.36-9618+[2001-1458-301-23--100-23]-9618&alias=b7s06p7054.cern.ch&noUDP&sock=slot1_19_23916_bc46_15544>
...
040 (15149098.046.000) 09/27 08:40:31 Finished transferring input files
...
001 (15149098.046.000) 09/27 08:40:32 Job executing on host: <128.142.61.36:9618?addrs=128.142.61.36-9618+[2001-1458-301-23--100-23]-9618&alias=b7s06p7054.cern.ch&noUDP&sock=startd_23878_e67f>
...
006 (15149098.046.000) 09/27 08:40:41 Image size of job updated: 565344
	51  -  MemoryUsage of job (MB)
	51380  -  ResidentSetSize of job (KB)
...
006 (15149098.046.000) 09/27 08:45:42 Image size of job updated: 1111928
	563  -  MemoryUsage of job (MB)
	576268  -  ResidentSetSize of job (KB)
...
006 (15149098.046.000) 09/27 08:50:43 Image size of job updated: 3609852
	563  -  MemoryUsage of job (MB)
	576268  -  ResidentSetSize of job (KB)
...
006 (15149098.046.000) 09/27 08:55:43 Image size of job updated: 3855532
	563  -  MemoryUsage of job (MB)
	576268  -  ResidentSetSize of job (KB)
...
006 (15149098.046.000) 09/27 08:58:37 Image size of job updated: 3931588
	563  -  MemoryUsage of job (MB)
	576268  -  ResidentSetSize of job (KB)
...
040 (15149098.046.000) 09/27 08:58:37 Started transferring output files
...
040 (15149098.046.000) 09/27 08:58:37 Finished transferring output files
...
005 (15149098.046.000) 09/27 08:58:37 Job terminated.
	(1) Normal termination (return value 0)
		Usr 0 00:08:10, Sys 0 00:00:18  -  Run Remote Usage
		Usr 0 00:00:00, Sys 0 00:00:00  -  Run Local Usage
		Usr 0 00:08:10, Sys 0 00:00:18  -  Total Remote Usage
		Usr 0 00:00:00, Sys 0 00:00:00  -  Total Local Usage
	78834  -  Run Bytes Sent By Job
	323  -  Run Bytes Received By Job
	78834  -  Total Bytes Sent By Job
	323  -  Total Bytes Received By Job
	Partitionable Resources :    Usage  Request Allocated 
	   Cpus                 :        0        1         1 
	   Disk (KB)            :       98        1   1198583 
	   Memory (MB)          :      563     2000      2000 

	Job terminated of its own accord at 2023-09-27T06:58:37Z.
...
