000 (15151321.184.000) 10/02 14:58:31 Job submitted from host: <188.184.90.241:9618?addrs=188.184.90.241-9618+[2001-1458-201-e4--100-2eb]-9618&alias=bigbird15.cern.ch&noUDP&sock=schedd_2763_c443>
...
040 (15151321.184.000) 10/02 15:19:33 Started transferring input files
	Transferring to host: <128.142.61.127:9618?addrs=128.142.61.127-9618+[2001-1458-301-23--100-7e]-9618&alias=b7s06p4472.cern.ch&noUDP&sock=slot1_24_54020_ba0e_11670>
...
040 (15151321.184.000) 10/02 15:19:33 Finished transferring input files
...
001 (15151321.184.000) 10/02 15:19:34 Job executing on host: <128.142.61.127:9618?addrs=128.142.61.127-9618+[2001-1458-301-23--100-7e]-9618&alias=b7s06p4472.cern.ch&noUDP&sock=startd_3452_5d04>
...
006 (15151321.184.000) 10/02 15:19:43 Image size of job updated: 804392
	121  -  MemoryUsage of job (MB)
	123560  -  ResidentSetSize of job (KB)
...
006 (15151321.184.000) 10/02 15:21:09 Image size of job updated: 923092
	121  -  MemoryUsage of job (MB)
	123560  -  ResidentSetSize of job (KB)
...
040 (15151321.184.000) 10/02 15:21:09 Started transferring output files
...
040 (15151321.184.000) 10/02 15:21:09 Finished transferring output files
...
005 (15151321.184.000) 10/02 15:21:09 Job terminated.
	(1) Normal termination (return value 0)
		Usr 0 00:00:10, Sys 0 00:00:01  -  Run Remote Usage
		Usr 0 00:00:00, Sys 0 00:00:00  -  Run Local Usage
		Usr 0 00:00:10, Sys 0 00:00:01  -  Total Remote Usage
		Usr 0 00:00:00, Sys 0 00:00:00  -  Total Local Usage
	8012  -  Run Bytes Sent By Job
	374  -  Run Bytes Received By Job
	8012  -  Total Bytes Sent By Job
	374  -  Total Bytes Received By Job
	Partitionable Resources :    Usage  Request Allocated 
	   Cpus                 :     0.02        1         1 
	   Disk (KB)            :    30           1   2956581 
	   Memory (MB)          :   121        2000      2000 

	Job terminated of its own accord at 2023-10-02T13:21:09Z.
...
