000 (15151940.006.000) 10/03 13:48:53 Job submitted from host: <188.184.90.241:9618?addrs=188.184.90.241-9618+[2001-1458-201-e4--100-2eb]-9618&alias=bigbird15.cern.ch&noUDP&sock=schedd_2763_c443>
...
022 (15151940.006.000) 10/03 13:58:43 Job disconnected, attempting to reconnect
    Socket between submit and execute hosts closed unexpectedly
    Trying to reconnect to slot1_2@b7s06p8186.cern.ch <128.142.61.145:9618?addrs=128.142.61.145-9618+[2001-1458-301-23--100-90]-9618&alias=b7s06p8186.cern.ch&noUDP&sock=startd_3169_3fb7>
...
024 (15151940.006.000) 10/03 13:58:52 Job reconnection failed
    Job not found at execution machine
    Can not reconnect to slot1_2@b7s06p8186.cern.ch, rescheduling job
...
040 (15151940.006.000) 10/03 14:06:19 Started transferring input files
	Transferring to host: <188.184.163.25:9618?addrs=188.184.163.25-9618+[2001-1458-301-4d--100-13]-9618&alias=b7s12p8809.cern.ch&noUDP&sock=slot1_17_179586_5540_3727>
...
040 (15151940.006.000) 10/03 14:06:19 Finished transferring input files
...
001 (15151940.006.000) 10/03 14:06:20 Job executing on host: <188.184.163.25:9618?addrs=188.184.163.25-9618+[2001-1458-301-4d--100-13]-9618&alias=b7s12p8809.cern.ch&noUDP&sock=startd_179333_19a6>
...
006 (15151940.006.000) 10/03 14:06:29 Image size of job updated: 679040
	169  -  MemoryUsage of job (MB)
	172752  -  ResidentSetSize of job (KB)
...
006 (15151940.006.000) 10/03 14:11:30 Image size of job updated: 1242792
	673  -  MemoryUsage of job (MB)
	688732  -  ResidentSetSize of job (KB)
...
006 (15151940.006.000) 10/03 14:16:30 Image size of job updated: 1256884
	673  -  MemoryUsage of job (MB)
	688732  -  ResidentSetSize of job (KB)
...
006 (15151940.006.000) 10/03 14:21:30 Image size of job updated: 3692080
	673  -  MemoryUsage of job (MB)
	688732  -  ResidentSetSize of job (KB)
...
006 (15151940.006.000) 10/03 14:26:31 Image size of job updated: 3941604
	673  -  MemoryUsage of job (MB)
	688732  -  ResidentSetSize of job (KB)
...
006 (15151940.006.000) 10/03 14:31:32 Image size of job updated: 3997796
	673  -  MemoryUsage of job (MB)
	688732  -  ResidentSetSize of job (KB)
...
006 (15151940.006.000) 10/03 14:36:11 Image size of job updated: 4019760
	673  -  MemoryUsage of job (MB)
	688732  -  ResidentSetSize of job (KB)
...
040 (15151940.006.000) 10/03 14:36:11 Started transferring output files
...
040 (15151940.006.000) 10/03 14:36:11 Finished transferring output files
...
005 (15151940.006.000) 10/03 14:36:11 Job terminated.
	(1) Normal termination (return value 0)
		Usr 0 00:09:59, Sys 0 00:00:19  -  Run Remote Usage
		Usr 0 00:00:00, Sys 0 00:00:00  -  Run Local Usage
		Usr 0 00:09:59, Sys 0 00:00:19  -  Total Remote Usage
		Usr 0 00:00:00, Sys 0 00:00:00  -  Total Local Usage
	89810  -  Run Bytes Sent By Job
	323  -  Run Bytes Received By Job
	89810  -  Total Bytes Sent By Job
	323  -  Total Bytes Received By Job
	Partitionable Resources :    Usage  Request Allocated 
	   Cpus                 :     1.00        1         1 
	   Disk (KB)            :   110           1   3094659 
	   Memory (MB)          :   673        2000      2000 

	Job terminated of its own accord at 2023-10-03T12:36:10Z.
...
