000 (15155263.042.000) 10/07 15:36:06 Job submitted from host: <188.184.90.241:9618?addrs=188.184.90.241-9618+[2001-1458-201-e4--100-2eb]-9618&alias=bigbird15.cern.ch&noUDP&sock=schedd_2763_c443>
...
040 (15155263.042.000) 10/07 15:38:53 Started transferring input files
	Transferring to host: <128.142.61.38:9618?addrs=128.142.61.38-9618+[2001-1458-301-23--100-25]-9618&alias=b7s06p8377.cern.ch&noUDP&sock=slot1_32_37491_8d0e_25069>
...
040 (15155263.042.000) 10/07 15:38:53 Finished transferring input files
...
001 (15155263.042.000) 10/07 15:38:54 Job executing on host: <128.142.61.38:9618?addrs=128.142.61.38-9618+[2001-1458-301-23--100-25]-9618&alias=b7s06p8377.cern.ch&noUDP&sock=startd_37453_38a5>
...
006 (15155263.042.000) 10/07 15:39:02 Image size of job updated: 679708
	54  -  MemoryUsage of job (MB)
	54672  -  ResidentSetSize of job (KB)
...
006 (15155263.042.000) 10/07 15:44:02 Image size of job updated: 1179232
	522  -  MemoryUsage of job (MB)
	533644  -  ResidentSetSize of job (KB)
...
006 (15155263.042.000) 10/07 15:59:03 Image size of job updated: 3621240
	522  -  MemoryUsage of job (MB)
	533644  -  ResidentSetSize of job (KB)
...
006 (15155263.042.000) 10/07 16:04:04 Image size of job updated: 3824112
	522  -  MemoryUsage of job (MB)
	533644  -  ResidentSetSize of job (KB)
...
006 (15155263.042.000) 10/07 16:09:05 Image size of job updated: 3874796
	527  -  MemoryUsage of job (MB)
	539456  -  ResidentSetSize of job (KB)
...
006 (15155263.042.000) 10/07 16:14:05 Image size of job updated: 3897268
	547  -  MemoryUsage of job (MB)
	559868  -  ResidentSetSize of job (KB)
...
006 (15155263.042.000) 10/07 16:14:13 Image size of job updated: 3897956
	547  -  MemoryUsage of job (MB)
	559868  -  ResidentSetSize of job (KB)
...
040 (15155263.042.000) 10/07 16:14:13 Started transferring output files
...
040 (15155263.042.000) 10/07 16:14:13 Finished transferring output files
...
005 (15155263.042.000) 10/07 16:14:13 Job terminated.
	(1) Normal termination (return value 0)
		Usr 0 00:10:23, Sys 0 00:00:17  -  Run Remote Usage
		Usr 0 00:00:00, Sys 0 00:00:00  -  Run Local Usage
		Usr 0 00:10:23, Sys 0 00:00:17  -  Total Remote Usage
		Usr 0 00:00:00, Sys 0 00:00:00  -  Total Local Usage
	83131  -  Run Bytes Sent By Job
	323  -  Run Bytes Received By Job
	83131  -  Total Bytes Sent By Job
	323  -  Total Bytes Received By Job
	Partitionable Resources :    Usage  Request Allocated 
	   Cpus                 :        0        1         1 
	   Disk (KB)            :      102        1   1161923 
	   Memory (MB)          :      547     2000      2000 

	Job terminated of its own accord at 2023-10-07T14:14:13Z.
...
