000 (15150654.134.000) 09/28 14:27:13 Job submitted from host: <188.184.90.241:9618?addrs=188.184.90.241-9618+[2001-1458-201-e4--100-2eb]-9618&alias=bigbird15.cern.ch&noUDP&sock=schedd_2763_c443>
...
040 (15150654.134.000) 09/28 14:46:40 Started transferring input files
	Transferring to host: <128.142.57.51:9618?addrs=128.142.57.51-9618+[2001-1458-301-7--100-32]-9618&alias=b7s02p1335.cern.ch&noUDP&sock=slot1_32_4791_715c_191398>
...
040 (15150654.134.000) 09/28 14:46:40 Finished transferring input files
...
001 (15150654.134.000) 09/28 14:46:41 Job executing on host: <128.142.57.51:9618?addrs=128.142.57.51-9618+[2001-1458-301-7--100-32]-9618&alias=b7s02p1335.cern.ch&noUDP&sock=startd_4247_aacf>
...
006 (15150654.134.000) 09/28 14:46:50 Image size of job updated: 801352
	122  -  MemoryUsage of job (MB)
	124524  -  ResidentSetSize of job (KB)
...
006 (15150654.134.000) 09/28 14:48:14 Image size of job updated: 921052
	122  -  MemoryUsage of job (MB)
	124524  -  ResidentSetSize of job (KB)
...
040 (15150654.134.000) 09/28 14:48:14 Started transferring output files
...
040 (15150654.134.000) 09/28 14:48:14 Finished transferring output files
...
005 (15150654.134.000) 09/28 14:48:14 Job terminated.
	(1) Normal termination (return value 0)
		Usr 0 00:00:07, Sys 0 00:00:00  -  Run Remote Usage
		Usr 0 00:00:00, Sys 0 00:00:00  -  Run Local Usage
		Usr 0 00:00:07, Sys 0 00:00:00  -  Total Remote Usage
		Usr 0 00:00:00, Sys 0 00:00:00  -  Total Local Usage
	7011  -  Run Bytes Sent By Job
	374  -  Run Bytes Received By Job
	7011  -  Total Bytes Sent By Job
	374  -  Total Bytes Received By Job
	Partitionable Resources :    Usage  Request Allocated 
	   Cpus                 :                 1         1 
	   Disk (KB)            :       21        1   1261820 
	   Memory (MB)          :      122     2000      2000 

	Job terminated of its own accord at 2023-09-28T12:48:14Z.
...
