000 (15150662.196.000) 09/28 15:49:41 Job submitted from host: <188.184.90.241:9618?addrs=188.184.90.241-9618+[2001-1458-201-e4--100-2eb]-9618&alias=bigbird15.cern.ch&noUDP&sock=schedd_2763_c443>
...
040 (15150662.196.000) 09/28 16:01:54 Started transferring input files
	Transferring to host: <188.184.160.141:9618?addrs=188.184.160.141-9618+[2001-1458-301-48--100-87]-9618&alias=b7s09p6513.cern.ch&noUDP&sock=slot1_23_4810_d47d_27521>
...
040 (15150662.196.000) 09/28 16:01:54 Finished transferring input files
...
001 (15150662.196.000) 09/28 16:01:55 Job executing on host: <188.184.160.141:9618?addrs=188.184.160.141-9618+[2001-1458-301-48--100-87]-9618&alias=b7s09p6513.cern.ch&noUDP&sock=startd_3228_b7cd>
...
006 (15150662.196.000) 09/28 16:02:03 Image size of job updated: 122496
	120  -  MemoryUsage of job (MB)
	122496  -  ResidentSetSize of job (KB)
...
006 (15150662.196.000) 09/28 16:05:01 Image size of job updated: 923092
	120  -  MemoryUsage of job (MB)
	122496  -  ResidentSetSize of job (KB)
...
040 (15150662.196.000) 09/28 16:05:01 Started transferring output files
...
040 (15150662.196.000) 09/28 16:05:01 Finished transferring output files
...
005 (15150662.196.000) 09/28 16:05:01 Job terminated.
	(1) Normal termination (return value 0)
		Usr 0 00:00:14, Sys 0 00:00:00  -  Run Remote Usage
		Usr 0 00:00:00, Sys 0 00:00:00  -  Run Local Usage
		Usr 0 00:00:14, Sys 0 00:00:00  -  Total Remote Usage
		Usr 0 00:00:00, Sys 0 00:00:00  -  Total Local Usage
	8060  -  Run Bytes Sent By Job
	374  -  Run Bytes Received By Job
	8060  -  Total Bytes Sent By Job
	374  -  Total Bytes Received By Job
	Partitionable Resources :    Usage  Request Allocated 
	   Cpus                 :                 1         1 
	   Disk (KB)            :       22        1   2916137 
	   Memory (MB)          :      120     2000      2000 

	Job terminated of its own accord at 2023-09-28T14:05:01Z.
...
