000 (15271413.158.000) 12/18 14:02:23 Job submitted from host: <188.184.90.241:9618?addrs=188.184.90.241-9618+[2001-1458-201-e4--100-2eb]-9618&alias=bigbird15.cern.ch&noUDP&sock=schedd_2763_c443>
...
040 (15271413.158.000) 12/18 14:06:42 Started transferring input files
	Transferring to host: <128.142.61.89:9618?addrs=128.142.61.89-9618+[2001-1458-301-23--100-58]-9618&alias=b9s06p4038.cern.ch&noUDP&sock=slot1_7_129261_d161_6644>
...
040 (15271413.158.000) 12/18 14:06:42 Finished transferring input files
...
001 (15271413.158.000) 12/18 14:06:43 Job executing on host: <128.142.61.89:9618?addrs=128.142.61.89-9618+[2001-1458-301-23--100-58]-9618&alias=b9s06p4038.cern.ch&noUDP&sock=startd_113019_3642>
...
006 (15271413.158.000) 12/18 14:06:51 Image size of job updated: 103588
	81  -  MemoryUsage of job (MB)
	82800  -  ResidentSetSize of job (KB)
...
006 (15271413.158.000) 12/18 14:11:03 Image size of job updated: 1804852
	81  -  MemoryUsage of job (MB)
	82800  -  ResidentSetSize of job (KB)
...
040 (15271413.158.000) 12/18 14:11:03 Started transferring output files
...
040 (15271413.158.000) 12/18 14:11:03 Finished transferring output files
...
005 (15271413.158.000) 12/18 14:11:03 Job terminated.
	(1) Normal termination (return value 0)
		Usr 0 00:02:07, Sys 0 00:00:03  -  Run Remote Usage
		Usr 0 00:00:00, Sys 0 00:00:00  -  Run Local Usage
		Usr 0 00:02:07, Sys 0 00:00:03  -  Total Remote Usage
		Usr 0 00:00:00, Sys 0 00:00:00  -  Total Local Usage
	86122  -  Run Bytes Sent By Job
	269  -  Run Bytes Received By Job
	86122  -  Total Bytes Sent By Job
	269  -  Total Bytes Received By Job
	Partitionable Resources :    Usage  Request Allocated 
	   Cpus                 :                 1         1 
	   Disk (KB)            :      120        1   3048487 
	   Memory (MB)          :       81     2000      2000 

	Job terminated of its own accord at 2023-12-18T13:11:03Z.
...
