000 (15271413.172.000) 12/18 14:02:23 Job submitted from host: <188.184.90.241:9618?addrs=188.184.90.241-9618+[2001-1458-201-e4--100-2eb]-9618&alias=bigbird15.cern.ch&noUDP&sock=schedd_2763_c443>
...
040 (15271413.172.000) 12/18 14:06:47 Started transferring input files
	Transferring to host: <128.142.194.141:9618?addrs=128.142.194.141-9618+[2001-1458-301-13--100-d]-9618&alias=b9g30p6311.cern.ch&noUDP&sock=slot1_7_144741_e0d7_90395>
...
040 (15271413.172.000) 12/18 14:06:47 Finished transferring input files
...
001 (15271413.172.000) 12/18 14:06:48 Job executing on host: <128.142.194.141:9618?addrs=128.142.194.141-9618+[2001-1458-301-13--100-d]-9618&alias=b9g30p6311.cern.ch&noUDP&sock=startd_133645_eeaf>
...
006 (15271413.172.000) 12/18 14:06:56 Image size of job updated: 235856
	231  -  MemoryUsage of job (MB)
	235856  -  ResidentSetSize of job (KB)
...
006 (15271413.172.000) 12/18 14:11:56 Image size of job updated: 1795160
	1754  -  MemoryUsage of job (MB)
	1795160  -  ResidentSetSize of job (KB)
...
040 (15271413.172.000) 12/18 14:13:24 Started transferring output files
...
040 (15271413.172.000) 12/18 14:13:24 Finished transferring output files
...
005 (15271413.172.000) 12/18 14:13:24 Job terminated.
	(1) Normal termination (return value 0)
		Usr 0 00:05:22, Sys 0 00:00:06  -  Run Remote Usage
		Usr 0 00:00:00, Sys 0 00:00:00  -  Run Local Usage
		Usr 0 00:05:22, Sys 0 00:00:06  -  Total Remote Usage
		Usr 0 00:00:00, Sys 0 00:00:00  -  Total Local Usage
	148017  -  Run Bytes Sent By Job
	269  -  Run Bytes Received By Job
	148017  -  Total Bytes Sent By Job
	269  -  Total Bytes Received By Job
	Partitionable Resources :    Usage  Request Allocated 
	   Cpus                 :     0.91        1         1 
	   Disk (KB)            :   188           1   2964226 
	   Memory (MB)          :  1754        2000      2000 

	Job terminated of its own accord at 2023-12-18T13:13:24Z.
...
