000 (15150655.024.000) 09/28 15:00:14 Job submitted from host: <188.184.90.241:9618?addrs=188.184.90.241-9618+[2001-1458-201-e4--100-2eb]-9618&alias=bigbird15.cern.ch&noUDP&sock=schedd_2763_c443>
...
040 (15150655.024.000) 09/28 15:02:49 Started transferring input files
	Transferring to host: <128.142.60.29:9618?addrs=128.142.60.29-9618+[2001-1458-301-22--100-1c]-9618&alias=b7s05p2636.cern.ch&noUDP&sock=slot1_9_4951_2d62_191033>
...
040 (15150655.024.000) 09/28 15:02:49 Finished transferring input files
...
001 (15150655.024.000) 09/28 15:02:50 Job executing on host: <128.142.60.29:9618?addrs=128.142.60.29-9618+[2001-1458-301-22--100-1c]-9618&alias=b7s05p2636.cern.ch&noUDP&sock=startd_3260_aad5>
...
006 (15150655.024.000) 09/28 15:02:58 Image size of job updated: 810528
	122  -  MemoryUsage of job (MB)
	124656  -  ResidentSetSize of job (KB)
...
006 (15150655.024.000) 09/28 15:06:51 Image size of job updated: 925332
	122  -  MemoryUsage of job (MB)
	124656  -  ResidentSetSize of job (KB)
...
040 (15150655.024.000) 09/28 15:06:51 Started transferring output files
...
040 (15150655.024.000) 09/28 15:06:51 Finished transferring output files
...
005 (15150655.024.000) 09/28 15:06:51 Job terminated.
	(1) Normal termination (return value 0)
		Usr 0 00:00:12, Sys 0 00:00:00  -  Run Remote Usage
		Usr 0 00:00:00, Sys 0 00:00:00  -  Run Local Usage
		Usr 0 00:00:12, Sys 0 00:00:00  -  Total Remote Usage
		Usr 0 00:00:00, Sys 0 00:00:00  -  Total Local Usage
	7971  -  Run Bytes Sent By Job
	374  -  Run Bytes Received By Job
	7971  -  Total Bytes Sent By Job
	374  -  Total Bytes Received By Job
	Partitionable Resources :    Usage  Request Allocated 
	   Cpus                 :     0.13        1         1 
	   Disk (KB)            :    29           1   1028533 
	   Memory (MB)          :   122        2000      2000 

	Job terminated of its own accord at 2023-09-28T13:06:51Z.
...
