000 (14832095.124.000) 06/12 15:17:57 Job submitted from host: <188.184.90.241:9618?addrs=188.184.90.241-9618+[2001-1458-201-e4--100-2eb]-9618&alias=bigbird15.cern.ch&noUDP&sock=schedd_1460210_2ef4>
...
040 (14832095.124.000) 06/12 15:20:32 Started transferring input files
	Transferring to host: <128.142.63.82:9618?addrs=128.142.63.82-9618+[2001-1458-301-38--100-4f]-9618&alias=b7s08p2864.cern.ch&noUDP&sock=slot1_27_3255_311d_64279>
...
040 (14832095.124.000) 06/12 15:20:32 Finished transferring input files
...
001 (14832095.124.000) 06/12 15:20:33 Job executing on host: <128.142.63.82:9618?addrs=128.142.63.82-9618+[2001-1458-301-38--100-4f]-9618&alias=b7s08p2864.cern.ch&noUDP&sock=startd_2859_9d5b>
...
006 (14832095.124.000) 06/12 15:20:42 Image size of job updated: 48228
	48  -  MemoryUsage of job (MB)
	48228  -  ResidentSetSize of job (KB)
...
006 (14832095.124.000) 06/12 15:25:43 Image size of job updated: 2424728
	1950  -  MemoryUsage of job (MB)
	1996440  -  ResidentSetSize of job (KB)
...
006 (14832095.124.000) 06/12 15:30:44 Image size of job updated: 4216764
	3666  -  MemoryUsage of job (MB)
	3753820  -  ResidentSetSize of job (KB)
...
006 (14832095.124.000) 06/12 15:35:44 Image size of job updated: 5663340
	5036  -  MemoryUsage of job (MB)
	5156040  -  ResidentSetSize of job (KB)
...
006 (14832095.124.000) 06/12 15:45:45 Image size of job updated: 5663348
	5036  -  MemoryUsage of job (MB)
	5156056  -  ResidentSetSize of job (KB)
...
040 (14832095.124.000) 06/12 16:19:53 Started transferring output files
...
040 (14832095.124.000) 06/12 16:19:53 Finished transferring output files
...
005 (14832095.124.000) 06/12 16:19:53 Job terminated.
	(1) Normal termination (return value 0)
		Usr 0 00:20:48, Sys 0 00:04:47  -  Run Remote Usage
		Usr 0 00:00:00, Sys 0 00:00:00  -  Run Local Usage
		Usr 0 00:20:48, Sys 0 00:04:47  -  Total Remote Usage
		Usr 0 00:00:00, Sys 0 00:00:00  -  Total Local Usage
	288213  -  Run Bytes Sent By Job
	323  -  Run Bytes Received By Job
	288213  -  Total Bytes Sent By Job
	323  -  Total Bytes Received By Job
	Partitionable Resources :    Usage  Request Allocated 
	   Cpus                 :     0.12        1         1 
	   Disk (KB)            :   303           1   1350119 
	   Memory (MB)          :  5036        2000      2000 

	Job terminated of its own accord at 2023-06-12T14:19:53Z.
...
