000 (14832095.196.000) 06/12 15:17:58 Job submitted from host: <188.184.90.241:9618?addrs=188.184.90.241-9618+[2001-1458-201-e4--100-2eb]-9618&alias=bigbird15.cern.ch&noUDP&sock=schedd_1460210_2ef4>
...
040 (14832095.196.000) 06/12 15:20:46 Started transferring input files
	Transferring to host: <128.142.131.191:9618?addrs=128.142.131.191-9618+[2001-1458-301-59--100-b3]-9618&alias=b7g11p7480.cern.ch&noUDP&sock=slot1_24_8688_3b5a_49679>
...
040 (14832095.196.000) 06/12 15:20:46 Finished transferring input files
...
001 (14832095.196.000) 06/12 15:20:47 Job executing on host: <128.142.131.191:9618?addrs=128.142.131.191-9618+[2001-1458-301-59--100-b3]-9618&alias=b7g11p7480.cern.ch&noUDP&sock=startd_2859_9d5b>
...
006 (14832095.196.000) 06/12 15:20:55 Image size of job updated: 48352
	47  -  MemoryUsage of job (MB)
	47672  -  ResidentSetSize of job (KB)
...
006 (14832095.196.000) 06/12 15:25:55 Image size of job updated: 1444536
	935  -  MemoryUsage of job (MB)
	956456  -  ResidentSetSize of job (KB)
...
006 (14832095.196.000) 06/12 15:30:56 Image size of job updated: 2301212
	1771  -  MemoryUsage of job (MB)
	1813132  -  ResidentSetSize of job (KB)
...
006 (14832095.196.000) 06/12 15:35:57 Image size of job updated: 2579216
	2011  -  MemoryUsage of job (MB)
	2059056  -  ResidentSetSize of job (KB)
...
006 (14832095.196.000) 06/12 15:50:58 Image size of job updated: 3427056
	2011  -  MemoryUsage of job (MB)
	2059056  -  ResidentSetSize of job (KB)
...
006 (14832095.196.000) 06/12 15:55:58 Image size of job updated: 4118536
	2011  -  MemoryUsage of job (MB)
	2059056  -  ResidentSetSize of job (KB)
...
006 (14832095.196.000) 06/12 16:00:58 Image size of job updated: 4166220
	2011  -  MemoryUsage of job (MB)
	2059056  -  ResidentSetSize of job (KB)
...
006 (14832095.196.000) 06/12 16:05:59 Image size of job updated: 4392832
	2011  -  MemoryUsage of job (MB)
	2059056  -  ResidentSetSize of job (KB)
...
006 (14832095.196.000) 06/12 16:10:59 Image size of job updated: 4451120
	2011  -  MemoryUsage of job (MB)
	2059056  -  ResidentSetSize of job (KB)
...
006 (14832095.196.000) 06/12 16:15:59 Image size of job updated: 4466960
	2011  -  MemoryUsage of job (MB)
	2059056  -  ResidentSetSize of job (KB)
...
006 (14832095.196.000) 06/12 16:18:35 Image size of job updated: 4476704
	2011  -  MemoryUsage of job (MB)
	2059056  -  ResidentSetSize of job (KB)
...
040 (14832095.196.000) 06/12 16:18:36 Started transferring output files
...
040 (14832095.196.000) 06/12 16:18:36 Finished transferring output files
...
005 (14832095.196.000) 06/12 16:18:36 Job terminated.
	(1) Normal termination (return value 0)
		Usr 0 00:19:50, Sys 0 00:01:30  -  Run Remote Usage
		Usr 0 00:00:00, Sys 0 00:00:00  -  Run Local Usage
		Usr 0 00:19:50, Sys 0 00:01:30  -  Total Remote Usage
		Usr 0 00:00:00, Sys 0 00:00:00  -  Total Local Usage
	158702  -  Run Bytes Sent By Job
	323  -  Run Bytes Received By Job
	158702  -  Total Bytes Sent By Job
	323  -  Total Bytes Received By Job
	Partitionable Resources :    Usage  Request Allocated 
	   Cpus                 :     0.13        1         1 
	   Disk (KB)            :   176           1   1684892 
	   Memory (MB)          :  2011        2000      2000 

	Job terminated of its own accord at 2023-06-12T14:18:35Z.
...
