000 (15149098.067.000) 09/27 08:23:39 Job submitted from host: <188.184.90.241:9618?addrs=188.184.90.241-9618+[2001-1458-201-e4--100-2eb]-9618&alias=bigbird15.cern.ch&noUDP&sock=schedd_2763_c443>
...
040 (15149098.067.000) 09/27 08:40:33 Started transferring input files
	Transferring to host: <188.184.162.80:9618?addrs=188.184.162.80-9618+[2001-1458-301-4a--100-4a]-9618&alias=b7s11p9449.cern.ch&noUDP&sock=slot1_1_212854_a609_15209>
...
040 (15149098.067.000) 09/27 08:40:33 Finished transferring input files
...
001 (15149098.067.000) 09/27 08:40:34 Job executing on host: <188.184.162.80:9618?addrs=188.184.162.80-9618+[2001-1458-301-4a--100-4a]-9618&alias=b7s11p9449.cern.ch&noUDP&sock=startd_212814_4807>
...
006 (15149098.067.000) 09/27 08:40:43 Image size of job updated: 606616
	51  -  MemoryUsage of job (MB)
	51344  -  ResidentSetSize of job (KB)
...
006 (15149098.067.000) 09/27 08:45:44 Image size of job updated: 1123312
	550  -  MemoryUsage of job (MB)
	562532  -  ResidentSetSize of job (KB)
...
006 (15149098.067.000) 09/27 08:50:44 Image size of job updated: 3662192
	550  -  MemoryUsage of job (MB)
	562532  -  ResidentSetSize of job (KB)
...
006 (15149098.067.000) 09/27 08:55:44 Image size of job updated: 3949944
	550  -  MemoryUsage of job (MB)
	562532  -  ResidentSetSize of job (KB)
...
006 (15149098.067.000) 09/27 08:57:36 Image size of job updated: 3988672
	550  -  MemoryUsage of job (MB)
	562532  -  ResidentSetSize of job (KB)
...
040 (15149098.067.000) 09/27 08:57:37 Started transferring output files
...
040 (15149098.067.000) 09/27 08:57:37 Finished transferring output files
...
005 (15149098.067.000) 09/27 08:57:37 Job terminated.
	(1) Normal termination (return value 0)
		Usr 0 00:07:43, Sys 0 00:00:15  -  Run Remote Usage
		Usr 0 00:00:00, Sys 0 00:00:00  -  Run Local Usage
		Usr 0 00:07:43, Sys 0 00:00:15  -  Total Remote Usage
		Usr 0 00:00:00, Sys 0 00:00:00  -  Total Local Usage
	75769  -  Run Bytes Sent By Job
	323  -  Run Bytes Received By Job
	75769  -  Total Bytes Sent By Job
	323  -  Total Bytes Received By Job
	Partitionable Resources :    Usage  Request Allocated 
	   Cpus                 :     0.26        1         1 
	   Disk (KB)            :    95           1   3039559 
	   Memory (MB)          :   550        2000      2000 

	Job terminated of its own accord at 2023-09-27T06:57:36Z.
...
