000 (14832095.086.000) 06/12 15:17:57 Job submitted from host: <188.184.90.241:9618?addrs=188.184.90.241-9618+[2001-1458-201-e4--100-2eb]-9618&alias=bigbird15.cern.ch&noUDP&sock=schedd_1460210_2ef4>
...
040 (14832095.086.000) 06/12 15:20:04 Started transferring input files
	Transferring to host: <128.142.51.206:9618?addrs=128.142.51.206-9618+[2001-1458-301-3--100-b]-9618&alias=b7g02p9322.cern.ch&noUDP&sock=slot1_11_4631_b555_62833>
...
040 (14832095.086.000) 06/12 15:20:04 Finished transferring input files
...
001 (14832095.086.000) 06/12 15:20:05 Job executing on host: <128.142.51.206:9618?addrs=128.142.51.206-9618+[2001-1458-301-3--100-b]-9618&alias=b7g02p9322.cern.ch&noUDP&sock=startd_3209_af81>
...
006 (14832095.086.000) 06/12 15:20:13 Image size of job updated: 48536
	47  -  MemoryUsage of job (MB)
	47680  -  ResidentSetSize of job (KB)
...
006 (14832095.086.000) 06/12 15:25:13 Image size of job updated: 1541552
	994  -  MemoryUsage of job (MB)
	1017276  -  ResidentSetSize of job (KB)
...
006 (14832095.086.000) 06/12 15:30:14 Image size of job updated: 2137192
	1587  -  MemoryUsage of job (MB)
	1624624  -  ResidentSetSize of job (KB)
...
006 (14832095.086.000) 06/12 15:35:15 Image size of job updated: 2162192
	1587  -  MemoryUsage of job (MB)
	1624784  -  ResidentSetSize of job (KB)
...
006 (14832095.086.000) 06/12 15:45:16 Image size of job updated: 4044700
	1587  -  MemoryUsage of job (MB)
	1624784  -  ResidentSetSize of job (KB)
...
006 (14832095.086.000) 06/12 15:50:17 Image size of job updated: 4044704
	1587  -  MemoryUsage of job (MB)
	1624784  -  ResidentSetSize of job (KB)
...
006 (14832095.086.000) 06/12 15:55:17 Image size of job updated: 4096724
	1587  -  MemoryUsage of job (MB)
	1624784  -  ResidentSetSize of job (KB)
...
006 (14832095.086.000) 06/12 16:00:18 Image size of job updated: 4335392
	1587  -  MemoryUsage of job (MB)
	1624784  -  ResidentSetSize of job (KB)
...
006 (14832095.086.000) 06/12 16:05:19 Image size of job updated: 4390308
	1587  -  MemoryUsage of job (MB)
	1624784  -  ResidentSetSize of job (KB)
...
006 (14832095.086.000) 06/12 16:10:19 Image size of job updated: 4414292
	1587  -  MemoryUsage of job (MB)
	1624784  -  ResidentSetSize of job (KB)
...
006 (14832095.086.000) 06/12 16:11:31 Image size of job updated: 4423688
	1587  -  MemoryUsage of job (MB)
	1624784  -  ResidentSetSize of job (KB)
...
040 (14832095.086.000) 06/12 16:11:31 Started transferring output files
...
040 (14832095.086.000) 06/12 16:11:31 Finished transferring output files
...
005 (14832095.086.000) 06/12 16:11:31 Job terminated.
	(1) Normal termination (return value 0)
		Usr 0 00:16:01, Sys 0 00:01:01  -  Run Remote Usage
		Usr 0 00:00:00, Sys 0 00:00:00  -  Run Local Usage
		Usr 0 00:16:01, Sys 0 00:01:01  -  Total Remote Usage
		Usr 0 00:00:00, Sys 0 00:00:00  -  Total Local Usage
	132192  -  Run Bytes Sent By Job
	323  -  Run Bytes Received By Job
	132192  -  Total Bytes Sent By Job
	323  -  Total Bytes Received By Job
	Partitionable Resources :    Usage  Request Allocated 
	   Cpus                 :     0.12        1         1 
	   Disk (KB)            :   151           1   1417581 
	   Memory (MB)          :  1587        2000      2000 

	Job terminated of its own accord at 2023-06-12T14:11:31Z.
...
