000 (15150654.201.000) 09/28 14:27:13 Job submitted from host: <188.184.90.241:9618?addrs=188.184.90.241-9618+[2001-1458-201-e4--100-2eb]-9618&alias=bigbird15.cern.ch&noUDP&sock=schedd_2763_c443>
...
040 (15150654.201.000) 09/28 14:47:04 Started transferring input files
	Transferring to host: <128.142.56.146:9618?addrs=128.142.56.146-9618+[2001-1458-301-6--100-91]-9618&alias=b7s01p4951.cern.ch&noUDP&sock=slot1_11_25137_0a57_13036>
...
040 (15150654.201.000) 09/28 14:47:04 Finished transferring input files
...
001 (15150654.201.000) 09/28 14:47:05 Job executing on host: <128.142.56.146:9618?addrs=128.142.56.146-9618+[2001-1458-301-6--100-91]-9618&alias=b7s01p4951.cern.ch&noUDP&sock=startd_3109_1808>
...
006 (15150654.201.000) 09/28 14:47:13 Image size of job updated: 123272
	121  -  MemoryUsage of job (MB)
	123272  -  ResidentSetSize of job (KB)
...
006 (15150654.201.000) 09/28 14:48:17 Image size of job updated: 919716
	121  -  MemoryUsage of job (MB)
	123272  -  ResidentSetSize of job (KB)
...
040 (15150654.201.000) 09/28 14:48:17 Started transferring output files
...
040 (15150654.201.000) 09/28 14:48:17 Finished transferring output files
...
005 (15150654.201.000) 09/28 14:48:17 Job terminated.
	(1) Normal termination (return value 0)
		Usr 0 00:00:06, Sys 0 00:00:00  -  Run Remote Usage
		Usr 0 00:00:00, Sys 0 00:00:00  -  Run Local Usage
		Usr 0 00:00:06, Sys 0 00:00:00  -  Total Remote Usage
		Usr 0 00:00:00, Sys 0 00:00:00  -  Total Local Usage
	6836  -  Run Bytes Sent By Job
	374  -  Run Bytes Received By Job
	6836  -  Total Bytes Sent By Job
	374  -  Total Bytes Received By Job
	Partitionable Resources :    Usage  Request Allocated 
	   Cpus                 :                 1         1 
	   Disk (KB)            :       21        1   1312052 
	   Memory (MB)          :      121     2000      2000 

	Job terminated of its own accord at 2023-09-28T12:48:17Z.
...
