000 (15150654.164.000) 09/28 14:27:13 Job submitted from host: <188.184.90.241:9618?addrs=188.184.90.241-9618+[2001-1458-201-e4--100-2eb]-9618&alias=bigbird15.cern.ch&noUDP&sock=schedd_2763_c443>
...
040 (15150654.164.000) 09/28 14:46:51 Started transferring input files
	Transferring to host: <188.184.163.61:9618?addrs=188.184.163.61-9618+[2001-1458-301-4d--100-37]-9618&alias=b7s12p9194.cern.ch&noUDP&sock=slot1_30_4673_4d17_79981>
...
040 (15150654.164.000) 09/28 14:46:51 Finished transferring input files
...
001 (15150654.164.000) 09/28 14:46:52 Job executing on host: <188.184.163.61:9618?addrs=188.184.163.61-9618+[2001-1458-301-4d--100-37]-9618&alias=b7s12p9194.cern.ch&noUDP&sock=startd_3213_6de2>
...
006 (15150654.164.000) 09/28 14:47:00 Image size of job updated: 911412
	121  -  MemoryUsage of job (MB)
	123708  -  ResidentSetSize of job (KB)
...
006 (15150654.164.000) 09/28 14:48:58 Image size of job updated: 919860
	121  -  MemoryUsage of job (MB)
	123708  -  ResidentSetSize of job (KB)
...
040 (15150654.164.000) 09/28 14:48:58 Started transferring output files
...
040 (15150654.164.000) 09/28 14:48:58 Finished transferring output files
...
005 (15150654.164.000) 09/28 14:48:58 Job terminated.
	(1) Normal termination (return value 0)
		Usr 0 00:00:11, Sys 0 00:00:00  -  Run Remote Usage
		Usr 0 00:00:00, Sys 0 00:00:00  -  Run Local Usage
		Usr 0 00:00:11, Sys 0 00:00:00  -  Total Remote Usage
		Usr 0 00:00:00, Sys 0 00:00:00  -  Total Local Usage
	7916  -  Run Bytes Sent By Job
	374  -  Run Bytes Received By Job
	7916  -  Total Bytes Sent By Job
	374  -  Total Bytes Received By Job
	Partitionable Resources :    Usage  Request Allocated 
	   Cpus                 :                 1         1 
	   Disk (KB)            :       22        1   3040934 
	   Memory (MB)          :      121     2000      2000 

	Job terminated of its own accord at 2023-09-28T12:48:58Z.
...
