000 (14861550.011.000) 06/22 22:11:47 Job submitted from host: <188.184.90.241:9618?addrs=188.184.90.241-9618+[2001-1458-201-e4--100-2eb]-9618&alias=bigbird15.cern.ch&noUDP&sock=schedd_1460210_2ef4>
...
040 (14861550.011.000) 06/22 22:23:58 Started transferring input files
	Transferring to host: <128.142.192.207:9618?addrs=128.142.192.207-9618+[2001-1458-301-56--100-4b]-9618&alias=b7g18p5531.cern.ch&noUDP&sock=slot1_20_6243_8217_84367>
...
040 (14861550.011.000) 06/22 22:23:58 Finished transferring input files
...
001 (14861550.011.000) 06/22 22:23:59 Job executing on host: <128.142.192.207:9618?addrs=128.142.192.207-9618+[2001-1458-301-56--100-4b]-9618&alias=b7g18p5531.cern.ch&noUDP&sock=startd_5297_e140>
...
006 (14861550.011.000) 06/22 22:24:08 Image size of job updated: 553972
	47  -  MemoryUsage of job (MB)
	47688  -  ResidentSetSize of job (KB)
...
006 (14861550.011.000) 06/22 22:29:09 Image size of job updated: 1702360
	1162  -  MemoryUsage of job (MB)
	1188944  -  ResidentSetSize of job (KB)
...
006 (14861550.011.000) 06/22 22:34:09 Image size of job updated: 2377416
	1797  -  MemoryUsage of job (MB)
	1839148  -  ResidentSetSize of job (KB)
...
006 (14861550.011.000) 06/22 22:44:11 Image size of job updated: 4103332
	1797  -  MemoryUsage of job (MB)
	1839164  -  ResidentSetSize of job (KB)
...
006 (14861550.011.000) 06/22 22:49:11 Image size of job updated: 4419212
	1797  -  MemoryUsage of job (MB)
	1839164  -  ResidentSetSize of job (KB)
...
006 (14861550.011.000) 06/22 22:49:36 Image size of job updated: 4427748
	1797  -  MemoryUsage of job (MB)
	1839164  -  ResidentSetSize of job (KB)
...
040 (14861550.011.000) 06/22 22:49:36 Started transferring output files
...
040 (14861550.011.000) 06/22 22:49:36 Finished transferring output files
...
005 (14861550.011.000) 06/22 22:49:37 Job terminated.
	(1) Normal termination (return value 0)
		Usr 0 00:15:18, Sys 0 00:01:03  -  Run Remote Usage
		Usr 0 00:00:00, Sys 0 00:00:00  -  Run Local Usage
		Usr 0 00:15:18, Sys 0 00:01:03  -  Total Remote Usage
		Usr 0 00:00:00, Sys 0 00:00:00  -  Total Local Usage
	142114  -  Run Bytes Sent By Job
	323  -  Run Bytes Received By Job
	142114  -  Total Bytes Sent By Job
	323  -  Total Bytes Received By Job
	Partitionable Resources :    Usage  Request Allocated 
	   Cpus                 :     0.14        1         1 
	   Disk (KB)            :   160           1   3176355 
	   Memory (MB)          :  1797        2000      2000 

	Job terminated of its own accord at 2023-06-22T20:49:36Z.
...
