000 (15151940.007.000) 10/03 13:48:53 Job submitted from host: <188.184.90.241:9618?addrs=188.184.90.241-9618+[2001-1458-201-e4--100-2eb]-9618&alias=bigbird15.cern.ch&noUDP&sock=schedd_2763_c443>
...
040 (15151940.007.000) 10/03 13:58:01 Started transferring input files
	Transferring to host: <188.184.163.25:9618?addrs=188.184.163.25-9618+[2001-1458-301-4d--100-13]-9618&alias=b7s12p8809.cern.ch&noUDP&sock=slot1_17_179586_5540_3684>
...
040 (15151940.007.000) 10/03 13:58:01 Finished transferring input files
...
001 (15151940.007.000) 10/03 13:58:02 Job executing on host: <188.184.163.25:9618?addrs=188.184.163.25-9618+[2001-1458-301-4d--100-13]-9618&alias=b7s12p8809.cern.ch&noUDP&sock=startd_179333_19a6>
...
006 (15151940.007.000) 10/03 13:58:11 Image size of job updated: 607888
	52  -  MemoryUsage of job (MB)
	52368  -  ResidentSetSize of job (KB)
...
006 (15151940.007.000) 10/03 13:59:31 Image size of job updated: 1205800
	52  -  MemoryUsage of job (MB)
	52368  -  ResidentSetSize of job (KB)
...
040 (15151940.007.000) 10/03 13:59:31 Started transferring output files
...
040 (15151940.007.000) 10/03 13:59:31 Finished transferring output files
...
005 (15151940.007.000) 10/03 13:59:31 Job terminated.
	(1) Normal termination (return value 0)
		Usr 0 00:00:56, Sys 0 00:00:02  -  Run Remote Usage
		Usr 0 00:00:00, Sys 0 00:00:00  -  Run Local Usage
		Usr 0 00:00:56, Sys 0 00:00:02  -  Total Remote Usage
		Usr 0 00:00:00, Sys 0 00:00:00  -  Total Local Usage
	31038  -  Run Bytes Sent By Job
	323  -  Run Bytes Received By Job
	31038  -  Total Bytes Sent By Job
	323  -  Total Bytes Received By Job
	Partitionable Resources :    Usage  Request Allocated 
	   Cpus                 :                 1         1 
	   Disk (KB)            :       44        1   3067104 
	   Memory (MB)          :       52     2000      2000 

	Job terminated of its own accord at 2023-10-03T11:59:31Z.
...
