000 (14807221.010.000) 05/14 12:38:57 Job submitted from host: <188.184.90.241:9618?addrs=188.184.90.241-9618+[2001-1458-201-e4--100-2eb]-9618&alias=bigbird15.cern.ch&noUDP&sock=schedd_3273_9590>
...
040 (14807221.010.000) 05/14 12:50:03 Started transferring input files
	Transferring to host: <188.184.162.133:9618?addrs=188.184.162.133-9618&alias=b7s11p9436.cern.ch&noUDP&sock=slot1_7_4833_091e_61749>
...
040 (14807221.010.000) 05/14 12:50:03 Finished transferring input files
...
001 (14807221.010.000) 05/14 12:50:04 Job executing on host: <188.184.162.133:9618?addrs=188.184.162.133-9618&alias=b7s11p9436.cern.ch&noUDP&sock=startd_3338_2b38>
...
006 (14807221.010.000) 05/14 12:50:13 Image size of job updated: 553960
	47  -  MemoryUsage of job (MB)
	47636  -  ResidentSetSize of job (KB)
...
006 (14807221.010.000) 05/14 12:55:14 Image size of job updated: 1572376
	1084  -  MemoryUsage of job (MB)
	1109180  -  ResidentSetSize of job (KB)
...
006 (14807221.010.000) 05/14 13:00:15 Image size of job updated: 1722428
	1107  -  MemoryUsage of job (MB)
	1133156  -  ResidentSetSize of job (KB)
...
006 (14807221.010.000) 05/14 13:15:16 Image size of job updated: 4151240
	1107  -  MemoryUsage of job (MB)
	1133156  -  ResidentSetSize of job (KB)
...
006 (14807221.010.000) 05/14 13:20:16 Image size of job updated: 4388364
	1107  -  MemoryUsage of job (MB)
	1133156  -  ResidentSetSize of job (KB)
...
006 (14807221.010.000) 05/14 13:25:16 Image size of job updated: 4395400
	1107  -  MemoryUsage of job (MB)
	1133156  -  ResidentSetSize of job (KB)
...
006 (14807221.010.000) 05/14 13:30:17 Image size of job updated: 4457736
	1107  -  MemoryUsage of job (MB)
	1133156  -  ResidentSetSize of job (KB)
...
006 (14807221.010.000) 05/14 13:35:17 Image size of job updated: 4479904
	1107  -  MemoryUsage of job (MB)
	1133156  -  ResidentSetSize of job (KB)
...
006 (14807221.010.000) 05/14 13:35:55 Image size of job updated: 4484472
	1107  -  MemoryUsage of job (MB)
	1133156  -  ResidentSetSize of job (KB)
...
040 (14807221.010.000) 05/14 13:35:55 Started transferring output files
...
040 (14807221.010.000) 05/14 13:35:55 Finished transferring output files
...
005 (14807221.010.000) 05/14 13:35:55 Job terminated.
	(1) Normal termination (return value 0)
		Usr 0 00:11:55, Sys 0 00:00:40  -  Run Remote Usage
		Usr 0 00:00:00, Sys 0 00:00:00  -  Run Local Usage
		Usr 0 00:11:55, Sys 0 00:00:40  -  Total Remote Usage
		Usr 0 00:00:00, Sys 0 00:00:00  -  Total Local Usage
	99845  -  Run Bytes Sent By Job
	323  -  Run Bytes Received By Job
	99845  -  Total Bytes Sent By Job
	323  -  Total Bytes Received By Job
	Partitionable Resources :    Usage  Request Allocated 
	   Cpus                 :     0.11        1         1 
	   Disk (KB)            :   118           1   3096690 
	   Memory (MB)          :  1107        2000      2000 

	Job terminated of its own accord at 2023-05-14T11:35:55Z.
...
