000 (15271413.047.000) 12/18 14:02:22 Job submitted from host: <188.184.90.241:9618?addrs=188.184.90.241-9618+[2001-1458-201-e4--100-2eb]-9618&alias=bigbird15.cern.ch&noUDP&sock=schedd_2763_c443>
...
040 (15271413.047.000) 12/18 14:06:04 Started transferring input files
	Transferring to host: <128.142.194.136:9618?addrs=128.142.194.136-9618+[2001-1458-301-13--100-8]-9618&alias=b9g30p0501.cern.ch&noUDP&sock=slot1_7_12304_07ed_84570>
...
040 (15271413.047.000) 12/18 14:06:04 Finished transferring input files
...
001 (15271413.047.000) 12/18 14:06:05 Job executing on host: <128.142.194.136:9618?addrs=128.142.194.136-9618+[2001-1458-301-13--100-8]-9618&alias=b9g30p0501.cern.ch&noUDP&sock=startd_11187_ee13>
...
006 (15271413.047.000) 12/18 14:06:14 Image size of job updated: 166892
	163  -  MemoryUsage of job (MB)
	166892  -  ResidentSetSize of job (KB)
...
006 (15271413.047.000) 12/18 14:11:15 Image size of job updated: 1527608
	1492  -  MemoryUsage of job (MB)
	1527608  -  ResidentSetSize of job (KB)
...
040 (15271413.047.000) 12/18 14:12:34 Started transferring output files
...
040 (15271413.047.000) 12/18 14:12:34 Finished transferring output files
...
005 (15271413.047.000) 12/18 14:12:34 Job terminated.
	(1) Normal termination (return value 0)
		Usr 0 00:04:13, Sys 0 00:00:04  -  Run Remote Usage
		Usr 0 00:00:00, Sys 0 00:00:00  -  Run Local Usage
		Usr 0 00:04:13, Sys 0 00:00:04  -  Total Remote Usage
		Usr 0 00:00:00, Sys 0 00:00:00  -  Total Local Usage
	117839  -  Run Bytes Sent By Job
	269  -  Run Bytes Received By Job
	117839  -  Total Bytes Sent By Job
	269  -  Total Bytes Received By Job
	Partitionable Resources :    Usage  Request Allocated 
	   Cpus                 :     0.92        1         1 
	   Disk (KB)            :   159           1   2940755 
	   Memory (MB)          :  1492        2000      2000 

	Job terminated of its own accord at 2023-12-18T13:12:34Z.
...
