000 (15148189.012.000) 09/26 21:00:55 Job submitted from host: <188.184.90.241:9618?addrs=188.184.90.241-9618+[2001-1458-201-e4--100-2eb]-9618&alias=bigbird15.cern.ch&noUDP&sock=schedd_2763_c443>
...
040 (15148189.012.000) 09/26 21:11:21 Started transferring input files
	Transferring to host: <188.184.163.47:9618?addrs=188.184.163.47-9618&alias=b7s12p8185.cern.ch&noUDP&sock=slot1_8_5755_ab03_213275>
...
040 (15148189.012.000) 09/26 21:11:21 Finished transferring input files
...
001 (15148189.012.000) 09/26 21:11:22 Job executing on host: <188.184.163.47:9618?addrs=188.184.163.47-9618&alias=b7s12p8185.cern.ch&noUDP&sock=startd_4948_7eb3>
...
006 (15148189.012.000) 09/26 21:11:31 Image size of job updated: 538084
	53  -  MemoryUsage of job (MB)
	53824  -  ResidentSetSize of job (KB)
...
006 (15148189.012.000) 09/26 21:16:32 Image size of job updated: 1061408
	527  -  MemoryUsage of job (MB)
	538868  -  ResidentSetSize of job (KB)
...
006 (15148189.012.000) 09/26 21:21:32 Image size of job updated: 3661172
	527  -  MemoryUsage of job (MB)
	538868  -  ResidentSetSize of job (KB)
...
006 (15148189.012.000) 09/26 21:26:32 Image size of job updated: 3706328
	527  -  MemoryUsage of job (MB)
	538868  -  ResidentSetSize of job (KB)
...
006 (15148189.012.000) 09/26 21:31:33 Image size of job updated: 3915276
	527  -  MemoryUsage of job (MB)
	538868  -  ResidentSetSize of job (KB)
...
006 (15148189.012.000) 09/26 21:36:22 Image size of job updated: 3988428
	527  -  MemoryUsage of job (MB)
	538868  -  ResidentSetSize of job (KB)
...
040 (15148189.012.000) 09/26 21:36:22 Started transferring output files
...
040 (15148189.012.000) 09/26 21:36:23 Finished transferring output files
...
005 (15148189.012.000) 09/26 21:36:23 Job terminated.
	(1) Normal termination (return value 0)
		Usr 0 00:06:49, Sys 0 00:00:15  -  Run Remote Usage
		Usr 0 00:00:00, Sys 0 00:00:00  -  Run Local Usage
		Usr 0 00:06:49, Sys 0 00:00:15  -  Total Remote Usage
		Usr 0 00:00:00, Sys 0 00:00:00  -  Total Local Usage
	80866  -  Run Bytes Sent By Job
	323  -  Run Bytes Received By Job
	80866  -  Total Bytes Sent By Job
	323  -  Total Bytes Received By Job
	Partitionable Resources :    Usage  Request Allocated 
	   Cpus                 :     0.06        1         1 
	   Disk (KB)            :   100           1   3011983 
	   Memory (MB)          :   527        2000      2000 

	Job terminated of its own accord at 2023-09-26T19:36:22Z.
...
