000 (14832095.206.000) 06/12 15:17:58 Job submitted from host: <188.184.90.241:9618?addrs=188.184.90.241-9618+[2001-1458-201-e4--100-2eb]-9618&alias=bigbird15.cern.ch&noUDP&sock=schedd_1460210_2ef4>
...
040 (14832095.206.000) 06/12 15:20:47 Started transferring input files
	Transferring to host: <128.142.132.20:9618?addrs=128.142.132.20-9618+[2001-1458-301-5a--100-8]-9618&alias=b7g12p6205.cern.ch&noUDP&sock=slot1_21_3411_1ba4_71157>
...
040 (14832095.206.000) 06/12 15:20:47 Finished transferring input files
...
001 (14832095.206.000) 06/12 15:20:48 Job executing on host: <128.142.132.20:9618?addrs=128.142.132.20-9618+[2001-1458-301-5a--100-8]-9618&alias=b7g12p6205.cern.ch&noUDP&sock=startd_2947_f9b0>
...
006 (14832095.206.000) 06/12 15:20:57 Image size of job updated: 538896
	47  -  MemoryUsage of job (MB)
	47624  -  ResidentSetSize of job (KB)
...
006 (14832095.206.000) 06/12 15:25:58 Image size of job updated: 1297828
	742  -  MemoryUsage of job (MB)
	759604  -  ResidentSetSize of job (KB)
...
006 (14832095.206.000) 06/12 15:35:59 Image size of job updated: 4084220
	742  -  MemoryUsage of job (MB)
	759604  -  ResidentSetSize of job (KB)
...
006 (14832095.206.000) 06/12 15:41:00 Image size of job updated: 4084224
	742  -  MemoryUsage of job (MB)
	759604  -  ResidentSetSize of job (KB)
...
006 (14832095.206.000) 06/12 15:46:01 Image size of job updated: 4134840
	742  -  MemoryUsage of job (MB)
	759604  -  ResidentSetSize of job (KB)
...
006 (14832095.206.000) 06/12 15:51:01 Image size of job updated: 4372376
	742  -  MemoryUsage of job (MB)
	759604  -  ResidentSetSize of job (KB)
...
006 (14832095.206.000) 06/12 15:56:02 Image size of job updated: 4380252
	742  -  MemoryUsage of job (MB)
	759604  -  ResidentSetSize of job (KB)
...
006 (14832095.206.000) 06/12 16:01:03 Image size of job updated: 4443348
	742  -  MemoryUsage of job (MB)
	759604  -  ResidentSetSize of job (KB)
...
006 (14832095.206.000) 06/12 16:06:03 Image size of job updated: 4458156
	742  -  MemoryUsage of job (MB)
	759604  -  ResidentSetSize of job (KB)
...
006 (14832095.206.000) 06/12 16:08:08 Image size of job updated: 4467300
	742  -  MemoryUsage of job (MB)
	759604  -  ResidentSetSize of job (KB)
...
040 (14832095.206.000) 06/12 16:08:08 Started transferring output files
...
040 (14832095.206.000) 06/12 16:08:08 Finished transferring output files
...
005 (14832095.206.000) 06/12 16:08:08 Job terminated.
	(1) Normal termination (return value 0)
		Usr 0 00:08:44, Sys 0 00:00:24  -  Run Remote Usage
		Usr 0 00:00:00, Sys 0 00:00:00  -  Run Local Usage
		Usr 0 00:08:44, Sys 0 00:00:24  -  Total Remote Usage
		Usr 0 00:00:00, Sys 0 00:00:00  -  Total Local Usage
	95794  -  Run Bytes Sent By Job
	323  -  Run Bytes Received By Job
	95794  -  Total Bytes Sent By Job
	323  -  Total Bytes Received By Job
	Partitionable Resources :    Usage  Request Allocated 
	   Cpus                 :     0.08        1         1 
	   Disk (KB)            :   115           1   1572722 
	   Memory (MB)          :   742        2000      2000 

	Job terminated of its own accord at 2023-06-12T14:08:08Z.
...
