000 (15149098.039.000) 09/27 08:23:39 Job submitted from host: <188.184.90.241:9618?addrs=188.184.90.241-9618+[2001-1458-201-e4--100-2eb]-9618&alias=bigbird15.cern.ch&noUDP&sock=schedd_2763_c443>
...
040 (15149098.039.000) 09/27 08:37:23 Started transferring input files
	Transferring to host: <188.184.162.172:9618?addrs=188.184.162.172-9618+[2001-1458-301-4a--100-a6]-9618&alias=b7s11p8469.cern.ch&noUDP&sock=slot1_32_183345_e379_16025>
...
040 (15149098.039.000) 09/27 08:37:23 Finished transferring input files
...
001 (15149098.039.000) 09/27 08:37:24 Job executing on host: <188.184.162.172:9618?addrs=188.184.162.172-9618+[2001-1458-301-4a--100-a6]-9618&alias=b7s11p8469.cern.ch&noUDP&sock=startd_183307_ef03>
...
006 (15149098.039.000) 09/27 08:37:36 Image size of job updated: 127704
	9  -  MemoryUsage of job (MB)
	8256  -  ResidentSetSize of job (KB)
...
006 (15149098.039.000) 09/27 08:42:37 Image size of job updated: 1038452
	62  -  MemoryUsage of job (MB)
	63168  -  ResidentSetSize of job (KB)
...
006 (15149098.039.000) 09/27 08:47:37 Image size of job updated: 3871708
	460  -  MemoryUsage of job (MB)
	470812  -  ResidentSetSize of job (KB)
...
006 (15149098.039.000) 09/27 08:48:41 Image size of job updated: 3884200
	460  -  MemoryUsage of job (MB)
	470812  -  ResidentSetSize of job (KB)
...
040 (15149098.039.000) 09/27 08:48:41 Started transferring output files
...
040 (15149098.039.000) 09/27 08:48:41 Finished transferring output files
...
005 (15149098.039.000) 09/27 08:48:41 Job terminated.
	(1) Normal termination (return value 0)
		Usr 0 00:04:05, Sys 0 00:00:19  -  Run Remote Usage
		Usr 0 00:00:00, Sys 0 00:00:00  -  Run Local Usage
		Usr 0 00:04:05, Sys 0 00:00:19  -  Total Remote Usage
		Usr 0 00:00:00, Sys 0 00:00:00  -  Total Local Usage
	69988  -  Run Bytes Sent By Job
	323  -  Run Bytes Received By Job
	69988  -  Total Bytes Sent By Job
	323  -  Total Bytes Received By Job
	Partitionable Resources :    Usage  Request Allocated 
	   Cpus                 :        0        1         1 
	   Disk (KB)            :       89        1   3149393 
	   Memory (MB)          :      460     2000      2000 

	Job terminated of its own accord at 2023-09-27T06:48:41Z.
...
