000 (14759981.001.000) 03/28 17:09:37 Job submitted from host: <188.184.90.241:9618?addrs=188.184.90.241-9618+[2001-1458-201-e4--100-2eb]-9618&alias=bigbird15.cern.ch&noUDP&sock=schedd_3631588_e24a>
...
040 (14759981.001.000) 03/28 17:53:21 Started transferring input files
	Transferring to host: <128.142.132.20:9618?addrs=128.142.132.20-9618+[2001-1458-301-5a--100-8]-9618&alias=b7g12p6205.cern.ch&noUDP&sock=slot1_37_4147_afc2_145836>
...
040 (14759981.001.000) 03/28 17:53:21 Finished transferring input files
...
001 (14759981.001.000) 03/28 17:53:22 Job executing on host: <128.142.132.20:9618?addrs=128.142.132.20-9618+[2001-1458-301-5a--100-8]-9618&alias=b7g12p6205.cern.ch&noUDP&sock=startd_3253_ddab>
...
006 (14759981.001.000) 03/28 17:53:31 Image size of job updated: 639352
	169  -  MemoryUsage of job (MB)
	172112  -  ResidentSetSize of job (KB)
...
006 (14759981.001.000) 03/28 17:56:05 Image size of job updated: 2858732
	169  -  MemoryUsage of job (MB)
	172112  -  ResidentSetSize of job (KB)
...
040 (14759981.001.000) 03/28 17:56:05 Started transferring output files
...
040 (14759981.001.000) 03/28 17:56:05 Finished transferring output files
...
005 (14759981.001.000) 03/28 17:56:05 Job terminated.
	(1) Normal termination (return value 0)
		Usr 0 00:01:47, Sys 0 00:00:06  -  Run Remote Usage
		Usr 0 00:00:00, Sys 0 00:00:00  -  Run Local Usage
		Usr 0 00:01:47, Sys 0 00:00:06  -  Total Remote Usage
		Usr 0 00:00:00, Sys 0 00:00:00  -  Total Local Usage
	120633  -  Run Bytes Sent By Job
	269  -  Run Bytes Received By Job
	120633  -  Total Bytes Sent By Job
	269  -  Total Bytes Received By Job
	Partitionable Resources :    Usage  Request Allocated 
	   Cpus                 :                 1         1 
	   Disk (KB)            :      131        1   1617098 
	   Memory (MB)          :      169     2000      2000 

	Job terminated of its own accord at 2023-03-28T15:56:05Z.
...
