040 (14780183.000.000) 04/12 12:03:02 Started transferring input files
	Transferring to host: <188.184.163.176:9618?addrs=188.184.163.176-9618+[2001-1458-301-4d--100-aa]-9618&alias=b7s12p0359.cern.ch&noUDP&sock=slot1_13_40054_6a96_34042>
...
040 (14780183.000.000) 04/12 12:03:02 Finished transferring input files
...
001 (14780183.000.000) 04/12 12:03:03 Job executing on host: <188.184.163.176:9618?addrs=188.184.163.176-9618+[2001-1458-301-4d--100-aa]-9618&alias=b7s12p0359.cern.ch&noUDP&sock=startd_40016_39e0>
...
006 (14780183.000.000) 04/12 12:03:11 Image size of job updated: 148920
	78  -  MemoryUsage of job (MB)
	79156  -  ResidentSetSize of job (KB)
...
006 (14780183.000.000) 04/12 12:08:11 Image size of job updated: 2619284
	126  -  MemoryUsage of job (MB)
	128484  -  ResidentSetSize of job (KB)
...
006 (14780183.000.000) 04/12 12:12:36 Image size of job updated: 2838200
	126  -  MemoryUsage of job (MB)
	128484  -  ResidentSetSize of job (KB)
...
040 (14780183.000.000) 04/12 12:12:36 Started transferring output files
...
040 (14780183.000.000) 04/12 12:12:36 Finished transferring output files
...
005 (14780183.000.000) 04/12 12:12:36 Job terminated.
	(1) Normal termination (return value 0)
		Usr 0 00:02:50, Sys 0 00:00:07  -  Run Remote Usage
		Usr 0 00:00:00, Sys 0 00:00:00  -  Run Local Usage
		Usr 0 00:02:50, Sys 0 00:00:07  -  Total Remote Usage
		Usr 0 00:00:00, Sys 0 00:00:00  -  Total Local Usage
	73151  -  Run Bytes Sent By Job
	323  -  Run Bytes Received By Job
	73151  -  Total Bytes Sent By Job
	323  -  Total Bytes Received By Job
	Partitionable Resources :    Usage  Request Allocated 
	   Cpus                 :     0.04        1         1 
	   Disk (KB)            :    92           1   3054851 
	   Memory (MB)          :   126        2000      2000 

	Job terminated of its own accord at 2023-04-12T10:12:36Z.
...
