000 (15150662.124.000) 09/28 15:49:40 Job submitted from host: <188.184.90.241:9618?addrs=188.184.90.241-9618+[2001-1458-201-e4--100-2eb]-9618&alias=bigbird15.cern.ch&noUDP&sock=schedd_2763_c443>
...
040 (15150662.124.000) 09/28 16:01:29 Started transferring input files
	Transferring to host: <188.184.163.201:9618?addrs=188.184.163.201-9618+[2001-1458-301-4d--100-c3]-9618&alias=b7s12p7699.cern.ch&noUDP&sock=slot1_16_3655_072e_473>
...
040 (15150662.124.000) 09/28 16:01:29 Finished transferring input files
...
001 (15150662.124.000) 09/28 16:01:30 Job executing on host: <188.184.163.201:9618?addrs=188.184.163.201-9618+[2001-1458-301-4d--100-c3]-9618&alias=b7s12p7699.cern.ch&noUDP&sock=startd_3037_b536>
...
006 (15150662.124.000) 09/28 16:01:39 Image size of job updated: 123500
	121  -  MemoryUsage of job (MB)
	123500  -  ResidentSetSize of job (KB)
...
006 (15150662.124.000) 09/28 16:05:10 Image size of job updated: 922876
	121  -  MemoryUsage of job (MB)
	123500  -  ResidentSetSize of job (KB)
...
040 (15150662.124.000) 09/28 16:05:10 Started transferring output files
...
040 (15150662.124.000) 09/28 16:05:10 Finished transferring output files
...
005 (15150662.124.000) 09/28 16:05:10 Job terminated.
	(1) Normal termination (return value 0)
		Usr 0 00:00:15, Sys 0 00:00:01  -  Run Remote Usage
		Usr 0 00:00:00, Sys 0 00:00:00  -  Run Local Usage
		Usr 0 00:00:15, Sys 0 00:00:01  -  Total Remote Usage
		Usr 0 00:00:00, Sys 0 00:00:00  -  Total Local Usage
	7937  -  Run Bytes Sent By Job
	374  -  Run Bytes Received By Job
	7937  -  Total Bytes Sent By Job
	374  -  Total Bytes Received By Job
	Partitionable Resources :    Usage  Request Allocated 
	   Cpus                 :     0.10        1         1 
	   Disk (KB)            :    28           1   2978143 
	   Memory (MB)          :   121        2000      2000 

	Job terminated of its own accord at 2023-09-28T14:05:10Z.
...
