000 (15149098.097.000) 09/27 08:23:39 Job submitted from host: <188.184.90.241:9618?addrs=188.184.90.241-9618+[2001-1458-201-e4--100-2eb]-9618&alias=bigbird15.cern.ch&noUDP&sock=schedd_2763_c443>
...
040 (15149098.097.000) 09/27 08:40:41 Started transferring input files
	Transferring to host: <128.142.248.122:9618?addrs=128.142.248.122-9618+[2001-1458-301-73--100-16a]-9618&alias=b7g23p1073.cern.ch&noUDP&sock=slot1_12_3934_9bd9_46237>
...
040 (15149098.097.000) 09/27 08:40:41 Finished transferring input files
...
001 (15149098.097.000) 09/27 08:40:42 Job executing on host: <128.142.248.122:9618?addrs=128.142.248.122-9618+[2001-1458-301-73--100-16a]-9618&alias=b7g23p1073.cern.ch&noUDP&sock=startd_3252_2e13>
...
006 (15149098.097.000) 09/27 08:40:51 Image size of job updated: 681728
	83  -  MemoryUsage of job (MB)
	84660  -  ResidentSetSize of job (KB)
...
006 (15149098.097.000) 09/27 08:45:51 Image size of job updated: 1133568
	608  -  MemoryUsage of job (MB)
	622096  -  ResidentSetSize of job (KB)
...
006 (15149098.097.000) 09/27 08:50:51 Image size of job updated: 3584428
	608  -  MemoryUsage of job (MB)
	622096  -  ResidentSetSize of job (KB)
...
006 (15149098.097.000) 09/27 08:55:52 Image size of job updated: 3858312
	608  -  MemoryUsage of job (MB)
	622096  -  ResidentSetSize of job (KB)
...
006 (15149098.097.000) 09/27 08:58:59 Image size of job updated: 3903524
	608  -  MemoryUsage of job (MB)
	622096  -  ResidentSetSize of job (KB)
...
040 (15149098.097.000) 09/27 08:59:00 Started transferring output files
...
040 (15149098.097.000) 09/27 08:59:00 Finished transferring output files
...
005 (15149098.097.000) 09/27 08:59:00 Job terminated.
	(1) Normal termination (return value 0)
		Usr 0 00:09:57, Sys 0 00:00:17  -  Run Remote Usage
		Usr 0 00:00:00, Sys 0 00:00:00  -  Run Local Usage
		Usr 0 00:09:57, Sys 0 00:00:17  -  Total Remote Usage
		Usr 0 00:00:00, Sys 0 00:00:00  -  Total Local Usage
	80135  -  Run Bytes Sent By Job
	323  -  Run Bytes Received By Job
	80135  -  Total Bytes Sent By Job
	323  -  Total Bytes Received By Job
	Partitionable Resources :    Usage  Request Allocated 
	   Cpus                 :     0.05        1         1 
	   Disk (KB)            :    99           1   2957857 
	   Memory (MB)          :   608        2000      2000 

	Job terminated of its own accord at 2023-09-27T06:58:59Z.
...
