000 (15159743.055.000) 10/09 07:56:33 Job submitted from host: <188.184.90.241:9618?addrs=188.184.90.241-9618+[2001-1458-201-e4--100-2eb]-9618&alias=bigbird15.cern.ch&noUDP&sock=schedd_2763_c443>
...
040 (15159743.055.000) 10/09 08:09:54 Started transferring input files
	Transferring to host: <128.142.137.148:9618?addrs=128.142.137.148-9618+[2001-1458-301-5e--100-88]-9618&alias=b7g19p0927.cern.ch&noUDP&sock=slot1_24_1951_67e8_107564>
...
040 (15159743.055.000) 10/09 08:09:54 Finished transferring input files
...
001 (15159743.055.000) 10/09 08:09:55 Job executing on host: <128.142.137.148:9618?addrs=128.142.137.148-9618+[2001-1458-301-5e--100-88]-9618&alias=b7g19p0927.cern.ch&noUDP&sock=startd_2845_0307>
...
006 (15159743.055.000) 10/09 08:10:04 Image size of job updated: 401944
	53  -  MemoryUsage of job (MB)
	53520  -  ResidentSetSize of job (KB)
...
006 (15159743.055.000) 10/09 08:10:19 Image size of job updated: 670196
	53  -  MemoryUsage of job (MB)
	53520  -  ResidentSetSize of job (KB)
...
040 (15159743.055.000) 10/09 08:10:19 Started transferring output files
...
040 (15159743.055.000) 10/09 08:10:19 Finished transferring output files
...
005 (15159743.055.000) 10/09 08:10:19 Job terminated.
	(1) Normal termination (return value 0)
		Usr 0 00:00:13, Sys 0 00:00:02  -  Run Remote Usage
		Usr 0 00:00:00, Sys 0 00:00:00  -  Run Local Usage
		Usr 0 00:00:13, Sys 0 00:00:02  -  Total Remote Usage
		Usr 0 00:00:00, Sys 0 00:00:00  -  Total Local Usage
	14137  -  Run Bytes Sent By Job
	269  -  Run Bytes Received By Job
	14137  -  Total Bytes Sent By Job
	269  -  Total Bytes Received By Job
	Partitionable Resources :    Usage  Request Allocated 
	   Cpus                 :                 1         1 
	   Disk (KB)            :       28        1   1661408 
	   Memory (MB)          :       53     2000      2000 

	Job terminated of its own accord at 2023-10-09T06:10:19Z.
...
