000 (15153696.006.000) 10/03 22:27:19 Job submitted from host: <188.184.90.241:9618?addrs=188.184.90.241-9618+[2001-1458-201-e4--100-2eb]-9618&alias=bigbird15.cern.ch&noUDP&sock=schedd_2763_c443>
...
040 (15153696.006.000) 10/03 22:30:26 Started transferring input files
	Transferring to host: <188.184.162.97:9618?addrs=188.184.162.97-9618+[2001-1458-301-4a--100-5b]-9618&alias=b7s11p5087.cern.ch&noUDP&sock=slot1_12_54388_041d_133834>
...
040 (15153696.006.000) 10/03 22:30:26 Finished transferring input files
...
001 (15153696.006.000) 10/03 22:30:27 Job executing on host: <188.184.162.97:9618?addrs=188.184.162.97-9618+[2001-1458-301-4a--100-5b]-9618&alias=b7s11p5087.cern.ch&noUDP&sock=startd_3270_86c8>
...
006 (15153696.006.000) 10/03 22:30:35 Image size of job updated: 912176
	122  -  MemoryUsage of job (MB)
	124276  -  ResidentSetSize of job (KB)
...
006 (15153696.006.000) 10/03 22:33:17 Image size of job updated: 927684
	122  -  MemoryUsage of job (MB)
	124276  -  ResidentSetSize of job (KB)
...
040 (15153696.006.000) 10/03 22:33:17 Started transferring output files
...
040 (15153696.006.000) 10/03 22:33:17 Finished transferring output files
...
005 (15153696.006.000) 10/03 22:33:18 Job terminated.
	(1) Normal termination (return value 0)
		Usr 0 00:00:16, Sys 0 00:00:01  -  Run Remote Usage
		Usr 0 00:00:00, Sys 0 00:00:00  -  Run Local Usage
		Usr 0 00:00:16, Sys 0 00:00:01  -  Total Remote Usage
		Usr 0 00:00:00, Sys 0 00:00:00  -  Total Local Usage
	8006  -  Run Bytes Sent By Job
	374  -  Run Bytes Received By Job
	8006  -  Total Bytes Sent By Job
	374  -  Total Bytes Received By Job
	Partitionable Resources :    Usage  Request Allocated 
	   Cpus                 :        0        1         1 
	   Disk (KB)            :       29        1   2978774 
	   Memory (MB)          :      122     2000      2000 

	Job terminated of its own accord at 2023-10-03T20:33:17Z.
...
