000 (15159743.087.000) 10/09 07:56:33 Job submitted from host: <188.184.90.241:9618?addrs=188.184.90.241-9618+[2001-1458-201-e4--100-2eb]-9618&alias=bigbird15.cern.ch&noUDP&sock=schedd_2763_c443>
...
040 (15159743.087.000) 10/09 08:10:07 Started transferring input files
	Transferring to host: <128.142.132.85:9618?addrs=128.142.132.85-9618+[2001-1458-301-5a--100-49]-9618&alias=b7g12p6592.cern.ch&noUDP&sock=slot1_6_5782_b124_203159>
...
040 (15159743.087.000) 10/09 08:10:07 Finished transferring input files
...
001 (15159743.087.000) 10/09 08:10:08 Job executing on host: <128.142.132.85:9618?addrs=128.142.132.85-9618+[2001-1458-301-5a--100-49]-9618&alias=b7g12p6592.cern.ch&noUDP&sock=startd_5043_a832>
...
006 (15159743.087.000) 10/09 08:10:17 Image size of job updated: 55260
	51  -  MemoryUsage of job (MB)
	52156  -  ResidentSetSize of job (KB)
...
006 (15159743.087.000) 10/09 08:15:18 Image size of job updated: 867828
	349  -  MemoryUsage of job (MB)
	357056  -  ResidentSetSize of job (KB)
...
006 (15159743.087.000) 10/09 08:20:18 Image size of job updated: 1410700
	1226  -  MemoryUsage of job (MB)
	1254500  -  ResidentSetSize of job (KB)
...
006 (15159743.087.000) 10/09 08:22:31 Image size of job updated: 2998356
	1226  -  MemoryUsage of job (MB)
	1254500  -  ResidentSetSize of job (KB)
...
040 (15159743.087.000) 10/09 08:22:31 Started transferring output files
...
040 (15159743.087.000) 10/09 08:22:31 Finished transferring output files
...
005 (15159743.087.000) 10/09 08:22:31 Job terminated.
	(1) Normal termination (return value 0)
		Usr 0 00:10:37, Sys 0 00:00:11  -  Run Remote Usage
		Usr 0 00:00:00, Sys 0 00:00:00  -  Run Local Usage
		Usr 0 00:10:37, Sys 0 00:00:11  -  Total Remote Usage
		Usr 0 00:00:00, Sys 0 00:00:00  -  Total Local Usage
	146933  -  Run Bytes Sent By Job
	269  -  Run Bytes Received By Job
	146933  -  Total Bytes Sent By Job
	269  -  Total Bytes Received By Job
	Partitionable Resources :    Usage  Request Allocated 
	   Cpus                 :     0.11        1         1 
	   Disk (KB)            :   165           1   1694510 
	   Memory (MB)          :  1226        2000      2000 

	Job terminated of its own accord at 2023-10-09T06:22:31Z.
...
