000 (14807135.001.000) 05/13 19:23:40 Job submitted from host: <188.184.90.241:9618?addrs=188.184.90.241-9618+[2001-1458-201-e4--100-2eb]-9618&alias=bigbird15.cern.ch&noUDP&sock=schedd_3273_9590>
...
040 (14807135.001.000) 05/13 19:35:08 Started transferring input files
	Transferring to host: <188.184.162.172:9618?addrs=188.184.162.172-9618+[2001-1458-301-4a--100-a6]-9618&alias=b7s11p8469.cern.ch&noUDP&sock=slot1_19_122961_e5e1_93920>
...
040 (14807135.001.000) 05/13 19:35:08 Finished transferring input files
...
001 (14807135.001.000) 05/13 19:35:09 Job executing on host: <188.184.162.172:9618?addrs=188.184.162.172-9618+[2001-1458-301-4a--100-a6]-9618&alias=b7s11p8469.cern.ch&noUDP&sock=startd_28736_1595>
...
006 (14807135.001.000) 05/13 19:35:17 Image size of job updated: 543264
	47  -  MemoryUsage of job (MB)
	47908  -  ResidentSetSize of job (KB)
...
006 (14807135.001.000) 05/13 19:40:17 Image size of job updated: 1644948
	1163  -  MemoryUsage of job (MB)
	1190256  -  ResidentSetSize of job (KB)
...
006 (14807135.001.000) 05/13 19:45:18 Image size of job updated: 2680804
	2158  -  MemoryUsage of job (MB)
	2209180  -  ResidentSetSize of job (KB)
...
006 (14807135.001.000) 05/13 19:50:18 Image size of job updated: 3709416
	3179  -  MemoryUsage of job (MB)
	3254620  -  ResidentSetSize of job (KB)
...
006 (14807135.001.000) 05/13 19:55:11 Image size of job updated: 4611208
	3179  -  MemoryUsage of job (MB)
	3254620  -  ResidentSetSize of job (KB)
...
040 (14807135.001.000) 05/13 19:55:11 Started transferring output files
...
040 (14807135.001.000) 05/13 19:55:11 Finished transferring output files
...
009 (14807135.001.000) 05/13 19:55:11 Job was aborted.
	Job removed by SYSTEM_PERIODIC_REMOVE due to wall time exceeded allowed max.
...
