000 (15150654.187.000) 09/28 14:27:13 Job submitted from host: <188.184.90.241:9618?addrs=188.184.90.241-9618+[2001-1458-201-e4--100-2eb]-9618&alias=bigbird15.cern.ch&noUDP&sock=schedd_2763_c443>
...
040 (15150654.187.000) 09/28 14:46:58 Started transferring input files
	Transferring to host: <128.142.57.128:9618?addrs=128.142.57.128-9618+[2001-1458-301-7--100-7f]-9618&alias=b7s02p6962.cern.ch&noUDP&sock=slot1_10_4027_22bd_199143>
...
040 (15150654.187.000) 09/28 14:46:58 Finished transferring input files
...
001 (15150654.187.000) 09/28 14:46:59 Job executing on host: <128.142.57.128:9618?addrs=128.142.57.128-9618+[2001-1458-301-7--100-7f]-9618&alias=b7s02p6962.cern.ch&noUDP&sock=startd_3040_c3ff>
...
006 (15150654.187.000) 09/28 14:47:00 Image size of job updated: 700
	0  -  MemoryUsage of job (MB)
	0  -  ResidentSetSize of job (KB)
...
040 (15150654.187.000) 09/28 14:47:00 Started transferring output files
...
040 (15150654.187.000) 09/28 14:47:00 Finished transferring output files
...
005 (15150654.187.000) 09/28 14:47:01 Job terminated.
	(1) Normal termination (return value 0)
		Usr 0 00:00:00, Sys 0 00:00:00  -  Run Remote Usage
		Usr 0 00:00:00, Sys 0 00:00:00  -  Run Local Usage
		Usr 0 00:00:00, Sys 0 00:00:00  -  Total Remote Usage
		Usr 0 00:00:00, Sys 0 00:00:00  -  Total Local Usage
	6750  -  Run Bytes Sent By Job
	374  -  Run Bytes Received By Job
	6750  -  Total Bytes Sent By Job
	374  -  Total Bytes Received By Job
	Partitionable Resources :    Usage  Request Allocated 
	   Cpus                 :                 1         1 
	   Disk (KB)            :       20        1   1298834 
	   Memory (MB)          :        0     2000      2000 

	Job terminated of its own accord at 2023-09-28T12:47:00Z.
...
