000 (14832095.101.000) 06/12 15:17:57 Job submitted from host: <188.184.90.241:9618?addrs=188.184.90.241-9618+[2001-1458-201-e4--100-2eb]-9618&alias=bigbird15.cern.ch&noUDP&sock=schedd_1460210_2ef4>
...
040 (14832095.101.000) 06/12 15:20:08 Started transferring input files
	Transferring to host: <128.142.192.143:9618?addrs=128.142.192.143-9618+[2001-1458-301-56--100-b]-9618&alias=b7g18p7660.cern.ch&noUDP&sock=slot1_6_12694_d23d_69198>
...
040 (14832095.101.000) 06/12 15:20:08 Finished transferring input files
...
001 (14832095.101.000) 06/12 15:20:09 Job executing on host: <128.142.192.143:9618?addrs=128.142.192.143-9618+[2001-1458-301-56--100-b]-9618&alias=b7g18p7660.cern.ch&noUDP&sock=startd_11861_3ce8>
...
006 (14832095.101.000) 06/12 15:20:18 Image size of job updated: 544308
	47  -  MemoryUsage of job (MB)
	48028  -  ResidentSetSize of job (KB)
...
006 (14832095.101.000) 06/12 15:25:19 Image size of job updated: 1719056
	1199  -  MemoryUsage of job (MB)
	1226784  -  ResidentSetSize of job (KB)
...
006 (14832095.101.000) 06/12 15:30:19 Image size of job updated: 2868156
	2371  -  MemoryUsage of job (MB)
	2427220  -  ResidentSetSize of job (KB)
...
006 (14832095.101.000) 06/12 15:35:19 Image size of job updated: 3947424
	3403  -  MemoryUsage of job (MB)
	3484268  -  ResidentSetSize of job (KB)
...
006 (14832095.101.000) 06/12 15:40:21 Image size of job updated: 5101928
	4525  -  MemoryUsage of job (MB)
	4632920  -  ResidentSetSize of job (KB)
...
006 (14832095.101.000) 06/12 15:45:21 Image size of job updated: 6156664
	5513  -  MemoryUsage of job (MB)
	5644620  -  ResidentSetSize of job (KB)
...
006 (14832095.101.000) 06/12 15:50:21 Image size of job updated: 7154424
	6506  -  MemoryUsage of job (MB)
	6661620  -  ResidentSetSize of job (KB)
...
006 (14832095.101.000) 06/12 15:55:22 Image size of job updated: 8182620
	7491  -  MemoryUsage of job (MB)
	7670548  -  ResidentSetSize of job (KB)
...
006 (14832095.101.000) 06/12 16:00:23 Image size of job updated: 9012860
	7706  -  MemoryUsage of job (MB)
	7890180  -  ResidentSetSize of job (KB)
...
006 (14832095.101.000) 06/12 16:05:23 Image size of job updated: 9981004
	7706  -  MemoryUsage of job (MB)
	7890180  -  ResidentSetSize of job (KB)
...
006 (14832095.101.000) 06/12 16:10:24 Image size of job updated: 10907220
	7967  -  MemoryUsage of job (MB)
	8157332  -  ResidentSetSize of job (KB)
...
006 (14832095.101.000) 06/12 16:15:25 Image size of job updated: 11916880
	8948  -  MemoryUsage of job (MB)
	9161988  -  ResidentSetSize of job (KB)
...
006 (14832095.101.000) 06/12 16:20:25 Image size of job updated: 12637932
	9763  -  MemoryUsage of job (MB)
	9997108  -  ResidentSetSize of job (KB)
...
006 (14832095.101.000) 06/12 16:25:25 Image size of job updated: 12637940
	9763  -  MemoryUsage of job (MB)
	9997108  -  ResidentSetSize of job (KB)
...
006 (14832095.101.000) 06/12 16:35:26 Image size of job updated: 12640700
	9763  -  MemoryUsage of job (MB)
	9997108  -  ResidentSetSize of job (KB)
...
006 (14832095.101.000) 06/12 16:45:28 Image size of job updated: 12764052
	9763  -  MemoryUsage of job (MB)
	9997108  -  ResidentSetSize of job (KB)
...
040 (14832095.101.000) 06/12 17:20:15 Started transferring output files
...
040 (14832095.101.000) 06/12 17:20:15 Finished transferring output files
...
009 (14832095.101.000) 06/12 17:20:15 Job was aborted.
	Job removed by SYSTEM_PERIODIC_REMOVE due to wall time exceeded allowed max.
...
