000 (15150662.154.000) 09/28 15:49:40 Job submitted from host: <188.184.90.241:9618?addrs=188.184.90.241-9618+[2001-1458-201-e4--100-2eb]-9618&alias=bigbird15.cern.ch&noUDP&sock=schedd_2763_c443>
...
040 (15150662.154.000) 09/28 16:01:39 Started transferring input files
	Transferring to host: <128.142.137.192:9618?addrs=128.142.137.192-9618+[2001-1458-301-5e--100-b4]-9618&alias=b7g19p1893.cern.ch&noUDP&sock=slot1_24_8146_5804_188443>
...
040 (15150662.154.000) 09/28 16:01:39 Finished transferring input files
...
001 (15150662.154.000) 09/28 16:01:40 Job executing on host: <128.142.137.192:9618?addrs=128.142.137.192-9618+[2001-1458-301-5e--100-b4]-9618&alias=b7g19p1893.cern.ch&noUDP&sock=startd_6849_6c3c>
...
006 (15150662.154.000) 09/28 16:01:48 Image size of job updated: 122712
	120  -  MemoryUsage of job (MB)
	122472  -  ResidentSetSize of job (KB)
...
006 (15150662.154.000) 09/28 16:04:44 Image size of job updated: 921788
	120  -  MemoryUsage of job (MB)
	122472  -  ResidentSetSize of job (KB)
...
040 (15150662.154.000) 09/28 16:04:44 Started transferring output files
...
040 (15150662.154.000) 09/28 16:04:44 Finished transferring output files
...
005 (15150662.154.000) 09/28 16:04:44 Job terminated.
	(1) Normal termination (return value 0)
		Usr 0 00:00:15, Sys 0 00:00:01  -  Run Remote Usage
		Usr 0 00:00:00, Sys 0 00:00:00  -  Run Local Usage
		Usr 0 00:00:15, Sys 0 00:00:01  -  Total Remote Usage
		Usr 0 00:00:00, Sys 0 00:00:00  -  Total Local Usage
	7934  -  Run Bytes Sent By Job
	374  -  Run Bytes Received By Job
	7934  -  Total Bytes Sent By Job
	374  -  Total Bytes Received By Job
	Partitionable Resources :    Usage  Request Allocated 
	   Cpus                 :                 1         1 
	   Disk (KB)            :       22        1   1713550 
	   Memory (MB)          :      120     2000      2000 

	Job terminated of its own accord at 2023-09-28T14:04:44Z.
...
