000 (14832095.220.000) 06/12 15:17:58 Job submitted from host: <188.184.90.241:9618?addrs=188.184.90.241-9618+[2001-1458-201-e4--100-2eb]-9618&alias=bigbird15.cern.ch&noUDP&sock=schedd_1460210_2ef4>
...
040 (14832095.220.000) 06/12 15:20:53 Started transferring input files
	Transferring to host: <128.142.131.64:9618?addrs=128.142.131.64-9618+[2001-1458-301-59--100-34]-9618&alias=b7g11p7511.cern.ch&noUDP&sock=slot1_37_48951_2860_43883>
...
040 (14832095.220.000) 06/12 15:20:53 Finished transferring input files
...
001 (14832095.220.000) 06/12 15:20:54 Job executing on host: <128.142.131.64:9618?addrs=128.142.131.64-9618+[2001-1458-301-59--100-34]-9618&alias=b7g11p7511.cern.ch&noUDP&sock=startd_18797_c1cb>
...
006 (14832095.220.000) 06/12 15:21:03 Image size of job updated: 538076
	47  -  MemoryUsage of job (MB)
	47688  -  ResidentSetSize of job (KB)
...
006 (14832095.220.000) 06/12 15:26:04 Image size of job updated: 1500280
	940  -  MemoryUsage of job (MB)
	962128  -  ResidentSetSize of job (KB)
...
006 (14832095.220.000) 06/12 15:31:05 Image size of job updated: 1875336
	1306  -  MemoryUsage of job (MB)
	1337208  -  ResidentSetSize of job (KB)
...
006 (14832095.220.000) 06/12 15:46:07 Image size of job updated: 4054052
	1306  -  MemoryUsage of job (MB)
	1337208  -  ResidentSetSize of job (KB)
...
006 (14832095.220.000) 06/12 15:56:08 Image size of job updated: 4334868
	1306  -  MemoryUsage of job (MB)
	1337208  -  ResidentSetSize of job (KB)
...
006 (14832095.220.000) 06/12 16:01:09 Image size of job updated: 4344500
	1306  -  MemoryUsage of job (MB)
	1337208  -  ResidentSetSize of job (KB)
...
006 (14832095.220.000) 06/12 16:06:09 Image size of job updated: 4403732
	1306  -  MemoryUsage of job (MB)
	1337208  -  ResidentSetSize of job (KB)
...
006 (14832095.220.000) 06/12 16:11:09 Image size of job updated: 4422028
	1306  -  MemoryUsage of job (MB)
	1337208  -  ResidentSetSize of job (KB)
...
006 (14832095.220.000) 06/12 16:14:02 Image size of job updated: 4430492
	1306  -  MemoryUsage of job (MB)
	1337208  -  ResidentSetSize of job (KB)
...
040 (14832095.220.000) 06/12 16:14:03 Started transferring output files
...
040 (14832095.220.000) 06/12 16:14:03 Finished transferring output files
...
005 (14832095.220.000) 06/12 16:14:03 Job terminated.
	(1) Normal termination (return value 0)
		Usr 0 00:13:15, Sys 0 00:00:43  -  Run Remote Usage
		Usr 0 00:00:00, Sys 0 00:00:00  -  Run Local Usage
		Usr 0 00:13:15, Sys 0 00:00:43  -  Total Remote Usage
		Usr 0 00:00:00, Sys 0 00:00:00  -  Total Local Usage
	120257  -  Run Bytes Sent By Job
	323  -  Run Bytes Received By Job
	120257  -  Total Bytes Sent By Job
	323  -  Total Bytes Received By Job
	Partitionable Resources :    Usage  Request Allocated 
	   Cpus                 :     0.04        1         1 
	   Disk (KB)            :   139           1   1706799 
	   Memory (MB)          :  1306        2000      2000 

	Job terminated of its own accord at 2023-06-12T14:14:02Z.
...
