000 (14807404.003.000) 05/15 22:32:17 Job submitted from host: <188.184.90.241:9618?addrs=188.184.90.241-9618+[2001-1458-201-e4--100-2eb]-9618&alias=bigbird15.cern.ch&noUDP&sock=schedd_3273_9590>
...
040 (14807404.003.000) 05/15 22:47:25 Started transferring input files
	Transferring to host: <128.142.58.53:9618?addrs=128.142.58.53-9618+[2001-1458-301-16--100-34]-9618&alias=b7s03p9418.cern.ch&noUDP&sock=slot1_4_3546_3a49_28045>
...
040 (14807404.003.000) 05/15 22:47:25 Finished transferring input files
...
001 (14807404.003.000) 05/15 22:47:26 Job executing on host: <128.142.58.53:9618?addrs=128.142.58.53-9618+[2001-1458-301-16--100-34]-9618&alias=b7s03p9418.cern.ch&noUDP&sock=startd_3107_b8d8>
...
006 (14807404.003.000) 05/15 22:47:35 Image size of job updated: 554128
	47  -  MemoryUsage of job (MB)
	47676  -  ResidentSetSize of job (KB)
...
006 (14807404.003.000) 05/15 22:52:36 Image size of job updated: 1779312
	1213  -  MemoryUsage of job (MB)
	1241148  -  ResidentSetSize of job (KB)
...
006 (14807404.003.000) 05/15 23:02:37 Image size of job updated: 4089752
	1213  -  MemoryUsage of job (MB)
	1241148  -  ResidentSetSize of job (KB)
...
006 (14807404.003.000) 05/15 23:07:38 Image size of job updated: 4333764
	1213  -  MemoryUsage of job (MB)
	1241148  -  ResidentSetSize of job (KB)
...
006 (14807404.003.000) 05/15 23:12:29 Image size of job updated: 4417704
	1213  -  MemoryUsage of job (MB)
	1241148  -  ResidentSetSize of job (KB)
...
040 (14807404.003.000) 05/15 23:12:29 Started transferring output files
...
040 (14807404.003.000) 05/15 23:12:29 Finished transferring output files
...
005 (14807404.003.000) 05/15 23:12:29 Job terminated.
	(1) Normal termination (return value 0)
		Usr 0 00:07:02, Sys 0 00:00:27  -  Run Remote Usage
		Usr 0 00:00:00, Sys 0 00:00:00  -  Run Local Usage
		Usr 0 00:07:02, Sys 0 00:00:27  -  Total Remote Usage
		Usr 0 00:00:00, Sys 0 00:00:00  -  Total Local Usage
	115264  -  Run Bytes Sent By Job
	323  -  Run Bytes Received By Job
	115264  -  Total Bytes Sent By Job
	323  -  Total Bytes Received By Job
	Partitionable Resources :    Usage  Request Allocated 
	   Cpus                 :     0.11        1         1 
	   Disk (KB)            :   134           1   1282748 
	   Memory (MB)          :  1213        2000      2000 

	Job terminated of its own accord at 2023-05-15T21:12:29Z.
...
