000 (15155256.012.000) 10/07 14:35:52 Job submitted from host: <188.184.90.241:9618?addrs=188.184.90.241-9618+[2001-1458-201-e4--100-2eb]-9618&alias=bigbird15.cern.ch&noUDP&sock=schedd_2763_c443>
...
040 (15155256.012.000) 10/07 14:37:49 Started transferring input files
	Transferring to host: <128.142.58.158:9618?addrs=128.142.58.158-9618+[2001-1458-301-16--100-9d]-9618&alias=b7s03p3524.cern.ch&noUDP&sock=slot1_15_3767_f132_214786>
...
040 (15155256.012.000) 10/07 14:37:49 Finished transferring input files
...
001 (15155256.012.000) 10/07 14:37:50 Job executing on host: <128.142.58.158:9618?addrs=128.142.58.158-9618+[2001-1458-301-16--100-9d]-9618&alias=b7s03p3524.cern.ch&noUDP&sock=startd_2902_1bed>
...
006 (15155256.012.000) 10/07 14:37:59 Image size of job updated: 68724
	58  -  MemoryUsage of job (MB)
	59168  -  ResidentSetSize of job (KB)
...
006 (15155256.012.000) 10/07 14:43:00 Image size of job updated: 1095208
	594  -  MemoryUsage of job (MB)
	607872  -  ResidentSetSize of job (KB)
...
006 (15155256.012.000) 10/07 14:48:00 Image size of job updated: 1208280
	594  -  MemoryUsage of job (MB)
	607872  -  ResidentSetSize of job (KB)
...
006 (15155256.012.000) 10/07 14:53:00 Image size of job updated: 3718980
	594  -  MemoryUsage of job (MB)
	607872  -  ResidentSetSize of job (KB)
...
006 (15155256.012.000) 10/07 14:58:01 Image size of job updated: 3977740
	594  -  MemoryUsage of job (MB)
	607872  -  ResidentSetSize of job (KB)
...
006 (15155256.012.000) 10/07 15:00:42 Image size of job updated: 4000704
	594  -  MemoryUsage of job (MB)
	607872  -  ResidentSetSize of job (KB)
...
040 (15155256.012.000) 10/07 15:00:42 Started transferring output files
...
040 (15155256.012.000) 10/07 15:00:42 Finished transferring output files
...
005 (15155256.012.000) 10/07 15:00:42 Job terminated.
	(1) Normal termination (return value 0)
		Usr 0 00:10:19, Sys 0 00:00:21  -  Run Remote Usage
		Usr 0 00:00:00, Sys 0 00:00:00  -  Run Local Usage
		Usr 0 00:10:19, Sys 0 00:00:21  -  Total Remote Usage
		Usr 0 00:00:00, Sys 0 00:00:00  -  Total Local Usage
	85454  -  Run Bytes Sent By Job
	323  -  Run Bytes Received By Job
	85454  -  Total Bytes Sent By Job
	323  -  Total Bytes Received By Job
	Partitionable Resources :    Usage  Request Allocated 
	   Cpus                 :     0.95        1         1 
	   Disk (KB)            :   105           1   1178376 
	   Memory (MB)          :   594        2000      2000 

	Job terminated of its own accord at 2023-10-07T13:00:42Z.
...
