000 (15159756.085.000) 10/09 09:27:44 Job submitted from host: <188.184.90.241:9618?addrs=188.184.90.241-9618+[2001-1458-201-e4--100-2eb]-9618&alias=bigbird15.cern.ch&noUDP&sock=schedd_2763_c443>
...
040 (15159756.085.000) 10/09 11:15:15 Started transferring input files
	Transferring to host: <188.184.163.48:9618?addrs=188.184.163.48-9618+[2001-1458-301-4d--100-2a]-9618&alias=b7s12p8302.cern.ch&noUDP&sock=slot1_14_8625_d7b8_13761>
...
040 (15159756.085.000) 10/09 11:15:15 Finished transferring input files
...
001 (15159756.085.000) 10/09 11:15:16 Job executing on host: <188.184.163.48:9618?addrs=188.184.163.48-9618+[2001-1458-301-4d--100-2a]-9618&alias=b7s12p8302.cern.ch&noUDP&sock=startd_7322_dc88>
...
006 (15159756.085.000) 10/09 11:15:25 Image size of job updated: 52736
	50  -  MemoryUsage of job (MB)
	51112  -  ResidentSetSize of job (KB)
...
006 (15159756.085.000) 10/09 11:20:26 Image size of job updated: 928736
	334  -  MemoryUsage of job (MB)
	341528  -  ResidentSetSize of job (KB)
...
006 (15159756.085.000) 10/09 11:25:26 Image size of job updated: 1459352
	989  -  MemoryUsage of job (MB)
	1012340  -  ResidentSetSize of job (KB)
...
006 (15159756.085.000) 10/09 11:27:29 Image size of job updated: 3363440
	989  -  MemoryUsage of job (MB)
	1012340  -  ResidentSetSize of job (KB)
...
040 (15159756.085.000) 10/09 11:27:29 Started transferring output files
...
040 (15159756.085.000) 10/09 11:27:29 Finished transferring output files
...
005 (15159756.085.000) 10/09 11:27:29 Job terminated.
	(1) Normal termination (return value 0)
		Usr 0 00:10:21, Sys 0 00:00:09  -  Run Remote Usage
		Usr 0 00:00:00, Sys 0 00:00:00  -  Run Local Usage
		Usr 0 00:10:21, Sys 0 00:00:09  -  Total Remote Usage
		Usr 0 00:00:00, Sys 0 00:00:00  -  Total Local Usage
	167281  -  Run Bytes Sent By Job
	269  -  Run Bytes Received By Job
	167281  -  Total Bytes Sent By Job
	269  -  Total Bytes Received By Job
	Partitionable Resources :    Usage  Request Allocated 
	   Cpus                 :     0.97        1         1 
	   Disk (KB)            :   185           1   2973488 
	   Memory (MB)          :   989        2000      2000 

	Job terminated of its own accord at 2023-10-09T09:27:29Z.
...
