000 (14810514.009.000) 05/31 15:37:52 Job submitted from host: <188.184.90.241:9618?addrs=188.184.90.241-9618+[2001-1458-201-e4--100-2eb]-9618&alias=bigbird15.cern.ch&noUDP&sock=schedd_3273_9590>
...
040 (14810514.009.000) 05/31 16:03:01 Started transferring input files
	Transferring to host: <128.142.137.119:9618?addrs=128.142.137.119-9618+[2001-1458-301-5e--100-6b]-9618&alias=b7g19p4109.cern.ch&noUDP&sock=slot1_30_5685_58c0_45502>
...
040 (14810514.009.000) 05/31 16:03:01 Finished transferring input files
...
001 (14810514.009.000) 05/31 16:03:02 Job executing on host: <128.142.137.119:9618?addrs=128.142.137.119-9618+[2001-1458-301-5e--100-6b]-9618&alias=b7g19p4109.cern.ch&noUDP&sock=startd_4858_c32c>
...
006 (14810514.009.000) 05/31 16:03:10 Image size of job updated: 50316
	47  -  MemoryUsage of job (MB)
	47688  -  ResidentSetSize of job (KB)
...
006 (14810514.009.000) 05/31 16:08:10 Image size of job updated: 1143380
	664  -  MemoryUsage of job (MB)
	679872  -  ResidentSetSize of job (KB)
...
006 (14810514.009.000) 05/31 16:13:11 Image size of job updated: 1654448
	959  -  MemoryUsage of job (MB)
	981560  -  ResidentSetSize of job (KB)
...
006 (14810514.009.000) 05/31 16:23:11 Image size of job updated: 4034080
	959  -  MemoryUsage of job (MB)
	981560  -  ResidentSetSize of job (KB)
...
006 (14810514.009.000) 05/31 16:28:12 Image size of job updated: 4313208
	959  -  MemoryUsage of job (MB)
	981560  -  ResidentSetSize of job (KB)
...
006 (14810514.009.000) 05/31 16:33:13 Image size of job updated: 4324636
	959  -  MemoryUsage of job (MB)
	981560  -  ResidentSetSize of job (KB)
...
006 (14810514.009.000) 05/31 16:38:13 Image size of job updated: 4388648
	959  -  MemoryUsage of job (MB)
	981560  -  ResidentSetSize of job (KB)
...
006 (14810514.009.000) 05/31 16:43:14 Image size of job updated: 4405720
	959  -  MemoryUsage of job (MB)
	981560  -  ResidentSetSize of job (KB)
...
006 (14810514.009.000) 05/31 16:43:51 Image size of job updated: 4411384
	959  -  MemoryUsage of job (MB)
	981560  -  ResidentSetSize of job (KB)
...
040 (14810514.009.000) 05/31 16:43:52 Started transferring output files
...
040 (14810514.009.000) 05/31 16:43:52 Finished transferring output files
...
005 (14810514.009.000) 05/31 16:43:52 Job terminated.
	(1) Normal termination (return value 0)
		Usr 0 00:09:36, Sys 0 00:00:31  -  Run Remote Usage
		Usr 0 00:00:00, Sys 0 00:00:00  -  Run Local Usage
		Usr 0 00:09:36, Sys 0 00:00:31  -  Total Remote Usage
		Usr 0 00:00:00, Sys 0 00:00:00  -  Total Local Usage
	106378  -  Run Bytes Sent By Job
	323  -  Run Bytes Received By Job
	106378  -  Total Bytes Sent By Job
	323  -  Total Bytes Received By Job
	Partitionable Resources :    Usage  Request Allocated 
	   Cpus                 :     0.08        1         1 
	   Disk (KB)            :   125           1   1641771 
	   Memory (MB)          :   959        2000      2000 

	Job terminated of its own accord at 2023-05-31T14:43:51Z.
...
