000 (15159743.081.000) 10/09 07:56:33 Job submitted from host: <188.184.90.241:9618?addrs=188.184.90.241-9618+[2001-1458-201-e4--100-2eb]-9618&alias=bigbird15.cern.ch&noUDP&sock=schedd_2763_c443>
...
040 (15159743.081.000) 10/09 08:10:02 Started transferring input files
	Transferring to host: <128.142.137.119:9618?addrs=128.142.137.119-9618+[2001-1458-301-5e--100-6b]-9618&alias=b7g19p4109.cern.ch&noUDP&sock=slot1_37_3689_fbef_51467>
...
040 (15159743.081.000) 10/09 08:10:02 Finished transferring input files
...
001 (15159743.081.000) 10/09 08:10:03 Job executing on host: <128.142.137.119:9618?addrs=128.142.137.119-9618+[2001-1458-301-5e--100-6b]-9618&alias=b7g19p4109.cern.ch&noUDP&sock=startd_3088_b08b>
...
006 (15159743.081.000) 10/09 08:10:12 Image size of job updated: 581332
	59  -  MemoryUsage of job (MB)
	60212  -  ResidentSetSize of job (KB)
...
006 (15159743.081.000) 10/09 08:15:13 Image size of job updated: 861360
	366  -  MemoryUsage of job (MB)
	373956  -  ResidentSetSize of job (KB)
...
006 (15159743.081.000) 10/09 08:20:13 Image size of job updated: 1034152
	512  -  MemoryUsage of job (MB)
	523724  -  ResidentSetSize of job (KB)
...
006 (15159743.081.000) 10/09 08:25:13 Image size of job updated: 1173172
	587  -  MemoryUsage of job (MB)
	600604  -  ResidentSetSize of job (KB)
...
006 (15159743.081.000) 10/09 08:29:18 Image size of job updated: 3774320
	587  -  MemoryUsage of job (MB)
	600604  -  ResidentSetSize of job (KB)
...
040 (15159743.081.000) 10/09 08:29:18 Started transferring output files
...
040 (15159743.081.000) 10/09 08:29:18 Finished transferring output files
...
005 (15159743.081.000) 10/09 08:29:18 Job terminated.
	(1) Normal termination (return value 0)
		Usr 0 00:16:04, Sys 0 00:00:12  -  Run Remote Usage
		Usr 0 00:00:00, Sys 0 00:00:00  -  Run Local Usage
		Usr 0 00:16:04, Sys 0 00:00:12  -  Total Remote Usage
		Usr 0 00:00:00, Sys 0 00:00:00  -  Total Local Usage
	189091  -  Run Bytes Sent By Job
	269  -  Run Bytes Received By Job
	189091  -  Total Bytes Sent By Job
	269  -  Total Bytes Received By Job
	Partitionable Resources :    Usage  Request Allocated 
	   Cpus                 :     0.06        1         1 
	   Disk (KB)            :   206           1   1685461 
	   Memory (MB)          :   587        2000      2000 

	Job terminated of its own accord at 2023-10-09T06:29:18Z.
...
