000 (15271413.065.000) 12/18 14:02:22 Job submitted from host: <188.184.90.241:9618?addrs=188.184.90.241-9618+[2001-1458-201-e4--100-2eb]-9618&alias=bigbird15.cern.ch&noUDP&sock=schedd_2763_c443>
...
040 (15271413.065.000) 12/18 14:06:12 Started transferring input files
	Transferring to host: <128.142.61.10:9618?addrs=128.142.61.10-9618+[2001-1458-301-23--100-9]-9618&alias=b9s06p8268.cern.ch&noUDP&sock=slot1_11_126460_4290_6484>
...
040 (15271413.065.000) 12/18 14:06:12 Finished transferring input files
...
001 (15271413.065.000) 12/18 14:06:13 Job executing on host: <128.142.61.10:9618?addrs=128.142.61.10-9618+[2001-1458-301-23--100-9]-9618&alias=b9s06p8268.cern.ch&noUDP&sock=startd_113263_935e>
...
006 (15271413.065.000) 12/18 14:06:21 Image size of job updated: 437944
	400  -  MemoryUsage of job (MB)
	409140  -  ResidentSetSize of job (KB)
...
006 (15271413.065.000) 12/18 14:11:21 Image size of job updated: 925524
	903  -  MemoryUsage of job (MB)
	924588  -  ResidentSetSize of job (KB)
...
006 (15271413.065.000) 12/18 14:14:59 Image size of job updated: 3256040
	903  -  MemoryUsage of job (MB)
	924588  -  ResidentSetSize of job (KB)
...
040 (15271413.065.000) 12/18 14:14:59 Started transferring output files
...
040 (15271413.065.000) 12/18 14:14:59 Finished transferring output files
...
005 (15271413.065.000) 12/18 14:14:59 Job terminated.
	(1) Normal termination (return value 0)
		Usr 0 00:06:44, Sys 0 00:00:07  -  Run Remote Usage
		Usr 0 00:00:00, Sys 0 00:00:00  -  Run Local Usage
		Usr 0 00:06:44, Sys 0 00:00:07  -  Total Remote Usage
		Usr 0 00:00:00, Sys 0 00:00:00  -  Total Local Usage
	175655  -  Run Bytes Sent By Job
	269  -  Run Bytes Received By Job
	175655  -  Total Bytes Sent By Job
	269  -  Total Bytes Received By Job
	Partitionable Resources :    Usage  Request Allocated 
	   Cpus                 :     0.88        1         1 
	   Disk (KB)            :   215           1   3002156 
	   Memory (MB)          :   903        2000      2000 

	Job terminated of its own accord at 2023-12-18T13:14:59Z.
...
