000 (15149098.032.000) 09/27 08:23:39 Job submitted from host: <188.184.90.241:9618?addrs=188.184.90.241-9618+[2001-1458-201-e4--100-2eb]-9618&alias=bigbird15.cern.ch&noUDP&sock=schedd_2763_c443>
...
040 (15149098.032.000) 09/27 08:37:02 Started transferring input files
	Transferring to host: <128.142.61.39:9618?addrs=128.142.61.39-9618&alias=b7s06p7473.cern.ch&noUDP&sock=slot1_23_4176_1ea3_6813>
...
040 (15149098.032.000) 09/27 08:37:02 Finished transferring input files
...
001 (15149098.032.000) 09/27 08:37:03 Job executing on host: <128.142.61.39:9618?addrs=128.142.61.39-9618&alias=b7s06p7473.cern.ch&noUDP&sock=startd_2851_2099>
...
006 (15149098.032.000) 09/27 08:37:12 Image size of job updated: 52060
	51  -  MemoryUsage of job (MB)
	51592  -  ResidentSetSize of job (KB)
...
006 (15149098.032.000) 09/27 08:42:13 Image size of job updated: 1063540
	63  -  MemoryUsage of job (MB)
	63928  -  ResidentSetSize of job (KB)
...
006 (15149098.032.000) 09/27 08:47:14 Image size of job updated: 3866224
	452  -  MemoryUsage of job (MB)
	462056  -  ResidentSetSize of job (KB)
...
006 (15149098.032.000) 09/27 08:47:56 Image size of job updated: 3872796
	452  -  MemoryUsage of job (MB)
	462056  -  ResidentSetSize of job (KB)
...
040 (15149098.032.000) 09/27 08:47:56 Started transferring output files
...
040 (15149098.032.000) 09/27 08:47:56 Finished transferring output files
...
005 (15149098.032.000) 09/27 08:47:56 Job terminated.
	(1) Normal termination (return value 0)
		Usr 0 00:04:35, Sys 0 00:00:10  -  Run Remote Usage
		Usr 0 00:00:00, Sys 0 00:00:00  -  Run Local Usage
		Usr 0 00:04:35, Sys 0 00:00:10  -  Total Remote Usage
		Usr 0 00:00:00, Sys 0 00:00:00  -  Total Local Usage
	70039  -  Run Bytes Sent By Job
	323  -  Run Bytes Received By Job
	70039  -  Total Bytes Sent By Job
	323  -  Total Bytes Received By Job
	Partitionable Resources :    Usage  Request Allocated 
	   Cpus                 :     0.92        1         1 
	   Disk (KB)            :    89           1   1232455 
	   Memory (MB)          :   452        2000      2000 

	Job terminated of its own accord at 2023-09-27T06:47:56Z.
...
