000 (15155263.002.000) 10/07 15:36:06 Job submitted from host: <188.184.90.241:9618?addrs=188.184.90.241-9618+[2001-1458-201-e4--100-2eb]-9618&alias=bigbird15.cern.ch&noUDP&sock=schedd_2763_c443>
...
040 (15155263.002.000) 10/07 15:38:36 Started transferring input files
	Transferring to host: <128.142.61.123:9618?addrs=128.142.61.123-9618+[2001-1458-301-23--100-7a]-9618&alias=b7s06p7679.cern.ch&noUDP&sock=slot1_2_3708_5f10_298335>
...
040 (15155263.002.000) 10/07 15:38:36 Finished transferring input files
...
001 (15155263.002.000) 10/07 15:38:37 Job executing on host: <128.142.61.123:9618?addrs=128.142.61.123-9618+[2001-1458-301-23--100-7a]-9618&alias=b7s06p7679.cern.ch&noUDP&sock=startd_2863_5bbc>
...
006 (15155263.002.000) 10/07 15:38:45 Image size of job updated: 621448
	52  -  MemoryUsage of job (MB)
	52568  -  ResidentSetSize of job (KB)
...
006 (15155263.002.000) 10/07 15:43:45 Image size of job updated: 1157856
	632  -  MemoryUsage of job (MB)
	646232  -  ResidentSetSize of job (KB)
...
006 (15155263.002.000) 10/07 15:48:46 Image size of job updated: 1182404
	632  -  MemoryUsage of job (MB)
	646232  -  ResidentSetSize of job (KB)
...
006 (15155263.002.000) 10/07 15:53:46 Image size of job updated: 3900808
	632  -  MemoryUsage of job (MB)
	646232  -  ResidentSetSize of job (KB)
...
006 (15155263.002.000) 10/07 15:58:46 Image size of job updated: 3976084
	632  -  MemoryUsage of job (MB)
	646232  -  ResidentSetSize of job (KB)
...
006 (15155263.002.000) 10/07 15:59:22 Image size of job updated: 3982448
	632  -  MemoryUsage of job (MB)
	646232  -  ResidentSetSize of job (KB)
...
040 (15155263.002.000) 10/07 15:59:22 Started transferring output files
...
040 (15155263.002.000) 10/07 15:59:22 Finished transferring output files
...
005 (15155263.002.000) 10/07 15:59:22 Job terminated.
	(1) Normal termination (return value 0)
		Usr 0 00:07:13, Sys 0 00:00:15  -  Run Remote Usage
		Usr 0 00:00:00, Sys 0 00:00:00  -  Run Local Usage
		Usr 0 00:07:13, Sys 0 00:00:15  -  Total Remote Usage
		Usr 0 00:00:00, Sys 0 00:00:00  -  Total Local Usage
	84451  -  Run Bytes Sent By Job
	323  -  Run Bytes Received By Job
	84451  -  Total Bytes Sent By Job
	323  -  Total Bytes Received By Job
	Partitionable Resources :    Usage  Request Allocated 
	   Cpus                 :        0        1         1 
	   Disk (KB)            :      104        1   1208364 
	   Memory (MB)          :      632     2000      2000 

	Job terminated of its own accord at 2023-10-07T13:59:22Z.
...
