000 (14808278.066.000) 05/20 04:34:45 Job submitted from host: <188.184.90.241:9618?addrs=188.184.90.241-9618+[2001-1458-201-e4--100-2eb]-9618&alias=bigbird15.cern.ch&noUDP&sock=schedd_3273_9590>
...
040 (14808278.066.000) 05/20 04:51:01 Started transferring input files
	Transferring to host: <188.184.162.30:9618?addrs=188.184.162.30-9618+[2001-1458-301-4a--100-18]-9618&alias=b7s11p7388.cern.ch&noUDP&sock=slot1_20_4713_7c19_68321>
...
040 (14808278.066.000) 05/20 04:51:01 Finished transferring input files
...
001 (14808278.066.000) 05/20 04:51:02 Job executing on host: <188.184.162.30:9618?addrs=188.184.162.30-9618+[2001-1458-301-4a--100-18]-9618&alias=b7s11p7388.cern.ch&noUDP&sock=startd_3265_18ce>
...
006 (14808278.066.000) 05/20 04:51:06 Image size of job updated: 1
	0  -  MemoryUsage of job (MB)
	0  -  ResidentSetSize of job (KB)
...
040 (14808278.066.000) 05/20 04:51:06 Started transferring output files
...
040 (14808278.066.000) 05/20 04:51:06 Finished transferring output files
...
005 (14808278.066.000) 05/20 04:51:06 Job terminated.
	(1) Normal termination (return value 0)
		Usr 0 00:00:00, Sys 0 00:00:00  -  Run Remote Usage
		Usr 0 00:00:00, Sys 0 00:00:00  -  Run Local Usage
		Usr 0 00:00:00, Sys 0 00:00:00  -  Total Remote Usage
		Usr 0 00:00:00, Sys 0 00:00:00  -  Total Local Usage
	6322  -  Run Bytes Sent By Job
	324  -  Run Bytes Received By Job
	6322  -  Total Bytes Sent By Job
	324  -  Total Bytes Received By Job
	Partitionable Resources :    Usage  Request Allocated 
	   Cpus                 :                 1         1 
	   Disk (KB)            :       20        1   3032682 
	   Memory (MB)          :        0     2000      2000 

	Job terminated of its own accord at 2023-05-20T02:51:06Z.
...
