000 (14810514.007.000) 05/31 15:37:52 Job submitted from host: <188.184.90.241:9618?addrs=188.184.90.241-9618+[2001-1458-201-e4--100-2eb]-9618&alias=bigbird15.cern.ch&noUDP&sock=schedd_3273_9590>
...
040 (14810514.007.000) 05/31 16:03:00 Started transferring input files
	Transferring to host: <128.142.131.139:9618?addrs=128.142.131.139-9618+[2001-1458-301-59--100-7f]-9618&alias=b7g11p1017.cern.ch&noUDP&sock=slot1_16_6224_1ef6_47919>
...
040 (14810514.007.000) 05/31 16:03:00 Finished transferring input files
...
001 (14810514.007.000) 05/31 16:03:01 Job executing on host: <128.142.131.139:9618?addrs=128.142.131.139-9618+[2001-1458-301-59--100-7f]-9618&alias=b7g11p1017.cern.ch&noUDP&sock=startd_5128_f5bf>
...
006 (14810514.007.000) 05/31 16:03:10 Image size of job updated: 50296
	47  -  MemoryUsage of job (MB)
	47704  -  ResidentSetSize of job (KB)
...
006 (14810514.007.000) 05/31 16:08:11 Image size of job updated: 1450336
	865  -  MemoryUsage of job (MB)
	885412  -  ResidentSetSize of job (KB)
...
006 (14810514.007.000) 05/31 16:13:11 Image size of job updated: 1791416
	865  -  MemoryUsage of job (MB)
	885412  -  ResidentSetSize of job (KB)
...
006 (14810514.007.000) 05/31 16:18:11 Image size of job updated: 4030764
	865  -  MemoryUsage of job (MB)
	885412  -  ResidentSetSize of job (KB)
...
006 (14810514.007.000) 05/31 16:23:12 Image size of job updated: 4311432
	865  -  MemoryUsage of job (MB)
	885412  -  ResidentSetSize of job (KB)
...
006 (14810514.007.000) 05/31 16:28:13 Image size of job updated: 4322968
	865  -  MemoryUsage of job (MB)
	885412  -  ResidentSetSize of job (KB)
...
006 (14810514.007.000) 05/31 16:33:13 Image size of job updated: 4401748
	865  -  MemoryUsage of job (MB)
	885412  -  ResidentSetSize of job (KB)
...
006 (14810514.007.000) 05/31 16:34:10 Image size of job updated: 4406808
	865  -  MemoryUsage of job (MB)
	885412  -  ResidentSetSize of job (KB)
...
040 (14810514.007.000) 05/31 16:34:10 Started transferring output files
...
040 (14810514.007.000) 05/31 16:34:10 Finished transferring output files
...
005 (14810514.007.000) 05/31 16:34:10 Job terminated.
	(1) Normal termination (return value 0)
		Usr 0 00:09:42, Sys 0 00:00:33  -  Run Remote Usage
		Usr 0 00:00:00, Sys 0 00:00:00  -  Run Local Usage
		Usr 0 00:09:42, Sys 0 00:00:33  -  Total Remote Usage
		Usr 0 00:00:00, Sys 0 00:00:00  -  Total Local Usage
	103750  -  Run Bytes Sent By Job
	323  -  Run Bytes Received By Job
	103750  -  Total Bytes Sent By Job
	323  -  Total Bytes Received By Job
	Partitionable Resources :    Usage  Request Allocated 
	   Cpus                 :     0.06        1         1 
	   Disk (KB)            :   123           1   1727100 
	   Memory (MB)          :   865        2000      2000 

	Job terminated of its own accord at 2023-05-31T14:34:10Z.
...
