000 (15155243.046.000) 10/07 13:26:29 Job submitted from host: <188.184.90.241:9618?addrs=188.184.90.241-9618+[2001-1458-201-e4--100-2eb]-9618&alias=bigbird15.cern.ch&noUDP&sock=schedd_2763_c443>
...
040 (15155243.046.000) 10/07 13:32:02 Started transferring input files
	Transferring to host: <128.142.132.102:9618?addrs=128.142.132.102-9618+[2001-1458-301-5a--100-5a]-9618&alias=b7g12p9652.cern.ch&noUDP&sock=slot1_22_3376_7282_102533>
...
040 (15155243.046.000) 10/07 13:32:02 Finished transferring input files
...
001 (15155243.046.000) 10/07 13:32:03 Job executing on host: <128.142.132.102:9618?addrs=128.142.132.102-9618+[2001-1458-301-5a--100-5a]-9618&alias=b7g12p9652.cern.ch&noUDP&sock=startd_2922_d3d2>
...
006 (15155243.046.000) 10/07 13:32:12 Image size of job updated: 604352
	126  -  MemoryUsage of job (MB)
	128020  -  ResidentSetSize of job (KB)
...
040 (15155243.046.000) 10/07 13:32:17 Started transferring output files
...
040 (15155243.046.000) 10/07 13:32:17 Finished transferring output files
...
005 (15155243.046.000) 10/07 13:32:17 Job terminated.
	(1) Normal termination (return value 0)
		Usr 0 00:00:05, Sys 0 00:00:01  -  Run Remote Usage
		Usr 0 00:00:00, Sys 0 00:00:00  -  Run Local Usage
		Usr 0 00:00:05, Sys 0 00:00:01  -  Total Remote Usage
		Usr 0 00:00:00, Sys 0 00:00:00  -  Total Local Usage
	22498  -  Run Bytes Sent By Job
	323  -  Run Bytes Received By Job
	22498  -  Total Bytes Sent By Job
	323  -  Total Bytes Received By Job
	Partitionable Resources :    Usage  Request Allocated 
	   Cpus                 :                 1         1 
	   Disk (KB)            :       36        1   1342291 
	   Memory (MB)          :      126     2000      2000 

	Job terminated of its own accord at 2023-10-07T11:32:17Z.
...
