000 (14810514.000.000) 05/31 15:37:52 Job submitted from host: <188.184.90.241:9618?addrs=188.184.90.241-9618+[2001-1458-201-e4--100-2eb]-9618&alias=bigbird15.cern.ch&noUDP&sock=schedd_3273_9590>
...
040 (14810514.000.000) 05/31 16:02:57 Started transferring input files
	Transferring to host: <128.142.131.48:9618?addrs=128.142.131.48-9618+[2001-1458-301-59--100-24]-9618&alias=b7g11p0234.cern.ch&noUDP&sock=slot1_6_3228_2afc_57781>
...
040 (14810514.000.000) 05/31 16:02:57 Finished transferring input files
...
001 (14810514.000.000) 05/31 16:02:58 Job executing on host: <128.142.131.48:9618?addrs=128.142.131.48-9618+[2001-1458-301-59--100-24]-9618&alias=b7g11p0234.cern.ch&noUDP&sock=startd_2877_f60f>
...
006 (14810514.000.000) 05/31 16:03:07 Image size of job updated: 554140
	47  -  MemoryUsage of job (MB)
	47688  -  ResidentSetSize of job (KB)
...
006 (14810514.000.000) 05/31 16:08:08 Image size of job updated: 1476380
	916  -  MemoryUsage of job (MB)
	937736  -  ResidentSetSize of job (KB)
...
006 (14810514.000.000) 05/31 16:13:08 Image size of job updated: 1501380
	916  -  MemoryUsage of job (MB)
	937736  -  ResidentSetSize of job (KB)
...
006 (14810514.000.000) 05/31 16:18:09 Image size of job updated: 4078576
	916  -  MemoryUsage of job (MB)
	937736  -  ResidentSetSize of job (KB)
...
006 (14810514.000.000) 05/31 16:23:10 Image size of job updated: 4375060
	916  -  MemoryUsage of job (MB)
	937736  -  ResidentSetSize of job (KB)
...
006 (14810514.000.000) 05/31 16:26:18 Image size of job updated: 4403252
	916  -  MemoryUsage of job (MB)
	937736  -  ResidentSetSize of job (KB)
...
040 (14810514.000.000) 05/31 16:26:18 Started transferring output files
...
040 (14810514.000.000) 05/31 16:26:18 Finished transferring output files
...
005 (14810514.000.000) 05/31 16:26:18 Job terminated.
	(1) Normal termination (return value 0)
		Usr 0 00:09:22, Sys 0 00:00:30  -  Run Remote Usage
		Usr 0 00:00:00, Sys 0 00:00:00  -  Run Local Usage
		Usr 0 00:09:22, Sys 0 00:00:30  -  Total Remote Usage
		Usr 0 00:00:00, Sys 0 00:00:00  -  Total Local Usage
	102829  -  Run Bytes Sent By Job
	323  -  Run Bytes Received By Job
	102829  -  Total Bytes Sent By Job
	323  -  Total Bytes Received By Job
	Partitionable Resources :    Usage  Request Allocated 
	   Cpus                 :     0.29        1         1 
	   Disk (KB)            :   122           1   1634340 
	   Memory (MB)          :   916        2000      2000 

	Job terminated of its own accord at 2023-05-31T14:26:18Z.
...
