000 (15271413.012.000) 12/18 14:02:22 Job submitted from host: <188.184.90.241:9618?addrs=188.184.90.241-9618+[2001-1458-201-e4--100-2eb]-9618&alias=bigbird15.cern.ch&noUDP&sock=schedd_2763_c443>
...
040 (15271413.012.000) 12/18 14:05:52 Started transferring input files
	Transferring to host: <188.184.160.75:9618?addrs=188.184.160.75-9618+[2001-1458-301-48--100-45]-9618&alias=b9s09p3963.cern.ch&noUDP&sock=slot1_15_139133_88f3_17761>
...
040 (15271413.012.000) 12/18 14:05:52 Finished transferring input files
...
001 (15271413.012.000) 12/18 14:05:53 Job executing on host: <188.184.160.75:9618?addrs=188.184.160.75-9618+[2001-1458-301-48--100-45]-9618&alias=b9s09p3963.cern.ch&noUDP&sock=startd_130705_563f>
...
006 (15271413.012.000) 12/18 14:06:02 Image size of job updated: 124816
	122  -  MemoryUsage of job (MB)
	124364  -  ResidentSetSize of job (KB)
...
006 (15271413.012.000) 12/18 14:11:03 Image size of job updated: 507636
	460  -  MemoryUsage of job (MB)
	470468  -  ResidentSetSize of job (KB)
...
006 (15271413.012.000) 12/18 14:16:04 Image size of job updated: 761604
	729  -  MemoryUsage of job (MB)
	745792  -  ResidentSetSize of job (KB)
...
006 (15271413.012.000) 12/18 14:21:04 Image size of job updated: 3417088
	3337  -  MemoryUsage of job (MB)
	3416984  -  ResidentSetSize of job (KB)
...
006 (15271413.012.000) 12/18 14:21:53 Image size of job updated: 3418048
	3337  -  MemoryUsage of job (MB)
	3416984  -  ResidentSetSize of job (KB)
...
040 (15271413.012.000) 12/18 14:21:53 Started transferring output files
...
040 (15271413.012.000) 12/18 14:21:53 Finished transferring output files
...
005 (15271413.012.000) 12/18 14:21:53 Job terminated.
	(1) Normal termination (return value 0)
		Usr 0 00:13:55, Sys 0 00:00:06  -  Run Remote Usage
		Usr 0 00:00:00, Sys 0 00:00:00  -  Run Local Usage
		Usr 0 00:13:55, Sys 0 00:00:06  -  Total Remote Usage
		Usr 0 00:00:00, Sys 0 00:00:00  -  Total Local Usage
	214015  -  Run Bytes Sent By Job
	269  -  Run Bytes Received By Job
	214015  -  Total Bytes Sent By Job
	269  -  Total Bytes Received By Job
	Partitionable Resources :    Usage  Request Allocated 
	   Cpus                 :     0.18        1         1 
	   Disk (KB)            :   253           1   3051882 
	   Memory (MB)          :  3337        2000      2000 

	Job terminated of its own accord at 2023-12-18T13:21:53Z.
...
