000 (15159756.021.000) 10/09 09:27:43 Job submitted from host: <188.184.90.241:9618?addrs=188.184.90.241-9618+[2001-1458-201-e4--100-2eb]-9618&alias=bigbird15.cern.ch&noUDP&sock=schedd_2763_c443>
...
040 (15159756.021.000) 10/09 11:14:47 Started transferring input files
	Transferring to host: <128.142.57.34:9618?addrs=128.142.57.34-9618+[2001-1458-301-7--100-21]-9618&alias=b7s02p9579.cern.ch&noUDP&sock=slot1_13_3951_963a_209211>
...
040 (15159756.021.000) 10/09 11:14:47 Finished transferring input files
...
001 (15159756.021.000) 10/09 11:14:48 Job executing on host: <128.142.57.34:9618?addrs=128.142.57.34-9618+[2001-1458-301-7--100-21]-9618&alias=b7s02p9579.cern.ch&noUDP&sock=startd_3293_4d75>
...
006 (15159756.021.000) 10/09 11:14:57 Image size of job updated: 574764
	53  -  MemoryUsage of job (MB)
	53668  -  ResidentSetSize of job (KB)
...
006 (15159756.021.000) 10/09 11:19:58 Image size of job updated: 958560
	401  -  MemoryUsage of job (MB)
	410496  -  ResidentSetSize of job (KB)
...
006 (15159756.021.000) 10/09 11:23:25 Image size of job updated: 3357052
	401  -  MemoryUsage of job (MB)
	410496  -  ResidentSetSize of job (KB)
...
040 (15159756.021.000) 10/09 11:23:25 Started transferring output files
...
040 (15159756.021.000) 10/09 11:23:25 Finished transferring output files
...
005 (15159756.021.000) 10/09 11:23:25 Job terminated.
	(1) Normal termination (return value 0)
		Usr 0 00:07:11, Sys 0 00:00:08  -  Run Remote Usage
		Usr 0 00:00:00, Sys 0 00:00:00  -  Run Local Usage
		Usr 0 00:07:11, Sys 0 00:00:08  -  Total Remote Usage
		Usr 0 00:00:00, Sys 0 00:00:00  -  Total Local Usage
	156504  -  Run Bytes Sent By Job
	269  -  Run Bytes Received By Job
	156504  -  Total Bytes Sent By Job
	269  -  Total Bytes Received By Job
	Partitionable Resources :    Usage  Request Allocated 
	   Cpus                 :     0.96        1         1 
	   Disk (KB)            :   174           1   1299219 
	   Memory (MB)          :   401        2000      2000 

	Job terminated of its own accord at 2023-10-09T09:23:25Z.
...
