000 (15151940.010.000) 10/03 13:48:53 Job submitted from host: <188.184.90.241:9618?addrs=188.184.90.241-9618+[2001-1458-201-e4--100-2eb]-9618&alias=bigbird15.cern.ch&noUDP&sock=schedd_2763_c443>
...
040 (15151940.010.000) 10/03 13:58:02 Started transferring input files
	Transferring to host: <128.142.61.11:9618?addrs=128.142.61.11-9618+[2001-1458-301-23--100-a]-9618&alias=b7s06p7354.cern.ch&noUDP&sock=slot1_4_4124_7b21_308633>
...
040 (15151940.010.000) 10/03 13:58:02 Finished transferring input files
...
001 (15151940.010.000) 10/03 13:58:03 Job executing on host: <128.142.61.11:9618?addrs=128.142.61.11-9618+[2001-1458-301-23--100-a]-9618&alias=b7s06p7354.cern.ch&noUDP&sock=startd_2863_5bbc>
...
006 (15151940.010.000) 10/03 13:58:12 Image size of job updated: 642256
	82  -  MemoryUsage of job (MB)
	82964  -  ResidentSetSize of job (KB)
...
006 (15151940.010.000) 10/03 14:03:13 Image size of job updated: 1089520
	82  -  MemoryUsage of job (MB)
	83264  -  ResidentSetSize of job (KB)
...
006 (15151940.010.000) 10/03 14:08:13 Image size of job updated: 3561288
	155  -  MemoryUsage of job (MB)
	158576  -  ResidentSetSize of job (KB)
...
006 (15151940.010.000) 10/03 14:13:13 Image size of job updated: 3602484
	196  -  MemoryUsage of job (MB)
	200504  -  ResidentSetSize of job (KB)
...
006 (15151940.010.000) 10/03 14:18:14 Image size of job updated: 3813660
	403  -  MemoryUsage of job (MB)
	412028  -  ResidentSetSize of job (KB)
...
006 (15151940.010.000) 10/03 14:23:15 Image size of job updated: 3875316
	463  -  MemoryUsage of job (MB)
	473272  -  ResidentSetSize of job (KB)
...
006 (15151940.010.000) 10/03 14:24:24 Image size of job updated: 3882748
	463  -  MemoryUsage of job (MB)
	473272  -  ResidentSetSize of job (KB)
...
040 (15151940.010.000) 10/03 14:24:24 Started transferring output files
...
040 (15151940.010.000) 10/03 14:24:24 Finished transferring output files
...
005 (15151940.010.000) 10/03 14:24:25 Job terminated.
	(1) Normal termination (return value 0)
		Usr 0 00:04:10, Sys 0 00:00:10  -  Run Remote Usage
		Usr 0 00:00:00, Sys 0 00:00:00  -  Run Local Usage
		Usr 0 00:04:10, Sys 0 00:00:10  -  Total Remote Usage
		Usr 0 00:00:00, Sys 0 00:00:00  -  Total Local Usage
	69550  -  Run Bytes Sent By Job
	323  -  Run Bytes Received By Job
	69550  -  Total Bytes Sent By Job
	323  -  Total Bytes Received By Job
	Partitionable Resources :    Usage  Request Allocated 
	   Cpus                 :     0.11        1         1 
	   Disk (KB)            :    89           1   1358415 
	   Memory (MB)          :   463        2000      2000 

	Job terminated of its own accord at 2023-10-03T12:24:24Z.
...
