000 (15159766.129.000) 10/09 11:47:56 Job submitted from host: <188.184.90.241:9618?addrs=188.184.90.241-9618+[2001-1458-201-e4--100-2eb]-9618&alias=bigbird15.cern.ch&noUDP&sock=schedd_2763_c443>
...
040 (15159766.129.000) 10/09 14:24:59 Started transferring input files
	Transferring to host: <128.142.58.79:9618?addrs=128.142.58.79-9618+[2001-1458-301-16--100-4e]-9618&alias=b7s03p1923.cern.ch&noUDP&sock=slot1_14_4267_3cc7_215360>
...
040 (15159766.129.000) 10/09 14:24:59 Finished transferring input files
...
001 (15159766.129.000) 10/09 14:25:00 Job executing on host: <128.142.58.79:9618?addrs=128.142.58.79-9618+[2001-1458-301-16--100-4e]-9618&alias=b7s03p1923.cern.ch&noUDP&sock=startd_3225_a904>
...
006 (15159766.129.000) 10/09 14:25:02 Image size of job updated: 1
	0  -  MemoryUsage of job (MB)
	0  -  ResidentSetSize of job (KB)
...
040 (15159766.129.000) 10/09 14:25:02 Started transferring output files
...
040 (15159766.129.000) 10/09 14:25:02 Finished transferring output files
...
005 (15159766.129.000) 10/09 14:25:02 Job terminated.
	(1) Normal termination (return value 0)
		Usr 0 00:00:00, Sys 0 00:00:00  -  Run Remote Usage
		Usr 0 00:00:00, Sys 0 00:00:00  -  Run Local Usage
		Usr 0 00:00:00, Sys 0 00:00:00  -  Total Remote Usage
		Usr 0 00:00:00, Sys 0 00:00:00  -  Total Local Usage
	7895  -  Run Bytes Sent By Job
	374  -  Run Bytes Received By Job
	7895  -  Total Bytes Sent By Job
	374  -  Total Bytes Received By Job
	Partitionable Resources :    Usage  Request Allocated 
	   Cpus                 :                 1         1 
	   Disk (KB)            :       22        1   1273963 
	   Memory (MB)          :        0     2000      2000 

	Job terminated of its own accord at 2023-10-09T12:25:02Z.
...
