000 (15159743.031.000) 10/09 07:56:33 Job submitted from host: <188.184.90.241:9618?addrs=188.184.90.241-9618+[2001-1458-201-e4--100-2eb]-9618&alias=bigbird15.cern.ch&noUDP&sock=schedd_2763_c443>
...
040 (15159743.031.000) 10/09 08:09:47 Started transferring input files
	Transferring to host: <128.142.137.181:9618?addrs=128.142.137.181-9618+[2001-1458-301-5e--100-a9]-9618&alias=b7g19p0299.cern.ch&noUDP&sock=slot1_31_8318_888b_191580>
...
040 (15159743.031.000) 10/09 08:09:47 Finished transferring input files
...
001 (15159743.031.000) 10/09 08:09:48 Job executing on host: <128.142.137.181:9618?addrs=128.142.137.181-9618+[2001-1458-301-5e--100-a9]-9618&alias=b7g19p0299.cern.ch&noUDP&sock=startd_6942_368b>
...
006 (15159743.031.000) 10/09 08:09:57 Image size of job updated: 61764
	52  -  MemoryUsage of job (MB)
	53120  -  ResidentSetSize of job (KB)
...
006 (15159743.031.000) 10/09 08:14:58 Image size of job updated: 831800
	314  -  MemoryUsage of job (MB)
	320840  -  ResidentSetSize of job (KB)
...
006 (15159743.031.000) 10/09 08:19:58 Image size of job updated: 1072760
	574  -  MemoryUsage of job (MB)
	587324  -  ResidentSetSize of job (KB)
...
006 (15159743.031.000) 10/09 08:24:59 Image size of job updated: 1434264
	902  -  MemoryUsage of job (MB)
	923304  -  ResidentSetSize of job (KB)
...
006 (15159743.031.000) 10/09 08:29:45 Image size of job updated: 3837100
	902  -  MemoryUsage of job (MB)
	923304  -  ResidentSetSize of job (KB)
...
040 (15159743.031.000) 10/09 08:29:45 Started transferring output files
...
040 (15159743.031.000) 10/09 08:29:45 Finished transferring output files
...
005 (15159743.031.000) 10/09 08:29:45 Job terminated.
	(1) Normal termination (return value 0)
		Usr 0 00:16:30, Sys 0 00:00:28  -  Run Remote Usage
		Usr 0 00:00:00, Sys 0 00:00:00  -  Run Local Usage
		Usr 0 00:16:30, Sys 0 00:00:28  -  Total Remote Usage
		Usr 0 00:00:00, Sys 0 00:00:00  -  Total Local Usage
	213561  -  Run Bytes Sent By Job
	269  -  Run Bytes Received By Job
	213561  -  Total Bytes Sent By Job
	269  -  Total Bytes Received By Job
	Partitionable Resources :    Usage  Request Allocated 
	   Cpus                 :     0.99        1         1 
	   Disk (KB)            :   230           1   1689272 
	   Memory (MB)          :   902        2000      2000 

	Job terminated of its own accord at 2023-10-09T06:29:45Z.
...
