000 (15150654.081.000) 09/28 14:27:13 Job submitted from host: <188.184.90.241:9618?addrs=188.184.90.241-9618+[2001-1458-201-e4--100-2eb]-9618&alias=bigbird15.cern.ch&noUDP&sock=schedd_2763_c443>
...
040 (15150654.081.000) 09/28 14:46:21 Started transferring input files
	Transferring to host: <188.184.163.165:9618?addrs=188.184.163.165-9618&alias=b7s12p6775.cern.ch&noUDP&sock=slot1_2_4207_f644_41>
...
040 (15150654.081.000) 09/28 14:46:21 Finished transferring input files
...
001 (15150654.081.000) 09/28 14:46:22 Job executing on host: <188.184.163.165:9618?addrs=188.184.163.165-9618&alias=b7s12p6775.cern.ch&noUDP&sock=startd_4063_7562>
...
006 (15150654.081.000) 09/28 14:46:30 Image size of job updated: 911340
	123  -  MemoryUsage of job (MB)
	125056  -  ResidentSetSize of job (KB)
...
006 (15150654.081.000) 09/28 14:48:09 Image size of job updated: 922324
	123  -  MemoryUsage of job (MB)
	125056  -  ResidentSetSize of job (KB)
...
040 (15150654.081.000) 09/28 14:48:09 Started transferring output files
...
040 (15150654.081.000) 09/28 14:48:09 Finished transferring output files
...
005 (15150654.081.000) 09/28 14:48:09 Job terminated.
	(1) Normal termination (return value 0)
		Usr 0 00:00:10, Sys 0 00:00:00  -  Run Remote Usage
		Usr 0 00:00:00, Sys 0 00:00:00  -  Run Local Usage
		Usr 0 00:00:10, Sys 0 00:00:00  -  Total Remote Usage
		Usr 0 00:00:00, Sys 0 00:00:00  -  Total Local Usage
	7003  -  Run Bytes Sent By Job
	374  -  Run Bytes Received By Job
	7003  -  Total Bytes Sent By Job
	374  -  Total Bytes Received By Job
	Partitionable Resources :    Usage  Request Allocated 
	   Cpus                 :                 1         1 
	   Disk (KB)            :       20        1   3020713 
	   Memory (MB)          :      123     2000      2000 

	Job terminated of its own accord at 2023-09-28T12:48:09Z.
...
