000 (15155256.051.000) 10/07 14:35:52 Job submitted from host: <188.184.90.241:9618?addrs=188.184.90.241-9618+[2001-1458-201-e4--100-2eb]-9618&alias=bigbird15.cern.ch&noUDP&sock=schedd_2763_c443>
...
040 (15155256.051.000) 10/07 14:38:03 Started transferring input files
	Transferring to host: <128.142.61.55:9618?addrs=128.142.61.55-9618+[2001-1458-301-23--100-36]-9618&alias=b7s06p1551.cern.ch&noUDP&sock=slot1_18_10307_f6bc_40347>
...
040 (15155256.051.000) 10/07 14:38:03 Finished transferring input files
...
001 (15155256.051.000) 10/07 14:38:04 Job executing on host: <128.142.61.55:9618?addrs=128.142.61.55-9618+[2001-1458-301-23--100-36]-9618&alias=b7s06p1551.cern.ch&noUDP&sock=startd_10257_06ff>
...
006 (15155256.051.000) 10/07 14:38:12 Image size of job updated: 581384
	58  -  MemoryUsage of job (MB)
	59252  -  ResidentSetSize of job (KB)
...
006 (15155256.051.000) 10/07 14:43:12 Image size of job updated: 1129972
	630  -  MemoryUsage of job (MB)
	645084  -  ResidentSetSize of job (KB)
...
006 (15155256.051.000) 10/07 14:48:12 Image size of job updated: 1178996
	630  -  MemoryUsage of job (MB)
	645084  -  ResidentSetSize of job (KB)
...
006 (15155256.051.000) 10/07 14:53:13 Image size of job updated: 3752944
	630  -  MemoryUsage of job (MB)
	645084  -  ResidentSetSize of job (KB)
...
006 (15155256.051.000) 10/07 14:58:13 Image size of job updated: 3966552
	630  -  MemoryUsage of job (MB)
	645084  -  ResidentSetSize of job (KB)
...
006 (15155256.051.000) 10/07 15:03:13 Image size of job updated: 4025340
	630  -  MemoryUsage of job (MB)
	645084  -  ResidentSetSize of job (KB)
...
006 (15155256.051.000) 10/07 15:05:26 Image size of job updated: 4038240
	630  -  MemoryUsage of job (MB)
	645084  -  ResidentSetSize of job (KB)
...
040 (15155256.051.000) 10/07 15:05:26 Started transferring output files
...
040 (15155256.051.000) 10/07 15:05:26 Finished transferring output files
...
005 (15155256.051.000) 10/07 15:05:26 Job terminated.
	(1) Normal termination (return value 0)
		Usr 0 00:09:41, Sys 0 00:00:16  -  Run Remote Usage
		Usr 0 00:00:00, Sys 0 00:00:00  -  Run Local Usage
		Usr 0 00:09:41, Sys 0 00:00:16  -  Total Remote Usage
		Usr 0 00:00:00, Sys 0 00:00:00  -  Total Local Usage
	80277  -  Run Bytes Sent By Job
	323  -  Run Bytes Received By Job
	80277  -  Total Bytes Sent By Job
	323  -  Total Bytes Received By Job
	Partitionable Resources :    Usage  Request Allocated 
	   Cpus                 :     0.11        1         1 
	   Disk (KB)            :   100           1   1336390 
	   Memory (MB)          :   630        2000      2000 

	Job terminated of its own accord at 2023-10-07T13:05:26Z.
...
