000 (15159756.095.000) 10/09 09:27:44 Job submitted from host: <188.184.90.241:9618?addrs=188.184.90.241-9618+[2001-1458-201-e4--100-2eb]-9618&alias=bigbird15.cern.ch&noUDP&sock=schedd_2763_c443>
...
040 (15159756.095.000) 10/09 11:15:16 Started transferring input files
	Transferring to host: <188.184.162.231:9618?addrs=188.184.162.231-9618+[2001-1458-301-4a--100-e1]-9618&alias=b7s11p2825.cern.ch&noUDP&sock=slot1_9_123344_c191_226720>
...
040 (15159756.095.000) 10/09 11:15:16 Finished transferring input files
...
001 (15159756.095.000) 10/09 11:15:17 Job executing on host: <188.184.162.231:9618?addrs=188.184.162.231-9618+[2001-1458-301-4a--100-e1]-9618&alias=b7s11p2825.cern.ch&noUDP&sock=startd_28849_97c9>
...
006 (15159756.095.000) 10/09 11:15:26 Image size of job updated: 50644
	50  -  MemoryUsage of job (MB)
	50644  -  ResidentSetSize of job (KB)
...
006 (15159756.095.000) 10/09 11:20:26 Image size of job updated: 914524
	395  -  MemoryUsage of job (MB)
	403964  -  ResidentSetSize of job (KB)
...
006 (15159756.095.000) 10/09 11:25:26 Image size of job updated: 3186132
	2580  -  MemoryUsage of job (MB)
	2641796  -  ResidentSetSize of job (KB)
...
006 (15159756.095.000) 10/09 11:26:13 Image size of job updated: 3287356
	2580  -  MemoryUsage of job (MB)
	2641796  -  ResidentSetSize of job (KB)
...
040 (15159756.095.000) 10/09 11:26:13 Started transferring output files
...
040 (15159756.095.000) 10/09 11:26:13 Finished transferring output files
...
005 (15159756.095.000) 10/09 11:26:13 Job terminated.
	(1) Normal termination (return value 0)
		Usr 0 00:09:09, Sys 0 00:00:09  -  Run Remote Usage
		Usr 0 00:00:00, Sys 0 00:00:00  -  Run Local Usage
		Usr 0 00:09:09, Sys 0 00:00:09  -  Total Remote Usage
		Usr 0 00:00:00, Sys 0 00:00:00  -  Total Local Usage
	154041  -  Run Bytes Sent By Job
	269  -  Run Bytes Received By Job
	154041  -  Total Bytes Sent By Job
	269  -  Total Bytes Received By Job
	Partitionable Resources :    Usage  Request Allocated 
	   Cpus                 :     0.95        1         1 
	   Disk (KB)            :   172           1   3012371 
	   Memory (MB)          :  2580        2000      2000 

	Job terminated of its own accord at 2023-10-09T09:26:13Z.
...
