000 (14832095.056.000) 06/12 15:17:57 Job submitted from host: <188.184.90.241:9618?addrs=188.184.90.241-9618+[2001-1458-201-e4--100-2eb]-9618&alias=bigbird15.cern.ch&noUDP&sock=schedd_1460210_2ef4>
...
040 (14832095.056.000) 06/12 15:19:53 Started transferring input files
	Transferring to host: <128.142.51.209:9618?addrs=128.142.51.209-9618+[2001-1458-301-3--100-e]-9618&alias=b7g02p5414.cern.ch&noUDP&sock=slot1_5_3381_f863_36282>
...
040 (14832095.056.000) 06/12 15:19:53 Finished transferring input files
...
001 (14832095.056.000) 06/12 15:19:54 Job executing on host: <128.142.51.209:9618?addrs=128.142.51.209-9618+[2001-1458-301-3--100-e]-9618&alias=b7g02p5414.cern.ch&noUDP&sock=startd_2924_3303>
...
006 (14832095.056.000) 06/12 15:20:03 Image size of job updated: 554128
	47  -  MemoryUsage of job (MB)
	47684  -  ResidentSetSize of job (KB)
...
006 (14832095.056.000) 06/12 15:25:04 Image size of job updated: 1597624
	1109  -  MemoryUsage of job (MB)
	1135200  -  ResidentSetSize of job (KB)
...
006 (14832095.056.000) 06/12 15:30:04 Image size of job updated: 1797676
	1206  -  MemoryUsage of job (MB)
	1234148  -  ResidentSetSize of job (KB)
...
006 (14832095.056.000) 06/12 15:45:06 Image size of job updated: 4040160
	1206  -  MemoryUsage of job (MB)
	1234148  -  ResidentSetSize of job (KB)
...
006 (14832095.056.000) 06/12 15:50:06 Image size of job updated: 4091532
	1206  -  MemoryUsage of job (MB)
	1234148  -  ResidentSetSize of job (KB)
...
006 (14832095.056.000) 06/12 15:55:07 Image size of job updated: 4332236
	1206  -  MemoryUsage of job (MB)
	1234148  -  ResidentSetSize of job (KB)
...
006 (14832095.056.000) 06/12 16:00:07 Image size of job updated: 4389632
	1206  -  MemoryUsage of job (MB)
	1234148  -  ResidentSetSize of job (KB)
...
006 (14832095.056.000) 06/12 16:05:07 Image size of job updated: 4406468
	1206  -  MemoryUsage of job (MB)
	1234148  -  ResidentSetSize of job (KB)
...
006 (14832095.056.000) 06/12 16:06:59 Image size of job updated: 4414760
	1206  -  MemoryUsage of job (MB)
	1234148  -  ResidentSetSize of job (KB)
...
040 (14832095.056.000) 06/12 16:06:59 Started transferring output files
...
040 (14832095.056.000) 06/12 16:06:59 Finished transferring output files
...
005 (14832095.056.000) 06/12 16:06:59 Job terminated.
	(1) Normal termination (return value 0)
		Usr 0 00:11:08, Sys 0 00:00:43  -  Run Remote Usage
		Usr 0 00:00:00, Sys 0 00:00:00  -  Run Local Usage
		Usr 0 00:11:08, Sys 0 00:00:43  -  Total Remote Usage
		Usr 0 00:00:00, Sys 0 00:00:00  -  Total Local Usage
	116152  -  Run Bytes Sent By Job
	323  -  Run Bytes Received By Job
	116152  -  Total Bytes Sent By Job
	323  -  Total Bytes Received By Job
	Partitionable Resources :    Usage  Request Allocated 
	   Cpus                 :        0        1         1 
	   Disk (KB)            :      135        1   1485260 
	   Memory (MB)          :     1206     2000      2000 

	Job terminated of its own accord at 2023-06-12T14:06:59Z.
...
