000 (15150662.031.000) 09/28 15:49:40 Job submitted from host: <188.184.90.241:9618?addrs=188.184.90.241-9618+[2001-1458-201-e4--100-2eb]-9618&alias=bigbird15.cern.ch&noUDP&sock=schedd_2763_c443>
...
040 (15150662.031.000) 09/28 16:00:58 Started transferring input files
	Transferring to host: <188.184.160.116:9618?addrs=188.184.160.116-9618+[2001-1458-301-48--100-6e]-9618&alias=b7s09p7428.cern.ch&noUDP&sock=slot1_4_122506_4f2f_218815>
...
040 (15150662.031.000) 09/28 16:00:58 Finished transferring input files
...
001 (15150662.031.000) 09/28 16:00:59 Job executing on host: <188.184.160.116:9618?addrs=188.184.160.116-9618+[2001-1458-301-48--100-6e]-9618&alias=b7s09p7428.cern.ch&noUDP&sock=startd_28569_8944>
...
006 (15150662.031.000) 09/28 16:01:08 Image size of job updated: 908548
	122  -  MemoryUsage of job (MB)
	124540  -  ResidentSetSize of job (KB)
...
006 (15150662.031.000) 09/28 16:04:27 Image size of job updated: 925308
	122  -  MemoryUsage of job (MB)
	124540  -  ResidentSetSize of job (KB)
...
040 (15150662.031.000) 09/28 16:04:27 Started transferring output files
...
040 (15150662.031.000) 09/28 16:04:27 Finished transferring output files
...
005 (15150662.031.000) 09/28 16:04:27 Job terminated.
	(1) Normal termination (return value 0)
		Usr 0 00:00:19, Sys 0 00:00:01  -  Run Remote Usage
		Usr 0 00:00:00, Sys 0 00:00:00  -  Run Local Usage
		Usr 0 00:00:19, Sys 0 00:00:01  -  Total Remote Usage
		Usr 0 00:00:00, Sys 0 00:00:00  -  Total Local Usage
	7967  -  Run Bytes Sent By Job
	374  -  Run Bytes Received By Job
	7967  -  Total Bytes Sent By Job
	374  -  Total Bytes Received By Job
	Partitionable Resources :    Usage  Request Allocated 
	   Cpus                 :     0.07        1         1 
	   Disk (KB)            :    29           1   2985814 
	   Memory (MB)          :   122        2000      2000 

	Job terminated of its own accord at 2023-09-28T14:04:27Z.
...
