000 (15159756.099.000) 10/09 09:27:44 Job submitted from host: <188.184.90.241:9618?addrs=188.184.90.241-9618+[2001-1458-201-e4--100-2eb]-9618&alias=bigbird15.cern.ch&noUDP&sock=schedd_2763_c443>
...
040 (15159756.099.000) 10/09 11:15:16 Started transferring input files
	Transferring to host: <188.184.162.18:9618?addrs=188.184.162.18-9618+[2001-1458-301-4a--100-c]-9618&alias=b7s11p7413.cern.ch&noUDP&sock=slot1_14_3788_bd13_230382>
...
040 (15159756.099.000) 10/09 11:15:16 Finished transferring input files
...
001 (15159756.099.000) 10/09 11:15:17 Job executing on host: <188.184.162.18:9618?addrs=188.184.162.18-9618+[2001-1458-301-4a--100-c]-9618&alias=b7s11p7413.cern.ch&noUDP&sock=startd_2935_be8d>
...
006 (15159756.099.000) 10/09 11:15:25 Image size of job updated: 157376
	88  -  MemoryUsage of job (MB)
	90056  -  ResidentSetSize of job (KB)
...
006 (15159756.099.000) 10/09 11:19:55 Image size of job updated: 2993288
	91  -  MemoryUsage of job (MB)
	92576  -  ResidentSetSize of job (KB)
...
040 (15159756.099.000) 10/09 11:19:55 Started transferring output files
...
040 (15159756.099.000) 10/09 11:19:55 Finished transferring output files
...
005 (15159756.099.000) 10/09 11:19:55 Job terminated.
	(1) Normal termination (return value 0)
		Usr 0 00:03:20, Sys 0 00:00:04  -  Run Remote Usage
		Usr 0 00:00:00, Sys 0 00:00:00  -  Run Local Usage
		Usr 0 00:03:20, Sys 0 00:00:04  -  Total Remote Usage
		Usr 0 00:00:00, Sys 0 00:00:00  -  Total Local Usage
	104776  -  Run Bytes Sent By Job
	269  -  Run Bytes Received By Job
	104776  -  Total Bytes Sent By Job
	269  -  Total Bytes Received By Job
	Partitionable Resources :    Usage  Request Allocated 
	   Cpus                 :                 1         1 
	   Disk (KB)            :      116        1   3037505 
	   Memory (MB)          :       91     2000      2000 

	Job terminated of its own accord at 2023-10-09T09:19:55Z.
...
