000 (15153696.094.000) 10/03 22:27:19 Job submitted from host: <188.184.90.241:9618?addrs=188.184.90.241-9618+[2001-1458-201-e4--100-2eb]-9618&alias=bigbird15.cern.ch&noUDP&sock=schedd_2763_c443>
...
040 (15153696.094.000) 10/03 22:30:50 Started transferring input files
	Transferring to host: <188.184.162.97:9618?addrs=188.184.162.97-9618+[2001-1458-301-4a--100-5b]-9618&alias=b7s11p5087.cern.ch&noUDP&sock=slot1_17_54388_041d_133837>
...
040 (15153696.094.000) 10/03 22:30:50 Finished transferring input files
...
001 (15153696.094.000) 10/03 22:30:51 Job executing on host: <188.184.162.97:9618?addrs=188.184.162.97-9618+[2001-1458-301-4a--100-5b]-9618&alias=b7s11p5087.cern.ch&noUDP&sock=startd_3270_86c8>
...
006 (15153696.094.000) 10/03 22:31:00 Image size of job updated: 911020
	121  -  MemoryUsage of job (MB)
	123104  -  ResidentSetSize of job (KB)
...
006 (15153696.094.000) 10/03 22:34:27 Image size of job updated: 922880
	121  -  MemoryUsage of job (MB)
	123104  -  ResidentSetSize of job (KB)
...
040 (15153696.094.000) 10/03 22:34:27 Started transferring output files
...
040 (15153696.094.000) 10/03 22:34:27 Finished transferring output files
...
005 (15153696.094.000) 10/03 22:34:27 Job terminated.
	(1) Normal termination (return value 0)
		Usr 0 00:00:14, Sys 0 00:00:01  -  Run Remote Usage
		Usr 0 00:00:00, Sys 0 00:00:00  -  Run Local Usage
		Usr 0 00:00:14, Sys 0 00:00:01  -  Total Remote Usage
		Usr 0 00:00:00, Sys 0 00:00:00  -  Total Local Usage
	8120  -  Run Bytes Sent By Job
	374  -  Run Bytes Received By Job
	8120  -  Total Bytes Sent By Job
	374  -  Total Bytes Received By Job
	Partitionable Resources :    Usage  Request Allocated 
	   Cpus                 :        0        1         1 
	   Disk (KB)            :       29        1   2978641 
	   Memory (MB)          :      121     2000      2000 

	Job terminated of its own accord at 2023-10-03T20:34:27Z.
...
