000 (15155271.039.000) 10/07 16:55:47 Job submitted from host: <188.184.90.241:9618?addrs=188.184.90.241-9618+[2001-1458-201-e4--100-2eb]-9618&alias=bigbird15.cern.ch&noUDP&sock=schedd_2763_c443>
...
040 (15155271.039.000) 10/07 17:06:04 Started transferring input files
	Transferring to host: <128.142.61.65:9618?addrs=128.142.61.65-9618+[2001-1458-301-23--100-40]-9618&alias=b7s06p7861.cern.ch&noUDP&sock=slot1_8_3159_8d1a_35704>
...
040 (15155271.039.000) 10/07 17:06:04 Finished transferring input files
...
001 (15155271.039.000) 10/07 17:06:05 Job executing on host: <128.142.61.65:9618?addrs=128.142.61.65-9618+[2001-1458-301-23--100-40]-9618&alias=b7s06p7861.cern.ch&noUDP&sock=startd_2809_519f>
...
006 (15155271.039.000) 10/07 17:06:14 Image size of job updated: 574748
	56  -  MemoryUsage of job (MB)
	56400  -  ResidentSetSize of job (KB)
...
006 (15155271.039.000) 10/07 17:11:14 Image size of job updated: 856700
	61  -  MemoryUsage of job (MB)
	61564  -  ResidentSetSize of job (KB)
...
006 (15155271.039.000) 10/07 17:16:14 Image size of job updated: 3579992
	137  -  MemoryUsage of job (MB)
	139376  -  ResidentSetSize of job (KB)
...
006 (15155271.039.000) 10/07 17:21:15 Image size of job updated: 3823596
	375  -  MemoryUsage of job (MB)
	384000  -  ResidentSetSize of job (KB)
...
006 (15155271.039.000) 10/07 17:26:16 Image size of job updated: 3835672
	396  -  MemoryUsage of job (MB)
	404528  -  ResidentSetSize of job (KB)
...
006 (15155271.039.000) 10/07 17:31:16 Image size of job updated: 3890192
	441  -  MemoryUsage of job (MB)
	451044  -  ResidentSetSize of job (KB)
...
006 (15155271.039.000) 10/07 17:34:27 Image size of job updated: 3906732
	441  -  MemoryUsage of job (MB)
	451044  -  ResidentSetSize of job (KB)
...
040 (15155271.039.000) 10/07 17:34:27 Started transferring output files
...
040 (15155271.039.000) 10/07 17:34:27 Finished transferring output files
...
005 (15155271.039.000) 10/07 17:34:27 Job terminated.
	(1) Normal termination (return value 0)
		Usr 0 00:03:19, Sys 0 00:00:05  -  Run Remote Usage
		Usr 0 00:00:00, Sys 0 00:00:00  -  Run Local Usage
		Usr 0 00:03:19, Sys 0 00:00:05  -  Total Remote Usage
		Usr 0 00:00:00, Sys 0 00:00:00  -  Total Local Usage
	70790  -  Run Bytes Sent By Job
	323  -  Run Bytes Received By Job
	70790  -  Total Bytes Sent By Job
	323  -  Total Bytes Received By Job
	Partitionable Resources :    Usage  Request Allocated 
	   Cpus                 :     0.00        1         1 
	   Disk (KB)            :    90           1   1298149 
	   Memory (MB)          :   441        2000      2000 

	Job terminated of its own accord at 2023-10-07T15:34:27Z.
...
