000 (15148591.047.000) 09/26 23:15:32 Job submitted from host: <188.184.90.241:9618?addrs=188.184.90.241-9618+[2001-1458-201-e4--100-2eb]-9618&alias=bigbird15.cern.ch&noUDP&sock=schedd_2763_c443>
...
040 (15148591.047.000) 09/26 23:30:33 Started transferring input files
	Transferring to host: <188.184.162.124:9618?addrs=188.184.162.124-9618+[2001-1458-301-4a--100-76]-9618&alias=b7s11p7310.cern.ch&noUDP&sock=slot1_22_153046_8089_173820>
...
040 (15148591.047.000) 09/26 23:30:33 Finished transferring input files
...
001 (15148591.047.000) 09/26 23:30:34 Job executing on host: <188.184.162.124:9618?addrs=188.184.162.124-9618+[2001-1458-301-4a--100-76]-9618&alias=b7s11p7310.cern.ch&noUDP&sock=startd_153006_f7cd>
...
006 (15148591.047.000) 09/26 23:30:43 Image size of job updated: 581152
	54  -  MemoryUsage of job (MB)
	54540  -  ResidentSetSize of job (KB)
...
006 (15148591.047.000) 09/26 23:35:44 Image size of job updated: 1152436
	602  -  MemoryUsage of job (MB)
	616284  -  ResidentSetSize of job (KB)
...
006 (15148591.047.000) 09/26 23:40:44 Image size of job updated: 1388060
	817  -  MemoryUsage of job (MB)
	836436  -  ResidentSetSize of job (KB)
...
006 (15148591.047.000) 09/26 23:50:45 Image size of job updated: 4108600
	817  -  MemoryUsage of job (MB)
	836436  -  ResidentSetSize of job (KB)
...
006 (15148591.047.000) 09/26 23:55:45 Image size of job updated: 4157088
	817  -  MemoryUsage of job (MB)
	836436  -  ResidentSetSize of job (KB)
...
006 (15148591.047.000) 09/27 00:00:45 Image size of job updated: 4393264
	817  -  MemoryUsage of job (MB)
	836436  -  ResidentSetSize of job (KB)
...
006 (15148591.047.000) 09/27 00:05:46 Image size of job updated: 4454756
	817  -  MemoryUsage of job (MB)
	836436  -  ResidentSetSize of job (KB)
...
006 (15148591.047.000) 09/27 00:10:08 Image size of job updated: 4487636
	817  -  MemoryUsage of job (MB)
	836436  -  ResidentSetSize of job (KB)
...
040 (15148591.047.000) 09/27 00:10:08 Started transferring output files
...
040 (15148591.047.000) 09/27 00:10:08 Finished transferring output files
...
005 (15148591.047.000) 09/27 00:10:08 Job terminated.
	(1) Normal termination (return value 0)
		Usr 0 00:14:30, Sys 0 00:00:28  -  Run Remote Usage
		Usr 0 00:00:00, Sys 0 00:00:00  -  Run Local Usage
		Usr 0 00:14:30, Sys 0 00:00:28  -  Total Remote Usage
		Usr 0 00:00:00, Sys 0 00:00:00  -  Total Local Usage
	96430  -  Run Bytes Sent By Job
	323  -  Run Bytes Received By Job
	96430  -  Total Bytes Sent By Job
	323  -  Total Bytes Received By Job
	Partitionable Resources :    Usage  Request Allocated 
	   Cpus                 :     0.22        1         1 
	   Disk (KB)            :   116           1   3122229 
	   Memory (MB)          :   817        2000      2000 

	Job terminated of its own accord at 2023-09-26T22:10:08Z.
...
