000 (14807272.024.000) 05/14 22:53:25 Job submitted from host: <188.184.90.241:9618?addrs=188.184.90.241-9618+[2001-1458-201-e4--100-2eb]-9618&alias=bigbird15.cern.ch&noUDP&sock=schedd_3273_9590>
...
040 (14807272.024.000) 05/14 23:06:21 Started transferring input files
	Transferring to host: <188.184.162.177:9618?addrs=188.184.162.177-9618+[2001-1458-301-4a--100-ab]-9618&alias=b7s11p0468.cern.ch&noUDP&sock=slot1_5_120434_65da_17903>
...
040 (14807272.024.000) 05/14 23:06:21 Finished transferring input files
...
001 (14807272.024.000) 05/14 23:06:22 Job executing on host: <188.184.162.177:9618?addrs=188.184.162.177-9618+[2001-1458-301-4a--100-ab]-9618&alias=b7s11p0468.cern.ch&noUDP&sock=startd_120375_d0ec>
...
006 (14807272.024.000) 05/14 23:06:30 Image size of job updated: 545452
	47  -  MemoryUsage of job (MB)
	47684  -  ResidentSetSize of job (KB)
...
006 (14807272.024.000) 05/14 23:11:30 Image size of job updated: 1804584
	1212  -  MemoryUsage of job (MB)
	1240552  -  ResidentSetSize of job (KB)
...
006 (14807272.024.000) 05/14 23:21:31 Image size of job updated: 4104920
	1212  -  MemoryUsage of job (MB)
	1240552  -  ResidentSetSize of job (KB)
...
006 (14807272.024.000) 05/14 23:26:31 Image size of job updated: 4392388
	1212  -  MemoryUsage of job (MB)
	1240552  -  ResidentSetSize of job (KB)
...
006 (14807272.024.000) 05/14 23:29:32 Image size of job updated: 4485948
	1212  -  MemoryUsage of job (MB)
	1240552  -  ResidentSetSize of job (KB)
...
040 (14807272.024.000) 05/14 23:29:32 Started transferring output files
...
040 (14807272.024.000) 05/14 23:29:32 Finished transferring output files
...
005 (14807272.024.000) 05/14 23:29:32 Job terminated.
	(1) Normal termination (return value 0)
		Usr 0 00:10:09, Sys 0 00:00:38  -  Run Remote Usage
		Usr 0 00:00:00, Sys 0 00:00:00  -  Run Local Usage
		Usr 0 00:10:09, Sys 0 00:00:38  -  Total Remote Usage
		Usr 0 00:00:00, Sys 0 00:00:00  -  Total Local Usage
	102937  -  Run Bytes Sent By Job
	323  -  Run Bytes Received By Job
	102937  -  Total Bytes Sent By Job
	323  -  Total Bytes Received By Job
	Partitionable Resources :    Usage  Request Allocated 
	   Cpus                 :     0.67        1         1 
	   Disk (KB)            :   122           1   2988948 
	   Memory (MB)          :  1212        2000      2000 

	Job terminated of its own accord at 2023-05-14T21:29:32Z.
...
