000 (15159766.179.000) 10/09 11:47:57 Job submitted from host: <188.184.90.241:9618?addrs=188.184.90.241-9618+[2001-1458-201-e4--100-2eb]-9618&alias=bigbird15.cern.ch&noUDP&sock=schedd_2763_c443>
...
040 (15159766.179.000) 10/09 14:25:15 Started transferring input files
	Transferring to host: <128.142.56.18:9618?addrs=128.142.56.18-9618&alias=b7s01p4277.cern.ch&noUDP&sock=slot1_29_6670_5e48_87247>
...
040 (15159766.179.000) 10/09 14:25:15 Finished transferring input files
...
001 (15159766.179.000) 10/09 14:25:16 Job executing on host: <128.142.56.18:9618?addrs=128.142.56.18-9618&alias=b7s01p4277.cern.ch&noUDP&sock=startd_5367_e4e1>
...
006 (15159766.179.000) 10/09 14:25:25 Image size of job updated: 909856
	120  -  MemoryUsage of job (MB)
	122340  -  ResidentSetSize of job (KB)
...
006 (15159766.179.000) 10/09 14:28:14 Image size of job updated: 921576
	120  -  MemoryUsage of job (MB)
	122340  -  ResidentSetSize of job (KB)
...
040 (15159766.179.000) 10/09 14:28:14 Started transferring output files
...
040 (15159766.179.000) 10/09 14:28:14 Finished transferring output files
...
005 (15159766.179.000) 10/09 14:28:14 Job terminated.
	(1) Normal termination (return value 0)
		Usr 0 00:00:09, Sys 0 00:00:00  -  Run Remote Usage
		Usr 0 00:00:00, Sys 0 00:00:00  -  Run Local Usage
		Usr 0 00:00:09, Sys 0 00:00:00  -  Total Remote Usage
		Usr 0 00:00:00, Sys 0 00:00:00  -  Total Local Usage
	8821  -  Run Bytes Sent By Job
	374  -  Run Bytes Received By Job
	8821  -  Total Bytes Sent By Job
	374  -  Total Bytes Received By Job
	Partitionable Resources :    Usage  Request Allocated 
	   Cpus                 :                 1         1 
	   Disk (KB)            :       22        1   1323023 
	   Memory (MB)          :      120     2000      2000 

	Job terminated of its own accord at 2023-10-09T12:28:14Z.
...
