000 (14832095.026.000) 06/12 15:17:57 Job submitted from host: <188.184.90.241:9618?addrs=188.184.90.241-9618+[2001-1458-201-e4--100-2eb]-9618&alias=bigbird15.cern.ch&noUDP&sock=schedd_1460210_2ef4>
...
040 (14832095.026.000) 06/12 15:19:43 Started transferring input files
	Transferring to host: <128.142.59.87:9618?addrs=128.142.59.87-9618+[2001-1458-301-21--100-56]-9618&alias=b7s04p5133.cern.ch&noUDP&sock=slot1_5_4559_fa52_68321>
...
040 (14832095.026.000) 06/12 15:19:43 Finished transferring input files
...
001 (14832095.026.000) 06/12 15:19:44 Job executing on host: <128.142.59.87:9618?addrs=128.142.59.87-9618+[2001-1458-301-21--100-56]-9618&alias=b7s04p5133.cern.ch&noUDP&sock=startd_3070_57d7>
...
006 (14832095.026.000) 06/12 15:19:52 Image size of job updated: 554132
	47  -  MemoryUsage of job (MB)
	47680  -  ResidentSetSize of job (KB)
...
006 (14832095.026.000) 06/12 15:24:52 Image size of job updated: 1576116
	1014  -  MemoryUsage of job (MB)
	1037632  -  ResidentSetSize of job (KB)
...
006 (14832095.026.000) 06/12 15:44:54 Image size of job updated: 4029804
	1014  -  MemoryUsage of job (MB)
	1037632  -  ResidentSetSize of job (KB)
...
006 (14832095.026.000) 06/12 15:54:54 Image size of job updated: 4310336
	1014  -  MemoryUsage of job (MB)
	1037632  -  ResidentSetSize of job (KB)
...
006 (14832095.026.000) 06/12 15:59:55 Image size of job updated: 4316312
	1014  -  MemoryUsage of job (MB)
	1037632  -  ResidentSetSize of job (KB)
...
006 (14832095.026.000) 06/12 16:04:56 Image size of job updated: 4321880
	1014  -  MemoryUsage of job (MB)
	1037632  -  ResidentSetSize of job (KB)
...
006 (14832095.026.000) 06/12 16:09:56 Image size of job updated: 4378856
	1014  -  MemoryUsage of job (MB)
	1037632  -  ResidentSetSize of job (KB)
...
006 (14832095.026.000) 06/12 16:14:57 Image size of job updated: 4394080
	1014  -  MemoryUsage of job (MB)
	1037632  -  ResidentSetSize of job (KB)
...
006 (14832095.026.000) 06/12 16:18:08 Image size of job updated: 4406176
	1014  -  MemoryUsage of job (MB)
	1037632  -  ResidentSetSize of job (KB)
...
040 (14832095.026.000) 06/12 16:18:08 Started transferring output files
...
040 (14832095.026.000) 06/12 16:18:08 Finished transferring output files
...
005 (14832095.026.000) 06/12 16:18:08 Job terminated.
	(1) Normal termination (return value 0)
		Usr 0 00:07:49, Sys 0 00:00:27  -  Run Remote Usage
		Usr 0 00:00:00, Sys 0 00:00:00  -  Run Local Usage
		Usr 0 00:07:49, Sys 0 00:00:27  -  Total Remote Usage
		Usr 0 00:00:00, Sys 0 00:00:00  -  Total Local Usage
	106774  -  Run Bytes Sent By Job
	323  -  Run Bytes Received By Job
	106774  -  Total Bytes Sent By Job
	323  -  Total Bytes Received By Job
	Partitionable Resources :    Usage  Request Allocated 
	   Cpus                 :     0.04        1         1 
	   Disk (KB)            :   126           1   1190229 
	   Memory (MB)          :  1014        2000      2000 

	Job terminated of its own accord at 2023-06-12T14:18:08Z.
...
