000 (15159766.118.000) 10/09 11:47:56 Job submitted from host: <188.184.90.241:9618?addrs=188.184.90.241-9618+[2001-1458-201-e4--100-2eb]-9618&alias=bigbird15.cern.ch&noUDP&sock=schedd_2763_c443>
...
040 (15159766.118.000) 10/09 14:24:57 Started transferring input files
	Transferring to host: <128.142.137.117:9618?addrs=128.142.137.117-9618+[2001-1458-301-5e--100-69]-9618&alias=b7g19p0613.cern.ch&noUDP&sock=slot1_28_6923_a133_12721>
...
040 (15159766.118.000) 10/09 14:24:57 Finished transferring input files
...
001 (15159766.118.000) 10/09 14:24:58 Job executing on host: <128.142.137.117:9618?addrs=128.142.137.117-9618+[2001-1458-301-5e--100-69]-9618&alias=b7g19p0613.cern.ch&noUDP&sock=startd_3087_00f3>
...
006 (15159766.118.000) 10/09 14:25:07 Image size of job updated: 910368
	120  -  MemoryUsage of job (MB)
	122656  -  ResidentSetSize of job (KB)
...
006 (15159766.118.000) 10/09 14:27:35 Image size of job updated: 923416
	120  -  MemoryUsage of job (MB)
	122656  -  ResidentSetSize of job (KB)
...
040 (15159766.118.000) 10/09 14:27:35 Started transferring output files
...
040 (15159766.118.000) 10/09 14:27:35 Finished transferring output files
...
005 (15159766.118.000) 10/09 14:27:35 Job terminated.
	(1) Normal termination (return value 0)
		Usr 0 00:00:18, Sys 0 00:00:01  -  Run Remote Usage
		Usr 0 00:00:00, Sys 0 00:00:00  -  Run Local Usage
		Usr 0 00:00:18, Sys 0 00:00:01  -  Total Remote Usage
		Usr 0 00:00:00, Sys 0 00:00:00  -  Total Local Usage
	10603  -  Run Bytes Sent By Job
	374  -  Run Bytes Received By Job
	10603  -  Total Bytes Sent By Job
	374  -  Total Bytes Received By Job
	Partitionable Resources :    Usage  Request Allocated 
	   Cpus                 :                 1         1 
	   Disk (KB)            :       24        1   1711780 
	   Memory (MB)          :      120     2000      2000 

	Job terminated of its own accord at 2023-10-09T12:27:35Z.
...
