000 (15155263.018.000) 10/07 15:36:06 Job submitted from host: <188.184.90.241:9618?addrs=188.184.90.241-9618+[2001-1458-201-e4--100-2eb]-9618&alias=bigbird15.cern.ch&noUDP&sock=schedd_2763_c443>
...
040 (15155263.018.000) 10/07 15:38:42 Started transferring input files
	Transferring to host: <128.142.61.127:9618?addrs=128.142.61.127-9618&alias=b7s06p4472.cern.ch&noUDP&sock=slot1_29_4030_3fdd_1158>
...
040 (15155263.018.000) 10/07 15:38:42 Finished transferring input files
...
001 (15155263.018.000) 10/07 15:38:43 Job executing on host: <128.142.61.127:9618?addrs=128.142.61.127-9618&alias=b7s06p4472.cern.ch&noUDP&sock=startd_3968_4be2>
...
006 (15155263.018.000) 10/07 15:38:52 Image size of job updated: 599232
	51  -  MemoryUsage of job (MB)
	51676  -  ResidentSetSize of job (KB)
...
006 (15155263.018.000) 10/07 15:43:53 Image size of job updated: 1082488
	510  -  MemoryUsage of job (MB)
	521380  -  ResidentSetSize of job (KB)
...
006 (15155263.018.000) 10/07 15:48:53 Image size of job updated: 2124712
	510  -  MemoryUsage of job (MB)
	521380  -  ResidentSetSize of job (KB)
...
006 (15155263.018.000) 10/07 15:53:53 Image size of job updated: 3909036
	510  -  MemoryUsage of job (MB)
	521380  -  ResidentSetSize of job (KB)
...
006 (15155263.018.000) 10/07 15:58:54 Image size of job updated: 3972332
	529  -  MemoryUsage of job (MB)
	541000  -  ResidentSetSize of job (KB)
...
006 (15155263.018.000) 10/07 16:00:52 Image size of job updated: 3993692
	529  -  MemoryUsage of job (MB)
	541000  -  ResidentSetSize of job (KB)
...
040 (15155263.018.000) 10/07 16:00:52 Started transferring output files
...
040 (15155263.018.000) 10/07 16:00:52 Finished transferring output files
...
005 (15155263.018.000) 10/07 16:00:52 Job terminated.
	(1) Normal termination (return value 0)
		Usr 0 00:09:03, Sys 0 00:00:15  -  Run Remote Usage
		Usr 0 00:00:00, Sys 0 00:00:00  -  Run Local Usage
		Usr 0 00:09:03, Sys 0 00:00:15  -  Total Remote Usage
		Usr 0 00:00:00, Sys 0 00:00:00  -  Total Local Usage
	80169  -  Run Bytes Sent By Job
	323  -  Run Bytes Received By Job
	80169  -  Total Bytes Sent By Job
	323  -  Total Bytes Received By Job
	Partitionable Resources :    Usage  Request Allocated 
	   Cpus                 :     0.04        1         1 
	   Disk (KB)            :    99           1   2740892 
	   Memory (MB)          :   529        2000      2000 

	Job terminated of its own accord at 2023-10-07T14:00:52Z.
...
