000 (15271413.080.000) 12/18 14:02:23 Job submitted from host: <188.184.90.241:9618?addrs=188.184.90.241-9618+[2001-1458-201-e4--100-2eb]-9618&alias=bigbird15.cern.ch&noUDP&sock=schedd_2763_c443>
...
040 (15271413.080.000) 12/18 14:06:18 Started transferring input files
	Transferring to host: <188.184.162.13:9618?addrs=188.184.162.13-9618+[2001-1458-301-4a--100-7]-9618&alias=b9s11p4979.cern.ch&noUDP&sock=slot1_8_127998_eb8e_31202>
...
040 (15271413.080.000) 12/18 14:06:18 Finished transferring input files
...
001 (15271413.080.000) 12/18 14:06:19 Job executing on host: <188.184.162.13:9618?addrs=188.184.162.13-9618+[2001-1458-301-4a--100-7]-9618&alias=b9s11p4979.cern.ch&noUDP&sock=startd_114282_8660>
...
006 (15271413.080.000) 12/18 14:06:27 Image size of job updated: 544448
	532  -  MemoryUsage of job (MB)
	544448  -  ResidentSetSize of job (KB)
...
006 (15271413.080.000) 12/18 14:11:27 Image size of job updated: 737440
	721  -  MemoryUsage of job (MB)
	737440  -  ResidentSetSize of job (KB)
...
006 (15271413.080.000) 12/18 14:16:27 Image size of job updated: 1039632
	1016  -  MemoryUsage of job (MB)
	1039632  -  ResidentSetSize of job (KB)
...
040 (15271413.080.000) 12/18 14:20:13 Started transferring output files
...
040 (15271413.080.000) 12/18 14:20:13 Finished transferring output files
...
005 (15271413.080.000) 12/18 14:20:13 Job terminated.
	(1) Normal termination (return value 0)
		Usr 0 00:10:14, Sys 0 00:00:07  -  Run Remote Usage
		Usr 0 00:00:00, Sys 0 00:00:00  -  Run Local Usage
		Usr 0 00:10:14, Sys 0 00:00:07  -  Total Remote Usage
		Usr 0 00:00:00, Sys 0 00:00:00  -  Total Local Usage
	183811  -  Run Bytes Sent By Job
	269  -  Run Bytes Received By Job
	183811  -  Total Bytes Sent By Job
	269  -  Total Bytes Received By Job
	Partitionable Resources :    Usage  Request Allocated 
	   Cpus                 :     0.95        1         1 
	   Disk (KB)            :   223           1   2958426 
	   Memory (MB)          :  1016        2000      2000 

	Job terminated of its own accord at 2023-12-18T13:20:13Z.
...
