000 (15151337.024.000) 10/02 16:23:27 Job submitted from host: <188.184.90.241:9618?addrs=188.184.90.241-9618+[2001-1458-201-e4--100-2eb]-9618&alias=bigbird15.cern.ch&noUDP&sock=schedd_2763_c443>
...
040 (15151337.024.000) 10/02 16:27:11 Started transferring input files
	Transferring to host: <128.142.137.191:9618?addrs=128.142.137.191-9618+[2001-1458-301-5e--100-b3]-9618&alias=b7g19p3182.cern.ch&noUDP&sock=slot1_5_4230_2ae5_14746>
...
040 (15151337.024.000) 10/02 16:27:11 Finished transferring input files
...
001 (15151337.024.000) 10/02 16:27:12 Job executing on host: <128.142.137.191:9618?addrs=128.142.137.191-9618+[2001-1458-301-5e--100-b3]-9618&alias=b7g19p3182.cern.ch&noUDP&sock=startd_2941_dc1f>
...
006 (15151337.024.000) 10/02 16:27:20 Image size of job updated: 581076
	52  -  MemoryUsage of job (MB)
	53144  -  ResidentSetSize of job (KB)
...
006 (15151337.024.000) 10/02 16:32:20 Image size of job updated: 1025304
	502  -  MemoryUsage of job (MB)
	513808  -  ResidentSetSize of job (KB)
...
006 (15151337.024.000) 10/02 16:37:21 Image size of job updated: 1167528
	624  -  MemoryUsage of job (MB)
	638360  -  ResidentSetSize of job (KB)
...
006 (15151337.024.000) 10/02 16:52:23 Image size of job updated: 3636540
	624  -  MemoryUsage of job (MB)
	638360  -  ResidentSetSize of job (KB)
...
006 (15151337.024.000) 10/02 17:02:24 Image size of job updated: 3876508
	624  -  MemoryUsage of job (MB)
	638360  -  ResidentSetSize of job (KB)
...
006 (15151337.024.000) 10/02 17:07:24 Image size of job updated: 3880004
	624  -  MemoryUsage of job (MB)
	638360  -  ResidentSetSize of job (KB)
...
006 (15151337.024.000) 10/02 17:12:25 Image size of job updated: 3883128
	624  -  MemoryUsage of job (MB)
	638360  -  ResidentSetSize of job (KB)
...
006 (15151337.024.000) 10/02 17:17:25 Image size of job updated: 3916232
	624  -  MemoryUsage of job (MB)
	638360  -  ResidentSetSize of job (KB)
...
006 (15151337.024.000) 10/02 17:22:25 Image size of job updated: 3942932
	624  -  MemoryUsage of job (MB)
	638360  -  ResidentSetSize of job (KB)
...
006 (15151337.024.000) 10/02 17:27:26 Image size of job updated: 3953380
	624  -  MemoryUsage of job (MB)
	638360  -  ResidentSetSize of job (KB)
...
006 (15151337.024.000) 10/02 17:27:54 Image size of job updated: 3960120
	624  -  MemoryUsage of job (MB)
	638360  -  ResidentSetSize of job (KB)
...
040 (15151337.024.000) 10/02 17:27:54 Started transferring output files
...
040 (15151337.024.000) 10/02 17:27:54 Finished transferring output files
...
005 (15151337.024.000) 10/02 17:27:54 Job terminated.
	(1) Normal termination (return value 0)
		Usr 0 00:16:39, Sys 0 00:00:25  -  Run Remote Usage
		Usr 0 00:00:00, Sys 0 00:00:00  -  Run Local Usage
		Usr 0 00:16:39, Sys 0 00:00:25  -  Total Remote Usage
		Usr 0 00:00:00, Sys 0 00:00:00  -  Total Local Usage
	85980  -  Run Bytes Sent By Job
	323  -  Run Bytes Received By Job
	85980  -  Total Bytes Sent By Job
	323  -  Total Bytes Received By Job
	Partitionable Resources :    Usage  Request Allocated 
	   Cpus                 :     1.00        1         1 
	   Disk (KB)            :   105           1   1608590 
	   Memory (MB)          :   624        2000      2000 

	Job terminated of its own accord at 2023-10-02T15:27:54Z.
...
