000 (14807272.003.000) 05/14 22:53:25 Job submitted from host: <188.184.90.241:9618?addrs=188.184.90.241-9618+[2001-1458-201-e4--100-2eb]-9618&alias=bigbird15.cern.ch&noUDP&sock=schedd_3273_9590>
...
040 (14807272.003.000) 05/14 23:06:12 Started transferring input files
	Transferring to host: <128.142.195.46:9618?addrs=128.142.195.46-9618+[2001-1458-301-26--100-2e]-9618&alias=b7g31p4660.cern.ch&noUDP&sock=slot1_1_4535_1151_36446>
...
040 (14807272.003.000) 05/14 23:06:12 Finished transferring input files
...
001 (14807272.003.000) 05/14 23:06:13 Job executing on host: <128.142.195.46:9618?addrs=128.142.195.46-9618+[2001-1458-301-26--100-2e]-9618&alias=b7g31p4660.cern.ch&noUDP&sock=startd_3079_8431>
...
006 (14807272.003.000) 05/14 23:06:22 Image size of job updated: 48176
	47  -  MemoryUsage of job (MB)
	47672  -  ResidentSetSize of job (KB)
...
006 (14807272.003.000) 05/14 23:11:23 Image size of job updated: 1779308
	1213  -  MemoryUsage of job (MB)
	1241148  -  ResidentSetSize of job (KB)
...
006 (14807272.003.000) 05/14 23:16:23 Image size of job updated: 4102484
	1213  -  MemoryUsage of job (MB)
	1241148  -  ResidentSetSize of job (KB)
...
006 (14807272.003.000) 05/14 23:21:23 Image size of job updated: 4389716
	1213  -  MemoryUsage of job (MB)
	1241148  -  ResidentSetSize of job (KB)
...
006 (14807272.003.000) 05/14 23:26:23 Image size of job updated: 4485788
	1213  -  MemoryUsage of job (MB)
	1241148  -  ResidentSetSize of job (KB)
...
040 (14807272.003.000) 05/14 23:26:23 Started transferring output files
...
040 (14807272.003.000) 05/14 23:26:23 Finished transferring output files
...
005 (14807272.003.000) 05/14 23:26:23 Job terminated.
	(1) Normal termination (return value 0)
		Usr 0 00:07:01, Sys 0 00:00:32  -  Run Remote Usage
		Usr 0 00:00:00, Sys 0 00:00:00  -  Run Local Usage
		Usr 0 00:07:01, Sys 0 00:00:32  -  Total Remote Usage
		Usr 0 00:00:00, Sys 0 00:00:00  -  Total Local Usage
	101846  -  Run Bytes Sent By Job
	323  -  Run Bytes Received By Job
	101846  -  Total Bytes Sent By Job
	323  -  Total Bytes Received By Job
	Partitionable Resources :    Usage  Request Allocated 
	   Cpus                 :        0        1         1 
	   Disk (KB)            :      121        1   1272545 
	   Memory (MB)          :     1213     2000      2000 

	Job terminated of its own accord at 2023-05-14T21:26:23Z.
...
