000 (15148580.005.000) 09/26 21:47:31 Job submitted from host: <188.184.90.241:9618?addrs=188.184.90.241-9618+[2001-1458-201-e4--100-2eb]-9618&alias=bigbird15.cern.ch&noUDP&sock=schedd_2763_c443>
...
040 (15148580.005.000) 09/26 22:02:56 Started transferring input files
	Transferring to host: <128.142.58.95:9618?addrs=128.142.58.95-9618+[2001-1458-301-16--100-5e]-9618&alias=b7s03p0652.cern.ch&noUDP&sock=slot1_22_4292_da28_87682>
...
040 (15148580.005.000) 09/26 22:02:56 Finished transferring input files
...
001 (15148580.005.000) 09/26 22:02:57 Job executing on host: <128.142.58.95:9618?addrs=128.142.58.95-9618+[2001-1458-301-16--100-5e]-9618&alias=b7s03p0652.cern.ch&noUDP&sock=startd_4145_b426>
...
006 (15148580.005.000) 09/26 22:03:06 Image size of job updated: 57916
	54  -  MemoryUsage of job (MB)
	54436  -  ResidentSetSize of job (KB)
...
006 (15148580.005.000) 09/26 22:08:07 Image size of job updated: 1179404
	654  -  MemoryUsage of job (MB)
	669516  -  ResidentSetSize of job (KB)
...
006 (15148580.005.000) 09/26 22:13:07 Image size of job updated: 1254468
	654  -  MemoryUsage of job (MB)
	669516  -  ResidentSetSize of job (KB)
...
006 (15148580.005.000) 09/26 22:18:08 Image size of job updated: 3171660
	654  -  MemoryUsage of job (MB)
	669516  -  ResidentSetSize of job (KB)
...
006 (15148580.005.000) 09/26 22:23:09 Image size of job updated: 3347444
	654  -  MemoryUsage of job (MB)
	669516  -  ResidentSetSize of job (KB)
...
006 (15148580.005.000) 09/26 22:26:54 Image size of job updated: 3405384
	654  -  MemoryUsage of job (MB)
	669516  -  ResidentSetSize of job (KB)
...
040 (15148580.005.000) 09/26 22:26:54 Started transferring output files
...
040 (15148580.005.000) 09/26 22:26:54 Finished transferring output files
...
005 (15148580.005.000) 09/26 22:26:54 Job terminated.
	(1) Normal termination (return value 0)
		Usr 0 00:08:44, Sys 0 00:00:16  -  Run Remote Usage
		Usr 0 00:00:00, Sys 0 00:00:00  -  Run Local Usage
		Usr 0 00:08:44, Sys 0 00:00:16  -  Total Remote Usage
		Usr 0 00:00:00, Sys 0 00:00:00  -  Total Local Usage
	89846  -  Run Bytes Sent By Job
	323  -  Run Bytes Received By Job
	89846  -  Total Bytes Sent By Job
	323  -  Total Bytes Received By Job
	Partitionable Resources :    Usage  Request Allocated 
	   Cpus                 :     0.11        1         1 
	   Disk (KB)            :   109           1   1199193 
	   Memory (MB)          :   654        2000      2000 

	Job terminated of its own accord at 2023-09-26T20:26:54Z.
...
