000 (15151321.163.000) 10/02 14:58:31 Job submitted from host: <188.184.90.241:9618?addrs=188.184.90.241-9618+[2001-1458-201-e4--100-2eb]-9618&alias=bigbird15.cern.ch&noUDP&sock=schedd_2763_c443>
...
040 (15151321.163.000) 10/02 15:18:54 Started transferring input files
	Transferring to host: <128.142.61.131:9618?addrs=128.142.61.131-9618&alias=b7s06p8345.cern.ch&noUDP&sock=slot1_5_4623_1255_8467>
...
040 (15151321.163.000) 10/02 15:18:54 Finished transferring input files
...
001 (15151321.163.000) 10/02 15:18:55 Job executing on host: <128.142.61.131:9618?addrs=128.142.61.131-9618&alias=b7s06p8345.cern.ch&noUDP&sock=startd_3907_749c>
...
006 (15151321.163.000) 10/02 15:19:04 Image size of job updated: 910060
	120  -  MemoryUsage of job (MB)
	122196  -  ResidentSetSize of job (KB)
...
006 (15151321.163.000) 10/02 15:21:22 Image size of job updated: 921856
	120  -  MemoryUsage of job (MB)
	122196  -  ResidentSetSize of job (KB)
...
040 (15151321.163.000) 10/02 15:21:22 Started transferring output files
...
040 (15151321.163.000) 10/02 15:21:22 Finished transferring output files
...
005 (15151321.163.000) 10/02 15:21:22 Job terminated.
	(1) Normal termination (return value 0)
		Usr 0 00:00:11, Sys 0 00:00:00  -  Run Remote Usage
		Usr 0 00:00:00, Sys 0 00:00:00  -  Run Local Usage
		Usr 0 00:00:11, Sys 0 00:00:00  -  Total Remote Usage
		Usr 0 00:00:00, Sys 0 00:00:00  -  Total Local Usage
	7933  -  Run Bytes Sent By Job
	374  -  Run Bytes Received By Job
	7933  -  Total Bytes Sent By Job
	374  -  Total Bytes Received By Job
	Partitionable Resources :    Usage  Request Allocated 
	   Cpus                 :        0        1         1 
	   Disk (KB)            :       29        1   1290223 
	   Memory (MB)          :      120     2000      2000 

	Job terminated of its own accord at 2023-10-02T13:21:22Z.
...
