000 (15159743.013.000) 10/09 07:56:33 Job submitted from host: <188.184.90.241:9618?addrs=188.184.90.241-9618+[2001-1458-201-e4--100-2eb]-9618&alias=bigbird15.cern.ch&noUDP&sock=schedd_2763_c443>
...
040 (15159743.013.000) 10/09 08:09:43 Started transferring input files
	Transferring to host: <188.184.163.103:9618?addrs=188.184.163.103-9618+[2001-1458-301-4d--100-61]-9618&alias=b7s12p5258.cern.ch&noUDP&sock=slot1_15_71798_efa1_224703>
...
040 (15159743.013.000) 10/09 08:09:43 Finished transferring input files
...
001 (15159743.013.000) 10/09 08:09:44 Job executing on host: <188.184.163.103:9618?addrs=188.184.163.103-9618+[2001-1458-301-4d--100-61]-9618&alias=b7s12p5258.cern.ch&noUDP&sock=startd_71745_ae54>
...
006 (15159743.013.000) 10/09 08:09:53 Image size of job updated: 538092
	54  -  MemoryUsage of job (MB)
	54936  -  ResidentSetSize of job (KB)
...
006 (15159743.013.000) 10/09 08:14:54 Image size of job updated: 878036
	360  -  MemoryUsage of job (MB)
	368088  -  ResidentSetSize of job (KB)
...
006 (15159743.013.000) 10/09 08:19:55 Image size of job updated: 1091684
	569  -  MemoryUsage of job (MB)
	581736  -  ResidentSetSize of job (KB)
...
006 (15159743.013.000) 10/09 08:24:55 Image size of job updated: 1266584
	764  -  MemoryUsage of job (MB)
	781636  -  ResidentSetSize of job (KB)
...
006 (15159743.013.000) 10/09 08:29:02 Image size of job updated: 3853052
	764  -  MemoryUsage of job (MB)
	781636  -  ResidentSetSize of job (KB)
...
040 (15159743.013.000) 10/09 08:29:02 Started transferring output files
...
040 (15159743.013.000) 10/09 08:29:02 Finished transferring output files
...
005 (15159743.013.000) 10/09 08:29:02 Job terminated.
	(1) Normal termination (return value 0)
		Usr 0 00:16:43, Sys 0 00:00:16  -  Run Remote Usage
		Usr 0 00:00:00, Sys 0 00:00:00  -  Run Local Usage
		Usr 0 00:16:43, Sys 0 00:00:16  -  Total Remote Usage
		Usr 0 00:00:00, Sys 0 00:00:00  -  Total Local Usage
	206249  -  Run Bytes Sent By Job
	269  -  Run Bytes Received By Job
	206249  -  Total Bytes Sent By Job
	269  -  Total Bytes Received By Job
	Partitionable Resources :    Usage  Request Allocated 
	   Cpus                 :        0        1         1 
	   Disk (KB)            :      223        1   2970634 
	   Memory (MB)          :      764     2000      2000 

	Job terminated of its own accord at 2023-10-09T06:29:02Z.
...
