000 (15148591.053.000) 09/26 23:15:32 Job submitted from host: <188.184.90.241:9618?addrs=188.184.90.241-9618+[2001-1458-201-e4--100-2eb]-9618&alias=bigbird15.cern.ch&noUDP&sock=schedd_2763_c443>
...
040 (15148591.053.000) 09/26 23:30:35 Started transferring input files
	Transferring to host: <188.184.163.110:9618?addrs=188.184.163.110-9618&alias=b7s12p6366.cern.ch&noUDP&sock=slot1_2_3808_d494_39683>
...
040 (15148591.053.000) 09/26 23:30:35 Finished transferring input files
...
001 (15148591.053.000) 09/26 23:30:36 Job executing on host: <188.184.163.110:9618?addrs=188.184.163.110-9618&alias=b7s12p6366.cern.ch&noUDP&sock=startd_2967_b195>
...
006 (15148591.053.000) 09/26 23:30:45 Image size of job updated: 55900
	52  -  MemoryUsage of job (MB)
	52756  -  ResidentSetSize of job (KB)
...
006 (15148591.053.000) 09/26 23:35:46 Image size of job updated: 1098100
	646  -  MemoryUsage of job (MB)
	661288  -  ResidentSetSize of job (KB)
...
006 (15148591.053.000) 09/26 23:40:47 Image size of job updated: 1585672
	999  -  MemoryUsage of job (MB)
	1022776  -  ResidentSetSize of job (KB)
...
006 (15148591.053.000) 09/26 23:55:48 Image size of job updated: 4145148
	999  -  MemoryUsage of job (MB)
	1022776  -  ResidentSetSize of job (KB)
...
006 (15148591.053.000) 09/27 00:00:49 Image size of job updated: 4433564
	999  -  MemoryUsage of job (MB)
	1022776  -  ResidentSetSize of job (KB)
...
006 (15148591.053.000) 09/27 00:05:49 Image size of job updated: 4497040
	999  -  MemoryUsage of job (MB)
	1022776  -  ResidentSetSize of job (KB)
...
006 (15148591.053.000) 09/27 00:08:42 Image size of job updated: 4520344
	999  -  MemoryUsage of job (MB)
	1022776  -  ResidentSetSize of job (KB)
...
040 (15148591.053.000) 09/27 00:08:42 Started transferring output files
...
040 (15148591.053.000) 09/27 00:08:42 Finished transferring output files
...
005 (15148591.053.000) 09/27 00:08:42 Job terminated.
	(1) Normal termination (return value 0)
		Usr 0 00:13:57, Sys 0 00:00:38  -  Run Remote Usage
		Usr 0 00:00:00, Sys 0 00:00:00  -  Run Local Usage
		Usr 0 00:13:57, Sys 0 00:00:38  -  Total Remote Usage
		Usr 0 00:00:00, Sys 0 00:00:00  -  Total Local Usage
	102812  -  Run Bytes Sent By Job
	323  -  Run Bytes Received By Job
	102812  -  Total Bytes Sent By Job
	323  -  Total Bytes Received By Job
	Partitionable Resources :    Usage  Request Allocated 
	   Cpus                 :     0.25        1         1 
	   Disk (KB)            :   121           1   3062131 
	   Memory (MB)          :   999        2000      2000 

	Job terminated of its own accord at 2023-09-26T22:08:42Z.
...
