000 (15150655.150.000) 09/28 15:00:14 Job submitted from host: <188.184.90.241:9618?addrs=188.184.90.241-9618+[2001-1458-201-e4--100-2eb]-9618&alias=bigbird15.cern.ch&noUDP&sock=schedd_2763_c443>
...
040 (15150655.150.000) 09/28 15:03:31 Started transferring input files
	Transferring to host: <128.142.60.151:9618?addrs=128.142.60.151-9618+[2001-1458-301-22--100-96]-9618&alias=b7s05p1265.cern.ch&noUDP&sock=slot1_43_4040_4b9d_191251>
...
040 (15150655.150.000) 09/28 15:03:31 Finished transferring input files
...
001 (15150655.150.000) 09/28 15:03:32 Job executing on host: <128.142.60.151:9618?addrs=128.142.60.151-9618+[2001-1458-301-22--100-96]-9618&alias=b7s05p1265.cern.ch&noUDP&sock=startd_3010_3028>
...
006 (15150655.150.000) 09/28 15:03:41 Image size of job updated: 911208
	121  -  MemoryUsage of job (MB)
	123288  -  ResidentSetSize of job (KB)
...
006 (15150655.150.000) 09/28 15:06:23 Image size of job updated: 920280
	121  -  MemoryUsage of job (MB)
	123288  -  ResidentSetSize of job (KB)
...
040 (15150655.150.000) 09/28 15:06:23 Started transferring output files
...
040 (15150655.150.000) 09/28 15:06:23 Finished transferring output files
...
005 (15150655.150.000) 09/28 15:06:23 Job terminated.
	(1) Normal termination (return value 0)
		Usr 0 00:00:10, Sys 0 00:00:00  -  Run Remote Usage
		Usr 0 00:00:00, Sys 0 00:00:00  -  Run Local Usage
		Usr 0 00:00:10, Sys 0 00:00:00  -  Total Remote Usage
		Usr 0 00:00:00, Sys 0 00:00:00  -  Total Local Usage
	7890  -  Run Bytes Sent By Job
	374  -  Run Bytes Received By Job
	7890  -  Total Bytes Sent By Job
	374  -  Total Bytes Received By Job
	Partitionable Resources :    Usage  Request Allocated 
	   Cpus                 :                 1         1 
	   Disk (KB)            :       22        1   1226301 
	   Memory (MB)          :      121     2000      2000 

	Job terminated of its own accord at 2023-09-28T13:06:23Z.
...
