000 (15153696.043.000) 10/03 22:27:19 Job submitted from host: <188.184.90.241:9618?addrs=188.184.90.241-9618+[2001-1458-201-e4--100-2eb]-9618&alias=bigbird15.cern.ch&noUDP&sock=schedd_2763_c443>
...
040 (15153696.043.000) 10/03 22:30:24 Started transferring input files
	Transferring to host: <128.142.63.37:9618?addrs=128.142.63.37-9618+[2001-1458-301-38--100-22]-9618&alias=b7s08p3742.cern.ch&noUDP&sock=slot1_1_4408_95ac_204059>
...
040 (15153696.043.000) 10/03 22:30:24 Finished transferring input files
...
001 (15153696.043.000) 10/03 22:30:25 Job executing on host: <128.142.63.37:9618?addrs=128.142.63.37-9618+[2001-1458-301-38--100-22]-9618&alias=b7s08p3742.cern.ch&noUDP&sock=startd_3190_a734>
...
006 (15153696.043.000) 10/03 22:30:34 Image size of job updated: 909856
	120  -  MemoryUsage of job (MB)
	121920  -  ResidentSetSize of job (KB)
...
006 (15153696.043.000) 10/03 22:34:17 Image size of job updated: 918976
	120  -  MemoryUsage of job (MB)
	121920  -  ResidentSetSize of job (KB)
...
040 (15153696.043.000) 10/03 22:34:17 Started transferring output files
...
040 (15153696.043.000) 10/03 22:34:17 Finished transferring output files
...
005 (15153696.043.000) 10/03 22:34:17 Job terminated.
	(1) Normal termination (return value 0)
		Usr 0 00:00:08, Sys 0 00:00:00  -  Run Remote Usage
		Usr 0 00:00:00, Sys 0 00:00:00  -  Run Local Usage
		Usr 0 00:00:08, Sys 0 00:00:00  -  Total Remote Usage
		Usr 0 00:00:00, Sys 0 00:00:00  -  Total Local Usage
	7890  -  Run Bytes Sent By Job
	374  -  Run Bytes Received By Job
	7890  -  Total Bytes Sent By Job
	374  -  Total Bytes Received By Job
	Partitionable Resources :    Usage  Request Allocated 
	   Cpus                 :                 1         1 
	   Disk (KB)            :       22        1   1284765 
	   Memory (MB)          :      120     2000      2000 

	Job terminated of its own accord at 2023-10-03T20:34:17Z.
...
