000 (15159756.057.000) 10/09 09:27:44 Job submitted from host: <188.184.90.241:9618?addrs=188.184.90.241-9618+[2001-1458-201-e4--100-2eb]-9618&alias=bigbird15.cern.ch&noUDP&sock=schedd_2763_c443>
...
040 (15159756.057.000) 10/09 11:15:02 Started transferring input files
	Transferring to host: <128.142.57.49:9618?addrs=128.142.57.49-9618+[2001-1458-301-7--100-30]-9618&alias=b7s02p0101.cern.ch&noUDP&sock=slot1_12_4195_81c4_43231>
...
040 (15159756.057.000) 10/09 11:15:02 Finished transferring input files
...
001 (15159756.057.000) 10/09 11:15:03 Job executing on host: <128.142.57.49:9618?addrs=128.142.57.49-9618+[2001-1458-301-7--100-30]-9618&alias=b7s02p0101.cern.ch&noUDP&sock=startd_2870_28e6>
...
006 (15159756.057.000) 10/09 11:15:12 Image size of job updated: 540624
	51  -  MemoryUsage of job (MB)
	52124  -  ResidentSetSize of job (KB)
...
006 (15159756.057.000) 10/09 11:20:13 Image size of job updated: 1396528
	1360  -  MemoryUsage of job (MB)
	1391832  -  ResidentSetSize of job (KB)
...
006 (15159756.057.000) 10/09 11:21:39 Image size of job updated: 3101172
	1360  -  MemoryUsage of job (MB)
	1391832  -  ResidentSetSize of job (KB)
...
040 (15159756.057.000) 10/09 11:21:39 Started transferring output files
...
040 (15159756.057.000) 10/09 11:21:39 Finished transferring output files
...
005 (15159756.057.000) 10/09 11:21:39 Job terminated.
	(1) Normal termination (return value 0)
		Usr 0 00:03:59, Sys 0 00:00:06  -  Run Remote Usage
		Usr 0 00:00:00, Sys 0 00:00:00  -  Run Local Usage
		Usr 0 00:03:59, Sys 0 00:00:06  -  Total Remote Usage
		Usr 0 00:00:00, Sys 0 00:00:00  -  Total Local Usage
	116137  -  Run Bytes Sent By Job
	269  -  Run Bytes Received By Job
	116137  -  Total Bytes Sent By Job
	269  -  Total Bytes Received By Job
	Partitionable Resources :    Usage  Request Allocated 
	   Cpus                 :     0.04        1         1 
	   Disk (KB)            :   135           1   1311329 
	   Memory (MB)          :  1360        2000      2000 

	Job terminated of its own accord at 2023-10-09T09:21:39Z.
...
