000 (15155263.054.000) 10/07 15:36:06 Job submitted from host: <188.184.90.241:9618?addrs=188.184.90.241-9618+[2001-1458-201-e4--100-2eb]-9618&alias=bigbird15.cern.ch&noUDP&sock=schedd_2763_c443>
...
040 (15155263.054.000) 10/07 15:39:01 Started transferring input files
	Transferring to host: <128.142.61.123:9618?addrs=128.142.61.123-9618+[2001-1458-301-23--100-7a]-9618&alias=b7s06p7679.cern.ch&noUDP&sock=slot1_37_3708_5f10_298344>
...
040 (15155263.054.000) 10/07 15:39:01 Finished transferring input files
...
001 (15155263.054.000) 10/07 15:39:02 Job executing on host: <128.142.61.123:9618?addrs=128.142.61.123-9618+[2001-1458-301-23--100-7a]-9618&alias=b7s06p7679.cern.ch&noUDP&sock=startd_2863_5bbc>
...
006 (15155263.054.000) 10/07 15:39:11 Image size of job updated: 702260
	53  -  MemoryUsage of job (MB)
	54076  -  ResidentSetSize of job (KB)
...
006 (15155263.054.000) 10/07 15:44:12 Image size of job updated: 990460
	60  -  MemoryUsage of job (MB)
	61140  -  ResidentSetSize of job (KB)
...
006 (15155263.054.000) 10/07 15:49:12 Image size of job updated: 3569916
	170  -  MemoryUsage of job (MB)
	173748  -  ResidentSetSize of job (KB)
...
006 (15155263.054.000) 10/07 15:54:13 Image size of job updated: 3814924
	409  -  MemoryUsage of job (MB)
	418584  -  ResidentSetSize of job (KB)
...
006 (15155263.054.000) 10/07 15:59:14 Image size of job updated: 3870212
	465  -  MemoryUsage of job (MB)
	475268  -  ResidentSetSize of job (KB)
...
006 (15155263.054.000) 10/07 16:02:35 Image size of job updated: 3891292
	465  -  MemoryUsage of job (MB)
	475268  -  ResidentSetSize of job (KB)
...
040 (15155263.054.000) 10/07 16:02:35 Started transferring output files
...
040 (15155263.054.000) 10/07 16:02:35 Finished transferring output files
...
005 (15155263.054.000) 10/07 16:02:35 Job terminated.
	(1) Normal termination (return value 0)
		Usr 0 00:05:10, Sys 0 00:00:11  -  Run Remote Usage
		Usr 0 00:00:00, Sys 0 00:00:00  -  Run Local Usage
		Usr 0 00:05:10, Sys 0 00:00:11  -  Total Remote Usage
		Usr 0 00:00:00, Sys 0 00:00:00  -  Total Local Usage
	69137  -  Run Bytes Sent By Job
	323  -  Run Bytes Received By Job
	69137  -  Total Bytes Sent By Job
	323  -  Total Bytes Received By Job
	Partitionable Resources :    Usage  Request Allocated 
	   Cpus                 :     1.00        1         1 
	   Disk (KB)            :    89           1   1208054 
	   Memory (MB)          :   465        2000      2000 

	Job terminated of its own accord at 2023-10-07T14:02:35Z.
...
