000 (14807221.013.000) 05/14 12:38:57 Job submitted from host: <188.184.90.241:9618?addrs=188.184.90.241-9618+[2001-1458-201-e4--100-2eb]-9618&alias=bigbird15.cern.ch&noUDP&sock=schedd_3273_9590>
...
040 (14807221.013.000) 05/14 12:50:04 Started transferring input files
	Transferring to host: <128.142.61.136:9618?addrs=128.142.61.136-9618+[2001-1458-301-23--100-87]-9618&alias=b7s06p0048.cern.ch&noUDP&sock=slot1_11_3337_f7e1_26368>
...
040 (14807221.013.000) 05/14 12:50:04 Finished transferring input files
...
001 (14807221.013.000) 05/14 12:50:05 Job executing on host: <128.142.61.136:9618?addrs=128.142.61.136-9618+[2001-1458-301-23--100-87]-9618&alias=b7s06p0048.cern.ch&noUDP&sock=startd_2842_f43f>
...
006 (14807221.013.000) 05/14 12:50:14 Image size of job updated: 553968
	47  -  MemoryUsage of job (MB)
	47628  -  ResidentSetSize of job (KB)
...
006 (14807221.013.000) 05/14 12:55:15 Image size of job updated: 1946804
	1376  -  MemoryUsage of job (MB)
	1408928  -  ResidentSetSize of job (KB)
...
006 (14807221.013.000) 05/14 13:00:15 Image size of job updated: 2072924
	1376  -  MemoryUsage of job (MB)
	1408928  -  ResidentSetSize of job (KB)
...
006 (14807221.013.000) 05/14 13:05:16 Image size of job updated: 4113232
	1376  -  MemoryUsage of job (MB)
	1408928  -  ResidentSetSize of job (KB)
...
006 (14807221.013.000) 05/14 13:10:17 Image size of job updated: 4473600
	1376  -  MemoryUsage of job (MB)
	1408928  -  ResidentSetSize of job (KB)
...
006 (14807221.013.000) 05/14 13:11:17 Image size of job updated: 4496144
	1376  -  MemoryUsage of job (MB)
	1408928  -  ResidentSetSize of job (KB)
...
040 (14807221.013.000) 05/14 13:11:17 Started transferring output files
...
040 (14807221.013.000) 05/14 13:11:17 Finished transferring output files
...
005 (14807221.013.000) 05/14 13:11:17 Job terminated.
	(1) Normal termination (return value 0)
		Usr 0 00:07:45, Sys 0 00:00:37  -  Run Remote Usage
		Usr 0 00:00:00, Sys 0 00:00:00  -  Run Local Usage
		Usr 0 00:07:45, Sys 0 00:00:37  -  Total Remote Usage
		Usr 0 00:00:00, Sys 0 00:00:00  -  Total Local Usage
	109473  -  Run Bytes Sent By Job
	323  -  Run Bytes Received By Job
	109473  -  Total Bytes Sent By Job
	323  -  Total Bytes Received By Job
	Partitionable Resources :    Usage  Request Allocated 
	   Cpus                 :     0.23        1         1 
	   Disk (KB)            :   128           1   1270770 
	   Memory (MB)          :  1376        2000      2000 

	Job terminated of its own accord at 2023-05-14T11:11:17Z.
...
