000 (15159743.005.000) 10/09 07:56:33 Job submitted from host: <188.184.90.241:9618?addrs=188.184.90.241-9618+[2001-1458-201-e4--100-2eb]-9618&alias=bigbird15.cern.ch&noUDP&sock=schedd_2763_c443>
...
040 (15159743.005.000) 10/09 08:09:36 Started transferring input files
	Transferring to host: <188.184.160.37:9618?addrs=188.184.160.37-9618+[2001-1458-301-48--100-1f]-9618&alias=b7s09p7427.cern.ch&noUDP&sock=slot1_17_123369_5ef2_227888>
...
040 (15159743.005.000) 10/09 08:09:36 Finished transferring input files
...
001 (15159743.005.000) 10/09 08:09:37 Job executing on host: <188.184.160.37:9618?addrs=188.184.160.37-9618+[2001-1458-301-48--100-1f]-9618&alias=b7s09p7427.cern.ch&noUDP&sock=startd_28520_ed20>
...
006 (15159743.005.000) 10/09 08:09:46 Image size of job updated: 591784
	55  -  MemoryUsage of job (MB)
	55540  -  ResidentSetSize of job (KB)
...
006 (15159743.005.000) 10/09 08:14:03 Image size of job updated: 3363104
	55  -  MemoryUsage of job (MB)
	55540  -  ResidentSetSize of job (KB)
...
040 (15159743.005.000) 10/09 08:14:03 Started transferring output files
...
040 (15159743.005.000) 10/09 08:14:03 Finished transferring output files
...
005 (15159743.005.000) 10/09 08:14:03 Job terminated.
	(1) Normal termination (return value 0)
		Usr 0 00:03:30, Sys 0 00:00:05  -  Run Remote Usage
		Usr 0 00:00:00, Sys 0 00:00:00  -  Run Local Usage
		Usr 0 00:03:30, Sys 0 00:00:05  -  Total Remote Usage
		Usr 0 00:00:00, Sys 0 00:00:00  -  Total Local Usage
	113985  -  Run Bytes Sent By Job
	269  -  Run Bytes Received By Job
	113985  -  Total Bytes Sent By Job
	269  -  Total Bytes Received By Job
	Partitionable Resources :    Usage  Request Allocated 
	   Cpus                 :     0.93        1         1 
	   Disk (KB)            :   133           1   3063647 
	   Memory (MB)          :    55        2000      2000 

	Job terminated of its own accord at 2023-10-09T06:14:03Z.
...
