000 (15148591.005.000) 09/26 23:15:32 Job submitted from host: <188.184.90.241:9618?addrs=188.184.90.241-9618+[2001-1458-201-e4--100-2eb]-9618&alias=bigbird15.cern.ch&noUDP&sock=schedd_2763_c443>
...
040 (15148591.005.000) 09/26 23:30:20 Started transferring input files
	Transferring to host: <128.142.58.58:9618?addrs=128.142.58.58-9618+[2001-1458-301-16--100-39]-9618&alias=b7s03p6459.cern.ch&noUDP&sock=slot1_4_4432_7ead_160895>
...
040 (15148591.005.000) 09/26 23:30:20 Finished transferring input files
...
001 (15148591.005.000) 09/26 23:30:21 Job executing on host: <128.142.58.58:9618?addrs=128.142.58.58-9618+[2001-1458-301-16--100-39]-9618&alias=b7s03p6459.cern.ch&noUDP&sock=startd_4210_49ce>
...
006 (15148591.005.000) 09/26 23:30:30 Image size of job updated: 624368
	54  -  MemoryUsage of job (MB)
	54528  -  ResidentSetSize of job (KB)
...
006 (15148591.005.000) 09/26 23:35:31 Image size of job updated: 1229408
	677  -  MemoryUsage of job (MB)
	692276  -  ResidentSetSize of job (KB)
...
006 (15148591.005.000) 09/26 23:40:31 Image size of job updated: 1254472
	677  -  MemoryUsage of job (MB)
	692276  -  ResidentSetSize of job (KB)
...
006 (15148591.005.000) 09/26 23:45:31 Image size of job updated: 3135624
	677  -  MemoryUsage of job (MB)
	692276  -  ResidentSetSize of job (KB)
...
006 (15148591.005.000) 09/26 23:50:32 Image size of job updated: 3336176
	677  -  MemoryUsage of job (MB)
	692276  -  ResidentSetSize of job (KB)
...
006 (15148591.005.000) 09/26 23:55:33 Image size of job updated: 3347332
	677  -  MemoryUsage of job (MB)
	692276  -  ResidentSetSize of job (KB)
...
006 (15148591.005.000) 09/27 00:00:33 Image size of job updated: 3402044
	677  -  MemoryUsage of job (MB)
	692276  -  ResidentSetSize of job (KB)
...
006 (15148591.005.000) 09/27 00:01:29 Image size of job updated: 3405036
	677  -  MemoryUsage of job (MB)
	692276  -  ResidentSetSize of job (KB)
...
040 (15148591.005.000) 09/27 00:01:29 Started transferring output files
...
040 (15148591.005.000) 09/27 00:01:29 Finished transferring output files
...
005 (15148591.005.000) 09/27 00:01:29 Job terminated.
	(1) Normal termination (return value 0)
		Usr 0 00:08:24, Sys 0 00:00:17  -  Run Remote Usage
		Usr 0 00:00:00, Sys 0 00:00:00  -  Run Local Usage
		Usr 0 00:08:24, Sys 0 00:00:17  -  Total Remote Usage
		Usr 0 00:00:00, Sys 0 00:00:00  -  Total Local Usage
	89899  -  Run Bytes Sent By Job
	323  -  Run Bytes Received By Job
	89899  -  Total Bytes Sent By Job
	323  -  Total Bytes Received By Job
	Partitionable Resources :    Usage  Request Allocated 
	   Cpus                 :        0        1         1 
	   Disk (KB)            :      109        1   1322731 
	   Memory (MB)          :      677     2000      2000 

	Job terminated of its own accord at 2023-09-26T22:01:29Z.
...
