000 (15150654.068.000) 09/28 14:27:13 Job submitted from host: <188.184.90.241:9618?addrs=188.184.90.241-9618+[2001-1458-201-e4--100-2eb]-9618&alias=bigbird15.cern.ch&noUDP&sock=schedd_2763_c443>
...
040 (15150654.068.000) 09/28 14:46:17 Started transferring input files
	Transferring to host: <128.142.57.145:9618?addrs=128.142.57.145-9618+[2001-1458-301-7--100-90]-9618&alias=b7s02p1264.cern.ch&noUDP&sock=slot1_16_7021_adf7_202434>
...
040 (15150654.068.000) 09/28 14:46:17 Finished transferring input files
...
001 (15150654.068.000) 09/28 14:46:18 Job executing on host: <128.142.57.145:9618?addrs=128.142.57.145-9618+[2001-1458-301-7--100-90]-9618&alias=b7s02p1264.cern.ch&noUDP&sock=startd_5421_eefe>
...
006 (15150654.068.000) 09/28 14:46:27 Image size of job updated: 123340
	121  -  MemoryUsage of job (MB)
	123340  -  ResidentSetSize of job (KB)
...
006 (15150654.068.000) 09/28 14:50:27 Image size of job updated: 922332
	121  -  MemoryUsage of job (MB)
	123340  -  ResidentSetSize of job (KB)
...
040 (15150654.068.000) 09/28 14:50:27 Started transferring output files
...
040 (15150654.068.000) 09/28 14:50:27 Finished transferring output files
...
005 (15150654.068.000) 09/28 14:50:27 Job terminated.
	(1) Normal termination (return value 0)
		Usr 0 00:00:08, Sys 0 00:00:00  -  Run Remote Usage
		Usr 0 00:00:00, Sys 0 00:00:00  -  Run Local Usage
		Usr 0 00:00:08, Sys 0 00:00:00  -  Total Remote Usage
		Usr 0 00:00:00, Sys 0 00:00:00  -  Total Local Usage
	7925  -  Run Bytes Sent By Job
	374  -  Run Bytes Received By Job
	7925  -  Total Bytes Sent By Job
	374  -  Total Bytes Received By Job
	Partitionable Resources :    Usage  Request Allocated 
	   Cpus                 :     0.02        1         1 
	   Disk (KB)            :    29           1   1363749 
	   Memory (MB)          :   121        2000      2000 

	Job terminated of its own accord at 2023-09-28T12:50:27Z.
...
