000 (15159766.034.000) 10/09 11:47:56 Job submitted from host: <188.184.90.241:9618?addrs=188.184.90.241-9618+[2001-1458-201-e4--100-2eb]-9618&alias=bigbird15.cern.ch&noUDP&sock=schedd_2763_c443>
...
040 (15159766.034.000) 10/09 14:24:28 Started transferring input files
	Transferring to host: <128.142.61.120:9618?addrs=128.142.61.120-9618+[2001-1458-301-23--100-77]-9618&alias=b7s06p1945.cern.ch&noUDP&sock=slot1_14_3456_d086_83584>
...
040 (15159766.034.000) 10/09 14:24:28 Finished transferring input files
...
001 (15159766.034.000) 10/09 14:24:29 Job executing on host: <128.142.61.120:9618?addrs=128.142.61.120-9618+[2001-1458-301-23--100-77]-9618&alias=b7s06p1945.cern.ch&noUDP&sock=startd_2950_0879>
...
006 (15159766.034.000) 10/09 14:24:38 Image size of job updated: 801620
	122  -  MemoryUsage of job (MB)
	123908  -  ResidentSetSize of job (KB)
...
006 (15159766.034.000) 10/09 14:26:51 Image size of job updated: 922916
	122  -  MemoryUsage of job (MB)
	123908  -  ResidentSetSize of job (KB)
...
040 (15159766.034.000) 10/09 14:26:51 Started transferring output files
...
040 (15159766.034.000) 10/09 14:26:51 Finished transferring output files
...
005 (15159766.034.000) 10/09 14:26:51 Job terminated.
	(1) Normal termination (return value 0)
		Usr 0 00:00:09, Sys 0 00:00:00  -  Run Remote Usage
		Usr 0 00:00:00, Sys 0 00:00:00  -  Run Local Usage
		Usr 0 00:00:09, Sys 0 00:00:00  -  Total Remote Usage
		Usr 0 00:00:00, Sys 0 00:00:00  -  Total Local Usage
	10562  -  Run Bytes Sent By Job
	374  -  Run Bytes Received By Job
	10562  -  Total Bytes Sent By Job
	374  -  Total Bytes Received By Job
	Partitionable Resources :    Usage  Request Allocated 
	   Cpus                 :                 1         1 
	   Disk (KB)            :       24        1   1341123 
	   Memory (MB)          :      122     2000      2000 

	Job terminated of its own accord at 2023-10-09T12:26:51Z.
...
