000 (14832095.178.000) 06/12 15:17:58 Job submitted from host: <188.184.90.241:9618?addrs=188.184.90.241-9618+[2001-1458-201-e4--100-2eb]-9618&alias=bigbird15.cern.ch&noUDP&sock=schedd_1460210_2ef4>
...
040 (14832095.178.000) 06/12 15:20:37 Started transferring input files
	Transferring to host: <188.184.162.15:9618?addrs=188.184.162.15-9618+[2001-1458-301-4a--100-9]-9618&alias=b7s11p1484.cern.ch&noUDP&sock=slot1_24_116660_4601_20411>
...
040 (14832095.178.000) 06/12 15:20:37 Finished transferring input files
...
001 (14832095.178.000) 06/12 15:20:38 Job executing on host: <188.184.162.15:9618?addrs=188.184.162.15-9618+[2001-1458-301-4a--100-9]-9618&alias=b7s11p1484.cern.ch&noUDP&sock=startd_116622_91fd>
...
006 (14832095.178.000) 06/12 15:20:46 Image size of job updated: 544768
	39  -  MemoryUsage of job (MB)
	39064  -  ResidentSetSize of job (KB)
...
006 (14832095.178.000) 06/12 15:25:46 Image size of job updated: 1546556
	1034  -  MemoryUsage of job (MB)
	1058144  -  ResidentSetSize of job (KB)
...
006 (14832095.178.000) 06/12 15:30:47 Image size of job updated: 1747672
	1034  -  MemoryUsage of job (MB)
	1058144  -  ResidentSetSize of job (KB)
...
006 (14832095.178.000) 06/12 15:45:48 Image size of job updated: 4032632
	1034  -  MemoryUsage of job (MB)
	1058144  -  ResidentSetSize of job (KB)
...
006 (14832095.178.000) 06/12 15:50:49 Image size of job updated: 4082228
	1034  -  MemoryUsage of job (MB)
	1058144  -  ResidentSetSize of job (KB)
...
006 (14832095.178.000) 06/12 15:55:49 Image size of job updated: 4312632
	1034  -  MemoryUsage of job (MB)
	1058144  -  ResidentSetSize of job (KB)
...
006 (14832095.178.000) 06/12 16:00:49 Image size of job updated: 4320112
	1034  -  MemoryUsage of job (MB)
	1058144  -  ResidentSetSize of job (KB)
...
006 (14832095.178.000) 06/12 16:05:50 Image size of job updated: 4378652
	1034  -  MemoryUsage of job (MB)
	1058144  -  ResidentSetSize of job (KB)
...
006 (14832095.178.000) 06/12 16:10:51 Image size of job updated: 4393176
	1034  -  MemoryUsage of job (MB)
	1058144  -  ResidentSetSize of job (KB)
...
006 (14832095.178.000) 06/12 16:14:10 Image size of job updated: 4407644
	1034  -  MemoryUsage of job (MB)
	1058144  -  ResidentSetSize of job (KB)
...
040 (14832095.178.000) 06/12 16:14:10 Started transferring output files
...
040 (14832095.178.000) 06/12 16:14:10 Finished transferring output files
...
005 (14832095.178.000) 06/12 16:14:10 Job terminated.
	(1) Normal termination (return value 0)
		Usr 0 00:10:15, Sys 0 00:00:42  -  Run Remote Usage
		Usr 0 00:00:00, Sys 0 00:00:00  -  Run Local Usage
		Usr 0 00:10:15, Sys 0 00:00:42  -  Total Remote Usage
		Usr 0 00:00:00, Sys 0 00:00:00  -  Total Local Usage
	112736  -  Run Bytes Sent By Job
	323  -  Run Bytes Received By Job
	112736  -  Total Bytes Sent By Job
	323  -  Total Bytes Received By Job
	Partitionable Resources :    Usage  Request Allocated 
	   Cpus                 :     0.06        1         1 
	   Disk (KB)            :   131           1   3025010 
	   Memory (MB)          :  1034        2000      2000 

	Job terminated of its own accord at 2023-06-12T14:14:10Z.
...
