000 (14832095.192.000) 06/12 15:17:58 Job submitted from host: <188.184.90.241:9618?addrs=188.184.90.241-9618+[2001-1458-201-e4--100-2eb]-9618&alias=bigbird15.cern.ch&noUDP&sock=schedd_1460210_2ef4>
...
040 (14832095.192.000) 06/12 15:20:44 Started transferring input files
	Transferring to host: <128.142.132.173:9618?addrs=128.142.132.173-9618+[2001-1458-301-5a--100-a1]-9618&alias=b7g12p3631.cern.ch&noUDP&sock=slot1_8_8292_36ca_65045>
...
040 (14832095.192.000) 06/12 15:20:44 Finished transferring input files
...
001 (14832095.192.000) 06/12 15:20:45 Job executing on host: <128.142.132.173:9618?addrs=128.142.132.173-9618+[2001-1458-301-5a--100-a1]-9618&alias=b7g12p3631.cern.ch&noUDP&sock=startd_7080_de9d>
...
006 (14832095.192.000) 06/12 15:20:54 Image size of job updated: 48316
	47  -  MemoryUsage of job (MB)
	47656  -  ResidentSetSize of job (KB)
...
006 (14832095.192.000) 06/12 15:25:55 Image size of job updated: 1477836
	918  -  MemoryUsage of job (MB)
	940008  -  ResidentSetSize of job (KB)
...
006 (14832095.192.000) 06/12 15:30:55 Image size of job updated: 1986716
	1415  -  MemoryUsage of job (MB)
	1448772  -  ResidentSetSize of job (KB)
...
006 (14832095.192.000) 06/12 15:50:56 Image size of job updated: 4069196
	1415  -  MemoryUsage of job (MB)
	1448772  -  ResidentSetSize of job (KB)
...
006 (14832095.192.000) 06/12 15:55:58 Image size of job updated: 4118912
	1415  -  MemoryUsage of job (MB)
	1448772  -  ResidentSetSize of job (KB)
...
006 (14832095.192.000) 06/12 16:00:58 Image size of job updated: 4354004
	1415  -  MemoryUsage of job (MB)
	1448772  -  ResidentSetSize of job (KB)
...
006 (14832095.192.000) 06/12 16:05:58 Image size of job updated: 4416360
	1415  -  MemoryUsage of job (MB)
	1448772  -  ResidentSetSize of job (KB)
...
006 (14832095.192.000) 06/12 16:10:59 Image size of job updated: 4444188
	1415  -  MemoryUsage of job (MB)
	1448772  -  ResidentSetSize of job (KB)
...
040 (14832095.192.000) 06/12 16:11:02 Started transferring output files
...
040 (14832095.192.000) 06/12 16:11:02 Finished transferring output files
...
005 (14832095.192.000) 06/12 16:11:03 Job terminated.
	(1) Normal termination (return value 0)
		Usr 0 00:15:24, Sys 0 00:01:00  -  Run Remote Usage
		Usr 0 00:00:00, Sys 0 00:00:00  -  Run Local Usage
		Usr 0 00:15:24, Sys 0 00:01:00  -  Total Remote Usage
		Usr 0 00:00:00, Sys 0 00:00:00  -  Total Local Usage
	125942  -  Run Bytes Sent By Job
	323  -  Run Bytes Received By Job
	125942  -  Total Bytes Sent By Job
	323  -  Total Bytes Received By Job
	Partitionable Resources :    Usage  Request Allocated 
	   Cpus                 :     0.15        1         1 
	   Disk (KB)            :   144           1   1618816 
	   Memory (MB)          :  1415        2000      2000 

	Job terminated of its own accord at 2023-06-12T14:11:02Z.
...
