000 (15153696.039.000) 10/03 22:27:19 Job submitted from host: <188.184.90.241:9618?addrs=188.184.90.241-9618+[2001-1458-201-e4--100-2eb]-9618&alias=bigbird15.cern.ch&noUDP&sock=schedd_2763_c443>
...
040 (15153696.039.000) 10/03 22:30:23 Started transferring input files
	Transferring to host: <188.184.163.73:9618?addrs=188.184.163.73-9618&alias=b7s12p9292.cern.ch&noUDP&sock=slot1_2_4725_f099_223300>
...
040 (15153696.039.000) 10/03 22:30:23 Finished transferring input files
...
001 (15153696.039.000) 10/03 22:30:24 Job executing on host: <188.184.163.73:9618?addrs=188.184.163.73-9618&alias=b7s12p9292.cern.ch&noUDP&sock=startd_3270_86c8>
...
006 (15153696.039.000) 10/03 22:30:33 Image size of job updated: 908584
	119  -  MemoryUsage of job (MB)
	120840  -  ResidentSetSize of job (KB)
...
006 (15153696.039.000) 10/03 22:32:51 Image size of job updated: 920424
	119  -  MemoryUsage of job (MB)
	120840  -  ResidentSetSize of job (KB)
...
040 (15153696.039.000) 10/03 22:32:51 Started transferring output files
...
040 (15153696.039.000) 10/03 22:32:51 Finished transferring output files
...
005 (15153696.039.000) 10/03 22:32:52 Job terminated.
	(1) Normal termination (return value 0)
		Usr 0 00:00:11, Sys 0 00:00:00  -  Run Remote Usage
		Usr 0 00:00:00, Sys 0 00:00:00  -  Run Local Usage
		Usr 0 00:00:11, Sys 0 00:00:00  -  Total Remote Usage
		Usr 0 00:00:00, Sys 0 00:00:00  -  Total Local Usage
	7892  -  Run Bytes Sent By Job
	374  -  Run Bytes Received By Job
	7892  -  Total Bytes Sent By Job
	374  -  Total Bytes Received By Job
	Partitionable Resources :    Usage  Request Allocated 
	   Cpus                 :                 1         1 
	   Disk (KB)            :       21        1   3122327 
	   Memory (MB)          :      119     2000      2000 

	Job terminated of its own accord at 2023-10-03T20:32:51Z.
...
