000 (15159743.000.000) 10/09 07:56:33 Job submitted from host: <188.184.90.241:9618?addrs=188.184.90.241-9618+[2001-1458-201-e4--100-2eb]-9618&alias=bigbird15.cern.ch&noUDP&sock=schedd_2763_c443>
...
040 (15159743.000.000) 10/09 08:09:35 Started transferring input files
	Transferring to host: <128.142.61.39:9618?addrs=128.142.61.39-9618&alias=b7s06p7473.cern.ch&noUDP&sock=slot1_48_4176_1ea3_32821>
...
040 (15159743.000.000) 10/09 08:09:35 Finished transferring input files
...
001 (15159743.000.000) 10/09 08:09:36 Job executing on host: <128.142.61.39:9618?addrs=128.142.61.39-9618&alias=b7s06p7473.cern.ch&noUDP&sock=startd_2851_2099>
...
006 (15159743.000.000) 10/09 08:09:44 Image size of job updated: 574332
	54  -  MemoryUsage of job (MB)
	55240  -  ResidentSetSize of job (KB)
...
006 (15159743.000.000) 10/09 08:13:30 Image size of job updated: 3403476
	54  -  MemoryUsage of job (MB)
	55240  -  ResidentSetSize of job (KB)
...
040 (15159743.000.000) 10/09 08:13:30 Started transferring output files
...
040 (15159743.000.000) 10/09 08:13:30 Finished transferring output files
...
005 (15159743.000.000) 10/09 08:13:30 Job terminated.
	(1) Normal termination (return value 0)
		Usr 0 00:02:43, Sys 0 00:00:04  -  Run Remote Usage
		Usr 0 00:00:00, Sys 0 00:00:00  -  Run Local Usage
		Usr 0 00:02:43, Sys 0 00:00:04  -  Total Remote Usage
		Usr 0 00:00:00, Sys 0 00:00:00  -  Total Local Usage
	114687  -  Run Bytes Sent By Job
	269  -  Run Bytes Received By Job
	114687  -  Total Bytes Sent By Job
	269  -  Total Bytes Received By Job
	Partitionable Resources :    Usage  Request Allocated 
	   Cpus                 :     0.95        1         1 
	   Disk (KB)            :   133           1   1291420 
	   Memory (MB)          :    54        2000      2000 

	Job terminated of its own accord at 2023-10-09T06:13:30Z.
...
