000 (15150662.020.000) 09/28 15:49:40 Job submitted from host: <188.184.90.241:9618?addrs=188.184.90.241-9618+[2001-1458-201-e4--100-2eb]-9618&alias=bigbird15.cern.ch&noUDP&sock=schedd_2763_c443>
...
040 (15150662.020.000) 09/28 16:00:54 Started transferring input files
	Transferring to host: <128.142.56.105:9618?addrs=128.142.56.105-9618+[2001-1458-301-6--100-68]-9618&alias=b7s01p4518.cern.ch&noUDP&sock=slot1_13_9837_ce69_193619>
...
040 (15150662.020.000) 09/28 16:00:54 Finished transferring input files
...
001 (15150662.020.000) 09/28 16:00:55 Job executing on host: <128.142.56.105:9618?addrs=128.142.56.105-9618+[2001-1458-301-6--100-68]-9618&alias=b7s01p4518.cern.ch&noUDP&sock=startd_8686_73b6>
...
006 (15150662.020.000) 09/28 16:01:04 Image size of job updated: 742516
	122  -  MemoryUsage of job (MB)
	124296  -  ResidentSetSize of job (KB)
...
006 (15150662.020.000) 09/28 16:05:21 Image size of job updated: 926868
	122  -  MemoryUsage of job (MB)
	124296  -  ResidentSetSize of job (KB)
...
040 (15150662.020.000) 09/28 16:05:21 Started transferring output files
...
040 (15150662.020.000) 09/28 16:05:21 Finished transferring output files
...
005 (15150662.020.000) 09/28 16:05:21 Job terminated.
	(1) Normal termination (return value 0)
		Usr 0 00:00:11, Sys 0 00:00:00  -  Run Remote Usage
		Usr 0 00:00:00, Sys 0 00:00:00  -  Run Local Usage
		Usr 0 00:00:11, Sys 0 00:00:00  -  Total Remote Usage
		Usr 0 00:00:00, Sys 0 00:00:00  -  Total Local Usage
	7963  -  Run Bytes Sent By Job
	374  -  Run Bytes Received By Job
	7963  -  Total Bytes Sent By Job
	374  -  Total Bytes Received By Job
	Partitionable Resources :    Usage  Request Allocated 
	   Cpus                 :     0.08        1         1 
	   Disk (KB)            :    29           1   1320854 
	   Memory (MB)          :   122        2000      2000 

	Job terminated of its own accord at 2023-09-28T14:05:21Z.
...
