Error in <TSystem::ExpandFileName>: input: $HOME/.root.mimes, output: $HOME/.root.mimes
Error in <TSystem::ExpandFileName>: input: $HOME/.root.mimes, output: $HOME/.root.mimes
libpng error: Write Error
Error in <TASImage::WriteImage>: error writing file /eos/home-s/spalluot/www/MTD/MTDTB_CERN_Sep23/ModuleCharacterization/HPK_1E14_LYSO819_Vov2.00_angle52_T-37C//t1fine/c_t1fineMean__bar05L-R_Vov2.00_th20_energyBin01.png
Error in <TDecompChol::Decompose()>: matrix not positive definite
Error in <TDecompChol::Solve()>: Decomposition failed
Error in <TLinearFitter::Eval>: Matrix inversion failed
Error in <TDecompChol::Decompose()>: matrix not positive definite
Error in <TDecompChol::Solve()>: Decomposition failed
Error in <TLinearFitter::Eval>: Matrix inversion failed
Error in <TDecompChol::Decompose()>: matrix not positive definite
Error in <TDecompChol::Solve()>: Decomposition failed
Error in <TLinearFitter::Eval>: Matrix inversion failed
Error in <TDecompChol::Decompose()>: matrix not positive definite
Error in <TDecompChol::Solve()>: Decomposition failed
Error in <TLinearFitter::Eval>: Matrix inversion failed
Error in <TDecompChol::Decompose()>: matrix not positive definite
Error in <TDecompChol::Solve()>: Decomposition failed
Error in <TLinearFitter::Eval>: Matrix inversion failed
Error in <TDecompChol::Decompose()>: matrix not positive definite
Error in <TDecompChol::Solve()>: Decomposition failed
Error in <TLinearFitter::Eval>: Matrix inversion failed
Error in <TDecompChol::Decompose()>: matrix not positive definite
Error in <TDecompChol::Solve()>: Decomposition failed
Error in <TLinearFitter::Eval>: Matrix inversion failed
Error in <TDecompChol::Decompose()>: matrix not positive definite
Error in <TDecompChol::Solve()>: Decomposition failed
Error in <TLinearFitter::Eval>: Matrix inversion failed
Error in <TDecompChol::Decompose()>: matrix not positive definite
Error in <TDecompChol::Solve()>: Decomposition failed
Error in <TLinearFitter::Eval>: Matrix inversion failed
Error in <TDecompChol::Decompose()>: matrix not positive definite
Error in <TDecompChol::Solve()>: Decomposition failed
Error in <TLinearFitter::Eval>: Matrix inversion failed
Error in <TDecompChol::Decompose()>: matrix not positive definite
Error in <TDecompChol::Solve()>: Decomposition failed
Error in <TLinearFitter::Eval>: Matrix inversion failed
Error in <TDecompChol::Decompose()>: matrix not positive definite
Error in <TDecompChol::Solve()>: Decomposition failed
Error in <TLinearFitter::Eval>: Matrix inversion failed
Error in <TDecompChol::Decompose()>: matrix not positive definite
Error in <TDecompChol::Solve()>: Decomposition failed
Error in <TLinearFitter::Eval>: Matrix inversion failed
Error in <TDecompChol::Decompose()>: matrix not positive definite
Error in <TDecompChol::Solve()>: Decomposition failed
Error in <TLinearFitter::Eval>: Matrix inversion failed
Error in <TDecompChol::Decompose()>: matrix not positive definite
Error in <TDecompChol::Solve()>: Decomposition failed
Error in <TLinearFitter::Eval>: Matrix inversion failed
