000 (15159766.114.000) 10/09 11:47:56 Job submitted from host: <188.184.90.241:9618?addrs=188.184.90.241-9618+[2001-1458-201-e4--100-2eb]-9618&alias=bigbird15.cern.ch&noUDP&sock=schedd_2763_c443>
...
040 (15159766.114.000) 10/09 14:24:54 Started transferring input files
	Transferring to host: <128.142.248.63:9618?addrs=128.142.248.63-9618+[2001-1458-301-73--100-12f]-9618&alias=b7g23p9410.cern.ch&noUDP&sock=slot1_29_5147_46ea_205524>
...
040 (15159766.114.000) 10/09 14:24:54 Finished transferring input files
...
001 (15159766.114.000) 10/09 14:24:55 Job executing on host: <128.142.248.63:9618?addrs=128.142.248.63-9618+[2001-1458-301-73--100-12f]-9618&alias=b7g23p9410.cern.ch&noUDP&sock=startd_3655_9abe>
...
006 (15159766.114.000) 10/09 14:25:03 Image size of job updated: 911620
	121  -  MemoryUsage of job (MB)
	123804  -  ResidentSetSize of job (KB)
...
006 (15159766.114.000) 10/09 14:27:38 Image size of job updated: 923252
	121  -  MemoryUsage of job (MB)
	123804  -  ResidentSetSize of job (KB)
...
040 (15159766.114.000) 10/09 14:27:38 Started transferring output files
...
040 (15159766.114.000) 10/09 14:27:38 Finished transferring output files
...
005 (15159766.114.000) 10/09 14:27:38 Job terminated.
	(1) Normal termination (return value 0)
		Usr 0 00:00:14, Sys 0 00:00:00  -  Run Remote Usage
		Usr 0 00:00:00, Sys 0 00:00:00  -  Run Local Usage
		Usr 0 00:00:14, Sys 0 00:00:00  -  Total Remote Usage
		Usr 0 00:00:00, Sys 0 00:00:00  -  Total Local Usage
	11600  -  Run Bytes Sent By Job
	374  -  Run Bytes Received By Job
	11600  -  Total Bytes Sent By Job
	374  -  Total Bytes Received By Job
	Partitionable Resources :    Usage  Request Allocated 
	   Cpus                 :                 1         1 
	   Disk (KB)            :       25        1   2967254 
	   Memory (MB)          :      121     2000      2000 

	Job terminated of its own accord at 2023-10-09T12:27:38Z.
...
