000 (15159756.065.000) 10/09 09:27:44 Job submitted from host: <188.184.90.241:9618?addrs=188.184.90.241-9618+[2001-1458-201-e4--100-2eb]-9618&alias=bigbird15.cern.ch&noUDP&sock=schedd_2763_c443>
...
040 (15159756.065.000) 10/09 11:15:05 Started transferring input files
	Transferring to host: <128.142.59.82:9618?addrs=128.142.59.82-9618+[2001-1458-301-21--100-51]-9618&alias=b7s04p3746.cern.ch&noUDP&sock=slot1_21_4005_a27c_194283>
...
040 (15159756.065.000) 10/09 11:15:05 Finished transferring input files
...
001 (15159756.065.000) 10/09 11:15:06 Job executing on host: <128.142.59.82:9618?addrs=128.142.59.82-9618+[2001-1458-301-21--100-51]-9618&alias=b7s04p3746.cern.ch&noUDP&sock=startd_2992_d773>
...
006 (15159756.065.000) 10/09 11:15:15 Image size of job updated: 558872
	51  -  MemoryUsage of job (MB)
	51356  -  ResidentSetSize of job (KB)
...
006 (15159756.065.000) 10/09 11:20:16 Image size of job updated: 3214556
	2615  -  MemoryUsage of job (MB)
	2677604  -  ResidentSetSize of job (KB)
...
006 (15159756.065.000) 10/09 11:21:42 Image size of job updated: 3317032
	2615  -  MemoryUsage of job (MB)
	2677604  -  ResidentSetSize of job (KB)
...
040 (15159756.065.000) 10/09 11:21:42 Started transferring output files
...
040 (15159756.065.000) 10/09 11:21:42 Finished transferring output files
...
005 (15159756.065.000) 10/09 11:21:42 Job terminated.
	(1) Normal termination (return value 0)
		Usr 0 00:04:55, Sys 0 00:00:04  -  Run Remote Usage
		Usr 0 00:00:00, Sys 0 00:00:00  -  Run Local Usage
		Usr 0 00:04:55, Sys 0 00:00:04  -  Total Remote Usage
		Usr 0 00:00:00, Sys 0 00:00:00  -  Total Local Usage
	143592  -  Run Bytes Sent By Job
	269  -  Run Bytes Received By Job
	143592  -  Total Bytes Sent By Job
	269  -  Total Bytes Received By Job
	Partitionable Resources :    Usage  Request Allocated 
	   Cpus                 :                 1         1 
	   Disk (KB)            :      154        1   1301995 
	   Memory (MB)          :     2615     2000      2000 

	Job terminated of its own accord at 2023-10-09T09:21:42Z.
...
