000 (15150654.100.000) 09/28 14:27:13 Job submitted from host: <188.184.90.241:9618?addrs=188.184.90.241-9618+[2001-1458-201-e4--100-2eb]-9618&alias=bigbird15.cern.ch&noUDP&sock=schedd_2763_c443>
...
040 (15150654.100.000) 09/28 14:46:28 Started transferring input files
	Transferring to host: <128.142.63.105:9618?addrs=128.142.63.105-9618+[2001-1458-301-38--100-66]-9618&alias=b7s08p3774.cern.ch&noUDP&sock=slot1_7_5192_fbcc_198382>
...
040 (15150654.100.000) 09/28 14:46:28 Finished transferring input files
...
001 (15150654.100.000) 09/28 14:46:29 Job executing on host: <128.142.63.105:9618?addrs=128.142.63.105-9618+[2001-1458-301-38--100-66]-9618&alias=b7s08p3774.cern.ch&noUDP&sock=startd_4572_9716>
...
006 (15150654.100.000) 09/28 14:46:38 Image size of job updated: 911096
	121  -  MemoryUsage of job (MB)
	123236  -  ResidentSetSize of job (KB)
...
006 (15150654.100.000) 09/28 14:49:09 Image size of job updated: 921260
	121  -  MemoryUsage of job (MB)
	123236  -  ResidentSetSize of job (KB)
...
040 (15150654.100.000) 09/28 14:49:09 Started transferring output files
...
040 (15150654.100.000) 09/28 14:49:09 Finished transferring output files
...
005 (15150654.100.000) 09/28 14:49:09 Job terminated.
	(1) Normal termination (return value 0)
		Usr 0 00:00:08, Sys 0 00:00:00  -  Run Remote Usage
		Usr 0 00:00:00, Sys 0 00:00:00  -  Run Local Usage
		Usr 0 00:00:08, Sys 0 00:00:00  -  Total Remote Usage
		Usr 0 00:00:00, Sys 0 00:00:00  -  Total Local Usage
	6925  -  Run Bytes Sent By Job
	374  -  Run Bytes Received By Job
	6925  -  Total Bytes Sent By Job
	374  -  Total Bytes Received By Job
	Partitionable Resources :    Usage  Request Allocated 
	   Cpus                 :     0.04        1         1 
	   Disk (KB)            :    28           1   1375067 
	   Memory (MB)          :   121        2000      2000 

	Job terminated of its own accord at 2023-09-28T12:49:09Z.
...
