000 (15153696.111.000) 10/03 22:27:19 Job submitted from host: <188.184.90.241:9618?addrs=188.184.90.241-9618+[2001-1458-201-e4--100-2eb]-9618&alias=bigbird15.cern.ch&noUDP&sock=schedd_2763_c443>
...
040 (15153696.111.000) 10/03 22:31:00 Started transferring input files
	Transferring to host: <188.184.163.74:9618?addrs=188.184.163.74-9618+[2001-1458-301-4d--100-44]-9618&alias=b7s12p5677.cern.ch&noUDP&sock=slot1_12_216385_8eb8_98696>
...
040 (15153696.111.000) 10/03 22:31:00 Finished transferring input files
...
001 (15153696.111.000) 10/03 22:31:01 Job executing on host: <188.184.163.74:9618?addrs=188.184.163.74-9618+[2001-1458-301-4d--100-44]-9618&alias=b7s12p5677.cern.ch&noUDP&sock=startd_216346_f088>
...
006 (15153696.111.000) 10/03 22:31:10 Image size of job updated: 861204
	121  -  MemoryUsage of job (MB)
	123500  -  ResidentSetSize of job (KB)
...
006 (15153696.111.000) 10/03 22:34:38 Image size of job updated: 923008
	121  -  MemoryUsage of job (MB)
	123500  -  ResidentSetSize of job (KB)
...
040 (15153696.111.000) 10/03 22:34:38 Started transferring output files
...
040 (15153696.111.000) 10/03 22:34:38 Finished transferring output files
...
005 (15153696.111.000) 10/03 22:34:38 Job terminated.
	(1) Normal termination (return value 0)
		Usr 0 00:00:14, Sys 0 00:00:01  -  Run Remote Usage
		Usr 0 00:00:00, Sys 0 00:00:00  -  Run Local Usage
		Usr 0 00:00:14, Sys 0 00:00:01  -  Total Remote Usage
		Usr 0 00:00:00, Sys 0 00:00:00  -  Total Local Usage
	7937  -  Run Bytes Sent By Job
	374  -  Run Bytes Received By Job
	7937  -  Total Bytes Sent By Job
	374  -  Total Bytes Received By Job
	Partitionable Resources :    Usage  Request Allocated 
	   Cpus                 :     0.02        1         1 
	   Disk (KB)            :    29           1   3015965 
	   Memory (MB)          :   121        2000      2000 

	Job terminated of its own accord at 2023-10-03T20:34:38Z.
...
