000 (15155256.036.000) 10/07 14:35:52 Job submitted from host: <188.184.90.241:9618?addrs=188.184.90.241-9618+[2001-1458-201-e4--100-2eb]-9618&alias=bigbird15.cern.ch&noUDP&sock=schedd_2763_c443>
...
040 (15155256.036.000) 10/07 14:37:57 Started transferring input files
	Transferring to host: <128.142.60.151:9618?addrs=128.142.60.151-9618+[2001-1458-301-22--100-96]-9618&alias=b7s05p1265.cern.ch&noUDP&sock=slot1_15_4040_4b9d_203736>
...
040 (15155256.036.000) 10/07 14:37:57 Finished transferring input files
...
001 (15155256.036.000) 10/07 14:37:58 Job executing on host: <128.142.60.151:9618?addrs=128.142.60.151-9618+[2001-1458-301-22--100-96]-9618&alias=b7s05p1265.cern.ch&noUDP&sock=startd_3010_3028>
...
006 (15155256.036.000) 10/07 14:38:07 Image size of job updated: 623564
	59  -  MemoryUsage of job (MB)
	59940  -  ResidentSetSize of job (KB)
...
006 (15155256.036.000) 10/07 14:43:08 Image size of job updated: 1098884
	558  -  MemoryUsage of job (MB)
	571268  -  ResidentSetSize of job (KB)
...
006 (15155256.036.000) 10/07 14:48:08 Image size of job updated: 3190068
	558  -  MemoryUsage of job (MB)
	571268  -  ResidentSetSize of job (KB)
...
006 (15155256.036.000) 10/07 14:53:08 Image size of job updated: 3431272
	558  -  MemoryUsage of job (MB)
	571268  -  ResidentSetSize of job (KB)
...
006 (15155256.036.000) 10/07 14:55:39 Image size of job updated: 3463684
	558  -  MemoryUsage of job (MB)
	571268  -  ResidentSetSize of job (KB)
...
040 (15155256.036.000) 10/07 14:55:39 Started transferring output files
...
040 (15155256.036.000) 10/07 14:55:39 Finished transferring output files
...
005 (15155256.036.000) 10/07 14:55:39 Job terminated.
	(1) Normal termination (return value 0)
		Usr 0 00:08:38, Sys 0 00:00:15  -  Run Remote Usage
		Usr 0 00:00:00, Sys 0 00:00:00  -  Run Local Usage
		Usr 0 00:08:38, Sys 0 00:00:15  -  Total Remote Usage
		Usr 0 00:00:00, Sys 0 00:00:00  -  Total Local Usage
	75566  -  Run Bytes Sent By Job
	323  -  Run Bytes Received By Job
	75566  -  Total Bytes Sent By Job
	323  -  Total Bytes Received By Job
	Partitionable Resources :    Usage  Request Allocated 
	   Cpus                 :     0.08        1         1 
	   Disk (KB)            :    95           1   1286477 
	   Memory (MB)          :   558        2000      2000 

	Job terminated of its own accord at 2023-10-07T12:55:39Z.
...
