000 (15159756.033.000) 10/09 09:27:43 Job submitted from host: <188.184.90.241:9618?addrs=188.184.90.241-9618+[2001-1458-201-e4--100-2eb]-9618&alias=bigbird15.cern.ch&noUDP&sock=schedd_2763_c443>
...
040 (15159756.033.000) 10/09 11:14:54 Started transferring input files
	Transferring to host: <128.142.60.124:9618?addrs=128.142.60.124-9618+[2001-1458-301-22--100-7b]-9618&alias=b7s05p3327.cern.ch&noUDP&sock=slot1_11_56304_02eb_49965>
...
040 (15159756.033.000) 10/09 11:14:54 Finished transferring input files
...
001 (15159756.033.000) 10/09 11:14:55 Job executing on host: <128.142.60.124:9618?addrs=128.142.60.124-9618+[2001-1458-301-22--100-7b]-9618&alias=b7s05p3327.cern.ch&noUDP&sock=startd_3116_e532>
...
006 (15159756.033.000) 10/09 11:15:04 Image size of job updated: 540772
	110  -  MemoryUsage of job (MB)
	112408  -  ResidentSetSize of job (KB)
...
006 (15159756.033.000) 10/09 11:20:05 Image size of job updated: 2694352
	2630  -  MemoryUsage of job (MB)
	2692656  -  ResidentSetSize of job (KB)
...
006 (15159756.033.000) 10/09 11:21:31 Image size of job updated: 3322796
	2630  -  MemoryUsage of job (MB)
	2692656  -  ResidentSetSize of job (KB)
...
040 (15159756.033.000) 10/09 11:21:31 Started transferring output files
...
040 (15159756.033.000) 10/09 11:21:31 Finished transferring output files
...
005 (15159756.033.000) 10/09 11:21:31 Job terminated.
	(1) Normal termination (return value 0)
		Usr 0 00:05:29, Sys 0 00:00:04  -  Run Remote Usage
		Usr 0 00:00:00, Sys 0 00:00:00  -  Run Local Usage
		Usr 0 00:05:29, Sys 0 00:00:04  -  Total Remote Usage
		Usr 0 00:00:00, Sys 0 00:00:00  -  Total Local Usage
	155231  -  Run Bytes Sent By Job
	269  -  Run Bytes Received By Job
	155231  -  Total Bytes Sent By Job
	269  -  Total Bytes Received By Job
	Partitionable Resources :    Usage  Request Allocated 
	   Cpus                 :     0.97        1         1 
	   Disk (KB)            :   173           1   1300693 
	   Memory (MB)          :  2630        2000      2000 

	Job terminated of its own accord at 2023-10-09T09:21:31Z.
...
