000 (14808124.002.000) 05/19 04:24:07 Job submitted from host: <188.184.90.241:9618?addrs=188.184.90.241-9618+[2001-1458-201-e4--100-2eb]-9618&alias=bigbird15.cern.ch&noUDP&sock=schedd_3273_9590>
...
040 (14808124.002.000) 05/19 04:35:40 Started transferring input files
	Transferring to host: <128.142.58.32:9618?addrs=128.142.58.32-9618+[2001-1458-301-16--100-1f]-9618&alias=b7s03p2844.cern.ch&noUDP&sock=slot1_11_3549_5769_42150>
...
040 (14808124.002.000) 05/19 04:35:40 Finished transferring input files
...
001 (14808124.002.000) 05/19 04:35:41 Job executing on host: <128.142.58.32:9618?addrs=128.142.58.32-9618+[2001-1458-301-16--100-1f]-9618&alias=b7s03p2844.cern.ch&noUDP&sock=startd_3119_f3fb>
...
006 (14808124.002.000) 05/19 04:35:49 Image size of job updated: 112840
	111  -  MemoryUsage of job (MB)
	112708  -  ResidentSetSize of job (KB)
...
006 (14808124.002.000) 05/19 04:37:40 Image size of job updated: 1550712
	111  -  MemoryUsage of job (MB)
	112728  -  ResidentSetSize of job (KB)
...
040 (14808124.002.000) 05/19 04:37:40 Started transferring output files
...
040 (14808124.002.000) 05/19 04:37:41 Finished transferring output files
...
005 (14808124.002.000) 05/19 04:37:41 Job terminated.
	(1) Normal termination (return value 0)
		Usr 0 00:01:27, Sys 0 00:00:04  -  Run Remote Usage
		Usr 0 00:00:00, Sys 0 00:00:00  -  Run Local Usage
		Usr 0 00:01:27, Sys 0 00:00:04  -  Total Remote Usage
		Usr 0 00:00:00, Sys 0 00:00:00  -  Total Local Usage
	140923  -  Run Bytes Sent By Job
	269  -  Run Bytes Received By Job
	140923  -  Total Bytes Sent By Job
	269  -  Total Bytes Received By Job
	Partitionable Resources :    Usage  Request Allocated 
	   Cpus                 :                 1         1 
	   Disk (KB)            :      151        1   1282068 
	   Memory (MB)          :      111     2000      2000 

	Job terminated of its own accord at 2023-05-19T02:37:40Z.
...
