000 (14832095.202.000) 06/12 15:17:58 Job submitted from host: <188.184.90.241:9618?addrs=188.184.90.241-9618+[2001-1458-201-e4--100-2eb]-9618&alias=bigbird15.cern.ch&noUDP&sock=schedd_1460210_2ef4>
...
040 (14832095.202.000) 06/12 15:20:46 Started transferring input files
	Transferring to host: <128.142.131.74:9618?addrs=128.142.131.74-9618+[2001-1458-301-59--100-3e]-9618&alias=b7g11p7934.cern.ch&noUDP&sock=slot1_21_3863_9536_69882>
...
040 (14832095.202.000) 06/12 15:20:46 Finished transferring input files
...
001 (14832095.202.000) 06/12 15:20:47 Job executing on host: <128.142.131.74:9618?addrs=128.142.131.74-9618+[2001-1458-301-59--100-3e]-9618&alias=b7g11p7934.cern.ch&noUDP&sock=startd_3204_4187>
...
006 (14832095.202.000) 06/12 15:20:56 Image size of job updated: 538896
	111  -  MemoryUsage of job (MB)
	113272  -  ResidentSetSize of job (KB)
...
006 (14832095.202.000) 06/12 15:25:57 Image size of job updated: 896724
	111  -  MemoryUsage of job (MB)
	113288  -  ResidentSetSize of job (KB)
...
006 (14832095.202.000) 06/12 15:30:58 Image size of job updated: 2610232
	111  -  MemoryUsage of job (MB)
	113288  -  ResidentSetSize of job (KB)
...
006 (14832095.202.000) 06/12 15:35:58 Image size of job updated: 2640120
	248  -  MemoryUsage of job (MB)
	253720  -  ResidentSetSize of job (KB)
...
006 (14832095.202.000) 06/12 15:40:59 Image size of job updated: 2781096
	254  -  MemoryUsage of job (MB)
	259856  -  ResidentSetSize of job (KB)
...
006 (14832095.202.000) 06/12 15:46:00 Image size of job updated: 2820408
	294  -  MemoryUsage of job (MB)
	300936  -  ResidentSetSize of job (KB)
...
006 (14832095.202.000) 06/12 15:48:53 Image size of job updated: 2828448
	294  -  MemoryUsage of job (MB)
	300936  -  ResidentSetSize of job (KB)
...
040 (14832095.202.000) 06/12 15:48:53 Started transferring output files
...
040 (14832095.202.000) 06/12 15:48:53 Finished transferring output files
...
005 (14832095.202.000) 06/12 15:48:54 Job terminated.
	(1) Normal termination (return value 0)
		Usr 0 00:02:58, Sys 0 00:00:07  -  Run Remote Usage
		Usr 0 00:00:00, Sys 0 00:00:00  -  Run Local Usage
		Usr 0 00:02:58, Sys 0 00:00:07  -  Total Remote Usage
		Usr 0 00:00:00, Sys 0 00:00:00  -  Total Local Usage
	60837  -  Run Bytes Sent By Job
	323  -  Run Bytes Received By Job
	60837  -  Total Bytes Sent By Job
	323  -  Total Bytes Received By Job
	Partitionable Resources :    Usage  Request Allocated 
	   Cpus                 :        0        1         1 
	   Disk (KB)            :       81        1   1586687 
	   Memory (MB)          :      294     2000      2000 

	Job terminated of its own accord at 2023-06-12T13:48:53Z.
...
