000 (14808124.064.000) 05/19 04:24:07 Job submitted from host: <188.184.90.241:9618?addrs=188.184.90.241-9618+[2001-1458-201-e4--100-2eb]-9618&alias=bigbird15.cern.ch&noUDP&sock=schedd_3273_9590>
...
040 (14808124.064.000) 05/19 04:36:03 Started transferring input files
	Transferring to host: <128.142.195.95:9618?addrs=128.142.195.95-9618+[2001-1458-301-26--100-5f]-9618&alias=b7g31p6839.cern.ch&noUDP&sock=slot1_41_4113_bb00_34383>
...
040 (14808124.064.000) 05/19 04:36:03 Finished transferring input files
...
001 (14808124.064.000) 05/19 04:36:04 Job executing on host: <128.142.195.95:9618?addrs=128.142.195.95-9618+[2001-1458-301-26--100-5f]-9618&alias=b7g31p6839.cern.ch&noUDP&sock=startd_2861_fc8b>
...
006 (14808124.064.000) 05/19 04:36:12 Image size of job updated: 47684
	47  -  MemoryUsage of job (MB)
	47684  -  ResidentSetSize of job (KB)
...
006 (14808124.064.000) 05/19 04:41:06 Image size of job updated: 4319172
	47  -  MemoryUsage of job (MB)
	47684  -  ResidentSetSize of job (KB)
...
040 (14808124.064.000) 05/19 04:41:07 Started transferring output files
...
040 (14808124.064.000) 05/19 04:41:07 Finished transferring output files
...
005 (14808124.064.000) 05/19 04:41:07 Job terminated.
	(1) Normal termination (return value 0)
		Usr 0 00:03:03, Sys 0 00:00:08  -  Run Remote Usage
		Usr 0 00:00:00, Sys 0 00:00:00  -  Run Local Usage
		Usr 0 00:03:03, Sys 0 00:00:08  -  Total Remote Usage
		Usr 0 00:00:00, Sys 0 00:00:00  -  Total Local Usage
	295377  -  Run Bytes Sent By Job
	269  -  Run Bytes Received By Job
	295377  -  Total Bytes Sent By Job
	269  -  Total Bytes Received By Job
	Partitionable Resources :    Usage  Request Allocated 
	   Cpus                 :     0.04        1         1 
	   Disk (KB)            :   309           1   1290675 
	   Memory (MB)          :    47        2000      2000 

	Job terminated of its own accord at 2023-05-19T02:41:06Z.
...
