000 (14807135.019.000) 05/13 19:23:40 Job submitted from host: <188.184.90.241:9618?addrs=188.184.90.241-9618+[2001-1458-201-e4--100-2eb]-9618&alias=bigbird15.cern.ch&noUDP&sock=schedd_3273_9590>
...
040 (14807135.019.000) 05/13 19:35:12 Started transferring input files
	Transferring to host: <128.142.51.210:9618?addrs=128.142.51.210-9618+[2001-1458-301-3--100-f]-9618&alias=b7g02p3870.cern.ch&noUDP&sock=slot1_21_4761_4e1b_33641>
...
040 (14807135.019.000) 05/13 19:35:12 Finished transferring input files
...
001 (14807135.019.000) 05/13 19:35:13 Job executing on host: <128.142.51.210:9618?addrs=128.142.51.210-9618+[2001-1458-301-3--100-f]-9618&alias=b7g02p3870.cern.ch&noUDP&sock=startd_3232_762e>
...
006 (14807135.019.000) 05/13 19:35:22 Image size of job updated: 48220
	47  -  MemoryUsage of job (MB)
	47620  -  ResidentSetSize of job (KB)
...
006 (14807135.019.000) 05/13 19:40:23 Image size of job updated: 1780292
	1287  -  MemoryUsage of job (MB)
	1316916  -  ResidentSetSize of job (KB)
...
006 (14807135.019.000) 05/13 19:45:24 Image size of job updated: 2130348
	1555  -  MemoryUsage of job (MB)
	1592128  -  ResidentSetSize of job (KB)
...
006 (14807135.019.000) 05/13 19:50:24 Image size of job updated: 4131736
	1555  -  MemoryUsage of job (MB)
	1592128  -  ResidentSetSize of job (KB)
...
006 (14807135.019.000) 05/13 19:55:23 Image size of job updated: 4514188
	1555  -  MemoryUsage of job (MB)
	1592128  -  ResidentSetSize of job (KB)
...
040 (14807135.019.000) 05/13 19:55:23 Started transferring output files
...
040 (14807135.019.000) 05/13 19:55:23 Finished transferring output files
...
009 (14807135.019.000) 05/13 19:55:23 Job was aborted.
	Job removed by SYSTEM_PERIODIC_REMOVE due to wall time exceeded allowed max.

	Job terminated by itself at 2023-05-13T17:55:23Z (using method 0: OF_ITS_OWN_ACCORD).
...
