000 (15148591.018.000) 09/26 23:15:32 Job submitted from host: <188.184.90.241:9618?addrs=188.184.90.241-9618+[2001-1458-201-e4--100-2eb]-9618&alias=bigbird15.cern.ch&noUDP&sock=schedd_2763_c443>
...
040 (15148591.018.000) 09/26 23:30:24 Started transferring input files
	Transferring to host: <188.184.162.73:9618?addrs=188.184.162.73-9618+[2001-1458-301-4a--100-43]-9618&alias=b7s11p7516.cern.ch&noUDP&sock=slot1_6_3619_a9ac_213887>
...
040 (15148591.018.000) 09/26 23:30:24 Finished transferring input files
...
001 (15148591.018.000) 09/26 23:30:25 Job executing on host: <188.184.162.73:9618?addrs=188.184.162.73-9618+[2001-1458-301-4a--100-43]-9618&alias=b7s11p7516.cern.ch&noUDP&sock=startd_2987_697a>
...
006 (15148591.018.000) 09/26 23:30:33 Image size of job updated: 84356
	0  -  MemoryUsage of job (MB)
	0  -  ResidentSetSize of job (KB)
...
040 (15148591.018.000) 09/26 23:30:33 Started transferring output files
...
040 (15148591.018.000) 09/26 23:30:33 Finished transferring output files
...
005 (15148591.018.000) 09/26 23:30:33 Job terminated.
	(1) Normal termination (return value 0)
		Usr 0 00:00:00, Sys 0 00:00:00  -  Run Remote Usage
		Usr 0 00:00:00, Sys 0 00:00:00  -  Run Local Usage
		Usr 0 00:00:00, Sys 0 00:00:00  -  Total Remote Usage
		Usr 0 00:00:00, Sys 0 00:00:00  -  Total Local Usage
	22143  -  Run Bytes Sent By Job
	323  -  Run Bytes Received By Job
	22143  -  Total Bytes Sent By Job
	323  -  Total Bytes Received By Job
	Partitionable Resources :    Usage  Request Allocated 
	   Cpus                 :                 1         1 
	   Disk (KB)            :       36        1   2955932 
	   Memory (MB)          :        0     2000      2000 

	Job terminated of its own accord at 2023-09-26T21:30:33Z.
...
