000 (15159766.153.000) 10/09 11:47:57 Job submitted from host: <188.184.90.241:9618?addrs=188.184.90.241-9618+[2001-1458-201-e4--100-2eb]-9618&alias=bigbird15.cern.ch&noUDP&sock=schedd_2763_c443>
...
040 (15159766.153.000) 10/09 14:25:07 Started transferring input files
	Transferring to host: <128.142.60.104:9618?addrs=128.142.60.104-9618+[2001-1458-301-22--100-67]-9618&alias=b7s05p3229.cern.ch&noUDP&sock=slot1_10_3921_72f9_44282>
...
040 (15159766.153.000) 10/09 14:25:07 Finished transferring input files
...
001 (15159766.153.000) 10/09 14:25:08 Job executing on host: <128.142.60.104:9618?addrs=128.142.60.104-9618+[2001-1458-301-22--100-67]-9618&alias=b7s05p3229.cern.ch&noUDP&sock=startd_2712_c8ef>
...
006 (15159766.153.000) 10/09 14:25:17 Image size of job updated: 662624
	121  -  MemoryUsage of job (MB)
	123396  -  ResidentSetSize of job (KB)
...
006 (15159766.153.000) 10/09 14:27:56 Image size of job updated: 923052
	121  -  MemoryUsage of job (MB)
	123396  -  ResidentSetSize of job (KB)
...
040 (15159766.153.000) 10/09 14:27:56 Started transferring output files
...
040 (15159766.153.000) 10/09 14:27:56 Finished transferring output files
...
005 (15159766.153.000) 10/09 14:27:56 Job terminated.
	(1) Normal termination (return value 0)
		Usr 0 00:00:11, Sys 0 00:00:00  -  Run Remote Usage
		Usr 0 00:00:00, Sys 0 00:00:00  -  Run Local Usage
		Usr 0 00:00:11, Sys 0 00:00:00  -  Total Remote Usage
		Usr 0 00:00:00, Sys 0 00:00:00  -  Total Local Usage
	8754  -  Run Bytes Sent By Job
	374  -  Run Bytes Received By Job
	8754  -  Total Bytes Sent By Job
	374  -  Total Bytes Received By Job
	Partitionable Resources :    Usage  Request Allocated 
	   Cpus                 :                 1         1 
	   Disk (KB)            :       22        1   1359152 
	   Memory (MB)          :      121     2000      2000 

	Job terminated of its own accord at 2023-10-09T12:27:56Z.
...
