000 (14808124.075.000) 05/19 04:24:07 Job submitted from host: <188.184.90.241:9618?addrs=188.184.90.241-9618+[2001-1458-201-e4--100-2eb]-9618&alias=bigbird15.cern.ch&noUDP&sock=schedd_3273_9590>
...
040 (14808124.075.000) 05/19 04:36:06 Started transferring input files
	Transferring to host: <128.142.131.30:9618?addrs=128.142.131.30-9618+[2001-1458-301-59--100-12]-9618&alias=b7g11p0205.cern.ch&noUDP&sock=slot1_22_3937_b8f9_37193>
...
040 (14808124.075.000) 05/19 04:36:06 Finished transferring input files
...
001 (14808124.075.000) 05/19 04:36:07 Job executing on host: <128.142.131.30:9618?addrs=128.142.131.30-9618+[2001-1458-301-59--100-12]-9618&alias=b7g11p0205.cern.ch&noUDP&sock=startd_3157_0494>
...
006 (14808124.075.000) 05/19 04:36:16 Image size of job updated: 50648
	50  -  MemoryUsage of job (MB)
	50648  -  ResidentSetSize of job (KB)
...
006 (14808124.075.000) 05/19 04:40:52 Image size of job updated: 4301564
	50  -  MemoryUsage of job (MB)
	50648  -  ResidentSetSize of job (KB)
...
040 (14808124.075.000) 05/19 04:40:53 Started transferring output files
...
040 (14808124.075.000) 05/19 04:40:53 Finished transferring output files
...
005 (14808124.075.000) 05/19 04:40:53 Job terminated.
	(1) Normal termination (return value 0)
		Usr 0 00:03:43, Sys 0 00:00:09  -  Run Remote Usage
		Usr 0 00:00:00, Sys 0 00:00:00  -  Run Local Usage
		Usr 0 00:03:43, Sys 0 00:00:09  -  Total Remote Usage
		Usr 0 00:00:00, Sys 0 00:00:00  -  Total Local Usage
	291155  -  Run Bytes Sent By Job
	269  -  Run Bytes Received By Job
	291155  -  Total Bytes Sent By Job
	269  -  Total Bytes Received By Job
	Partitionable Resources :    Usage  Request Allocated 
	   Cpus                 :                 1         1 
	   Disk (KB)            :      298        1   1647703 
	   Memory (MB)          :       50     2000      2000 

	Job terminated of its own accord at 2023-05-19T02:40:52Z.
...
