000 (15155243.039.000) 10/07 13:26:29 Job submitted from host: <188.184.90.241:9618?addrs=188.184.90.241-9618+[2001-1458-201-e4--100-2eb]-9618&alias=bigbird15.cern.ch&noUDP&sock=schedd_2763_c443>
...
040 (15155243.039.000) 10/07 13:31:58 Started transferring input files
	Transferring to host: <128.142.137.69:9618?addrs=128.142.137.69-9618+[2001-1458-301-5e--100-39]-9618&alias=b7g19p4124.cern.ch&noUDP&sock=slot1_19_4343_c94a_10784>
...
040 (15155243.039.000) 10/07 13:31:58 Finished transferring input files
...
001 (15155243.039.000) 10/07 13:31:59 Job executing on host: <128.142.137.69:9618?addrs=128.142.137.69-9618+[2001-1458-301-5e--100-39]-9618&alias=b7g19p4124.cern.ch&noUDP&sock=startd_3077_2500>
...
006 (15155243.039.000) 10/07 13:32:08 Image size of job updated: 527076
	51  -  MemoryUsage of job (MB)
	51300  -  ResidentSetSize of job (KB)
...
006 (15155243.039.000) 10/07 13:37:08 Image size of job updated: 1131964
	606  -  MemoryUsage of job (MB)
	620220  -  ResidentSetSize of job (KB)
...
006 (15155243.039.000) 10/07 13:42:09 Image size of job updated: 1156148
	606  -  MemoryUsage of job (MB)
	620220  -  ResidentSetSize of job (KB)
...
006 (15155243.039.000) 10/07 13:47:10 Image size of job updated: 3782712
	606  -  MemoryUsage of job (MB)
	620220  -  ResidentSetSize of job (KB)
...
006 (15155243.039.000) 10/07 13:52:10 Image size of job updated: 3878612
	606  -  MemoryUsage of job (MB)
	620220  -  ResidentSetSize of job (KB)
...
006 (15155243.039.000) 10/07 13:57:10 Image size of job updated: 3897560
	606  -  MemoryUsage of job (MB)
	620220  -  ResidentSetSize of job (KB)
...
006 (15155243.039.000) 10/07 13:58:52 Image size of job updated: 3901872
	606  -  MemoryUsage of job (MB)
	620220  -  ResidentSetSize of job (KB)
...
040 (15155243.039.000) 10/07 13:58:52 Started transferring output files
...
040 (15155243.039.000) 10/07 13:58:52 Finished transferring output files
...
005 (15155243.039.000) 10/07 13:58:52 Job terminated.
	(1) Normal termination (return value 0)
		Usr 0 00:10:36, Sys 0 00:00:21  -  Run Remote Usage
		Usr 0 00:00:00, Sys 0 00:00:00  -  Run Local Usage
		Usr 0 00:10:36, Sys 0 00:00:21  -  Total Remote Usage
		Usr 0 00:00:00, Sys 0 00:00:00  -  Total Local Usage
	73202  -  Run Bytes Sent By Job
	323  -  Run Bytes Received By Job
	73202  -  Total Bytes Sent By Job
	323  -  Total Bytes Received By Job
	Partitionable Resources :    Usage  Request Allocated 
	   Cpus                 :     0.97        1         1 
	   Disk (KB)            :    93           1   1612210 
	   Memory (MB)          :   606        2000      2000 

	Job terminated of its own accord at 2023-10-07T11:58:52Z.
...
