000 (14832095.037.000) 06/12 15:17:57 Job submitted from host: <188.184.90.241:9618?addrs=188.184.90.241-9618+[2001-1458-201-e4--100-2eb]-9618&alias=bigbird15.cern.ch&noUDP&sock=schedd_1460210_2ef4>
...
040 (14832095.037.000) 06/12 15:19:47 Started transferring input files
	Transferring to host: <128.142.195.151:9618?addrs=128.142.195.151-9618+[2001-1458-301-50--100-10]-9618&alias=b7g33p4513.cern.ch&noUDP&sock=slot1_1_59558_bfaf_18566>
...
040 (14832095.037.000) 06/12 15:19:47 Finished transferring input files
...
001 (14832095.037.000) 06/12 15:19:48 Job executing on host: <128.142.195.151:9618?addrs=128.142.195.151-9618+[2001-1458-301-50--100-10]-9618&alias=b7g33p4513.cern.ch&noUDP&sock=startd_59519_a972>
...
006 (14832095.037.000) 06/12 15:19:57 Image size of job updated: 554152
	47  -  MemoryUsage of job (MB)
	47708  -  ResidentSetSize of job (KB)
...
006 (14832095.037.000) 06/12 15:24:58 Image size of job updated: 1735868
	1195  -  MemoryUsage of job (MB)
	1222660  -  ResidentSetSize of job (KB)
...
006 (14832095.037.000) 06/12 15:29:58 Image size of job updated: 2216408
	1614  -  MemoryUsage of job (MB)
	1652096  -  ResidentSetSize of job (KB)
...
006 (14832095.037.000) 06/12 15:34:58 Image size of job updated: 2216416
	1614  -  MemoryUsage of job (MB)
	1652096  -  ResidentSetSize of job (KB)
...
006 (14832095.037.000) 06/12 15:39:59 Image size of job updated: 4028640
	1614  -  MemoryUsage of job (MB)
	1652096  -  ResidentSetSize of job (KB)
...
006 (14832095.037.000) 06/12 15:44:59 Image size of job updated: 4310504
	1614  -  MemoryUsage of job (MB)
	1652096  -  ResidentSetSize of job (KB)
...
006 (14832095.037.000) 06/12 15:49:59 Image size of job updated: 4375116
	1614  -  MemoryUsage of job (MB)
	1652096  -  ResidentSetSize of job (KB)
...
006 (14832095.037.000) 06/12 15:55:00 Image size of job updated: 4403588
	1614  -  MemoryUsage of job (MB)
	1652096  -  ResidentSetSize of job (KB)
...
006 (14832095.037.000) 06/12 15:55:14 Image size of job updated: 4407660
	1614  -  MemoryUsage of job (MB)
	1652096  -  ResidentSetSize of job (KB)
...
040 (14832095.037.000) 06/12 15:55:14 Started transferring output files
...
040 (14832095.037.000) 06/12 15:55:14 Finished transferring output files
...
005 (14832095.037.000) 06/12 15:55:14 Job terminated.
	(1) Normal termination (return value 0)
		Usr 0 00:11:36, Sys 0 00:00:53  -  Run Remote Usage
		Usr 0 00:00:00, Sys 0 00:00:00  -  Run Local Usage
		Usr 0 00:11:36, Sys 0 00:00:53  -  Total Remote Usage
		Usr 0 00:00:00, Sys 0 00:00:00  -  Total Local Usage
	129094  -  Run Bytes Sent By Job
	323  -  Run Bytes Received By Job
	129094  -  Total Bytes Sent By Job
	323  -  Total Bytes Received By Job
	Partitionable Resources :    Usage  Request Allocated 
	   Cpus                 :     0.14        1         1 
	   Disk (KB)            :   147           1   2823732 
	   Memory (MB)          :  1614        2000      2000 

	Job terminated of its own accord at 2023-06-12T13:55:14Z.
...
