000 (14832095.072.000) 06/12 15:17:57 Job submitted from host: <188.184.90.241:9618?addrs=188.184.90.241-9618+[2001-1458-201-e4--100-2eb]-9618&alias=bigbird15.cern.ch&noUDP&sock=schedd_1460210_2ef4>
...
040 (14832095.072.000) 06/12 15:20:00 Started transferring input files
	Transferring to host: <188.184.163.150:9618?addrs=188.184.163.150-9618+[2001-1458-301-4d--100-90]-9618&alias=b7s12p2994.cern.ch&noUDP&sock=slot1_1_3653_9e6e_90898>
...
040 (14832095.072.000) 06/12 15:20:00 Finished transferring input files
...
001 (14832095.072.000) 06/12 15:20:01 Job executing on host: <188.184.163.150:9618?addrs=188.184.163.150-9618+[2001-1458-301-4d--100-90]-9618&alias=b7s12p2994.cern.ch&noUDP&sock=startd_2991_27db>
...
006 (14832095.072.000) 06/12 15:20:10 Image size of job updated: 553972
	47  -  MemoryUsage of job (MB)
	47700  -  ResidentSetSize of job (KB)
...
006 (14832095.072.000) 06/12 15:25:10 Image size of job updated: 1371648
	887  -  MemoryUsage of job (MB)
	908276  -  ResidentSetSize of job (KB)
...
006 (14832095.072.000) 06/12 15:30:10 Image size of job updated: 2268744
	1691  -  MemoryUsage of job (MB)
	1730568  -  ResidentSetSize of job (KB)
...
006 (14832095.072.000) 06/12 15:35:11 Image size of job updated: 2268800
	1691  -  MemoryUsage of job (MB)
	1730568  -  ResidentSetSize of job (KB)
...
040 (14832095.072.000) 06/12 15:44:51 Started transferring output files
...
040 (14832095.072.000) 06/12 15:44:51 Finished transferring output files
...
005 (14832095.072.000) 06/12 15:44:51 Job terminated.
	(1) Normal termination (return value 0)
		Usr 0 00:16:07, Sys 0 00:01:12  -  Run Remote Usage
		Usr 0 00:00:00, Sys 0 00:00:00  -  Run Local Usage
		Usr 0 00:16:07, Sys 0 00:01:12  -  Total Remote Usage
		Usr 0 00:00:00, Sys 0 00:00:00  -  Total Local Usage
	105860  -  Run Bytes Sent By Job
	323  -  Run Bytes Received By Job
	105860  -  Total Bytes Sent By Job
	323  -  Total Bytes Received By Job
	Partitionable Resources :    Usage  Request Allocated 
	   Cpus                 :     0.03        1         1 
	   Disk (KB)            :   125           1   3096108 
	   Memory (MB)          :  1691        2000      2000 

	Job terminated of its own accord at 2023-06-12T13:44:50Z.
...
