000 (14810514.003.000) 05/31 15:37:52 Job submitted from host: <188.184.90.241:9618?addrs=188.184.90.241-9618+[2001-1458-201-e4--100-2eb]-9618&alias=bigbird15.cern.ch&noUDP&sock=schedd_3273_9590>
...
040 (14810514.003.000) 05/31 16:02:58 Started transferring input files
	Transferring to host: <128.142.130.39:9618?addrs=128.142.130.39-9618+[2001-1458-301-58--100-1b]-9618&alias=b7g20p8522.cern.ch&noUDP&sock=slot1_19_8145_a3a4_57095>
...
040 (14810514.003.000) 05/31 16:02:58 Finished transferring input files
...
001 (14810514.003.000) 05/31 16:02:59 Job executing on host: <128.142.130.39:9618?addrs=128.142.130.39-9618+[2001-1458-301-58--100-1b]-9618&alias=b7g20p8522.cern.ch&noUDP&sock=startd_6849_6c3c>
...
006 (14810514.003.000) 05/31 16:03:08 Image size of job updated: 48272
	47  -  MemoryUsage of job (MB)
	47688  -  ResidentSetSize of job (KB)
...
006 (14810514.003.000) 05/31 16:08:09 Image size of job updated: 1753072
	1236  -  MemoryUsage of job (MB)
	1264780  -  ResidentSetSize of job (KB)
...
006 (14810514.003.000) 05/31 16:13:09 Image size of job updated: 1778128
	1236  -  MemoryUsage of job (MB)
	1264780  -  ResidentSetSize of job (KB)
...
006 (14810514.003.000) 05/31 16:18:10 Image size of job updated: 4045180
	1236  -  MemoryUsage of job (MB)
	1264780  -  ResidentSetSize of job (KB)
...
006 (14810514.003.000) 05/31 16:23:11 Image size of job updated: 4331948
	1236  -  MemoryUsage of job (MB)
	1264780  -  ResidentSetSize of job (KB)
...
006 (14810514.003.000) 05/31 16:28:11 Image size of job updated: 4408580
	1236  -  MemoryUsage of job (MB)
	1264780  -  ResidentSetSize of job (KB)
...
006 (14810514.003.000) 05/31 16:29:55 Image size of job updated: 4419988
	1236  -  MemoryUsage of job (MB)
	1264780  -  ResidentSetSize of job (KB)
...
040 (14810514.003.000) 05/31 16:29:55 Started transferring output files
...
040 (14810514.003.000) 05/31 16:29:55 Finished transferring output files
...
005 (14810514.003.000) 05/31 16:29:55 Job terminated.
	(1) Normal termination (return value 0)
		Usr 0 00:11:50, Sys 0 00:00:41  -  Run Remote Usage
		Usr 0 00:00:00, Sys 0 00:00:00  -  Run Local Usage
		Usr 0 00:11:50, Sys 0 00:00:41  -  Total Remote Usage
		Usr 0 00:00:00, Sys 0 00:00:00  -  Total Local Usage
	116280  -  Run Bytes Sent By Job
	323  -  Run Bytes Received By Job
	116280  -  Total Bytes Sent By Job
	323  -  Total Bytes Received By Job
	Partitionable Resources :    Usage  Request Allocated 
	   Cpus                 :     0.36        1         1 
	   Disk (KB)            :   135           1   1637326 
	   Memory (MB)          :  1236        2000      2000 

	Job terminated of its own accord at 2023-05-31T14:29:55Z.
...
