000 (15155243.049.000) 10/07 13:26:29 Job submitted from host: <188.184.90.241:9618?addrs=188.184.90.241-9618+[2001-1458-201-e4--100-2eb]-9618&alias=bigbird15.cern.ch&noUDP&sock=schedd_2763_c443>
...
040 (15155243.049.000) 10/07 13:32:02 Started transferring input files
	Transferring to host: <128.142.132.58:9618?addrs=128.142.132.58-9618+[2001-1458-301-5a--100-2e]-9618&alias=b7g12p1293.cern.ch&noUDP&sock=slot1_36_3528_8b89_107256>
...
040 (15155243.049.000) 10/07 13:32:02 Finished transferring input files
...
001 (15155243.049.000) 10/07 13:32:03 Job executing on host: <128.142.132.58:9618?addrs=128.142.132.58-9618+[2001-1458-301-5a--100-2e]-9618&alias=b7g12p1293.cern.ch&noUDP&sock=startd_3003_62fe>
...
006 (15155243.049.000) 10/07 13:32:12 Image size of job updated: 145192
	75  -  MemoryUsage of job (MB)
	76440  -  ResidentSetSize of job (KB)
...
006 (15155243.049.000) 10/07 13:37:13 Image size of job updated: 966860
	434  -  MemoryUsage of job (MB)
	443980  -  ResidentSetSize of job (KB)
...
006 (15155243.049.000) 10/07 13:42:13 Image size of job updated: 1239052
	711  -  MemoryUsage of job (MB)
	727116  -  ResidentSetSize of job (KB)
...
006 (15155243.049.000) 10/07 13:47:14 Image size of job updated: 1574120
	970  -  MemoryUsage of job (MB)
	992412  -  ResidentSetSize of job (KB)
...
006 (15155243.049.000) 10/07 13:52:15 Image size of job updated: 1710292
	1165  -  MemoryUsage of job (MB)
	1192368  -  ResidentSetSize of job (KB)
...
006 (15155243.049.000) 10/07 13:57:15 Image size of job updated: 1710332
	1165  -  MemoryUsage of job (MB)
	1192368  -  ResidentSetSize of job (KB)
...
006 (15155243.049.000) 10/07 14:07:17 Image size of job updated: 4151280
	1165  -  MemoryUsage of job (MB)
	1192368  -  ResidentSetSize of job (KB)
...
006 (15155243.049.000) 10/07 14:12:17 Image size of job updated: 4437412
	1165  -  MemoryUsage of job (MB)
	1192368  -  ResidentSetSize of job (KB)
...
006 (15155243.049.000) 10/07 14:17:18 Image size of job updated: 4493752
	1165  -  MemoryUsage of job (MB)
	1192368  -  ResidentSetSize of job (KB)
...
006 (15155243.049.000) 10/07 14:22:19 Image size of job updated: 4517012
	1165  -  MemoryUsage of job (MB)
	1192368  -  ResidentSetSize of job (KB)
...
006 (15155243.049.000) 10/07 14:24:12 Image size of job updated: 4523232
	1165  -  MemoryUsage of job (MB)
	1192368  -  ResidentSetSize of job (KB)
...
040 (15155243.049.000) 10/07 14:24:12 Started transferring output files
...
040 (15155243.049.000) 10/07 14:24:12 Finished transferring output files
...
005 (15155243.049.000) 10/07 14:24:12 Job terminated.
	(1) Normal termination (return value 0)
		Usr 0 00:33:38, Sys 0 00:00:51  -  Run Remote Usage
		Usr 0 00:00:00, Sys 0 00:00:00  -  Run Local Usage
		Usr 0 00:33:38, Sys 0 00:00:51  -  Total Remote Usage
		Usr 0 00:00:00, Sys 0 00:00:00  -  Total Local Usage
	112743  -  Run Bytes Sent By Job
	323  -  Run Bytes Received By Job
	112743  -  Total Bytes Sent By Job
	323  -  Total Bytes Received By Job
	Partitionable Resources :    Usage  Request Allocated 
	   Cpus                 :     0.16        1         1 
	   Disk (KB)            :   132           1   1696989 
	   Memory (MB)          :  1165        2000      2000 

	Job terminated of its own accord at 2023-10-07T12:24:12Z.
...
