000 (15151321.011.000) 10/02 14:58:31 Job submitted from host: <188.184.90.241:9618?addrs=188.184.90.241-9618+[2001-1458-201-e4--100-2eb]-9618&alias=bigbird15.cern.ch&noUDP&sock=schedd_2763_c443>
...
040 (15151321.011.000) 10/02 15:15:06 Started transferring input files
	Transferring to host: <128.142.61.81:9618?addrs=128.142.61.81-9618+[2001-1458-301-23--100-50]-9618&alias=b7s06p7482.cern.ch&noUDP&sock=slot1_4_3133_3b58_90407>
...
040 (15151321.011.000) 10/02 15:15:06 Finished transferring input files
...
001 (15151321.011.000) 10/02 15:15:07 Job executing on host: <128.142.61.81:9618?addrs=128.142.61.81-9618+[2001-1458-301-23--100-50]-9618&alias=b7s06p7482.cern.ch&noUDP&sock=startd_2741_ad2e>
...
006 (15151321.011.000) 10/02 15:15:16 Image size of job updated: 912356
	122  -  MemoryUsage of job (MB)
	124472  -  ResidentSetSize of job (KB)
...
006 (15151321.011.000) 10/02 15:16:23 Image size of job updated: 925920
	122  -  MemoryUsage of job (MB)
	124472  -  ResidentSetSize of job (KB)
...
040 (15151321.011.000) 10/02 15:16:23 Started transferring output files
...
040 (15151321.011.000) 10/02 15:16:23 Finished transferring output files
...
005 (15151321.011.000) 10/02 15:16:23 Job terminated.
	(1) Normal termination (return value 0)
		Usr 0 00:00:09, Sys 0 00:00:00  -  Run Remote Usage
		Usr 0 00:00:00, Sys 0 00:00:00  -  Run Local Usage
		Usr 0 00:00:09, Sys 0 00:00:00  -  Total Remote Usage
		Usr 0 00:00:00, Sys 0 00:00:00  -  Total Local Usage
	8050  -  Run Bytes Sent By Job
	374  -  Run Bytes Received By Job
	8050  -  Total Bytes Sent By Job
	374  -  Total Bytes Received By Job
	Partitionable Resources :    Usage  Request Allocated 
	   Cpus                 :                 1         1 
	   Disk (KB)            :       22        1   1378970 
	   Memory (MB)          :      122     2000      2000 

	Job terminated of its own accord at 2023-10-02T13:16:23Z.
...
