000 (15159743.064.000) 10/09 07:56:33 Job submitted from host: <188.184.90.241:9618?addrs=188.184.90.241-9618+[2001-1458-201-e4--100-2eb]-9618&alias=bigbird15.cern.ch&noUDP&sock=schedd_2763_c443>
...
040 (15159743.064.000) 10/09 08:10:09 Started transferring input files
	Transferring to host: <128.142.132.113:9618?addrs=128.142.132.113-9618+[2001-1458-301-5a--100-65]-9618&alias=b7g12p6826.cern.ch&noUDP&sock=slot1_32_3852_d516_24362>
...
040 (15159743.064.000) 10/09 08:10:09 Finished transferring input files
...
001 (15159743.064.000) 10/09 08:10:10 Job executing on host: <128.142.132.113:9618?addrs=128.142.132.113-9618+[2001-1458-301-5a--100-65]-9618&alias=b7g12p6826.cern.ch&noUDP&sock=startd_2948_a949>
...
006 (15159743.064.000) 10/09 08:10:19 Image size of job updated: 66528
	63  -  MemoryUsage of job (MB)
	63864  -  ResidentSetSize of job (KB)
...
006 (15159743.064.000) 10/09 08:15:20 Image size of job updated: 901956
	381  -  MemoryUsage of job (MB)
	390028  -  ResidentSetSize of job (KB)
...
006 (15159743.064.000) 10/09 08:20:21 Image size of job updated: 1064892
	568  -  MemoryUsage of job (MB)
	581360  -  ResidentSetSize of job (KB)
...
006 (15159743.064.000) 10/09 08:25:21 Image size of job updated: 1318352
	789  -  MemoryUsage of job (MB)
	807720  -  ResidentSetSize of job (KB)
...
006 (15159743.064.000) 10/09 08:27:55 Image size of job updated: 3611560
	789  -  MemoryUsage of job (MB)
	807720  -  ResidentSetSize of job (KB)
...
040 (15159743.064.000) 10/09 08:27:55 Started transferring output files
...
040 (15159743.064.000) 10/09 08:27:55 Finished transferring output files
...
005 (15159743.064.000) 10/09 08:27:55 Job terminated.
	(1) Normal termination (return value 0)
		Usr 0 00:16:09, Sys 0 00:00:16  -  Run Remote Usage
		Usr 0 00:00:00, Sys 0 00:00:00  -  Run Local Usage
		Usr 0 00:16:09, Sys 0 00:00:16  -  Total Remote Usage
		Usr 0 00:00:00, Sys 0 00:00:00  -  Total Local Usage
	201382  -  Run Bytes Sent By Job
	269  -  Run Bytes Received By Job
	201382  -  Total Bytes Sent By Job
	269  -  Total Bytes Received By Job
	Partitionable Resources :    Usage  Request Allocated 
	   Cpus                 :     0.97        1         1 
	   Disk (KB)            :   218           1   1683634 
	   Memory (MB)          :   789        2000      2000 

	Job terminated of its own accord at 2023-10-09T06:27:55Z.
...
