000 (15150654.000.000) 09/28 14:27:13 Job submitted from host: <188.184.90.241:9618?addrs=188.184.90.241-9618+[2001-1458-201-e4--100-2eb]-9618&alias=bigbird15.cern.ch&noUDP&sock=schedd_2763_c443>
...
040 (15150654.000.000) 09/28 14:45:55 Started transferring input files
	Transferring to host: <128.142.58.35:9618?addrs=128.142.58.35-9618+[2001-1458-301-16--100-22]-9618&alias=b7s03p8339.cern.ch&noUDP&sock=slot1_14_3257_99de_201152>
...
040 (15150654.000.000) 09/28 14:45:55 Finished transferring input files
...
001 (15150654.000.000) 09/28 14:45:56 Job executing on host: <128.142.58.35:9618?addrs=128.142.58.35-9618+[2001-1458-301-16--100-22]-9618&alias=b7s03p8339.cern.ch&noUDP&sock=startd_2850_7101>
...
006 (15150654.000.000) 09/28 14:46:04 Image size of job updated: 128280
	122  -  MemoryUsage of job (MB)
	124676  -  ResidentSetSize of job (KB)
...
006 (15150654.000.000) 09/28 14:47:31 Image size of job updated: 925044
	122  -  MemoryUsage of job (MB)
	124676  -  ResidentSetSize of job (KB)
...
040 (15150654.000.000) 09/28 14:47:31 Started transferring output files
...
040 (15150654.000.000) 09/28 14:47:31 Finished transferring output files
...
005 (15150654.000.000) 09/28 14:47:31 Job terminated.
	(1) Normal termination (return value 0)
		Usr 0 00:00:09, Sys 0 00:00:00  -  Run Remote Usage
		Usr 0 00:00:00, Sys 0 00:00:00  -  Run Local Usage
		Usr 0 00:00:09, Sys 0 00:00:00  -  Total Remote Usage
		Usr 0 00:00:00, Sys 0 00:00:00  -  Total Local Usage
	7014  -  Run Bytes Sent By Job
	374  -  Run Bytes Received By Job
	7014  -  Total Bytes Sent By Job
	374  -  Total Bytes Received By Job
	Partitionable Resources :    Usage  Request Allocated 
	   Cpus                 :                 1         1 
	   Disk (KB)            :       21        1   1151640 
	   Memory (MB)          :      122     2000      2000 

	Job terminated of its own accord at 2023-09-28T12:47:31Z.
...
