000 (15150654.012.000) 09/28 14:27:13 Job submitted from host: <188.184.90.241:9618?addrs=188.184.90.241-9618+[2001-1458-201-e4--100-2eb]-9618&alias=bigbird15.cern.ch&noUDP&sock=schedd_2763_c443>
...
040 (15150654.012.000) 09/28 14:45:59 Started transferring input files
	Transferring to host: <128.142.59.126:9618?addrs=128.142.59.126-9618+[2001-1458-301-21--100-7d]-9618&alias=b7s04p9662.cern.ch&noUDP&sock=slot1_5_4076_a91f_199261>
...
040 (15150654.012.000) 09/28 14:45:59 Finished transferring input files
...
001 (15150654.012.000) 09/28 14:46:00 Job executing on host: <128.142.59.126:9618?addrs=128.142.59.126-9618+[2001-1458-301-21--100-7d]-9618&alias=b7s04p9662.cern.ch&noUDP&sock=startd_2859_9d5b>
...
006 (15150654.012.000) 09/28 14:46:09 Image size of job updated: 914864
	124  -  MemoryUsage of job (MB)
	126904  -  ResidentSetSize of job (KB)
...
006 (15150654.012.000) 09/28 14:46:23 Image size of job updated: 917480
	124  -  MemoryUsage of job (MB)
	126904  -  ResidentSetSize of job (KB)
...
040 (15150654.012.000) 09/28 14:46:23 Started transferring output files
...
040 (15150654.012.000) 09/28 14:46:23 Finished transferring output files
...
005 (15150654.012.000) 09/28 14:46:23 Job terminated.
	(1) Normal termination (return value 0)
		Usr 0 00:00:04, Sys 0 00:00:00  -  Run Remote Usage
		Usr 0 00:00:00, Sys 0 00:00:00  -  Run Local Usage
		Usr 0 00:00:04, Sys 0 00:00:00  -  Total Remote Usage
		Usr 0 00:00:00, Sys 0 00:00:00  -  Total Local Usage
	8457  -  Run Bytes Sent By Job
	374  -  Run Bytes Received By Job
	8457  -  Total Bytes Sent By Job
	374  -  Total Bytes Received By Job
	Partitionable Resources :    Usage  Request Allocated 
	   Cpus                 :                 1         1 
	   Disk (KB)            :       22        1   1273862 
	   Memory (MB)          :      124     2000      2000 

	Job terminated of its own accord at 2023-09-28T12:46:23Z.
...
