000 (15150662.085.000) 09/28 15:49:40 Job submitted from host: <188.184.90.241:9618?addrs=188.184.90.241-9618+[2001-1458-201-e4--100-2eb]-9618&alias=bigbird15.cern.ch&noUDP&sock=schedd_2763_c443>
...
040 (15150662.085.000) 09/28 16:01:15 Started transferring input files
	Transferring to host: <128.142.63.77:9618?addrs=128.142.63.77-9618+[2001-1458-301-38--100-4a]-9618&alias=b7s08p5688.cern.ch&noUDP&sock=slot1_10_6973_dbf5_86846>
...
040 (15150662.085.000) 09/28 16:01:15 Finished transferring input files
...
001 (15150662.085.000) 09/28 16:01:16 Job executing on host: <128.142.63.77:9618?addrs=128.142.63.77-9618+[2001-1458-301-38--100-4a]-9618&alias=b7s08p5688.cern.ch&noUDP&sock=startd_5454_919e>
...
006 (15150662.085.000) 09/28 16:01:19 Image size of job updated: 576172
	0  -  MemoryUsage of job (MB)
	0  -  ResidentSetSize of job (KB)
...
040 (15150662.085.000) 09/28 16:01:19 Started transferring output files
...
040 (15150662.085.000) 09/28 16:01:19 Finished transferring output files
...
005 (15150662.085.000) 09/28 16:01:19 Job terminated.
	(1) Normal termination (return value 0)
		Usr 0 00:00:00, Sys 0 00:00:00  -  Run Remote Usage
		Usr 0 00:00:00, Sys 0 00:00:00  -  Run Local Usage
		Usr 0 00:00:00, Sys 0 00:00:00  -  Total Remote Usage
		Usr 0 00:00:00, Sys 0 00:00:00  -  Total Local Usage
	7866  -  Run Bytes Sent By Job
	374  -  Run Bytes Received By Job
	7866  -  Total Bytes Sent By Job
	374  -  Total Bytes Received By Job
	Partitionable Resources :    Usage  Request Allocated 
	   Cpus                 :                 1         1 
	   Disk (KB)            :       22        1   1170552 
	   Memory (MB)          :        0     2000      2000 

	Job terminated of its own accord at 2023-09-28T14:01:19Z.
...
