000 (15149098.036.000) 09/27 08:23:39 Job submitted from host: <188.184.90.241:9618?addrs=188.184.90.241-9618+[2001-1458-201-e4--100-2eb]-9618&alias=bigbird15.cern.ch&noUDP&sock=schedd_2763_c443>
...
040 (15149098.036.000) 09/27 08:37:04 Started transferring input files
	Transferring to host: <188.184.163.173:9618?addrs=188.184.163.173-9618+[2001-1458-301-4d--100-a7]-9618&alias=b7s12p3779.cern.ch&noUDP&sock=slot1_18_183815_0bcc_155162>
...
040 (15149098.036.000) 09/27 08:37:04 Finished transferring input files
...
001 (15149098.036.000) 09/27 08:37:05 Job executing on host: <188.184.163.173:9618?addrs=188.184.163.173-9618+[2001-1458-301-4d--100-a7]-9618&alias=b7s12p3779.cern.ch&noUDP&sock=startd_3363_5116>
...
006 (15149098.036.000) 09/27 08:37:14 Image size of job updated: 151288
	145  -  MemoryUsage of job (MB)
	148256  -  ResidentSetSize of job (KB)
...
040 (15149098.036.000) 09/27 08:37:14 Started transferring output files
...
040 (15149098.036.000) 09/27 08:37:14 Finished transferring output files
...
005 (15149098.036.000) 09/27 08:37:14 Job terminated.
	(1) Normal termination (return value 0)
		Usr 0 00:00:03, Sys 0 00:00:01  -  Run Remote Usage
		Usr 0 00:00:00, Sys 0 00:00:00  -  Run Local Usage
		Usr 0 00:00:03, Sys 0 00:00:01  -  Total Remote Usage
		Usr 0 00:00:00, Sys 0 00:00:00  -  Total Local Usage
	22498  -  Run Bytes Sent By Job
	323  -  Run Bytes Received By Job
	22498  -  Total Bytes Sent By Job
	323  -  Total Bytes Received By Job
	Partitionable Resources :    Usage  Request Allocated 
	   Cpus                 :                 1         1 
	   Disk (KB)            :       36        1   3088855 
	   Memory (MB)          :      145     2000      2000 

	Job terminated of its own accord at 2023-09-27T06:37:14Z.
...
