000 (14759892.003.000) 03/28 13:59:15 Job submitted from host: <188.184.90.241:9618?addrs=188.184.90.241-9618+[2001-1458-201-e4--100-2eb]-9618&alias=bigbird15.cern.ch&noUDP&sock=schedd_3631588_e24a>
...
040 (14759892.003.000) 03/28 14:02:10 Started transferring input files
	Transferring to host: <128.142.59.14:9618?addrs=128.142.59.14-9618+[2001-1458-301-21--100-d]-9618&alias=b7s04p3770.cern.ch&noUDP&sock=slot1_16_6007_398d_58733>
...
040 (14759892.003.000) 03/28 14:02:10 Finished transferring input files
...
001 (14759892.003.000) 03/28 14:02:11 Job executing on host: <128.142.59.14:9618?addrs=128.142.59.14-9618+[2001-1458-301-21--100-d]-9618&alias=b7s04p3770.cern.ch&noUDP&sock=startd_5009_55f9>
...
006 (14759892.003.000) 03/28 14:02:20 Image size of job updated: 553992
	47  -  MemoryUsage of job (MB)
	47776  -  ResidentSetSize of job (KB)
...
006 (14759892.003.000) 03/28 14:07:21 Image size of job updated: 850608
	59  -  MemoryUsage of job (MB)
	60056  -  ResidentSetSize of job (KB)
...
006 (14759892.003.000) 03/28 14:12:21 Image size of job updated: 1795312
	95  -  MemoryUsage of job (MB)
	96396  -  ResidentSetSize of job (KB)
...
006 (14759892.003.000) 03/28 14:17:21 Image size of job updated: 3142736
	138  -  MemoryUsage of job (MB)
	141200  -  ResidentSetSize of job (KB)
...
006 (14759892.003.000) 03/28 14:22:23 Image size of job updated: 3367216
	362  -  MemoryUsage of job (MB)
	369900  -  ResidentSetSize of job (KB)
...
040 (14759892.003.000) 03/28 14:22:25 Started transferring output files
...
040 (14759892.003.000) 03/28 14:22:25 Finished transferring output files
...
009 (14759892.003.000) 03/28 14:22:25 Job was aborted.
	Job removed by SYSTEM_PERIODIC_REMOVE due to wall time exceeded allowed max.
...
