000 (14832095.107.000) 06/12 15:17:57 Job submitted from host: <188.184.90.241:9618?addrs=188.184.90.241-9618+[2001-1458-201-e4--100-2eb]-9618&alias=bigbird15.cern.ch&noUDP&sock=schedd_1460210_2ef4>
...
040 (14832095.107.000) 06/12 15:20:09 Started transferring input files
	Transferring to host: <128.142.192.181:9618?addrs=128.142.192.181-9618+[2001-1458-301-56--100-31]-9618&alias=b7g18p5935.cern.ch&noUDP&sock=slot1_21_5549_85bb_62402>
...
040 (14832095.107.000) 06/12 15:20:09 Finished transferring input files
...
001 (14832095.107.000) 06/12 15:20:10 Job executing on host: <128.142.192.181:9618?addrs=128.142.192.181-9618+[2001-1458-301-56--100-31]-9618&alias=b7g18p5935.cern.ch&noUDP&sock=startd_4873_0d18>
...
006 (14832095.107.000) 06/12 15:20:19 Image size of job updated: 538076
	47  -  MemoryUsage of job (MB)
	47788  -  ResidentSetSize of job (KB)
...
006 (14832095.107.000) 06/12 15:25:20 Image size of job updated: 1567680
	1078  -  MemoryUsage of job (MB)
	1103556  -  ResidentSetSize of job (KB)
...
006 (14832095.107.000) 06/12 15:30:20 Image size of job updated: 2169708
	1593  -  MemoryUsage of job (MB)
	1630836  -  ResidentSetSize of job (KB)
...
006 (14832095.107.000) 06/12 15:35:20 Image size of job updated: 2194708
	1593  -  MemoryUsage of job (MB)
	1630836  -  ResidentSetSize of job (KB)
...
006 (14832095.107.000) 06/12 15:45:21 Image size of job updated: 4044840
	1593  -  MemoryUsage of job (MB)
	1630836  -  ResidentSetSize of job (KB)
...
006 (14832095.107.000) 06/12 15:50:21 Image size of job updated: 4044844
	1593  -  MemoryUsage of job (MB)
	1630836  -  ResidentSetSize of job (KB)
...
006 (14832095.107.000) 06/12 15:55:22 Image size of job updated: 4095852
	1593  -  MemoryUsage of job (MB)
	1630836  -  ResidentSetSize of job (KB)
...
006 (14832095.107.000) 06/12 16:00:23 Image size of job updated: 4333456
	1593  -  MemoryUsage of job (MB)
	1630836  -  ResidentSetSize of job (KB)
...
006 (14832095.107.000) 06/12 16:05:23 Image size of job updated: 4390580
	1593  -  MemoryUsage of job (MB)
	1630836  -  ResidentSetSize of job (KB)
...
006 (14832095.107.000) 06/12 16:10:24 Image size of job updated: 4403068
	1593  -  MemoryUsage of job (MB)
	1630836  -  ResidentSetSize of job (KB)
...
006 (14832095.107.000) 06/12 16:15:17 Image size of job updated: 4420856
	1593  -  MemoryUsage of job (MB)
	1630836  -  ResidentSetSize of job (KB)
...
040 (14832095.107.000) 06/12 16:15:17 Started transferring output files
...
040 (14832095.107.000) 06/12 16:15:17 Finished transferring output files
...
005 (14832095.107.000) 06/12 16:15:17 Job terminated.
	(1) Normal termination (return value 0)
		Usr 0 00:13:31, Sys 0 00:01:01  -  Run Remote Usage
		Usr 0 00:00:00, Sys 0 00:00:00  -  Run Local Usage
		Usr 0 00:13:31, Sys 0 00:01:01  -  Total Remote Usage
		Usr 0 00:00:00, Sys 0 00:00:00  -  Total Local Usage
	132984  -  Run Bytes Sent By Job
	323  -  Run Bytes Received By Job
	132984  -  Total Bytes Sent By Job
	323  -  Total Bytes Received By Job
	Partitionable Resources :    Usage  Request Allocated 
	   Cpus                 :     0.02        1         1 
	   Disk (KB)            :   151           1   3127507 
	   Memory (MB)          :  1593        2000      2000 

	Job terminated of its own accord at 2023-06-12T14:15:17Z.
...
