000 (15151337.003.000) 10/02 16:23:27 Job submitted from host: <188.184.90.241:9618?addrs=188.184.90.241-9618+[2001-1458-201-e4--100-2eb]-9618&alias=bigbird15.cern.ch&noUDP&sock=schedd_2763_c443>
...
040 (15151337.003.000) 10/02 16:27:04 Started transferring input files
	Transferring to host: <188.184.162.131:9618?addrs=188.184.162.131-9618+[2001-1458-301-4a--100-7d]-9618&alias=b7s11p6193.cern.ch&noUDP&sock=slot1_25_3561_cbea_81288>
...
040 (15151337.003.000) 10/02 16:27:04 Finished transferring input files
...
001 (15151337.003.000) 10/02 16:27:05 Job executing on host: <188.184.162.131:9618?addrs=188.184.162.131-9618+[2001-1458-301-4a--100-7d]-9618&alias=b7s11p6193.cern.ch&noUDP&sock=startd_2899_0d25>
...
006 (15151337.003.000) 10/02 16:27:14 Image size of job updated: 686460
	51  -  MemoryUsage of job (MB)
	52116  -  ResidentSetSize of job (KB)
...
006 (15151337.003.000) 10/02 16:32:14 Image size of job updated: 1037112
	484  -  MemoryUsage of job (MB)
	495272  -  ResidentSetSize of job (KB)
...
006 (15151337.003.000) 10/02 16:37:14 Image size of job updated: 1085000
	484  -  MemoryUsage of job (MB)
	495276  -  ResidentSetSize of job (KB)
...
006 (15151337.003.000) 10/02 16:42:15 Image size of job updated: 3705612
	484  -  MemoryUsage of job (MB)
	495276  -  ResidentSetSize of job (KB)
...
006 (15151337.003.000) 10/02 16:47:15 Image size of job updated: 3917336
	484  -  MemoryUsage of job (MB)
	495276  -  ResidentSetSize of job (KB)
...
006 (15151337.003.000) 10/02 16:52:15 Image size of job updated: 3963848
	518  -  MemoryUsage of job (MB)
	529496  -  ResidentSetSize of job (KB)
...
006 (15151337.003.000) 10/02 16:57:16 Image size of job updated: 3981472
	534  -  MemoryUsage of job (MB)
	546156  -  ResidentSetSize of job (KB)
...
006 (15151337.003.000) 10/02 16:58:19 Image size of job updated: 3987596
	534  -  MemoryUsage of job (MB)
	546156  -  ResidentSetSize of job (KB)
...
040 (15151337.003.000) 10/02 16:58:19 Started transferring output files
...
040 (15151337.003.000) 10/02 16:58:19 Finished transferring output files
...
005 (15151337.003.000) 10/02 16:58:19 Job terminated.
	(1) Normal termination (return value 0)
		Usr 0 00:12:24, Sys 0 00:00:18  -  Run Remote Usage
		Usr 0 00:00:00, Sys 0 00:00:00  -  Run Local Usage
		Usr 0 00:12:24, Sys 0 00:00:18  -  Total Remote Usage
		Usr 0 00:00:00, Sys 0 00:00:00  -  Total Local Usage
	79520  -  Run Bytes Sent By Job
	323  -  Run Bytes Received By Job
	79520  -  Total Bytes Sent By Job
	323  -  Total Bytes Received By Job
	Partitionable Resources :    Usage  Request Allocated 
	   Cpus                 :     0.11        1         1 
	   Disk (KB)            :    99           1   2964788 
	   Memory (MB)          :   534        2000      2000 

	Job terminated of its own accord at 2023-10-02T14:58:19Z.
...
