000 (15150662.000.000) 09/28 15:49:40 Job submitted from host: <188.184.90.241:9618?addrs=188.184.90.241-9618+[2001-1458-201-e4--100-2eb]-9618&alias=bigbird15.cern.ch&noUDP&sock=schedd_2763_c443>
...
040 (15150662.000.000) 09/28 16:00:48 Started transferring input files
	Transferring to host: <128.142.58.37:9618?addrs=128.142.58.37-9618+[2001-1458-301-16--100-24]-9618&alias=b7s03p3926.cern.ch&noUDP&sock=slot1_31_4724_3c39_191550>
...
040 (15150662.000.000) 09/28 16:00:48 Finished transferring input files
...
001 (15150662.000.000) 09/28 16:00:49 Job executing on host: <128.142.58.37:9618?addrs=128.142.58.37-9618+[2001-1458-301-16--100-24]-9618&alias=b7s03p3926.cern.ch&noUDP&sock=startd_3184_89a2>
...
006 (15150662.000.000) 09/28 16:00:57 Image size of job updated: 912448
	122  -  MemoryUsage of job (MB)
	124560  -  ResidentSetSize of job (KB)
...
006 (15150662.000.000) 09/28 16:03:50 Image size of job updated: 926880
	122  -  MemoryUsage of job (MB)
	124560  -  ResidentSetSize of job (KB)
...
040 (15150662.000.000) 09/28 16:03:50 Started transferring output files
...
040 (15150662.000.000) 09/28 16:03:50 Finished transferring output files
...
005 (15150662.000.000) 09/28 16:03:50 Job terminated.
	(1) Normal termination (return value 0)
		Usr 0 00:00:12, Sys 0 00:00:00  -  Run Remote Usage
		Usr 0 00:00:00, Sys 0 00:00:00  -  Run Local Usage
		Usr 0 00:00:12, Sys 0 00:00:00  -  Total Remote Usage
		Usr 0 00:00:00, Sys 0 00:00:00  -  Total Local Usage
	8140  -  Run Bytes Sent By Job
	374  -  Run Bytes Received By Job
	8140  -  Total Bytes Sent By Job
	374  -  Total Bytes Received By Job
	Partitionable Resources :    Usage  Request Allocated 
	   Cpus                 :                 1         1 
	   Disk (KB)            :       22        1   1117833 
	   Memory (MB)          :      122     2000      2000 

	Job terminated of its own accord at 2023-09-28T14:03:50Z.
...
