000 (14861550.004.000) 06/22 22:11:47 Job submitted from host: <188.184.90.241:9618?addrs=188.184.90.241-9618+[2001-1458-201-e4--100-2eb]-9618&alias=bigbird15.cern.ch&noUDP&sock=schedd_1460210_2ef4>
...
040 (14861550.004.000) 06/22 22:23:54 Started transferring input files
	Transferring to host: <128.142.192.145:9618?addrs=128.142.192.145-9618+[2001-1458-301-56--100-d]-9618&alias=b7g18p6819.cern.ch&noUDP&sock=slot1_22_7608_462e_34905>
...
040 (14861550.004.000) 06/22 22:23:54 Finished transferring input files
...
001 (14861550.004.000) 06/22 22:23:55 Job executing on host: <128.142.192.145:9618?addrs=128.142.192.145-9618+[2001-1458-301-56--100-d]-9618&alias=b7g18p6819.cern.ch&noUDP&sock=startd_7570_f805>
...
006 (14861550.004.000) 06/22 22:24:04 Image size of job updated: 553964
	47  -  MemoryUsage of job (MB)
	47680  -  ResidentSetSize of job (KB)
...
006 (14861550.004.000) 06/22 22:29:05 Image size of job updated: 1661564
	1072  -  MemoryUsage of job (MB)
	1097196  -  ResidentSetSize of job (KB)
...
006 (14861550.004.000) 06/22 22:34:06 Image size of job updated: 2162864
	1464  -  MemoryUsage of job (MB)
	1498636  -  ResidentSetSize of job (KB)
...
006 (14861550.004.000) 06/22 22:44:07 Image size of job updated: 4350888
	1464  -  MemoryUsage of job (MB)
	1498636  -  ResidentSetSize of job (KB)
...
006 (14861550.004.000) 06/22 22:48:37 Image size of job updated: 4441756
	1464  -  MemoryUsage of job (MB)
	1498636  -  ResidentSetSize of job (KB)
...
040 (14861550.004.000) 06/22 22:48:37 Started transferring output files
...
040 (14861550.004.000) 06/22 22:48:37 Finished transferring output files
...
005 (14861550.004.000) 06/22 22:48:37 Job terminated.
	(1) Normal termination (return value 0)
		Usr 0 00:14:39, Sys 0 00:01:04  -  Run Remote Usage
		Usr 0 00:00:00, Sys 0 00:00:00  -  Run Local Usage
		Usr 0 00:14:39, Sys 0 00:01:04  -  Total Remote Usage
		Usr 0 00:00:00, Sys 0 00:00:00  -  Total Local Usage
	127372  -  Run Bytes Sent By Job
	323  -  Run Bytes Received By Job
	127372  -  Total Bytes Sent By Job
	323  -  Total Bytes Received By Job
	Partitionable Resources :    Usage  Request Allocated 
	   Cpus                 :     0.96        1         1 
	   Disk (KB)            :   146           1   3014919 
	   Memory (MB)          :  1464        2000      2000 

	Job terminated of its own accord at 2023-06-22T20:48:37Z.
...
