040 (14780183.001.000) 04/12 12:03:02 Started transferring input files
	Transferring to host: <188.184.160.77:9618?addrs=188.184.160.77-9618+[2001-1458-301-48--100-47]-9618&alias=b7s09p8543.cern.ch&noUDP&sock=slot1_27_122912_5f7f_27503>
...
040 (14780183.001.000) 04/12 12:03:02 Finished transferring input files
...
001 (14780183.001.000) 04/12 12:03:03 Job executing on host: <188.184.160.77:9618?addrs=188.184.160.77-9618+[2001-1458-301-48--100-47]-9618&alias=b7s09p8543.cern.ch&noUDP&sock=startd_28396_df62>
...
006 (14780183.001.000) 04/12 12:03:11 Image size of job updated: 547328
	202  -  MemoryUsage of job (MB)
	205828  -  ResidentSetSize of job (KB)
...
006 (14780183.001.000) 04/12 12:06:05 Image size of job updated: 1203784
	202  -  MemoryUsage of job (MB)
	205828  -  ResidentSetSize of job (KB)
...
040 (14780183.001.000) 04/12 12:06:05 Started transferring output files
...
040 (14780183.001.000) 04/12 12:06:05 Finished transferring output files
...
005 (14780183.001.000) 04/12 12:06:05 Job terminated.
	(1) Normal termination (return value 0)
		Usr 0 00:00:41, Sys 0 00:00:02  -  Run Remote Usage
		Usr 0 00:00:00, Sys 0 00:00:00  -  Run Local Usage
		Usr 0 00:00:41, Sys 0 00:00:02  -  Total Remote Usage
		Usr 0 00:00:00, Sys 0 00:00:00  -  Total Local Usage
	39038  -  Run Bytes Sent By Job
	323  -  Run Bytes Received By Job
	39038  -  Total Bytes Sent By Job
	323  -  Total Bytes Received By Job
	Partitionable Resources :    Usage  Request Allocated 
	   Cpus                 :     0.07        1         1 
	   Disk (KB)            :    59           1   2966967 
	   Memory (MB)          :   202        2000      2000 

	Job terminated of its own accord at 2023-04-12T10:06:05Z.
...
