000 (15153696.025.000) 10/03 22:27:19 Job submitted from host: <188.184.90.241:9618?addrs=188.184.90.241-9618+[2001-1458-201-e4--100-2eb]-9618&alias=bigbird15.cern.ch&noUDP&sock=schedd_2763_c443>
...
040 (15153696.025.000) 10/03 22:30:22 Started transferring input files
	Transferring to host: <128.142.56.84:9618?addrs=128.142.56.84-9618+[2001-1458-301-6--100-53]-9618&alias=b7s01p5563.cern.ch&noUDP&sock=slot1_2_4522_e871_207808>
...
040 (15153696.025.000) 10/03 22:30:22 Finished transferring input files
...
001 (15153696.025.000) 10/03 22:30:23 Job executing on host: <128.142.56.84:9618?addrs=128.142.56.84-9618+[2001-1458-301-6--100-53]-9618&alias=b7s01p5563.cern.ch&noUDP&sock=startd_3339_dad0>
...
006 (15153696.025.000) 10/03 22:30:32 Image size of job updated: 911292
	122  -  MemoryUsage of job (MB)
	124624  -  ResidentSetSize of job (KB)
...
006 (15153696.025.000) 10/03 22:35:23 Image size of job updated: 926648
	122  -  MemoryUsage of job (MB)
	124624  -  ResidentSetSize of job (KB)
...
040 (15153696.025.000) 10/03 22:35:23 Started transferring output files
...
040 (15153696.025.000) 10/03 22:35:23 Finished transferring output files
...
005 (15153696.025.000) 10/03 22:35:23 Job terminated.
	(1) Normal termination (return value 0)
		Usr 0 00:00:14, Sys 0 00:00:00  -  Run Remote Usage
		Usr 0 00:00:00, Sys 0 00:00:00  -  Run Local Usage
		Usr 0 00:00:14, Sys 0 00:00:00  -  Total Remote Usage
		Usr 0 00:00:00, Sys 0 00:00:00  -  Total Local Usage
	8005  -  Run Bytes Sent By Job
	374  -  Run Bytes Received By Job
	8005  -  Total Bytes Sent By Job
	374  -  Total Bytes Received By Job
	Partitionable Resources :    Usage  Request Allocated 
	   Cpus                 :     0.04        1         1 
	   Disk (KB)            :    29           1   2943223 
	   Memory (MB)          :   122        2000      2000 

	Job terminated of its own accord at 2023-10-03T20:35:23Z.
...
