000 (15155263.045.000) 10/07 15:36:06 Job submitted from host: <188.184.90.241:9618?addrs=188.184.90.241-9618+[2001-1458-201-e4--100-2eb]-9618&alias=bigbird15.cern.ch&noUDP&sock=schedd_2763_c443>
...
040 (15155263.045.000) 10/07 15:38:55 Started transferring input files
	Transferring to host: <128.142.61.52:9618?addrs=128.142.61.52-9618+[2001-1458-301-23--100-33]-9618&alias=b7s06p8124.cern.ch&noUDP&sock=slot1_25_4563_cbd3_316911>
...
040 (15155263.045.000) 10/07 15:38:55 Finished transferring input files
...
001 (15155263.045.000) 10/07 15:38:56 Job executing on host: <128.142.61.52:9618?addrs=128.142.61.52-9618+[2001-1458-301-23--100-33]-9618&alias=b7s06p8124.cern.ch&noUDP&sock=startd_3097_dce5>
...
006 (15155263.045.000) 10/07 15:39:05 Image size of job updated: 623124
	52  -  MemoryUsage of job (MB)
	52620  -  ResidentSetSize of job (KB)
...
006 (15155263.045.000) 10/07 15:44:06 Image size of job updated: 1009168
	60  -  MemoryUsage of job (MB)
	60980  -  ResidentSetSize of job (KB)
...
006 (15155263.045.000) 10/07 15:49:06 Image size of job updated: 3561280
	155  -  MemoryUsage of job (MB)
	158708  -  ResidentSetSize of job (KB)
...
006 (15155263.045.000) 10/07 15:54:06 Image size of job updated: 3802636
	390  -  MemoryUsage of job (MB)
	398932  -  ResidentSetSize of job (KB)
...
006 (15155263.045.000) 10/07 15:59:07 Image size of job updated: 3836964
	432  -  MemoryUsage of job (MB)
	441672  -  ResidentSetSize of job (KB)
...
006 (15155263.045.000) 10/07 16:02:23 Image size of job updated: 3880508
	432  -  MemoryUsage of job (MB)
	441672  -  ResidentSetSize of job (KB)
...
040 (15155263.045.000) 10/07 16:02:23 Started transferring output files
...
040 (15155263.045.000) 10/07 16:02:23 Finished transferring output files
...
005 (15155263.045.000) 10/07 16:02:23 Job terminated.
	(1) Normal termination (return value 0)
		Usr 0 00:04:41, Sys 0 00:00:09  -  Run Remote Usage
		Usr 0 00:00:00, Sys 0 00:00:00  -  Run Local Usage
		Usr 0 00:04:41, Sys 0 00:00:09  -  Total Remote Usage
		Usr 0 00:00:00, Sys 0 00:00:00  -  Total Local Usage
	68721  -  Run Bytes Sent By Job
	323  -  Run Bytes Received By Job
	68721  -  Total Bytes Sent By Job
	323  -  Total Bytes Received By Job
	Partitionable Resources :    Usage  Request Allocated 
	   Cpus                 :     0.00        1         1 
	   Disk (KB)            :    88           1   1180641 
	   Memory (MB)          :   432        2000      2000 

	Job terminated of its own accord at 2023-10-07T14:02:23Z.
...
