000 (15271413.183.000) 12/18 14:02:23 Job submitted from host: <188.184.90.241:9618?addrs=188.184.90.241-9618+[2001-1458-201-e4--100-2eb]-9618&alias=bigbird15.cern.ch&noUDP&sock=schedd_2763_c443>
...
040 (15271413.183.000) 12/18 14:06:51 Started transferring input files
	Transferring to host: <188.184.163.85:9618?addrs=188.184.163.85-9618+[2001-1458-301-4d--100-4f]-9618&alias=b9s12p1201.cern.ch&noUDP&sock=slot1_10_124804_754c_30586>
...
040 (15271413.183.000) 12/18 14:06:51 Finished transferring input files
...
001 (15271413.183.000) 12/18 14:06:52 Job executing on host: <188.184.163.85:9618?addrs=188.184.163.85-9618+[2001-1458-301-4d--100-4f]-9618&alias=b9s12p1201.cern.ch&noUDP&sock=startd_113156_2ebc>
...
006 (15271413.183.000) 12/18 14:07:00 Image size of job updated: 458848
	449  -  MemoryUsage of job (MB)
	458848  -  ResidentSetSize of job (KB)
...
006 (15271413.183.000) 12/18 14:12:00 Image size of job updated: 793912
	776  -  MemoryUsage of job (MB)
	793912  -  ResidentSetSize of job (KB)
...
006 (15271413.183.000) 12/18 14:17:00 Image size of job updated: 982396
	960  -  MemoryUsage of job (MB)
	982396  -  ResidentSetSize of job (KB)
...
040 (15271413.183.000) 12/18 14:20:30 Started transferring output files
...
040 (15271413.183.000) 12/18 14:20:30 Finished transferring output files
...
005 (15271413.183.000) 12/18 14:20:30 Job terminated.
	(1) Normal termination (return value 0)
		Usr 0 00:11:37, Sys 0 00:00:09  -  Run Remote Usage
		Usr 0 00:00:00, Sys 0 00:00:00  -  Run Local Usage
		Usr 0 00:11:37, Sys 0 00:00:09  -  Total Remote Usage
		Usr 0 00:00:00, Sys 0 00:00:00  -  Total Local Usage
	163036  -  Run Bytes Sent By Job
	269  -  Run Bytes Received By Job
	163036  -  Total Bytes Sent By Job
	269  -  Total Bytes Received By Job
	Partitionable Resources :    Usage  Request Allocated 
	   Cpus                 :     0.95        1         1 
	   Disk (KB)            :   203           1   2999560 
	   Memory (MB)          :   960        2000      2000 

	Job terminated of its own accord at 2023-12-18T13:20:30Z.
...
