000 (15150654.051.000) 09/28 14:27:13 Job submitted from host: <188.184.90.241:9618?addrs=188.184.90.241-9618+[2001-1458-201-e4--100-2eb]-9618&alias=bigbird15.cern.ch&noUDP&sock=schedd_2763_c443>
...
040 (15150654.051.000) 09/28 14:46:11 Started transferring input files
	Transferring to host: <188.184.162.205:9618?addrs=188.184.162.205-9618+[2001-1458-301-4a--100-c7]-9618&alias=b7s11p3823.cern.ch&noUDP&sock=slot1_7_4883_43e0_214264>
...
040 (15150654.051.000) 09/28 14:46:11 Finished transferring input files
...
001 (15150654.051.000) 09/28 14:46:12 Job executing on host: <188.184.162.205:9618?addrs=188.184.162.205-9618+[2001-1458-301-4a--100-c7]-9618&alias=b7s11p3823.cern.ch&noUDP&sock=startd_3374_dca1>
...
006 (15150654.051.000) 09/28 14:46:20 Image size of job updated: 802500
	121  -  MemoryUsage of job (MB)
	123520  -  ResidentSetSize of job (KB)
...
006 (15150654.051.000) 09/28 14:47:22 Image size of job updated: 918448
	121  -  MemoryUsage of job (MB)
	123520  -  ResidentSetSize of job (KB)
...
040 (15150654.051.000) 09/28 14:47:22 Started transferring output files
...
040 (15150654.051.000) 09/28 14:47:22 Finished transferring output files
...
005 (15150654.051.000) 09/28 14:47:22 Job terminated.
	(1) Normal termination (return value 0)
		Usr 0 00:00:08, Sys 0 00:00:00  -  Run Remote Usage
		Usr 0 00:00:00, Sys 0 00:00:00  -  Run Local Usage
		Usr 0 00:00:08, Sys 0 00:00:00  -  Total Remote Usage
		Usr 0 00:00:00, Sys 0 00:00:00  -  Total Local Usage
	6873  -  Run Bytes Sent By Job
	374  -  Run Bytes Received By Job
	6873  -  Total Bytes Sent By Job
	374  -  Total Bytes Received By Job
	Partitionable Resources :    Usage  Request Allocated 
	   Cpus                 :                 1         1 
	   Disk (KB)            :       21        1   3049806 
	   Memory (MB)          :      121     2000      2000 

	Job terminated of its own accord at 2023-09-28T12:47:22Z.
...
