000 (15155243.021.000) 10/07 13:26:29 Job submitted from host: <188.184.90.241:9618?addrs=188.184.90.241-9618+[2001-1458-201-e4--100-2eb]-9618&alias=bigbird15.cern.ch&noUDP&sock=schedd_2763_c443>
...
040 (15155243.021.000) 10/07 13:31:53 Started transferring input files
	Transferring to host: <128.142.130.49:9618?addrs=128.142.130.49-9618+[2001-1458-301-58--100-25]-9618&alias=b7g20p8575.cern.ch&noUDP&sock=slot1_15_24373_bbb8_19616>
...
040 (15155243.021.000) 10/07 13:31:53 Finished transferring input files
...
001 (15155243.021.000) 10/07 13:31:54 Job executing on host: <128.142.130.49:9618?addrs=128.142.130.49-9618+[2001-1458-301-58--100-25]-9618&alias=b7g20p8575.cern.ch&noUDP&sock=startd_6263_79bd>
...
006 (15155243.021.000) 10/07 13:32:03 Image size of job updated: 73656
	72  -  MemoryUsage of job (MB)
	73336  -  ResidentSetSize of job (KB)
...
006 (15155243.021.000) 10/07 13:37:04 Image size of job updated: 899892
	380  -  MemoryUsage of job (MB)
	388800  -  ResidentSetSize of job (KB)
...
006 (15155243.021.000) 10/07 13:42:05 Image size of job updated: 1309112
	658  -  MemoryUsage of job (MB)
	673544  -  ResidentSetSize of job (KB)
...
006 (15155243.021.000) 10/07 13:47:05 Image size of job updated: 1406276
	850  -  MemoryUsage of job (MB)
	870304  -  ResidentSetSize of job (KB)
...
006 (15155243.021.000) 10/07 13:57:07 Image size of job updated: 4171184
	850  -  MemoryUsage of job (MB)
	870304  -  ResidentSetSize of job (KB)
...
006 (15155243.021.000) 10/07 14:02:07 Image size of job updated: 4418556
	850  -  MemoryUsage of job (MB)
	870304  -  ResidentSetSize of job (KB)
...
006 (15155243.021.000) 10/07 14:07:08 Image size of job updated: 4485972
	850  -  MemoryUsage of job (MB)
	870304  -  ResidentSetSize of job (KB)
...
006 (15155243.021.000) 10/07 14:09:53 Image size of job updated: 4498544
	850  -  MemoryUsage of job (MB)
	870304  -  ResidentSetSize of job (KB)
...
040 (15155243.021.000) 10/07 14:09:53 Started transferring output files
...
040 (15155243.021.000) 10/07 14:09:53 Finished transferring output files
...
005 (15155243.021.000) 10/07 14:09:53 Job terminated.
	(1) Normal termination (return value 0)
		Usr 0 00:23:04, Sys 0 00:00:37  -  Run Remote Usage
		Usr 0 00:00:00, Sys 0 00:00:00  -  Run Local Usage
		Usr 0 00:23:04, Sys 0 00:00:37  -  Total Remote Usage
		Usr 0 00:00:00, Sys 0 00:00:00  -  Total Local Usage
	96662  -  Run Bytes Sent By Job
	323  -  Run Bytes Received By Job
	96662  -  Total Bytes Sent By Job
	323  -  Total Bytes Received By Job
	Partitionable Resources :    Usage  Request Allocated 
	   Cpus                 :     0.10        1         1 
	   Disk (KB)            :   116           1   1521071 
	   Memory (MB)          :   850        2000      2000 

	Job terminated of its own accord at 2023-10-07T12:09:53Z.
...
