000 (15271413.075.000) 12/18 14:02:23 Job submitted from host: <188.184.90.241:9618?addrs=188.184.90.241-9618+[2001-1458-201-e4--100-2eb]-9618&alias=bigbird15.cern.ch&noUDP&sock=schedd_2763_c443>
...
040 (15271413.075.000) 12/18 14:06:15 Started transferring input files
	Transferring to host: <128.142.33.223:9618?addrs=128.142.33.223-9618+[2001-1458-301-39--100-1c]-9618&alias=b9g24p1540.cern.ch&noUDP&sock=slot1_8_147816_7e74_88723>
...
040 (15271413.075.000) 12/18 14:06:15 Finished transferring input files
...
001 (15271413.075.000) 12/18 14:06:16 Job executing on host: <128.142.33.223:9618?addrs=128.142.33.223-9618+[2001-1458-301-39--100-1c]-9618&alias=b9g24p1540.cern.ch&noUDP&sock=startd_135510_2ad0>
...
006 (15271413.075.000) 12/18 14:06:25 Image size of job updated: 183952
	180  -  MemoryUsage of job (MB)
	183952  -  ResidentSetSize of job (KB)
...
006 (15271413.075.000) 12/18 14:11:26 Image size of job updated: 502608
	491  -  MemoryUsage of job (MB)
	502608  -  ResidentSetSize of job (KB)
...
006 (15271413.075.000) 12/18 14:16:27 Image size of job updated: 2270116
	2217  -  MemoryUsage of job (MB)
	2270116  -  ResidentSetSize of job (KB)
...
040 (15271413.075.000) 12/18 14:18:58 Started transferring output files
...
040 (15271413.075.000) 12/18 14:18:58 Finished transferring output files
...
005 (15271413.075.000) 12/18 14:18:58 Job terminated.
	(1) Normal termination (return value 0)
		Usr 0 00:08:59, Sys 0 00:00:07  -  Run Remote Usage
		Usr 0 00:00:00, Sys 0 00:00:00  -  Run Local Usage
		Usr 0 00:08:59, Sys 0 00:00:07  -  Total Remote Usage
		Usr 0 00:00:00, Sys 0 00:00:00  -  Total Local Usage
	189005  -  Run Bytes Sent By Job
	269  -  Run Bytes Received By Job
	189005  -  Total Bytes Sent By Job
	269  -  Total Bytes Received By Job
	Partitionable Resources :    Usage  Request Allocated 
	   Cpus                 :     0.93        1         1 
	   Disk (KB)            :   228           1   2874041 
	   Memory (MB)          :  2217        2000      2000 

	Job terminated of its own accord at 2023-12-18T13:18:58Z.
...
