000 (14807383.006.000) 05/15 18:20:36 Job submitted from host: <188.184.90.241:9618?addrs=188.184.90.241-9618+[2001-1458-201-e4--100-2eb]-9618&alias=bigbird15.cern.ch&noUDP&sock=schedd_3273_9590>
...
040 (14807383.006.000) 05/15 18:34:04 Started transferring input files
	Transferring to host: <128.142.131.189:9618?addrs=128.142.131.189-9618+[2001-1458-301-59--100-b1]-9618&alias=b7g11p8459.cern.ch&noUDP&sock=slot1_14_5180_874c_27487>
...
040 (14807383.006.000) 05/15 18:34:04 Finished transferring input files
...
001 (14807383.006.000) 05/15 18:34:05 Job executing on host: <128.142.131.189:9618?addrs=128.142.131.189-9618+[2001-1458-301-59--100-b1]-9618&alias=b7g11p8459.cern.ch&noUDP&sock=startd_4563_6abc>
...
006 (14807383.006.000) 05/15 18:34:13 Image size of job updated: 554680
	48  -  MemoryUsage of job (MB)
	48232  -  ResidentSetSize of job (KB)
...
006 (14807383.006.000) 05/15 18:39:13 Image size of job updated: 1993804
	1510  -  MemoryUsage of job (MB)
	1545356  -  ResidentSetSize of job (KB)
...
006 (14807383.006.000) 05/15 18:44:14 Image size of job updated: 3452908
	2883  -  MemoryUsage of job (MB)
	2951944  -  ResidentSetSize of job (KB)
...
006 (14807383.006.000) 05/15 18:49:14 Image size of job updated: 4746560
	4158  -  MemoryUsage of job (MB)
	4257160  -  ResidentSetSize of job (KB)
...
006 (14807383.006.000) 05/15 18:54:14 Image size of job updated: 6011548
	5404  -  MemoryUsage of job (MB)
	5532848  -  ResidentSetSize of job (KB)
...
006 (14807383.006.000) 05/15 18:59:15 Image size of job updated: 7333860
	6677  -  MemoryUsage of job (MB)
	6836236  -  ResidentSetSize of job (KB)
...
006 (14807383.006.000) 05/15 19:04:16 Image size of job updated: 8447012
	7753  -  MemoryUsage of job (MB)
	7938684  -  ResidentSetSize of job (KB)
...
006 (14807383.006.000) 05/15 19:09:16 Image size of job updated: 8447020
	7753  -  MemoryUsage of job (MB)
	7938684  -  ResidentSetSize of job (KB)
...
006 (14807383.006.000) 05/15 19:24:17 Image size of job updated: 8573132
	7753  -  MemoryUsage of job (MB)
	7938684  -  ResidentSetSize of job (KB)
...
040 (14807383.006.000) 05/15 19:40:06 Started transferring output files
...
040 (14807383.006.000) 05/15 19:40:06 Finished transferring output files
...
005 (14807383.006.000) 05/15 19:40:06 Job terminated.
	(1) Normal termination (return value 0)
		Usr 0 00:42:30, Sys 0 00:10:50  -  Run Remote Usage
		Usr 0 00:00:00, Sys 0 00:00:00  -  Run Local Usage
		Usr 0 00:42:30, Sys 0 00:10:50  -  Total Remote Usage
		Usr 0 00:00:00, Sys 0 00:00:00  -  Total Local Usage
	410813  -  Run Bytes Sent By Job
	323  -  Run Bytes Received By Job
	410813  -  Total Bytes Sent By Job
	323  -  Total Bytes Received By Job
	Partitionable Resources :    Usage  Request Allocated 
	   Cpus                 :     0.41        1         1 
	   Disk (KB)            :   422           1   1631053 
	   Memory (MB)          :  7753        2000      2000 

	Job terminated of its own accord at 2023-05-15T17:40:06Z.
...
