000 (15151321.160.000) 10/02 14:58:31 Job submitted from host: <188.184.90.241:9618?addrs=188.184.90.241-9618+[2001-1458-201-e4--100-2eb]-9618&alias=bigbird15.cern.ch&noUDP&sock=schedd_2763_c443>
...
040 (15151321.160.000) 10/02 15:18:51 Started transferring input files
	Transferring to host: <128.142.61.38:9618?addrs=128.142.61.38-9618+[2001-1458-301-23--100-25]-9618&alias=b7s06p8377.cern.ch&noUDP&sock=slot1_3_37491_8d0e_13395>
...
040 (15151321.160.000) 10/02 15:18:51 Finished transferring input files
...
001 (15151321.160.000) 10/02 15:18:52 Job executing on host: <128.142.61.38:9618?addrs=128.142.61.38-9618+[2001-1458-301-23--100-25]-9618&alias=b7s06p8377.cern.ch&noUDP&sock=startd_37453_38a5>
...
006 (15151321.160.000) 10/02 15:18:53 Image size of job updated: 134912
	0  -  MemoryUsage of job (MB)
	0  -  ResidentSetSize of job (KB)
...
040 (15151321.160.000) 10/02 15:18:53 Started transferring output files
...
040 (15151321.160.000) 10/02 15:18:53 Finished transferring output files
...
005 (15151321.160.000) 10/02 15:18:53 Job terminated.
	(1) Normal termination (return value 0)
		Usr 0 00:00:00, Sys 0 00:00:01  -  Run Remote Usage
		Usr 0 00:00:00, Sys 0 00:00:00  -  Run Local Usage
		Usr 0 00:00:00, Sys 0 00:00:01  -  Total Remote Usage
		Usr 0 00:00:00, Sys 0 00:00:00  -  Total Local Usage
	7836  -  Run Bytes Sent By Job
	374  -  Run Bytes Received By Job
	7836  -  Total Bytes Sent By Job
	374  -  Total Bytes Received By Job
	Partitionable Resources :    Usage  Request Allocated 
	   Cpus                 :                 1         1 
	   Disk (KB)            :       22        1   1363043 
	   Memory (MB)          :        0     2000      2000 

	Job terminated of its own accord at 2023-10-02T13:18:53Z.
...
