000 (15155271.001.000) 10/07 16:55:47 Job submitted from host: <188.184.90.241:9618?addrs=188.184.90.241-9618+[2001-1458-201-e4--100-2eb]-9618&alias=bigbird15.cern.ch&noUDP&sock=schedd_2763_c443>
...
040 (15155271.001.000) 10/07 17:05:55 Started transferring input files
	Transferring to host: <188.184.162.193:9618?addrs=188.184.162.193-9618&alias=b7s11p7899.cern.ch&noUDP&sock=slot1_10_101440_6816_190974>
...
040 (15155271.001.000) 10/07 17:05:55 Finished transferring input files
...
001 (15155271.001.000) 10/07 17:05:56 Job executing on host: <188.184.162.193:9618?addrs=188.184.162.193-9618&alias=b7s11p7899.cern.ch&noUDP&sock=startd_2924_3303>
...
006 (15155271.001.000) 10/07 17:06:05 Image size of job updated: 581372
	59  -  MemoryUsage of job (MB)
	59976  -  ResidentSetSize of job (KB)
...
006 (15155271.001.000) 10/07 17:11:05 Image size of job updated: 1047532
	524  -  MemoryUsage of job (MB)
	535884  -  ResidentSetSize of job (KB)
...
006 (15155271.001.000) 10/07 17:16:06 Image size of job updated: 1195492
	619  -  MemoryUsage of job (MB)
	633136  -  ResidentSetSize of job (KB)
...
006 (15155271.001.000) 10/07 17:21:09 Image size of job updated: 1197096
	619  -  MemoryUsage of job (MB)
	633136  -  ResidentSetSize of job (KB)
...
006 (15155271.001.000) 10/07 17:26:07 Image size of job updated: 3698968
	619  -  MemoryUsage of job (MB)
	633136  -  ResidentSetSize of job (KB)
...
006 (15155271.001.000) 10/07 17:31:07 Image size of job updated: 3948288
	619  -  MemoryUsage of job (MB)
	633136  -  ResidentSetSize of job (KB)
...
006 (15155271.001.000) 10/07 17:36:08 Image size of job updated: 3956852
	619  -  MemoryUsage of job (MB)
	633136  -  ResidentSetSize of job (KB)
...
006 (15155271.001.000) 10/07 17:41:08 Image size of job updated: 4012576
	619  -  MemoryUsage of job (MB)
	633136  -  ResidentSetSize of job (KB)
...
006 (15155271.001.000) 10/07 17:44:35 Image size of job updated: 4027200
	619  -  MemoryUsage of job (MB)
	633136  -  ResidentSetSize of job (KB)
...
040 (15155271.001.000) 10/07 17:44:35 Started transferring output files
...
040 (15155271.001.000) 10/07 17:44:35 Finished transferring output files
...
005 (15155271.001.000) 10/07 17:44:35 Job terminated.
	(1) Normal termination (return value 0)
		Usr 0 00:13:40, Sys 0 00:00:22  -  Run Remote Usage
		Usr 0 00:00:00, Sys 0 00:00:00  -  Run Local Usage
		Usr 0 00:13:40, Sys 0 00:00:22  -  Total Remote Usage
		Usr 0 00:00:00, Sys 0 00:00:00  -  Total Local Usage
	84460  -  Run Bytes Sent By Job
	323  -  Run Bytes Received By Job
	84460  -  Total Bytes Sent By Job
	323  -  Total Bytes Received By Job
	Partitionable Resources :    Usage  Request Allocated 
	   Cpus                 :     1.00        1         1 
	   Disk (KB)            :   103           1   2927605 
	   Memory (MB)          :   619        2000      2000 

	Job terminated of its own accord at 2023-10-07T15:44:35Z.
...
