000 (15149098.060.000) 09/27 08:23:39 Job submitted from host: <188.184.90.241:9618?addrs=188.184.90.241-9618+[2001-1458-201-e4--100-2eb]-9618&alias=bigbird15.cern.ch&noUDP&sock=schedd_2763_c443>
...
040 (15149098.060.000) 09/27 08:40:31 Started transferring input files
	Transferring to host: <128.142.248.55:9618?addrs=128.142.248.55-9618+[2001-1458-301-73--100-127]-9618&alias=b7g23p2997.cern.ch&noUDP&sock=slot1_1_4676_6a37_266043>
...
040 (15149098.060.000) 09/27 08:40:31 Finished transferring input files
...
001 (15149098.060.000) 09/27 08:40:32 Job executing on host: <128.142.248.55:9618?addrs=128.142.248.55-9618+[2001-1458-301-73--100-127]-9618&alias=b7g23p2997.cern.ch&noUDP&sock=startd_3249_1f4a>
...
006 (15149098.060.000) 09/27 08:40:40 Image size of job updated: 574316
	57  -  MemoryUsage of job (MB)
	57460  -  ResidentSetSize of job (KB)
...
006 (15149098.060.000) 09/27 08:45:40 Image size of job updated: 1017928
	174  -  MemoryUsage of job (MB)
	177492  -  ResidentSetSize of job (KB)
...
006 (15149098.060.000) 09/27 08:50:41 Image size of job updated: 3822448
	421  -  MemoryUsage of job (MB)
	430248  -  ResidentSetSize of job (KB)
...
006 (15149098.060.000) 09/27 08:59:20 Image size of job updated: 3894884
	480  -  MemoryUsage of job (MB)
	490996  -  ResidentSetSize of job (KB)
...
006 (15149098.060.000) 09/27 08:59:22 Image size of job updated: 3895904
	480  -  MemoryUsage of job (MB)
	490996  -  ResidentSetSize of job (KB)
...
040 (15149098.060.000) 09/27 08:59:22 Started transferring output files
...
040 (15149098.060.000) 09/27 08:59:22 Finished transferring output files
...
005 (15149098.060.000) 09/27 08:59:22 Job terminated.
	(1) Normal termination (return value 0)
		Usr 0 00:05:19, Sys 0 00:00:14  -  Run Remote Usage
		Usr 0 00:00:00, Sys 0 00:00:00  -  Run Local Usage
		Usr 0 00:05:19, Sys 0 00:00:14  -  Total Remote Usage
		Usr 0 00:00:00, Sys 0 00:00:00  -  Total Local Usage
	69154  -  Run Bytes Sent By Job
	323  -  Run Bytes Received By Job
	69154  -  Total Bytes Sent By Job
	323  -  Total Bytes Received By Job
	Partitionable Resources :    Usage  Request Allocated 
	   Cpus                 :     0.02        1         1 
	   Disk (KB)            :    89           1   3070213 
	   Memory (MB)          :   480        2000      2000 

	Job terminated of its own accord at 2023-09-27T06:59:22Z.
...
