000 (15148189.021.000) 09/26 21:00:55 Job submitted from host: <188.184.90.241:9618?addrs=188.184.90.241-9618+[2001-1458-201-e4--100-2eb]-9618&alias=bigbird15.cern.ch&noUDP&sock=schedd_2763_c443>
...
040 (15148189.021.000) 09/26 21:11:24 Started transferring input files
	Transferring to host: <128.142.58.151:9618?addrs=128.142.58.151-9618+[2001-1458-301-16--100-96]-9618&alias=b7s03p3850.cern.ch&noUDP&sock=slot1_12_5733_2ac2_61431>
...
040 (15148189.021.000) 09/26 21:11:24 Finished transferring input files
...
001 (15148189.021.000) 09/26 21:11:25 Job executing on host: <128.142.58.151:9618?addrs=128.142.58.151-9618+[2001-1458-301-16--100-96]-9618&alias=b7s03p3850.cern.ch&noUDP&sock=startd_5694_3059>
...
006 (15148189.021.000) 09/26 21:11:34 Image size of job updated: 717684
	90  -  MemoryUsage of job (MB)
	92012  -  ResidentSetSize of job (KB)
...
006 (15148189.021.000) 09/26 21:16:35 Image size of job updated: 1109900
	90  -  MemoryUsage of job (MB)
	92012  -  ResidentSetSize of job (KB)
...
006 (15148189.021.000) 09/26 21:21:35 Image size of job updated: 3663888
	225  -  MemoryUsage of job (MB)
	230160  -  ResidentSetSize of job (KB)
...
006 (15148189.021.000) 09/26 21:26:35 Image size of job updated: 3910188
	469  -  MemoryUsage of job (MB)
	479648  -  ResidentSetSize of job (KB)
...
006 (15148189.021.000) 09/26 21:31:36 Image size of job updated: 3929280
	500  -  MemoryUsage of job (MB)
	511324  -  ResidentSetSize of job (KB)
...
006 (15148189.021.000) 09/26 21:35:32 Image size of job updated: 3993264
	500  -  MemoryUsage of job (MB)
	511324  -  ResidentSetSize of job (KB)
...
040 (15148189.021.000) 09/26 21:35:32 Started transferring output files
...
040 (15148189.021.000) 09/26 21:35:32 Finished transferring output files
...
005 (15148189.021.000) 09/26 21:35:33 Job terminated.
	(1) Normal termination (return value 0)
		Usr 0 00:06:53, Sys 0 00:00:11  -  Run Remote Usage
		Usr 0 00:00:00, Sys 0 00:00:00  -  Run Local Usage
		Usr 0 00:06:53, Sys 0 00:00:11  -  Total Remote Usage
		Usr 0 00:00:00, Sys 0 00:00:00  -  Total Local Usage
	79551  -  Run Bytes Sent By Job
	323  -  Run Bytes Received By Job
	79551  -  Total Bytes Sent By Job
	323  -  Total Bytes Received By Job
	Partitionable Resources :    Usage  Request Allocated 
	   Cpus                 :     0.14        1         1 
	   Disk (KB)            :    99           1   1361760 
	   Memory (MB)          :   500        2000      2000 

	Job terminated of its own accord at 2023-09-26T19:35:32Z.
...
