000 (15159766.019.000) 10/09 11:47:56 Job submitted from host: <188.184.90.241:9618?addrs=188.184.90.241-9618+[2001-1458-201-e4--100-2eb]-9618&alias=bigbird15.cern.ch&noUDP&sock=schedd_2763_c443>
...
040 (15159766.019.000) 10/09 14:24:30 Started transferring input files
	Transferring to host: <128.142.57.19:9618?addrs=128.142.57.19-9618&alias=b7s02p6948.cern.ch&noUDP&sock=slot1_13_22054_c9ba_116768>
...
040 (15159766.019.000) 10/09 14:24:30 Finished transferring input files
...
001 (15159766.019.000) 10/09 14:24:31 Job executing on host: <128.142.57.19:9618?addrs=128.142.57.19-9618&alias=b7s02p6948.cern.ch&noUDP&sock=startd_5310_cbfb>
...
006 (15159766.019.000) 10/09 14:24:40 Image size of job updated: 802928
	122  -  MemoryUsage of job (MB)
	124796  -  ResidentSetSize of job (KB)
...
006 (15159766.019.000) 10/09 14:29:41 Image size of job updated: 926620
	134  -  MemoryUsage of job (MB)
	136380  -  ResidentSetSize of job (KB)
...
006 (15159766.019.000) 10/09 14:31:08 Image size of job updated: 927932
	134  -  MemoryUsage of job (MB)
	136380  -  ResidentSetSize of job (KB)
...
040 (15159766.019.000) 10/09 14:31:08 Started transferring output files
...
040 (15159766.019.000) 10/09 14:31:08 Finished transferring output files
...
005 (15159766.019.000) 10/09 14:31:08 Job terminated.
	(1) Normal termination (return value 0)
		Usr 0 00:00:15, Sys 0 00:00:01  -  Run Remote Usage
		Usr 0 00:00:00, Sys 0 00:00:00  -  Run Local Usage
		Usr 0 00:00:15, Sys 0 00:00:01  -  Total Remote Usage
		Usr 0 00:00:00, Sys 0 00:00:00  -  Total Local Usage
	10673  -  Run Bytes Sent By Job
	374  -  Run Bytes Received By Job
	10673  -  Total Bytes Sent By Job
	374  -  Total Bytes Received By Job
	Partitionable Resources :    Usage  Request Allocated 
	   Cpus                 :     0.04        1         1 
	   Disk (KB)            :    31           1   2840548 
	   Memory (MB)          :   134        2000      2000 

	Job terminated of its own accord at 2023-10-09T12:31:08Z.
...
