000 (15148591.058.000) 09/26 23:15:32 Job submitted from host: <188.184.90.241:9618?addrs=188.184.90.241-9618+[2001-1458-201-e4--100-2eb]-9618&alias=bigbird15.cern.ch&noUDP&sock=schedd_2763_c443>
...
040 (15148591.058.000) 09/26 23:30:37 Started transferring input files
	Transferring to host: <188.184.160.175:9618?addrs=188.184.160.175-9618+[2001-1458-301-48--100-a9]-9618&alias=b7s09p9375.cern.ch&noUDP&sock=slot1_17_123805_9284_213883>
...
040 (15148591.058.000) 09/26 23:30:37 Finished transferring input files
...
001 (15148591.058.000) 09/26 23:30:38 Job executing on host: <188.184.160.175:9618?addrs=188.184.160.175-9618+[2001-1458-301-48--100-a9]-9618&alias=b7s09p9375.cern.ch&noUDP&sock=startd_28752_0f19>
...
006 (15148591.058.000) 09/26 23:30:46 Image size of job updated: 565212
	51  -  MemoryUsage of job (MB)
	52200  -  ResidentSetSize of job (KB)
...
006 (15148591.058.000) 09/26 23:35:46 Image size of job updated: 1025476
	465  -  MemoryUsage of job (MB)
	476056  -  ResidentSetSize of job (KB)
...
006 (15148591.058.000) 09/26 23:40:47 Image size of job updated: 1407396
	700  -  MemoryUsage of job (MB)
	716532  -  ResidentSetSize of job (KB)
...
006 (15148591.058.000) 09/26 23:45:47 Image size of job updated: 1500568
	700  -  MemoryUsage of job (MB)
	716532  -  ResidentSetSize of job (KB)
...
006 (15148591.058.000) 09/26 23:55:49 Image size of job updated: 3721872
	700  -  MemoryUsage of job (MB)
	716532  -  ResidentSetSize of job (KB)
...
006 (15148591.058.000) 09/27 00:00:49 Image size of job updated: 3962836
	700  -  MemoryUsage of job (MB)
	716532  -  ResidentSetSize of job (KB)
...
006 (15148591.058.000) 09/27 00:05:49 Image size of job updated: 3996196
	700  -  MemoryUsage of job (MB)
	716532  -  ResidentSetSize of job (KB)
...
006 (15148591.058.000) 09/27 00:10:50 Image size of job updated: 4030852
	724  -  MemoryUsage of job (MB)
	740520  -  ResidentSetSize of job (KB)
...
006 (15148591.058.000) 09/27 00:13:56 Image size of job updated: 4045148
	724  -  MemoryUsage of job (MB)
	740520  -  ResidentSetSize of job (KB)
...
040 (15148591.058.000) 09/27 00:13:56 Started transferring output files
...
040 (15148591.058.000) 09/27 00:13:56 Finished transferring output files
...
005 (15148591.058.000) 09/27 00:13:56 Job terminated.
	(1) Normal termination (return value 0)
		Usr 0 00:22:01, Sys 0 00:00:37  -  Run Remote Usage
		Usr 0 00:00:00, Sys 0 00:00:00  -  Run Local Usage
		Usr 0 00:22:01, Sys 0 00:00:37  -  Total Remote Usage
		Usr 0 00:00:00, Sys 0 00:00:00  -  Total Local Usage
	108371  -  Run Bytes Sent By Job
	323  -  Run Bytes Received By Job
	108371  -  Total Bytes Sent By Job
	323  -  Total Bytes Received By Job
	Partitionable Resources :    Usage  Request Allocated 
	   Cpus                 :     0.10        1         1 
	   Disk (KB)            :   127           1   2985947 
	   Memory (MB)          :   724        2000      2000 

	Job terminated of its own accord at 2023-09-26T22:13:56Z.
...
